running develop
Removing /home/andrea/tesi/ros2_mapf_cbs/project_1/install/my_intermediate/lib/python3.10/site-packages/my-intermediate.egg-link (link to .)
running egg_info
writing ../../build/my_intermediate/my_intermediate.egg-info/PKG-INFO
writing dependency_links to ../../build/my_intermediate/my_intermediate.egg-info/dependency_links.txt
writing entry points to ../../build/my_intermediate/my_intermediate.egg-info/entry_points.txt
writing requirements to ../../build/my_intermediate/my_intermediate.egg-info/requires.txt
writing top-level names to ../../build/my_intermediate/my_intermediate.egg-info/top_level.txt
reading manifest file '../../build/my_intermediate/my_intermediate.egg-info/SOURCES.txt'
writing manifest file '../../build/my_intermediate/my_intermediate.egg-info/SOURCES.txt'
running build
running build_py
running install
running install_lib
creating /home/andrea/tesi/ros2_mapf_cbs/project_1/install/my_intermediate/lib/python3.10/site-packages/my_intermediate
copying /home/andrea/tesi/ros2_mapf_cbs/project_1/build/my_intermediate/build/lib/my_intermediate/plan_asker.py -> /home/andrea/tesi/ros2_mapf_cbs/project_1/install/my_intermediate/lib/python3.10/site-packages/my_intermediate
copying /home/andrea/tesi/ros2_mapf_cbs/project_1/build/my_intermediate/build/lib/my_intermediate/__init__.py -> /home/andrea/tesi/ros2_mapf_cbs/project_1/install/my_intermediate/lib/python3.10/site-packages/my_intermediate
copying /home/andrea/tesi/ros2_mapf_cbs/project_1/build/my_intermediate/build/lib/my_intermediate/entity_creator.py -> /home/andrea/tesi/ros2_mapf_cbs/project_1/install/my_intermediate/lib/python3.10/site-packages/my_intermediate
byte-compiling /home/andrea/tesi/ros2_mapf_cbs/project_1/install/my_intermediate/lib/python3.10/site-packages/my_intermediate/plan_asker.py to plan_asker.cpython-310.pyc
byte-compiling /home/andrea/tesi/ros2_mapf_cbs/project_1/install/my_intermediate/lib/python3.10/site-packages/my_intermediate/__init__.py to __init__.cpython-310.pyc
byte-compiling /home/andrea/tesi/ros2_mapf_cbs/project_1/install/my_intermediate/lib/python3.10/site-packages/my_intermediate/entity_creator.py to entity_creator.cpython-310.pyc
running install_data
running install_egg_info
Copying ../../build/my_intermediate/my_intermediate.egg-info to /home/andrea/tesi/ros2_mapf_cbs/project_1/install/my_intermediate/lib/python3.10/site-packages/my_intermediate-0.0.0-py3.10.egg-info
running install_scripts
Installing entity_creator script to /home/andrea/tesi/ros2_mapf_cbs/project_1/install/my_intermediate/lib/my_intermediate
Installing plan_asker script to /home/andrea/tesi/ros2_mapf_cbs/project_1/install/my_intermediate/lib/my_intermediate
writing list of installed files to '/home/andrea/tesi/ros2_mapf_cbs/project_1/build/my_intermediate/install.log'
