[0.357s] Invoking command in '/home/andrea/tesi/ros2_mapf_cbs/project_1/build/turtlebot3_multi_robot': CMAKE_PREFIX_PATH=${CMAKE_PREFIX_PATH}:/home/andrea/tesi/ros2_mapf_cbs/project_1/install/my_package:/home/andrea/tesi/ros2_mapf_cbs/project_1/install/my_intermediate:/home/andrea/tesi/ros2_mapf_cbs/simple_example/install/my_py_pkg:/opt/ros/humble /usr/bin/cmake /home/andrea/tesi/ros2_mapf_cbs/project_1/src/turtlebot3_multi_robot -DAMENT_CMAKE_SYMLINK_INSTALL=1 -DCMAKE_INSTALL_PREFIX=/home/andrea/tesi/ros2_mapf_cbs/project_1/install/turtlebot3_multi_robot
[0.419s] -- The C compiler identification is GNU 11.4.0
[0.485s] -- The CXX compiler identification is GNU 11.4.0
[0.493s] -- Detecting C compiler ABI info
[0.578s] -- Detecting C compiler ABI info - done
[0.589s] -- Check for working C compiler: /usr/bin/cc - skipped
[0.589s] -- Detecting C compile features
[0.590s] -- Detecting C compile features - done
[0.594s] -- Detecting CXX compiler ABI info
[0.715s] -- Detecting CXX compiler ABI info - done
[0.722s] -- Check for working CXX compiler: /usr/bin/c++ - skipped
[0.723s] -- Detecting CXX compile features
[0.723s] -- Detecting CXX compile features - done
[0.727s] -- Found ament_cmake: 1.3.5 (/opt/ros/humble/share/ament_cmake/cmake)
[0.927s] -- Found Python3: /usr/bin/python3.10 (found version "3.10.12") found components: Interpreter 
[1.001s] -- Override CMake install command with custom implementation using symlinks instead of copying resources
[1.095s] -- Configuring done
[1.097s] -- Generating done
[1.098s] -- Build files have been written to: /home/andrea/tesi/ros2_mapf_cbs/project_1/build/turtlebot3_multi_robot
[1.103s] Invoked command in '/home/andrea/tesi/ros2_mapf_cbs/project_1/build/turtlebot3_multi_robot' returned '0': CMAKE_PREFIX_PATH=${CMAKE_PREFIX_PATH}:/home/andrea/tesi/ros2_mapf_cbs/project_1/install/my_package:/home/andrea/tesi/ros2_mapf_cbs/project_1/install/my_intermediate:/home/andrea/tesi/ros2_mapf_cbs/simple_example/install/my_py_pkg:/opt/ros/humble /usr/bin/cmake /home/andrea/tesi/ros2_mapf_cbs/project_1/src/turtlebot3_multi_robot -DAMENT_CMAKE_SYMLINK_INSTALL=1 -DCMAKE_INSTALL_PREFIX=/home/andrea/tesi/ros2_mapf_cbs/project_1/install/turtlebot3_multi_robot
[1.105s] Invoking command in '/home/andrea/tesi/ros2_mapf_cbs/project_1/build/turtlebot3_multi_robot': CMAKE_PREFIX_PATH=${CMAKE_PREFIX_PATH}:/home/andrea/tesi/ros2_mapf_cbs/project_1/install/my_package:/home/andrea/tesi/ros2_mapf_cbs/project_1/install/my_intermediate:/home/andrea/tesi/ros2_mapf_cbs/simple_example/install/my_py_pkg:/opt/ros/humble /usr/bin/cmake --build /home/andrea/tesi/ros2_mapf_cbs/project_1/build/turtlebot3_multi_robot -- -j8 -l8
[1.149s] Invoked command in '/home/andrea/tesi/ros2_mapf_cbs/project_1/build/turtlebot3_multi_robot' returned '0': CMAKE_PREFIX_PATH=${CMAKE_PREFIX_PATH}:/home/andrea/tesi/ros2_mapf_cbs/project_1/install/my_package:/home/andrea/tesi/ros2_mapf_cbs/project_1/install/my_intermediate:/home/andrea/tesi/ros2_mapf_cbs/simple_example/install/my_py_pkg:/opt/ros/humble /usr/bin/cmake --build /home/andrea/tesi/ros2_mapf_cbs/project_1/build/turtlebot3_multi_robot -- -j8 -l8
[1.178s] Invoking command in '/home/andrea/tesi/ros2_mapf_cbs/project_1/build/turtlebot3_multi_robot': CMAKE_PREFIX_PATH=${CMAKE_PREFIX_PATH}:/home/andrea/tesi/ros2_mapf_cbs/project_1/install/my_package:/home/andrea/tesi/ros2_mapf_cbs/project_1/install/my_intermediate:/home/andrea/tesi/ros2_mapf_cbs/simple_example/install/my_py_pkg:/opt/ros/humble /usr/bin/cmake --install /home/andrea/tesi/ros2_mapf_cbs/project_1/build/turtlebot3_multi_robot
[1.186s] -- Install configuration: ""
[1.188s] -- Execute custom install script
[1.188s] -- Symlinking: /home/andrea/tesi/ros2_mapf_cbs/project_1/install/turtlebot3_multi_robot/share/turtlebot3_multi_robot//launch/gazebo_2_robots_world.launch.py
[1.199s] -- Symlinking: /home/andrea/tesi/ros2_mapf_cbs/project_1/install/turtlebot3_multi_robot/share/turtlebot3_multi_robot//launch/gazebo_multi_nav2_world.launch.py
[1.209s] -- Symlinking: /home/andrea/tesi/ros2_mapf_cbs/project_1/install/turtlebot3_multi_robot/share/turtlebot3_multi_robot//launch/gazebo_multi_world.launch.py
[1.222s] -- Symlinking: /home/andrea/tesi/ros2_mapf_cbs/project_1/install/turtlebot3_multi_robot/share/turtlebot3_multi_robot//launch/nav2_bringup/bringup_launch.py
[1.235s] -- Symlinking: /home/andrea/tesi/ros2_mapf_cbs/project_1/install/turtlebot3_multi_robot/share/turtlebot3_multi_robot//launch/nav2_bringup/localization_launch.py
[1.247s] -- Symlinking: /home/andrea/tesi/ros2_mapf_cbs/project_1/install/turtlebot3_multi_robot/share/turtlebot3_multi_robot//launch/nav2_bringup/navigation_launch.py
[1.257s] -- Symlinking: /home/andrea/tesi/ros2_mapf_cbs/project_1/install/turtlebot3_multi_robot/share/turtlebot3_multi_robot//launch/nav2_bringup/rviz_launch.py
[1.267s] -- Symlinking: /home/andrea/tesi/ros2_mapf_cbs/project_1/install/turtlebot3_multi_robot/share/turtlebot3_multi_robot//launch/nav2_bringup/slam_launch.py
[1.278s] -- Symlinking: /home/andrea/tesi/ros2_mapf_cbs/project_1/install/turtlebot3_multi_robot/share/turtlebot3_multi_robot//models/turtlebot3_burger/meshes/burger_base.dae
[1.289s] -- Symlinking: /home/andrea/tesi/ros2_mapf_cbs/project_1/install/turtlebot3_multi_robot/share/turtlebot3_multi_robot//models/turtlebot3_burger/meshes/lds.dae
[1.300s] -- Symlinking: /home/andrea/tesi/ros2_mapf_cbs/project_1/install/turtlebot3_multi_robot/share/turtlebot3_multi_robot//models/turtlebot3_burger/meshes/tire.dae
[1.312s] -- Symlinking: /home/andrea/tesi/ros2_mapf_cbs/project_1/install/turtlebot3_multi_robot/share/turtlebot3_multi_robot//models/turtlebot3_burger/model-1_4.sdf
[1.324s] -- Symlinking: /home/andrea/tesi/ros2_mapf_cbs/project_1/install/turtlebot3_multi_robot/share/turtlebot3_multi_robot//models/turtlebot3_burger/model.config
[1.336s] -- Symlinking: /home/andrea/tesi/ros2_mapf_cbs/project_1/install/turtlebot3_multi_robot/share/turtlebot3_multi_robot//models/turtlebot3_burger/model.sdf
[1.348s] -- Symlinking: /home/andrea/tesi/ros2_mapf_cbs/project_1/install/turtlebot3_multi_robot/share/turtlebot3_multi_robot//models/turtlebot3_waffle/meshes/lds.dae
[1.360s] -- Symlinking: /home/andrea/tesi/ros2_mapf_cbs/project_1/install/turtlebot3_multi_robot/share/turtlebot3_multi_robot//models/turtlebot3_waffle/meshes/r200.dae
[1.371s] -- Symlinking: /home/andrea/tesi/ros2_mapf_cbs/project_1/install/turtlebot3_multi_robot/share/turtlebot3_multi_robot//models/turtlebot3_waffle/meshes/tire.dae
[1.389s] -- Symlinking: /home/andrea/tesi/ros2_mapf_cbs/project_1/install/turtlebot3_multi_robot/share/turtlebot3_multi_robot//models/turtlebot3_waffle/meshes/waffle_base.dae
[1.394s] -- Symlinking: /home/andrea/tesi/ros2_mapf_cbs/project_1/install/turtlebot3_multi_robot/share/turtlebot3_multi_robot//models/turtlebot3_waffle/model-1_4.sdf
[1.405s] -- Symlinking: /home/andrea/tesi/ros2_mapf_cbs/project_1/install/turtlebot3_multi_robot/share/turtlebot3_multi_robot//models/turtlebot3_waffle/model.config
[1.416s] -- Symlinking: /home/andrea/tesi/ros2_mapf_cbs/project_1/install/turtlebot3_multi_robot/share/turtlebot3_multi_robot//models/turtlebot3_waffle/model.sdf
[1.428s] -- Symlinking: /home/andrea/tesi/ros2_mapf_cbs/project_1/install/turtlebot3_multi_robot/share/turtlebot3_multi_robot//models/turtlebot3_waffle/model_nocamera.sdf
[1.440s] -- Symlinking: /home/andrea/tesi/ros2_mapf_cbs/project_1/install/turtlebot3_multi_robot/share/turtlebot3_multi_robot//rviz/multi_nav2_default_view.rviz
[1.451s] -- Symlinking: /home/andrea/tesi/ros2_mapf_cbs/project_1/install/turtlebot3_multi_robot/share/turtlebot3_multi_robot//rviz/nav2_default_view.rviz
[1.462s] -- Symlinking: /home/andrea/tesi/ros2_mapf_cbs/project_1/install/turtlebot3_multi_robot/share/turtlebot3_multi_robot//urdf/common_properties.urdf
[1.473s] -- Symlinking: /home/andrea/tesi/ros2_mapf_cbs/project_1/install/turtlebot3_multi_robot/share/turtlebot3_multi_robot//urdf/turtlebot3_burger.urdf
[1.483s] -- Symlinking: /home/andrea/tesi/ros2_mapf_cbs/project_1/install/turtlebot3_multi_robot/share/turtlebot3_multi_robot//urdf/turtlebot3_waffle.urdf
[1.494s] -- Symlinking: /home/andrea/tesi/ros2_mapf_cbs/project_1/install/turtlebot3_multi_robot/share/turtlebot3_multi_robot//worlds/multi_empty_world.world
[1.505s] -- Symlinking: /home/andrea/tesi/ros2_mapf_cbs/project_1/install/turtlebot3_multi_robot/share/turtlebot3_multi_robot//worlds/multi_robot_world.world
[1.515s] -- Symlinking: /home/andrea/tesi/ros2_mapf_cbs/project_1/install/turtlebot3_multi_robot/share/turtlebot3_multi_robot//params/nav2_params.yaml
[1.530s] -- Symlinking: /home/andrea/tesi/ros2_mapf_cbs/project_1/install/turtlebot3_multi_robot/share/turtlebot3_multi_robot/environment/multi_robot.dsv
[1.538s] -- Symlinking: /home/andrea/tesi/ros2_mapf_cbs/project_1/install/turtlebot3_multi_robot/share/ament_index/resource_index/package_run_dependencies/turtlebot3_multi_robot
[1.547s] -- Symlinking: /home/andrea/tesi/ros2_mapf_cbs/project_1/install/turtlebot3_multi_robot/share/ament_index/resource_index/parent_prefix_path/turtlebot3_multi_robot
[1.560s] -- Symlinking: /home/andrea/tesi/ros2_mapf_cbs/project_1/install/turtlebot3_multi_robot/share/turtlebot3_multi_robot/environment/ament_prefix_path.sh
[1.569s] -- Symlinking: /home/andrea/tesi/ros2_mapf_cbs/project_1/install/turtlebot3_multi_robot/share/turtlebot3_multi_robot/environment/ament_prefix_path.dsv
[1.576s] -- Symlinking: /home/andrea/tesi/ros2_mapf_cbs/project_1/install/turtlebot3_multi_robot/share/turtlebot3_multi_robot/environment/path.sh
[1.583s] -- Symlinking: /home/andrea/tesi/ros2_mapf_cbs/project_1/install/turtlebot3_multi_robot/share/turtlebot3_multi_robot/environment/path.dsv
[1.593s] -- Symlinking: /home/andrea/tesi/ros2_mapf_cbs/project_1/install/turtlebot3_multi_robot/share/turtlebot3_multi_robot/local_setup.bash
[1.604s] -- Symlinking: /home/andrea/tesi/ros2_mapf_cbs/project_1/install/turtlebot3_multi_robot/share/turtlebot3_multi_robot/local_setup.sh
[1.615s] -- Symlinking: /home/andrea/tesi/ros2_mapf_cbs/project_1/install/turtlebot3_multi_robot/share/turtlebot3_multi_robot/local_setup.zsh
[1.624s] -- Symlinking: /home/andrea/tesi/ros2_mapf_cbs/project_1/install/turtlebot3_multi_robot/share/turtlebot3_multi_robot/local_setup.dsv
[1.635s] -- Symlinking: /home/andrea/tesi/ros2_mapf_cbs/project_1/install/turtlebot3_multi_robot/share/turtlebot3_multi_robot/package.dsv
[1.646s] -- Symlinking: /home/andrea/tesi/ros2_mapf_cbs/project_1/install/turtlebot3_multi_robot/share/ament_index/resource_index/packages/turtlebot3_multi_robot
[1.657s] -- Symlinking: /home/andrea/tesi/ros2_mapf_cbs/project_1/install/turtlebot3_multi_robot/share/turtlebot3_multi_robot/cmake/turtlebot3_multi_robotConfig.cmake
[1.664s] -- Symlinking: /home/andrea/tesi/ros2_mapf_cbs/project_1/install/turtlebot3_multi_robot/share/turtlebot3_multi_robot/cmake/turtlebot3_multi_robotConfig-version.cmake
[1.675s] -- Symlinking: /home/andrea/tesi/ros2_mapf_cbs/project_1/install/turtlebot3_multi_robot/share/turtlebot3_multi_robot/package.xml
[1.684s] Invoked command in '/home/andrea/tesi/ros2_mapf_cbs/project_1/build/turtlebot3_multi_robot' returned '0': CMAKE_PREFIX_PATH=${CMAKE_PREFIX_PATH}:/home/andrea/tesi/ros2_mapf_cbs/project_1/install/my_package:/home/andrea/tesi/ros2_mapf_cbs/project_1/install/my_intermediate:/home/andrea/tesi/ros2_mapf_cbs/simple_example/install/my_py_pkg:/opt/ros/humble /usr/bin/cmake --install /home/andrea/tesi/ros2_mapf_cbs/project_1/build/turtlebot3_multi_robot
