[  1%] Built target my_intermediate_interfaces__cpp
[ 12%] Built target my_intermediate_interfaces__rosidl_generator_c
[ 12%] Built target ament_cmake_python_copy_my_intermediate_interfaces
[ 41%] Built target my_intermediate_interfaces__rosidl_typesupport_fastrtps_cpp
[ 41%] Built target my_intermediate_interfaces__rosidl_typesupport_cpp
[ 47%] Built target my_intermediate_interfaces__rosidl_typesupport_introspection_cpp
[ 58%] Built target my_intermediate_interfaces__rosidl_typesupport_fastrtps_c
[ 70%] Built target my_intermediate_interfaces__rosidl_typesupport_introspection_c
[ 81%] Built target my_intermediate_interfaces__rosidl_typesupport_c
[ 81%] Built target my_intermediate_interfaces
[ 82%] Built target my_intermediate_interfaces__py
[ 93%] Built target my_intermediate_interfaces__rosidl_generator_py
[ 95%] Built target my_intermediate_interfaces__rosidl_typesupport_introspection_c__pyext
[ 97%] Built target my_intermediate_interfaces__rosidl_typesupport_c__pyext
[100%] Built target my_intermediate_interfaces__rosidl_typesupport_fastrtps_c__pyext
running egg_info
writing my_intermediate_interfaces.egg-info/PKG-INFO
writing dependency_links to my_intermediate_interfaces.egg-info/dependency_links.txt
writing top-level names to my_intermediate_interfaces.egg-info/top_level.txt
reading manifest file 'my_intermediate_interfaces.egg-info/SOURCES.txt'
writing manifest file 'my_intermediate_interfaces.egg-info/SOURCES.txt'
[100%] Built target ament_cmake_python_build_my_intermediate_interfaces_egg
