[0.382s] Invoking command in '/home/andrea/tesi/ros2_mapf_cbs/project_1/build/my_intermediate_interfaces': CMAKE_PREFIX_PATH=${CMAKE_PREFIX_PATH}:/home/andrea/tesi/ros2_mapf_cbs/project_1/install/my_package:/home/andrea/tesi/ros2_mapf_cbs/project_1/install/my_intermediate:/home/andrea/tesi/ros2_mapf_cbs/simple_example/install/my_py_pkg:/opt/ros/humble /usr/bin/cmake /home/andrea/tesi/ros2_mapf_cbs/project_1/src/my_intermediate_interfaces -DCMAKE_INSTALL_PREFIX=/home/andrea/tesi/ros2_mapf_cbs/project_1/install/my_intermediate_interfaces
[0.752s] -- The C compiler identification is GNU 11.4.0
[0.752s] -- The CXX compiler identification is GNU 11.4.0
[0.752s] -- Detecting C compiler ABI info
[0.752s] -- Detecting C compiler ABI info - done
[0.753s] -- Check for working C compiler: /usr/bin/cc - skipped
[0.753s] -- Detecting C compile features
[0.753s] -- Detecting C compile features - done
[0.753s] -- Detecting CXX compiler ABI info
[0.753s] -- Detecting CXX compiler ABI info - done
[0.753s] -- Check for working CXX compiler: /usr/bin/c++ - skipped
[0.753s] -- Detecting CXX compile features
[0.753s] -- Detecting CXX compile features - done
[0.753s] -- Found std_srvs: 4.2.3 (/opt/ros/humble/share/std_srvs/cmake)
[0.849s] -- Found Python3: /usr/bin/python3.10 (found version "3.10.12") found components: Interpreter 
[1.031s] -- Found rosidl_generator_c: 3.1.5 (/opt/ros/humble/share/rosidl_generator_c/cmake)
[1.039s] -- Found rosidl_adapter: 3.1.5 (/opt/ros/humble/share/rosidl_adapter/cmake)
[1.050s] -- Found rosidl_generator_cpp: 3.1.5 (/opt/ros/humble/share/rosidl_generator_cpp/cmake)
[1.074s] -- Using all available rosidl_typesupport_c: rosidl_typesupport_fastrtps_c;rosidl_typesupport_introspection_c
[1.095s] -- Using all available rosidl_typesupport_cpp: rosidl_typesupport_fastrtps_cpp;rosidl_typesupport_introspection_cpp
[1.117s] -- Found nav_msgs: 4.2.3 (/opt/ros/humble/share/nav_msgs/cmake)
[1.396s] -- Found rosidl_default_generators: 1.2.0 (/opt/ros/humble/share/rosidl_default_generators/cmake)
[1.947s] -- Found ament_cmake_ros: 0.10.0 (/opt/ros/humble/share/ament_cmake_ros/cmake)
[2.471s] -- Using all available rosidl_typesupport_c: rosidl_typesupport_fastrtps_c;rosidl_typesupport_introspection_c
[2.673s] -- Using all available rosidl_typesupport_cpp: rosidl_typesupport_fastrtps_cpp;rosidl_typesupport_introspection_cpp
[2.697s] -- Found PythonInterp: /usr/bin/python3 (found suitable version "3.10.12", minimum required is "3.6") 
[2.707s] -- Found python_cmake_module: 0.10.0 (/opt/ros/humble/share/python_cmake_module/cmake)
[2.732s] -- Found PythonLibs: /usr/lib/x86_64-linux-gnu/libpython3.10.so (found suitable version "3.10.12", minimum required is "3.5") 
[2.732s] -- Using PYTHON_EXECUTABLE: /usr/bin/python3
[2.733s] -- Using PYTHON_INCLUDE_DIRS: /usr/include/python3.10
[2.733s] -- Using PYTHON_LIBRARIES: /usr/lib/x86_64-linux-gnu/libpython3.10.so
[2.755s] -- Found PythonExtra: .so  
[2.828s] -- Configuring done
[2.892s] -- Generating done
[2.895s] -- Build files have been written to: /home/andrea/tesi/ros2_mapf_cbs/project_1/build/my_intermediate_interfaces
[2.907s] Invoked command in '/home/andrea/tesi/ros2_mapf_cbs/project_1/build/my_intermediate_interfaces' returned '0': CMAKE_PREFIX_PATH=${CMAKE_PREFIX_PATH}:/home/andrea/tesi/ros2_mapf_cbs/project_1/install/my_package:/home/andrea/tesi/ros2_mapf_cbs/project_1/install/my_intermediate:/home/andrea/tesi/ros2_mapf_cbs/simple_example/install/my_py_pkg:/opt/ros/humble /usr/bin/cmake /home/andrea/tesi/ros2_mapf_cbs/project_1/src/my_intermediate_interfaces -DCMAKE_INSTALL_PREFIX=/home/andrea/tesi/ros2_mapf_cbs/project_1/install/my_intermediate_interfaces
[2.908s] Invoking command in '/home/andrea/tesi/ros2_mapf_cbs/project_1/build/my_intermediate_interfaces': CMAKE_PREFIX_PATH=${CMAKE_PREFIX_PATH}:/home/andrea/tesi/ros2_mapf_cbs/project_1/install/my_package:/home/andrea/tesi/ros2_mapf_cbs/project_1/install/my_intermediate:/home/andrea/tesi/ros2_mapf_cbs/simple_example/install/my_py_pkg:/opt/ros/humble /usr/bin/cmake --build /home/andrea/tesi/ros2_mapf_cbs/project_1/build/my_intermediate_interfaces -- -j8 -l8
[2.957s] [  1%] [34m[1mGenerating C code for ROS interfaces[0m
[2.966s] [  2%] [34m[1mGenerating C++ code for ROS interfaces[0m
[2.973s] [  2%] Built target ament_cmake_python_copy_my_intermediate_interfaces
[3.301s] running egg_info
[3.301s] creating my_intermediate_interfaces.egg-info
[3.301s] writing my_intermediate_interfaces.egg-info/PKG-INFO
[3.302s] writing dependency_links to my_intermediate_interfaces.egg-info/dependency_links.txt
[3.302s] writing top-level names to my_intermediate_interfaces.egg-info/top_level.txt
[3.302s] writing manifest file 'my_intermediate_interfaces.egg-info/SOURCES.txt'
[3.304s] reading manifest file 'my_intermediate_interfaces.egg-info/SOURCES.txt'
[3.305s] writing manifest file 'my_intermediate_interfaces.egg-info/SOURCES.txt'
[3.338s] [  2%] Built target ament_cmake_python_build_my_intermediate_interfaces_egg
[4.192s] [  2%] Built target my_intermediate_interfaces__cpp
[4.206s] [  3%] [34m[1mGenerating C++ introspection for ROS interfaces[0m
[4.209s] [  4%] [34m[1mGenerating C++ type support dispatch for ROS interfaces[0m
[4.218s] [  5%] [34m[1mGenerating C++ type support for eProsima Fast-RTPS[0m
[4.537s] [  6%] [32mBuilding C object CMakeFiles/my_intermediate_interfaces__rosidl_generator_c.dir/rosidl_generator_c/my_intermediate_interfaces/srv/detail/start_goal_pose_stamped__functions.c.o[0m
[4.548s] [  8%] [32mBuilding C object CMakeFiles/my_intermediate_interfaces__rosidl_generator_c.dir/rosidl_generator_c/my_intermediate_interfaces/srv/detail/start_goal_positions__functions.c.o[0m
[4.564s] [  9%] [32mBuilding C object CMakeFiles/my_intermediate_interfaces__rosidl_generator_c.dir/rosidl_generator_c/my_intermediate_interfaces/srv/detail/computed_plans__functions.c.o[0m
[4.587s] [ 10%] [32mBuilding C object CMakeFiles/my_intermediate_interfaces__rosidl_generator_c.dir/rosidl_generator_c/my_intermediate_interfaces/msg/detail/agent_path_request__functions.c.o[0m
[4.620s] [ 11%] [32mBuilding C object CMakeFiles/my_intermediate_interfaces__rosidl_generator_c.dir/rosidl_generator_c/my_intermediate_interfaces/msg/detail/agent_path__functions.c.o[0m
[4.675s] [ 12%] [32mBuilding C object CMakeFiles/my_intermediate_interfaces__rosidl_generator_c.dir/rosidl_generator_c/my_intermediate_interfaces/msg/detail/edge_constraint__functions.c.o[0m
[4.681s] [ 13%] [32mBuilding C object CMakeFiles/my_intermediate_interfaces__rosidl_generator_c.dir/rosidl_generator_c/my_intermediate_interfaces/msg/detail/vertex_constraint__functions.c.o[0m
[4.717s] [ 14%] [32mBuilding C object CMakeFiles/my_intermediate_interfaces__rosidl_generator_c.dir/rosidl_generator_c/my_intermediate_interfaces/action/detail/my_compute_path_to_pose__functions.c.o[0m
[4.907s] [ 16%] [32m[1mLinking C shared library libmy_intermediate_interfaces__rosidl_generator_c.so[0m
[4.985s] [ 16%] Built target my_intermediate_interfaces__rosidl_generator_c
[5.001s] [ 17%] [34m[1mGenerating C type support for eProsima Fast-RTPS[0m
[5.049s] [ 19%] [34m[1mGenerating C type support dispatch for ROS interfaces[0m
[5.049s] [ 19%] [34m[1mGenerating C introspection for ROS interfaces[0m
[5.370s] [ 20%] [32mBuilding CXX object CMakeFiles/my_intermediate_interfaces__rosidl_typesupport_cpp.dir/rosidl_typesupport_cpp/my_intermediate_interfaces/srv/start_goal_pose_stamped__type_support.cpp.o[0m
[5.370s] [ 21%] [32mBuilding CXX object CMakeFiles/my_intermediate_interfaces__rosidl_typesupport_cpp.dir/rosidl_typesupport_cpp/my_intermediate_interfaces/srv/start_goal_positions__type_support.cpp.o[0m
[5.393s] [ 22%] [32mBuilding CXX object CMakeFiles/my_intermediate_interfaces__rosidl_typesupport_cpp.dir/rosidl_typesupport_cpp/my_intermediate_interfaces/srv/computed_plans__type_support.cpp.o[0m
[5.811s] [ 24%] [32mBuilding CXX object CMakeFiles/my_intermediate_interfaces__rosidl_typesupport_cpp.dir/rosidl_typesupport_cpp/my_intermediate_interfaces/msg/agent_path_request__type_support.cpp.o[0m
[5.886s] [ 25%] [32mBuilding CXX object CMakeFiles/my_intermediate_interfaces__rosidl_typesupport_cpp.dir/rosidl_typesupport_cpp/my_intermediate_interfaces/msg/agent_path__type_support.cpp.o[0m
[5.903s] [ 26%] [32mBuilding CXX object CMakeFiles/my_intermediate_interfaces__rosidl_typesupport_introspection_cpp.dir/rosidl_typesupport_introspection_cpp/my_intermediate_interfaces/srv/detail/start_goal_pose_stamped__type_support.cpp.o[0m
[6.121s] [ 27%] [32mBuilding CXX object CMakeFiles/my_intermediate_interfaces__rosidl_typesupport_cpp.dir/rosidl_typesupport_cpp/my_intermediate_interfaces/msg/vertex_constraint__type_support.cpp.o[0m
[6.283s] [ 28%] [32mBuilding CXX object CMakeFiles/my_intermediate_interfaces__rosidl_typesupport_introspection_cpp.dir/rosidl_typesupport_introspection_cpp/my_intermediate_interfaces/srv/detail/start_goal_positions__type_support.cpp.o[0m
[6.335s] [ 29%] [32mBuilding CXX object CMakeFiles/my_intermediate_interfaces__rosidl_typesupport_fastrtps_cpp.dir/rosidl_typesupport_fastrtps_cpp/my_intermediate_interfaces/srv/detail/dds_fastrtps/start_goal_pose_stamped__type_support.cpp.o[0m
[6.446s] [ 31%] [32mBuilding CXX object CMakeFiles/my_intermediate_interfaces__rosidl_typesupport_cpp.dir/rosidl_typesupport_cpp/my_intermediate_interfaces/msg/edge_constraint__type_support.cpp.o[0m
[6.725s] [ 32%] [32mBuilding CXX object CMakeFiles/my_intermediate_interfaces__rosidl_typesupport_c.dir/rosidl_typesupport_c/my_intermediate_interfaces/srv/start_goal_pose_stamped__type_support.cpp.o[0m
[6.729s] [ 33%] [32mBuilding CXX object CMakeFiles/my_intermediate_interfaces__rosidl_typesupport_c.dir/rosidl_typesupport_c/my_intermediate_interfaces/srv/start_goal_positions__type_support.cpp.o[0m
[6.791s] [ 34%] [32mBuilding CXX object CMakeFiles/my_intermediate_interfaces__rosidl_typesupport_introspection_cpp.dir/rosidl_typesupport_introspection_cpp/my_intermediate_interfaces/srv/detail/computed_plans__type_support.cpp.o[0m
[6.792s] [ 35%] [32mBuilding CXX object CMakeFiles/my_intermediate_interfaces__rosidl_typesupport_c.dir/rosidl_typesupport_c/my_intermediate_interfaces/srv/computed_plans__type_support.cpp.o[0m
[6.882s] [ 36%] [32mBuilding CXX object CMakeFiles/my_intermediate_interfaces__rosidl_typesupport_c.dir/rosidl_typesupport_c/my_intermediate_interfaces/msg/agent_path_request__type_support.cpp.o[0m
[6.942s] [ 37%] [32mBuilding CXX object CMakeFiles/my_intermediate_interfaces__rosidl_typesupport_c.dir/rosidl_typesupport_c/my_intermediate_interfaces/msg/agent_path__type_support.cpp.o[0m
[7.021s] [ 39%] [32mBuilding CXX object CMakeFiles/my_intermediate_interfaces__rosidl_typesupport_c.dir/rosidl_typesupport_c/my_intermediate_interfaces/msg/vertex_constraint__type_support.cpp.o[0m
[7.073s] [ 40%] [32mBuilding C object CMakeFiles/my_intermediate_interfaces__rosidl_typesupport_introspection_c.dir/rosidl_typesupport_introspection_c/my_intermediate_interfaces/srv/detail/start_goal_pose_stamped__type_support.c.o[0m
[7.095s] [ 41%] [32mBuilding CXX object CMakeFiles/my_intermediate_interfaces__rosidl_typesupport_c.dir/rosidl_typesupport_c/my_intermediate_interfaces/msg/edge_constraint__type_support.cpp.o[0m
[7.125s] [ 42%] [32mBuilding CXX object CMakeFiles/my_intermediate_interfaces__rosidl_typesupport_fastrtps_c.dir/rosidl_typesupport_fastrtps_c/my_intermediate_interfaces/srv/detail/start_goal_pose_stamped__type_support_c.cpp.o[0m
[7.155s] [ 43%] [32mBuilding CXX object CMakeFiles/my_intermediate_interfaces__rosidl_typesupport_cpp.dir/rosidl_typesupport_cpp/my_intermediate_interfaces/action/my_compute_path_to_pose__type_support.cpp.o[0m
[7.179s] [ 44%] [32mBuilding C object CMakeFiles/my_intermediate_interfaces__rosidl_typesupport_introspection_c.dir/rosidl_typesupport_introspection_c/my_intermediate_interfaces/srv/detail/start_goal_positions__type_support.c.o[0m
[7.181s] [ 45%] [32mBuilding CXX object CMakeFiles/my_intermediate_interfaces__rosidl_typesupport_introspection_cpp.dir/rosidl_typesupport_introspection_cpp/my_intermediate_interfaces/msg/detail/agent_path_request__type_support.cpp.o[0m
[7.197s] [ 47%] [32mBuilding CXX object CMakeFiles/my_intermediate_interfaces__rosidl_typesupport_c.dir/rosidl_typesupport_c/my_intermediate_interfaces/action/my_compute_path_to_pose__type_support.cpp.o[0m
[7.228s] [ 48%] [32mBuilding CXX object CMakeFiles/my_intermediate_interfaces__rosidl_typesupport_fastrtps_c.dir/rosidl_typesupport_fastrtps_c/my_intermediate_interfaces/srv/detail/start_goal_positions__type_support_c.cpp.o[0m
[7.278s] [ 49%] [32mBuilding C object CMakeFiles/my_intermediate_interfaces__rosidl_typesupport_introspection_c.dir/rosidl_typesupport_introspection_c/my_intermediate_interfaces/srv/detail/computed_plans__type_support.c.o[0m
[7.347s] [ 50%] [32m[1mLinking CXX shared library libmy_intermediate_interfaces__rosidl_typesupport_c.so[0m
[7.374s] [ 51%] [32mBuilding C object CMakeFiles/my_intermediate_interfaces__rosidl_typesupport_introspection_c.dir/rosidl_typesupport_introspection_c/my_intermediate_interfaces/msg/detail/agent_path_request__type_support.c.o[0m
[7.526s] [ 51%] Built target my_intermediate_interfaces__rosidl_typesupport_c
[7.541s] [ 52%] [32mBuilding C object CMakeFiles/my_intermediate_interfaces__rosidl_typesupport_introspection_c.dir/rosidl_typesupport_introspection_c/my_intermediate_interfaces/msg/detail/agent_path__type_support.c.o[0m
[7.569s] [ 54%] [32mBuilding CXX object CMakeFiles/my_intermediate_interfaces__rosidl_typesupport_fastrtps_c.dir/rosidl_typesupport_fastrtps_c/my_intermediate_interfaces/srv/detail/computed_plans__type_support_c.cpp.o[0m
[7.578s] [ 55%] [32mBuilding CXX object CMakeFiles/my_intermediate_interfaces__rosidl_typesupport_fastrtps_cpp.dir/rosidl_typesupport_fastrtps_cpp/my_intermediate_interfaces/srv/detail/dds_fastrtps/start_goal_positions__type_support.cpp.o[0m
[7.613s] [ 56%] [32mBuilding CXX object CMakeFiles/my_intermediate_interfaces__rosidl_typesupport_introspection_cpp.dir/rosidl_typesupport_introspection_cpp/my_intermediate_interfaces/msg/detail/agent_path__type_support.cpp.o[0m
[7.670s] [ 57%] [32mBuilding C object CMakeFiles/my_intermediate_interfaces__rosidl_typesupport_introspection_c.dir/rosidl_typesupport_introspection_c/my_intermediate_interfaces/msg/detail/vertex_constraint__type_support.c.o[0m
[7.774s] [ 58%] [32mBuilding CXX object CMakeFiles/my_intermediate_interfaces__rosidl_typesupport_fastrtps_c.dir/rosidl_typesupport_fastrtps_c/my_intermediate_interfaces/msg/detail/agent_path_request__type_support_c.cpp.o[0m
[7.788s] [ 59%] [32mBuilding CXX object CMakeFiles/my_intermediate_interfaces__rosidl_typesupport_fastrtps_c.dir/rosidl_typesupport_fastrtps_c/my_intermediate_interfaces/msg/detail/agent_path__type_support_c.cpp.o[0m
[7.810s] [ 60%] [32mBuilding C object CMakeFiles/my_intermediate_interfaces__rosidl_typesupport_introspection_c.dir/rosidl_typesupport_introspection_c/my_intermediate_interfaces/msg/detail/edge_constraint__type_support.c.o[0m
[7.937s] [ 62%] [32mBuilding C object CMakeFiles/my_intermediate_interfaces__rosidl_typesupport_introspection_c.dir/rosidl_typesupport_introspection_c/my_intermediate_interfaces/action/detail/my_compute_path_to_pose__type_support.c.o[0m
[7.953s] [ 63%] [32mBuilding CXX object CMakeFiles/my_intermediate_interfaces__rosidl_typesupport_introspection_cpp.dir/rosidl_typesupport_introspection_cpp/my_intermediate_interfaces/msg/detail/vertex_constraint__type_support.cpp.o[0m
[8.101s] [ 64%] [32m[1mLinking CXX shared library libmy_intermediate_interfaces__rosidl_typesupport_cpp.so[0m
[8.139s] [ 65%] [32m[1mLinking C shared library libmy_intermediate_interfaces__rosidl_typesupport_introspection_c.so[0m
[8.200s] [ 66%] [32mBuilding CXX object CMakeFiles/my_intermediate_interfaces__rosidl_typesupport_fastrtps_c.dir/rosidl_typesupport_fastrtps_c/my_intermediate_interfaces/msg/detail/vertex_constraint__type_support_c.cpp.o[0m
[8.270s] [ 66%] Built target my_intermediate_interfaces__rosidl_typesupport_cpp
[8.309s] [ 67%] [32mBuilding CXX object CMakeFiles/my_intermediate_interfaces__rosidl_typesupport_fastrtps_c.dir/rosidl_typesupport_fastrtps_c/my_intermediate_interfaces/msg/detail/edge_constraint__type_support_c.cpp.o[0m
[8.331s] [ 67%] Built target my_intermediate_interfaces__rosidl_typesupport_introspection_c
[8.342s] [ 68%] [32mBuilding CXX object CMakeFiles/my_intermediate_interfaces__rosidl_typesupport_fastrtps_cpp.dir/rosidl_typesupport_fastrtps_cpp/my_intermediate_interfaces/srv/detail/dds_fastrtps/computed_plans__type_support.cpp.o[0m
[8.358s] [ 70%] [32mBuilding CXX object CMakeFiles/my_intermediate_interfaces__rosidl_typesupport_fastrtps_c.dir/rosidl_typesupport_fastrtps_c/my_intermediate_interfaces/action/detail/my_compute_path_to_pose__type_support_c.cpp.o[0m
[8.366s] [ 71%] [32mBuilding CXX object CMakeFiles/my_intermediate_interfaces__rosidl_typesupport_fastrtps_cpp.dir/rosidl_typesupport_fastrtps_cpp/my_intermediate_interfaces/msg/detail/dds_fastrtps/agent_path_request__type_support.cpp.o[0m
[8.384s] [ 72%] [32mBuilding CXX object CMakeFiles/my_intermediate_interfaces__rosidl_typesupport_introspection_cpp.dir/rosidl_typesupport_introspection_cpp/my_intermediate_interfaces/msg/detail/edge_constraint__type_support.cpp.o[0m
[8.393s] [ 73%] [32mBuilding CXX object CMakeFiles/my_intermediate_interfaces__rosidl_typesupport_fastrtps_cpp.dir/rosidl_typesupport_fastrtps_cpp/my_intermediate_interfaces/msg/detail/dds_fastrtps/agent_path__type_support.cpp.o[0m
[8.659s] [ 74%] [32mBuilding CXX object CMakeFiles/my_intermediate_interfaces__rosidl_typesupport_introspection_cpp.dir/rosidl_typesupport_introspection_cpp/my_intermediate_interfaces/action/detail/my_compute_path_to_pose__type_support.cpp.o[0m
[8.837s] [ 75%] [32mBuilding CXX object CMakeFiles/my_intermediate_interfaces__rosidl_typesupport_fastrtps_cpp.dir/rosidl_typesupport_fastrtps_cpp/my_intermediate_interfaces/msg/detail/dds_fastrtps/vertex_constraint__type_support.cpp.o[0m
[9.016s] [ 77%] [32mBuilding CXX object CMakeFiles/my_intermediate_interfaces__rosidl_typesupport_fastrtps_cpp.dir/rosidl_typesupport_fastrtps_cpp/my_intermediate_interfaces/msg/detail/dds_fastrtps/edge_constraint__type_support.cpp.o[0m
[9.138s] [ 78%] [32mBuilding CXX object CMakeFiles/my_intermediate_interfaces__rosidl_typesupport_fastrtps_cpp.dir/rosidl_typesupport_fastrtps_cpp/my_intermediate_interfaces/action/detail/dds_fastrtps/my_compute_path_to_pose__type_support.cpp.o[0m
[9.273s] [ 79%] [32m[1mLinking CXX shared library libmy_intermediate_interfaces__rosidl_typesupport_fastrtps_c.so[0m
[9.457s] [ 79%] Built target my_intermediate_interfaces__rosidl_typesupport_fastrtps_c
[9.616s] [ 80%] [32m[1mLinking CXX shared library libmy_intermediate_interfaces__rosidl_typesupport_introspection_cpp.so[0m
[9.732s] [ 80%] Built target my_intermediate_interfaces__rosidl_typesupport_introspection_cpp
[9.915s] [ 81%] [32m[1mLinking CXX shared library libmy_intermediate_interfaces__rosidl_typesupport_fastrtps_cpp.so[0m
[9.998s] [ 81%] Built target my_intermediate_interfaces__rosidl_typesupport_fastrtps_cpp
[10.015s] [ 81%] Built target my_intermediate_interfaces
[10.032s] [ 82%] [34m[1mGenerating Python code for ROS interfaces[0m
[11.617s] [ 82%] Built target my_intermediate_interfaces__py
[11.638s] [ 83%] [32mBuilding C object CMakeFiles/my_intermediate_interfaces__rosidl_generator_py.dir/rosidl_generator_py/my_intermediate_interfaces/srv/_start_goal_positions_s.c.o[0m
[11.639s] [ 85%] [32mBuilding C object CMakeFiles/my_intermediate_interfaces__rosidl_generator_py.dir/rosidl_generator_py/my_intermediate_interfaces/srv/_start_goal_pose_stamped_s.c.o[0m
[11.639s] [ 86%] [32mBuilding C object CMakeFiles/my_intermediate_interfaces__rosidl_generator_py.dir/rosidl_generator_py/my_intermediate_interfaces/srv/_computed_plans_s.c.o[0m
[11.642s] [ 87%] [32mBuilding C object CMakeFiles/my_intermediate_interfaces__rosidl_generator_py.dir/rosidl_generator_py/my_intermediate_interfaces/msg/_agent_path_request_s.c.o[0m
[11.643s] [ 88%] [32mBuilding C object CMakeFiles/my_intermediate_interfaces__rosidl_generator_py.dir/rosidl_generator_py/my_intermediate_interfaces/msg/_vertex_constraint_s.c.o[0m
[11.649s] [ 89%] [32mBuilding C object CMakeFiles/my_intermediate_interfaces__rosidl_generator_py.dir/rosidl_generator_py/my_intermediate_interfaces/msg/_edge_constraint_s.c.o[0m
[11.649s] [ 90%] [32mBuilding C object CMakeFiles/my_intermediate_interfaces__rosidl_generator_py.dir/rosidl_generator_py/my_intermediate_interfaces/action/_my_compute_path_to_pose_s.c.o[0m
[11.652s] [ 91%] [32mBuilding C object CMakeFiles/my_intermediate_interfaces__rosidl_generator_py.dir/rosidl_generator_py/my_intermediate_interfaces/msg/_agent_path_s.c.o[0m
[11.890s] [ 93%] [32m[1mLinking C shared library rosidl_generator_py/my_intermediate_interfaces/libmy_intermediate_interfaces__rosidl_generator_py.so[0m
[11.929s] [ 93%] Built target my_intermediate_interfaces__rosidl_generator_py
[11.948s] [ 94%] [32mBuilding C object CMakeFiles/my_intermediate_interfaces__rosidl_typesupport_fastrtps_c__pyext.dir/rosidl_generator_py/my_intermediate_interfaces/_my_intermediate_interfaces_s.ep.rosidl_typesupport_fastrtps_c.c.o[0m
[11.951s] [ 95%] [32mBuilding C object CMakeFiles/my_intermediate_interfaces__rosidl_typesupport_introspection_c__pyext.dir/rosidl_generator_py/my_intermediate_interfaces/_my_intermediate_interfaces_s.ep.rosidl_typesupport_introspection_c.c.o[0m
[11.953s] [ 96%] [32mBuilding C object CMakeFiles/my_intermediate_interfaces__rosidl_typesupport_c__pyext.dir/rosidl_generator_py/my_intermediate_interfaces/_my_intermediate_interfaces_s.ep.rosidl_typesupport_c.c.o[0m
[12.118s] [ 97%] [32m[1mLinking C shared library rosidl_generator_py/my_intermediate_interfaces/my_intermediate_interfaces_s__rosidl_typesupport_introspection_c.cpython-310-x86_64-linux-gnu.so[0m
[12.131s] [ 98%] [32m[1mLinking C shared library rosidl_generator_py/my_intermediate_interfaces/my_intermediate_interfaces_s__rosidl_typesupport_fastrtps_c.cpython-310-x86_64-linux-gnu.so[0m
[12.138s] [100%] [32m[1mLinking C shared library rosidl_generator_py/my_intermediate_interfaces/my_intermediate_interfaces_s__rosidl_typesupport_c.cpython-310-x86_64-linux-gnu.so[0m
[12.169s] [100%] Built target my_intermediate_interfaces__rosidl_typesupport_introspection_c__pyext
[12.180s] [100%] Built target my_intermediate_interfaces__rosidl_typesupport_c__pyext
[12.180s] [100%] Built target my_intermediate_interfaces__rosidl_typesupport_fastrtps_c__pyext
[12.191s] Invoked command in '/home/andrea/tesi/ros2_mapf_cbs/project_1/build/my_intermediate_interfaces' returned '0': CMAKE_PREFIX_PATH=${CMAKE_PREFIX_PATH}:/home/andrea/tesi/ros2_mapf_cbs/project_1/install/my_package:/home/andrea/tesi/ros2_mapf_cbs/project_1/install/my_intermediate:/home/andrea/tesi/ros2_mapf_cbs/simple_example/install/my_py_pkg:/opt/ros/humble /usr/bin/cmake --build /home/andrea/tesi/ros2_mapf_cbs/project_1/build/my_intermediate_interfaces -- -j8 -l8
[12.350s] Invoking command in '/home/andrea/tesi/ros2_mapf_cbs/project_1/build/my_intermediate_interfaces': CMAKE_PREFIX_PATH=${CMAKE_PREFIX_PATH}:/home/andrea/tesi/ros2_mapf_cbs/project_1/install/my_package:/home/andrea/tesi/ros2_mapf_cbs/project_1/install/my_intermediate:/home/andrea/tesi/ros2_mapf_cbs/simple_example/install/my_py_pkg:/opt/ros/humble /usr/bin/cmake --install /home/andrea/tesi/ros2_mapf_cbs/project_1/build/my_intermediate_interfaces
[12.357s] -- Install configuration: ""
[12.357s] -- Installing: /home/andrea/tesi/ros2_mapf_cbs/project_1/install/my_intermediate_interfaces/share/ament_index/resource_index/rosidl_interfaces/my_intermediate_interfaces
[12.357s] -- Installing: /home/andrea/tesi/ros2_mapf_cbs/project_1/install/my_intermediate_interfaces/include/my_intermediate_interfaces/my_intermediate_interfaces
[12.357s] -- Installing: /home/andrea/tesi/ros2_mapf_cbs/project_1/install/my_intermediate_interfaces/include/my_intermediate_interfaces/my_intermediate_interfaces/srv
[12.357s] -- Installing: /home/andrea/tesi/ros2_mapf_cbs/project_1/install/my_intermediate_interfaces/include/my_intermediate_interfaces/my_intermediate_interfaces/srv/detail
[12.358s] -- Installing: /home/andrea/tesi/ros2_mapf_cbs/project_1/install/my_intermediate_interfaces/include/my_intermediate_interfaces/my_intermediate_interfaces/srv/detail/start_goal_positions__type_support.h
[12.358s] -- Installing: /home/andrea/tesi/ros2_mapf_cbs/project_1/install/my_intermediate_interfaces/include/my_intermediate_interfaces/my_intermediate_interfaces/srv/detail/computed_plans__struct.h
[12.358s] -- Installing: /home/andrea/tesi/ros2_mapf_cbs/project_1/install/my_intermediate_interfaces/include/my_intermediate_interfaces/my_intermediate_interfaces/srv/detail/computed_plans__functions.h
[12.358s] -- Installing: /home/andrea/tesi/ros2_mapf_cbs/project_1/install/my_intermediate_interfaces/include/my_intermediate_interfaces/my_intermediate_interfaces/srv/detail/start_goal_pose_stamped__functions.h
[12.358s] -- Installing: /home/andrea/tesi/ros2_mapf_cbs/project_1/install/my_intermediate_interfaces/include/my_intermediate_interfaces/my_intermediate_interfaces/srv/detail/computed_plans__type_support.h
[12.358s] -- Installing: /home/andrea/tesi/ros2_mapf_cbs/project_1/install/my_intermediate_interfaces/include/my_intermediate_interfaces/my_intermediate_interfaces/srv/detail/start_goal_pose_stamped__struct.h
[12.358s] -- Installing: /home/andrea/tesi/ros2_mapf_cbs/project_1/install/my_intermediate_interfaces/include/my_intermediate_interfaces/my_intermediate_interfaces/srv/detail/start_goal_pose_stamped__type_support.h
[12.358s] -- Installing: /home/andrea/tesi/ros2_mapf_cbs/project_1/install/my_intermediate_interfaces/include/my_intermediate_interfaces/my_intermediate_interfaces/srv/detail/start_goal_pose_stamped__functions.c
[12.358s] -- Installing: /home/andrea/tesi/ros2_mapf_cbs/project_1/install/my_intermediate_interfaces/include/my_intermediate_interfaces/my_intermediate_interfaces/srv/detail/start_goal_positions__functions.h
[12.358s] -- Installing: /home/andrea/tesi/ros2_mapf_cbs/project_1/install/my_intermediate_interfaces/include/my_intermediate_interfaces/my_intermediate_interfaces/srv/detail/computed_plans__functions.c
[12.358s] -- Installing: /home/andrea/tesi/ros2_mapf_cbs/project_1/install/my_intermediate_interfaces/include/my_intermediate_interfaces/my_intermediate_interfaces/srv/detail/start_goal_positions__functions.c
[12.358s] -- Installing: /home/andrea/tesi/ros2_mapf_cbs/project_1/install/my_intermediate_interfaces/include/my_intermediate_interfaces/my_intermediate_interfaces/srv/detail/start_goal_positions__struct.h
[12.359s] -- Installing: /home/andrea/tesi/ros2_mapf_cbs/project_1/install/my_intermediate_interfaces/include/my_intermediate_interfaces/my_intermediate_interfaces/srv/start_goal_pose_stamped.h
[12.359s] -- Installing: /home/andrea/tesi/ros2_mapf_cbs/project_1/install/my_intermediate_interfaces/include/my_intermediate_interfaces/my_intermediate_interfaces/srv/computed_plans.h
[12.359s] -- Installing: /home/andrea/tesi/ros2_mapf_cbs/project_1/install/my_intermediate_interfaces/include/my_intermediate_interfaces/my_intermediate_interfaces/srv/start_goal_positions.h
[12.359s] -- Installing: /home/andrea/tesi/ros2_mapf_cbs/project_1/install/my_intermediate_interfaces/include/my_intermediate_interfaces/my_intermediate_interfaces/msg
[12.359s] -- Installing: /home/andrea/tesi/ros2_mapf_cbs/project_1/install/my_intermediate_interfaces/include/my_intermediate_interfaces/my_intermediate_interfaces/msg/detail
[12.359s] -- Installing: /home/andrea/tesi/ros2_mapf_cbs/project_1/install/my_intermediate_interfaces/include/my_intermediate_interfaces/my_intermediate_interfaces/msg/detail/vertex_constraint__type_support.h
[12.359s] -- Installing: /home/andrea/tesi/ros2_mapf_cbs/project_1/install/my_intermediate_interfaces/include/my_intermediate_interfaces/my_intermediate_interfaces/msg/detail/agent_path__struct.h
[12.359s] -- Installing: /home/andrea/tesi/ros2_mapf_cbs/project_1/install/my_intermediate_interfaces/include/my_intermediate_interfaces/my_intermediate_interfaces/msg/detail/agent_path__functions.c
[12.359s] -- Installing: /home/andrea/tesi/ros2_mapf_cbs/project_1/install/my_intermediate_interfaces/include/my_intermediate_interfaces/my_intermediate_interfaces/msg/detail/agent_path__functions.h
[12.359s] -- Installing: /home/andrea/tesi/ros2_mapf_cbs/project_1/install/my_intermediate_interfaces/include/my_intermediate_interfaces/my_intermediate_interfaces/msg/detail/edge_constraint__functions.c
[12.359s] -- Installing: /home/andrea/tesi/ros2_mapf_cbs/project_1/install/my_intermediate_interfaces/include/my_intermediate_interfaces/my_intermediate_interfaces/msg/detail/agent_path__type_support.h
[12.359s] -- Installing: /home/andrea/tesi/ros2_mapf_cbs/project_1/install/my_intermediate_interfaces/include/my_intermediate_interfaces/my_intermediate_interfaces/msg/detail/agent_path_request__functions.h
[12.359s] -- Installing: /home/andrea/tesi/ros2_mapf_cbs/project_1/install/my_intermediate_interfaces/include/my_intermediate_interfaces/my_intermediate_interfaces/msg/detail/edge_constraint__functions.h
[12.359s] -- Installing: /home/andrea/tesi/ros2_mapf_cbs/project_1/install/my_intermediate_interfaces/include/my_intermediate_interfaces/my_intermediate_interfaces/msg/detail/agent_path_request__type_support.h
[12.360s] -- Installing: /home/andrea/tesi/ros2_mapf_cbs/project_1/install/my_intermediate_interfaces/include/my_intermediate_interfaces/my_intermediate_interfaces/msg/detail/vertex_constraint__struct.h
[12.360s] -- Installing: /home/andrea/tesi/ros2_mapf_cbs/project_1/install/my_intermediate_interfaces/include/my_intermediate_interfaces/my_intermediate_interfaces/msg/detail/edge_constraint__struct.h
[12.360s] -- Installing: /home/andrea/tesi/ros2_mapf_cbs/project_1/install/my_intermediate_interfaces/include/my_intermediate_interfaces/my_intermediate_interfaces/msg/detail/edge_constraint__type_support.h
[12.360s] -- Installing: /home/andrea/tesi/ros2_mapf_cbs/project_1/install/my_intermediate_interfaces/include/my_intermediate_interfaces/my_intermediate_interfaces/msg/detail/agent_path_request__struct.h
[12.360s] -- Installing: /home/andrea/tesi/ros2_mapf_cbs/project_1/install/my_intermediate_interfaces/include/my_intermediate_interfaces/my_intermediate_interfaces/msg/detail/agent_path_request__functions.c
[12.360s] -- Installing: /home/andrea/tesi/ros2_mapf_cbs/project_1/install/my_intermediate_interfaces/include/my_intermediate_interfaces/my_intermediate_interfaces/msg/detail/vertex_constraint__functions.h
[12.360s] -- Installing: /home/andrea/tesi/ros2_mapf_cbs/project_1/install/my_intermediate_interfaces/include/my_intermediate_interfaces/my_intermediate_interfaces/msg/detail/vertex_constraint__functions.c
[12.360s] -- Installing: /home/andrea/tesi/ros2_mapf_cbs/project_1/install/my_intermediate_interfaces/include/my_intermediate_interfaces/my_intermediate_interfaces/msg/agent_path.h
[12.360s] -- Installing: /home/andrea/tesi/ros2_mapf_cbs/project_1/install/my_intermediate_interfaces/include/my_intermediate_interfaces/my_intermediate_interfaces/msg/vertex_constraint.h
[12.360s] -- Installing: /home/andrea/tesi/ros2_mapf_cbs/project_1/install/my_intermediate_interfaces/include/my_intermediate_interfaces/my_intermediate_interfaces/msg/agent_path_request.h
[12.360s] -- Installing: /home/andrea/tesi/ros2_mapf_cbs/project_1/install/my_intermediate_interfaces/include/my_intermediate_interfaces/my_intermediate_interfaces/msg/edge_constraint.h
[12.360s] -- Installing: /home/andrea/tesi/ros2_mapf_cbs/project_1/install/my_intermediate_interfaces/include/my_intermediate_interfaces/my_intermediate_interfaces/msg/rosidl_generator_c__visibility_control.h
[12.360s] -- Installing: /home/andrea/tesi/ros2_mapf_cbs/project_1/install/my_intermediate_interfaces/include/my_intermediate_interfaces/my_intermediate_interfaces/action
[12.361s] -- Installing: /home/andrea/tesi/ros2_mapf_cbs/project_1/install/my_intermediate_interfaces/include/my_intermediate_interfaces/my_intermediate_interfaces/action/detail
[12.361s] -- Installing: /home/andrea/tesi/ros2_mapf_cbs/project_1/install/my_intermediate_interfaces/include/my_intermediate_interfaces/my_intermediate_interfaces/action/detail/my_compute_path_to_pose__functions.h
[12.361s] -- Installing: /home/andrea/tesi/ros2_mapf_cbs/project_1/install/my_intermediate_interfaces/include/my_intermediate_interfaces/my_intermediate_interfaces/action/detail/my_compute_path_to_pose__type_support.h
[12.361s] -- Installing: /home/andrea/tesi/ros2_mapf_cbs/project_1/install/my_intermediate_interfaces/include/my_intermediate_interfaces/my_intermediate_interfaces/action/detail/my_compute_path_to_pose__struct.h
[12.361s] -- Installing: /home/andrea/tesi/ros2_mapf_cbs/project_1/install/my_intermediate_interfaces/include/my_intermediate_interfaces/my_intermediate_interfaces/action/detail/my_compute_path_to_pose__functions.c
[12.361s] -- Installing: /home/andrea/tesi/ros2_mapf_cbs/project_1/install/my_intermediate_interfaces/include/my_intermediate_interfaces/my_intermediate_interfaces/action/my_compute_path_to_pose.h
[12.361s] -- Installing: /home/andrea/tesi/ros2_mapf_cbs/project_1/install/my_intermediate_interfaces/share/my_intermediate_interfaces/environment/library_path.sh
[12.361s] -- Installing: /home/andrea/tesi/ros2_mapf_cbs/project_1/install/my_intermediate_interfaces/share/my_intermediate_interfaces/environment/library_path.dsv
[12.361s] -- Installing: /home/andrea/tesi/ros2_mapf_cbs/project_1/install/my_intermediate_interfaces/lib/libmy_intermediate_interfaces__rosidl_generator_c.so
[12.361s] -- Set runtime path of "/home/andrea/tesi/ros2_mapf_cbs/project_1/install/my_intermediate_interfaces/lib/libmy_intermediate_interfaces__rosidl_generator_c.so" to ""
[12.361s] -- Up-to-date: /home/andrea/tesi/ros2_mapf_cbs/project_1/install/my_intermediate_interfaces/include/my_intermediate_interfaces/my_intermediate_interfaces
[12.361s] -- Up-to-date: /home/andrea/tesi/ros2_mapf_cbs/project_1/install/my_intermediate_interfaces/include/my_intermediate_interfaces/my_intermediate_interfaces/srv
[12.361s] -- Up-to-date: /home/andrea/tesi/ros2_mapf_cbs/project_1/install/my_intermediate_interfaces/include/my_intermediate_interfaces/my_intermediate_interfaces/srv/detail
[12.362s] -- Installing: /home/andrea/tesi/ros2_mapf_cbs/project_1/install/my_intermediate_interfaces/include/my_intermediate_interfaces/my_intermediate_interfaces/srv/detail/start_goal_positions__rosidl_typesupport_fastrtps_c.h
[12.362s] -- Installing: /home/andrea/tesi/ros2_mapf_cbs/project_1/install/my_intermediate_interfaces/include/my_intermediate_interfaces/my_intermediate_interfaces/srv/detail/computed_plans__rosidl_typesupport_fastrtps_c.h
[12.362s] -- Installing: /home/andrea/tesi/ros2_mapf_cbs/project_1/install/my_intermediate_interfaces/include/my_intermediate_interfaces/my_intermediate_interfaces/srv/detail/start_goal_pose_stamped__rosidl_typesupport_fastrtps_c.h
[12.362s] -- Up-to-date: /home/andrea/tesi/ros2_mapf_cbs/project_1/install/my_intermediate_interfaces/include/my_intermediate_interfaces/my_intermediate_interfaces/msg
[12.362s] -- Up-to-date: /home/andrea/tesi/ros2_mapf_cbs/project_1/install/my_intermediate_interfaces/include/my_intermediate_interfaces/my_intermediate_interfaces/msg/detail
[12.362s] -- Installing: /home/andrea/tesi/ros2_mapf_cbs/project_1/install/my_intermediate_interfaces/include/my_intermediate_interfaces/my_intermediate_interfaces/msg/detail/vertex_constraint__rosidl_typesupport_fastrtps_c.h
[12.362s] -- Installing: /home/andrea/tesi/ros2_mapf_cbs/project_1/install/my_intermediate_interfaces/include/my_intermediate_interfaces/my_intermediate_interfaces/msg/detail/edge_constraint__rosidl_typesupport_fastrtps_c.h
[12.362s] -- Installing: /home/andrea/tesi/ros2_mapf_cbs/project_1/install/my_intermediate_interfaces/include/my_intermediate_interfaces/my_intermediate_interfaces/msg/detail/agent_path__rosidl_typesupport_fastrtps_c.h
[12.362s] -- Installing: /home/andrea/tesi/ros2_mapf_cbs/project_1/install/my_intermediate_interfaces/include/my_intermediate_interfaces/my_intermediate_interfaces/msg/detail/agent_path_request__rosidl_typesupport_fastrtps_c.h
[12.362s] -- Installing: /home/andrea/tesi/ros2_mapf_cbs/project_1/install/my_intermediate_interfaces/include/my_intermediate_interfaces/my_intermediate_interfaces/msg/rosidl_typesupport_fastrtps_c__visibility_control.h
[12.362s] -- Up-to-date: /home/andrea/tesi/ros2_mapf_cbs/project_1/install/my_intermediate_interfaces/include/my_intermediate_interfaces/my_intermediate_interfaces/action
[12.362s] -- Up-to-date: /home/andrea/tesi/ros2_mapf_cbs/project_1/install/my_intermediate_interfaces/include/my_intermediate_interfaces/my_intermediate_interfaces/action/detail
[12.362s] -- Installing: /home/andrea/tesi/ros2_mapf_cbs/project_1/install/my_intermediate_interfaces/include/my_intermediate_interfaces/my_intermediate_interfaces/action/detail/my_compute_path_to_pose__rosidl_typesupport_fastrtps_c.h
[12.362s] -- Installing: /home/andrea/tesi/ros2_mapf_cbs/project_1/install/my_intermediate_interfaces/lib/libmy_intermediate_interfaces__rosidl_typesupport_fastrtps_c.so
[12.363s] -- Set runtime path of "/home/andrea/tesi/ros2_mapf_cbs/project_1/install/my_intermediate_interfaces/lib/libmy_intermediate_interfaces__rosidl_typesupport_fastrtps_c.so" to ""
[12.363s] -- Up-to-date: /home/andrea/tesi/ros2_mapf_cbs/project_1/install/my_intermediate_interfaces/include/my_intermediate_interfaces/my_intermediate_interfaces
[12.363s] -- Up-to-date: /home/andrea/tesi/ros2_mapf_cbs/project_1/install/my_intermediate_interfaces/include/my_intermediate_interfaces/my_intermediate_interfaces/srv
[12.363s] -- Up-to-date: /home/andrea/tesi/ros2_mapf_cbs/project_1/install/my_intermediate_interfaces/include/my_intermediate_interfaces/my_intermediate_interfaces/srv/detail
[12.363s] -- Installing: /home/andrea/tesi/ros2_mapf_cbs/project_1/install/my_intermediate_interfaces/include/my_intermediate_interfaces/my_intermediate_interfaces/srv/detail/computed_plans__traits.hpp
[12.363s] -- Installing: /home/andrea/tesi/ros2_mapf_cbs/project_1/install/my_intermediate_interfaces/include/my_intermediate_interfaces/my_intermediate_interfaces/srv/detail/start_goal_pose_stamped__builder.hpp
[12.363s] -- Installing: /home/andrea/tesi/ros2_mapf_cbs/project_1/install/my_intermediate_interfaces/include/my_intermediate_interfaces/my_intermediate_interfaces/srv/detail/start_goal_positions__struct.hpp
[12.363s] -- Installing: /home/andrea/tesi/ros2_mapf_cbs/project_1/install/my_intermediate_interfaces/include/my_intermediate_interfaces/my_intermediate_interfaces/srv/detail/start_goal_positions__traits.hpp
[12.363s] -- Installing: /home/andrea/tesi/ros2_mapf_cbs/project_1/install/my_intermediate_interfaces/include/my_intermediate_interfaces/my_intermediate_interfaces/srv/detail/computed_plans__struct.hpp
[12.363s] -- Installing: /home/andrea/tesi/ros2_mapf_cbs/project_1/install/my_intermediate_interfaces/include/my_intermediate_interfaces/my_intermediate_interfaces/srv/detail/computed_plans__builder.hpp
[12.363s] -- Installing: /home/andrea/tesi/ros2_mapf_cbs/project_1/install/my_intermediate_interfaces/include/my_intermediate_interfaces/my_intermediate_interfaces/srv/detail/start_goal_positions__builder.hpp
[12.363s] -- Installing: /home/andrea/tesi/ros2_mapf_cbs/project_1/install/my_intermediate_interfaces/include/my_intermediate_interfaces/my_intermediate_interfaces/srv/detail/start_goal_pose_stamped__traits.hpp
[12.363s] -- Installing: /home/andrea/tesi/ros2_mapf_cbs/project_1/install/my_intermediate_interfaces/include/my_intermediate_interfaces/my_intermediate_interfaces/srv/detail/start_goal_pose_stamped__struct.hpp
[12.363s] -- Installing: /home/andrea/tesi/ros2_mapf_cbs/project_1/install/my_intermediate_interfaces/include/my_intermediate_interfaces/my_intermediate_interfaces/srv/start_goal_pose_stamped.hpp
[12.364s] -- Installing: /home/andrea/tesi/ros2_mapf_cbs/project_1/install/my_intermediate_interfaces/include/my_intermediate_interfaces/my_intermediate_interfaces/srv/computed_plans.hpp
[12.364s] -- Installing: /home/andrea/tesi/ros2_mapf_cbs/project_1/install/my_intermediate_interfaces/include/my_intermediate_interfaces/my_intermediate_interfaces/srv/start_goal_positions.hpp
[12.364s] -- Up-to-date: /home/andrea/tesi/ros2_mapf_cbs/project_1/install/my_intermediate_interfaces/include/my_intermediate_interfaces/my_intermediate_interfaces/msg
[12.364s] -- Up-to-date: /home/andrea/tesi/ros2_mapf_cbs/project_1/install/my_intermediate_interfaces/include/my_intermediate_interfaces/my_intermediate_interfaces/msg/detail
[12.364s] -- Installing: /home/andrea/tesi/ros2_mapf_cbs/project_1/install/my_intermediate_interfaces/include/my_intermediate_interfaces/my_intermediate_interfaces/msg/detail/agent_path__traits.hpp
[12.364s] -- Installing: /home/andrea/tesi/ros2_mapf_cbs/project_1/install/my_intermediate_interfaces/include/my_intermediate_interfaces/my_intermediate_interfaces/msg/detail/vertex_constraint__traits.hpp
[12.364s] -- Installing: /home/andrea/tesi/ros2_mapf_cbs/project_1/install/my_intermediate_interfaces/include/my_intermediate_interfaces/my_intermediate_interfaces/msg/detail/agent_path__builder.hpp
[12.364s] -- Installing: /home/andrea/tesi/ros2_mapf_cbs/project_1/install/my_intermediate_interfaces/include/my_intermediate_interfaces/my_intermediate_interfaces/msg/detail/edge_constraint__traits.hpp
[12.364s] -- Installing: /home/andrea/tesi/ros2_mapf_cbs/project_1/install/my_intermediate_interfaces/include/my_intermediate_interfaces/my_intermediate_interfaces/msg/detail/agent_path_request__builder.hpp
[12.364s] -- Installing: /home/andrea/tesi/ros2_mapf_cbs/project_1/install/my_intermediate_interfaces/include/my_intermediate_interfaces/my_intermediate_interfaces/msg/detail/vertex_constraint__struct.hpp
[12.364s] -- Installing: /home/andrea/tesi/ros2_mapf_cbs/project_1/install/my_intermediate_interfaces/include/my_intermediate_interfaces/my_intermediate_interfaces/msg/detail/agent_path_request__traits.hpp
[12.364s] -- Installing: /home/andrea/tesi/ros2_mapf_cbs/project_1/install/my_intermediate_interfaces/include/my_intermediate_interfaces/my_intermediate_interfaces/msg/detail/edge_constraint__struct.hpp
[12.364s] -- Installing: /home/andrea/tesi/ros2_mapf_cbs/project_1/install/my_intermediate_interfaces/include/my_intermediate_interfaces/my_intermediate_interfaces/msg/detail/edge_constraint__builder.hpp
[12.365s] -- Installing: /home/andrea/tesi/ros2_mapf_cbs/project_1/install/my_intermediate_interfaces/include/my_intermediate_interfaces/my_intermediate_interfaces/msg/detail/agent_path_request__struct.hpp
[12.365s] -- Installing: /home/andrea/tesi/ros2_mapf_cbs/project_1/install/my_intermediate_interfaces/include/my_intermediate_interfaces/my_intermediate_interfaces/msg/detail/vertex_constraint__builder.hpp
[12.365s] -- Installing: /home/andrea/tesi/ros2_mapf_cbs/project_1/install/my_intermediate_interfaces/include/my_intermediate_interfaces/my_intermediate_interfaces/msg/detail/agent_path__struct.hpp
[12.365s] -- Installing: /home/andrea/tesi/ros2_mapf_cbs/project_1/install/my_intermediate_interfaces/include/my_intermediate_interfaces/my_intermediate_interfaces/msg/agent_path_request.hpp
[12.365s] -- Installing: /home/andrea/tesi/ros2_mapf_cbs/project_1/install/my_intermediate_interfaces/include/my_intermediate_interfaces/my_intermediate_interfaces/msg/agent_path.hpp
[12.365s] -- Installing: /home/andrea/tesi/ros2_mapf_cbs/project_1/install/my_intermediate_interfaces/include/my_intermediate_interfaces/my_intermediate_interfaces/msg/vertex_constraint.hpp
[12.365s] -- Installing: /home/andrea/tesi/ros2_mapf_cbs/project_1/install/my_intermediate_interfaces/include/my_intermediate_interfaces/my_intermediate_interfaces/msg/edge_constraint.hpp
[12.365s] -- Up-to-date: /home/andrea/tesi/ros2_mapf_cbs/project_1/install/my_intermediate_interfaces/include/my_intermediate_interfaces/my_intermediate_interfaces/action
[12.365s] -- Installing: /home/andrea/tesi/ros2_mapf_cbs/project_1/install/my_intermediate_interfaces/include/my_intermediate_interfaces/my_intermediate_interfaces/action/my_compute_path_to_pose.hpp
[12.365s] -- Up-to-date: /home/andrea/tesi/ros2_mapf_cbs/project_1/install/my_intermediate_interfaces/include/my_intermediate_interfaces/my_intermediate_interfaces/action/detail
[12.365s] -- Installing: /home/andrea/tesi/ros2_mapf_cbs/project_1/install/my_intermediate_interfaces/include/my_intermediate_interfaces/my_intermediate_interfaces/action/detail/my_compute_path_to_pose__builder.hpp
[12.365s] -- Installing: /home/andrea/tesi/ros2_mapf_cbs/project_1/install/my_intermediate_interfaces/include/my_intermediate_interfaces/my_intermediate_interfaces/action/detail/my_compute_path_to_pose__struct.hpp
[12.365s] -- Installing: /home/andrea/tesi/ros2_mapf_cbs/project_1/install/my_intermediate_interfaces/include/my_intermediate_interfaces/my_intermediate_interfaces/action/detail/my_compute_path_to_pose__traits.hpp
[12.365s] -- Up-to-date: /home/andrea/tesi/ros2_mapf_cbs/project_1/install/my_intermediate_interfaces/include/my_intermediate_interfaces/my_intermediate_interfaces
[12.365s] -- Up-to-date: /home/andrea/tesi/ros2_mapf_cbs/project_1/install/my_intermediate_interfaces/include/my_intermediate_interfaces/my_intermediate_interfaces/srv
[12.366s] -- Up-to-date: /home/andrea/tesi/ros2_mapf_cbs/project_1/install/my_intermediate_interfaces/include/my_intermediate_interfaces/my_intermediate_interfaces/srv/detail
[12.366s] -- Installing: /home/andrea/tesi/ros2_mapf_cbs/project_1/install/my_intermediate_interfaces/include/my_intermediate_interfaces/my_intermediate_interfaces/srv/detail/dds_fastrtps
[12.366s] -- Installing: /home/andrea/tesi/ros2_mapf_cbs/project_1/install/my_intermediate_interfaces/include/my_intermediate_interfaces/my_intermediate_interfaces/srv/detail/computed_plans__rosidl_typesupport_fastrtps_cpp.hpp
[12.366s] -- Installing: /home/andrea/tesi/ros2_mapf_cbs/project_1/install/my_intermediate_interfaces/include/my_intermediate_interfaces/my_intermediate_interfaces/srv/detail/start_goal_pose_stamped__rosidl_typesupport_fastrtps_cpp.hpp
[12.366s] -- Installing: /home/andrea/tesi/ros2_mapf_cbs/project_1/install/my_intermediate_interfaces/include/my_intermediate_interfaces/my_intermediate_interfaces/srv/detail/start_goal_positions__rosidl_typesupport_fastrtps_cpp.hpp
[12.366s] -- Up-to-date: /home/andrea/tesi/ros2_mapf_cbs/project_1/install/my_intermediate_interfaces/include/my_intermediate_interfaces/my_intermediate_interfaces/msg
[12.366s] -- Up-to-date: /home/andrea/tesi/ros2_mapf_cbs/project_1/install/my_intermediate_interfaces/include/my_intermediate_interfaces/my_intermediate_interfaces/msg/detail
[12.366s] -- Installing: /home/andrea/tesi/ros2_mapf_cbs/project_1/install/my_intermediate_interfaces/include/my_intermediate_interfaces/my_intermediate_interfaces/msg/detail/vertex_constraint__rosidl_typesupport_fastrtps_cpp.hpp
[12.366s] -- Installing: /home/andrea/tesi/ros2_mapf_cbs/project_1/install/my_intermediate_interfaces/include/my_intermediate_interfaces/my_intermediate_interfaces/msg/detail/agent_path_request__rosidl_typesupport_fastrtps_cpp.hpp
[12.366s] -- Installing: /home/andrea/tesi/ros2_mapf_cbs/project_1/install/my_intermediate_interfaces/include/my_intermediate_interfaces/my_intermediate_interfaces/msg/detail/dds_fastrtps
[12.366s] -- Installing: /home/andrea/tesi/ros2_mapf_cbs/project_1/install/my_intermediate_interfaces/include/my_intermediate_interfaces/my_intermediate_interfaces/msg/detail/agent_path__rosidl_typesupport_fastrtps_cpp.hpp
[12.366s] -- Installing: /home/andrea/tesi/ros2_mapf_cbs/project_1/install/my_intermediate_interfaces/include/my_intermediate_interfaces/my_intermediate_interfaces/msg/detail/edge_constraint__rosidl_typesupport_fastrtps_cpp.hpp
[12.366s] -- Installing: /home/andrea/tesi/ros2_mapf_cbs/project_1/install/my_intermediate_interfaces/include/my_intermediate_interfaces/my_intermediate_interfaces/msg/rosidl_typesupport_fastrtps_cpp__visibility_control.h
[12.366s] -- Up-to-date: /home/andrea/tesi/ros2_mapf_cbs/project_1/install/my_intermediate_interfaces/include/my_intermediate_interfaces/my_intermediate_interfaces/action
[12.366s] -- Up-to-date: /home/andrea/tesi/ros2_mapf_cbs/project_1/install/my_intermediate_interfaces/include/my_intermediate_interfaces/my_intermediate_interfaces/action/detail
[12.366s] -- Installing: /home/andrea/tesi/ros2_mapf_cbs/project_1/install/my_intermediate_interfaces/include/my_intermediate_interfaces/my_intermediate_interfaces/action/detail/dds_fastrtps
[12.367s] -- Installing: /home/andrea/tesi/ros2_mapf_cbs/project_1/install/my_intermediate_interfaces/include/my_intermediate_interfaces/my_intermediate_interfaces/action/detail/my_compute_path_to_pose__rosidl_typesupport_fastrtps_cpp.hpp
[12.367s] -- Installing: /home/andrea/tesi/ros2_mapf_cbs/project_1/install/my_intermediate_interfaces/lib/libmy_intermediate_interfaces__rosidl_typesupport_fastrtps_cpp.so
[12.367s] -- Set runtime path of "/home/andrea/tesi/ros2_mapf_cbs/project_1/install/my_intermediate_interfaces/lib/libmy_intermediate_interfaces__rosidl_typesupport_fastrtps_cpp.so" to ""
[12.367s] -- Up-to-date: /home/andrea/tesi/ros2_mapf_cbs/project_1/install/my_intermediate_interfaces/include/my_intermediate_interfaces/my_intermediate_interfaces
[12.367s] -- Up-to-date: /home/andrea/tesi/ros2_mapf_cbs/project_1/install/my_intermediate_interfaces/include/my_intermediate_interfaces/my_intermediate_interfaces/srv
[12.367s] -- Up-to-date: /home/andrea/tesi/ros2_mapf_cbs/project_1/install/my_intermediate_interfaces/include/my_intermediate_interfaces/my_intermediate_interfaces/srv/detail
[12.367s] -- Installing: /home/andrea/tesi/ros2_mapf_cbs/project_1/install/my_intermediate_interfaces/include/my_intermediate_interfaces/my_intermediate_interfaces/srv/detail/start_goal_pose_stamped__type_support.c
[12.367s] -- Installing: /home/andrea/tesi/ros2_mapf_cbs/project_1/install/my_intermediate_interfaces/include/my_intermediate_interfaces/my_intermediate_interfaces/srv/detail/start_goal_positions__rosidl_typesupport_introspection_c.h
[12.367s] -- Installing: /home/andrea/tesi/ros2_mapf_cbs/project_1/install/my_intermediate_interfaces/include/my_intermediate_interfaces/my_intermediate_interfaces/srv/detail/computed_plans__rosidl_typesupport_introspection_c.h
[12.367s] -- Installing: /home/andrea/tesi/ros2_mapf_cbs/project_1/install/my_intermediate_interfaces/include/my_intermediate_interfaces/my_intermediate_interfaces/srv/detail/start_goal_positions__type_support.c
[12.367s] -- Installing: /home/andrea/tesi/ros2_mapf_cbs/project_1/install/my_intermediate_interfaces/include/my_intermediate_interfaces/my_intermediate_interfaces/srv/detail/computed_plans__type_support.c
[12.367s] -- Installing: /home/andrea/tesi/ros2_mapf_cbs/project_1/install/my_intermediate_interfaces/include/my_intermediate_interfaces/my_intermediate_interfaces/srv/detail/start_goal_pose_stamped__rosidl_typesupport_introspection_c.h
[12.367s] -- Up-to-date: /home/andrea/tesi/ros2_mapf_cbs/project_1/install/my_intermediate_interfaces/include/my_intermediate_interfaces/my_intermediate_interfaces/msg
[12.367s] -- Up-to-date: /home/andrea/tesi/ros2_mapf_cbs/project_1/install/my_intermediate_interfaces/include/my_intermediate_interfaces/my_intermediate_interfaces/msg/detail
[12.368s] -- Installing: /home/andrea/tesi/ros2_mapf_cbs/project_1/install/my_intermediate_interfaces/include/my_intermediate_interfaces/my_intermediate_interfaces/msg/detail/agent_path_request__type_support.c
[12.368s] -- Installing: /home/andrea/tesi/ros2_mapf_cbs/project_1/install/my_intermediate_interfaces/include/my_intermediate_interfaces/my_intermediate_interfaces/msg/detail/agent_path__type_support.c
[12.368s] -- Installing: /home/andrea/tesi/ros2_mapf_cbs/project_1/install/my_intermediate_interfaces/include/my_intermediate_interfaces/my_intermediate_interfaces/msg/detail/edge_constraint__rosidl_typesupport_introspection_c.h
[12.368s] -- Installing: /home/andrea/tesi/ros2_mapf_cbs/project_1/install/my_intermediate_interfaces/include/my_intermediate_interfaces/my_intermediate_interfaces/msg/detail/vertex_constraint__type_support.c
[12.368s] -- Installing: /home/andrea/tesi/ros2_mapf_cbs/project_1/install/my_intermediate_interfaces/include/my_intermediate_interfaces/my_intermediate_interfaces/msg/detail/vertex_constraint__rosidl_typesupport_introspection_c.h
[12.368s] -- Installing: /home/andrea/tesi/ros2_mapf_cbs/project_1/install/my_intermediate_interfaces/include/my_intermediate_interfaces/my_intermediate_interfaces/msg/detail/agent_path_request__rosidl_typesupport_introspection_c.h
[12.368s] -- Installing: /home/andrea/tesi/ros2_mapf_cbs/project_1/install/my_intermediate_interfaces/include/my_intermediate_interfaces/my_intermediate_interfaces/msg/detail/agent_path__rosidl_typesupport_introspection_c.h
[12.368s] -- Installing: /home/andrea/tesi/ros2_mapf_cbs/project_1/install/my_intermediate_interfaces/include/my_intermediate_interfaces/my_intermediate_interfaces/msg/detail/edge_constraint__type_support.c
[12.368s] -- Installing: /home/andrea/tesi/ros2_mapf_cbs/project_1/install/my_intermediate_interfaces/include/my_intermediate_interfaces/my_intermediate_interfaces/msg/rosidl_typesupport_introspection_c__visibility_control.h
[12.368s] -- Up-to-date: /home/andrea/tesi/ros2_mapf_cbs/project_1/install/my_intermediate_interfaces/include/my_intermediate_interfaces/my_intermediate_interfaces/action
[12.368s] -- Up-to-date: /home/andrea/tesi/ros2_mapf_cbs/project_1/install/my_intermediate_interfaces/include/my_intermediate_interfaces/my_intermediate_interfaces/action/detail
[12.368s] -- Installing: /home/andrea/tesi/ros2_mapf_cbs/project_1/install/my_intermediate_interfaces/include/my_intermediate_interfaces/my_intermediate_interfaces/action/detail/my_compute_path_to_pose__type_support.c
[12.368s] -- Installing: /home/andrea/tesi/ros2_mapf_cbs/project_1/install/my_intermediate_interfaces/include/my_intermediate_interfaces/my_intermediate_interfaces/action/detail/my_compute_path_to_pose__rosidl_typesupport_introspection_c.h
[12.368s] -- Installing: /home/andrea/tesi/ros2_mapf_cbs/project_1/install/my_intermediate_interfaces/lib/libmy_intermediate_interfaces__rosidl_typesupport_introspection_c.so
[12.368s] -- Set runtime path of "/home/andrea/tesi/ros2_mapf_cbs/project_1/install/my_intermediate_interfaces/lib/libmy_intermediate_interfaces__rosidl_typesupport_introspection_c.so" to ""
[12.369s] -- Installing: /home/andrea/tesi/ros2_mapf_cbs/project_1/install/my_intermediate_interfaces/lib/libmy_intermediate_interfaces__rosidl_typesupport_c.so
[12.369s] -- Set runtime path of "/home/andrea/tesi/ros2_mapf_cbs/project_1/install/my_intermediate_interfaces/lib/libmy_intermediate_interfaces__rosidl_typesupport_c.so" to ""
[12.369s] -- Up-to-date: /home/andrea/tesi/ros2_mapf_cbs/project_1/install/my_intermediate_interfaces/include/my_intermediate_interfaces/my_intermediate_interfaces
[12.369s] -- Up-to-date: /home/andrea/tesi/ros2_mapf_cbs/project_1/install/my_intermediate_interfaces/include/my_intermediate_interfaces/my_intermediate_interfaces/srv
[12.369s] -- Up-to-date: /home/andrea/tesi/ros2_mapf_cbs/project_1/install/my_intermediate_interfaces/include/my_intermediate_interfaces/my_intermediate_interfaces/srv/detail
[12.369s] -- Installing: /home/andrea/tesi/ros2_mapf_cbs/project_1/install/my_intermediate_interfaces/include/my_intermediate_interfaces/my_intermediate_interfaces/srv/detail/computed_plans__rosidl_typesupport_introspection_cpp.hpp
[12.369s] -- Installing: /home/andrea/tesi/ros2_mapf_cbs/project_1/install/my_intermediate_interfaces/include/my_intermediate_interfaces/my_intermediate_interfaces/srv/detail/start_goal_positions__type_support.cpp
[12.369s] -- Installing: /home/andrea/tesi/ros2_mapf_cbs/project_1/install/my_intermediate_interfaces/include/my_intermediate_interfaces/my_intermediate_interfaces/srv/detail/start_goal_pose_stamped__type_support.cpp
[12.369s] -- Installing: /home/andrea/tesi/ros2_mapf_cbs/project_1/install/my_intermediate_interfaces/include/my_intermediate_interfaces/my_intermediate_interfaces/srv/detail/start_goal_positions__rosidl_typesupport_introspection_cpp.hpp
[12.369s] -- Installing: /home/andrea/tesi/ros2_mapf_cbs/project_1/install/my_intermediate_interfaces/include/my_intermediate_interfaces/my_intermediate_interfaces/srv/detail/start_goal_pose_stamped__rosidl_typesupport_introspection_cpp.hpp
[12.369s] -- Installing: /home/andrea/tesi/ros2_mapf_cbs/project_1/install/my_intermediate_interfaces/include/my_intermediate_interfaces/my_intermediate_interfaces/srv/detail/computed_plans__type_support.cpp
[12.370s] -- Up-to-date: /home/andrea/tesi/ros2_mapf_cbs/project_1/install/my_intermediate_interfaces/include/my_intermediate_interfaces/my_intermediate_interfaces/msg
[12.370s] -- Up-to-date: /home/andrea/tesi/ros2_mapf_cbs/project_1/install/my_intermediate_interfaces/include/my_intermediate_interfaces/my_intermediate_interfaces/msg/detail
[12.370s] -- Installing: /home/andrea/tesi/ros2_mapf_cbs/project_1/install/my_intermediate_interfaces/include/my_intermediate_interfaces/my_intermediate_interfaces/msg/detail/edge_constraint__type_support.cpp
[12.370s] -- Installing: /home/andrea/tesi/ros2_mapf_cbs/project_1/install/my_intermediate_interfaces/include/my_intermediate_interfaces/my_intermediate_interfaces/msg/detail/agent_path__type_support.cpp
[12.370s] -- Installing: /home/andrea/tesi/ros2_mapf_cbs/project_1/install/my_intermediate_interfaces/include/my_intermediate_interfaces/my_intermediate_interfaces/msg/detail/agent_path_request__type_support.cpp
[12.370s] -- Installing: /home/andrea/tesi/ros2_mapf_cbs/project_1/install/my_intermediate_interfaces/include/my_intermediate_interfaces/my_intermediate_interfaces/msg/detail/vertex_constraint__type_support.cpp
[12.370s] -- Installing: /home/andrea/tesi/ros2_mapf_cbs/project_1/install/my_intermediate_interfaces/include/my_intermediate_interfaces/my_intermediate_interfaces/msg/detail/agent_path_request__rosidl_typesupport_introspection_cpp.hpp
[12.370s] -- Installing: /home/andrea/tesi/ros2_mapf_cbs/project_1/install/my_intermediate_interfaces/include/my_intermediate_interfaces/my_intermediate_interfaces/msg/detail/agent_path__rosidl_typesupport_introspection_cpp.hpp
[12.370s] -- Installing: /home/andrea/tesi/ros2_mapf_cbs/project_1/install/my_intermediate_interfaces/include/my_intermediate_interfaces/my_intermediate_interfaces/msg/detail/vertex_constraint__rosidl_typesupport_introspection_cpp.hpp
[12.370s] -- Installing: /home/andrea/tesi/ros2_mapf_cbs/project_1/install/my_intermediate_interfaces/include/my_intermediate_interfaces/my_intermediate_interfaces/msg/detail/edge_constraint__rosidl_typesupport_introspection_cpp.hpp
[12.370s] -- Up-to-date: /home/andrea/tesi/ros2_mapf_cbs/project_1/install/my_intermediate_interfaces/include/my_intermediate_interfaces/my_intermediate_interfaces/action
[12.370s] -- Up-to-date: /home/andrea/tesi/ros2_mapf_cbs/project_1/install/my_intermediate_interfaces/include/my_intermediate_interfaces/my_intermediate_interfaces/action/detail
[12.371s] -- Installing: /home/andrea/tesi/ros2_mapf_cbs/project_1/install/my_intermediate_interfaces/include/my_intermediate_interfaces/my_intermediate_interfaces/action/detail/my_compute_path_to_pose__type_support.cpp
[12.371s] -- Installing: /home/andrea/tesi/ros2_mapf_cbs/project_1/install/my_intermediate_interfaces/include/my_intermediate_interfaces/my_intermediate_interfaces/action/detail/my_compute_path_to_pose__rosidl_typesupport_introspection_cpp.hpp
[12.371s] -- Installing: /home/andrea/tesi/ros2_mapf_cbs/project_1/install/my_intermediate_interfaces/lib/libmy_intermediate_interfaces__rosidl_typesupport_introspection_cpp.so
[12.372s] -- Set runtime path of "/home/andrea/tesi/ros2_mapf_cbs/project_1/install/my_intermediate_interfaces/lib/libmy_intermediate_interfaces__rosidl_typesupport_introspection_cpp.so" to ""
[12.372s] -- Installing: /home/andrea/tesi/ros2_mapf_cbs/project_1/install/my_intermediate_interfaces/lib/libmy_intermediate_interfaces__rosidl_typesupport_cpp.so
[12.372s] -- Set runtime path of "/home/andrea/tesi/ros2_mapf_cbs/project_1/install/my_intermediate_interfaces/lib/libmy_intermediate_interfaces__rosidl_typesupport_cpp.so" to ""
[12.372s] -- Installing: /home/andrea/tesi/ros2_mapf_cbs/project_1/install/my_intermediate_interfaces/share/my_intermediate_interfaces/environment/pythonpath.sh
[12.372s] -- Installing: /home/andrea/tesi/ros2_mapf_cbs/project_1/install/my_intermediate_interfaces/share/my_intermediate_interfaces/environment/pythonpath.dsv
[12.373s] -- Installing: /home/andrea/tesi/ros2_mapf_cbs/project_1/install/my_intermediate_interfaces/local/lib/python3.10/dist-packages/my_intermediate_interfaces-0.0.0-py3.10.egg-info
[12.373s] -- Installing: /home/andrea/tesi/ros2_mapf_cbs/project_1/install/my_intermediate_interfaces/local/lib/python3.10/dist-packages/my_intermediate_interfaces-0.0.0-py3.10.egg-info/top_level.txt
[12.373s] -- Installing: /home/andrea/tesi/ros2_mapf_cbs/project_1/install/my_intermediate_interfaces/local/lib/python3.10/dist-packages/my_intermediate_interfaces-0.0.0-py3.10.egg-info/PKG-INFO
[12.373s] -- Installing: /home/andrea/tesi/ros2_mapf_cbs/project_1/install/my_intermediate_interfaces/local/lib/python3.10/dist-packages/my_intermediate_interfaces-0.0.0-py3.10.egg-info/SOURCES.txt
[12.373s] -- Installing: /home/andrea/tesi/ros2_mapf_cbs/project_1/install/my_intermediate_interfaces/local/lib/python3.10/dist-packages/my_intermediate_interfaces-0.0.0-py3.10.egg-info/dependency_links.txt
[12.373s] -- Installing: /home/andrea/tesi/ros2_mapf_cbs/project_1/install/my_intermediate_interfaces/local/lib/python3.10/dist-packages/my_intermediate_interfaces
[12.373s] -- Installing: /home/andrea/tesi/ros2_mapf_cbs/project_1/install/my_intermediate_interfaces/local/lib/python3.10/dist-packages/my_intermediate_interfaces/_my_intermediate_interfaces_s.ep.rosidl_typesupport_fastrtps_c.c
[12.373s] -- Installing: /home/andrea/tesi/ros2_mapf_cbs/project_1/install/my_intermediate_interfaces/local/lib/python3.10/dist-packages/my_intermediate_interfaces/my_intermediate_interfaces_s__rosidl_typesupport_introspection_c.cpython-310-x86_64-linux-gnu.so
[12.374s] -- Installing: /home/andrea/tesi/ros2_mapf_cbs/project_1/install/my_intermediate_interfaces/local/lib/python3.10/dist-packages/my_intermediate_interfaces/__init__.py
[12.374s] -- Installing: /home/andrea/tesi/ros2_mapf_cbs/project_1/install/my_intermediate_interfaces/local/lib/python3.10/dist-packages/my_intermediate_interfaces/my_intermediate_interfaces_s__rosidl_typesupport_c.cpython-310-x86_64-linux-gnu.so
[12.374s] -- Installing: /home/andrea/tesi/ros2_mapf_cbs/project_1/install/my_intermediate_interfaces/local/lib/python3.10/dist-packages/my_intermediate_interfaces/srv
[12.374s] -- Installing: /home/andrea/tesi/ros2_mapf_cbs/project_1/install/my_intermediate_interfaces/local/lib/python3.10/dist-packages/my_intermediate_interfaces/srv/__init__.py
[12.374s] -- Installing: /home/andrea/tesi/ros2_mapf_cbs/project_1/install/my_intermediate_interfaces/local/lib/python3.10/dist-packages/my_intermediate_interfaces/srv/_start_goal_pose_stamped_s.c
[12.374s] -- Installing: /home/andrea/tesi/ros2_mapf_cbs/project_1/install/my_intermediate_interfaces/local/lib/python3.10/dist-packages/my_intermediate_interfaces/srv/_computed_plans_s.c
[12.374s] -- Installing: /home/andrea/tesi/ros2_mapf_cbs/project_1/install/my_intermediate_interfaces/local/lib/python3.10/dist-packages/my_intermediate_interfaces/srv/_start_goal_positions.py
[12.374s] -- Installing: /home/andrea/tesi/ros2_mapf_cbs/project_1/install/my_intermediate_interfaces/local/lib/python3.10/dist-packages/my_intermediate_interfaces/srv/_start_goal_pose_stamped.py
[12.374s] -- Installing: /home/andrea/tesi/ros2_mapf_cbs/project_1/install/my_intermediate_interfaces/local/lib/python3.10/dist-packages/my_intermediate_interfaces/srv/_start_goal_positions_s.c
[12.375s] -- Installing: /home/andrea/tesi/ros2_mapf_cbs/project_1/install/my_intermediate_interfaces/local/lib/python3.10/dist-packages/my_intermediate_interfaces/srv/_computed_plans.py
[12.375s] -- Installing: /home/andrea/tesi/ros2_mapf_cbs/project_1/install/my_intermediate_interfaces/local/lib/python3.10/dist-packages/my_intermediate_interfaces/_my_intermediate_interfaces_s.ep.rosidl_typesupport_c.c
[12.375s] -- Installing: /home/andrea/tesi/ros2_mapf_cbs/project_1/install/my_intermediate_interfaces/local/lib/python3.10/dist-packages/my_intermediate_interfaces/msg
[12.375s] -- Installing: /home/andrea/tesi/ros2_mapf_cbs/project_1/install/my_intermediate_interfaces/local/lib/python3.10/dist-packages/my_intermediate_interfaces/msg/_agent_path_request_s.c
[12.375s] -- Installing: /home/andrea/tesi/ros2_mapf_cbs/project_1/install/my_intermediate_interfaces/local/lib/python3.10/dist-packages/my_intermediate_interfaces/msg/_agent_path.py
[12.375s] -- Installing: /home/andrea/tesi/ros2_mapf_cbs/project_1/install/my_intermediate_interfaces/local/lib/python3.10/dist-packages/my_intermediate_interfaces/msg/__init__.py
[12.375s] -- Installing: /home/andrea/tesi/ros2_mapf_cbs/project_1/install/my_intermediate_interfaces/local/lib/python3.10/dist-packages/my_intermediate_interfaces/msg/_vertex_constraint_s.c
[12.375s] -- Installing: /home/andrea/tesi/ros2_mapf_cbs/project_1/install/my_intermediate_interfaces/local/lib/python3.10/dist-packages/my_intermediate_interfaces/msg/_agent_path_s.c
[12.375s] -- Installing: /home/andrea/tesi/ros2_mapf_cbs/project_1/install/my_intermediate_interfaces/local/lib/python3.10/dist-packages/my_intermediate_interfaces/msg/_vertex_constraint.py
[12.375s] -- Installing: /home/andrea/tesi/ros2_mapf_cbs/project_1/install/my_intermediate_interfaces/local/lib/python3.10/dist-packages/my_intermediate_interfaces/msg/_edge_constraint.py
[12.375s] -- Installing: /home/andrea/tesi/ros2_mapf_cbs/project_1/install/my_intermediate_interfaces/local/lib/python3.10/dist-packages/my_intermediate_interfaces/msg/_edge_constraint_s.c
[12.375s] -- Installing: /home/andrea/tesi/ros2_mapf_cbs/project_1/install/my_intermediate_interfaces/local/lib/python3.10/dist-packages/my_intermediate_interfaces/msg/_agent_path_request.py
[12.375s] -- Installing: /home/andrea/tesi/ros2_mapf_cbs/project_1/install/my_intermediate_interfaces/local/lib/python3.10/dist-packages/my_intermediate_interfaces/action
[12.376s] -- Installing: /home/andrea/tesi/ros2_mapf_cbs/project_1/install/my_intermediate_interfaces/local/lib/python3.10/dist-packages/my_intermediate_interfaces/action/__init__.py
[12.376s] -- Installing: /home/andrea/tesi/ros2_mapf_cbs/project_1/install/my_intermediate_interfaces/local/lib/python3.10/dist-packages/my_intermediate_interfaces/action/_my_compute_path_to_pose_s.c
[12.376s] -- Installing: /home/andrea/tesi/ros2_mapf_cbs/project_1/install/my_intermediate_interfaces/local/lib/python3.10/dist-packages/my_intermediate_interfaces/action/_my_compute_path_to_pose.py
[12.376s] -- Installing: /home/andrea/tesi/ros2_mapf_cbs/project_1/install/my_intermediate_interfaces/local/lib/python3.10/dist-packages/my_intermediate_interfaces/_my_intermediate_interfaces_s.ep.rosidl_typesupport_introspection_c.c
[12.376s] -- Installing: /home/andrea/tesi/ros2_mapf_cbs/project_1/install/my_intermediate_interfaces/local/lib/python3.10/dist-packages/my_intermediate_interfaces/libmy_intermediate_interfaces__rosidl_generator_py.so
[12.376s] -- Installing: /home/andrea/tesi/ros2_mapf_cbs/project_1/install/my_intermediate_interfaces/local/lib/python3.10/dist-packages/my_intermediate_interfaces/my_intermediate_interfaces_s__rosidl_typesupport_fastrtps_c.cpython-310-x86_64-linux-gnu.so
[12.419s] Listing '/home/andrea/tesi/ros2_mapf_cbs/project_1/install/my_intermediate_interfaces/local/lib/python3.10/dist-packages/my_intermediate_interfaces'...
[12.419s] Compiling '/home/andrea/tesi/ros2_mapf_cbs/project_1/install/my_intermediate_interfaces/local/lib/python3.10/dist-packages/my_intermediate_interfaces/__init__.py'...
[12.419s] Listing '/home/andrea/tesi/ros2_mapf_cbs/project_1/install/my_intermediate_interfaces/local/lib/python3.10/dist-packages/my_intermediate_interfaces/action'...
[12.419s] Compiling '/home/andrea/tesi/ros2_mapf_cbs/project_1/install/my_intermediate_interfaces/local/lib/python3.10/dist-packages/my_intermediate_interfaces/action/__init__.py'...
[12.419s] Compiling '/home/andrea/tesi/ros2_mapf_cbs/project_1/install/my_intermediate_interfaces/local/lib/python3.10/dist-packages/my_intermediate_interfaces/action/_my_compute_path_to_pose.py'...
[12.419s] Listing '/home/andrea/tesi/ros2_mapf_cbs/project_1/install/my_intermediate_interfaces/local/lib/python3.10/dist-packages/my_intermediate_interfaces/msg'...
[12.419s] Compiling '/home/andrea/tesi/ros2_mapf_cbs/project_1/install/my_intermediate_interfaces/local/lib/python3.10/dist-packages/my_intermediate_interfaces/msg/__init__.py'...
[12.419s] Compiling '/home/andrea/tesi/ros2_mapf_cbs/project_1/install/my_intermediate_interfaces/local/lib/python3.10/dist-packages/my_intermediate_interfaces/msg/_agent_path.py'...
[12.419s] Compiling '/home/andrea/tesi/ros2_mapf_cbs/project_1/install/my_intermediate_interfaces/local/lib/python3.10/dist-packages/my_intermediate_interfaces/msg/_agent_path_request.py'...
[12.419s] Compiling '/home/andrea/tesi/ros2_mapf_cbs/project_1/install/my_intermediate_interfaces/local/lib/python3.10/dist-packages/my_intermediate_interfaces/msg/_edge_constraint.py'...
[12.419s] Compiling '/home/andrea/tesi/ros2_mapf_cbs/project_1/install/my_intermediate_interfaces/local/lib/python3.10/dist-packages/my_intermediate_interfaces/msg/_vertex_constraint.py'...
[12.420s] Listing '/home/andrea/tesi/ros2_mapf_cbs/project_1/install/my_intermediate_interfaces/local/lib/python3.10/dist-packages/my_intermediate_interfaces/srv'...
[12.420s] Compiling '/home/andrea/tesi/ros2_mapf_cbs/project_1/install/my_intermediate_interfaces/local/lib/python3.10/dist-packages/my_intermediate_interfaces/srv/__init__.py'...
[12.420s] Compiling '/home/andrea/tesi/ros2_mapf_cbs/project_1/install/my_intermediate_interfaces/local/lib/python3.10/dist-packages/my_intermediate_interfaces/srv/_computed_plans.py'...
[12.420s] Compiling '/home/andrea/tesi/ros2_mapf_cbs/project_1/install/my_intermediate_interfaces/local/lib/python3.10/dist-packages/my_intermediate_interfaces/srv/_start_goal_pose_stamped.py'...
[12.420s] Compiling '/home/andrea/tesi/ros2_mapf_cbs/project_1/install/my_intermediate_interfaces/local/lib/python3.10/dist-packages/my_intermediate_interfaces/srv/_start_goal_positions.py'...
[12.423s] -- Installing: /home/andrea/tesi/ros2_mapf_cbs/project_1/install/my_intermediate_interfaces/local/lib/python3.10/dist-packages/my_intermediate_interfaces/my_intermediate_interfaces_s__rosidl_typesupport_fastrtps_c.cpython-310-x86_64-linux-gnu.so
[12.423s] -- Set runtime path of "/home/andrea/tesi/ros2_mapf_cbs/project_1/install/my_intermediate_interfaces/local/lib/python3.10/dist-packages/my_intermediate_interfaces/my_intermediate_interfaces_s__rosidl_typesupport_fastrtps_c.cpython-310-x86_64-linux-gnu.so" to ""
[12.423s] -- Installing: /home/andrea/tesi/ros2_mapf_cbs/project_1/install/my_intermediate_interfaces/local/lib/python3.10/dist-packages/my_intermediate_interfaces/my_intermediate_interfaces_s__rosidl_typesupport_introspection_c.cpython-310-x86_64-linux-gnu.so
[12.423s] -- Set runtime path of "/home/andrea/tesi/ros2_mapf_cbs/project_1/install/my_intermediate_interfaces/local/lib/python3.10/dist-packages/my_intermediate_interfaces/my_intermediate_interfaces_s__rosidl_typesupport_introspection_c.cpython-310-x86_64-linux-gnu.so" to ""
[12.423s] -- Installing: /home/andrea/tesi/ros2_mapf_cbs/project_1/install/my_intermediate_interfaces/local/lib/python3.10/dist-packages/my_intermediate_interfaces/my_intermediate_interfaces_s__rosidl_typesupport_c.cpython-310-x86_64-linux-gnu.so
[12.424s] -- Set runtime path of "/home/andrea/tesi/ros2_mapf_cbs/project_1/install/my_intermediate_interfaces/local/lib/python3.10/dist-packages/my_intermediate_interfaces/my_intermediate_interfaces_s__rosidl_typesupport_c.cpython-310-x86_64-linux-gnu.so" to ""
[12.424s] -- Installing: /home/andrea/tesi/ros2_mapf_cbs/project_1/install/my_intermediate_interfaces/lib/libmy_intermediate_interfaces__rosidl_generator_py.so
[12.424s] -- Set runtime path of "/home/andrea/tesi/ros2_mapf_cbs/project_1/install/my_intermediate_interfaces/lib/libmy_intermediate_interfaces__rosidl_generator_py.so" to ""
[12.424s] -- Installing: /home/andrea/tesi/ros2_mapf_cbs/project_1/install/my_intermediate_interfaces/share/my_intermediate_interfaces/srv/StartGoalPoseStamped.idl
[12.424s] -- Installing: /home/andrea/tesi/ros2_mapf_cbs/project_1/install/my_intermediate_interfaces/share/my_intermediate_interfaces/srv/StartGoalPositions.idl
[12.424s] -- Installing: /home/andrea/tesi/ros2_mapf_cbs/project_1/install/my_intermediate_interfaces/share/my_intermediate_interfaces/srv/ComputedPlans.idl
[12.425s] -- Installing: /home/andrea/tesi/ros2_mapf_cbs/project_1/install/my_intermediate_interfaces/share/my_intermediate_interfaces/msg/AgentPathRequest.idl
[12.425s] -- Installing: /home/andrea/tesi/ros2_mapf_cbs/project_1/install/my_intermediate_interfaces/share/my_intermediate_interfaces/msg/AgentPath.idl
[12.425s] -- Installing: /home/andrea/tesi/ros2_mapf_cbs/project_1/install/my_intermediate_interfaces/share/my_intermediate_interfaces/msg/VertexConstraint.idl
[12.425s] -- Installing: /home/andrea/tesi/ros2_mapf_cbs/project_1/install/my_intermediate_interfaces/share/my_intermediate_interfaces/msg/EdgeConstraint.idl
[12.425s] -- Installing: /home/andrea/tesi/ros2_mapf_cbs/project_1/install/my_intermediate_interfaces/share/my_intermediate_interfaces/action/MyComputePathToPose.idl
[12.425s] -- Installing: /home/andrea/tesi/ros2_mapf_cbs/project_1/install/my_intermediate_interfaces/share/my_intermediate_interfaces/srv/StartGoalPoseStamped.srv
[12.425s] -- Installing: /home/andrea/tesi/ros2_mapf_cbs/project_1/install/my_intermediate_interfaces/share/my_intermediate_interfaces/srv/StartGoalPoseStamped_Request.msg
[12.425s] -- Installing: /home/andrea/tesi/ros2_mapf_cbs/project_1/install/my_intermediate_interfaces/share/my_intermediate_interfaces/srv/StartGoalPoseStamped_Response.msg
[12.425s] -- Installing: /home/andrea/tesi/ros2_mapf_cbs/project_1/install/my_intermediate_interfaces/share/my_intermediate_interfaces/srv/StartGoalPositions.srv
[12.425s] -- Installing: /home/andrea/tesi/ros2_mapf_cbs/project_1/install/my_intermediate_interfaces/share/my_intermediate_interfaces/srv/StartGoalPositions_Request.msg
[12.426s] -- Installing: /home/andrea/tesi/ros2_mapf_cbs/project_1/install/my_intermediate_interfaces/share/my_intermediate_interfaces/srv/StartGoalPositions_Response.msg
[12.426s] -- Installing: /home/andrea/tesi/ros2_mapf_cbs/project_1/install/my_intermediate_interfaces/share/my_intermediate_interfaces/srv/ComputedPlans.srv
[12.426s] -- Installing: /home/andrea/tesi/ros2_mapf_cbs/project_1/install/my_intermediate_interfaces/share/my_intermediate_interfaces/srv/ComputedPlans_Request.msg
[12.426s] -- Installing: /home/andrea/tesi/ros2_mapf_cbs/project_1/install/my_intermediate_interfaces/share/my_intermediate_interfaces/srv/ComputedPlans_Response.msg
[12.426s] -- Installing: /home/andrea/tesi/ros2_mapf_cbs/project_1/install/my_intermediate_interfaces/share/my_intermediate_interfaces/msg/AgentPathRequest.msg
[12.426s] -- Installing: /home/andrea/tesi/ros2_mapf_cbs/project_1/install/my_intermediate_interfaces/share/my_intermediate_interfaces/msg/AgentPath.msg
[12.426s] -- Installing: /home/andrea/tesi/ros2_mapf_cbs/project_1/install/my_intermediate_interfaces/share/my_intermediate_interfaces/msg/VertexConstraint.msg
[12.426s] -- Installing: /home/andrea/tesi/ros2_mapf_cbs/project_1/install/my_intermediate_interfaces/share/my_intermediate_interfaces/msg/EdgeConstraint.msg
[12.426s] -- Installing: /home/andrea/tesi/ros2_mapf_cbs/project_1/install/my_intermediate_interfaces/share/my_intermediate_interfaces/action/MyComputePathToPose.action
[12.426s] -- Installing: /home/andrea/tesi/ros2_mapf_cbs/project_1/install/my_intermediate_interfaces/share/ament_index/resource_index/package_run_dependencies/my_intermediate_interfaces
[12.426s] -- Installing: /home/andrea/tesi/ros2_mapf_cbs/project_1/install/my_intermediate_interfaces/share/ament_index/resource_index/parent_prefix_path/my_intermediate_interfaces
[12.427s] -- Installing: /home/andrea/tesi/ros2_mapf_cbs/project_1/install/my_intermediate_interfaces/share/my_intermediate_interfaces/environment/ament_prefix_path.sh
[12.427s] -- Installing: /home/andrea/tesi/ros2_mapf_cbs/project_1/install/my_intermediate_interfaces/share/my_intermediate_interfaces/environment/ament_prefix_path.dsv
[12.427s] -- Installing: /home/andrea/tesi/ros2_mapf_cbs/project_1/install/my_intermediate_interfaces/share/my_intermediate_interfaces/environment/path.sh
[12.427s] -- Installing: /home/andrea/tesi/ros2_mapf_cbs/project_1/install/my_intermediate_interfaces/share/my_intermediate_interfaces/environment/path.dsv
[12.427s] -- Installing: /home/andrea/tesi/ros2_mapf_cbs/project_1/install/my_intermediate_interfaces/share/my_intermediate_interfaces/local_setup.bash
[12.427s] -- Installing: /home/andrea/tesi/ros2_mapf_cbs/project_1/install/my_intermediate_interfaces/share/my_intermediate_interfaces/local_setup.sh
[12.427s] -- Installing: /home/andrea/tesi/ros2_mapf_cbs/project_1/install/my_intermediate_interfaces/share/my_intermediate_interfaces/local_setup.zsh
[12.427s] -- Installing: /home/andrea/tesi/ros2_mapf_cbs/project_1/install/my_intermediate_interfaces/share/my_intermediate_interfaces/local_setup.dsv
[12.427s] -- Installing: /home/andrea/tesi/ros2_mapf_cbs/project_1/install/my_intermediate_interfaces/share/my_intermediate_interfaces/package.dsv
[12.427s] -- Installing: /home/andrea/tesi/ros2_mapf_cbs/project_1/install/my_intermediate_interfaces/share/ament_index/resource_index/packages/my_intermediate_interfaces
[12.427s] -- Installing: /home/andrea/tesi/ros2_mapf_cbs/project_1/install/my_intermediate_interfaces/share/my_intermediate_interfaces/cmake/export_my_intermediate_interfaces__rosidl_generator_cExport.cmake
[12.427s] -- Installing: /home/andrea/tesi/ros2_mapf_cbs/project_1/install/my_intermediate_interfaces/share/my_intermediate_interfaces/cmake/export_my_intermediate_interfaces__rosidl_generator_cExport-noconfig.cmake
[12.428s] -- Installing: /home/andrea/tesi/ros2_mapf_cbs/project_1/install/my_intermediate_interfaces/share/my_intermediate_interfaces/cmake/export_my_intermediate_interfaces__rosidl_typesupport_fastrtps_cExport.cmake
[12.428s] -- Installing: /home/andrea/tesi/ros2_mapf_cbs/project_1/install/my_intermediate_interfaces/share/my_intermediate_interfaces/cmake/export_my_intermediate_interfaces__rosidl_typesupport_fastrtps_cExport-noconfig.cmake
[12.428s] -- Installing: /home/andrea/tesi/ros2_mapf_cbs/project_1/install/my_intermediate_interfaces/share/my_intermediate_interfaces/cmake/export_my_intermediate_interfaces__rosidl_generator_cppExport.cmake
[12.428s] -- Installing: /home/andrea/tesi/ros2_mapf_cbs/project_1/install/my_intermediate_interfaces/share/my_intermediate_interfaces/cmake/export_my_intermediate_interfaces__rosidl_typesupport_fastrtps_cppExport.cmake
[12.428s] -- Installing: /home/andrea/tesi/ros2_mapf_cbs/project_1/install/my_intermediate_interfaces/share/my_intermediate_interfaces/cmake/export_my_intermediate_interfaces__rosidl_typesupport_fastrtps_cppExport-noconfig.cmake
[12.428s] -- Installing: /home/andrea/tesi/ros2_mapf_cbs/project_1/install/my_intermediate_interfaces/share/my_intermediate_interfaces/cmake/my_intermediate_interfaces__rosidl_typesupport_introspection_cExport.cmake
[12.428s] -- Installing: /home/andrea/tesi/ros2_mapf_cbs/project_1/install/my_intermediate_interfaces/share/my_intermediate_interfaces/cmake/my_intermediate_interfaces__rosidl_typesupport_introspection_cExport-noconfig.cmake
[12.428s] -- Installing: /home/andrea/tesi/ros2_mapf_cbs/project_1/install/my_intermediate_interfaces/share/my_intermediate_interfaces/cmake/my_intermediate_interfaces__rosidl_typesupport_cExport.cmake
[12.428s] -- Installing: /home/andrea/tesi/ros2_mapf_cbs/project_1/install/my_intermediate_interfaces/share/my_intermediate_interfaces/cmake/my_intermediate_interfaces__rosidl_typesupport_cExport-noconfig.cmake
[12.428s] -- Installing: /home/andrea/tesi/ros2_mapf_cbs/project_1/install/my_intermediate_interfaces/share/my_intermediate_interfaces/cmake/my_intermediate_interfaces__rosidl_typesupport_introspection_cppExport.cmake
[12.428s] -- Installing: /home/andrea/tesi/ros2_mapf_cbs/project_1/install/my_intermediate_interfaces/share/my_intermediate_interfaces/cmake/my_intermediate_interfaces__rosidl_typesupport_introspection_cppExport-noconfig.cmake
[12.429s] -- Installing: /home/andrea/tesi/ros2_mapf_cbs/project_1/install/my_intermediate_interfaces/share/my_intermediate_interfaces/cmake/my_intermediate_interfaces__rosidl_typesupport_cppExport.cmake
[12.429s] -- Installing: /home/andrea/tesi/ros2_mapf_cbs/project_1/install/my_intermediate_interfaces/share/my_intermediate_interfaces/cmake/my_intermediate_interfaces__rosidl_typesupport_cppExport-noconfig.cmake
[12.429s] -- Installing: /home/andrea/tesi/ros2_mapf_cbs/project_1/install/my_intermediate_interfaces/share/my_intermediate_interfaces/cmake/export_my_intermediate_interfaces__rosidl_generator_pyExport.cmake
[12.429s] -- Installing: /home/andrea/tesi/ros2_mapf_cbs/project_1/install/my_intermediate_interfaces/share/my_intermediate_interfaces/cmake/export_my_intermediate_interfaces__rosidl_generator_pyExport-noconfig.cmake
[12.429s] -- Installing: /home/andrea/tesi/ros2_mapf_cbs/project_1/install/my_intermediate_interfaces/share/my_intermediate_interfaces/cmake/rosidl_cmake-extras.cmake
[12.429s] -- Installing: /home/andrea/tesi/ros2_mapf_cbs/project_1/install/my_intermediate_interfaces/share/my_intermediate_interfaces/cmake/ament_cmake_export_dependencies-extras.cmake
[12.429s] -- Installing: /home/andrea/tesi/ros2_mapf_cbs/project_1/install/my_intermediate_interfaces/share/my_intermediate_interfaces/cmake/ament_cmake_export_include_directories-extras.cmake
[12.429s] -- Installing: /home/andrea/tesi/ros2_mapf_cbs/project_1/install/my_intermediate_interfaces/share/my_intermediate_interfaces/cmake/ament_cmake_export_libraries-extras.cmake
[12.429s] -- Installing: /home/andrea/tesi/ros2_mapf_cbs/project_1/install/my_intermediate_interfaces/share/my_intermediate_interfaces/cmake/ament_cmake_export_targets-extras.cmake
[12.429s] -- Installing: /home/andrea/tesi/ros2_mapf_cbs/project_1/install/my_intermediate_interfaces/share/my_intermediate_interfaces/cmake/rosidl_cmake_export_typesupport_targets-extras.cmake
[12.430s] -- Installing: /home/andrea/tesi/ros2_mapf_cbs/project_1/install/my_intermediate_interfaces/share/my_intermediate_interfaces/cmake/rosidl_cmake_export_typesupport_libraries-extras.cmake
[12.430s] -- Installing: /home/andrea/tesi/ros2_mapf_cbs/project_1/install/my_intermediate_interfaces/share/my_intermediate_interfaces/cmake/my_intermediate_interfacesConfig.cmake
[12.430s] -- Installing: /home/andrea/tesi/ros2_mapf_cbs/project_1/install/my_intermediate_interfaces/share/my_intermediate_interfaces/cmake/my_intermediate_interfacesConfig-version.cmake
[12.430s] -- Installing: /home/andrea/tesi/ros2_mapf_cbs/project_1/install/my_intermediate_interfaces/share/my_intermediate_interfaces/package.xml
[12.432s] Invoked command in '/home/andrea/tesi/ros2_mapf_cbs/project_1/build/my_intermediate_interfaces' returned '0': CMAKE_PREFIX_PATH=${CMAKE_PREFIX_PATH}:/home/andrea/tesi/ros2_mapf_cbs/project_1/install/my_package:/home/andrea/tesi/ros2_mapf_cbs/project_1/install/my_intermediate:/home/andrea/tesi/ros2_mapf_cbs/simple_example/install/my_py_pkg:/opt/ros/humble /usr/bin/cmake --install /home/andrea/tesi/ros2_mapf_cbs/project_1/build/my_intermediate_interfaces
