[0.101s] Invoking command in '/home/andrea/tesi/ros2_mapf_cbs/project_1/build/my_nav2_smac_planner': CMAKE_PREFIX_PATH=/home/andrea/tesi/ros2_mapf_cbs/project_1/install/my_nav2_core:/home/andrea/tesi/ros2_mapf_cbs/project_1/install/my_intermediate_interfaces:/home/andrea/tesi/ros2_mapf_cbs/project_1/install/turtlebot3_multi_robot:/home/andrea/tesi/ros2_mapf_cbs/project_1/install/nav2_straightline_planner:/home/andrea/tesi/ros2_mapf_cbs/project_1/install/my_try_bringup:/home/andrea/tesi/ros2_mapf_cbs/project_1/install/my_nav2_planner:/home/andrea/tesi/ros2_mapf_cbs/project_1/install/my_nav2_smac_planner:/home/andrea/tesi/ros2_mapf_cbs/project_1/install/my_nav2_navfn_planner:/home/andrea/tesi/ros2_mapf_cbs/simple_example/install/my_robot_bringup:/home/andrea/tesi/ros2_mapf_cbs/simple_example/install/my_robot_interfaces:/home/andrea/tesi/ros2_mapf_cbs/project_1/install/my_package:/home/andrea/tesi/ros2_mapf_cbs/project_1/install/my_intermediate:/home/andrea/tesi/ros2_mapf_cbs/simple_example/install/my_py_pkg:/opt/ros/humble LD_LIBRARY_PATH=/home/andrea/tesi/ros2_mapf_cbs/project_1/install/my_intermediate_interfaces/lib:/home/andrea/tesi/ros2_mapf_cbs/project_1/install/nav2_straightline_planner/lib:/home/andrea/tesi/ros2_mapf_cbs/project_1/install/my_nav2_planner/lib:/home/andrea/tesi/ros2_mapf_cbs/project_1/install/my_nav2_smac_planner/lib:/home/andrea/tesi/ros2_mapf_cbs/project_1/install/my_nav2_navfn_planner/lib:/home/andrea/tesi/ros2_mapf_cbs/simple_example/install/my_robot_interfaces/lib:/usr/lib/x86_64-linux-gnu/gazebo-11/plugins:/opt/ros/humble/opt/rviz_ogre_vendor/lib:/opt/ros/humble/lib/x86_64-linux-gnu:/opt/ros/humble/lib:/home/andrea/ws_online/build/ros2_bdi_on_litter_world /usr/bin/cmake --build /home/andrea/tesi/ros2_mapf_cbs/project_1/build/my_nav2_smac_planner -- -j8 -l8
[0.167s] [35m[1mConsolidate compiler generated dependencies of target my_nav2_smac_planner[0m
[0.250s] [  9%] [32mBuilding CXX object CMakeFiles/my_nav2_smac_planner.dir/src/smac_planner_2d.cpp.o[0m
[8.652s] [ 18%] [32m[1mLinking CXX shared library libmy_nav2_smac_planner.so[0m
[8.986s] [100%] Built target my_nav2_smac_planner
[8.996s] Invoked command in '/home/andrea/tesi/ros2_mapf_cbs/project_1/build/my_nav2_smac_planner' returned '0': CMAKE_PREFIX_PATH=/home/andrea/tesi/ros2_mapf_cbs/project_1/install/my_nav2_core:/home/andrea/tesi/ros2_mapf_cbs/project_1/install/my_intermediate_interfaces:/home/andrea/tesi/ros2_mapf_cbs/project_1/install/turtlebot3_multi_robot:/home/andrea/tesi/ros2_mapf_cbs/project_1/install/nav2_straightline_planner:/home/andrea/tesi/ros2_mapf_cbs/project_1/install/my_try_bringup:/home/andrea/tesi/ros2_mapf_cbs/project_1/install/my_nav2_planner:/home/andrea/tesi/ros2_mapf_cbs/project_1/install/my_nav2_smac_planner:/home/andrea/tesi/ros2_mapf_cbs/project_1/install/my_nav2_navfn_planner:/home/andrea/tesi/ros2_mapf_cbs/simple_example/install/my_robot_bringup:/home/andrea/tesi/ros2_mapf_cbs/simple_example/install/my_robot_interfaces:/home/andrea/tesi/ros2_mapf_cbs/project_1/install/my_package:/home/andrea/tesi/ros2_mapf_cbs/project_1/install/my_intermediate:/home/andrea/tesi/ros2_mapf_cbs/simple_example/install/my_py_pkg:/opt/ros/humble LD_LIBRARY_PATH=/home/andrea/tesi/ros2_mapf_cbs/project_1/install/my_intermediate_interfaces/lib:/home/andrea/tesi/ros2_mapf_cbs/project_1/install/nav2_straightline_planner/lib:/home/andrea/tesi/ros2_mapf_cbs/project_1/install/my_nav2_planner/lib:/home/andrea/tesi/ros2_mapf_cbs/project_1/install/my_nav2_smac_planner/lib:/home/andrea/tesi/ros2_mapf_cbs/project_1/install/my_nav2_navfn_planner/lib:/home/andrea/tesi/ros2_mapf_cbs/simple_example/install/my_robot_interfaces/lib:/usr/lib/x86_64-linux-gnu/gazebo-11/plugins:/opt/ros/humble/opt/rviz_ogre_vendor/lib:/opt/ros/humble/lib/x86_64-linux-gnu:/opt/ros/humble/lib:/home/andrea/ws_online/build/ros2_bdi_on_litter_world /usr/bin/cmake --build /home/andrea/tesi/ros2_mapf_cbs/project_1/build/my_nav2_smac_planner -- -j8 -l8
[9.038s] Invoking command in '/home/andrea/tesi/ros2_mapf_cbs/project_1/build/my_nav2_smac_planner': CMAKE_PREFIX_PATH=/home/andrea/tesi/ros2_mapf_cbs/project_1/install/my_nav2_core:/home/andrea/tesi/ros2_mapf_cbs/project_1/install/my_intermediate_interfaces:/home/andrea/tesi/ros2_mapf_cbs/project_1/install/turtlebot3_multi_robot:/home/andrea/tesi/ros2_mapf_cbs/project_1/install/nav2_straightline_planner:/home/andrea/tesi/ros2_mapf_cbs/project_1/install/my_try_bringup:/home/andrea/tesi/ros2_mapf_cbs/project_1/install/my_nav2_planner:/home/andrea/tesi/ros2_mapf_cbs/project_1/install/my_nav2_smac_planner:/home/andrea/tesi/ros2_mapf_cbs/project_1/install/my_nav2_navfn_planner:/home/andrea/tesi/ros2_mapf_cbs/simple_example/install/my_robot_bringup:/home/andrea/tesi/ros2_mapf_cbs/simple_example/install/my_robot_interfaces:/home/andrea/tesi/ros2_mapf_cbs/project_1/install/my_package:/home/andrea/tesi/ros2_mapf_cbs/project_1/install/my_intermediate:/home/andrea/tesi/ros2_mapf_cbs/simple_example/install/my_py_pkg:/opt/ros/humble LD_LIBRARY_PATH=/home/andrea/tesi/ros2_mapf_cbs/project_1/install/my_intermediate_interfaces/lib:/home/andrea/tesi/ros2_mapf_cbs/project_1/install/nav2_straightline_planner/lib:/home/andrea/tesi/ros2_mapf_cbs/project_1/install/my_nav2_planner/lib:/home/andrea/tesi/ros2_mapf_cbs/project_1/install/my_nav2_smac_planner/lib:/home/andrea/tesi/ros2_mapf_cbs/project_1/install/my_nav2_navfn_planner/lib:/home/andrea/tesi/ros2_mapf_cbs/simple_example/install/my_robot_interfaces/lib:/usr/lib/x86_64-linux-gnu/gazebo-11/plugins:/opt/ros/humble/opt/rviz_ogre_vendor/lib:/opt/ros/humble/lib/x86_64-linux-gnu:/opt/ros/humble/lib:/home/andrea/ws_online/build/ros2_bdi_on_litter_world /usr/bin/cmake --install /home/andrea/tesi/ros2_mapf_cbs/project_1/build/my_nav2_smac_planner
[9.044s] -- Install configuration: "Release"
[9.044s] -- Execute custom install script
[9.044s] -- Up-to-date symlink: /home/andrea/tesi/ros2_mapf_cbs/project_1/install/my_nav2_smac_planner/share/my_nav2_smac_planner//smac_plugin_2d.xml
[9.045s] -- Up-to-date symlink: /home/andrea/tesi/ros2_mapf_cbs/project_1/install/my_nav2_smac_planner/lib/libmy_nav2_smac_planner.so
[9.045s] -- Up-to-date symlink: /home/andrea/tesi/ros2_mapf_cbs/project_1/install/my_nav2_smac_planner/include//my_nav2_smac_planner/a_star.hpp
[9.045s] -- Up-to-date symlink: /home/andrea/tesi/ros2_mapf_cbs/project_1/install/my_nav2_smac_planner/include//my_nav2_smac_planner/analytic_expansion.hpp
[9.045s] -- Up-to-date symlink: /home/andrea/tesi/ros2_mapf_cbs/project_1/install/my_nav2_smac_planner/include//my_nav2_smac_planner/collision_checker.hpp
[9.045s] -- Up-to-date symlink: /home/andrea/tesi/ros2_mapf_cbs/project_1/install/my_nav2_smac_planner/include//my_nav2_smac_planner/constants.hpp
[9.045s] -- Up-to-date symlink: /home/andrea/tesi/ros2_mapf_cbs/project_1/install/my_nav2_smac_planner/include//my_nav2_smac_planner/costmap_downsampler.hpp
[9.046s] -- Up-to-date symlink: /home/andrea/tesi/ros2_mapf_cbs/project_1/install/my_nav2_smac_planner/include//my_nav2_smac_planner/my_smac_planner_2d.hpp
[9.046s] -- Up-to-date symlink: /home/andrea/tesi/ros2_mapf_cbs/project_1/install/my_nav2_smac_planner/include//my_nav2_smac_planner/node_2d.hpp
[9.046s] -- Up-to-date symlink: /home/andrea/tesi/ros2_mapf_cbs/project_1/install/my_nav2_smac_planner/include//my_nav2_smac_planner/node_basic.hpp
[9.046s] -- Up-to-date symlink: /home/andrea/tesi/ros2_mapf_cbs/project_1/install/my_nav2_smac_planner/include//my_nav2_smac_planner/node_hybrid.hpp
[9.046s] -- Up-to-date symlink: /home/andrea/tesi/ros2_mapf_cbs/project_1/install/my_nav2_smac_planner/include//my_nav2_smac_planner/node_lattice.hpp
[9.046s] -- Up-to-date symlink: /home/andrea/tesi/ros2_mapf_cbs/project_1/install/my_nav2_smac_planner/include//my_nav2_smac_planner/smac_planner_hybrid.hpp
[9.046s] -- Up-to-date symlink: /home/andrea/tesi/ros2_mapf_cbs/project_1/install/my_nav2_smac_planner/include//my_nav2_smac_planner/smac_planner_lattice.hpp
[9.046s] -- Up-to-date symlink: /home/andrea/tesi/ros2_mapf_cbs/project_1/install/my_nav2_smac_planner/include//my_nav2_smac_planner/smoother.hpp
[9.046s] -- Up-to-date symlink: /home/andrea/tesi/ros2_mapf_cbs/project_1/install/my_nav2_smac_planner/include//my_nav2_smac_planner/thirdparty/robin_hood.h
[9.046s] -- Up-to-date symlink: /home/andrea/tesi/ros2_mapf_cbs/project_1/install/my_nav2_smac_planner/include//my_nav2_smac_planner/types.hpp
[9.046s] -- Up-to-date symlink: /home/andrea/tesi/ros2_mapf_cbs/project_1/install/my_nav2_smac_planner/include//my_nav2_smac_planner/utils.hpp
[9.046s] -- Up-to-date symlink: /home/andrea/tesi/ros2_mapf_cbs/project_1/install/my_nav2_smac_planner/share/my_nav2_smac_planner/environment/library_path.sh
[9.046s] -- Up-to-date symlink: /home/andrea/tesi/ros2_mapf_cbs/project_1/install/my_nav2_smac_planner/share/my_nav2_smac_planner/environment/library_path.dsv
[9.047s] -- Up-to-date symlink: /home/andrea/tesi/ros2_mapf_cbs/project_1/install/my_nav2_smac_planner/share/ament_index/resource_index/package_run_dependencies/my_nav2_smac_planner
[9.047s] -- Up-to-date symlink: /home/andrea/tesi/ros2_mapf_cbs/project_1/install/my_nav2_smac_planner/share/ament_index/resource_index/parent_prefix_path/my_nav2_smac_planner
[9.047s] -- Up-to-date symlink: /home/andrea/tesi/ros2_mapf_cbs/project_1/install/my_nav2_smac_planner/share/my_nav2_smac_planner/environment/ament_prefix_path.sh
[9.047s] -- Up-to-date symlink: /home/andrea/tesi/ros2_mapf_cbs/project_1/install/my_nav2_smac_planner/share/my_nav2_smac_planner/environment/ament_prefix_path.dsv
[9.047s] -- Up-to-date symlink: /home/andrea/tesi/ros2_mapf_cbs/project_1/install/my_nav2_smac_planner/share/my_nav2_smac_planner/environment/path.sh
[9.047s] -- Up-to-date symlink: /home/andrea/tesi/ros2_mapf_cbs/project_1/install/my_nav2_smac_planner/share/my_nav2_smac_planner/environment/path.dsv
[9.047s] -- Up-to-date symlink: /home/andrea/tesi/ros2_mapf_cbs/project_1/install/my_nav2_smac_planner/share/my_nav2_smac_planner/local_setup.bash
[9.047s] -- Up-to-date symlink: /home/andrea/tesi/ros2_mapf_cbs/project_1/install/my_nav2_smac_planner/share/my_nav2_smac_planner/local_setup.sh
[9.047s] -- Up-to-date symlink: /home/andrea/tesi/ros2_mapf_cbs/project_1/install/my_nav2_smac_planner/share/my_nav2_smac_planner/local_setup.zsh
[9.047s] -- Up-to-date symlink: /home/andrea/tesi/ros2_mapf_cbs/project_1/install/my_nav2_smac_planner/share/my_nav2_smac_planner/local_setup.dsv
[9.047s] -- Symlinking: /home/andrea/tesi/ros2_mapf_cbs/project_1/install/my_nav2_smac_planner/share/my_nav2_smac_planner/package.dsv
[9.058s] -- Up-to-date symlink: /home/andrea/tesi/ros2_mapf_cbs/project_1/install/my_nav2_smac_planner/share/ament_index/resource_index/packages/my_nav2_smac_planner
[9.058s] -- Up-to-date symlink: /home/andrea/tesi/ros2_mapf_cbs/project_1/install/my_nav2_smac_planner/share/ament_index/resource_index/my_nav2_core__pluginlib__plugin/my_nav2_smac_planner
[9.058s] -- Up-to-date symlink: /home/andrea/tesi/ros2_mapf_cbs/project_1/install/my_nav2_smac_planner/share/my_nav2_smac_planner/cmake/ament_cmake_export_include_directories-extras.cmake
[9.058s] -- Up-to-date symlink: /home/andrea/tesi/ros2_mapf_cbs/project_1/install/my_nav2_smac_planner/share/my_nav2_smac_planner/cmake/ament_cmake_export_libraries-extras.cmake
[9.058s] -- Up-to-date symlink: /home/andrea/tesi/ros2_mapf_cbs/project_1/install/my_nav2_smac_planner/share/my_nav2_smac_planner/cmake/ament_cmake_export_dependencies-extras.cmake
[9.059s] -- Up-to-date symlink: /home/andrea/tesi/ros2_mapf_cbs/project_1/install/my_nav2_smac_planner/share/my_nav2_smac_planner/cmake/my_nav2_smac_plannerConfig.cmake
[9.059s] -- Up-to-date symlink: /home/andrea/tesi/ros2_mapf_cbs/project_1/install/my_nav2_smac_planner/share/my_nav2_smac_planner/cmake/my_nav2_smac_plannerConfig-version.cmake
[9.059s] -- Up-to-date symlink: /home/andrea/tesi/ros2_mapf_cbs/project_1/install/my_nav2_smac_planner/share/my_nav2_smac_planner/package.xml
[9.061s] Invoked command in '/home/andrea/tesi/ros2_mapf_cbs/project_1/build/my_nav2_smac_planner' returned '0': CMAKE_PREFIX_PATH=/home/andrea/tesi/ros2_mapf_cbs/project_1/install/my_nav2_core:/home/andrea/tesi/ros2_mapf_cbs/project_1/install/my_intermediate_interfaces:/home/andrea/tesi/ros2_mapf_cbs/project_1/install/turtlebot3_multi_robot:/home/andrea/tesi/ros2_mapf_cbs/project_1/install/nav2_straightline_planner:/home/andrea/tesi/ros2_mapf_cbs/project_1/install/my_try_bringup:/home/andrea/tesi/ros2_mapf_cbs/project_1/install/my_nav2_planner:/home/andrea/tesi/ros2_mapf_cbs/project_1/install/my_nav2_smac_planner:/home/andrea/tesi/ros2_mapf_cbs/project_1/install/my_nav2_navfn_planner:/home/andrea/tesi/ros2_mapf_cbs/simple_example/install/my_robot_bringup:/home/andrea/tesi/ros2_mapf_cbs/simple_example/install/my_robot_interfaces:/home/andrea/tesi/ros2_mapf_cbs/project_1/install/my_package:/home/andrea/tesi/ros2_mapf_cbs/project_1/install/my_intermediate:/home/andrea/tesi/ros2_mapf_cbs/simple_example/install/my_py_pkg:/opt/ros/humble LD_LIBRARY_PATH=/home/andrea/tesi/ros2_mapf_cbs/project_1/install/my_intermediate_interfaces/lib:/home/andrea/tesi/ros2_mapf_cbs/project_1/install/nav2_straightline_planner/lib:/home/andrea/tesi/ros2_mapf_cbs/project_1/install/my_nav2_planner/lib:/home/andrea/tesi/ros2_mapf_cbs/project_1/install/my_nav2_smac_planner/lib:/home/andrea/tesi/ros2_mapf_cbs/project_1/install/my_nav2_navfn_planner/lib:/home/andrea/tesi/ros2_mapf_cbs/simple_example/install/my_robot_interfaces/lib:/usr/lib/x86_64-linux-gnu/gazebo-11/plugins:/opt/ros/humble/opt/rviz_ogre_vendor/lib:/opt/ros/humble/lib/x86_64-linux-gnu:/opt/ros/humble/lib:/home/andrea/ws_online/build/ros2_bdi_on_litter_world /usr/bin/cmake --install /home/andrea/tesi/ros2_mapf_cbs/project_1/build/my_nav2_smac_planner
