[0.835s] Invoking command in '/home/andrea/tesi/ros2_mapf_cbs/project_1/src/my_intermediate': CMAKE_PREFIX_PATH=/home/andrea/tesi/ros2_mapf_cbs/project_1/install/my_intermediate_interfaces:/home/andrea/tesi/ros2_mapf_cbs/project_1/install/turtlebot3_multi_robot:/home/andrea/tesi/ros2_mapf_cbs/project_1/install/original_turtlebot3_multi_robot:/home/andrea/tesi/ros2_mapf_cbs/project_1/install/nav2_straightline_planner:/home/andrea/tesi/ros2_mapf_cbs/project_1/install/my_try_bringup:/home/andrea/tesi/ros2_mapf_cbs/project_1/install/my_nav2_planner:/home/andrea/tesi/ros2_mapf_cbs/project_1/install/my_nav2_navfn_planner:/home/andrea/tesi/ros2_mapf_cbs/project_1/install/my_nav2_core:/home/andrea/tesi/ros2_mapf_cbs/simple_example/install/my_robot_bringup:/home/andrea/tesi/ros2_mapf_cbs/simple_example/install/my_robot_interfaces LD_LIBRARY_PATH=/home/andrea/tesi/ros2_mapf_cbs/project_1/install/my_intermediate_interfaces/lib:/home/andrea/tesi/ros2_mapf_cbs/project_1/install/nav2_straightline_planner/lib:/home/andrea/tesi/ros2_mapf_cbs/project_1/install/my_nav2_planner/lib:/home/andrea/tesi/ros2_mapf_cbs/project_1/install/my_nav2_navfn_planner/lib:/home/andrea/tesi/ros2_mapf_cbs/simple_example/install/my_robot_interfaces/lib:/usr/lib/x86_64-linux-gnu/gazebo-11/plugins:/opt/ros/humble/opt/rviz_ogre_vendor/lib:/opt/ros/humble/lib/x86_64-linux-gnu:/opt/ros/humble/lib:/home/andrea/ws_online/build/ros2_bdi_on_litter_world:/home/andrea/ws_online/build/ros2_bdi_on_litter_world PYTHONPATH=/home/andrea/tesi/ros2_mapf_cbs/project_1/build/my_intermediate/prefix_override:/home/andrea/tesi/ros2_mapf_cbs/project_1/install/my_intermediate/lib/python3.10/site-packages:${PYTHONPATH} /usr/bin/python3 setup.py egg_info --egg-base ../../build/my_intermediate build --build-base /home/andrea/tesi/ros2_mapf_cbs/project_1/build/my_intermediate/build install --record /home/andrea/tesi/ros2_mapf_cbs/project_1/build/my_intermediate/install.log --single-version-externally-managed
[1.026s] running egg_info
[1.026s] writing ../../build/my_intermediate/my_intermediate.egg-info/PKG-INFO
[1.027s] writing dependency_links to ../../build/my_intermediate/my_intermediate.egg-info/dependency_links.txt
[1.027s] writing entry points to ../../build/my_intermediate/my_intermediate.egg-info/entry_points.txt
[1.027s] writing requirements to ../../build/my_intermediate/my_intermediate.egg-info/requires.txt
[1.027s] writing top-level names to ../../build/my_intermediate/my_intermediate.egg-info/top_level.txt
[1.028s] reading manifest file '../../build/my_intermediate/my_intermediate.egg-info/SOURCES.txt'
[1.035s] writing manifest file '../../build/my_intermediate/my_intermediate.egg-info/SOURCES.txt'
[1.035s] running build
[1.035s] running build_py
[1.035s] running install
[1.036s] running install_lib
[1.037s] running install_data
[1.037s] running install_egg_info
[1.038s] removing '/home/andrea/tesi/ros2_mapf_cbs/project_1/install/my_intermediate/lib/python3.10/site-packages/my_intermediate-0.0.0-py3.10.egg-info' (and everything under it)
[1.039s] Copying ../../build/my_intermediate/my_intermediate.egg-info to /home/andrea/tesi/ros2_mapf_cbs/project_1/install/my_intermediate/lib/python3.10/site-packages/my_intermediate-0.0.0-py3.10.egg-info
[1.039s] running install_scripts
[1.053s] Installing collision_avoider script to /home/andrea/tesi/ros2_mapf_cbs/project_1/install/my_intermediate/lib/my_intermediate
[1.053s] Installing fake_asker script to /home/andrea/tesi/ros2_mapf_cbs/project_1/install/my_intermediate/lib/my_intermediate
[1.053s] Installing map_discretizer script to /home/andrea/tesi/ros2_mapf_cbs/project_1/install/my_intermediate/lib/my_intermediate
[1.053s] Installing multi_agent_plan_asker script to /home/andrea/tesi/ros2_mapf_cbs/project_1/install/my_intermediate/lib/my_intermediate
[1.053s] Installing plan_asker script to /home/andrea/tesi/ros2_mapf_cbs/project_1/install/my_intermediate/lib/my_intermediate
[1.054s] writing list of installed files to '/home/andrea/tesi/ros2_mapf_cbs/project_1/build/my_intermediate/install.log'
[1.073s] Invoked command in '/home/andrea/tesi/ros2_mapf_cbs/project_1/src/my_intermediate' returned '0': CMAKE_PREFIX_PATH=/home/andrea/tesi/ros2_mapf_cbs/project_1/install/my_intermediate_interfaces:/home/andrea/tesi/ros2_mapf_cbs/project_1/install/turtlebot3_multi_robot:/home/andrea/tesi/ros2_mapf_cbs/project_1/install/original_turtlebot3_multi_robot:/home/andrea/tesi/ros2_mapf_cbs/project_1/install/nav2_straightline_planner:/home/andrea/tesi/ros2_mapf_cbs/project_1/install/my_try_bringup:/home/andrea/tesi/ros2_mapf_cbs/project_1/install/my_nav2_planner:/home/andrea/tesi/ros2_mapf_cbs/project_1/install/my_nav2_navfn_planner:/home/andrea/tesi/ros2_mapf_cbs/project_1/install/my_nav2_core:/home/andrea/tesi/ros2_mapf_cbs/simple_example/install/my_robot_bringup:/home/andrea/tesi/ros2_mapf_cbs/simple_example/install/my_robot_interfaces LD_LIBRARY_PATH=/home/andrea/tesi/ros2_mapf_cbs/project_1/install/my_intermediate_interfaces/lib:/home/andrea/tesi/ros2_mapf_cbs/project_1/install/nav2_straightline_planner/lib:/home/andrea/tesi/ros2_mapf_cbs/project_1/install/my_nav2_planner/lib:/home/andrea/tesi/ros2_mapf_cbs/project_1/install/my_nav2_navfn_planner/lib:/home/andrea/tesi/ros2_mapf_cbs/simple_example/install/my_robot_interfaces/lib:/usr/lib/x86_64-linux-gnu/gazebo-11/plugins:/opt/ros/humble/opt/rviz_ogre_vendor/lib:/opt/ros/humble/lib/x86_64-linux-gnu:/opt/ros/humble/lib:/home/andrea/ws_online/build/ros2_bdi_on_litter_world:/home/andrea/ws_online/build/ros2_bdi_on_litter_world PYTHONPATH=/home/andrea/tesi/ros2_mapf_cbs/project_1/build/my_intermediate/prefix_override:/home/andrea/tesi/ros2_mapf_cbs/project_1/install/my_intermediate/lib/python3.10/site-packages:${PYTHONPATH} /usr/bin/python3 setup.py egg_info --egg-base ../../build/my_intermediate build --build-base /home/andrea/tesi/ros2_mapf_cbs/project_1/build/my_intermediate/build install --record /home/andrea/tesi/ros2_mapf_cbs/project_1/build/my_intermediate/install.log --single-version-externally-managed
