[0.038s] Invoking command in '/home/andrea/tesi/ros2_mapf_cbs/simple_example/build/my_robot_bringup': AMENT_PREFIX_PATH=/home/andrea/tesi/ros2_mapf_cbs/simple_example/install/my_py_pkg:/home/andrea/tesi/ros2_mapf_cbs/simple_example/install/my_robot_interfaces:${AMENT_PREFIX_PATH} CMAKE_PREFIX_PATH=/home/andrea/tesi/ros2_mapf_cbs/simple_example/install/my_robot_interfaces:/opt/ros/humble LD_LIBRARY_PATH=/home/andrea/tesi/ros2_mapf_cbs/simple_example/install/my_robot_interfaces/lib:/usr/lib/x86_64-linux-gnu/gazebo-11/plugins:/opt/ros/humble/opt/rviz_ogre_vendor/lib:/opt/ros/humble/lib/x86_64-linux-gnu:/opt/ros/humble/lib:/home/andrea/ws_online/build/ros2_bdi_on_litter_world PYTHONPATH=/home/andrea/tesi/ros2_mapf_cbs/simple_example/build/my_py_pkg:/home/andrea/tesi/ros2_mapf_cbs/simple_example/install/my_py_pkg/lib/python3.10/site-packages:/home/andrea/tesi/ros2_mapf_cbs/simple_example/install/my_robot_interfaces/local/lib/python3.10/dist-packages:${PYTHONPATH} /usr/bin/cmake /home/andrea/tesi/ros2_mapf_cbs/simple_example/src/my_robot_bringup -DAMENT_CMAKE_SYMLINK_INSTALL=1 -DCMAKE_INSTALL_PREFIX=/home/andrea/tesi/ros2_mapf_cbs/simple_example/install/my_robot_bringup
[0.082s] -- The C compiler identification is GNU 11.4.0
[0.122s] -- The CXX compiler identification is GNU 11.4.0
[0.127s] -- Detecting C compiler ABI info
[0.172s] -- Detecting C compiler ABI info - done
[0.177s] -- Check for working C compiler: /usr/bin/cc - skipped
[0.177s] -- Detecting C compile features
[0.178s] -- Detecting C compile features - done
[0.180s] -- Detecting CXX compiler ABI info
[0.236s] -- Detecting CXX compiler ABI info - done
[0.242s] -- Check for working CXX compiler: /usr/bin/c++ - skipped
[0.242s] -- Detecting CXX compile features
[0.242s] -- Detecting CXX compile features - done
[0.244s] -- Found ament_cmake: 1.3.5 (/opt/ros/humble/share/ament_cmake/cmake)
[0.371s] -- Found Python3: /usr/bin/python3.10 (found version "3.10.12") found components: Interpreter 
[0.417s] -- Override CMake install command with custom implementation using symlinks instead of copying resources
[0.499s] -- Configuring done
[0.501s] -- Generating done
[0.501s] -- Build files have been written to: /home/andrea/tesi/ros2_mapf_cbs/simple_example/build/my_robot_bringup
[0.505s] Invoked command in '/home/andrea/tesi/ros2_mapf_cbs/simple_example/build/my_robot_bringup' returned '0': AMENT_PREFIX_PATH=/home/andrea/tesi/ros2_mapf_cbs/simple_example/install/my_py_pkg:/home/andrea/tesi/ros2_mapf_cbs/simple_example/install/my_robot_interfaces:${AMENT_PREFIX_PATH} CMAKE_PREFIX_PATH=/home/andrea/tesi/ros2_mapf_cbs/simple_example/install/my_robot_interfaces:/opt/ros/humble LD_LIBRARY_PATH=/home/andrea/tesi/ros2_mapf_cbs/simple_example/install/my_robot_interfaces/lib:/usr/lib/x86_64-linux-gnu/gazebo-11/plugins:/opt/ros/humble/opt/rviz_ogre_vendor/lib:/opt/ros/humble/lib/x86_64-linux-gnu:/opt/ros/humble/lib:/home/andrea/ws_online/build/ros2_bdi_on_litter_world PYTHONPATH=/home/andrea/tesi/ros2_mapf_cbs/simple_example/build/my_py_pkg:/home/andrea/tesi/ros2_mapf_cbs/simple_example/install/my_py_pkg/lib/python3.10/site-packages:/home/andrea/tesi/ros2_mapf_cbs/simple_example/install/my_robot_interfaces/local/lib/python3.10/dist-packages:${PYTHONPATH} /usr/bin/cmake /home/andrea/tesi/ros2_mapf_cbs/simple_example/src/my_robot_bringup -DAMENT_CMAKE_SYMLINK_INSTALL=1 -DCMAKE_INSTALL_PREFIX=/home/andrea/tesi/ros2_mapf_cbs/simple_example/install/my_robot_bringup
[0.506s] Invoking command in '/home/andrea/tesi/ros2_mapf_cbs/simple_example/build/my_robot_bringup': AMENT_PREFIX_PATH=/home/andrea/tesi/ros2_mapf_cbs/simple_example/install/my_py_pkg:/home/andrea/tesi/ros2_mapf_cbs/simple_example/install/my_robot_interfaces:${AMENT_PREFIX_PATH} CMAKE_PREFIX_PATH=/home/andrea/tesi/ros2_mapf_cbs/simple_example/install/my_robot_interfaces:/opt/ros/humble LD_LIBRARY_PATH=/home/andrea/tesi/ros2_mapf_cbs/simple_example/install/my_robot_interfaces/lib:/usr/lib/x86_64-linux-gnu/gazebo-11/plugins:/opt/ros/humble/opt/rviz_ogre_vendor/lib:/opt/ros/humble/lib/x86_64-linux-gnu:/opt/ros/humble/lib:/home/andrea/ws_online/build/ros2_bdi_on_litter_world PYTHONPATH=/home/andrea/tesi/ros2_mapf_cbs/simple_example/build/my_py_pkg:/home/andrea/tesi/ros2_mapf_cbs/simple_example/install/my_py_pkg/lib/python3.10/site-packages:/home/andrea/tesi/ros2_mapf_cbs/simple_example/install/my_robot_interfaces/local/lib/python3.10/dist-packages:${PYTHONPATH} /usr/bin/cmake --build /home/andrea/tesi/ros2_mapf_cbs/simple_example/build/my_robot_bringup -- -j8 -l8
[0.530s] Invoked command in '/home/andrea/tesi/ros2_mapf_cbs/simple_example/build/my_robot_bringup' returned '0': AMENT_PREFIX_PATH=/home/andrea/tesi/ros2_mapf_cbs/simple_example/install/my_py_pkg:/home/andrea/tesi/ros2_mapf_cbs/simple_example/install/my_robot_interfaces:${AMENT_PREFIX_PATH} CMAKE_PREFIX_PATH=/home/andrea/tesi/ros2_mapf_cbs/simple_example/install/my_robot_interfaces:/opt/ros/humble LD_LIBRARY_PATH=/home/andrea/tesi/ros2_mapf_cbs/simple_example/install/my_robot_interfaces/lib:/usr/lib/x86_64-linux-gnu/gazebo-11/plugins:/opt/ros/humble/opt/rviz_ogre_vendor/lib:/opt/ros/humble/lib/x86_64-linux-gnu:/opt/ros/humble/lib:/home/andrea/ws_online/build/ros2_bdi_on_litter_world PYTHONPATH=/home/andrea/tesi/ros2_mapf_cbs/simple_example/build/my_py_pkg:/home/andrea/tesi/ros2_mapf_cbs/simple_example/install/my_py_pkg/lib/python3.10/site-packages:/home/andrea/tesi/ros2_mapf_cbs/simple_example/install/my_robot_interfaces/local/lib/python3.10/dist-packages:${PYTHONPATH} /usr/bin/cmake --build /home/andrea/tesi/ros2_mapf_cbs/simple_example/build/my_robot_bringup -- -j8 -l8
[0.545s] Invoking command in '/home/andrea/tesi/ros2_mapf_cbs/simple_example/build/my_robot_bringup': AMENT_PREFIX_PATH=/home/andrea/tesi/ros2_mapf_cbs/simple_example/install/my_py_pkg:/home/andrea/tesi/ros2_mapf_cbs/simple_example/install/my_robot_interfaces:${AMENT_PREFIX_PATH} CMAKE_PREFIX_PATH=/home/andrea/tesi/ros2_mapf_cbs/simple_example/install/my_robot_interfaces:/opt/ros/humble LD_LIBRARY_PATH=/home/andrea/tesi/ros2_mapf_cbs/simple_example/install/my_robot_interfaces/lib:/usr/lib/x86_64-linux-gnu/gazebo-11/plugins:/opt/ros/humble/opt/rviz_ogre_vendor/lib:/opt/ros/humble/lib/x86_64-linux-gnu:/opt/ros/humble/lib:/home/andrea/ws_online/build/ros2_bdi_on_litter_world PYTHONPATH=/home/andrea/tesi/ros2_mapf_cbs/simple_example/build/my_py_pkg:/home/andrea/tesi/ros2_mapf_cbs/simple_example/install/my_py_pkg/lib/python3.10/site-packages:/home/andrea/tesi/ros2_mapf_cbs/simple_example/install/my_robot_interfaces/local/lib/python3.10/dist-packages:${PYTHONPATH} /usr/bin/cmake --install /home/andrea/tesi/ros2_mapf_cbs/simple_example/build/my_robot_bringup
[0.550s] -- Install configuration: ""
[0.551s] -- Execute custom install script
[0.551s] -- Symlinking: /home/andrea/tesi/ros2_mapf_cbs/simple_example/install/my_robot_bringup/share/my_robot_bringup/launch/number_app.launch.py
[0.556s] -- Symlinking: /home/andrea/tesi/ros2_mapf_cbs/simple_example/install/my_robot_bringup/share/my_robot_bringup/launch/robot_app.launch.py
[0.563s] -- Symlinking: /home/andrea/tesi/ros2_mapf_cbs/simple_example/install/my_robot_bringup/share/ament_index/resource_index/package_run_dependencies/my_robot_bringup
[0.569s] -- Symlinking: /home/andrea/tesi/ros2_mapf_cbs/simple_example/install/my_robot_bringup/share/ament_index/resource_index/parent_prefix_path/my_robot_bringup
[0.574s] -- Symlinking: /home/andrea/tesi/ros2_mapf_cbs/simple_example/install/my_robot_bringup/share/my_robot_bringup/environment/ament_prefix_path.sh
[0.580s] -- Symlinking: /home/andrea/tesi/ros2_mapf_cbs/simple_example/install/my_robot_bringup/share/my_robot_bringup/environment/ament_prefix_path.dsv
[0.586s] -- Symlinking: /home/andrea/tesi/ros2_mapf_cbs/simple_example/install/my_robot_bringup/share/my_robot_bringup/environment/path.sh
[0.591s] -- Symlinking: /home/andrea/tesi/ros2_mapf_cbs/simple_example/install/my_robot_bringup/share/my_robot_bringup/environment/path.dsv
[0.597s] -- Symlinking: /home/andrea/tesi/ros2_mapf_cbs/simple_example/install/my_robot_bringup/share/my_robot_bringup/local_setup.bash
[0.603s] -- Symlinking: /home/andrea/tesi/ros2_mapf_cbs/simple_example/install/my_robot_bringup/share/my_robot_bringup/local_setup.sh
[0.609s] -- Symlinking: /home/andrea/tesi/ros2_mapf_cbs/simple_example/install/my_robot_bringup/share/my_robot_bringup/local_setup.zsh
[0.616s] -- Symlinking: /home/andrea/tesi/ros2_mapf_cbs/simple_example/install/my_robot_bringup/share/my_robot_bringup/local_setup.dsv
[0.621s] -- Symlinking: /home/andrea/tesi/ros2_mapf_cbs/simple_example/install/my_robot_bringup/share/my_robot_bringup/package.dsv
[0.627s] -- Symlinking: /home/andrea/tesi/ros2_mapf_cbs/simple_example/install/my_robot_bringup/share/ament_index/resource_index/packages/my_robot_bringup
[0.633s] -- Symlinking: /home/andrea/tesi/ros2_mapf_cbs/simple_example/install/my_robot_bringup/share/my_robot_bringup/cmake/my_robot_bringupConfig.cmake
[0.638s] -- Symlinking: /home/andrea/tesi/ros2_mapf_cbs/simple_example/install/my_robot_bringup/share/my_robot_bringup/cmake/my_robot_bringupConfig-version.cmake
[0.644s] -- Symlinking: /home/andrea/tesi/ros2_mapf_cbs/simple_example/install/my_robot_bringup/share/my_robot_bringup/package.xml
[0.651s] Invoked command in '/home/andrea/tesi/ros2_mapf_cbs/simple_example/build/my_robot_bringup' returned '0': AMENT_PREFIX_PATH=/home/andrea/tesi/ros2_mapf_cbs/simple_example/install/my_py_pkg:/home/andrea/tesi/ros2_mapf_cbs/simple_example/install/my_robot_interfaces:${AMENT_PREFIX_PATH} CMAKE_PREFIX_PATH=/home/andrea/tesi/ros2_mapf_cbs/simple_example/install/my_robot_interfaces:/opt/ros/humble LD_LIBRARY_PATH=/home/andrea/tesi/ros2_mapf_cbs/simple_example/install/my_robot_interfaces/lib:/usr/lib/x86_64-linux-gnu/gazebo-11/plugins:/opt/ros/humble/opt/rviz_ogre_vendor/lib:/opt/ros/humble/lib/x86_64-linux-gnu:/opt/ros/humble/lib:/home/andrea/ws_online/build/ros2_bdi_on_litter_world PYTHONPATH=/home/andrea/tesi/ros2_mapf_cbs/simple_example/build/my_py_pkg:/home/andrea/tesi/ros2_mapf_cbs/simple_example/install/my_py_pkg/lib/python3.10/site-packages:/home/andrea/tesi/ros2_mapf_cbs/simple_example/install/my_robot_interfaces/local/lib/python3.10/dist-packages:${PYTHONPATH} /usr/bin/cmake --install /home/andrea/tesi/ros2_mapf_cbs/simple_example/build/my_robot_bringup
