[0.361s] Invoking command in '/home/andrea/tesi/ros2_mapf_cbs/project_1/build/my_intermediate_interfaces': CMAKE_PREFIX_PATH=${CMAKE_PREFIX_PATH}:/home/andrea/tesi/ros2_mapf_cbs/project_1/install/my_package:/home/andrea/tesi/ros2_mapf_cbs/project_1/install/my_intermediate:/home/andrea/tesi/ros2_mapf_cbs/simple_example/install/my_py_pkg:/opt/ros/humble /usr/bin/cmake /home/andrea/tesi/ros2_mapf_cbs/project_1/src/my_intermediate_interfaces -DAMENT_CMAKE_SYMLINK_INSTALL=1 -DCMAKE_INSTALL_PREFIX=/home/andrea/tesi/ros2_mapf_cbs/project_1/install/my_intermediate_interfaces
[0.651s] -- The C compiler identification is GNU 11.4.0
[0.651s] -- The CXX compiler identification is GNU 11.4.0
[0.651s] -- Detecting C compiler ABI info
[0.652s] -- Detecting C compiler ABI info - done
[0.652s] -- Check for working C compiler: /usr/bin/cc - skipped
[0.652s] -- Detecting C compile features
[0.652s] -- Detecting C compile features - done
[0.652s] -- Detecting CXX compiler ABI info
[0.652s] -- Detecting CXX compiler ABI info - done
[0.652s] -- Check for working CXX compiler: /usr/bin/c++ - skipped
[0.652s] -- Detecting CXX compile features
[0.652s] -- Detecting CXX compile features - done
[0.652s] -- Found std_srvs: 4.2.3 (/opt/ros/humble/share/std_srvs/cmake)
[0.833s] -- Found Python3: /usr/bin/python3.10 (found version "3.10.12") found components: Interpreter 
[0.896s] -- Override CMake install command with custom implementation using symlinks instead of copying resources
[0.969s] -- Found rosidl_generator_c: 3.1.5 (/opt/ros/humble/share/rosidl_generator_c/cmake)
[0.979s] -- Found rosidl_adapter: 3.1.5 (/opt/ros/humble/share/rosidl_adapter/cmake)
[0.990s] -- Found rosidl_generator_cpp: 3.1.5 (/opt/ros/humble/share/rosidl_generator_cpp/cmake)
[1.012s] -- Using all available rosidl_typesupport_c: rosidl_typesupport_fastrtps_c;rosidl_typesupport_introspection_c
[1.036s] -- Using all available rosidl_typesupport_cpp: rosidl_typesupport_fastrtps_cpp;rosidl_typesupport_introspection_cpp
[1.062s] -- Found nav_msgs: 4.2.3 (/opt/ros/humble/share/nav_msgs/cmake)
[1.336s] -- Found nav2_msgs: 1.1.12 (/opt/ros/humble/share/nav2_msgs/cmake)
[1.563s] -- Found rosidl_default_generators: 1.2.0 (/opt/ros/humble/share/rosidl_default_generators/cmake)
[2.090s] -- Found ament_cmake_ros: 0.10.0 (/opt/ros/humble/share/ament_cmake_ros/cmake)
[2.573s] -- Using all available rosidl_typesupport_c: rosidl_typesupport_fastrtps_c;rosidl_typesupport_introspection_c
[2.766s] -- Using all available rosidl_typesupport_cpp: rosidl_typesupport_fastrtps_cpp;rosidl_typesupport_introspection_cpp
[2.785s] -- Found PythonInterp: /usr/bin/python3 (found suitable version "3.10.12", minimum required is "3.6") 
[2.787s] -- Found python_cmake_module: 0.10.0 (/opt/ros/humble/share/python_cmake_module/cmake)
[2.808s] -- Found PythonLibs: /usr/lib/x86_64-linux-gnu/libpython3.10.so (found suitable version "3.10.12", minimum required is "3.5") 
[2.808s] -- Using PYTHON_EXECUTABLE: /usr/bin/python3
[2.808s] -- Using PYTHON_INCLUDE_DIRS: /usr/include/python3.10
[2.808s] -- Using PYTHON_LIBRARIES: /usr/lib/x86_64-linux-gnu/libpython3.10.so
[2.826s] -- Found PythonExtra: .so  
[2.904s] -- Configuring done
[2.951s] -- Generating done
[2.952s] -- Build files have been written to: /home/andrea/tesi/ros2_mapf_cbs/project_1/build/my_intermediate_interfaces
[2.961s] Invoked command in '/home/andrea/tesi/ros2_mapf_cbs/project_1/build/my_intermediate_interfaces' returned '0': CMAKE_PREFIX_PATH=${CMAKE_PREFIX_PATH}:/home/andrea/tesi/ros2_mapf_cbs/project_1/install/my_package:/home/andrea/tesi/ros2_mapf_cbs/project_1/install/my_intermediate:/home/andrea/tesi/ros2_mapf_cbs/simple_example/install/my_py_pkg:/opt/ros/humble /usr/bin/cmake /home/andrea/tesi/ros2_mapf_cbs/project_1/src/my_intermediate_interfaces -DAMENT_CMAKE_SYMLINK_INSTALL=1 -DCMAKE_INSTALL_PREFIX=/home/andrea/tesi/ros2_mapf_cbs/project_1/install/my_intermediate_interfaces
[2.962s] Invoking command in '/home/andrea/tesi/ros2_mapf_cbs/project_1/build/my_intermediate_interfaces': CMAKE_PREFIX_PATH=${CMAKE_PREFIX_PATH}:/home/andrea/tesi/ros2_mapf_cbs/project_1/install/my_package:/home/andrea/tesi/ros2_mapf_cbs/project_1/install/my_intermediate:/home/andrea/tesi/ros2_mapf_cbs/simple_example/install/my_py_pkg:/opt/ros/humble /usr/bin/cmake --build /home/andrea/tesi/ros2_mapf_cbs/project_1/build/my_intermediate_interfaces -- -j8 -l8
[2.999s] [  1%] [34m[1mGenerating C code for ROS interfaces[0m
[3.005s] [  1%] [34m[1mGenerating C++ code for ROS interfaces[0m
[3.019s] [  1%] Built target ament_cmake_python_symlink_my_intermediate_interfaces
[3.337s] running egg_info
[3.338s] creating my_intermediate_interfaces.egg-info
[3.338s] writing my_intermediate_interfaces.egg-info/PKG-INFO
[3.338s] writing dependency_links to my_intermediate_interfaces.egg-info/dependency_links.txt
[3.338s] writing top-level names to my_intermediate_interfaces.egg-info/top_level.txt
[3.339s] writing manifest file 'my_intermediate_interfaces.egg-info/SOURCES.txt'
[3.341s] reading manifest file 'my_intermediate_interfaces.egg-info/SOURCES.txt'
[3.341s] writing manifest file 'my_intermediate_interfaces.egg-info/SOURCES.txt'
[3.375s] [  1%] Built target ament_cmake_python_build_my_intermediate_interfaces_egg
[3.936s] [  1%] Built target my_intermediate_interfaces__cpp
[3.947s] [  2%] [34m[1mGenerating C++ type support dispatch for ROS interfaces[0m
[3.949s] [  3%] [34m[1mGenerating C++ type support for eProsima Fast-RTPS[0m
[3.949s] [  4%] [34m[1mGenerating C++ introspection for ROS interfaces[0m
[4.190s] [  6%] [32mBuilding C object CMakeFiles/my_intermediate_interfaces__rosidl_generator_c.dir/rosidl_generator_c/my_intermediate_interfaces/msg/detail/agent_path_request__functions.c.o[0m
[4.190s] [  6%] [32mBuilding C object CMakeFiles/my_intermediate_interfaces__rosidl_generator_c.dir/rosidl_generator_c/my_intermediate_interfaces/srv/detail/start_goal_positions__functions.c.o[0m
[4.195s] [  7%] [32mBuilding C object CMakeFiles/my_intermediate_interfaces__rosidl_generator_c.dir/rosidl_generator_c/my_intermediate_interfaces/srv/detail/computed_plans__functions.c.o[0m
[4.206s] [  8%] [32mBuilding C object CMakeFiles/my_intermediate_interfaces__rosidl_generator_c.dir/rosidl_generator_c/my_intermediate_interfaces/srv/detail/start_goal_pose_stamped__functions.c.o[0m
[4.207s] [  9%] [32mBuilding C object CMakeFiles/my_intermediate_interfaces__rosidl_generator_c.dir/rosidl_generator_c/my_intermediate_interfaces/msg/detail/agent_path__functions.c.o[0m
[4.304s] [ 10%] [32mBuilding C object CMakeFiles/my_intermediate_interfaces__rosidl_generator_c.dir/rosidl_generator_c/my_intermediate_interfaces/msg/detail/edge_constraint__functions.c.o[0m
[4.305s] [ 11%] [32mBuilding C object CMakeFiles/my_intermediate_interfaces__rosidl_generator_c.dir/rosidl_generator_c/my_intermediate_interfaces/msg/detail/vertex_constraint__functions.c.o[0m
[4.305s] [ 12%] [32mBuilding C object CMakeFiles/my_intermediate_interfaces__rosidl_generator_c.dir/rosidl_generator_c/my_intermediate_interfaces/msg/detail/start_goal__functions.c.o[0m
[4.310s] [ 13%] [32mBuilding C object CMakeFiles/my_intermediate_interfaces__rosidl_generator_c.dir/rosidl_generator_c/my_intermediate_interfaces/msg/detail/coordinates3_d__functions.c.o[0m
[4.366s] [ 14%] [32mBuilding C object CMakeFiles/my_intermediate_interfaces__rosidl_generator_c.dir/rosidl_generator_c/my_intermediate_interfaces/action/detail/my_compute_path_to_pose__functions.c.o[0m
[4.496s] [ 15%] [32m[1mLinking C shared library libmy_intermediate_interfaces__rosidl_generator_c.so[0m
[4.534s] [ 15%] Built target my_intermediate_interfaces__rosidl_generator_c
[4.550s] [ 18%] [34m[1mGenerating C introspection for ROS interfaces[0m
[4.550s] [ 18%] [34m[1mGenerating C type support dispatch for ROS interfaces[0m
[4.550s] [ 18%] [34m[1mGenerating C type support for eProsima Fast-RTPS[0m
[4.910s] [ 19%] [32mBuilding CXX object CMakeFiles/my_intermediate_interfaces__rosidl_typesupport_cpp.dir/rosidl_typesupport_cpp/my_intermediate_interfaces/srv/start_goal_pose_stamped__type_support.cpp.o[0m
[4.947s] [ 20%] [32mBuilding CXX object CMakeFiles/my_intermediate_interfaces__rosidl_typesupport_cpp.dir/rosidl_typesupport_cpp/my_intermediate_interfaces/srv/start_goal_positions__type_support.cpp.o[0m
[4.951s] [ 21%] [32mBuilding CXX object CMakeFiles/my_intermediate_interfaces__rosidl_typesupport_cpp.dir/rosidl_typesupport_cpp/my_intermediate_interfaces/srv/computed_plans__type_support.cpp.o[0m
[5.376s] [ 22%] [32mBuilding CXX object CMakeFiles/my_intermediate_interfaces__rosidl_typesupport_cpp.dir/rosidl_typesupport_cpp/my_intermediate_interfaces/msg/agent_path_request__type_support.cpp.o[0m
[5.426s] [ 23%] [32mBuilding CXX object CMakeFiles/my_intermediate_interfaces__rosidl_typesupport_cpp.dir/rosidl_typesupport_cpp/my_intermediate_interfaces/msg/agent_path__type_support.cpp.o[0m
[5.452s] [ 24%] [32mBuilding CXX object CMakeFiles/my_intermediate_interfaces__rosidl_typesupport_cpp.dir/rosidl_typesupport_cpp/my_intermediate_interfaces/msg/vertex_constraint__type_support.cpp.o[0m
[5.674s] [ 25%] [32mBuilding CXX object CMakeFiles/my_intermediate_interfaces__rosidl_typesupport_introspection_cpp.dir/rosidl_typesupport_introspection_cpp/my_intermediate_interfaces/srv/detail/start_goal_pose_stamped__type_support.cpp.o[0m
[5.748s] [ 26%] [32mBuilding CXX object CMakeFiles/my_intermediate_interfaces__rosidl_typesupport_fastrtps_cpp.dir/rosidl_typesupport_fastrtps_cpp/my_intermediate_interfaces/srv/detail/dds_fastrtps/start_goal_pose_stamped__type_support.cpp.o[0m
[5.831s] [ 27%] [32mBuilding CXX object CMakeFiles/my_intermediate_interfaces__rosidl_typesupport_c.dir/rosidl_typesupport_c/my_intermediate_interfaces/srv/start_goal_pose_stamped__type_support.cpp.o[0m
[5.861s] [ 28%] [32mBuilding CXX object CMakeFiles/my_intermediate_interfaces__rosidl_typesupport_c.dir/rosidl_typesupport_c/my_intermediate_interfaces/srv/computed_plans__type_support.cpp.o[0m
[5.870s] [ 29%] [32mBuilding CXX object CMakeFiles/my_intermediate_interfaces__rosidl_typesupport_c.dir/rosidl_typesupport_c/my_intermediate_interfaces/srv/start_goal_positions__type_support.cpp.o[0m
[5.882s] [ 30%] [32mBuilding CXX object CMakeFiles/my_intermediate_interfaces__rosidl_typesupport_cpp.dir/rosidl_typesupport_cpp/my_intermediate_interfaces/msg/edge_constraint__type_support.cpp.o[0m
[5.933s] [ 31%] [32mBuilding CXX object CMakeFiles/my_intermediate_interfaces__rosidl_typesupport_c.dir/rosidl_typesupport_c/my_intermediate_interfaces/msg/agent_path_request__type_support.cpp.o[0m
[5.942s] [ 32%] [32mBuilding CXX object CMakeFiles/my_intermediate_interfaces__rosidl_typesupport_c.dir/rosidl_typesupport_c/my_intermediate_interfaces/msg/agent_path__type_support.cpp.o[0m
[5.943s] [ 33%] [32mBuilding CXX object CMakeFiles/my_intermediate_interfaces__rosidl_typesupport_fastrtps_cpp.dir/rosidl_typesupport_fastrtps_cpp/my_intermediate_interfaces/srv/detail/dds_fastrtps/start_goal_positions__type_support.cpp.o[0m
[5.990s] [ 34%] [32mBuilding CXX object CMakeFiles/my_intermediate_interfaces__rosidl_typesupport_c.dir/rosidl_typesupport_c/my_intermediate_interfaces/msg/vertex_constraint__type_support.cpp.o[0m
[6.027s] [ 35%] [32mBuilding CXX object CMakeFiles/my_intermediate_interfaces__rosidl_typesupport_c.dir/rosidl_typesupport_c/my_intermediate_interfaces/msg/edge_constraint__type_support.cpp.o[0m
[6.065s] [ 35%] [32mBuilding CXX object CMakeFiles/my_intermediate_interfaces__rosidl_typesupport_c.dir/rosidl_typesupport_c/my_intermediate_interfaces/msg/start_goal__type_support.cpp.o[0m
[6.083s] [ 36%] [32mBuilding CXX object CMakeFiles/my_intermediate_interfaces__rosidl_typesupport_c.dir/rosidl_typesupport_c/my_intermediate_interfaces/msg/coordinates3_d__type_support.cpp.o[0m
[6.111s] [ 37%] [32mBuilding CXX object CMakeFiles/my_intermediate_interfaces__rosidl_typesupport_cpp.dir/rosidl_typesupport_cpp/my_intermediate_interfaces/msg/coordinates3_d__type_support.cpp.o[0m
[6.160s] [ 38%] [32mBuilding CXX object CMakeFiles/my_intermediate_interfaces__rosidl_typesupport_c.dir/rosidl_typesupport_c/my_intermediate_interfaces/action/my_compute_path_to_pose__type_support.cpp.o[0m
[6.264s] [ 39%] [32m[1mLinking CXX shared library libmy_intermediate_interfaces__rosidl_typesupport_c.so[0m
[6.321s] [ 40%] [32mBuilding CXX object CMakeFiles/my_intermediate_interfaces__rosidl_typesupport_fastrtps_c.dir/rosidl_typesupport_fastrtps_c/my_intermediate_interfaces/srv/detail/start_goal_pose_stamped__type_support_c.cpp.o[0m
[6.331s] [ 41%] [32mBuilding CXX object CMakeFiles/my_intermediate_interfaces__rosidl_typesupport_introspection_cpp.dir/rosidl_typesupport_introspection_cpp/my_intermediate_interfaces/srv/detail/start_goal_positions__type_support.cpp.o[0m
[6.377s] [ 41%] Built target my_intermediate_interfaces__rosidl_typesupport_c
[6.418s] [ 41%] [32mBuilding CXX object CMakeFiles/my_intermediate_interfaces__rosidl_typesupport_fastrtps_cpp.dir/rosidl_typesupport_fastrtps_cpp/my_intermediate_interfaces/srv/detail/dds_fastrtps/computed_plans__type_support.cpp.o[0m
[6.497s] [ 42%] [32mBuilding CXX object CMakeFiles/my_intermediate_interfaces__rosidl_typesupport_cpp.dir/rosidl_typesupport_cpp/my_intermediate_interfaces/msg/start_goal__type_support.cpp.o[0m
[6.579s] [ 43%] [32mBuilding CXX object CMakeFiles/my_intermediate_interfaces__rosidl_typesupport_introspection_cpp.dir/rosidl_typesupport_introspection_cpp/my_intermediate_interfaces/srv/detail/computed_plans__type_support.cpp.o[0m
[6.599s] [ 44%] [32mBuilding CXX object CMakeFiles/my_intermediate_interfaces__rosidl_typesupport_fastrtps_cpp.dir/rosidl_typesupport_fastrtps_cpp/my_intermediate_interfaces/msg/detail/dds_fastrtps/agent_path_request__type_support.cpp.o[0m
[6.599s] [ 45%] [32mBuilding C object CMakeFiles/my_intermediate_interfaces__rosidl_typesupport_introspection_c.dir/rosidl_typesupport_introspection_c/my_intermediate_interfaces/srv/detail/start_goal_pose_stamped__type_support.c.o[0m
[6.787s] [ 46%] [32mBuilding C object CMakeFiles/my_intermediate_interfaces__rosidl_typesupport_introspection_c.dir/rosidl_typesupport_introspection_c/my_intermediate_interfaces/srv/detail/start_goal_positions__type_support.c.o[0m
[6.840s] [ 47%] [32mBuilding CXX object CMakeFiles/my_intermediate_interfaces__rosidl_typesupport_fastrtps_c.dir/rosidl_typesupport_fastrtps_c/my_intermediate_interfaces/srv/detail/start_goal_positions__type_support_c.cpp.o[0m
[6.891s] [ 48%] [32mBuilding CXX object CMakeFiles/my_intermediate_interfaces__rosidl_typesupport_fastrtps_c.dir/rosidl_typesupport_fastrtps_c/my_intermediate_interfaces/srv/detail/computed_plans__type_support_c.cpp.o[0m
[6.950s] [ 49%] [32mBuilding C object CMakeFiles/my_intermediate_interfaces__rosidl_typesupport_introspection_c.dir/rosidl_typesupport_introspection_c/my_intermediate_interfaces/srv/detail/computed_plans__type_support.c.o[0m
[7.075s] [ 50%] [32mBuilding CXX object CMakeFiles/my_intermediate_interfaces__rosidl_typesupport_cpp.dir/rosidl_typesupport_cpp/my_intermediate_interfaces/action/my_compute_path_to_pose__type_support.cpp.o[0m
[7.107s] [ 51%] [32mBuilding C object CMakeFiles/my_intermediate_interfaces__rosidl_typesupport_introspection_c.dir/rosidl_typesupport_introspection_c/my_intermediate_interfaces/msg/detail/agent_path_request__type_support.c.o[0m
[7.173s] [ 52%] [32mBuilding CXX object CMakeFiles/my_intermediate_interfaces__rosidl_typesupport_fastrtps_cpp.dir/rosidl_typesupport_fastrtps_cpp/my_intermediate_interfaces/msg/detail/dds_fastrtps/agent_path__type_support.cpp.o[0m
[7.245s] [ 53%] [32mBuilding CXX object CMakeFiles/my_intermediate_interfaces__rosidl_typesupport_introspection_cpp.dir/rosidl_typesupport_introspection_cpp/my_intermediate_interfaces/msg/detail/agent_path_request__type_support.cpp.o[0m
[7.267s] [ 54%] [32mBuilding C object CMakeFiles/my_intermediate_interfaces__rosidl_typesupport_introspection_c.dir/rosidl_typesupport_introspection_c/my_intermediate_interfaces/msg/detail/agent_path__type_support.c.o[0m
[7.332s] [ 55%] [32mBuilding CXX object CMakeFiles/my_intermediate_interfaces__rosidl_typesupport_fastrtps_c.dir/rosidl_typesupport_fastrtps_c/my_intermediate_interfaces/msg/detail/agent_path_request__type_support_c.cpp.o[0m
[7.422s] [ 56%] [32mBuilding CXX object CMakeFiles/my_intermediate_interfaces__rosidl_typesupport_fastrtps_cpp.dir/rosidl_typesupport_fastrtps_cpp/my_intermediate_interfaces/msg/detail/dds_fastrtps/vertex_constraint__type_support.cpp.o[0m
[7.434s] [ 57%] [32mBuilding C object CMakeFiles/my_intermediate_interfaces__rosidl_typesupport_introspection_c.dir/rosidl_typesupport_introspection_c/my_intermediate_interfaces/msg/detail/vertex_constraint__type_support.c.o[0m
[7.543s] [ 58%] [32mBuilding CXX object CMakeFiles/my_intermediate_interfaces__rosidl_typesupport_fastrtps_cpp.dir/rosidl_typesupport_fastrtps_cpp/my_intermediate_interfaces/msg/detail/dds_fastrtps/edge_constraint__type_support.cpp.o[0m
[7.606s] [ 59%] [32mBuilding C object CMakeFiles/my_intermediate_interfaces__rosidl_typesupport_introspection_c.dir/rosidl_typesupport_introspection_c/my_intermediate_interfaces/msg/detail/edge_constraint__type_support.c.o[0m
[7.667s] [ 60%] [32mBuilding CXX object CMakeFiles/my_intermediate_interfaces__rosidl_typesupport_introspection_cpp.dir/rosidl_typesupport_introspection_cpp/my_intermediate_interfaces/msg/detail/agent_path__type_support.cpp.o[0m
[7.753s] [ 61%] [32mBuilding C object CMakeFiles/my_intermediate_interfaces__rosidl_typesupport_introspection_c.dir/rosidl_typesupport_introspection_c/my_intermediate_interfaces/msg/detail/coordinates3_d__type_support.c.o[0m
[7.833s] [ 62%] [32m[1mLinking CXX shared library libmy_intermediate_interfaces__rosidl_typesupport_cpp.so[0m
[7.847s] [ 63%] [32mBuilding CXX object CMakeFiles/my_intermediate_interfaces__rosidl_typesupport_fastrtps_cpp.dir/rosidl_typesupport_fastrtps_cpp/my_intermediate_interfaces/msg/detail/dds_fastrtps/coordinates3_d__type_support.cpp.o[0m
[7.871s] [ 64%] [32mBuilding C object CMakeFiles/my_intermediate_interfaces__rosidl_typesupport_introspection_c.dir/rosidl_typesupport_introspection_c/my_intermediate_interfaces/msg/detail/start_goal__type_support.c.o[0m
[7.898s] [ 65%] [32mBuilding CXX object CMakeFiles/my_intermediate_interfaces__rosidl_typesupport_introspection_cpp.dir/rosidl_typesupport_introspection_cpp/my_intermediate_interfaces/msg/detail/vertex_constraint__type_support.cpp.o[0m
[7.950s] [ 66%] [32mBuilding CXX object CMakeFiles/my_intermediate_interfaces__rosidl_typesupport_fastrtps_c.dir/rosidl_typesupport_fastrtps_c/my_intermediate_interfaces/msg/detail/agent_path__type_support_c.cpp.o[0m
[7.966s] [ 66%] Built target my_intermediate_interfaces__rosidl_typesupport_cpp
[7.979s] [ 67%] [32mBuilding C object CMakeFiles/my_intermediate_interfaces__rosidl_typesupport_introspection_c.dir/rosidl_typesupport_introspection_c/my_intermediate_interfaces/action/detail/my_compute_path_to_pose__type_support.c.o[0m
[7.989s] [ 68%] [32mBuilding CXX object CMakeFiles/my_intermediate_interfaces__rosidl_typesupport_introspection_cpp.dir/rosidl_typesupport_introspection_cpp/my_intermediate_interfaces/msg/detail/edge_constraint__type_support.cpp.o[0m
[8.083s] [ 69%] [32mBuilding CXX object CMakeFiles/my_intermediate_interfaces__rosidl_typesupport_introspection_cpp.dir/rosidl_typesupport_introspection_cpp/my_intermediate_interfaces/msg/detail/coordinates3_d__type_support.cpp.o[0m
[8.132s] [ 70%] [32m[1mLinking C shared library libmy_intermediate_interfaces__rosidl_typesupport_introspection_c.so[0m
[8.161s] [ 71%] [32mBuilding CXX object CMakeFiles/my_intermediate_interfaces__rosidl_typesupport_fastrtps_cpp.dir/rosidl_typesupport_fastrtps_cpp/my_intermediate_interfaces/msg/detail/dds_fastrtps/start_goal__type_support.cpp.o[0m
[8.222s] [ 71%] Built target my_intermediate_interfaces__rosidl_typesupport_introspection_c
[8.234s] [ 72%] [32mBuilding CXX object CMakeFiles/my_intermediate_interfaces__rosidl_typesupport_fastrtps_cpp.dir/rosidl_typesupport_fastrtps_cpp/my_intermediate_interfaces/action/detail/dds_fastrtps/my_compute_path_to_pose__type_support.cpp.o[0m
[8.352s] [ 73%] [32mBuilding CXX object CMakeFiles/my_intermediate_interfaces__rosidl_typesupport_introspection_cpp.dir/rosidl_typesupport_introspection_cpp/my_intermediate_interfaces/msg/detail/start_goal__type_support.cpp.o[0m
[8.361s] [ 74%] [32mBuilding CXX object CMakeFiles/my_intermediate_interfaces__rosidl_typesupport_fastrtps_c.dir/rosidl_typesupport_fastrtps_c/my_intermediate_interfaces/msg/detail/vertex_constraint__type_support_c.cpp.o[0m
[8.411s] [ 75%] [32mBuilding CXX object CMakeFiles/my_intermediate_interfaces__rosidl_typesupport_fastrtps_c.dir/rosidl_typesupport_fastrtps_c/my_intermediate_interfaces/msg/detail/edge_constraint__type_support_c.cpp.o[0m
[8.468s] [ 76%] [32mBuilding CXX object CMakeFiles/my_intermediate_interfaces__rosidl_typesupport_introspection_cpp.dir/rosidl_typesupport_introspection_cpp/my_intermediate_interfaces/action/detail/my_compute_path_to_pose__type_support.cpp.o[0m
[8.535s] [ 77%] [32mBuilding CXX object CMakeFiles/my_intermediate_interfaces__rosidl_typesupport_fastrtps_c.dir/rosidl_typesupport_fastrtps_c/my_intermediate_interfaces/msg/detail/coordinates3_d__type_support_c.cpp.o[0m
[8.624s] [ 78%] [32mBuilding CXX object CMakeFiles/my_intermediate_interfaces__rosidl_typesupport_fastrtps_c.dir/rosidl_typesupport_fastrtps_c/my_intermediate_interfaces/action/detail/my_compute_path_to_pose__type_support_c.cpp.o[0m
[8.635s] [ 79%] [32mBuilding CXX object CMakeFiles/my_intermediate_interfaces__rosidl_typesupport_fastrtps_c.dir/rosidl_typesupport_fastrtps_c/my_intermediate_interfaces/msg/detail/start_goal__type_support_c.cpp.o[0m
[9.049s] [ 80%] [32m[1mLinking CXX shared library libmy_intermediate_interfaces__rosidl_typesupport_fastrtps_cpp.so[0m
[9.080s] [ 81%] [32m[1mLinking CXX shared library libmy_intermediate_interfaces__rosidl_typesupport_fastrtps_c.so[0m
[9.140s] [ 81%] Built target my_intermediate_interfaces__rosidl_typesupport_fastrtps_cpp
[9.157s] [ 81%] Built target my_intermediate_interfaces__rosidl_typesupport_fastrtps_c
[9.163s] [ 82%] [32m[1mLinking CXX shared library libmy_intermediate_interfaces__rosidl_typesupport_introspection_cpp.so[0m
[9.234s] [ 82%] Built target my_intermediate_interfaces__rosidl_typesupport_introspection_cpp
[9.251s] [ 82%] Built target my_intermediate_interfaces
[9.268s] [ 83%] [34m[1mGenerating Python code for ROS interfaces[0m
[10.571s] [ 83%] Built target my_intermediate_interfaces__py
[10.591s] [ 87%] [32mBuilding C object CMakeFiles/my_intermediate_interfaces__rosidl_generator_py.dir/rosidl_generator_py/my_intermediate_interfaces/msg/_agent_path_request_s.c.o[0m
[10.591s] [ 87%] [32mBuilding C object CMakeFiles/my_intermediate_interfaces__rosidl_generator_py.dir/rosidl_generator_py/my_intermediate_interfaces/srv/_start_goal_positions_s.c.o[0m
[10.591s] [ 88%] [32mBuilding C object CMakeFiles/my_intermediate_interfaces__rosidl_generator_py.dir/rosidl_generator_py/my_intermediate_interfaces/msg/_agent_path_s.c.o[0m
[10.591s] [ 89%] [32mBuilding C object CMakeFiles/my_intermediate_interfaces__rosidl_generator_py.dir/rosidl_generator_py/my_intermediate_interfaces/msg/_vertex_constraint_s.c.o[0m
[10.591s] [ 90%] [32mBuilding C object CMakeFiles/my_intermediate_interfaces__rosidl_generator_py.dir/rosidl_generator_py/my_intermediate_interfaces/msg/_edge_constraint_s.c.o[0m
[10.591s] [ 87%] [32mBuilding C object CMakeFiles/my_intermediate_interfaces__rosidl_generator_py.dir/rosidl_generator_py/my_intermediate_interfaces/srv/_computed_plans_s.c.o[0m
[10.591s] [ 91%] [32mBuilding C object CMakeFiles/my_intermediate_interfaces__rosidl_generator_py.dir/rosidl_generator_py/my_intermediate_interfaces/msg/_coordinates3_d_s.c.o[0m
[10.592s] [ 91%] [32mBuilding C object CMakeFiles/my_intermediate_interfaces__rosidl_generator_py.dir/rosidl_generator_py/my_intermediate_interfaces/srv/_start_goal_pose_stamped_s.c.o[0m
[10.730s] [ 92%] [32mBuilding C object CMakeFiles/my_intermediate_interfaces__rosidl_generator_py.dir/rosidl_generator_py/my_intermediate_interfaces/msg/_start_goal_s.c.o[0m
[10.732s] [ 93%] [32mBuilding C object CMakeFiles/my_intermediate_interfaces__rosidl_generator_py.dir/rosidl_generator_py/my_intermediate_interfaces/action/_my_compute_path_to_pose_s.c.o[0m
[10.840s] [ 94%] [32m[1mLinking C shared library rosidl_generator_py/my_intermediate_interfaces/libmy_intermediate_interfaces__rosidl_generator_py.so[0m
[10.878s] [ 94%] Built target my_intermediate_interfaces__rosidl_generator_py
[10.896s] [ 97%] [32mBuilding C object CMakeFiles/my_intermediate_interfaces__rosidl_typesupport_c__pyext.dir/rosidl_generator_py/my_intermediate_interfaces/_my_intermediate_interfaces_s.ep.rosidl_typesupport_c.c.o[0m
[10.896s] [ 97%] [32mBuilding C object CMakeFiles/my_intermediate_interfaces__rosidl_typesupport_fastrtps_c__pyext.dir/rosidl_generator_py/my_intermediate_interfaces/_my_intermediate_interfaces_s.ep.rosidl_typesupport_fastrtps_c.c.o[0m
[10.896s] [ 97%] [32mBuilding C object CMakeFiles/my_intermediate_interfaces__rosidl_typesupport_introspection_c__pyext.dir/rosidl_generator_py/my_intermediate_interfaces/_my_intermediate_interfaces_s.ep.rosidl_typesupport_introspection_c.c.o[0m
[11.012s] [ 98%] [32m[1mLinking C shared library rosidl_generator_py/my_intermediate_interfaces/my_intermediate_interfaces_s__rosidl_typesupport_introspection_c.cpython-310-x86_64-linux-gnu.so[0m
[11.012s] [ 99%] [32m[1mLinking C shared library rosidl_generator_py/my_intermediate_interfaces/my_intermediate_interfaces_s__rosidl_typesupport_fastrtps_c.cpython-310-x86_64-linux-gnu.so[0m
[11.015s] [100%] [32m[1mLinking C shared library rosidl_generator_py/my_intermediate_interfaces/my_intermediate_interfaces_s__rosidl_typesupport_c.cpython-310-x86_64-linux-gnu.so[0m
[11.052s] [100%] Built target my_intermediate_interfaces__rosidl_typesupport_fastrtps_c__pyext
[11.053s] [100%] Built target my_intermediate_interfaces__rosidl_typesupport_introspection_c__pyext
[11.054s] [100%] Built target my_intermediate_interfaces__rosidl_typesupport_c__pyext
