[0.062s] Invoking command in '/home/andrea/tesi/ros2_mapf_cbs/project_1/build/my_nav2_navfn_planner': CMAKE_PREFIX_PATH=${CMAKE_PREFIX_PATH}:/home/andrea/tesi/ros2_mapf_cbs/project_1/install/my_package:/home/andrea/tesi/ros2_mapf_cbs/project_1/install/my_intermediate:/home/andrea/tesi/ros2_mapf_cbs/simple_example/install/my_py_pkg:/opt/ros/humble /usr/bin/cmake --build /home/andrea/tesi/ros2_mapf_cbs/project_1/build/my_nav2_navfn_planner -- -j8 -l8
[0.110s] [ 66%] [32mBuilding CXX object CMakeFiles/my_nav2_navfn_planner.dir/src/navfn.cpp.o[0m
[0.110s] [ 66%] [32mBuilding CXX object CMakeFiles/my_nav2_navfn_planner.dir/src/navfn_planner.cpp.o[0m
[2.552s] [01m[K/home/andrea/tesi/ros2_mapf_cbs/project_1/src/my_nav2_navfn_planner/src/navfn_planner.cpp:[m[K In member function ‘[01m[Kvirtual nav_msgs::msg::Path nav2_navfn_planner::NavfnPlanner::createPlan(const PoseStamped&, const PoseStamped&)[m[K’:
[2.553s] [01m[K/home/andrea/tesi/ros2_mapf_cbs/project_1/src/my_nav2_navfn_planner/src/navfn_planner.cpp:139:22:[m[K [01;31m[Kerror: [m[K‘[01m[KStartOutsideMapBounds[m[K’ is not a member of ‘[01m[Knav2_core[m[K’
[2.553s]   139 |     throw nav2_core::[01;31m[KStartOutsideMapBounds[m[K(
[2.553s]       |                      [01;31m[K^~~~~~~~~~~~~~~~~~~~~[m[K
[2.554s] [01m[K/home/andrea/tesi/ros2_mapf_cbs/project_1/src/my_nav2_navfn_planner/src/navfn_planner.cpp:145:22:[m[K [01;31m[Kerror: [m[K‘[01m[KGoalOutsideMapBounds[m[K’ is not a member of ‘[01m[Knav2_core[m[K’
[2.554s]   145 |     throw nav2_core::[01;31m[KGoalOutsideMapBounds[m[K(
[2.554s]       |                      [01;31m[K^~~~~~~~~~~~~~~~~~~~[m[K
[2.555s] [01m[K/home/andrea/tesi/ros2_mapf_cbs/project_1/src/my_nav2_navfn_planner/src/navfn_planner.cpp:151:22:[m[K [01;31m[Kerror: [m[K‘[01m[KStartOccupied[m[K’ is not a member of ‘[01m[Knav2_core[m[K’
[2.555s]   151 |     throw nav2_core::[01;31m[KStartOccupied[m[K(
[2.555s]       |                      [01;31m[K^~~~~~~~~~~~~[m[K
[2.556s] [01m[K/home/andrea/tesi/ros2_mapf_cbs/project_1/src/my_nav2_navfn_planner/src/navfn_planner.cpp:157:22:[m[K [01;31m[Kerror: [m[K‘[01m[KGoalOccupied[m[K’ is not a member of ‘[01m[Knav2_core[m[K’
[2.556s]   157 |     throw nav2_core::[01;31m[KGoalOccupied[m[K(
[2.556s]       |                      [01;31m[K^~~~~~~~~~~~[m[K
[2.557s] [01m[K/home/andrea/tesi/ros2_mapf_cbs/project_1/src/my_nav2_navfn_planner/src/navfn_planner.cpp:193:22:[m[K [01;31m[Kerror: [m[K‘[01m[KNoValidPathCouldBeFound[m[K’ is not a member of ‘[01m[Knav2_core[m[K’
[2.557s]   193 |     throw nav2_core::[01;31m[KNoValidPathCouldBeFound[m[K(
[2.558s]       |                      [01;31m[K^~~~~~~~~~~~~~~~~~~~~~~[m[K
[3.677s] gmake[2]: *** [CMakeFiles/my_nav2_navfn_planner.dir/build.make:76: CMakeFiles/my_nav2_navfn_planner.dir/src/navfn_planner.cpp.o] Error 1
[3.677s] gmake[1]: *** [CMakeFiles/Makefile2:137: CMakeFiles/my_nav2_navfn_planner.dir/all] Error 2
[3.677s] gmake: *** [Makefile:146: all] Error 2
[3.679s] Invoked command in '/home/andrea/tesi/ros2_mapf_cbs/project_1/build/my_nav2_navfn_planner' returned '2': CMAKE_PREFIX_PATH=${CMAKE_PREFIX_PATH}:/home/andrea/tesi/ros2_mapf_cbs/project_1/install/my_package:/home/andrea/tesi/ros2_mapf_cbs/project_1/install/my_intermediate:/home/andrea/tesi/ros2_mapf_cbs/simple_example/install/my_py_pkg:/opt/ros/humble /usr/bin/cmake --build /home/andrea/tesi/ros2_mapf_cbs/project_1/build/my_nav2_navfn_planner -- -j8 -l8
