[0.059s] Invoking command in '/home/andrea/tesi/ros2_mapf_cbs/project_1/build/my_intermediate_interfaces': CMAKE_PREFIX_PATH=${CMAKE_PREFIX_PATH}:/home/andrea/tesi/ros2_mapf_cbs/project_1/install/my_package:/home/andrea/tesi/ros2_mapf_cbs/project_1/install/my_intermediate:/home/andrea/tesi/ros2_mapf_cbs/simple_example/install/my_py_pkg:/opt/ros/humble /usr/bin/cmake /home/andrea/tesi/ros2_mapf_cbs/project_1/src/my_intermediate_interfaces -DCMAKE_INSTALL_PREFIX=/home/andrea/tesi/ros2_mapf_cbs/project_1/install/my_intermediate_interfaces
[0.085s] -- Found std_srvs: 4.2.3 (/opt/ros/humble/share/std_srvs/cmake)
[0.198s] -- Override CMake install command with custom implementation using symlinks instead of copying resources
[0.238s] -- Found rosidl_generator_c: 3.1.5 (/opt/ros/humble/share/rosidl_generator_c/cmake)
[0.241s] -- Found rosidl_adapter: 3.1.5 (/opt/ros/humble/share/rosidl_adapter/cmake)
[0.247s] -- Found rosidl_generator_cpp: 3.1.5 (/opt/ros/humble/share/rosidl_generator_cpp/cmake)
[0.258s] -- Using all available rosidl_typesupport_c: rosidl_typesupport_fastrtps_c;rosidl_typesupport_introspection_c
[0.272s] -- Using all available rosidl_typesupport_cpp: rosidl_typesupport_fastrtps_cpp;rosidl_typesupport_introspection_cpp
[0.285s] -- Found nav_msgs: 4.2.3 (/opt/ros/humble/share/nav_msgs/cmake)
[0.462s] -- Found nav2_msgs: 1.1.12 (/opt/ros/humble/share/nav2_msgs/cmake)
[0.612s] -- Found rosidl_default_generators: 1.2.0 (/opt/ros/humble/share/rosidl_default_generators/cmake)
[0.882s] -- Found ament_cmake_ros: 0.10.0 (/opt/ros/humble/share/ament_cmake_ros/cmake)
[1.249s] -- Using all available rosidl_typesupport_c: rosidl_typesupport_fastrtps_c;rosidl_typesupport_introspection_c
[1.391s] -- Using all available rosidl_typesupport_cpp: rosidl_typesupport_fastrtps_cpp;rosidl_typesupport_introspection_cpp
[1.409s] -- Found python_cmake_module: 0.10.0 (/opt/ros/humble/share/python_cmake_module/cmake)
[1.427s] -- Using PYTHON_EXECUTABLE: /usr/bin/python3
[1.427s] -- Using PYTHON_INCLUDE_DIRS: /usr/include/python3.10
[1.427s] -- Using PYTHON_LIBRARIES: /usr/lib/x86_64-linux-gnu/libpython3.10.so
[1.491s] -- Configuring done
[1.550s] -- Generating done
[1.552s] -- Build files have been written to: /home/andrea/tesi/ros2_mapf_cbs/project_1/build/my_intermediate_interfaces
[1.559s] Invoked command in '/home/andrea/tesi/ros2_mapf_cbs/project_1/build/my_intermediate_interfaces' returned '0': CMAKE_PREFIX_PATH=${CMAKE_PREFIX_PATH}:/home/andrea/tesi/ros2_mapf_cbs/project_1/install/my_package:/home/andrea/tesi/ros2_mapf_cbs/project_1/install/my_intermediate:/home/andrea/tesi/ros2_mapf_cbs/simple_example/install/my_py_pkg:/opt/ros/humble /usr/bin/cmake /home/andrea/tesi/ros2_mapf_cbs/project_1/src/my_intermediate_interfaces -DCMAKE_INSTALL_PREFIX=/home/andrea/tesi/ros2_mapf_cbs/project_1/install/my_intermediate_interfaces
[1.559s] Invoking command in '/home/andrea/tesi/ros2_mapf_cbs/project_1/build/my_intermediate_interfaces': CMAKE_PREFIX_PATH=${CMAKE_PREFIX_PATH}:/home/andrea/tesi/ros2_mapf_cbs/project_1/install/my_package:/home/andrea/tesi/ros2_mapf_cbs/project_1/install/my_intermediate:/home/andrea/tesi/ros2_mapf_cbs/simple_example/install/my_py_pkg:/opt/ros/humble /usr/bin/cmake --build /home/andrea/tesi/ros2_mapf_cbs/project_1/build/my_intermediate_interfaces -- -j8 -l8
[1.592s] [  1%] [34m[1mGenerating C code for ROS interfaces[0m
[1.601s] [  2%] [34m[1mGenerating C++ code for ROS interfaces[0m
[1.607s] [  2%] Built target ament_cmake_python_symlink_my_intermediate_interfaces
[1.815s] running egg_info
[1.815s] writing my_intermediate_interfaces.egg-info/PKG-INFO
[1.815s] writing dependency_links to my_intermediate_interfaces.egg-info/dependency_links.txt
[1.815s] writing top-level names to my_intermediate_interfaces.egg-info/top_level.txt
[1.817s] reading manifest file 'my_intermediate_interfaces.egg-info/SOURCES.txt'
[1.818s] writing manifest file 'my_intermediate_interfaces.egg-info/SOURCES.txt'
[1.839s] [  2%] Built target ament_cmake_python_build_my_intermediate_interfaces_egg
[2.418s] [35m[1mConsolidate compiler generated dependencies of target my_intermediate_interfaces__rosidl_generator_c[0m
[2.449s] [  3%] [32mBuilding C object CMakeFiles/my_intermediate_interfaces__rosidl_generator_c.dir/rosidl_generator_c/my_intermediate_interfaces/srv/detail/start_goal_pose_stamped__functions.c.o[0m
[2.449s] [  4%] [32mBuilding C object CMakeFiles/my_intermediate_interfaces__rosidl_generator_c.dir/rosidl_generator_c/my_intermediate_interfaces/srv/detail/computed_plans__functions.c.o[0m
[2.449s] [  5%] [32mBuilding C object CMakeFiles/my_intermediate_interfaces__rosidl_generator_c.dir/rosidl_generator_c/my_intermediate_interfaces/msg/detail/agent_path_request__functions.c.o[0m
[2.449s] [  6%] [32mBuilding C object CMakeFiles/my_intermediate_interfaces__rosidl_generator_c.dir/rosidl_generator_c/my_intermediate_interfaces/msg/detail/agent_path__functions.c.o[0m
[2.451s] [  8%] [32mBuilding C object CMakeFiles/my_intermediate_interfaces__rosidl_generator_c.dir/rosidl_generator_c/my_intermediate_interfaces/srv/detail/start_goal_positions__functions.c.o[0m
[2.453s] [  8%] Built target my_intermediate_interfaces__cpp
[2.453s] [  9%] [32mBuilding C object CMakeFiles/my_intermediate_interfaces__rosidl_generator_c.dir/rosidl_generator_c/my_intermediate_interfaces/msg/detail/edge_constraint__functions.c.o[0m
[2.463s] [ 10%] [32mBuilding C object CMakeFiles/my_intermediate_interfaces__rosidl_generator_c.dir/rosidl_generator_c/my_intermediate_interfaces/msg/detail/vertex_constraint__functions.c.o[0m
[2.465s] [ 11%] [34m[1mGenerating C++ type support dispatch for ROS interfaces[0m
[2.498s] In file included from [01m[K/home/andrea/tesi/ros2_mapf_cbs/project_1/build/my_intermediate_interfaces/rosidl_generator_c/my_intermediate_interfaces/srv/detail/start_goal_positions__functions.h:19[m[K,
[2.498s]                  from [01m[K/home/andrea/tesi/ros2_mapf_cbs/project_1/build/my_intermediate_interfaces/rosidl_generator_c/my_intermediate_interfaces/srv/detail/start_goal_positions__functions.c:4[m[K:
[2.498s] [01m[K/home/andrea/tesi/ros2_mapf_cbs/project_1/build/my_intermediate_interfaces/rosidl_generator_c/my_intermediate_interfaces/srv/detail/start_goal_positions__struct.h:22:10:[m[K [01;31m[Kfatal error: [m[Kmy_intermediate_interfaces/msg/detail/start_goal_request__struct.h: No such file or directory
[2.498s]    22 | #include [01;31m[K"my_intermediate_interfaces/msg/detail/start_goal_request__struct.h"[m[K
[2.498s]       |          [01;31m[K^~~~~~~~~~~~~~~~~~~~~~~~~~~~~~~~~~~~~~~~~~~~~~~~~~~~~~~~~~~~~~~~~~~~[m[K
[2.498s] compilation terminated.
[2.499s] gmake[2]: *** [CMakeFiles/my_intermediate_interfaces__rosidl_generator_c.dir/build.make:336: CMakeFiles/my_intermediate_interfaces__rosidl_generator_c.dir/rosidl_generator_c/my_intermediate_interfaces/srv/detail/start_goal_positions__functions.c.o] Error 1
[2.499s] gmake[2]: *** Waiting for unfinished jobs....
[2.512s] [ 12%] [34m[1mGenerating C++ type support for eProsima Fast-RTPS[0m
[2.579s] gmake[1]: *** [CMakeFiles/Makefile2:213: CMakeFiles/my_intermediate_interfaces__rosidl_generator_c.dir/all] Error 2
[2.579s] gmake[1]: *** Waiting for unfinished jobs....
[2.581s] [ 13%] [34m[1mGenerating C++ introspection for ROS interfaces[0m
[3.029s] [35m[1mConsolidate compiler generated dependencies of target my_intermediate_interfaces__rosidl_typesupport_cpp[0m
[3.048s] [ 14%] [32mBuilding CXX object CMakeFiles/my_intermediate_interfaces__rosidl_typesupport_cpp.dir/rosidl_typesupport_cpp/my_intermediate_interfaces/srv/start_goal_positions__type_support.cpp.o[0m
[3.048s] [ 17%] [32mBuilding CXX object CMakeFiles/my_intermediate_interfaces__rosidl_typesupport_cpp.dir/rosidl_typesupport_cpp/my_intermediate_interfaces/msg/vertex_constraint__type_support.cpp.o[0m
[3.049s] [ 17%] [32mBuilding CXX object CMakeFiles/my_intermediate_interfaces__rosidl_typesupport_cpp.dir/rosidl_typesupport_cpp/my_intermediate_interfaces/srv/start_goal_pose_stamped__type_support.cpp.o[0m
[3.050s] [ 18%] [32mBuilding CXX object CMakeFiles/my_intermediate_interfaces__rosidl_typesupport_cpp.dir/rosidl_typesupport_cpp/my_intermediate_interfaces/msg/agent_path__type_support.cpp.o[0m
[3.056s] [ 19%] [32mBuilding CXX object CMakeFiles/my_intermediate_interfaces__rosidl_typesupport_cpp.dir/rosidl_typesupport_cpp/my_intermediate_interfaces/msg/agent_path_request__type_support.cpp.o[0m
[3.056s] [ 20%] [32mBuilding CXX object CMakeFiles/my_intermediate_interfaces__rosidl_typesupport_cpp.dir/rosidl_typesupport_cpp/my_intermediate_interfaces/srv/computed_plans__type_support.cpp.o[0m
[3.179s] In file included from [01m[K/home/andrea/tesi/ros2_mapf_cbs/project_1/build/my_intermediate_interfaces/rosidl_typesupport_cpp/my_intermediate_interfaces/srv/start_goal_positions__type_support.cpp:7[m[K:
[3.179s] [01m[K/home/andrea/tesi/ros2_mapf_cbs/project_1/build/my_intermediate_interfaces/rosidl_generator_cpp/my_intermediate_interfaces/srv/detail/start_goal_positions__struct.hpp:20:10:[m[K [01;31m[Kfatal error: [m[Kmy_intermediate_interfaces/msg/detail/start_goal_request__struct.hpp: No such file or directory
[3.179s]    20 | #include [01;31m[K"my_intermediate_interfaces/msg/detail/start_goal_request__struct.hpp"[m[K
[3.179s]       |          [01;31m[K^~~~~~~~~~~~~~~~~~~~~~~~~~~~~~~~~~~~~~~~~~~~~~~~~~~~~~~~~~~~~~~~~~~~~~[m[K
[3.179s] compilation terminated.
[3.181s] gmake[2]: *** [CMakeFiles/my_intermediate_interfaces__rosidl_typesupport_cpp.dir/build.make:233: CMakeFiles/my_intermediate_interfaces__rosidl_typesupport_cpp.dir/rosidl_typesupport_cpp/my_intermediate_interfaces/srv/start_goal_positions__type_support.cpp.o] Error 1
[3.181s] gmake[2]: *** Waiting for unfinished jobs....
[3.489s] gmake[1]: *** [CMakeFiles/Makefile2:395: CMakeFiles/my_intermediate_interfaces__rosidl_typesupport_cpp.dir/all] Error 2
[3.505s] [35m[1mConsolidate compiler generated dependencies of target my_intermediate_interfaces__rosidl_typesupport_introspection_cpp[0m
[3.509s] [35m[1mConsolidate compiler generated dependencies of target my_intermediate_interfaces__rosidl_typesupport_fastrtps_cpp[0m
[3.528s] [ 21%] [32mBuilding CXX object CMakeFiles/my_intermediate_interfaces__rosidl_typesupport_introspection_cpp.dir/rosidl_typesupport_introspection_cpp/my_intermediate_interfaces/srv/detail/start_goal_pose_stamped__type_support.cpp.o[0m
[3.531s] [ 24%] [32mBuilding CXX object CMakeFiles/my_intermediate_interfaces__rosidl_typesupport_introspection_cpp.dir/rosidl_typesupport_introspection_cpp/my_intermediate_interfaces/msg/detail/agent_path__type_support.cpp.o[0m
[3.531s] [ 24%] [32mBuilding CXX object CMakeFiles/my_intermediate_interfaces__rosidl_typesupport_introspection_cpp.dir/rosidl_typesupport_introspection_cpp/my_intermediate_interfaces/srv/detail/start_goal_positions__type_support.cpp.o[0m
[3.531s] [ 25%] [32mBuilding CXX object CMakeFiles/my_intermediate_interfaces__rosidl_typesupport_introspection_cpp.dir/rosidl_typesupport_introspection_cpp/my_intermediate_interfaces/srv/detail/computed_plans__type_support.cpp.o[0m
[3.531s] [ 26%] [32mBuilding CXX object CMakeFiles/my_intermediate_interfaces__rosidl_typesupport_introspection_cpp.dir/rosidl_typesupport_introspection_cpp/my_intermediate_interfaces/msg/detail/vertex_constraint__type_support.cpp.o[0m
[3.539s] [ 28%] [32mBuilding CXX object CMakeFiles/my_intermediate_interfaces__rosidl_typesupport_introspection_cpp.dir/rosidl_typesupport_introspection_cpp/my_intermediate_interfaces/msg/detail/edge_constraint__type_support.cpp.o[0m
[3.540s] [ 28%] [32mBuilding CXX object CMakeFiles/my_intermediate_interfaces__rosidl_typesupport_introspection_cpp.dir/rosidl_typesupport_introspection_cpp/my_intermediate_interfaces/msg/detail/agent_path_request__type_support.cpp.o[0m
[3.541s] [ 29%] [32mBuilding CXX object CMakeFiles/my_intermediate_interfaces__rosidl_typesupport_fastrtps_cpp.dir/rosidl_typesupport_fastrtps_cpp/my_intermediate_interfaces/srv/detail/dds_fastrtps/start_goal_pose_stamped__type_support.cpp.o[0m
[3.644s] In file included from [01m[K/home/andrea/tesi/ros2_mapf_cbs/project_1/build/my_intermediate_interfaces/rosidl_typesupport_introspection_cpp/my_intermediate_interfaces/srv/detail/start_goal_positions__type_support.cpp:12[m[K:
[3.645s] [01m[K/home/andrea/tesi/ros2_mapf_cbs/project_1/build/my_intermediate_interfaces/rosidl_generator_cpp/my_intermediate_interfaces/srv/detail/start_goal_positions__struct.hpp:20:10:[m[K [01;31m[Kfatal error: [m[Kmy_intermediate_interfaces/msg/detail/start_goal_request__struct.hpp: No such file or directory
[3.645s]    20 | #include [01;31m[K"my_intermediate_interfaces/msg/detail/start_goal_request__struct.hpp"[m[K
[3.645s]       |          [01;31m[K^~~~~~~~~~~~~~~~~~~~~~~~~~~~~~~~~~~~~~~~~~~~~~~~~~~~~~~~~~~~~~~~~~~~~~[m[K
[3.645s] compilation terminated.
[3.647s] gmake[2]: *** [CMakeFiles/my_intermediate_interfaces__rosidl_typesupport_introspection_cpp.dir/build.make:259: CMakeFiles/my_intermediate_interfaces__rosidl_typesupport_introspection_cpp.dir/rosidl_typesupport_introspection_cpp/my_intermediate_interfaces/srv/detail/start_goal_positions__type_support.cpp.o] Error 1
[3.647s] gmake[2]: *** Waiting for unfinished jobs....
[3.696s] [ 31%] [32mBuilding CXX object CMakeFiles/my_intermediate_interfaces__rosidl_typesupport_fastrtps_cpp.dir/rosidl_typesupport_fastrtps_cpp/my_intermediate_interfaces/srv/detail/dds_fastrtps/start_goal_positions__type_support.cpp.o[0m
[3.779s] In file included from [01m[K/home/andrea/tesi/ros2_mapf_cbs/project_1/build/my_intermediate_interfaces/rosidl_typesupport_fastrtps_cpp/my_intermediate_interfaces/srv/detail/start_goal_positions__rosidl_typesupport_fastrtps_cpp.hpp:11[m[K,
[3.779s]                  from [01m[K/home/andrea/tesi/ros2_mapf_cbs/project_1/build/my_intermediate_interfaces/rosidl_typesupport_fastrtps_cpp/my_intermediate_interfaces/srv/detail/dds_fastrtps/start_goal_positions__type_support.cpp:4[m[K:
[3.779s] [01m[K/home/andrea/tesi/ros2_mapf_cbs/project_1/build/my_intermediate_interfaces/rosidl_generator_cpp/my_intermediate_interfaces/srv/detail/start_goal_positions__struct.hpp:20:10:[m[K [01;31m[Kfatal error: [m[Kmy_intermediate_interfaces/msg/detail/start_goal_request__struct.hpp: No such file or directory
[3.779s]    20 | #include [01;31m[K"my_intermediate_interfaces/msg/detail/start_goal_request__struct.hpp"[m[K
[3.779s]       |          [01;31m[K^~~~~~~~~~~~~~~~~~~~~~~~~~~~~~~~~~~~~~~~~~~~~~~~~~~~~~~~~~~~~~~~~~~~~~[m[K
[3.779s] compilation terminated.
[3.784s] gmake[2]: *** [CMakeFiles/my_intermediate_interfaces__rosidl_typesupport_fastrtps_cpp.dir/build.make:259: CMakeFiles/my_intermediate_interfaces__rosidl_typesupport_fastrtps_cpp.dir/rosidl_typesupport_fastrtps_cpp/my_intermediate_interfaces/srv/detail/dds_fastrtps/start_goal_positions__type_support.cpp.o] Error 1
[3.785s] gmake[2]: *** Waiting for unfinished jobs....
[4.288s] gmake[1]: *** [CMakeFiles/Makefile2:291: CMakeFiles/my_intermediate_interfaces__rosidl_typesupport_fastrtps_cpp.dir/all] Error 2
[4.319s] gmake[1]: *** [CMakeFiles/Makefile2:369: CMakeFiles/my_intermediate_interfaces__rosidl_typesupport_introspection_cpp.dir/all] Error 2
[4.319s] gmake: *** [Makefile:146: all] Error 2
[4.322s] Invoked command in '/home/andrea/tesi/ros2_mapf_cbs/project_1/build/my_intermediate_interfaces' returned '2': CMAKE_PREFIX_PATH=${CMAKE_PREFIX_PATH}:/home/andrea/tesi/ros2_mapf_cbs/project_1/install/my_package:/home/andrea/tesi/ros2_mapf_cbs/project_1/install/my_intermediate:/home/andrea/tesi/ros2_mapf_cbs/simple_example/install/my_py_pkg:/opt/ros/humble /usr/bin/cmake --build /home/andrea/tesi/ros2_mapf_cbs/project_1/build/my_intermediate_interfaces -- -j8 -l8
