[0.277s] Invoking command in '/home/andrea/tesi/ros2_mapf_cbs/project_1/build/my_intermediate_interfaces': CMAKE_PREFIX_PATH=${CMAKE_PREFIX_PATH}:/home/andrea/tesi/ros2_mapf_cbs/project_1/install/my_package:/home/andrea/tesi/ros2_mapf_cbs/project_1/install/my_intermediate:/home/andrea/tesi/ros2_mapf_cbs/simple_example/install/my_py_pkg:/opt/ros/humble /usr/bin/cmake /home/andrea/tesi/ros2_mapf_cbs/project_1/src/my_intermediate_interfaces -DAMENT_CMAKE_SYMLINK_INSTALL=1 -DCMAKE_INSTALL_PREFIX=/home/andrea/tesi/ros2_mapf_cbs/project_1/install/my_intermediate_interfaces
[0.624s] -- The C compiler identification is GNU 11.4.0
[0.624s] -- The CXX compiler identification is GNU 11.4.0
[0.624s] -- Detecting C compiler ABI info
[0.624s] -- Detecting C compiler ABI info - done
[0.624s] -- Check for working C compiler: /usr/bin/cc - skipped
[0.624s] -- Detecting C compile features
[0.624s] -- Detecting C compile features - done
[0.624s] -- Detecting CXX compiler ABI info
[0.625s] -- Detecting CXX compiler ABI info - done
[0.625s] -- Check for working CXX compiler: /usr/bin/c++ - skipped
[0.625s] -- Detecting CXX compile features
[0.625s] -- Detecting CXX compile features - done
[0.625s] -- Found std_srvs: 4.2.3 (/opt/ros/humble/share/std_srvs/cmake)
[0.671s] -- Found Python3: /usr/bin/python3.10 (found version "3.10.12") found components: Interpreter 
[0.736s] -- Override CMake install command with custom implementation using symlinks instead of copying resources
[0.815s] -- Found rosidl_generator_c: 3.1.5 (/opt/ros/humble/share/rosidl_generator_c/cmake)
[0.821s] -- Found rosidl_adapter: 3.1.5 (/opt/ros/humble/share/rosidl_adapter/cmake)
[0.833s] -- Found rosidl_generator_cpp: 3.1.5 (/opt/ros/humble/share/rosidl_generator_cpp/cmake)
[0.852s] -- Using all available rosidl_typesupport_c: rosidl_typesupport_fastrtps_c;rosidl_typesupport_introspection_c
[0.879s] -- Using all available rosidl_typesupport_cpp: rosidl_typesupport_fastrtps_cpp;rosidl_typesupport_introspection_cpp
[0.903s] -- Found nav_msgs: 4.2.3 (/opt/ros/humble/share/nav_msgs/cmake)
[1.206s] -- Found nav2_msgs: 1.1.12 (/opt/ros/humble/share/nav2_msgs/cmake)
[1.441s] -- Found rosidl_default_generators: 1.2.0 (/opt/ros/humble/share/rosidl_default_generators/cmake)
[1.923s] -- Found ament_cmake_ros: 0.10.0 (/opt/ros/humble/share/ament_cmake_ros/cmake)
[2.430s] -- Using all available rosidl_typesupport_c: rosidl_typesupport_fastrtps_c;rosidl_typesupport_introspection_c
[2.610s] -- Using all available rosidl_typesupport_cpp: rosidl_typesupport_fastrtps_cpp;rosidl_typesupport_introspection_cpp
[2.630s] -- Found PythonInterp: /usr/bin/python3 (found suitable version "3.10.12", minimum required is "3.6") 
[2.633s] -- Found python_cmake_module: 0.10.0 (/opt/ros/humble/share/python_cmake_module/cmake)
[2.659s] -- Found PythonLibs: /usr/lib/x86_64-linux-gnu/libpython3.10.so (found suitable version "3.10.12", minimum required is "3.5") 
[2.659s] -- Using PYTHON_EXECUTABLE: /usr/bin/python3
[2.659s] -- Using PYTHON_INCLUDE_DIRS: /usr/include/python3.10
[2.659s] -- Using PYTHON_LIBRARIES: /usr/lib/x86_64-linux-gnu/libpython3.10.so
[2.678s] -- Found PythonExtra: .so  
[2.761s] -- Configuring done
[2.801s] -- Generating done
[2.803s] -- Build files have been written to: /home/andrea/tesi/ros2_mapf_cbs/project_1/build/my_intermediate_interfaces
[2.811s] Invoked command in '/home/andrea/tesi/ros2_mapf_cbs/project_1/build/my_intermediate_interfaces' returned '0': CMAKE_PREFIX_PATH=${CMAKE_PREFIX_PATH}:/home/andrea/tesi/ros2_mapf_cbs/project_1/install/my_package:/home/andrea/tesi/ros2_mapf_cbs/project_1/install/my_intermediate:/home/andrea/tesi/ros2_mapf_cbs/simple_example/install/my_py_pkg:/opt/ros/humble /usr/bin/cmake /home/andrea/tesi/ros2_mapf_cbs/project_1/src/my_intermediate_interfaces -DAMENT_CMAKE_SYMLINK_INSTALL=1 -DCMAKE_INSTALL_PREFIX=/home/andrea/tesi/ros2_mapf_cbs/project_1/install/my_intermediate_interfaces
[2.812s] Invoking command in '/home/andrea/tesi/ros2_mapf_cbs/project_1/build/my_intermediate_interfaces': CMAKE_PREFIX_PATH=${CMAKE_PREFIX_PATH}:/home/andrea/tesi/ros2_mapf_cbs/project_1/install/my_package:/home/andrea/tesi/ros2_mapf_cbs/project_1/install/my_intermediate:/home/andrea/tesi/ros2_mapf_cbs/simple_example/install/my_py_pkg:/opt/ros/humble /usr/bin/cmake --build /home/andrea/tesi/ros2_mapf_cbs/project_1/build/my_intermediate_interfaces -- -j8 -l8
[2.844s] [  1%] [34m[1mGenerating C code for ROS interfaces[0m
[2.853s] [  1%] [34m[1mGenerating C++ code for ROS interfaces[0m
[2.862s] [  1%] Built target ament_cmake_python_symlink_my_intermediate_interfaces
[3.061s] running egg_info
[3.062s] creating my_intermediate_interfaces.egg-info
[3.062s] writing my_intermediate_interfaces.egg-info/PKG-INFO
[3.062s] writing dependency_links to my_intermediate_interfaces.egg-info/dependency_links.txt
[3.062s] writing top-level names to my_intermediate_interfaces.egg-info/top_level.txt
[3.063s] writing manifest file 'my_intermediate_interfaces.egg-info/SOURCES.txt'
[3.064s] reading manifest file 'my_intermediate_interfaces.egg-info/SOURCES.txt'
[3.065s] writing manifest file 'my_intermediate_interfaces.egg-info/SOURCES.txt'
[3.093s] [  1%] Built target ament_cmake_python_build_my_intermediate_interfaces_egg
[3.721s] [  1%] Built target my_intermediate_interfaces__cpp
[3.733s] [  2%] [34m[1mGenerating C++ type support dispatch for ROS interfaces[0m
[3.736s] [  3%] [34m[1mGenerating C++ type support for eProsima Fast-RTPS[0m
[3.763s] [  4%] [34m[1mGenerating C++ introspection for ROS interfaces[0m
[3.785s] [  5%] [32mBuilding C object CMakeFiles/my_intermediate_interfaces__rosidl_generator_c.dir/rosidl_generator_c/my_intermediate_interfaces/srv/detail/start_goal_pose_stamped__functions.c.o[0m
[3.786s] [  6%] [32mBuilding C object CMakeFiles/my_intermediate_interfaces__rosidl_generator_c.dir/rosidl_generator_c/my_intermediate_interfaces/msg/detail/agent_path_request__functions.c.o[0m
[3.787s] [  7%] [32mBuilding C object CMakeFiles/my_intermediate_interfaces__rosidl_generator_c.dir/rosidl_generator_c/my_intermediate_interfaces/msg/detail/agent_path__functions.c.o[0m
[3.790s] [  8%] [32mBuilding C object CMakeFiles/my_intermediate_interfaces__rosidl_generator_c.dir/rosidl_generator_c/my_intermediate_interfaces/srv/detail/start_goal_positions__functions.c.o[0m
[3.793s] [  9%] [32mBuilding C object CMakeFiles/my_intermediate_interfaces__rosidl_generator_c.dir/rosidl_generator_c/my_intermediate_interfaces/srv/detail/computed_plans__functions.c.o[0m
[3.860s] [ 10%] [32mBuilding C object CMakeFiles/my_intermediate_interfaces__rosidl_generator_c.dir/rosidl_generator_c/my_intermediate_interfaces/msg/detail/vertex_constraint__functions.c.o[0m
[3.870s] [ 11%] [32mBuilding C object CMakeFiles/my_intermediate_interfaces__rosidl_generator_c.dir/rosidl_generator_c/my_intermediate_interfaces/msg/detail/edge_constraint__functions.c.o[0m
[3.879s] [ 12%] [32mBuilding C object CMakeFiles/my_intermediate_interfaces__rosidl_generator_c.dir/rosidl_generator_c/my_intermediate_interfaces/msg/detail/coordinates3_d__functions.c.o[0m
[3.884s] [ 13%] [32mBuilding C object CMakeFiles/my_intermediate_interfaces__rosidl_generator_c.dir/rosidl_generator_c/my_intermediate_interfaces/action/detail/my_compute_path_to_pose__functions.c.o[0m
[3.889s] [ 14%] [32mBuilding C object CMakeFiles/my_intermediate_interfaces__rosidl_generator_c.dir/rosidl_generator_c/my_intermediate_interfaces/msg/detail/start_goal__functions.c.o[0m
[4.022s] [ 15%] [32m[1mLinking C shared library libmy_intermediate_interfaces__rosidl_generator_c.so[0m
[4.058s] [ 15%] Built target my_intermediate_interfaces__rosidl_generator_c
[4.072s] [ 18%] [34m[1mGenerating C introspection for ROS interfaces[0m
[4.072s] [ 18%] [34m[1mGenerating C type support dispatch for ROS interfaces[0m
[4.072s] [ 18%] [34m[1mGenerating C type support for eProsima Fast-RTPS[0m
[4.623s] [ 19%] [32mBuilding CXX object CMakeFiles/my_intermediate_interfaces__rosidl_typesupport_cpp.dir/rosidl_typesupport_cpp/my_intermediate_interfaces/srv/start_goal_pose_stamped__type_support.cpp.o[0m
[4.656s] [ 20%] [32mBuilding CXX object CMakeFiles/my_intermediate_interfaces__rosidl_typesupport_cpp.dir/rosidl_typesupport_cpp/my_intermediate_interfaces/srv/start_goal_positions__type_support.cpp.o[0m
[4.668s] [ 21%] [32mBuilding CXX object CMakeFiles/my_intermediate_interfaces__rosidl_typesupport_cpp.dir/rosidl_typesupport_cpp/my_intermediate_interfaces/srv/computed_plans__type_support.cpp.o[0m
[4.786s] [ 22%] [32mBuilding CXX object CMakeFiles/my_intermediate_interfaces__rosidl_typesupport_fastrtps_cpp.dir/rosidl_typesupport_fastrtps_cpp/my_intermediate_interfaces/srv/detail/dds_fastrtps/start_goal_pose_stamped__type_support.cpp.o[0m
[5.014s] [ 23%] [32mBuilding CXX object CMakeFiles/my_intermediate_interfaces__rosidl_typesupport_cpp.dir/rosidl_typesupport_cpp/my_intermediate_interfaces/msg/agent_path_request__type_support.cpp.o[0m
[5.023s] [ 24%] [32mBuilding CXX object CMakeFiles/my_intermediate_interfaces__rosidl_typesupport_c.dir/rosidl_typesupport_c/my_intermediate_interfaces/srv/start_goal_pose_stamped__type_support.cpp.o[0m
[5.028s] [ 25%] [32mBuilding CXX object CMakeFiles/my_intermediate_interfaces__rosidl_typesupport_fastrtps_cpp.dir/rosidl_typesupport_fastrtps_cpp/my_intermediate_interfaces/srv/detail/dds_fastrtps/start_goal_positions__type_support.cpp.o[0m
[5.035s] [ 26%] [32mBuilding CXX object CMakeFiles/my_intermediate_interfaces__rosidl_typesupport_introspection_cpp.dir/rosidl_typesupport_introspection_cpp/my_intermediate_interfaces/srv/detail/start_goal_pose_stamped__type_support.cpp.o[0m
[5.092s] [ 27%] [32mBuilding CXX object CMakeFiles/my_intermediate_interfaces__rosidl_typesupport_cpp.dir/rosidl_typesupport_cpp/my_intermediate_interfaces/msg/agent_path__type_support.cpp.o[0m
[5.106s] [ 28%] [32mBuilding CXX object CMakeFiles/my_intermediate_interfaces__rosidl_typesupport_c.dir/rosidl_typesupport_c/my_intermediate_interfaces/srv/start_goal_positions__type_support.cpp.o[0m
[5.157s] [ 29%] [32mBuilding CXX object CMakeFiles/my_intermediate_interfaces__rosidl_typesupport_c.dir/rosidl_typesupport_c/my_intermediate_interfaces/srv/computed_plans__type_support.cpp.o[0m
[5.235s] [ 30%] [32mBuilding CXX object CMakeFiles/my_intermediate_interfaces__rosidl_typesupport_c.dir/rosidl_typesupport_c/my_intermediate_interfaces/msg/agent_path_request__type_support.cpp.o[0m
[5.295s] [ 31%] [32mBuilding CXX object CMakeFiles/my_intermediate_interfaces__rosidl_typesupport_c.dir/rosidl_typesupport_c/my_intermediate_interfaces/msg/agent_path__type_support.cpp.o[0m
[5.341s] [ 32%] [32mBuilding CXX object CMakeFiles/my_intermediate_interfaces__rosidl_typesupport_cpp.dir/rosidl_typesupport_cpp/my_intermediate_interfaces/msg/vertex_constraint__type_support.cpp.o[0m
[5.351s] [ 33%] [32mBuilding CXX object CMakeFiles/my_intermediate_interfaces__rosidl_typesupport_c.dir/rosidl_typesupport_c/my_intermediate_interfaces/msg/vertex_constraint__type_support.cpp.o[0m
[5.420s] [ 34%] [32mBuilding CXX object CMakeFiles/my_intermediate_interfaces__rosidl_typesupport_c.dir/rosidl_typesupport_c/my_intermediate_interfaces/msg/edge_constraint__type_support.cpp.o[0m
[5.473s] [ 35%] [32mBuilding CXX object CMakeFiles/my_intermediate_interfaces__rosidl_typesupport_c.dir/rosidl_typesupport_c/my_intermediate_interfaces/msg/coordinates3_d__type_support.cpp.o[0m
[5.477s] [ 36%] [32mBuilding CXX object CMakeFiles/my_intermediate_interfaces__rosidl_typesupport_cpp.dir/rosidl_typesupport_cpp/my_intermediate_interfaces/msg/edge_constraint__type_support.cpp.o[0m
[5.496s] [ 37%] [32mBuilding CXX object CMakeFiles/my_intermediate_interfaces__rosidl_typesupport_cpp.dir/rosidl_typesupport_cpp/my_intermediate_interfaces/msg/coordinates3_d__type_support.cpp.o[0m
[5.507s] [ 38%] [32mBuilding CXX object CMakeFiles/my_intermediate_interfaces__rosidl_typesupport_fastrtps_c.dir/rosidl_typesupport_fastrtps_c/my_intermediate_interfaces/srv/detail/start_goal_pose_stamped__type_support_c.cpp.o[0m
[5.534s] [ 38%] [32mBuilding CXX object CMakeFiles/my_intermediate_interfaces__rosidl_typesupport_c.dir/rosidl_typesupport_c/my_intermediate_interfaces/msg/start_goal__type_support.cpp.o[0m
[5.547s] [ 39%] [32mBuilding C object CMakeFiles/my_intermediate_interfaces__rosidl_typesupport_introspection_c.dir/rosidl_typesupport_introspection_c/my_intermediate_interfaces/srv/detail/start_goal_pose_stamped__type_support.c.o[0m
[5.621s] [ 40%] [32mBuilding CXX object CMakeFiles/my_intermediate_interfaces__rosidl_typesupport_c.dir/rosidl_typesupport_c/my_intermediate_interfaces/action/my_compute_path_to_pose__type_support.cpp.o[0m
[5.638s] [ 41%] [32mBuilding C object CMakeFiles/my_intermediate_interfaces__rosidl_typesupport_introspection_c.dir/rosidl_typesupport_introspection_c/my_intermediate_interfaces/srv/detail/start_goal_positions__type_support.c.o[0m
[5.669s] [ 41%] [32mBuilding CXX object CMakeFiles/my_intermediate_interfaces__rosidl_typesupport_fastrtps_cpp.dir/rosidl_typesupport_fastrtps_cpp/my_intermediate_interfaces/srv/detail/dds_fastrtps/computed_plans__type_support.cpp.o[0m
[5.680s] [ 42%] [32mBuilding CXX object CMakeFiles/my_intermediate_interfaces__rosidl_typesupport_fastrtps_c.dir/rosidl_typesupport_fastrtps_c/my_intermediate_interfaces/srv/detail/start_goal_positions__type_support_c.cpp.o[0m
[5.719s] [ 43%] [32m[1mLinking CXX shared library libmy_intermediate_interfaces__rosidl_typesupport_c.so[0m
[5.735s] [ 44%] [32mBuilding C object CMakeFiles/my_intermediate_interfaces__rosidl_typesupport_introspection_c.dir/rosidl_typesupport_introspection_c/my_intermediate_interfaces/srv/detail/computed_plans__type_support.c.o[0m
[5.801s] [ 45%] [32mBuilding CXX object CMakeFiles/my_intermediate_interfaces__rosidl_typesupport_cpp.dir/rosidl_typesupport_cpp/my_intermediate_interfaces/msg/start_goal__type_support.cpp.o[0m
[5.809s] [ 46%] [32mBuilding C object CMakeFiles/my_intermediate_interfaces__rosidl_typesupport_introspection_c.dir/rosidl_typesupport_introspection_c/my_intermediate_interfaces/msg/detail/agent_path_request__type_support.c.o[0m
[5.821s] [ 47%] [32mBuilding CXX object CMakeFiles/my_intermediate_interfaces__rosidl_typesupport_introspection_cpp.dir/rosidl_typesupport_introspection_cpp/my_intermediate_interfaces/srv/detail/start_goal_positions__type_support.cpp.o[0m
[5.825s] [ 47%] Built target my_intermediate_interfaces__rosidl_typesupport_c
[5.837s] [ 48%] [32mBuilding CXX object CMakeFiles/my_intermediate_interfaces__rosidl_typesupport_fastrtps_cpp.dir/rosidl_typesupport_fastrtps_cpp/my_intermediate_interfaces/msg/detail/dds_fastrtps/agent_path_request__type_support.cpp.o[0m
[5.859s] [ 49%] [32mBuilding CXX object CMakeFiles/my_intermediate_interfaces__rosidl_typesupport_cpp.dir/rosidl_typesupport_cpp/my_intermediate_interfaces/action/my_compute_path_to_pose__type_support.cpp.o[0m
[5.866s] [ 50%] [32mBuilding C object CMakeFiles/my_intermediate_interfaces__rosidl_typesupport_introspection_c.dir/rosidl_typesupport_introspection_c/my_intermediate_interfaces/msg/detail/agent_path__type_support.c.o[0m
[5.904s] [ 51%] [32mBuilding CXX object CMakeFiles/my_intermediate_interfaces__rosidl_typesupport_fastrtps_c.dir/rosidl_typesupport_fastrtps_c/my_intermediate_interfaces/srv/detail/computed_plans__type_support_c.cpp.o[0m
[5.912s] [ 52%] [32mBuilding C object CMakeFiles/my_intermediate_interfaces__rosidl_typesupport_introspection_c.dir/rosidl_typesupport_introspection_c/my_intermediate_interfaces/msg/detail/vertex_constraint__type_support.c.o[0m
[5.959s] [ 53%] [32mBuilding C object CMakeFiles/my_intermediate_interfaces__rosidl_typesupport_introspection_c.dir/rosidl_typesupport_introspection_c/my_intermediate_interfaces/msg/detail/edge_constraint__type_support.c.o[0m
[6.002s] [ 54%] [32mBuilding C object CMakeFiles/my_intermediate_interfaces__rosidl_typesupport_introspection_c.dir/rosidl_typesupport_introspection_c/my_intermediate_interfaces/msg/detail/coordinates3_d__type_support.c.o[0m
[6.113s] [ 55%] [32mBuilding C object CMakeFiles/my_intermediate_interfaces__rosidl_typesupport_introspection_c.dir/rosidl_typesupport_introspection_c/my_intermediate_interfaces/msg/detail/start_goal__type_support.c.o[0m
[6.160s] [ 56%] [32mBuilding C object CMakeFiles/my_intermediate_interfaces__rosidl_typesupport_introspection_c.dir/rosidl_typesupport_introspection_c/my_intermediate_interfaces/action/detail/my_compute_path_to_pose__type_support.c.o[0m
[6.168s] [ 57%] [32mBuilding CXX object CMakeFiles/my_intermediate_interfaces__rosidl_typesupport_fastrtps_c.dir/rosidl_typesupport_fastrtps_c/my_intermediate_interfaces/msg/detail/agent_path_request__type_support_c.cpp.o[0m
[6.199s] [ 58%] [32mBuilding CXX object CMakeFiles/my_intermediate_interfaces__rosidl_typesupport_introspection_cpp.dir/rosidl_typesupport_introspection_cpp/my_intermediate_interfaces/srv/detail/computed_plans__type_support.cpp.o[0m
[6.221s] [ 59%] [32mBuilding CXX object CMakeFiles/my_intermediate_interfaces__rosidl_typesupport_fastrtps_cpp.dir/rosidl_typesupport_fastrtps_cpp/my_intermediate_interfaces/msg/detail/dds_fastrtps/agent_path__type_support.cpp.o[0m
[6.243s] [ 60%] [32m[1mLinking C shared library libmy_intermediate_interfaces__rosidl_typesupport_introspection_c.so[0m
[6.306s] [ 60%] Built target my_intermediate_interfaces__rosidl_typesupport_introspection_c
[6.318s] [ 61%] [32mBuilding CXX object CMakeFiles/my_intermediate_interfaces__rosidl_typesupport_introspection_cpp.dir/rosidl_typesupport_introspection_cpp/my_intermediate_interfaces/msg/detail/agent_path_request__type_support.cpp.o[0m
[6.350s] [ 62%] [32mBuilding CXX object CMakeFiles/my_intermediate_interfaces__rosidl_typesupport_fastrtps_c.dir/rosidl_typesupport_fastrtps_c/my_intermediate_interfaces/msg/detail/agent_path__type_support_c.cpp.o[0m
[6.532s] [ 63%] [32m[1mLinking CXX shared library libmy_intermediate_interfaces__rosidl_typesupport_cpp.so[0m
[6.563s] [ 64%] [32mBuilding CXX object CMakeFiles/my_intermediate_interfaces__rosidl_typesupport_introspection_cpp.dir/rosidl_typesupport_introspection_cpp/my_intermediate_interfaces/msg/detail/agent_path__type_support.cpp.o[0m
[6.595s] [ 64%] Built target my_intermediate_interfaces__rosidl_typesupport_cpp
[6.607s] [ 65%] [32mBuilding CXX object CMakeFiles/my_intermediate_interfaces__rosidl_typesupport_introspection_cpp.dir/rosidl_typesupport_introspection_cpp/my_intermediate_interfaces/msg/detail/vertex_constraint__type_support.cpp.o[0m
[6.620s] [ 66%] [32mBuilding CXX object CMakeFiles/my_intermediate_interfaces__rosidl_typesupport_introspection_cpp.dir/rosidl_typesupport_introspection_cpp/my_intermediate_interfaces/msg/detail/edge_constraint__type_support.cpp.o[0m
[6.698s] [ 67%] [32mBuilding CXX object CMakeFiles/my_intermediate_interfaces__rosidl_typesupport_fastrtps_c.dir/rosidl_typesupport_fastrtps_c/my_intermediate_interfaces/msg/detail/vertex_constraint__type_support_c.cpp.o[0m
[6.750s] [ 68%] [32mBuilding CXX object CMakeFiles/my_intermediate_interfaces__rosidl_typesupport_fastrtps_cpp.dir/rosidl_typesupport_fastrtps_cpp/my_intermediate_interfaces/msg/detail/dds_fastrtps/vertex_constraint__type_support.cpp.o[0m
[6.863s] [ 69%] [32mBuilding CXX object CMakeFiles/my_intermediate_interfaces__rosidl_typesupport_introspection_cpp.dir/rosidl_typesupport_introspection_cpp/my_intermediate_interfaces/msg/detail/coordinates3_d__type_support.cpp.o[0m
[6.914s] [ 70%] [32mBuilding CXX object CMakeFiles/my_intermediate_interfaces__rosidl_typesupport_fastrtps_cpp.dir/rosidl_typesupport_fastrtps_cpp/my_intermediate_interfaces/msg/detail/dds_fastrtps/edge_constraint__type_support.cpp.o[0m
[7.023s] [ 71%] [32mBuilding CXX object CMakeFiles/my_intermediate_interfaces__rosidl_typesupport_fastrtps_cpp.dir/rosidl_typesupport_fastrtps_cpp/my_intermediate_interfaces/msg/detail/dds_fastrtps/coordinates3_d__type_support.cpp.o[0m
[7.050s] [ 72%] [32mBuilding CXX object CMakeFiles/my_intermediate_interfaces__rosidl_typesupport_introspection_cpp.dir/rosidl_typesupport_introspection_cpp/my_intermediate_interfaces/msg/detail/start_goal__type_support.cpp.o[0m
[7.086s] [ 73%] [32mBuilding CXX object CMakeFiles/my_intermediate_interfaces__rosidl_typesupport_introspection_cpp.dir/rosidl_typesupport_introspection_cpp/my_intermediate_interfaces/action/detail/my_compute_path_to_pose__type_support.cpp.o[0m
[7.152s] [ 74%] [32mBuilding CXX object CMakeFiles/my_intermediate_interfaces__rosidl_typesupport_fastrtps_cpp.dir/rosidl_typesupport_fastrtps_cpp/my_intermediate_interfaces/msg/detail/dds_fastrtps/start_goal__type_support.cpp.o[0m
[7.220s] [ 75%] [32mBuilding CXX object CMakeFiles/my_intermediate_interfaces__rosidl_typesupport_fastrtps_c.dir/rosidl_typesupport_fastrtps_c/my_intermediate_interfaces/msg/detail/edge_constraint__type_support_c.cpp.o[0m
[7.235s] [ 76%] [32mBuilding CXX object CMakeFiles/my_intermediate_interfaces__rosidl_typesupport_fastrtps_cpp.dir/rosidl_typesupport_fastrtps_cpp/my_intermediate_interfaces/action/detail/dds_fastrtps/my_compute_path_to_pose__type_support.cpp.o[0m
[7.442s] [ 77%] [32mBuilding CXX object CMakeFiles/my_intermediate_interfaces__rosidl_typesupport_fastrtps_c.dir/rosidl_typesupport_fastrtps_c/my_intermediate_interfaces/msg/detail/coordinates3_d__type_support_c.cpp.o[0m
[7.453s] [ 78%] [32mBuilding CXX object CMakeFiles/my_intermediate_interfaces__rosidl_typesupport_fastrtps_c.dir/rosidl_typesupport_fastrtps_c/my_intermediate_interfaces/msg/detail/start_goal__type_support_c.cpp.o[0m
[7.466s] [ 79%] [32mBuilding CXX object CMakeFiles/my_intermediate_interfaces__rosidl_typesupport_fastrtps_c.dir/rosidl_typesupport_fastrtps_c/my_intermediate_interfaces/action/detail/my_compute_path_to_pose__type_support_c.cpp.o[0m
[7.808s] [ 80%] [32m[1mLinking CXX shared library libmy_intermediate_interfaces__rosidl_typesupport_introspection_cpp.so[0m
[7.889s] [ 80%] Built target my_intermediate_interfaces__rosidl_typesupport_introspection_cpp
[7.899s] [ 81%] [32m[1mLinking CXX shared library libmy_intermediate_interfaces__rosidl_typesupport_fastrtps_c.so[0m
[7.965s] [ 81%] Built target my_intermediate_interfaces__rosidl_typesupport_fastrtps_c
[8.025s] [ 82%] [32m[1mLinking CXX shared library libmy_intermediate_interfaces__rosidl_typesupport_fastrtps_cpp.so[0m
[8.092s] [ 82%] Built target my_intermediate_interfaces__rosidl_typesupport_fastrtps_cpp
[8.110s] [ 82%] Built target my_intermediate_interfaces
[8.127s] [ 83%] [34m[1mGenerating Python code for ROS interfaces[0m
[9.460s] [ 83%] Built target my_intermediate_interfaces__py
[9.478s] [ 84%] [32mBuilding C object CMakeFiles/my_intermediate_interfaces__rosidl_generator_py.dir/rosidl_generator_py/my_intermediate_interfaces/srv/_computed_plans_s.c.o[0m
[9.479s] [ 85%] [32mBuilding C object CMakeFiles/my_intermediate_interfaces__rosidl_generator_py.dir/rosidl_generator_py/my_intermediate_interfaces/srv/_start_goal_pose_stamped_s.c.o[0m
[9.480s] [ 86%] [32mBuilding C object CMakeFiles/my_intermediate_interfaces__rosidl_generator_py.dir/rosidl_generator_py/my_intermediate_interfaces/srv/_start_goal_positions_s.c.o[0m
[9.480s] [ 87%] [32mBuilding C object CMakeFiles/my_intermediate_interfaces__rosidl_generator_py.dir/rosidl_generator_py/my_intermediate_interfaces/msg/_agent_path_request_s.c.o[0m
[9.480s] [ 89%] [32mBuilding C object CMakeFiles/my_intermediate_interfaces__rosidl_generator_py.dir/rosidl_generator_py/my_intermediate_interfaces/msg/_agent_path_s.c.o[0m
[9.480s] [ 89%] [32mBuilding C object CMakeFiles/my_intermediate_interfaces__rosidl_generator_py.dir/rosidl_generator_py/my_intermediate_interfaces/msg/_vertex_constraint_s.c.o[0m
[9.490s] [ 90%] [32mBuilding C object CMakeFiles/my_intermediate_interfaces__rosidl_generator_py.dir/rosidl_generator_py/my_intermediate_interfaces/msg/_coordinates3_d_s.c.o[0m
[9.493s] [ 91%] [32mBuilding C object CMakeFiles/my_intermediate_interfaces__rosidl_generator_py.dir/rosidl_generator_py/my_intermediate_interfaces/msg/_edge_constraint_s.c.o[0m
[9.637s] [ 92%] [32mBuilding C object CMakeFiles/my_intermediate_interfaces__rosidl_generator_py.dir/rosidl_generator_py/my_intermediate_interfaces/msg/_start_goal_s.c.o[0m
[9.640s] [ 93%] [32mBuilding C object CMakeFiles/my_intermediate_interfaces__rosidl_generator_py.dir/rosidl_generator_py/my_intermediate_interfaces/action/_my_compute_path_to_pose_s.c.o[0m
[9.754s] [ 94%] [32m[1mLinking C shared library rosidl_generator_py/my_intermediate_interfaces/libmy_intermediate_interfaces__rosidl_generator_py.so[0m
[9.791s] [ 94%] Built target my_intermediate_interfaces__rosidl_generator_py
[9.808s] [ 97%] [32mBuilding C object CMakeFiles/my_intermediate_interfaces__rosidl_typesupport_c__pyext.dir/rosidl_generator_py/my_intermediate_interfaces/_my_intermediate_interfaces_s.ep.rosidl_typesupport_c.c.o[0m
[9.808s] [ 97%] [32mBuilding C object CMakeFiles/my_intermediate_interfaces__rosidl_typesupport_introspection_c__pyext.dir/rosidl_generator_py/my_intermediate_interfaces/_my_intermediate_interfaces_s.ep.rosidl_typesupport_introspection_c.c.o[0m
[9.808s] [ 97%] [32mBuilding C object CMakeFiles/my_intermediate_interfaces__rosidl_typesupport_fastrtps_c__pyext.dir/rosidl_generator_py/my_intermediate_interfaces/_my_intermediate_interfaces_s.ep.rosidl_typesupport_fastrtps_c.c.o[0m
[9.927s] [ 98%] [32m[1mLinking C shared library rosidl_generator_py/my_intermediate_interfaces/my_intermediate_interfaces_s__rosidl_typesupport_introspection_c.cpython-310-x86_64-linux-gnu.so[0m
[9.927s] [100%] [32m[1mLinking C shared library rosidl_generator_py/my_intermediate_interfaces/my_intermediate_interfaces_s__rosidl_typesupport_c.cpython-310-x86_64-linux-gnu.so[0m
[9.927s] [100%] [32m[1mLinking C shared library rosidl_generator_py/my_intermediate_interfaces/my_intermediate_interfaces_s__rosidl_typesupport_fastrtps_c.cpython-310-x86_64-linux-gnu.so[0m
[9.968s] [100%] Built target my_intermediate_interfaces__rosidl_typesupport_introspection_c__pyext
[9.969s] [100%] Built target my_intermediate_interfaces__rosidl_typesupport_c__pyext
[9.970s] [100%] Built target my_intermediate_interfaces__rosidl_typesupport_fastrtps_c__pyext
[9.980s] Invoked command in '/home/andrea/tesi/ros2_mapf_cbs/project_1/build/my_intermediate_interfaces' returned '0': CMAKE_PREFIX_PATH=${CMAKE_PREFIX_PATH}:/home/andrea/tesi/ros2_mapf_cbs/project_1/install/my_package:/home/andrea/tesi/ros2_mapf_cbs/project_1/install/my_intermediate:/home/andrea/tesi/ros2_mapf_cbs/simple_example/install/my_py_pkg:/opt/ros/humble /usr/bin/cmake --build /home/andrea/tesi/ros2_mapf_cbs/project_1/build/my_intermediate_interfaces -- -j8 -l8
[10.175s] Invoking command in '/home/andrea/tesi/ros2_mapf_cbs/project_1/build/my_intermediate_interfaces': CMAKE_PREFIX_PATH=${CMAKE_PREFIX_PATH}:/home/andrea/tesi/ros2_mapf_cbs/project_1/install/my_package:/home/andrea/tesi/ros2_mapf_cbs/project_1/install/my_intermediate:/home/andrea/tesi/ros2_mapf_cbs/simple_example/install/my_py_pkg:/opt/ros/humble /usr/bin/cmake --install /home/andrea/tesi/ros2_mapf_cbs/project_1/build/my_intermediate_interfaces
[10.182s] -- Install configuration: ""
[10.182s] -- Execute custom install script
[10.182s] -- Symlinking: /home/andrea/tesi/ros2_mapf_cbs/project_1/install/my_intermediate_interfaces/share/ament_index/resource_index/rosidl_interfaces/my_intermediate_interfaces
[10.190s] -- Symlinking: /home/andrea/tesi/ros2_mapf_cbs/project_1/install/my_intermediate_interfaces/include/my_intermediate_interfaces/my_intermediate_interfaces/action/detail/my_compute_path_to_pose__functions.h
[10.197s] -- Symlinking: /home/andrea/tesi/ros2_mapf_cbs/project_1/install/my_intermediate_interfaces/include/my_intermediate_interfaces/my_intermediate_interfaces/action/detail/my_compute_path_to_pose__struct.h
[10.204s] -- Symlinking: /home/andrea/tesi/ros2_mapf_cbs/project_1/install/my_intermediate_interfaces/include/my_intermediate_interfaces/my_intermediate_interfaces/action/detail/my_compute_path_to_pose__type_support.h
[10.211s] -- Symlinking: /home/andrea/tesi/ros2_mapf_cbs/project_1/install/my_intermediate_interfaces/include/my_intermediate_interfaces/my_intermediate_interfaces/action/my_compute_path_to_pose.h
[10.218s] -- Symlinking: /home/andrea/tesi/ros2_mapf_cbs/project_1/install/my_intermediate_interfaces/include/my_intermediate_interfaces/my_intermediate_interfaces/msg/agent_path.h
[10.225s] -- Symlinking: /home/andrea/tesi/ros2_mapf_cbs/project_1/install/my_intermediate_interfaces/include/my_intermediate_interfaces/my_intermediate_interfaces/msg/agent_path_request.h
[10.232s] -- Symlinking: /home/andrea/tesi/ros2_mapf_cbs/project_1/install/my_intermediate_interfaces/include/my_intermediate_interfaces/my_intermediate_interfaces/msg/coordinates3_d.h
[10.240s] -- Symlinking: /home/andrea/tesi/ros2_mapf_cbs/project_1/install/my_intermediate_interfaces/include/my_intermediate_interfaces/my_intermediate_interfaces/msg/detail/agent_path__functions.h
[10.247s] -- Symlinking: /home/andrea/tesi/ros2_mapf_cbs/project_1/install/my_intermediate_interfaces/include/my_intermediate_interfaces/my_intermediate_interfaces/msg/detail/agent_path__struct.h
[10.254s] -- Symlinking: /home/andrea/tesi/ros2_mapf_cbs/project_1/install/my_intermediate_interfaces/include/my_intermediate_interfaces/my_intermediate_interfaces/msg/detail/agent_path__type_support.h
[10.261s] -- Symlinking: /home/andrea/tesi/ros2_mapf_cbs/project_1/install/my_intermediate_interfaces/include/my_intermediate_interfaces/my_intermediate_interfaces/msg/detail/agent_path_request__functions.h
[10.268s] -- Symlinking: /home/andrea/tesi/ros2_mapf_cbs/project_1/install/my_intermediate_interfaces/include/my_intermediate_interfaces/my_intermediate_interfaces/msg/detail/agent_path_request__struct.h
[10.275s] -- Symlinking: /home/andrea/tesi/ros2_mapf_cbs/project_1/install/my_intermediate_interfaces/include/my_intermediate_interfaces/my_intermediate_interfaces/msg/detail/agent_path_request__type_support.h
[10.283s] -- Symlinking: /home/andrea/tesi/ros2_mapf_cbs/project_1/install/my_intermediate_interfaces/include/my_intermediate_interfaces/my_intermediate_interfaces/msg/detail/coordinates3_d__functions.h
[10.290s] -- Symlinking: /home/andrea/tesi/ros2_mapf_cbs/project_1/install/my_intermediate_interfaces/include/my_intermediate_interfaces/my_intermediate_interfaces/msg/detail/coordinates3_d__struct.h
[10.297s] -- Symlinking: /home/andrea/tesi/ros2_mapf_cbs/project_1/install/my_intermediate_interfaces/include/my_intermediate_interfaces/my_intermediate_interfaces/msg/detail/coordinates3_d__type_support.h
[10.303s] -- Symlinking: /home/andrea/tesi/ros2_mapf_cbs/project_1/install/my_intermediate_interfaces/include/my_intermediate_interfaces/my_intermediate_interfaces/msg/detail/edge_constraint__functions.h
[10.310s] -- Symlinking: /home/andrea/tesi/ros2_mapf_cbs/project_1/install/my_intermediate_interfaces/include/my_intermediate_interfaces/my_intermediate_interfaces/msg/detail/edge_constraint__struct.h
[10.317s] -- Symlinking: /home/andrea/tesi/ros2_mapf_cbs/project_1/install/my_intermediate_interfaces/include/my_intermediate_interfaces/my_intermediate_interfaces/msg/detail/edge_constraint__type_support.h
[10.324s] -- Symlinking: /home/andrea/tesi/ros2_mapf_cbs/project_1/install/my_intermediate_interfaces/include/my_intermediate_interfaces/my_intermediate_interfaces/msg/detail/start_goal__functions.h
[10.332s] -- Symlinking: /home/andrea/tesi/ros2_mapf_cbs/project_1/install/my_intermediate_interfaces/include/my_intermediate_interfaces/my_intermediate_interfaces/msg/detail/start_goal__struct.h
[10.339s] -- Symlinking: /home/andrea/tesi/ros2_mapf_cbs/project_1/install/my_intermediate_interfaces/include/my_intermediate_interfaces/my_intermediate_interfaces/msg/detail/start_goal__type_support.h
[10.347s] -- Symlinking: /home/andrea/tesi/ros2_mapf_cbs/project_1/install/my_intermediate_interfaces/include/my_intermediate_interfaces/my_intermediate_interfaces/msg/detail/vertex_constraint__functions.h
[10.354s] -- Symlinking: /home/andrea/tesi/ros2_mapf_cbs/project_1/install/my_intermediate_interfaces/include/my_intermediate_interfaces/my_intermediate_interfaces/msg/detail/vertex_constraint__struct.h
[10.362s] -- Symlinking: /home/andrea/tesi/ros2_mapf_cbs/project_1/install/my_intermediate_interfaces/include/my_intermediate_interfaces/my_intermediate_interfaces/msg/detail/vertex_constraint__type_support.h
[10.368s] -- Symlinking: /home/andrea/tesi/ros2_mapf_cbs/project_1/install/my_intermediate_interfaces/include/my_intermediate_interfaces/my_intermediate_interfaces/msg/edge_constraint.h
[10.375s] -- Symlinking: /home/andrea/tesi/ros2_mapf_cbs/project_1/install/my_intermediate_interfaces/include/my_intermediate_interfaces/my_intermediate_interfaces/msg/rosidl_generator_c__visibility_control.h
[10.382s] -- Symlinking: /home/andrea/tesi/ros2_mapf_cbs/project_1/install/my_intermediate_interfaces/include/my_intermediate_interfaces/my_intermediate_interfaces/msg/start_goal.h
[10.389s] -- Symlinking: /home/andrea/tesi/ros2_mapf_cbs/project_1/install/my_intermediate_interfaces/include/my_intermediate_interfaces/my_intermediate_interfaces/msg/vertex_constraint.h
[10.403s] -- Symlinking: /home/andrea/tesi/ros2_mapf_cbs/project_1/install/my_intermediate_interfaces/include/my_intermediate_interfaces/my_intermediate_interfaces/srv/computed_plans.h
[10.411s] -- Symlinking: /home/andrea/tesi/ros2_mapf_cbs/project_1/install/my_intermediate_interfaces/include/my_intermediate_interfaces/my_intermediate_interfaces/srv/detail/computed_plans__functions.h
[10.418s] -- Symlinking: /home/andrea/tesi/ros2_mapf_cbs/project_1/install/my_intermediate_interfaces/include/my_intermediate_interfaces/my_intermediate_interfaces/srv/detail/computed_plans__struct.h
[10.425s] -- Symlinking: /home/andrea/tesi/ros2_mapf_cbs/project_1/install/my_intermediate_interfaces/include/my_intermediate_interfaces/my_intermediate_interfaces/srv/detail/computed_plans__type_support.h
[10.432s] -- Symlinking: /home/andrea/tesi/ros2_mapf_cbs/project_1/install/my_intermediate_interfaces/include/my_intermediate_interfaces/my_intermediate_interfaces/srv/detail/start_goal_pose_stamped__functions.h
[10.438s] -- Symlinking: /home/andrea/tesi/ros2_mapf_cbs/project_1/install/my_intermediate_interfaces/include/my_intermediate_interfaces/my_intermediate_interfaces/srv/detail/start_goal_pose_stamped__struct.h
[10.445s] -- Symlinking: /home/andrea/tesi/ros2_mapf_cbs/project_1/install/my_intermediate_interfaces/include/my_intermediate_interfaces/my_intermediate_interfaces/srv/detail/start_goal_pose_stamped__type_support.h
[10.452s] -- Symlinking: /home/andrea/tesi/ros2_mapf_cbs/project_1/install/my_intermediate_interfaces/include/my_intermediate_interfaces/my_intermediate_interfaces/srv/detail/start_goal_positions__functions.h
[10.459s] -- Symlinking: /home/andrea/tesi/ros2_mapf_cbs/project_1/install/my_intermediate_interfaces/include/my_intermediate_interfaces/my_intermediate_interfaces/srv/detail/start_goal_positions__struct.h
[10.466s] -- Symlinking: /home/andrea/tesi/ros2_mapf_cbs/project_1/install/my_intermediate_interfaces/include/my_intermediate_interfaces/my_intermediate_interfaces/srv/detail/start_goal_positions__type_support.h
[10.473s] -- Symlinking: /home/andrea/tesi/ros2_mapf_cbs/project_1/install/my_intermediate_interfaces/include/my_intermediate_interfaces/my_intermediate_interfaces/srv/start_goal_pose_stamped.h
[10.480s] -- Symlinking: /home/andrea/tesi/ros2_mapf_cbs/project_1/install/my_intermediate_interfaces/include/my_intermediate_interfaces/my_intermediate_interfaces/srv/start_goal_positions.h
[10.487s] -- Symlinking: /home/andrea/tesi/ros2_mapf_cbs/project_1/install/my_intermediate_interfaces/share/my_intermediate_interfaces/environment/library_path.sh
[10.495s] -- Symlinking: /home/andrea/tesi/ros2_mapf_cbs/project_1/install/my_intermediate_interfaces/share/my_intermediate_interfaces/environment/library_path.dsv
[10.502s] -- Symlinking: /home/andrea/tesi/ros2_mapf_cbs/project_1/install/my_intermediate_interfaces/include/my_intermediate_interfaces/my_intermediate_interfaces/action/detail/my_compute_path_to_pose__rosidl_typesupport_fastrtps_c.h
[10.509s] -- Symlinking: /home/andrea/tesi/ros2_mapf_cbs/project_1/install/my_intermediate_interfaces/include/my_intermediate_interfaces/my_intermediate_interfaces/msg/detail/agent_path__rosidl_typesupport_fastrtps_c.h
[10.516s] -- Symlinking: /home/andrea/tesi/ros2_mapf_cbs/project_1/install/my_intermediate_interfaces/include/my_intermediate_interfaces/my_intermediate_interfaces/msg/detail/agent_path_request__rosidl_typesupport_fastrtps_c.h
[10.523s] -- Symlinking: /home/andrea/tesi/ros2_mapf_cbs/project_1/install/my_intermediate_interfaces/include/my_intermediate_interfaces/my_intermediate_interfaces/msg/detail/coordinates3_d__rosidl_typesupport_fastrtps_c.h
[10.531s] -- Symlinking: /home/andrea/tesi/ros2_mapf_cbs/project_1/install/my_intermediate_interfaces/include/my_intermediate_interfaces/my_intermediate_interfaces/msg/detail/edge_constraint__rosidl_typesupport_fastrtps_c.h
[10.537s] -- Symlinking: /home/andrea/tesi/ros2_mapf_cbs/project_1/install/my_intermediate_interfaces/include/my_intermediate_interfaces/my_intermediate_interfaces/msg/detail/start_goal__rosidl_typesupport_fastrtps_c.h
[10.544s] -- Symlinking: /home/andrea/tesi/ros2_mapf_cbs/project_1/install/my_intermediate_interfaces/include/my_intermediate_interfaces/my_intermediate_interfaces/msg/detail/vertex_constraint__rosidl_typesupport_fastrtps_c.h
[10.551s] -- Symlinking: /home/andrea/tesi/ros2_mapf_cbs/project_1/install/my_intermediate_interfaces/include/my_intermediate_interfaces/my_intermediate_interfaces/msg/rosidl_typesupport_fastrtps_c__visibility_control.h
[10.559s] -- Symlinking: /home/andrea/tesi/ros2_mapf_cbs/project_1/install/my_intermediate_interfaces/include/my_intermediate_interfaces/my_intermediate_interfaces/srv/detail/computed_plans__rosidl_typesupport_fastrtps_c.h
[10.566s] -- Symlinking: /home/andrea/tesi/ros2_mapf_cbs/project_1/install/my_intermediate_interfaces/include/my_intermediate_interfaces/my_intermediate_interfaces/srv/detail/start_goal_pose_stamped__rosidl_typesupport_fastrtps_c.h
[10.572s] -- Symlinking: /home/andrea/tesi/ros2_mapf_cbs/project_1/install/my_intermediate_interfaces/include/my_intermediate_interfaces/my_intermediate_interfaces/srv/detail/start_goal_positions__rosidl_typesupport_fastrtps_c.h
[10.580s] -- Symlinking: /home/andrea/tesi/ros2_mapf_cbs/project_1/install/my_intermediate_interfaces/include/my_intermediate_interfaces/my_intermediate_interfaces/action/detail/my_compute_path_to_pose__builder.hpp
[10.587s] -- Symlinking: /home/andrea/tesi/ros2_mapf_cbs/project_1/install/my_intermediate_interfaces/include/my_intermediate_interfaces/my_intermediate_interfaces/action/detail/my_compute_path_to_pose__struct.hpp
[10.594s] -- Symlinking: /home/andrea/tesi/ros2_mapf_cbs/project_1/install/my_intermediate_interfaces/include/my_intermediate_interfaces/my_intermediate_interfaces/action/detail/my_compute_path_to_pose__traits.hpp
[10.601s] -- Symlinking: /home/andrea/tesi/ros2_mapf_cbs/project_1/install/my_intermediate_interfaces/include/my_intermediate_interfaces/my_intermediate_interfaces/action/my_compute_path_to_pose.hpp
[10.608s] -- Symlinking: /home/andrea/tesi/ros2_mapf_cbs/project_1/install/my_intermediate_interfaces/include/my_intermediate_interfaces/my_intermediate_interfaces/msg/agent_path.hpp
[10.615s] -- Symlinking: /home/andrea/tesi/ros2_mapf_cbs/project_1/install/my_intermediate_interfaces/include/my_intermediate_interfaces/my_intermediate_interfaces/msg/agent_path_request.hpp
[10.621s] -- Symlinking: /home/andrea/tesi/ros2_mapf_cbs/project_1/install/my_intermediate_interfaces/include/my_intermediate_interfaces/my_intermediate_interfaces/msg/coordinates3_d.hpp
[10.628s] -- Symlinking: /home/andrea/tesi/ros2_mapf_cbs/project_1/install/my_intermediate_interfaces/include/my_intermediate_interfaces/my_intermediate_interfaces/msg/detail/agent_path__builder.hpp
[10.635s] -- Symlinking: /home/andrea/tesi/ros2_mapf_cbs/project_1/install/my_intermediate_interfaces/include/my_intermediate_interfaces/my_intermediate_interfaces/msg/detail/agent_path__struct.hpp
[10.641s] -- Symlinking: /home/andrea/tesi/ros2_mapf_cbs/project_1/install/my_intermediate_interfaces/include/my_intermediate_interfaces/my_intermediate_interfaces/msg/detail/agent_path__traits.hpp
[10.648s] -- Symlinking: /home/andrea/tesi/ros2_mapf_cbs/project_1/install/my_intermediate_interfaces/include/my_intermediate_interfaces/my_intermediate_interfaces/msg/detail/agent_path_request__builder.hpp
[10.656s] -- Symlinking: /home/andrea/tesi/ros2_mapf_cbs/project_1/install/my_intermediate_interfaces/include/my_intermediate_interfaces/my_intermediate_interfaces/msg/detail/agent_path_request__struct.hpp
[10.664s] -- Symlinking: /home/andrea/tesi/ros2_mapf_cbs/project_1/install/my_intermediate_interfaces/include/my_intermediate_interfaces/my_intermediate_interfaces/msg/detail/agent_path_request__traits.hpp
[10.671s] -- Symlinking: /home/andrea/tesi/ros2_mapf_cbs/project_1/install/my_intermediate_interfaces/include/my_intermediate_interfaces/my_intermediate_interfaces/msg/detail/coordinates3_d__builder.hpp
[10.678s] -- Symlinking: /home/andrea/tesi/ros2_mapf_cbs/project_1/install/my_intermediate_interfaces/include/my_intermediate_interfaces/my_intermediate_interfaces/msg/detail/coordinates3_d__struct.hpp
[10.685s] -- Symlinking: /home/andrea/tesi/ros2_mapf_cbs/project_1/install/my_intermediate_interfaces/include/my_intermediate_interfaces/my_intermediate_interfaces/msg/detail/coordinates3_d__traits.hpp
[10.692s] -- Symlinking: /home/andrea/tesi/ros2_mapf_cbs/project_1/install/my_intermediate_interfaces/include/my_intermediate_interfaces/my_intermediate_interfaces/msg/detail/edge_constraint__builder.hpp
[10.699s] -- Symlinking: /home/andrea/tesi/ros2_mapf_cbs/project_1/install/my_intermediate_interfaces/include/my_intermediate_interfaces/my_intermediate_interfaces/msg/detail/edge_constraint__struct.hpp
[10.706s] -- Symlinking: /home/andrea/tesi/ros2_mapf_cbs/project_1/install/my_intermediate_interfaces/include/my_intermediate_interfaces/my_intermediate_interfaces/msg/detail/edge_constraint__traits.hpp
[10.713s] -- Symlinking: /home/andrea/tesi/ros2_mapf_cbs/project_1/install/my_intermediate_interfaces/include/my_intermediate_interfaces/my_intermediate_interfaces/msg/detail/start_goal__builder.hpp
[10.719s] -- Symlinking: /home/andrea/tesi/ros2_mapf_cbs/project_1/install/my_intermediate_interfaces/include/my_intermediate_interfaces/my_intermediate_interfaces/msg/detail/start_goal__struct.hpp
[10.726s] -- Symlinking: /home/andrea/tesi/ros2_mapf_cbs/project_1/install/my_intermediate_interfaces/include/my_intermediate_interfaces/my_intermediate_interfaces/msg/detail/start_goal__traits.hpp
[10.733s] -- Symlinking: /home/andrea/tesi/ros2_mapf_cbs/project_1/install/my_intermediate_interfaces/include/my_intermediate_interfaces/my_intermediate_interfaces/msg/detail/vertex_constraint__builder.hpp
[10.740s] -- Symlinking: /home/andrea/tesi/ros2_mapf_cbs/project_1/install/my_intermediate_interfaces/include/my_intermediate_interfaces/my_intermediate_interfaces/msg/detail/vertex_constraint__struct.hpp
[10.748s] -- Symlinking: /home/andrea/tesi/ros2_mapf_cbs/project_1/install/my_intermediate_interfaces/include/my_intermediate_interfaces/my_intermediate_interfaces/msg/detail/vertex_constraint__traits.hpp
[10.755s] -- Symlinking: /home/andrea/tesi/ros2_mapf_cbs/project_1/install/my_intermediate_interfaces/include/my_intermediate_interfaces/my_intermediate_interfaces/msg/edge_constraint.hpp
[10.762s] -- Symlinking: /home/andrea/tesi/ros2_mapf_cbs/project_1/install/my_intermediate_interfaces/include/my_intermediate_interfaces/my_intermediate_interfaces/msg/start_goal.hpp
[10.769s] -- Symlinking: /home/andrea/tesi/ros2_mapf_cbs/project_1/install/my_intermediate_interfaces/include/my_intermediate_interfaces/my_intermediate_interfaces/msg/vertex_constraint.hpp
[10.776s] -- Symlinking: /home/andrea/tesi/ros2_mapf_cbs/project_1/install/my_intermediate_interfaces/include/my_intermediate_interfaces/my_intermediate_interfaces/srv/computed_plans.hpp
[10.783s] -- Symlinking: /home/andrea/tesi/ros2_mapf_cbs/project_1/install/my_intermediate_interfaces/include/my_intermediate_interfaces/my_intermediate_interfaces/srv/detail/computed_plans__builder.hpp
[10.790s] -- Symlinking: /home/andrea/tesi/ros2_mapf_cbs/project_1/install/my_intermediate_interfaces/include/my_intermediate_interfaces/my_intermediate_interfaces/srv/detail/computed_plans__struct.hpp
[10.797s] -- Symlinking: /home/andrea/tesi/ros2_mapf_cbs/project_1/install/my_intermediate_interfaces/include/my_intermediate_interfaces/my_intermediate_interfaces/srv/detail/computed_plans__traits.hpp
[10.804s] -- Symlinking: /home/andrea/tesi/ros2_mapf_cbs/project_1/install/my_intermediate_interfaces/include/my_intermediate_interfaces/my_intermediate_interfaces/srv/detail/start_goal_pose_stamped__builder.hpp
[10.811s] -- Symlinking: /home/andrea/tesi/ros2_mapf_cbs/project_1/install/my_intermediate_interfaces/include/my_intermediate_interfaces/my_intermediate_interfaces/srv/detail/start_goal_pose_stamped__struct.hpp
[10.818s] -- Symlinking: /home/andrea/tesi/ros2_mapf_cbs/project_1/install/my_intermediate_interfaces/include/my_intermediate_interfaces/my_intermediate_interfaces/srv/detail/start_goal_pose_stamped__traits.hpp
[10.825s] -- Symlinking: /home/andrea/tesi/ros2_mapf_cbs/project_1/install/my_intermediate_interfaces/include/my_intermediate_interfaces/my_intermediate_interfaces/srv/detail/start_goal_positions__builder.hpp
[10.832s] -- Symlinking: /home/andrea/tesi/ros2_mapf_cbs/project_1/install/my_intermediate_interfaces/include/my_intermediate_interfaces/my_intermediate_interfaces/srv/detail/start_goal_positions__struct.hpp
[10.839s] -- Symlinking: /home/andrea/tesi/ros2_mapf_cbs/project_1/install/my_intermediate_interfaces/include/my_intermediate_interfaces/my_intermediate_interfaces/srv/detail/start_goal_positions__traits.hpp
[10.846s] -- Symlinking: /home/andrea/tesi/ros2_mapf_cbs/project_1/install/my_intermediate_interfaces/include/my_intermediate_interfaces/my_intermediate_interfaces/srv/start_goal_pose_stamped.hpp
[10.853s] -- Symlinking: /home/andrea/tesi/ros2_mapf_cbs/project_1/install/my_intermediate_interfaces/include/my_intermediate_interfaces/my_intermediate_interfaces/srv/start_goal_positions.hpp
[10.861s] -- Symlinking: /home/andrea/tesi/ros2_mapf_cbs/project_1/install/my_intermediate_interfaces/include/my_intermediate_interfaces/my_intermediate_interfaces/action/detail/my_compute_path_to_pose__rosidl_typesupport_fastrtps_cpp.hpp
[10.868s] -- Symlinking: /home/andrea/tesi/ros2_mapf_cbs/project_1/install/my_intermediate_interfaces/include/my_intermediate_interfaces/my_intermediate_interfaces/msg/detail/agent_path__rosidl_typesupport_fastrtps_cpp.hpp
[10.875s] -- Symlinking: /home/andrea/tesi/ros2_mapf_cbs/project_1/install/my_intermediate_interfaces/include/my_intermediate_interfaces/my_intermediate_interfaces/msg/detail/agent_path_request__rosidl_typesupport_fastrtps_cpp.hpp
[10.882s] -- Symlinking: /home/andrea/tesi/ros2_mapf_cbs/project_1/install/my_intermediate_interfaces/include/my_intermediate_interfaces/my_intermediate_interfaces/msg/detail/coordinates3_d__rosidl_typesupport_fastrtps_cpp.hpp
[10.889s] -- Symlinking: /home/andrea/tesi/ros2_mapf_cbs/project_1/install/my_intermediate_interfaces/include/my_intermediate_interfaces/my_intermediate_interfaces/msg/detail/edge_constraint__rosidl_typesupport_fastrtps_cpp.hpp
[10.896s] -- Symlinking: /home/andrea/tesi/ros2_mapf_cbs/project_1/install/my_intermediate_interfaces/include/my_intermediate_interfaces/my_intermediate_interfaces/msg/detail/start_goal__rosidl_typesupport_fastrtps_cpp.hpp
[10.903s] -- Symlinking: /home/andrea/tesi/ros2_mapf_cbs/project_1/install/my_intermediate_interfaces/include/my_intermediate_interfaces/my_intermediate_interfaces/msg/detail/vertex_constraint__rosidl_typesupport_fastrtps_cpp.hpp
[10.910s] -- Symlinking: /home/andrea/tesi/ros2_mapf_cbs/project_1/install/my_intermediate_interfaces/include/my_intermediate_interfaces/my_intermediate_interfaces/msg/rosidl_typesupport_fastrtps_cpp__visibility_control.h
[10.917s] -- Symlinking: /home/andrea/tesi/ros2_mapf_cbs/project_1/install/my_intermediate_interfaces/include/my_intermediate_interfaces/my_intermediate_interfaces/srv/detail/computed_plans__rosidl_typesupport_fastrtps_cpp.hpp
[10.924s] -- Symlinking: /home/andrea/tesi/ros2_mapf_cbs/project_1/install/my_intermediate_interfaces/include/my_intermediate_interfaces/my_intermediate_interfaces/srv/detail/start_goal_pose_stamped__rosidl_typesupport_fastrtps_cpp.hpp
[10.931s] -- Symlinking: /home/andrea/tesi/ros2_mapf_cbs/project_1/install/my_intermediate_interfaces/include/my_intermediate_interfaces/my_intermediate_interfaces/srv/detail/start_goal_positions__rosidl_typesupport_fastrtps_cpp.hpp
[10.939s] -- Symlinking: /home/andrea/tesi/ros2_mapf_cbs/project_1/install/my_intermediate_interfaces/include/my_intermediate_interfaces/my_intermediate_interfaces/action/detail/my_compute_path_to_pose__rosidl_typesupport_introspection_c.h
[10.946s] -- Symlinking: /home/andrea/tesi/ros2_mapf_cbs/project_1/install/my_intermediate_interfaces/include/my_intermediate_interfaces/my_intermediate_interfaces/msg/detail/agent_path__rosidl_typesupport_introspection_c.h
[10.953s] -- Symlinking: /home/andrea/tesi/ros2_mapf_cbs/project_1/install/my_intermediate_interfaces/include/my_intermediate_interfaces/my_intermediate_interfaces/msg/detail/agent_path_request__rosidl_typesupport_introspection_c.h
[10.960s] -- Symlinking: /home/andrea/tesi/ros2_mapf_cbs/project_1/install/my_intermediate_interfaces/include/my_intermediate_interfaces/my_intermediate_interfaces/msg/detail/coordinates3_d__rosidl_typesupport_introspection_c.h
[10.968s] -- Symlinking: /home/andrea/tesi/ros2_mapf_cbs/project_1/install/my_intermediate_interfaces/include/my_intermediate_interfaces/my_intermediate_interfaces/msg/detail/edge_constraint__rosidl_typesupport_introspection_c.h
[10.976s] -- Symlinking: /home/andrea/tesi/ros2_mapf_cbs/project_1/install/my_intermediate_interfaces/include/my_intermediate_interfaces/my_intermediate_interfaces/msg/detail/start_goal__rosidl_typesupport_introspection_c.h
[10.986s] -- Symlinking: /home/andrea/tesi/ros2_mapf_cbs/project_1/install/my_intermediate_interfaces/include/my_intermediate_interfaces/my_intermediate_interfaces/msg/detail/vertex_constraint__rosidl_typesupport_introspection_c.h
[10.994s] -- Symlinking: /home/andrea/tesi/ros2_mapf_cbs/project_1/install/my_intermediate_interfaces/include/my_intermediate_interfaces/my_intermediate_interfaces/msg/rosidl_typesupport_introspection_c__visibility_control.h
[11.001s] -- Symlinking: /home/andrea/tesi/ros2_mapf_cbs/project_1/install/my_intermediate_interfaces/include/my_intermediate_interfaces/my_intermediate_interfaces/srv/detail/computed_plans__rosidl_typesupport_introspection_c.h
[11.009s] -- Symlinking: /home/andrea/tesi/ros2_mapf_cbs/project_1/install/my_intermediate_interfaces/include/my_intermediate_interfaces/my_intermediate_interfaces/srv/detail/start_goal_pose_stamped__rosidl_typesupport_introspection_c.h
[11.016s] -- Symlinking: /home/andrea/tesi/ros2_mapf_cbs/project_1/install/my_intermediate_interfaces/include/my_intermediate_interfaces/my_intermediate_interfaces/srv/detail/start_goal_positions__rosidl_typesupport_introspection_c.h
[11.024s] -- Symlinking: /home/andrea/tesi/ros2_mapf_cbs/project_1/install/my_intermediate_interfaces/include/my_intermediate_interfaces/my_intermediate_interfaces/action/detail/my_compute_path_to_pose__rosidl_typesupport_introspection_cpp.hpp
[11.032s] -- Symlinking: /home/andrea/tesi/ros2_mapf_cbs/project_1/install/my_intermediate_interfaces/include/my_intermediate_interfaces/my_intermediate_interfaces/msg/detail/agent_path__rosidl_typesupport_introspection_cpp.hpp
[11.040s] -- Symlinking: /home/andrea/tesi/ros2_mapf_cbs/project_1/install/my_intermediate_interfaces/include/my_intermediate_interfaces/my_intermediate_interfaces/msg/detail/agent_path_request__rosidl_typesupport_introspection_cpp.hpp
[11.047s] -- Symlinking: /home/andrea/tesi/ros2_mapf_cbs/project_1/install/my_intermediate_interfaces/include/my_intermediate_interfaces/my_intermediate_interfaces/msg/detail/coordinates3_d__rosidl_typesupport_introspection_cpp.hpp
[11.055s] -- Symlinking: /home/andrea/tesi/ros2_mapf_cbs/project_1/install/my_intermediate_interfaces/include/my_intermediate_interfaces/my_intermediate_interfaces/msg/detail/edge_constraint__rosidl_typesupport_introspection_cpp.hpp
[11.063s] -- Symlinking: /home/andrea/tesi/ros2_mapf_cbs/project_1/install/my_intermediate_interfaces/include/my_intermediate_interfaces/my_intermediate_interfaces/msg/detail/start_goal__rosidl_typesupport_introspection_cpp.hpp
[11.071s] -- Symlinking: /home/andrea/tesi/ros2_mapf_cbs/project_1/install/my_intermediate_interfaces/include/my_intermediate_interfaces/my_intermediate_interfaces/msg/detail/vertex_constraint__rosidl_typesupport_introspection_cpp.hpp
[11.079s] -- Symlinking: /home/andrea/tesi/ros2_mapf_cbs/project_1/install/my_intermediate_interfaces/include/my_intermediate_interfaces/my_intermediate_interfaces/srv/detail/computed_plans__rosidl_typesupport_introspection_cpp.hpp
[11.087s] -- Symlinking: /home/andrea/tesi/ros2_mapf_cbs/project_1/install/my_intermediate_interfaces/include/my_intermediate_interfaces/my_intermediate_interfaces/srv/detail/start_goal_pose_stamped__rosidl_typesupport_introspection_cpp.hpp
[11.096s] -- Symlinking: /home/andrea/tesi/ros2_mapf_cbs/project_1/install/my_intermediate_interfaces/include/my_intermediate_interfaces/my_intermediate_interfaces/srv/detail/start_goal_positions__rosidl_typesupport_introspection_cpp.hpp
[11.104s] -- Symlinking: /home/andrea/tesi/ros2_mapf_cbs/project_1/install/my_intermediate_interfaces/share/my_intermediate_interfaces/environment/pythonpath.sh
[11.112s] -- Symlinking: /home/andrea/tesi/ros2_mapf_cbs/project_1/install/my_intermediate_interfaces/share/my_intermediate_interfaces/environment/pythonpath.dsv
[11.120s] -- Symlinking: /home/andrea/tesi/ros2_mapf_cbs/project_1/install/my_intermediate_interfaces/local/lib/python3.10/dist-packages/my_intermediate_interfaces-0.0.0-py3.10.egg-info/PKG-INFO
[11.128s] -- Symlinking: /home/andrea/tesi/ros2_mapf_cbs/project_1/install/my_intermediate_interfaces/local/lib/python3.10/dist-packages/my_intermediate_interfaces-0.0.0-py3.10.egg-info/SOURCES.txt
[11.135s] -- Symlinking: /home/andrea/tesi/ros2_mapf_cbs/project_1/install/my_intermediate_interfaces/local/lib/python3.10/dist-packages/my_intermediate_interfaces-0.0.0-py3.10.egg-info/dependency_links.txt
[11.143s] -- Symlinking: /home/andrea/tesi/ros2_mapf_cbs/project_1/install/my_intermediate_interfaces/local/lib/python3.10/dist-packages/my_intermediate_interfaces-0.0.0-py3.10.egg-info/top_level.txt
[11.151s] -- Symlinking: /home/andrea/tesi/ros2_mapf_cbs/project_1/install/my_intermediate_interfaces/local/lib/python3.10/dist-packages/my_intermediate_interfaces/__init__.py
[11.159s] -- Symlinking: /home/andrea/tesi/ros2_mapf_cbs/project_1/install/my_intermediate_interfaces/local/lib/python3.10/dist-packages/my_intermediate_interfaces/_my_intermediate_interfaces_s.ep.rosidl_typesupport_c.c
[11.170s] -- Symlinking: /home/andrea/tesi/ros2_mapf_cbs/project_1/install/my_intermediate_interfaces/local/lib/python3.10/dist-packages/my_intermediate_interfaces/_my_intermediate_interfaces_s.ep.rosidl_typesupport_fastrtps_c.c
[11.177s] -- Symlinking: /home/andrea/tesi/ros2_mapf_cbs/project_1/install/my_intermediate_interfaces/local/lib/python3.10/dist-packages/my_intermediate_interfaces/_my_intermediate_interfaces_s.ep.rosidl_typesupport_introspection_c.c
[11.185s] -- Symlinking: /home/andrea/tesi/ros2_mapf_cbs/project_1/install/my_intermediate_interfaces/local/lib/python3.10/dist-packages/my_intermediate_interfaces/action/__init__.py
[11.193s] -- Symlinking: /home/andrea/tesi/ros2_mapf_cbs/project_1/install/my_intermediate_interfaces/local/lib/python3.10/dist-packages/my_intermediate_interfaces/action/_my_compute_path_to_pose.py
[11.200s] -- Symlinking: /home/andrea/tesi/ros2_mapf_cbs/project_1/install/my_intermediate_interfaces/local/lib/python3.10/dist-packages/my_intermediate_interfaces/action/_my_compute_path_to_pose_s.c
[11.208s] -- Symlinking: /home/andrea/tesi/ros2_mapf_cbs/project_1/install/my_intermediate_interfaces/local/lib/python3.10/dist-packages/my_intermediate_interfaces/libmy_intermediate_interfaces__rosidl_generator_py.so
[11.216s] -- Symlinking: /home/andrea/tesi/ros2_mapf_cbs/project_1/install/my_intermediate_interfaces/local/lib/python3.10/dist-packages/my_intermediate_interfaces/msg/__init__.py
[11.224s] -- Symlinking: /home/andrea/tesi/ros2_mapf_cbs/project_1/install/my_intermediate_interfaces/local/lib/python3.10/dist-packages/my_intermediate_interfaces/msg/_agent_path.py
[11.231s] -- Symlinking: /home/andrea/tesi/ros2_mapf_cbs/project_1/install/my_intermediate_interfaces/local/lib/python3.10/dist-packages/my_intermediate_interfaces/msg/_agent_path_request.py
[11.239s] -- Symlinking: /home/andrea/tesi/ros2_mapf_cbs/project_1/install/my_intermediate_interfaces/local/lib/python3.10/dist-packages/my_intermediate_interfaces/msg/_agent_path_request_s.c
[11.246s] -- Symlinking: /home/andrea/tesi/ros2_mapf_cbs/project_1/install/my_intermediate_interfaces/local/lib/python3.10/dist-packages/my_intermediate_interfaces/msg/_agent_path_s.c
[11.253s] -- Symlinking: /home/andrea/tesi/ros2_mapf_cbs/project_1/install/my_intermediate_interfaces/local/lib/python3.10/dist-packages/my_intermediate_interfaces/msg/_coordinates3_d.py
[11.261s] -- Symlinking: /home/andrea/tesi/ros2_mapf_cbs/project_1/install/my_intermediate_interfaces/local/lib/python3.10/dist-packages/my_intermediate_interfaces/msg/_coordinates3_d_s.c
[11.268s] -- Symlinking: /home/andrea/tesi/ros2_mapf_cbs/project_1/install/my_intermediate_interfaces/local/lib/python3.10/dist-packages/my_intermediate_interfaces/msg/_edge_constraint.py
[11.276s] -- Symlinking: /home/andrea/tesi/ros2_mapf_cbs/project_1/install/my_intermediate_interfaces/local/lib/python3.10/dist-packages/my_intermediate_interfaces/msg/_edge_constraint_s.c
[11.283s] -- Symlinking: /home/andrea/tesi/ros2_mapf_cbs/project_1/install/my_intermediate_interfaces/local/lib/python3.10/dist-packages/my_intermediate_interfaces/msg/_start_goal.py
[11.291s] -- Symlinking: /home/andrea/tesi/ros2_mapf_cbs/project_1/install/my_intermediate_interfaces/local/lib/python3.10/dist-packages/my_intermediate_interfaces/msg/_start_goal_s.c
[11.302s] -- Symlinking: /home/andrea/tesi/ros2_mapf_cbs/project_1/install/my_intermediate_interfaces/local/lib/python3.10/dist-packages/my_intermediate_interfaces/msg/_vertex_constraint.py
[11.309s] -- Symlinking: /home/andrea/tesi/ros2_mapf_cbs/project_1/install/my_intermediate_interfaces/local/lib/python3.10/dist-packages/my_intermediate_interfaces/msg/_vertex_constraint_s.c
[11.316s] -- Symlinking: /home/andrea/tesi/ros2_mapf_cbs/project_1/install/my_intermediate_interfaces/local/lib/python3.10/dist-packages/my_intermediate_interfaces/my_intermediate_interfaces_s__rosidl_typesupport_c.cpython-310-x86_64-linux-gnu.so
[11.324s] -- Symlinking: /home/andrea/tesi/ros2_mapf_cbs/project_1/install/my_intermediate_interfaces/local/lib/python3.10/dist-packages/my_intermediate_interfaces/my_intermediate_interfaces_s__rosidl_typesupport_fastrtps_c.cpython-310-x86_64-linux-gnu.so
[11.331s] -- Symlinking: /home/andrea/tesi/ros2_mapf_cbs/project_1/install/my_intermediate_interfaces/local/lib/python3.10/dist-packages/my_intermediate_interfaces/my_intermediate_interfaces_s__rosidl_typesupport_introspection_c.cpython-310-x86_64-linux-gnu.so
[11.340s] -- Symlinking: /home/andrea/tesi/ros2_mapf_cbs/project_1/install/my_intermediate_interfaces/local/lib/python3.10/dist-packages/my_intermediate_interfaces/srv/__init__.py
[11.348s] -- Symlinking: /home/andrea/tesi/ros2_mapf_cbs/project_1/install/my_intermediate_interfaces/local/lib/python3.10/dist-packages/my_intermediate_interfaces/srv/_computed_plans.py
[11.356s] -- Symlinking: /home/andrea/tesi/ros2_mapf_cbs/project_1/install/my_intermediate_interfaces/local/lib/python3.10/dist-packages/my_intermediate_interfaces/srv/_computed_plans_s.c
[11.363s] -- Symlinking: /home/andrea/tesi/ros2_mapf_cbs/project_1/install/my_intermediate_interfaces/local/lib/python3.10/dist-packages/my_intermediate_interfaces/srv/_start_goal_pose_stamped.py
[11.371s] -- Symlinking: /home/andrea/tesi/ros2_mapf_cbs/project_1/install/my_intermediate_interfaces/local/lib/python3.10/dist-packages/my_intermediate_interfaces/srv/_start_goal_pose_stamped_s.c
[11.379s] -- Symlinking: /home/andrea/tesi/ros2_mapf_cbs/project_1/install/my_intermediate_interfaces/local/lib/python3.10/dist-packages/my_intermediate_interfaces/srv/_start_goal_positions.py
[11.387s] -- Symlinking: /home/andrea/tesi/ros2_mapf_cbs/project_1/install/my_intermediate_interfaces/local/lib/python3.10/dist-packages/my_intermediate_interfaces/srv/_start_goal_positions_s.c
[11.395s] -- Up-to-date symlink: /home/andrea/tesi/ros2_mapf_cbs/project_1/install/my_intermediate_interfaces/local/lib/python3.10/dist-packages/my_intermediate_interfaces/my_intermediate_interfaces_s__rosidl_typesupport_fastrtps_c.cpython-310-x86_64-linux-gnu.so
[11.395s] -- Up-to-date symlink: /home/andrea/tesi/ros2_mapf_cbs/project_1/install/my_intermediate_interfaces/local/lib/python3.10/dist-packages/my_intermediate_interfaces/my_intermediate_interfaces_s__rosidl_typesupport_introspection_c.cpython-310-x86_64-linux-gnu.so
[11.396s] -- Up-to-date symlink: /home/andrea/tesi/ros2_mapf_cbs/project_1/install/my_intermediate_interfaces/local/lib/python3.10/dist-packages/my_intermediate_interfaces/my_intermediate_interfaces_s__rosidl_typesupport_c.cpython-310-x86_64-linux-gnu.so
[11.396s] -- Symlinking: /home/andrea/tesi/ros2_mapf_cbs/project_1/install/my_intermediate_interfaces/share/my_intermediate_interfaces/srv/StartGoalPoseStamped.idl
[11.405s] -- Symlinking: /home/andrea/tesi/ros2_mapf_cbs/project_1/install/my_intermediate_interfaces/share/my_intermediate_interfaces/srv/StartGoalPositions.idl
[11.413s] -- Symlinking: /home/andrea/tesi/ros2_mapf_cbs/project_1/install/my_intermediate_interfaces/share/my_intermediate_interfaces/srv/ComputedPlans.idl
[11.421s] -- Symlinking: /home/andrea/tesi/ros2_mapf_cbs/project_1/install/my_intermediate_interfaces/share/my_intermediate_interfaces/msg/AgentPathRequest.idl
[11.429s] -- Symlinking: /home/andrea/tesi/ros2_mapf_cbs/project_1/install/my_intermediate_interfaces/share/my_intermediate_interfaces/msg/AgentPath.idl
[11.438s] -- Symlinking: /home/andrea/tesi/ros2_mapf_cbs/project_1/install/my_intermediate_interfaces/share/my_intermediate_interfaces/msg/VertexConstraint.idl
[11.448s] -- Symlinking: /home/andrea/tesi/ros2_mapf_cbs/project_1/install/my_intermediate_interfaces/share/my_intermediate_interfaces/msg/EdgeConstraint.idl
[11.460s] -- Symlinking: /home/andrea/tesi/ros2_mapf_cbs/project_1/install/my_intermediate_interfaces/share/my_intermediate_interfaces/msg/Coordinates3D.idl
[11.471s] -- Symlinking: /home/andrea/tesi/ros2_mapf_cbs/project_1/install/my_intermediate_interfaces/share/my_intermediate_interfaces/msg/StartGoal.idl
[11.482s] -- Symlinking: /home/andrea/tesi/ros2_mapf_cbs/project_1/install/my_intermediate_interfaces/share/my_intermediate_interfaces/action/MyComputePathToPose.idl
[11.493s] -- Symlinking: /home/andrea/tesi/ros2_mapf_cbs/project_1/install/my_intermediate_interfaces/share/my_intermediate_interfaces/srv/StartGoalPoseStamped.srv
[11.504s] -- Symlinking: /home/andrea/tesi/ros2_mapf_cbs/project_1/install/my_intermediate_interfaces/share/my_intermediate_interfaces/srv/StartGoalPoseStamped_Request.msg
[11.512s] -- Symlinking: /home/andrea/tesi/ros2_mapf_cbs/project_1/install/my_intermediate_interfaces/share/my_intermediate_interfaces/srv/StartGoalPoseStamped_Response.msg
[11.520s] -- Symlinking: /home/andrea/tesi/ros2_mapf_cbs/project_1/install/my_intermediate_interfaces/share/my_intermediate_interfaces/srv/StartGoalPositions.srv
[11.527s] -- Symlinking: /home/andrea/tesi/ros2_mapf_cbs/project_1/install/my_intermediate_interfaces/share/my_intermediate_interfaces/srv/StartGoalPositions_Request.msg
[11.535s] -- Symlinking: /home/andrea/tesi/ros2_mapf_cbs/project_1/install/my_intermediate_interfaces/share/my_intermediate_interfaces/srv/StartGoalPositions_Response.msg
[11.543s] -- Symlinking: /home/andrea/tesi/ros2_mapf_cbs/project_1/install/my_intermediate_interfaces/share/my_intermediate_interfaces/srv/ComputedPlans.srv
[11.551s] -- Symlinking: /home/andrea/tesi/ros2_mapf_cbs/project_1/install/my_intermediate_interfaces/share/my_intermediate_interfaces/srv/ComputedPlans_Request.msg
[11.559s] -- Symlinking: /home/andrea/tesi/ros2_mapf_cbs/project_1/install/my_intermediate_interfaces/share/my_intermediate_interfaces/srv/ComputedPlans_Response.msg
[11.566s] -- Symlinking: /home/andrea/tesi/ros2_mapf_cbs/project_1/install/my_intermediate_interfaces/share/my_intermediate_interfaces/msg/AgentPathRequest.msg
[11.574s] -- Symlinking: /home/andrea/tesi/ros2_mapf_cbs/project_1/install/my_intermediate_interfaces/share/my_intermediate_interfaces/msg/AgentPath.msg
[11.581s] -- Symlinking: /home/andrea/tesi/ros2_mapf_cbs/project_1/install/my_intermediate_interfaces/share/my_intermediate_interfaces/msg/VertexConstraint.msg
[11.589s] -- Symlinking: /home/andrea/tesi/ros2_mapf_cbs/project_1/install/my_intermediate_interfaces/share/my_intermediate_interfaces/msg/EdgeConstraint.msg
[11.597s] -- Symlinking: /home/andrea/tesi/ros2_mapf_cbs/project_1/install/my_intermediate_interfaces/share/my_intermediate_interfaces/msg/Coordinates3D.msg
[11.604s] -- Symlinking: /home/andrea/tesi/ros2_mapf_cbs/project_1/install/my_intermediate_interfaces/share/my_intermediate_interfaces/msg/StartGoal.msg
[11.612s] -- Symlinking: /home/andrea/tesi/ros2_mapf_cbs/project_1/install/my_intermediate_interfaces/share/my_intermediate_interfaces/action/MyComputePathToPose.action
[11.621s] -- Symlinking: /home/andrea/tesi/ros2_mapf_cbs/project_1/install/my_intermediate_interfaces/share/ament_index/resource_index/package_run_dependencies/my_intermediate_interfaces
[11.638s] -- Symlinking: /home/andrea/tesi/ros2_mapf_cbs/project_1/install/my_intermediate_interfaces/share/ament_index/resource_index/parent_prefix_path/my_intermediate_interfaces
[11.646s] -- Symlinking: /home/andrea/tesi/ros2_mapf_cbs/project_1/install/my_intermediate_interfaces/share/my_intermediate_interfaces/environment/ament_prefix_path.sh
[11.655s] -- Symlinking: /home/andrea/tesi/ros2_mapf_cbs/project_1/install/my_intermediate_interfaces/share/my_intermediate_interfaces/environment/ament_prefix_path.dsv
[11.664s] -- Symlinking: /home/andrea/tesi/ros2_mapf_cbs/project_1/install/my_intermediate_interfaces/share/my_intermediate_interfaces/environment/path.sh
[11.676s] -- Symlinking: /home/andrea/tesi/ros2_mapf_cbs/project_1/install/my_intermediate_interfaces/share/my_intermediate_interfaces/environment/path.dsv
[11.683s] -- Symlinking: /home/andrea/tesi/ros2_mapf_cbs/project_1/install/my_intermediate_interfaces/share/my_intermediate_interfaces/local_setup.bash
[11.691s] -- Symlinking: /home/andrea/tesi/ros2_mapf_cbs/project_1/install/my_intermediate_interfaces/share/my_intermediate_interfaces/local_setup.sh
[11.698s] -- Symlinking: /home/andrea/tesi/ros2_mapf_cbs/project_1/install/my_intermediate_interfaces/share/my_intermediate_interfaces/local_setup.zsh
[11.705s] -- Symlinking: /home/andrea/tesi/ros2_mapf_cbs/project_1/install/my_intermediate_interfaces/share/my_intermediate_interfaces/local_setup.dsv
[11.713s] -- Symlinking: /home/andrea/tesi/ros2_mapf_cbs/project_1/install/my_intermediate_interfaces/share/my_intermediate_interfaces/package.dsv
[11.721s] -- Symlinking: /home/andrea/tesi/ros2_mapf_cbs/project_1/install/my_intermediate_interfaces/share/ament_index/resource_index/packages/my_intermediate_interfaces
[11.729s] -- Symlinking: /home/andrea/tesi/ros2_mapf_cbs/project_1/install/my_intermediate_interfaces/share/my_intermediate_interfaces/cmake/rosidl_cmake-extras.cmake
[11.736s] -- Symlinking: /home/andrea/tesi/ros2_mapf_cbs/project_1/install/my_intermediate_interfaces/share/my_intermediate_interfaces/cmake/ament_cmake_export_dependencies-extras.cmake
[11.745s] -- Symlinking: /home/andrea/tesi/ros2_mapf_cbs/project_1/install/my_intermediate_interfaces/share/my_intermediate_interfaces/cmake/ament_cmake_export_include_directories-extras.cmake
[11.756s] -- Symlinking: /home/andrea/tesi/ros2_mapf_cbs/project_1/install/my_intermediate_interfaces/share/my_intermediate_interfaces/cmake/ament_cmake_export_libraries-extras.cmake
[11.763s] -- Symlinking: /home/andrea/tesi/ros2_mapf_cbs/project_1/install/my_intermediate_interfaces/share/my_intermediate_interfaces/cmake/ament_cmake_export_targets-extras.cmake
[11.771s] -- Symlinking: /home/andrea/tesi/ros2_mapf_cbs/project_1/install/my_intermediate_interfaces/share/my_intermediate_interfaces/cmake/rosidl_cmake_export_typesupport_targets-extras.cmake
[11.779s] -- Symlinking: /home/andrea/tesi/ros2_mapf_cbs/project_1/install/my_intermediate_interfaces/share/my_intermediate_interfaces/cmake/rosidl_cmake_export_typesupport_libraries-extras.cmake
[11.787s] -- Symlinking: /home/andrea/tesi/ros2_mapf_cbs/project_1/install/my_intermediate_interfaces/share/my_intermediate_interfaces/cmake/my_intermediate_interfacesConfig.cmake
[11.794s] -- Symlinking: /home/andrea/tesi/ros2_mapf_cbs/project_1/install/my_intermediate_interfaces/share/my_intermediate_interfaces/cmake/my_intermediate_interfacesConfig-version.cmake
[11.801s] -- Symlinking: /home/andrea/tesi/ros2_mapf_cbs/project_1/install/my_intermediate_interfaces/share/my_intermediate_interfaces/package.xml
[11.809s] -- Installing: /home/andrea/tesi/ros2_mapf_cbs/project_1/install/my_intermediate_interfaces/lib/libmy_intermediate_interfaces__rosidl_generator_c.so
[11.810s] -- Set runtime path of "/home/andrea/tesi/ros2_mapf_cbs/project_1/install/my_intermediate_interfaces/lib/libmy_intermediate_interfaces__rosidl_generator_c.so" to ""
[11.810s] -- Installing: /home/andrea/tesi/ros2_mapf_cbs/project_1/install/my_intermediate_interfaces/lib/libmy_intermediate_interfaces__rosidl_typesupport_fastrtps_c.so
[11.810s] -- Set runtime path of "/home/andrea/tesi/ros2_mapf_cbs/project_1/install/my_intermediate_interfaces/lib/libmy_intermediate_interfaces__rosidl_typesupport_fastrtps_c.so" to ""
[11.810s] -- Installing: /home/andrea/tesi/ros2_mapf_cbs/project_1/install/my_intermediate_interfaces/lib/libmy_intermediate_interfaces__rosidl_typesupport_fastrtps_cpp.so
[11.811s] -- Set runtime path of "/home/andrea/tesi/ros2_mapf_cbs/project_1/install/my_intermediate_interfaces/lib/libmy_intermediate_interfaces__rosidl_typesupport_fastrtps_cpp.so" to ""
[11.811s] -- Installing: /home/andrea/tesi/ros2_mapf_cbs/project_1/install/my_intermediate_interfaces/lib/libmy_intermediate_interfaces__rosidl_typesupport_introspection_c.so
[11.811s] -- Set runtime path of "/home/andrea/tesi/ros2_mapf_cbs/project_1/install/my_intermediate_interfaces/lib/libmy_intermediate_interfaces__rosidl_typesupport_introspection_c.so" to ""
[11.811s] -- Installing: /home/andrea/tesi/ros2_mapf_cbs/project_1/install/my_intermediate_interfaces/lib/libmy_intermediate_interfaces__rosidl_typesupport_c.so
[11.812s] -- Set runtime path of "/home/andrea/tesi/ros2_mapf_cbs/project_1/install/my_intermediate_interfaces/lib/libmy_intermediate_interfaces__rosidl_typesupport_c.so" to ""
[11.812s] -- Installing: /home/andrea/tesi/ros2_mapf_cbs/project_1/install/my_intermediate_interfaces/lib/libmy_intermediate_interfaces__rosidl_typesupport_introspection_cpp.so
[11.813s] -- Set runtime path of "/home/andrea/tesi/ros2_mapf_cbs/project_1/install/my_intermediate_interfaces/lib/libmy_intermediate_interfaces__rosidl_typesupport_introspection_cpp.so" to ""
[11.813s] -- Installing: /home/andrea/tesi/ros2_mapf_cbs/project_1/install/my_intermediate_interfaces/lib/libmy_intermediate_interfaces__rosidl_typesupport_cpp.so
[11.813s] -- Set runtime path of "/home/andrea/tesi/ros2_mapf_cbs/project_1/install/my_intermediate_interfaces/lib/libmy_intermediate_interfaces__rosidl_typesupport_cpp.so" to ""
[11.857s] Listing '/home/andrea/tesi/ros2_mapf_cbs/project_1/install/my_intermediate_interfaces/local/lib/python3.10/dist-packages/my_intermediate_interfaces'...
[11.857s] Compiling '/home/andrea/tesi/ros2_mapf_cbs/project_1/install/my_intermediate_interfaces/local/lib/python3.10/dist-packages/my_intermediate_interfaces/__init__.py'...
[11.857s] Listing '/home/andrea/tesi/ros2_mapf_cbs/project_1/install/my_intermediate_interfaces/local/lib/python3.10/dist-packages/my_intermediate_interfaces/action'...
[11.857s] Compiling '/home/andrea/tesi/ros2_mapf_cbs/project_1/install/my_intermediate_interfaces/local/lib/python3.10/dist-packages/my_intermediate_interfaces/action/__init__.py'...
[11.858s] Compiling '/home/andrea/tesi/ros2_mapf_cbs/project_1/install/my_intermediate_interfaces/local/lib/python3.10/dist-packages/my_intermediate_interfaces/action/_my_compute_path_to_pose.py'...
[11.858s] Listing '/home/andrea/tesi/ros2_mapf_cbs/project_1/install/my_intermediate_interfaces/local/lib/python3.10/dist-packages/my_intermediate_interfaces/msg'...
[11.858s] Compiling '/home/andrea/tesi/ros2_mapf_cbs/project_1/install/my_intermediate_interfaces/local/lib/python3.10/dist-packages/my_intermediate_interfaces/msg/__init__.py'...
[11.858s] Compiling '/home/andrea/tesi/ros2_mapf_cbs/project_1/install/my_intermediate_interfaces/local/lib/python3.10/dist-packages/my_intermediate_interfaces/msg/_agent_path.py'...
[11.858s] Compiling '/home/andrea/tesi/ros2_mapf_cbs/project_1/install/my_intermediate_interfaces/local/lib/python3.10/dist-packages/my_intermediate_interfaces/msg/_agent_path_request.py'...
[11.858s] Compiling '/home/andrea/tesi/ros2_mapf_cbs/project_1/install/my_intermediate_interfaces/local/lib/python3.10/dist-packages/my_intermediate_interfaces/msg/_coordinates3_d.py'...
[11.858s] Compiling '/home/andrea/tesi/ros2_mapf_cbs/project_1/install/my_intermediate_interfaces/local/lib/python3.10/dist-packages/my_intermediate_interfaces/msg/_edge_constraint.py'...
[11.858s] Compiling '/home/andrea/tesi/ros2_mapf_cbs/project_1/install/my_intermediate_interfaces/local/lib/python3.10/dist-packages/my_intermediate_interfaces/msg/_start_goal.py'...
[11.858s] Compiling '/home/andrea/tesi/ros2_mapf_cbs/project_1/install/my_intermediate_interfaces/local/lib/python3.10/dist-packages/my_intermediate_interfaces/msg/_vertex_constraint.py'...
[11.858s] Listing '/home/andrea/tesi/ros2_mapf_cbs/project_1/install/my_intermediate_interfaces/local/lib/python3.10/dist-packages/my_intermediate_interfaces/srv'...
[11.858s] Compiling '/home/andrea/tesi/ros2_mapf_cbs/project_1/install/my_intermediate_interfaces/local/lib/python3.10/dist-packages/my_intermediate_interfaces/srv/__init__.py'...
[11.858s] Compiling '/home/andrea/tesi/ros2_mapf_cbs/project_1/install/my_intermediate_interfaces/local/lib/python3.10/dist-packages/my_intermediate_interfaces/srv/_computed_plans.py'...
[11.858s] Compiling '/home/andrea/tesi/ros2_mapf_cbs/project_1/install/my_intermediate_interfaces/local/lib/python3.10/dist-packages/my_intermediate_interfaces/srv/_start_goal_pose_stamped.py'...
[11.858s] Compiling '/home/andrea/tesi/ros2_mapf_cbs/project_1/install/my_intermediate_interfaces/local/lib/python3.10/dist-packages/my_intermediate_interfaces/srv/_start_goal_positions.py'...
[11.862s] -- Installing: /home/andrea/tesi/ros2_mapf_cbs/project_1/install/my_intermediate_interfaces/lib/libmy_intermediate_interfaces__rosidl_generator_py.so
[11.862s] -- Set runtime path of "/home/andrea/tesi/ros2_mapf_cbs/project_1/install/my_intermediate_interfaces/lib/libmy_intermediate_interfaces__rosidl_generator_py.so" to ""
[11.862s] -- Installing: /home/andrea/tesi/ros2_mapf_cbs/project_1/install/my_intermediate_interfaces/share/my_intermediate_interfaces/cmake/export_my_intermediate_interfaces__rosidl_generator_cExport.cmake
[11.863s] -- Installing: /home/andrea/tesi/ros2_mapf_cbs/project_1/install/my_intermediate_interfaces/share/my_intermediate_interfaces/cmake/export_my_intermediate_interfaces__rosidl_generator_cExport-noconfig.cmake
[11.863s] -- Installing: /home/andrea/tesi/ros2_mapf_cbs/project_1/install/my_intermediate_interfaces/share/my_intermediate_interfaces/cmake/export_my_intermediate_interfaces__rosidl_typesupport_fastrtps_cExport.cmake
[11.863s] -- Installing: /home/andrea/tesi/ros2_mapf_cbs/project_1/install/my_intermediate_interfaces/share/my_intermediate_interfaces/cmake/export_my_intermediate_interfaces__rosidl_typesupport_fastrtps_cExport-noconfig.cmake
[11.863s] -- Installing: /home/andrea/tesi/ros2_mapf_cbs/project_1/install/my_intermediate_interfaces/share/my_intermediate_interfaces/cmake/export_my_intermediate_interfaces__rosidl_generator_cppExport.cmake
[11.863s] -- Installing: /home/andrea/tesi/ros2_mapf_cbs/project_1/install/my_intermediate_interfaces/share/my_intermediate_interfaces/cmake/export_my_intermediate_interfaces__rosidl_typesupport_fastrtps_cppExport.cmake
[11.863s] -- Installing: /home/andrea/tesi/ros2_mapf_cbs/project_1/install/my_intermediate_interfaces/share/my_intermediate_interfaces/cmake/export_my_intermediate_interfaces__rosidl_typesupport_fastrtps_cppExport-noconfig.cmake
[11.863s] -- Installing: /home/andrea/tesi/ros2_mapf_cbs/project_1/install/my_intermediate_interfaces/share/my_intermediate_interfaces/cmake/my_intermediate_interfaces__rosidl_typesupport_introspection_cExport.cmake
[11.863s] -- Installing: /home/andrea/tesi/ros2_mapf_cbs/project_1/install/my_intermediate_interfaces/share/my_intermediate_interfaces/cmake/my_intermediate_interfaces__rosidl_typesupport_introspection_cExport-noconfig.cmake
[11.864s] -- Installing: /home/andrea/tesi/ros2_mapf_cbs/project_1/install/my_intermediate_interfaces/share/my_intermediate_interfaces/cmake/my_intermediate_interfaces__rosidl_typesupport_cExport.cmake
[11.864s] -- Installing: /home/andrea/tesi/ros2_mapf_cbs/project_1/install/my_intermediate_interfaces/share/my_intermediate_interfaces/cmake/my_intermediate_interfaces__rosidl_typesupport_cExport-noconfig.cmake
[11.864s] -- Installing: /home/andrea/tesi/ros2_mapf_cbs/project_1/install/my_intermediate_interfaces/share/my_intermediate_interfaces/cmake/my_intermediate_interfaces__rosidl_typesupport_introspection_cppExport.cmake
[11.864s] -- Installing: /home/andrea/tesi/ros2_mapf_cbs/project_1/install/my_intermediate_interfaces/share/my_intermediate_interfaces/cmake/my_intermediate_interfaces__rosidl_typesupport_introspection_cppExport-noconfig.cmake
[11.864s] -- Installing: /home/andrea/tesi/ros2_mapf_cbs/project_1/install/my_intermediate_interfaces/share/my_intermediate_interfaces/cmake/my_intermediate_interfaces__rosidl_typesupport_cppExport.cmake
[11.864s] -- Installing: /home/andrea/tesi/ros2_mapf_cbs/project_1/install/my_intermediate_interfaces/share/my_intermediate_interfaces/cmake/my_intermediate_interfaces__rosidl_typesupport_cppExport-noconfig.cmake
[11.864s] -- Installing: /home/andrea/tesi/ros2_mapf_cbs/project_1/install/my_intermediate_interfaces/share/my_intermediate_interfaces/cmake/export_my_intermediate_interfaces__rosidl_generator_pyExport.cmake
[11.864s] -- Installing: /home/andrea/tesi/ros2_mapf_cbs/project_1/install/my_intermediate_interfaces/share/my_intermediate_interfaces/cmake/export_my_intermediate_interfaces__rosidl_generator_pyExport-noconfig.cmake
[11.867s] Invoked command in '/home/andrea/tesi/ros2_mapf_cbs/project_1/build/my_intermediate_interfaces' returned '0': CMAKE_PREFIX_PATH=${CMAKE_PREFIX_PATH}:/home/andrea/tesi/ros2_mapf_cbs/project_1/install/my_package:/home/andrea/tesi/ros2_mapf_cbs/project_1/install/my_intermediate:/home/andrea/tesi/ros2_mapf_cbs/simple_example/install/my_py_pkg:/opt/ros/humble /usr/bin/cmake --install /home/andrea/tesi/ros2_mapf_cbs/project_1/build/my_intermediate_interfaces
