[1.024s] Invoking command in '/home/andrea/tesi/ros2_mapf_cbs/project_1/build/my_intermediate': PYTHONPATH=/home/andrea/tesi/ros2_mapf_cbs/project_1/build/my_intermediate/prefix_override:/home/andrea/tesi/ros2_mapf_cbs/project_1/install/my_intermediate/lib/python3.10/site-packages:${PYTHONPATH} /usr/bin/python3 setup.py develop --uninstall --editable --build-directory /home/andrea/tesi/ros2_mapf_cbs/project_1/build/my_intermediate/build
[1.222s] running develop
[1.340s] Removing /home/andrea/tesi/ros2_mapf_cbs/project_1/install/my_intermediate/lib/python3.10/site-packages/my-intermediate.egg-link (link to .)
[1.372s] Invoked command in '/home/andrea/tesi/ros2_mapf_cbs/project_1/build/my_intermediate' returned '0': PYTHONPATH=/home/andrea/tesi/ros2_mapf_cbs/project_1/build/my_intermediate/prefix_override:/home/andrea/tesi/ros2_mapf_cbs/project_1/install/my_intermediate/lib/python3.10/site-packages:${PYTHONPATH} /usr/bin/python3 setup.py develop --uninstall --editable --build-directory /home/andrea/tesi/ros2_mapf_cbs/project_1/build/my_intermediate/build
[1.374s] Invoking command in '/home/andrea/tesi/ros2_mapf_cbs/project_1/src/my_intermediate': PYTHONPATH=/home/andrea/tesi/ros2_mapf_cbs/project_1/build/my_intermediate/prefix_override:/home/andrea/tesi/ros2_mapf_cbs/project_1/install/my_intermediate/lib/python3.10/site-packages:${PYTHONPATH} /usr/bin/python3 setup.py egg_info --egg-base ../../build/my_intermediate build --build-base /home/andrea/tesi/ros2_mapf_cbs/project_1/build/my_intermediate/build install --record /home/andrea/tesi/ros2_mapf_cbs/project_1/build/my_intermediate/install.log --single-version-externally-managed
[1.565s] running egg_info
[1.565s] writing ../../build/my_intermediate/my_intermediate.egg-info/PKG-INFO
[1.566s] writing dependency_links to ../../build/my_intermediate/my_intermediate.egg-info/dependency_links.txt
[1.566s] writing entry points to ../../build/my_intermediate/my_intermediate.egg-info/entry_points.txt
[1.566s] writing requirements to ../../build/my_intermediate/my_intermediate.egg-info/requires.txt
[1.566s] writing top-level names to ../../build/my_intermediate/my_intermediate.egg-info/top_level.txt
[1.567s] reading manifest file '../../build/my_intermediate/my_intermediate.egg-info/SOURCES.txt'
[1.568s] writing manifest file '../../build/my_intermediate/my_intermediate.egg-info/SOURCES.txt'
[1.568s] running build
[1.568s] running build_py
[1.568s] copying my_intermediate/collision_avoider.py -> /home/andrea/tesi/ros2_mapf_cbs/project_1/build/my_intermediate/build/lib/my_intermediate
[1.568s] copying my_intermediate/fake_asker.py -> /home/andrea/tesi/ros2_mapf_cbs/project_1/build/my_intermediate/build/lib/my_intermediate
[1.568s] copying my_intermediate/multi_agent_plan_asker.py -> /home/andrea/tesi/ros2_mapf_cbs/project_1/build/my_intermediate/build/lib/my_intermediate
[1.568s] running install
[1.569s] running install_lib
[1.569s] copying /home/andrea/tesi/ros2_mapf_cbs/project_1/build/my_intermediate/build/lib/my_intermediate/collision_avoider.py -> /home/andrea/tesi/ros2_mapf_cbs/project_1/install/my_intermediate/lib/python3.10/site-packages/my_intermediate
[1.569s] copying /home/andrea/tesi/ros2_mapf_cbs/project_1/build/my_intermediate/build/lib/my_intermediate/plan_asker.py -> /home/andrea/tesi/ros2_mapf_cbs/project_1/install/my_intermediate/lib/python3.10/site-packages/my_intermediate
[1.569s] copying /home/andrea/tesi/ros2_mapf_cbs/project_1/build/my_intermediate/build/lib/my_intermediate/__init__.py -> /home/andrea/tesi/ros2_mapf_cbs/project_1/install/my_intermediate/lib/python3.10/site-packages/my_intermediate
[1.569s] copying /home/andrea/tesi/ros2_mapf_cbs/project_1/build/my_intermediate/build/lib/my_intermediate/fake_asker.py -> /home/andrea/tesi/ros2_mapf_cbs/project_1/install/my_intermediate/lib/python3.10/site-packages/my_intermediate
[1.569s] copying /home/andrea/tesi/ros2_mapf_cbs/project_1/build/my_intermediate/build/lib/my_intermediate/multi_agent_plan_asker.py -> /home/andrea/tesi/ros2_mapf_cbs/project_1/install/my_intermediate/lib/python3.10/site-packages/my_intermediate
[1.570s] byte-compiling /home/andrea/tesi/ros2_mapf_cbs/project_1/install/my_intermediate/lib/python3.10/site-packages/my_intermediate/collision_avoider.py to collision_avoider.cpython-310.pyc
[1.570s] byte-compiling /home/andrea/tesi/ros2_mapf_cbs/project_1/install/my_intermediate/lib/python3.10/site-packages/my_intermediate/plan_asker.py to plan_asker.cpython-310.pyc
[1.571s] byte-compiling /home/andrea/tesi/ros2_mapf_cbs/project_1/install/my_intermediate/lib/python3.10/site-packages/my_intermediate/__init__.py to __init__.cpython-310.pyc
[1.571s] byte-compiling /home/andrea/tesi/ros2_mapf_cbs/project_1/install/my_intermediate/lib/python3.10/site-packages/my_intermediate/fake_asker.py to fake_asker.cpython-310.pyc
[1.571s] byte-compiling /home/andrea/tesi/ros2_mapf_cbs/project_1/install/my_intermediate/lib/python3.10/site-packages/my_intermediate/multi_agent_plan_asker.py to multi_agent_plan_asker.cpython-310.pyc
[1.572s] running install_data
[1.572s] running install_egg_info
[1.574s] Copying ../../build/my_intermediate/my_intermediate.egg-info to /home/andrea/tesi/ros2_mapf_cbs/project_1/install/my_intermediate/lib/python3.10/site-packages/my_intermediate-0.0.0-py3.10.egg-info
[1.574s] running install_scripts
[1.590s] Installing collision_avoider script to /home/andrea/tesi/ros2_mapf_cbs/project_1/install/my_intermediate/lib/my_intermediate
[1.590s] Installing fake_aser script to /home/andrea/tesi/ros2_mapf_cbs/project_1/install/my_intermediate/lib/my_intermediate
[1.590s] Installing multi_agent_plan_asker script to /home/andrea/tesi/ros2_mapf_cbs/project_1/install/my_intermediate/lib/my_intermediate
[1.590s] Installing plan_asker script to /home/andrea/tesi/ros2_mapf_cbs/project_1/install/my_intermediate/lib/my_intermediate
[1.591s] writing list of installed files to '/home/andrea/tesi/ros2_mapf_cbs/project_1/build/my_intermediate/install.log'
[1.618s] Invoked command in '/home/andrea/tesi/ros2_mapf_cbs/project_1/src/my_intermediate' returned '0': PYTHONPATH=/home/andrea/tesi/ros2_mapf_cbs/project_1/build/my_intermediate/prefix_override:/home/andrea/tesi/ros2_mapf_cbs/project_1/install/my_intermediate/lib/python3.10/site-packages:${PYTHONPATH} /usr/bin/python3 setup.py egg_info --egg-base ../../build/my_intermediate build --build-base /home/andrea/tesi/ros2_mapf_cbs/project_1/build/my_intermediate/build install --record /home/andrea/tesi/ros2_mapf_cbs/project_1/build/my_intermediate/install.log --single-version-externally-managed
