[0.741s] Invoking command in '/home/andrea/tesi/ros2_mapf_cbs/project_1/build/my_try_bringup': CMAKE_PREFIX_PATH=${CMAKE_PREFIX_PATH}:/home/andrea/tesi/ros2_mapf_cbs/project_1/install/my_package:/home/andrea/tesi/ros2_mapf_cbs/project_1/install/my_intermediate:/home/andrea/tesi/ros2_mapf_cbs/simple_example/install/my_py_pkg:/opt/ros/humble /usr/bin/cmake /home/andrea/tesi/ros2_mapf_cbs/project_1/src/my_try_bringup -DCMAKE_INSTALL_PREFIX=/home/andrea/tesi/ros2_mapf_cbs/project_1/install/my_try_bringup
[0.780s] -- Found ament_cmake: 1.3.5 (/opt/ros/humble/share/ament_cmake/cmake)
[0.943s] -- Override CMake install command with custom implementation using symlinks instead of copying resources
[1.068s] -- Configuring done
[1.073s] -- Generating done
[1.074s] -- Build files have been written to: /home/andrea/tesi/ros2_mapf_cbs/project_1/build/my_try_bringup
[1.077s] Invoked command in '/home/andrea/tesi/ros2_mapf_cbs/project_1/build/my_try_bringup' returned '0': CMAKE_PREFIX_PATH=${CMAKE_PREFIX_PATH}:/home/andrea/tesi/ros2_mapf_cbs/project_1/install/my_package:/home/andrea/tesi/ros2_mapf_cbs/project_1/install/my_intermediate:/home/andrea/tesi/ros2_mapf_cbs/simple_example/install/my_py_pkg:/opt/ros/humble /usr/bin/cmake /home/andrea/tesi/ros2_mapf_cbs/project_1/src/my_try_bringup -DCMAKE_INSTALL_PREFIX=/home/andrea/tesi/ros2_mapf_cbs/project_1/install/my_try_bringup
[1.080s] Invoking command in '/home/andrea/tesi/ros2_mapf_cbs/project_1/build/my_try_bringup': CMAKE_PREFIX_PATH=${CMAKE_PREFIX_PATH}:/home/andrea/tesi/ros2_mapf_cbs/project_1/install/my_package:/home/andrea/tesi/ros2_mapf_cbs/project_1/install/my_intermediate:/home/andrea/tesi/ros2_mapf_cbs/simple_example/install/my_py_pkg:/opt/ros/humble /usr/bin/cmake --build /home/andrea/tesi/ros2_mapf_cbs/project_1/build/my_try_bringup -- -j8 -l8
[1.120s] Invoked command in '/home/andrea/tesi/ros2_mapf_cbs/project_1/build/my_try_bringup' returned '0': CMAKE_PREFIX_PATH=${CMAKE_PREFIX_PATH}:/home/andrea/tesi/ros2_mapf_cbs/project_1/install/my_package:/home/andrea/tesi/ros2_mapf_cbs/project_1/install/my_intermediate:/home/andrea/tesi/ros2_mapf_cbs/simple_example/install/my_py_pkg:/opt/ros/humble /usr/bin/cmake --build /home/andrea/tesi/ros2_mapf_cbs/project_1/build/my_try_bringup -- -j8 -l8
[1.150s] Invoking command in '/home/andrea/tesi/ros2_mapf_cbs/project_1/build/my_try_bringup': CMAKE_PREFIX_PATH=${CMAKE_PREFIX_PATH}:/home/andrea/tesi/ros2_mapf_cbs/project_1/install/my_package:/home/andrea/tesi/ros2_mapf_cbs/project_1/install/my_intermediate:/home/andrea/tesi/ros2_mapf_cbs/simple_example/install/my_py_pkg:/opt/ros/humble /usr/bin/cmake --install /home/andrea/tesi/ros2_mapf_cbs/project_1/build/my_try_bringup
[1.156s] -- Install configuration: ""
[1.156s] -- Execute custom install script
[1.157s] -- Up-to-date symlink: /home/andrea/tesi/ros2_mapf_cbs/project_1/install/my_try_bringup/share/my_try_bringup/launch/experiment1.launch.py
[1.157s] -- Up-to-date symlink: /home/andrea/tesi/ros2_mapf_cbs/project_1/install/my_try_bringup/share/my_try_bringup/launch/experiment2.launch.py
[1.157s] -- Up-to-date symlink: /home/andrea/tesi/ros2_mapf_cbs/project_1/install/my_try_bringup/share/ament_index/resource_index/package_run_dependencies/my_try_bringup
[1.157s] -- Up-to-date symlink: /home/andrea/tesi/ros2_mapf_cbs/project_1/install/my_try_bringup/share/ament_index/resource_index/parent_prefix_path/my_try_bringup
[1.157s] -- Up-to-date symlink: /home/andrea/tesi/ros2_mapf_cbs/project_1/install/my_try_bringup/share/my_try_bringup/environment/ament_prefix_path.sh
[1.157s] -- Up-to-date symlink: /home/andrea/tesi/ros2_mapf_cbs/project_1/install/my_try_bringup/share/my_try_bringup/environment/ament_prefix_path.dsv
[1.158s] -- Up-to-date symlink: /home/andrea/tesi/ros2_mapf_cbs/project_1/install/my_try_bringup/share/my_try_bringup/environment/path.sh
[1.158s] -- Up-to-date symlink: /home/andrea/tesi/ros2_mapf_cbs/project_1/install/my_try_bringup/share/my_try_bringup/environment/path.dsv
[1.158s] -- Up-to-date symlink: /home/andrea/tesi/ros2_mapf_cbs/project_1/install/my_try_bringup/share/my_try_bringup/local_setup.bash
[1.158s] -- Up-to-date symlink: /home/andrea/tesi/ros2_mapf_cbs/project_1/install/my_try_bringup/share/my_try_bringup/local_setup.sh
[1.158s] -- Up-to-date symlink: /home/andrea/tesi/ros2_mapf_cbs/project_1/install/my_try_bringup/share/my_try_bringup/local_setup.zsh
[1.158s] -- Up-to-date symlink: /home/andrea/tesi/ros2_mapf_cbs/project_1/install/my_try_bringup/share/my_try_bringup/local_setup.dsv
[1.158s] -- Symlinking: /home/andrea/tesi/ros2_mapf_cbs/project_1/install/my_try_bringup/share/my_try_bringup/package.dsv
[1.169s] -- Up-to-date symlink: /home/andrea/tesi/ros2_mapf_cbs/project_1/install/my_try_bringup/share/ament_index/resource_index/packages/my_try_bringup
[1.170s] -- Up-to-date symlink: /home/andrea/tesi/ros2_mapf_cbs/project_1/install/my_try_bringup/share/my_try_bringup/cmake/my_try_bringupConfig.cmake
[1.170s] -- Up-to-date symlink: /home/andrea/tesi/ros2_mapf_cbs/project_1/install/my_try_bringup/share/my_try_bringup/cmake/my_try_bringupConfig-version.cmake
[1.170s] -- Up-to-date symlink: /home/andrea/tesi/ros2_mapf_cbs/project_1/install/my_try_bringup/share/my_try_bringup/package.xml
[1.171s] Invoked command in '/home/andrea/tesi/ros2_mapf_cbs/project_1/build/my_try_bringup' returned '0': CMAKE_PREFIX_PATH=${CMAKE_PREFIX_PATH}:/home/andrea/tesi/ros2_mapf_cbs/project_1/install/my_package:/home/andrea/tesi/ros2_mapf_cbs/project_1/install/my_intermediate:/home/andrea/tesi/ros2_mapf_cbs/simple_example/install/my_py_pkg:/opt/ros/humble /usr/bin/cmake --install /home/andrea/tesi/ros2_mapf_cbs/project_1/build/my_try_bringup
