[0.714s] Invoking command in '/home/andrea/tesi/ros2_mapf_cbs/cbs_ros2_project/build/cbs_nodes': PYTHONPATH=/home/andrea/tesi/ros2_mapf_cbs/cbs_ros2_project/build/cbs_nodes/prefix_override:/home/andrea/tesi/ros2_mapf_cbs/cbs_ros2_project/install/cbs_nodes/lib/python3.10/site-packages:${PYTHONPATH} /usr/bin/python3 setup.py develop --editable --build-directory /home/andrea/tesi/ros2_mapf_cbs/cbs_ros2_project/build/cbs_nodes/build --no-deps install_data
[0.904s] running develop
[1.019s] running egg_info
[1.019s] writing cbs_nodes.egg-info/PKG-INFO
[1.019s] writing dependency_links to cbs_nodes.egg-info/dependency_links.txt
[1.019s] writing entry points to cbs_nodes.egg-info/entry_points.txt
[1.019s] writing requirements to cbs_nodes.egg-info/requires.txt
[1.019s] writing top-level names to cbs_nodes.egg-info/top_level.txt
[1.020s] reading manifest file 'cbs_nodes.egg-info/SOURCES.txt'
[1.021s] writing manifest file 'cbs_nodes.egg-info/SOURCES.txt'
[1.022s] running build_ext
[1.022s] Creating /home/andrea/tesi/ros2_mapf_cbs/cbs_ros2_project/install/cbs_nodes/lib/python3.10/site-packages/cbs-nodes.egg-link (link to .)
[1.022s] Installing baseline_asker script to /home/andrea/tesi/ros2_mapf_cbs/cbs_ros2_project/install/cbs_nodes/lib/cbs_nodes
[1.023s] Installing collision_avoider script to /home/andrea/tesi/ros2_mapf_cbs/cbs_ros2_project/install/cbs_nodes/lib/cbs_nodes
[1.023s] Installing fake_asker script to /home/andrea/tesi/ros2_mapf_cbs/cbs_ros2_project/install/cbs_nodes/lib/cbs_nodes
[1.023s] Installing multi_agent_plan_asker script to /home/andrea/tesi/ros2_mapf_cbs/cbs_ros2_project/install/cbs_nodes/lib/cbs_nodes
[1.023s] Installing plan_asker script to /home/andrea/tesi/ros2_mapf_cbs/cbs_ros2_project/install/cbs_nodes/lib/cbs_nodes
[1.023s] 
[1.023s] Installed /home/andrea/tesi/ros2_mapf_cbs/cbs_ros2_project/build/cbs_nodes
[1.023s] running install_data
[1.023s] copying package.xml -> /home/andrea/tesi/ros2_mapf_cbs/cbs_ros2_project/install/cbs_nodes/share/cbs_nodes
[1.051s] Invoked command in '/home/andrea/tesi/ros2_mapf_cbs/cbs_ros2_project/build/cbs_nodes' returned '0': PYTHONPATH=/home/andrea/tesi/ros2_mapf_cbs/cbs_ros2_project/build/cbs_nodes/prefix_override:/home/andrea/tesi/ros2_mapf_cbs/cbs_ros2_project/install/cbs_nodes/lib/python3.10/site-packages:${PYTHONPATH} /usr/bin/python3 setup.py develop --editable --build-directory /home/andrea/tesi/ros2_mapf_cbs/cbs_ros2_project/build/cbs_nodes/build --no-deps install_data
