[0.689s] DEBUG:colcon:Command line arguments: ['/usr/bin/colcon', 'build', '--symlink-install']
[0.689s] DEBUG:colcon:Parsed command line arguments: Namespace(log_base=None, log_level=None, verb_name='build', build_base='build', install_base='install', merge_install=False, symlink_install=True, test_result_base=None, continue_on_error=False, executor='parallel', parallel_workers=8, event_handlers=None, ignore_user_meta=False, metas=['./colcon.meta'], base_paths=['.'], packages_ignore=None, packages_ignore_regex=None, paths=None, packages_up_to=None, packages_up_to_regex=None, packages_above=None, packages_above_and_dependencies=None, packages_above_depth=None, packages_select_by_dep=None, packages_skip_by_dep=None, packages_skip_up_to=None, packages_select_build_failed=False, packages_skip_build_finished=False, packages_select_test_failures=False, packages_skip_test_passed=False, packages_select=None, packages_skip=None, packages_select_regex=None, packages_skip_regex=None, packages_start=None, packages_end=None, allow_overriding=[], cmake_args=None, cmake_target=None, cmake_target_skip_unavailable=False, cmake_clean_cache=False, cmake_clean_first=False, cmake_force_configure=False, ament_cmake_args=None, catkin_cmake_args=None, catkin_skip_building_tests=False, verb_parser=<colcon_defaults.argument_parser.defaults.DefaultArgumentsDecorator object at 0x7f01e30977f0>, verb_extension=<colcon_core.verb.build.BuildVerb object at 0x7f01e35eaec0>, main=<bound method BuildVerb.main of <colcon_core.verb.build.BuildVerb object at 0x7f01e35eaec0>>)
[0.722s] Level 1:colcon.colcon_core.package_discovery:discover_packages(colcon_meta) check parameters
[0.723s] Level 1:colcon.colcon_core.package_discovery:discover_packages(recursive) check parameters
[0.723s] Level 1:colcon.colcon_core.package_discovery:discover_packages(ignore) check parameters
[0.723s] Level 1:colcon.colcon_core.package_discovery:discover_packages(path) check parameters
[0.723s] Level 1:colcon.colcon_core.package_discovery:discover_packages(colcon_meta) discover
[0.723s] Level 1:colcon.colcon_core.package_discovery:discover_packages(recursive) discover
[0.723s] INFO:colcon.colcon_core.package_discovery:Crawling recursively for packages in '/home/andrea/tesi/ros2_mapf_cbs/project_1'
[0.723s] Level 1:colcon.colcon_core.package_identification:_identify(.) by extensions ['ignore', 'ignore_ament_install']
[0.723s] Level 1:colcon.colcon_core.package_identification:_identify(.) by extension 'ignore'
[0.723s] Level 1:colcon.colcon_core.package_identification:_identify(.) by extension 'ignore_ament_install'
[0.723s] Level 1:colcon.colcon_core.package_identification:_identify(.) by extensions ['colcon_pkg']
[0.723s] Level 1:colcon.colcon_core.package_identification:_identify(.) by extension 'colcon_pkg'
[0.723s] Level 1:colcon.colcon_core.package_identification:_identify(.) by extensions ['colcon_meta']
[0.723s] Level 1:colcon.colcon_core.package_identification:_identify(.) by extension 'colcon_meta'
[0.723s] Level 1:colcon.colcon_core.package_identification:_identify(.) by extensions ['ros']
[0.723s] Level 1:colcon.colcon_core.package_identification:_identify(.) by extension 'ros'
[0.730s] Level 1:colcon.colcon_core.package_identification:_identify(.) by extensions ['cmake', 'python']
[0.730s] Level 1:colcon.colcon_core.package_identification:_identify(.) by extension 'cmake'
[0.730s] Level 1:colcon.colcon_core.package_identification:_identify(.) by extension 'python'
[0.730s] Level 1:colcon.colcon_core.package_identification:_identify(.) by extensions ['python_setup_py']
[0.730s] Level 1:colcon.colcon_core.package_identification:_identify(.) by extension 'python_setup_py'
[0.730s] Level 1:colcon.colcon_core.package_identification:_identify(build) by extensions ['ignore', 'ignore_ament_install']
[0.730s] Level 1:colcon.colcon_core.package_identification:_identify(build) by extension 'ignore'
[0.731s] Level 1:colcon.colcon_core.package_identification:_identify(build) ignored
[0.731s] Level 1:colcon.colcon_core.package_identification:_identify(install) by extensions ['ignore', 'ignore_ament_install']
[0.731s] Level 1:colcon.colcon_core.package_identification:_identify(install) by extension 'ignore'
[0.731s] Level 1:colcon.colcon_core.package_identification:_identify(install) ignored
[0.731s] Level 1:colcon.colcon_core.package_identification:_identify(log) by extensions ['ignore', 'ignore_ament_install']
[0.731s] Level 1:colcon.colcon_core.package_identification:_identify(log) by extension 'ignore'
[0.731s] Level 1:colcon.colcon_core.package_identification:_identify(log) ignored
[0.731s] Level 1:colcon.colcon_core.package_identification:_identify(src) by extensions ['ignore', 'ignore_ament_install']
[0.731s] Level 1:colcon.colcon_core.package_identification:_identify(src) by extension 'ignore'
[0.731s] Level 1:colcon.colcon_core.package_identification:_identify(src) by extension 'ignore_ament_install'
[0.731s] Level 1:colcon.colcon_core.package_identification:_identify(src) by extensions ['colcon_pkg']
[0.731s] Level 1:colcon.colcon_core.package_identification:_identify(src) by extension 'colcon_pkg'
[0.731s] Level 1:colcon.colcon_core.package_identification:_identify(src) by extensions ['colcon_meta']
[0.731s] Level 1:colcon.colcon_core.package_identification:_identify(src) by extension 'colcon_meta'
[0.731s] Level 1:colcon.colcon_core.package_identification:_identify(src) by extensions ['ros']
[0.731s] Level 1:colcon.colcon_core.package_identification:_identify(src) by extension 'ros'
[0.731s] Level 1:colcon.colcon_core.package_identification:_identify(src) by extensions ['cmake', 'python']
[0.731s] Level 1:colcon.colcon_core.package_identification:_identify(src) by extension 'cmake'
[0.731s] Level 1:colcon.colcon_core.package_identification:_identify(src) by extension 'python'
[0.731s] Level 1:colcon.colcon_core.package_identification:_identify(src) by extensions ['python_setup_py']
[0.731s] Level 1:colcon.colcon_core.package_identification:_identify(src) by extension 'python_setup_py'
[0.731s] Level 1:colcon.colcon_core.package_identification:_identify(src/my_intermediate) by extensions ['ignore', 'ignore_ament_install']
[0.731s] Level 1:colcon.colcon_core.package_identification:_identify(src/my_intermediate) by extension 'ignore'
[0.731s] Level 1:colcon.colcon_core.package_identification:_identify(src/my_intermediate) by extension 'ignore_ament_install'
[0.731s] Level 1:colcon.colcon_core.package_identification:_identify(src/my_intermediate) by extensions ['colcon_pkg']
[0.731s] Level 1:colcon.colcon_core.package_identification:_identify(src/my_intermediate) by extension 'colcon_pkg'
[0.731s] Level 1:colcon.colcon_core.package_identification:_identify(src/my_intermediate) by extensions ['colcon_meta']
[0.731s] Level 1:colcon.colcon_core.package_identification:_identify(src/my_intermediate) by extension 'colcon_meta'
[0.731s] Level 1:colcon.colcon_core.package_identification:_identify(src/my_intermediate) by extensions ['ros']
[0.731s] Level 1:colcon.colcon_core.package_identification:_identify(src/my_intermediate) by extension 'ros'
[0.734s] DEBUG:colcon.colcon_core.package_identification:Package 'src/my_intermediate' with type 'ros.ament_python' and name 'my_intermediate'
[0.734s] Level 1:colcon.colcon_core.package_identification:_identify(src/my_intermediate_interfaces) by extensions ['ignore', 'ignore_ament_install']
[0.734s] Level 1:colcon.colcon_core.package_identification:_identify(src/my_intermediate_interfaces) by extension 'ignore'
[0.734s] Level 1:colcon.colcon_core.package_identification:_identify(src/my_intermediate_interfaces) by extension 'ignore_ament_install'
[0.734s] Level 1:colcon.colcon_core.package_identification:_identify(src/my_intermediate_interfaces) by extensions ['colcon_pkg']
[0.734s] Level 1:colcon.colcon_core.package_identification:_identify(src/my_intermediate_interfaces) by extension 'colcon_pkg'
[0.734s] Level 1:colcon.colcon_core.package_identification:_identify(src/my_intermediate_interfaces) by extensions ['colcon_meta']
[0.734s] Level 1:colcon.colcon_core.package_identification:_identify(src/my_intermediate_interfaces) by extension 'colcon_meta'
[0.735s] Level 1:colcon.colcon_core.package_identification:_identify(src/my_intermediate_interfaces) by extensions ['ros']
[0.735s] Level 1:colcon.colcon_core.package_identification:_identify(src/my_intermediate_interfaces) by extension 'ros'
[0.735s] DEBUG:colcon.colcon_core.package_identification:Package 'src/my_intermediate_interfaces' with type 'ros.ament_cmake' and name 'my_intermediate_interfaces'
[0.735s] Level 1:colcon.colcon_core.package_identification:_identify(src/my_package) by extensions ['ignore', 'ignore_ament_install']
[0.735s] Level 1:colcon.colcon_core.package_identification:_identify(src/my_package) by extension 'ignore'
[0.735s] Level 1:colcon.colcon_core.package_identification:_identify(src/my_package) by extension 'ignore_ament_install'
[0.735s] Level 1:colcon.colcon_core.package_identification:_identify(src/my_package) by extensions ['colcon_pkg']
[0.735s] Level 1:colcon.colcon_core.package_identification:_identify(src/my_package) by extension 'colcon_pkg'
[0.735s] Level 1:colcon.colcon_core.package_identification:_identify(src/my_package) by extensions ['colcon_meta']
[0.735s] Level 1:colcon.colcon_core.package_identification:_identify(src/my_package) by extension 'colcon_meta'
[0.735s] Level 1:colcon.colcon_core.package_identification:_identify(src/my_package) by extensions ['ros']
[0.735s] Level 1:colcon.colcon_core.package_identification:_identify(src/my_package) by extension 'ros'
[0.736s] DEBUG:colcon.colcon_core.package_identification:Package 'src/my_package' with type 'ros.ament_python' and name 'my_package'
[0.736s] Level 1:colcon.colcon_core.package_identification:_identify(src/my_try_bringup) by extensions ['ignore', 'ignore_ament_install']
[0.736s] Level 1:colcon.colcon_core.package_identification:_identify(src/my_try_bringup) by extension 'ignore'
[0.736s] Level 1:colcon.colcon_core.package_identification:_identify(src/my_try_bringup) by extension 'ignore_ament_install'
[0.736s] Level 1:colcon.colcon_core.package_identification:_identify(src/my_try_bringup) by extensions ['colcon_pkg']
[0.736s] Level 1:colcon.colcon_core.package_identification:_identify(src/my_try_bringup) by extension 'colcon_pkg'
[0.736s] Level 1:colcon.colcon_core.package_identification:_identify(src/my_try_bringup) by extensions ['colcon_meta']
[0.736s] Level 1:colcon.colcon_core.package_identification:_identify(src/my_try_bringup) by extension 'colcon_meta'
[0.736s] Level 1:colcon.colcon_core.package_identification:_identify(src/my_try_bringup) by extensions ['ros']
[0.736s] Level 1:colcon.colcon_core.package_identification:_identify(src/my_try_bringup) by extension 'ros'
[0.736s] DEBUG:colcon.colcon_core.package_identification:Package 'src/my_try_bringup' with type 'ros.ament_cmake' and name 'my_try_bringup'
[0.736s] Level 1:colcon.colcon_core.package_identification:_identify(src/turtlebot3_multi_robot) by extensions ['ignore', 'ignore_ament_install']
[0.736s] Level 1:colcon.colcon_core.package_identification:_identify(src/turtlebot3_multi_robot) by extension 'ignore'
[0.736s] Level 1:colcon.colcon_core.package_identification:_identify(src/turtlebot3_multi_robot) by extension 'ignore_ament_install'
[0.736s] Level 1:colcon.colcon_core.package_identification:_identify(src/turtlebot3_multi_robot) by extensions ['colcon_pkg']
[0.737s] Level 1:colcon.colcon_core.package_identification:_identify(src/turtlebot3_multi_robot) by extension 'colcon_pkg'
[0.737s] Level 1:colcon.colcon_core.package_identification:_identify(src/turtlebot3_multi_robot) by extensions ['colcon_meta']
[0.737s] Level 1:colcon.colcon_core.package_identification:_identify(src/turtlebot3_multi_robot) by extension 'colcon_meta'
[0.737s] Level 1:colcon.colcon_core.package_identification:_identify(src/turtlebot3_multi_robot) by extensions ['ros']
[0.737s] Level 1:colcon.colcon_core.package_identification:_identify(src/turtlebot3_multi_robot) by extension 'ros'
[0.737s] DEBUG:colcon.colcon_core.package_identification:Package 'src/turtlebot3_multi_robot' with type 'ros.ament_cmake' and name 'turtlebot3_multi_robot'
[0.737s] Level 1:colcon.colcon_core.package_discovery:discover_packages(recursive) using defaults
[0.737s] Level 1:colcon.colcon_core.package_discovery:discover_packages(ignore) discover
[0.737s] Level 1:colcon.colcon_core.package_discovery:discover_packages(ignore) using defaults
[0.737s] Level 1:colcon.colcon_core.package_discovery:discover_packages(path) discover
[0.737s] Level 1:colcon.colcon_core.package_discovery:discover_packages(path) using defaults
[0.799s] Level 1:colcon.colcon_core.package_discovery:discover_packages(prefix_path) check parameters
[0.799s] Level 1:colcon.colcon_core.package_discovery:discover_packages(prefix_path) discover
[0.819s] DEBUG:colcon.colcon_installed_package_information.package_discovery:Found 5 installed packages in /home/andrea/tesi/ros2_mapf_cbs/project_1/install
[0.838s] DEBUG:colcon.colcon_installed_package_information.package_discovery:Found 3 installed packages in /home/andrea/tesi/ros2_mapf_cbs/simple_example/install
[0.848s] DEBUG:colcon.colcon_installed_package_information.package_discovery:Found 371 installed packages in /opt/ros/humble
[0.850s] Level 1:colcon.colcon_core.package_discovery:discover_packages(prefix_path) using defaults
[0.917s] Level 5:colcon.colcon_core.verb:set package 'my_intermediate' build argument 'cmake_args' from command line to 'None'
[0.918s] Level 5:colcon.colcon_core.verb:set package 'my_intermediate' build argument 'cmake_target' from command line to 'None'
[0.918s] Level 5:colcon.colcon_core.verb:set package 'my_intermediate' build argument 'cmake_target_skip_unavailable' from command line to 'False'
[0.918s] Level 5:colcon.colcon_core.verb:set package 'my_intermediate' build argument 'cmake_clean_cache' from command line to 'False'
[0.918s] Level 5:colcon.colcon_core.verb:set package 'my_intermediate' build argument 'cmake_clean_first' from command line to 'False'
[0.918s] Level 5:colcon.colcon_core.verb:set package 'my_intermediate' build argument 'cmake_force_configure' from command line to 'False'
[0.918s] Level 5:colcon.colcon_core.verb:set package 'my_intermediate' build argument 'ament_cmake_args' from command line to 'None'
[0.918s] Level 5:colcon.colcon_core.verb:set package 'my_intermediate' build argument 'catkin_cmake_args' from command line to 'None'
[0.918s] Level 5:colcon.colcon_core.verb:set package 'my_intermediate' build argument 'catkin_skip_building_tests' from command line to 'False'
[0.918s] DEBUG:colcon.colcon_core.verb:Building package 'my_intermediate' with the following arguments: {'ament_cmake_args': None, 'build_base': '/home/andrea/tesi/ros2_mapf_cbs/project_1/build/my_intermediate', 'catkin_cmake_args': None, 'catkin_skip_building_tests': False, 'cmake_args': None, 'cmake_clean_cache': False, 'cmake_clean_first': False, 'cmake_force_configure': False, 'cmake_target': None, 'cmake_target_skip_unavailable': False, 'install_base': '/home/andrea/tesi/ros2_mapf_cbs/project_1/install/my_intermediate', 'merge_install': False, 'path': '/home/andrea/tesi/ros2_mapf_cbs/project_1/src/my_intermediate', 'symlink_install': True, 'test_result_base': None}
[0.927s] Level 5:colcon.colcon_core.verb:set package 'my_intermediate_interfaces' build argument 'cmake_args' from command line to 'None'
[0.927s] Level 5:colcon.colcon_core.verb:set package 'my_intermediate_interfaces' build argument 'cmake_target' from command line to 'None'
[0.927s] Level 5:colcon.colcon_core.verb:set package 'my_intermediate_interfaces' build argument 'cmake_target_skip_unavailable' from command line to 'False'
[0.927s] Level 5:colcon.colcon_core.verb:set package 'my_intermediate_interfaces' build argument 'cmake_clean_cache' from command line to 'False'
[0.927s] Level 5:colcon.colcon_core.verb:set package 'my_intermediate_interfaces' build argument 'cmake_clean_first' from command line to 'False'
[0.927s] Level 5:colcon.colcon_core.verb:set package 'my_intermediate_interfaces' build argument 'cmake_force_configure' from command line to 'False'
[0.927s] Level 5:colcon.colcon_core.verb:set package 'my_intermediate_interfaces' build argument 'ament_cmake_args' from command line to 'None'
[0.927s] Level 5:colcon.colcon_core.verb:set package 'my_intermediate_interfaces' build argument 'catkin_cmake_args' from command line to 'None'
[0.927s] Level 5:colcon.colcon_core.verb:set package 'my_intermediate_interfaces' build argument 'catkin_skip_building_tests' from command line to 'False'
[0.927s] DEBUG:colcon.colcon_core.verb:Building package 'my_intermediate_interfaces' with the following arguments: {'ament_cmake_args': None, 'build_base': '/home/andrea/tesi/ros2_mapf_cbs/project_1/build/my_intermediate_interfaces', 'catkin_cmake_args': None, 'catkin_skip_building_tests': False, 'cmake_args': None, 'cmake_clean_cache': False, 'cmake_clean_first': False, 'cmake_force_configure': False, 'cmake_target': None, 'cmake_target_skip_unavailable': False, 'install_base': '/home/andrea/tesi/ros2_mapf_cbs/project_1/install/my_intermediate_interfaces', 'merge_install': False, 'path': '/home/andrea/tesi/ros2_mapf_cbs/project_1/src/my_intermediate_interfaces', 'symlink_install': True, 'test_result_base': None}
[0.937s] Level 5:colcon.colcon_core.verb:set package 'my_package' build argument 'cmake_args' from command line to 'None'
[0.937s] Level 5:colcon.colcon_core.verb:set package 'my_package' build argument 'cmake_target' from command line to 'None'
[0.937s] Level 5:colcon.colcon_core.verb:set package 'my_package' build argument 'cmake_target_skip_unavailable' from command line to 'False'
[0.937s] Level 5:colcon.colcon_core.verb:set package 'my_package' build argument 'cmake_clean_cache' from command line to 'False'
[0.937s] Level 5:colcon.colcon_core.verb:set package 'my_package' build argument 'cmake_clean_first' from command line to 'False'
[0.937s] Level 5:colcon.colcon_core.verb:set package 'my_package' build argument 'cmake_force_configure' from command line to 'False'
[0.937s] Level 5:colcon.colcon_core.verb:set package 'my_package' build argument 'ament_cmake_args' from command line to 'None'
[0.937s] Level 5:colcon.colcon_core.verb:set package 'my_package' build argument 'catkin_cmake_args' from command line to 'None'
[0.937s] Level 5:colcon.colcon_core.verb:set package 'my_package' build argument 'catkin_skip_building_tests' from command line to 'False'
[0.937s] DEBUG:colcon.colcon_core.verb:Building package 'my_package' with the following arguments: {'ament_cmake_args': None, 'build_base': '/home/andrea/tesi/ros2_mapf_cbs/project_1/build/my_package', 'catkin_cmake_args': None, 'catkin_skip_building_tests': False, 'cmake_args': None, 'cmake_clean_cache': False, 'cmake_clean_first': False, 'cmake_force_configure': False, 'cmake_target': None, 'cmake_target_skip_unavailable': False, 'install_base': '/home/andrea/tesi/ros2_mapf_cbs/project_1/install/my_package', 'merge_install': False, 'path': '/home/andrea/tesi/ros2_mapf_cbs/project_1/src/my_package', 'symlink_install': True, 'test_result_base': None}
[0.946s] Level 5:colcon.colcon_core.verb:set package 'my_try_bringup' build argument 'cmake_args' from command line to 'None'
[0.946s] Level 5:colcon.colcon_core.verb:set package 'my_try_bringup' build argument 'cmake_target' from command line to 'None'
[0.946s] Level 5:colcon.colcon_core.verb:set package 'my_try_bringup' build argument 'cmake_target_skip_unavailable' from command line to 'False'
[0.946s] Level 5:colcon.colcon_core.verb:set package 'my_try_bringup' build argument 'cmake_clean_cache' from command line to 'False'
[0.946s] Level 5:colcon.colcon_core.verb:set package 'my_try_bringup' build argument 'cmake_clean_first' from command line to 'False'
[0.946s] Level 5:colcon.colcon_core.verb:set package 'my_try_bringup' build argument 'cmake_force_configure' from command line to 'False'
[0.946s] Level 5:colcon.colcon_core.verb:set package 'my_try_bringup' build argument 'ament_cmake_args' from command line to 'None'
[0.946s] Level 5:colcon.colcon_core.verb:set package 'my_try_bringup' build argument 'catkin_cmake_args' from command line to 'None'
[0.946s] Level 5:colcon.colcon_core.verb:set package 'my_try_bringup' build argument 'catkin_skip_building_tests' from command line to 'False'
[0.946s] DEBUG:colcon.colcon_core.verb:Building package 'my_try_bringup' with the following arguments: {'ament_cmake_args': None, 'build_base': '/home/andrea/tesi/ros2_mapf_cbs/project_1/build/my_try_bringup', 'catkin_cmake_args': None, 'catkin_skip_building_tests': False, 'cmake_args': None, 'cmake_clean_cache': False, 'cmake_clean_first': False, 'cmake_force_configure': False, 'cmake_target': None, 'cmake_target_skip_unavailable': False, 'install_base': '/home/andrea/tesi/ros2_mapf_cbs/project_1/install/my_try_bringup', 'merge_install': False, 'path': '/home/andrea/tesi/ros2_mapf_cbs/project_1/src/my_try_bringup', 'symlink_install': True, 'test_result_base': None}
[0.955s] Level 5:colcon.colcon_core.verb:set package 'turtlebot3_multi_robot' build argument 'cmake_args' from command line to 'None'
[0.955s] Level 5:colcon.colcon_core.verb:set package 'turtlebot3_multi_robot' build argument 'cmake_target' from command line to 'None'
[0.955s] Level 5:colcon.colcon_core.verb:set package 'turtlebot3_multi_robot' build argument 'cmake_target_skip_unavailable' from command line to 'False'
[0.955s] Level 5:colcon.colcon_core.verb:set package 'turtlebot3_multi_robot' build argument 'cmake_clean_cache' from command line to 'False'
[0.955s] Level 5:colcon.colcon_core.verb:set package 'turtlebot3_multi_robot' build argument 'cmake_clean_first' from command line to 'False'
[0.955s] Level 5:colcon.colcon_core.verb:set package 'turtlebot3_multi_robot' build argument 'cmake_force_configure' from command line to 'False'
[0.955s] Level 5:colcon.colcon_core.verb:set package 'turtlebot3_multi_robot' build argument 'ament_cmake_args' from command line to 'None'
[0.955s] Level 5:colcon.colcon_core.verb:set package 'turtlebot3_multi_robot' build argument 'catkin_cmake_args' from command line to 'None'
[0.955s] Level 5:colcon.colcon_core.verb:set package 'turtlebot3_multi_robot' build argument 'catkin_skip_building_tests' from command line to 'False'
[0.955s] DEBUG:colcon.colcon_core.verb:Building package 'turtlebot3_multi_robot' with the following arguments: {'ament_cmake_args': None, 'build_base': '/home/andrea/tesi/ros2_mapf_cbs/project_1/build/turtlebot3_multi_robot', 'catkin_cmake_args': None, 'catkin_skip_building_tests': False, 'cmake_args': None, 'cmake_clean_cache': False, 'cmake_clean_first': False, 'cmake_force_configure': False, 'cmake_target': None, 'cmake_target_skip_unavailable': False, 'install_base': '/home/andrea/tesi/ros2_mapf_cbs/project_1/install/turtlebot3_multi_robot', 'merge_install': False, 'path': '/home/andrea/tesi/ros2_mapf_cbs/project_1/src/turtlebot3_multi_robot', 'symlink_install': True, 'test_result_base': None}
[0.965s] INFO:colcon.colcon_core.executor:Executing jobs using 'parallel' executor
[0.974s] DEBUG:colcon.colcon_parallel_executor.executor.parallel:run_until_complete
[0.974s] INFO:colcon.colcon_ros.task.ament_python.build:Building ROS package in '/home/andrea/tesi/ros2_mapf_cbs/project_1/src/my_intermediate' with build type 'ament_python'
[0.974s] Level 1:colcon.colcon_core.shell:create_environment_hook('my_intermediate', 'ament_prefix_path')
[0.988s] INFO:colcon.colcon_core.plugin_system:Skipping extension 'colcon_core.shell.bat': Not used on non-Windows systems
[0.988s] INFO:colcon.colcon_core.shell:Creating environment hook '/home/andrea/tesi/ros2_mapf_cbs/project_1/install/my_intermediate/share/my_intermediate/hook/ament_prefix_path.ps1'
[0.988s] INFO:colcon.colcon_core.shell:Creating environment descriptor '/home/andrea/tesi/ros2_mapf_cbs/project_1/install/my_intermediate/share/my_intermediate/hook/ament_prefix_path.dsv'
[0.989s] INFO:colcon.colcon_core.shell:Creating environment hook '/home/andrea/tesi/ros2_mapf_cbs/project_1/install/my_intermediate/share/my_intermediate/hook/ament_prefix_path.sh'
[0.998s] INFO:colcon.colcon_core.shell:Skip shell extension 'powershell' for command environment: Not usable outside of PowerShell
[0.999s] DEBUG:colcon.colcon_core.shell:Skip shell extension 'dsv' for command environment
[1.038s] INFO:colcon.colcon_ros.task.ament_cmake.build:Building ROS package in '/home/andrea/tesi/ros2_mapf_cbs/project_1/src/my_intermediate_interfaces' with build type 'ament_cmake'
[1.038s] INFO:colcon.colcon_cmake.task.cmake.build:Building CMake package in '/home/andrea/tesi/ros2_mapf_cbs/project_1/src/my_intermediate_interfaces'
[1.048s] INFO:colcon.colcon_core.shell:Skip shell extension 'powershell' for command environment: Not usable outside of PowerShell
[1.048s] DEBUG:colcon.colcon_core.shell:Skip shell extension 'dsv' for command environment
[1.089s] INFO:colcon.colcon_ros.task.ament_python.build:Building ROS package in '/home/andrea/tesi/ros2_mapf_cbs/project_1/src/my_package' with build type 'ament_python'
[1.089s] Level 1:colcon.colcon_core.shell:create_environment_hook('my_package', 'ament_prefix_path')
[1.099s] INFO:colcon.colcon_core.shell:Creating environment hook '/home/andrea/tesi/ros2_mapf_cbs/project_1/install/my_package/share/my_package/hook/ament_prefix_path.ps1'
[1.100s] INFO:colcon.colcon_core.shell:Creating environment descriptor '/home/andrea/tesi/ros2_mapf_cbs/project_1/install/my_package/share/my_package/hook/ament_prefix_path.dsv'
[1.100s] INFO:colcon.colcon_core.shell:Creating environment hook '/home/andrea/tesi/ros2_mapf_cbs/project_1/install/my_package/share/my_package/hook/ament_prefix_path.sh'
[1.110s] INFO:colcon.colcon_core.shell:Skip shell extension 'powershell' for command environment: Not usable outside of PowerShell
[1.110s] DEBUG:colcon.colcon_core.shell:Skip shell extension 'dsv' for command environment
[1.149s] INFO:colcon.colcon_ros.task.ament_cmake.build:Building ROS package in '/home/andrea/tesi/ros2_mapf_cbs/project_1/src/my_try_bringup' with build type 'ament_cmake'
[1.149s] INFO:colcon.colcon_cmake.task.cmake.build:Building CMake package in '/home/andrea/tesi/ros2_mapf_cbs/project_1/src/my_try_bringup'
[1.159s] INFO:colcon.colcon_core.shell:Skip shell extension 'powershell' for command environment: Not usable outside of PowerShell
[1.159s] DEBUG:colcon.colcon_core.shell:Skip shell extension 'dsv' for command environment
[1.386s] INFO:colcon.colcon_core.task.python.build:Building Python package in '/home/andrea/tesi/ros2_mapf_cbs/project_1/src/my_intermediate'
[1.396s] INFO:colcon.colcon_core.shell:Skip shell extension 'powershell' for command environment: Not usable outside of PowerShell
[1.396s] DEBUG:colcon.colcon_core.shell:Skip shell extension 'dsv' for command environment
[1.437s] DEBUG:colcon.colcon_core.event_handler.log_command:Invoking command in '/home/andrea/tesi/ros2_mapf_cbs/project_1/build/my_intermediate_interfaces': CMAKE_PREFIX_PATH=${CMAKE_PREFIX_PATH}:/home/andrea/tesi/ros2_mapf_cbs/project_1/install/my_package:/home/andrea/tesi/ros2_mapf_cbs/project_1/install/my_intermediate:/home/andrea/tesi/ros2_mapf_cbs/simple_example/install/my_py_pkg:/opt/ros/humble /usr/bin/cmake /home/andrea/tesi/ros2_mapf_cbs/project_1/src/my_intermediate_interfaces -DAMENT_CMAKE_SYMLINK_INSTALL=1 -DCMAKE_INSTALL_PREFIX=/home/andrea/tesi/ros2_mapf_cbs/project_1/install/my_intermediate_interfaces
[1.629s] INFO:colcon.colcon_core.task.python.build:Building Python package in '/home/andrea/tesi/ros2_mapf_cbs/project_1/src/my_package'
[1.644s] INFO:colcon.colcon_core.shell:Skip shell extension 'powershell' for command environment: Not usable outside of PowerShell
[1.644s] DEBUG:colcon.colcon_core.shell:Skip shell extension 'dsv' for command environment
[1.712s] DEBUG:colcon.colcon_core.event_handler.log_command:Invoking command in '/home/andrea/tesi/ros2_mapf_cbs/project_1/build/my_try_bringup': CMAKE_PREFIX_PATH=${CMAKE_PREFIX_PATH}:/home/andrea/tesi/ros2_mapf_cbs/project_1/install/my_package:/home/andrea/tesi/ros2_mapf_cbs/project_1/install/my_intermediate:/home/andrea/tesi/ros2_mapf_cbs/simple_example/install/my_py_pkg:/opt/ros/humble /usr/bin/cmake /home/andrea/tesi/ros2_mapf_cbs/project_1/src/my_try_bringup -DAMENT_CMAKE_SYMLINK_INSTALL=1 -DCMAKE_INSTALL_PREFIX=/home/andrea/tesi/ros2_mapf_cbs/project_1/install/my_try_bringup
[1.890s] DEBUG:colcon.colcon_core.event_handler.log_command:Invoked command in '/home/andrea/tesi/ros2_mapf_cbs/project_1/build/my_try_bringup' returned '0': CMAKE_PREFIX_PATH=${CMAKE_PREFIX_PATH}:/home/andrea/tesi/ros2_mapf_cbs/project_1/install/my_package:/home/andrea/tesi/ros2_mapf_cbs/project_1/install/my_intermediate:/home/andrea/tesi/ros2_mapf_cbs/simple_example/install/my_py_pkg:/opt/ros/humble /usr/bin/cmake /home/andrea/tesi/ros2_mapf_cbs/project_1/src/my_try_bringup -DAMENT_CMAKE_SYMLINK_INSTALL=1 -DCMAKE_INSTALL_PREFIX=/home/andrea/tesi/ros2_mapf_cbs/project_1/install/my_try_bringup
[1.892s] DEBUG:colcon.colcon_core.event_handler.log_command:Invoking command in '/home/andrea/tesi/ros2_mapf_cbs/project_1/build/my_try_bringup': CMAKE_PREFIX_PATH=${CMAKE_PREFIX_PATH}:/home/andrea/tesi/ros2_mapf_cbs/project_1/install/my_package:/home/andrea/tesi/ros2_mapf_cbs/project_1/install/my_intermediate:/home/andrea/tesi/ros2_mapf_cbs/simple_example/install/my_py_pkg:/opt/ros/humble /usr/bin/cmake --build /home/andrea/tesi/ros2_mapf_cbs/project_1/build/my_try_bringup -- -j8 -l8
[1.925s] DEBUG:colcon.colcon_core.event_handler.log_command:Invoked command in '/home/andrea/tesi/ros2_mapf_cbs/project_1/build/my_try_bringup' returned '0': CMAKE_PREFIX_PATH=${CMAKE_PREFIX_PATH}:/home/andrea/tesi/ros2_mapf_cbs/project_1/install/my_package:/home/andrea/tesi/ros2_mapf_cbs/project_1/install/my_intermediate:/home/andrea/tesi/ros2_mapf_cbs/simple_example/install/my_py_pkg:/opt/ros/humble /usr/bin/cmake --build /home/andrea/tesi/ros2_mapf_cbs/project_1/build/my_try_bringup -- -j8 -l8
[1.949s] DEBUG:colcon.colcon_core.event_handler.log_command:Invoking command in '/home/andrea/tesi/ros2_mapf_cbs/project_1/build/my_try_bringup': CMAKE_PREFIX_PATH=${CMAKE_PREFIX_PATH}:/home/andrea/tesi/ros2_mapf_cbs/project_1/install/my_package:/home/andrea/tesi/ros2_mapf_cbs/project_1/install/my_intermediate:/home/andrea/tesi/ros2_mapf_cbs/simple_example/install/my_py_pkg:/opt/ros/humble /usr/bin/cmake --install /home/andrea/tesi/ros2_mapf_cbs/project_1/build/my_try_bringup
[1.965s] Level 1:colcon.colcon_core.environment:create_environment_scripts_only(my_try_bringup)
[1.965s] DEBUG:colcon.colcon_core.event_handler.log_command:Invoked command in '/home/andrea/tesi/ros2_mapf_cbs/project_1/build/my_try_bringup' returned '0': CMAKE_PREFIX_PATH=${CMAKE_PREFIX_PATH}:/home/andrea/tesi/ros2_mapf_cbs/project_1/install/my_package:/home/andrea/tesi/ros2_mapf_cbs/project_1/install/my_intermediate:/home/andrea/tesi/ros2_mapf_cbs/simple_example/install/my_py_pkg:/opt/ros/humble /usr/bin/cmake --install /home/andrea/tesi/ros2_mapf_cbs/project_1/build/my_try_bringup
[1.989s] Level 1:colcon.colcon_core.environment:checking '/home/andrea/tesi/ros2_mapf_cbs/project_1/install/my_try_bringup' for CMake module files
[1.990s] Level 1:colcon.colcon_core.environment:checking '/home/andrea/tesi/ros2_mapf_cbs/project_1/install/my_try_bringup' for CMake config files
[1.990s] Level 1:colcon.colcon_core.shell:create_environment_hook('my_try_bringup', 'cmake_prefix_path')
[2.009s] INFO:colcon.colcon_core.shell:Creating environment hook '/home/andrea/tesi/ros2_mapf_cbs/project_1/install/my_try_bringup/share/my_try_bringup/hook/cmake_prefix_path.ps1'
[2.010s] INFO:colcon.colcon_core.shell:Creating environment descriptor '/home/andrea/tesi/ros2_mapf_cbs/project_1/install/my_try_bringup/share/my_try_bringup/hook/cmake_prefix_path.dsv'
[2.010s] INFO:colcon.colcon_core.shell:Creating environment hook '/home/andrea/tesi/ros2_mapf_cbs/project_1/install/my_try_bringup/share/my_try_bringup/hook/cmake_prefix_path.sh'
[2.011s] Level 1:colcon.colcon_core.environment:checking '/home/andrea/tesi/ros2_mapf_cbs/project_1/install/my_try_bringup/bin'
[2.011s] Level 1:colcon.colcon_core.environment:checking '/home/andrea/tesi/ros2_mapf_cbs/project_1/install/my_try_bringup/lib/pkgconfig/my_try_bringup.pc'
[2.011s] Level 1:colcon.colcon_core.environment:checking '/home/andrea/tesi/ros2_mapf_cbs/project_1/install/my_try_bringup/lib/python3.10/site-packages'
[2.012s] Level 1:colcon.colcon_core.environment:checking '/home/andrea/tesi/ros2_mapf_cbs/project_1/install/my_try_bringup/bin'
[2.033s] INFO:colcon.colcon_core.shell:Creating package script '/home/andrea/tesi/ros2_mapf_cbs/project_1/install/my_try_bringup/share/my_try_bringup/package.ps1'
[2.034s] INFO:colcon.colcon_core.shell:Creating package descriptor '/home/andrea/tesi/ros2_mapf_cbs/project_1/install/my_try_bringup/share/my_try_bringup/package.dsv'
[2.035s] INFO:colcon.colcon_core.shell:Creating package script '/home/andrea/tesi/ros2_mapf_cbs/project_1/install/my_try_bringup/share/my_try_bringup/package.sh'
[2.036s] INFO:colcon.colcon_core.shell:Creating package script '/home/andrea/tesi/ros2_mapf_cbs/project_1/install/my_try_bringup/share/my_try_bringup/package.bash'
[2.037s] INFO:colcon.colcon_core.shell:Creating package script '/home/andrea/tesi/ros2_mapf_cbs/project_1/install/my_try_bringup/share/my_try_bringup/package.zsh'
[2.038s] Level 1:colcon.colcon_core.environment:create_file_with_runtime_dependencies(/home/andrea/tesi/ros2_mapf_cbs/project_1/install/my_try_bringup/share/colcon-core/packages/my_try_bringup)
[2.041s] DEBUG:colcon.colcon_core.task.python.build:While undoing a previous installation files outside the Python library path are being ignored: /home/andrea/tesi/ros2_mapf_cbs/project_1/install/my_intermediate/share/ament_index/resource_index/packages/my_intermediate
[2.041s] DEBUG:colcon.colcon_core.task.python.build:While undoing a previous installation files outside the Python library path are being ignored: /home/andrea/tesi/ros2_mapf_cbs/project_1/install/my_intermediate/share/my_intermediate/package.xml
[2.041s] DEBUG:colcon.colcon_core.task.python.build:While undoing a previous installation files outside the Python library path are being ignored: /home/andrea/tesi/ros2_mapf_cbs/project_1/install/my_intermediate/lib/my_intermediate/collision_avoider
[2.041s] DEBUG:colcon.colcon_core.task.python.build:While undoing a previous installation files outside the Python library path are being ignored: /home/andrea/tesi/ros2_mapf_cbs/project_1/install/my_intermediate/lib/my_intermediate/fake_asker
[2.041s] DEBUG:colcon.colcon_core.task.python.build:While undoing a previous installation files outside the Python library path are being ignored: /home/andrea/tesi/ros2_mapf_cbs/project_1/install/my_intermediate/lib/my_intermediate/map_discretizer
[2.041s] DEBUG:colcon.colcon_core.task.python.build:While undoing a previous installation files outside the Python library path are being ignored: /home/andrea/tesi/ros2_mapf_cbs/project_1/install/my_intermediate/lib/my_intermediate/multi_agent_plan_asker
[2.041s] DEBUG:colcon.colcon_core.task.python.build:While undoing a previous installation files outside the Python library path are being ignored: /home/andrea/tesi/ros2_mapf_cbs/project_1/install/my_intermediate/lib/my_intermediate/plan_asker
[2.044s] DEBUG:colcon.colcon_core.event_handler.log_command:Invoking command in '/home/andrea/tesi/ros2_mapf_cbs/project_1/build/my_intermediate': PYTHONPATH=/home/andrea/tesi/ros2_mapf_cbs/project_1/build/my_intermediate/prefix_override:/home/andrea/tesi/ros2_mapf_cbs/project_1/install/my_intermediate/lib/python3.10/site-packages:${PYTHONPATH} /usr/bin/python3 setup.py develop --editable --build-directory /home/andrea/tesi/ros2_mapf_cbs/project_1/build/my_intermediate/build --no-deps install_data
[2.049s] DEBUG:colcon.colcon_core.task.python.build:While undoing a previous installation files outside the Python library path are being ignored: /home/andrea/tesi/ros2_mapf_cbs/project_1/install/my_package/share/ament_index/resource_index/packages/my_package
[2.049s] DEBUG:colcon.colcon_core.task.python.build:While undoing a previous installation files outside the Python library path are being ignored: /home/andrea/tesi/ros2_mapf_cbs/project_1/install/my_package/share/my_package/launch/robot_launch.py
[2.049s] DEBUG:colcon.colcon_core.task.python.build:While undoing a previous installation files outside the Python library path are being ignored: /home/andrea/tesi/ros2_mapf_cbs/project_1/install/my_package/share/my_package/worlds/my_world.wbt
[2.049s] DEBUG:colcon.colcon_core.task.python.build:While undoing a previous installation files outside the Python library path are being ignored: /home/andrea/tesi/ros2_mapf_cbs/project_1/install/my_package/share/my_package/resource/my_robot.urdf
[2.049s] DEBUG:colcon.colcon_core.task.python.build:While undoing a previous installation files outside the Python library path are being ignored: /home/andrea/tesi/ros2_mapf_cbs/project_1/install/my_package/share/my_package/package.xml
[2.049s] DEBUG:colcon.colcon_core.task.python.build:While undoing a previous installation files outside the Python library path are being ignored: /home/andrea/tesi/ros2_mapf_cbs/project_1/install/my_package/lib/my_package/my_robot_driver
[2.049s] DEBUG:colcon.colcon_core.task.python.build:While undoing a previous installation files outside the Python library path are being ignored: /home/andrea/tesi/ros2_mapf_cbs/project_1/install/my_package/lib/my_package/robot_spawner
[2.051s] DEBUG:colcon.colcon_core.event_handler.log_command:Invoking command in '/home/andrea/tesi/ros2_mapf_cbs/project_1/build/my_package': PYTHONPATH=/home/andrea/tesi/ros2_mapf_cbs/project_1/build/my_package/prefix_override:/home/andrea/tesi/ros2_mapf_cbs/project_1/install/my_package/lib/python3.10/site-packages:${PYTHONPATH} /usr/bin/python3 setup.py develop --editable --build-directory /home/andrea/tesi/ros2_mapf_cbs/project_1/build/my_package/build --no-deps install_data
[2.066s] Level 1:colcon.colcon_core.environment:create_environment_scripts_only(my_try_bringup)
[2.076s] Level 1:colcon.colcon_core.environment:checking '/home/andrea/tesi/ros2_mapf_cbs/project_1/install/my_try_bringup' for CMake module files
[2.077s] Level 1:colcon.colcon_core.environment:checking '/home/andrea/tesi/ros2_mapf_cbs/project_1/install/my_try_bringup' for CMake config files
[2.077s] Level 1:colcon.colcon_core.shell:create_environment_hook('my_try_bringup', 'cmake_prefix_path')
[2.088s] INFO:colcon.colcon_core.shell:Creating environment hook '/home/andrea/tesi/ros2_mapf_cbs/project_1/install/my_try_bringup/share/my_try_bringup/hook/cmake_prefix_path.ps1'
[2.089s] INFO:colcon.colcon_core.shell:Creating environment descriptor '/home/andrea/tesi/ros2_mapf_cbs/project_1/install/my_try_bringup/share/my_try_bringup/hook/cmake_prefix_path.dsv'
[2.089s] INFO:colcon.colcon_core.shell:Creating environment hook '/home/andrea/tesi/ros2_mapf_cbs/project_1/install/my_try_bringup/share/my_try_bringup/hook/cmake_prefix_path.sh'
[2.089s] Level 1:colcon.colcon_core.environment:checking '/home/andrea/tesi/ros2_mapf_cbs/project_1/install/my_try_bringup/bin'
[2.090s] Level 1:colcon.colcon_core.environment:checking '/home/andrea/tesi/ros2_mapf_cbs/project_1/install/my_try_bringup/lib/pkgconfig/my_try_bringup.pc'
[2.090s] Level 1:colcon.colcon_core.environment:checking '/home/andrea/tesi/ros2_mapf_cbs/project_1/install/my_try_bringup/lib/python3.10/site-packages'
[2.090s] Level 1:colcon.colcon_core.environment:checking '/home/andrea/tesi/ros2_mapf_cbs/project_1/install/my_try_bringup/bin'
[2.103s] INFO:colcon.colcon_core.shell:Creating package script '/home/andrea/tesi/ros2_mapf_cbs/project_1/install/my_try_bringup/share/my_try_bringup/package.ps1'
[2.104s] INFO:colcon.colcon_core.shell:Creating package descriptor '/home/andrea/tesi/ros2_mapf_cbs/project_1/install/my_try_bringup/share/my_try_bringup/package.dsv'
[2.104s] INFO:colcon.colcon_core.shell:Creating package script '/home/andrea/tesi/ros2_mapf_cbs/project_1/install/my_try_bringup/share/my_try_bringup/package.sh'
[2.104s] INFO:colcon.colcon_core.shell:Creating package script '/home/andrea/tesi/ros2_mapf_cbs/project_1/install/my_try_bringup/share/my_try_bringup/package.bash'
[2.105s] INFO:colcon.colcon_core.shell:Creating package script '/home/andrea/tesi/ros2_mapf_cbs/project_1/install/my_try_bringup/share/my_try_bringup/package.zsh'
[2.105s] Level 1:colcon.colcon_core.environment:create_file_with_runtime_dependencies(/home/andrea/tesi/ros2_mapf_cbs/project_1/install/my_try_bringup/share/colcon-core/packages/my_try_bringup)
[2.399s] Level 1:colcon.colcon_core.shell:create_environment_hook('my_package', 'pythonpath_develop')
[2.400s] DEBUG:colcon.colcon_core.event_handler.log_command:Invoked command in '/home/andrea/tesi/ros2_mapf_cbs/project_1/build/my_package' returned '0': PYTHONPATH=/home/andrea/tesi/ros2_mapf_cbs/project_1/build/my_package/prefix_override:/home/andrea/tesi/ros2_mapf_cbs/project_1/install/my_package/lib/python3.10/site-packages:${PYTHONPATH} /usr/bin/python3 setup.py develop --editable --build-directory /home/andrea/tesi/ros2_mapf_cbs/project_1/build/my_package/build --no-deps install_data
[2.412s] INFO:colcon.colcon_core.shell:Creating environment hook '/home/andrea/tesi/ros2_mapf_cbs/project_1/build/my_package/share/my_package/hook/pythonpath_develop.ps1'
[2.413s] INFO:colcon.colcon_core.shell:Creating environment descriptor '/home/andrea/tesi/ros2_mapf_cbs/project_1/build/my_package/share/my_package/hook/pythonpath_develop.dsv'
[2.413s] INFO:colcon.colcon_core.shell:Creating environment hook '/home/andrea/tesi/ros2_mapf_cbs/project_1/build/my_package/share/my_package/hook/pythonpath_develop.sh'
[2.437s] Level 1:colcon.colcon_core.environment:checking '/home/andrea/tesi/ros2_mapf_cbs/project_1/install/my_package' for CMake module files
[2.437s] Level 1:colcon.colcon_core.environment:checking '/home/andrea/tesi/ros2_mapf_cbs/project_1/install/my_package' for CMake config files
[2.438s] Level 1:colcon.colcon_core.environment:checking '/home/andrea/tesi/ros2_mapf_cbs/project_1/install/my_package/lib'
[2.438s] Level 1:colcon.colcon_core.environment:checking '/home/andrea/tesi/ros2_mapf_cbs/project_1/install/my_package/bin'
[2.438s] Level 1:colcon.colcon_core.environment:checking '/home/andrea/tesi/ros2_mapf_cbs/project_1/install/my_package/lib/pkgconfig/my_package.pc'
[2.438s] Level 1:colcon.colcon_core.environment:checking '/home/andrea/tesi/ros2_mapf_cbs/project_1/install/my_package/lib/python3.10/site-packages'
[2.438s] Level 1:colcon.colcon_core.shell:create_environment_hook('my_package', 'pythonpath')
[2.448s] INFO:colcon.colcon_core.shell:Creating environment hook '/home/andrea/tesi/ros2_mapf_cbs/project_1/install/my_package/share/my_package/hook/pythonpath.ps1'
[2.449s] INFO:colcon.colcon_core.shell:Creating environment descriptor '/home/andrea/tesi/ros2_mapf_cbs/project_1/install/my_package/share/my_package/hook/pythonpath.dsv'
[2.449s] INFO:colcon.colcon_core.shell:Creating environment hook '/home/andrea/tesi/ros2_mapf_cbs/project_1/install/my_package/share/my_package/hook/pythonpath.sh'
[2.449s] Level 1:colcon.colcon_core.environment:checking '/home/andrea/tesi/ros2_mapf_cbs/project_1/install/my_package/bin'
[2.449s] Level 1:colcon.colcon_core.environment:create_environment_scripts_only(my_package)
[2.459s] INFO:colcon.colcon_core.shell:Creating package script '/home/andrea/tesi/ros2_mapf_cbs/project_1/install/my_package/share/my_package/package.ps1'
[2.459s] INFO:colcon.colcon_core.shell:Creating package descriptor '/home/andrea/tesi/ros2_mapf_cbs/project_1/install/my_package/share/my_package/package.dsv'
[2.460s] INFO:colcon.colcon_core.shell:Creating package script '/home/andrea/tesi/ros2_mapf_cbs/project_1/install/my_package/share/my_package/package.sh'
[2.460s] INFO:colcon.colcon_core.shell:Creating package script '/home/andrea/tesi/ros2_mapf_cbs/project_1/install/my_package/share/my_package/package.bash'
[2.460s] INFO:colcon.colcon_core.shell:Creating package script '/home/andrea/tesi/ros2_mapf_cbs/project_1/install/my_package/share/my_package/package.zsh'
[2.460s] Level 1:colcon.colcon_core.environment:create_file_with_runtime_dependencies(/home/andrea/tesi/ros2_mapf_cbs/project_1/install/my_package/share/colcon-core/packages/my_package)
[2.461s] Level 1:colcon.colcon_core.shell:create_environment_hook('my_intermediate', 'pythonpath_develop')
[2.462s] DEBUG:colcon.colcon_core.event_handler.log_command:Invoked command in '/home/andrea/tesi/ros2_mapf_cbs/project_1/build/my_intermediate' returned '0': PYTHONPATH=/home/andrea/tesi/ros2_mapf_cbs/project_1/build/my_intermediate/prefix_override:/home/andrea/tesi/ros2_mapf_cbs/project_1/install/my_intermediate/lib/python3.10/site-packages:${PYTHONPATH} /usr/bin/python3 setup.py develop --editable --build-directory /home/andrea/tesi/ros2_mapf_cbs/project_1/build/my_intermediate/build --no-deps install_data
[2.472s] INFO:colcon.colcon_core.shell:Creating environment hook '/home/andrea/tesi/ros2_mapf_cbs/project_1/build/my_intermediate/share/my_intermediate/hook/pythonpath_develop.ps1'
[2.473s] INFO:colcon.colcon_core.shell:Creating environment descriptor '/home/andrea/tesi/ros2_mapf_cbs/project_1/build/my_intermediate/share/my_intermediate/hook/pythonpath_develop.dsv'
[2.473s] INFO:colcon.colcon_core.shell:Creating environment hook '/home/andrea/tesi/ros2_mapf_cbs/project_1/build/my_intermediate/share/my_intermediate/hook/pythonpath_develop.sh'
[2.483s] Level 1:colcon.colcon_core.environment:checking '/home/andrea/tesi/ros2_mapf_cbs/project_1/install/my_intermediate' for CMake module files
[2.484s] Level 1:colcon.colcon_core.environment:checking '/home/andrea/tesi/ros2_mapf_cbs/project_1/install/my_intermediate' for CMake config files
[2.484s] Level 1:colcon.colcon_core.environment:checking '/home/andrea/tesi/ros2_mapf_cbs/project_1/install/my_intermediate/lib'
[2.484s] Level 1:colcon.colcon_core.environment:checking '/home/andrea/tesi/ros2_mapf_cbs/project_1/install/my_intermediate/bin'
[2.484s] Level 1:colcon.colcon_core.environment:checking '/home/andrea/tesi/ros2_mapf_cbs/project_1/install/my_intermediate/lib/pkgconfig/my_intermediate.pc'
[2.484s] Level 1:colcon.colcon_core.environment:checking '/home/andrea/tesi/ros2_mapf_cbs/project_1/install/my_intermediate/lib/python3.10/site-packages'
[2.484s] Level 1:colcon.colcon_core.shell:create_environment_hook('my_intermediate', 'pythonpath')
[2.494s] INFO:colcon.colcon_core.shell:Creating environment hook '/home/andrea/tesi/ros2_mapf_cbs/project_1/install/my_intermediate/share/my_intermediate/hook/pythonpath.ps1'
[2.495s] INFO:colcon.colcon_core.shell:Creating environment descriptor '/home/andrea/tesi/ros2_mapf_cbs/project_1/install/my_intermediate/share/my_intermediate/hook/pythonpath.dsv'
[2.495s] INFO:colcon.colcon_core.shell:Creating environment hook '/home/andrea/tesi/ros2_mapf_cbs/project_1/install/my_intermediate/share/my_intermediate/hook/pythonpath.sh'
[2.495s] Level 1:colcon.colcon_core.environment:checking '/home/andrea/tesi/ros2_mapf_cbs/project_1/install/my_intermediate/bin'
[2.495s] Level 1:colcon.colcon_core.environment:create_environment_scripts_only(my_intermediate)
[2.505s] INFO:colcon.colcon_core.shell:Creating package script '/home/andrea/tesi/ros2_mapf_cbs/project_1/install/my_intermediate/share/my_intermediate/package.ps1'
[2.506s] INFO:colcon.colcon_core.shell:Creating package descriptor '/home/andrea/tesi/ros2_mapf_cbs/project_1/install/my_intermediate/share/my_intermediate/package.dsv'
[2.506s] INFO:colcon.colcon_core.shell:Creating package script '/home/andrea/tesi/ros2_mapf_cbs/project_1/install/my_intermediate/share/my_intermediate/package.sh'
[2.506s] INFO:colcon.colcon_core.shell:Creating package script '/home/andrea/tesi/ros2_mapf_cbs/project_1/install/my_intermediate/share/my_intermediate/package.bash'
[2.507s] INFO:colcon.colcon_core.shell:Creating package script '/home/andrea/tesi/ros2_mapf_cbs/project_1/install/my_intermediate/share/my_intermediate/package.zsh'
[2.507s] Level 1:colcon.colcon_core.environment:create_file_with_runtime_dependencies(/home/andrea/tesi/ros2_mapf_cbs/project_1/install/my_intermediate/share/colcon-core/packages/my_intermediate)
[2.507s] INFO:colcon.colcon_ros.task.ament_cmake.build:Building ROS package in '/home/andrea/tesi/ros2_mapf_cbs/project_1/src/turtlebot3_multi_robot' with build type 'ament_cmake'
[2.507s] INFO:colcon.colcon_cmake.task.cmake.build:Building CMake package in '/home/andrea/tesi/ros2_mapf_cbs/project_1/src/turtlebot3_multi_robot'
[2.518s] INFO:colcon.colcon_core.shell:Skip shell extension 'powershell' for command environment: Not usable outside of PowerShell
[2.518s] DEBUG:colcon.colcon_core.shell:Skip shell extension 'dsv' for command environment
[2.563s] DEBUG:colcon.colcon_core.event_handler.log_command:Invoking command in '/home/andrea/tesi/ros2_mapf_cbs/project_1/build/turtlebot3_multi_robot': AMENT_PREFIX_PATH=/home/andrea/tesi/ros2_mapf_cbs/project_1/install/my_intermediate:/home/andrea/tesi/ros2_mapf_cbs/project_1/install/turtlebot3_multi_robot:/home/andrea/tesi/ros2_mapf_cbs/project_1/install/my_try_bringup:/home/andrea/tesi/ros2_mapf_cbs/project_1/install/my_package:/home/andrea/tesi/ros2_mapf_cbs/project_1/install/my_intermediate_interfaces:/home/andrea/tesi/ros2_mapf_cbs/simple_example/install/my_robot_bringup:/home/andrea/tesi/ros2_mapf_cbs/simple_example/install/my_py_pkg:/home/andrea/tesi/ros2_mapf_cbs/simple_example/install/my_robot_interfaces:/opt/ros/humble CMAKE_PREFIX_PATH=${CMAKE_PREFIX_PATH}:/home/andrea/tesi/ros2_mapf_cbs/project_1/install/my_package:/home/andrea/tesi/ros2_mapf_cbs/project_1/install/my_intermediate:/home/andrea/tesi/ros2_mapf_cbs/simple_example/install/my_py_pkg:/opt/ros/humble PYTHONPATH=/home/andrea/tesi/ros2_mapf_cbs/project_1/build/my_intermediate:/home/andrea/tesi/ros2_mapf_cbs/project_1/install/my_intermediate/lib/python3.10/site-packages:/home/andrea/tesi/ros2_mapf_cbs/project_1/install/my_package/lib/python3.10/site-packages:/home/andrea/tesi/ros2_mapf_cbs/project_1/install/my_intermediate_interfaces/local/lib/python3.10/dist-packages:/home/andrea/tesi/ros2_mapf_cbs/simple_example/build/my_py_pkg:/home/andrea/tesi/ros2_mapf_cbs/simple_example/install/my_py_pkg/lib/python3.10/site-packages:/home/andrea/tesi/ros2_mapf_cbs/simple_example/install/my_robot_interfaces/local/lib/python3.10/dist-packages:/opt/ros/humble/lib/python3.10/site-packages:/opt/ros/humble/local/lib/python3.10/dist-packages /usr/bin/cmake /home/andrea/tesi/ros2_mapf_cbs/project_1/src/turtlebot3_multi_robot -DAMENT_CMAKE_SYMLINK_INSTALL=1 -DCMAKE_INSTALL_PREFIX=/home/andrea/tesi/ros2_mapf_cbs/project_1/install/turtlebot3_multi_robot
[2.723s] DEBUG:colcon.colcon_core.event_handler.log_command:Invoked command in '/home/andrea/tesi/ros2_mapf_cbs/project_1/build/my_intermediate_interfaces' returned '0': CMAKE_PREFIX_PATH=${CMAKE_PREFIX_PATH}:/home/andrea/tesi/ros2_mapf_cbs/project_1/install/my_package:/home/andrea/tesi/ros2_mapf_cbs/project_1/install/my_intermediate:/home/andrea/tesi/ros2_mapf_cbs/simple_example/install/my_py_pkg:/opt/ros/humble /usr/bin/cmake /home/andrea/tesi/ros2_mapf_cbs/project_1/src/my_intermediate_interfaces -DAMENT_CMAKE_SYMLINK_INSTALL=1 -DCMAKE_INSTALL_PREFIX=/home/andrea/tesi/ros2_mapf_cbs/project_1/install/my_intermediate_interfaces
[2.725s] DEBUG:colcon.colcon_core.event_handler.log_command:Invoking command in '/home/andrea/tesi/ros2_mapf_cbs/project_1/build/my_intermediate_interfaces': CMAKE_PREFIX_PATH=${CMAKE_PREFIX_PATH}:/home/andrea/tesi/ros2_mapf_cbs/project_1/install/my_package:/home/andrea/tesi/ros2_mapf_cbs/project_1/install/my_intermediate:/home/andrea/tesi/ros2_mapf_cbs/simple_example/install/my_py_pkg:/opt/ros/humble /usr/bin/cmake --build /home/andrea/tesi/ros2_mapf_cbs/project_1/build/my_intermediate_interfaces -- -j8 -l8
[2.777s] DEBUG:colcon.colcon_core.event_handler.log_command:Invoked command in '/home/andrea/tesi/ros2_mapf_cbs/project_1/build/turtlebot3_multi_robot' returned '0': AMENT_PREFIX_PATH=/home/andrea/tesi/ros2_mapf_cbs/project_1/install/my_intermediate:/home/andrea/tesi/ros2_mapf_cbs/project_1/install/turtlebot3_multi_robot:/home/andrea/tesi/ros2_mapf_cbs/project_1/install/my_try_bringup:/home/andrea/tesi/ros2_mapf_cbs/project_1/install/my_package:/home/andrea/tesi/ros2_mapf_cbs/project_1/install/my_intermediate_interfaces:/home/andrea/tesi/ros2_mapf_cbs/simple_example/install/my_robot_bringup:/home/andrea/tesi/ros2_mapf_cbs/simple_example/install/my_py_pkg:/home/andrea/tesi/ros2_mapf_cbs/simple_example/install/my_robot_interfaces:/opt/ros/humble CMAKE_PREFIX_PATH=${CMAKE_PREFIX_PATH}:/home/andrea/tesi/ros2_mapf_cbs/project_1/install/my_package:/home/andrea/tesi/ros2_mapf_cbs/project_1/install/my_intermediate:/home/andrea/tesi/ros2_mapf_cbs/simple_example/install/my_py_pkg:/opt/ros/humble PYTHONPATH=/home/andrea/tesi/ros2_mapf_cbs/project_1/build/my_intermediate:/home/andrea/tesi/ros2_mapf_cbs/project_1/install/my_intermediate/lib/python3.10/site-packages:/home/andrea/tesi/ros2_mapf_cbs/project_1/install/my_package/lib/python3.10/site-packages:/home/andrea/tesi/ros2_mapf_cbs/project_1/install/my_intermediate_interfaces/local/lib/python3.10/dist-packages:/home/andrea/tesi/ros2_mapf_cbs/simple_example/build/my_py_pkg:/home/andrea/tesi/ros2_mapf_cbs/simple_example/install/my_py_pkg/lib/python3.10/site-packages:/home/andrea/tesi/ros2_mapf_cbs/simple_example/install/my_robot_interfaces/local/lib/python3.10/dist-packages:/opt/ros/humble/lib/python3.10/site-packages:/opt/ros/humble/local/lib/python3.10/dist-packages /usr/bin/cmake /home/andrea/tesi/ros2_mapf_cbs/project_1/src/turtlebot3_multi_robot -DAMENT_CMAKE_SYMLINK_INSTALL=1 -DCMAKE_INSTALL_PREFIX=/home/andrea/tesi/ros2_mapf_cbs/project_1/install/turtlebot3_multi_robot
[2.779s] DEBUG:colcon.colcon_core.event_handler.log_command:Invoking command in '/home/andrea/tesi/ros2_mapf_cbs/project_1/build/turtlebot3_multi_robot': AMENT_PREFIX_PATH=/home/andrea/tesi/ros2_mapf_cbs/project_1/install/my_intermediate:/home/andrea/tesi/ros2_mapf_cbs/project_1/install/turtlebot3_multi_robot:/home/andrea/tesi/ros2_mapf_cbs/project_1/install/my_try_bringup:/home/andrea/tesi/ros2_mapf_cbs/project_1/install/my_package:/home/andrea/tesi/ros2_mapf_cbs/project_1/install/my_intermediate_interfaces:/home/andrea/tesi/ros2_mapf_cbs/simple_example/install/my_robot_bringup:/home/andrea/tesi/ros2_mapf_cbs/simple_example/install/my_py_pkg:/home/andrea/tesi/ros2_mapf_cbs/simple_example/install/my_robot_interfaces:/opt/ros/humble CMAKE_PREFIX_PATH=${CMAKE_PREFIX_PATH}:/home/andrea/tesi/ros2_mapf_cbs/project_1/install/my_package:/home/andrea/tesi/ros2_mapf_cbs/project_1/install/my_intermediate:/home/andrea/tesi/ros2_mapf_cbs/simple_example/install/my_py_pkg:/opt/ros/humble PYTHONPATH=/home/andrea/tesi/ros2_mapf_cbs/project_1/build/my_intermediate:/home/andrea/tesi/ros2_mapf_cbs/project_1/install/my_intermediate/lib/python3.10/site-packages:/home/andrea/tesi/ros2_mapf_cbs/project_1/install/my_package/lib/python3.10/site-packages:/home/andrea/tesi/ros2_mapf_cbs/project_1/install/my_intermediate_interfaces/local/lib/python3.10/dist-packages:/home/andrea/tesi/ros2_mapf_cbs/simple_example/build/my_py_pkg:/home/andrea/tesi/ros2_mapf_cbs/simple_example/install/my_py_pkg/lib/python3.10/site-packages:/home/andrea/tesi/ros2_mapf_cbs/simple_example/install/my_robot_interfaces/local/lib/python3.10/dist-packages:/opt/ros/humble/lib/python3.10/site-packages:/opt/ros/humble/local/lib/python3.10/dist-packages /usr/bin/cmake --build /home/andrea/tesi/ros2_mapf_cbs/project_1/build/turtlebot3_multi_robot -- -j8 -l8
[2.838s] DEBUG:colcon.colcon_core.event_handler.log_command:Invoked command in '/home/andrea/tesi/ros2_mapf_cbs/project_1/build/turtlebot3_multi_robot' returned '0': AMENT_PREFIX_PATH=/home/andrea/tesi/ros2_mapf_cbs/project_1/install/my_intermediate:/home/andrea/tesi/ros2_mapf_cbs/project_1/install/turtlebot3_multi_robot:/home/andrea/tesi/ros2_mapf_cbs/project_1/install/my_try_bringup:/home/andrea/tesi/ros2_mapf_cbs/project_1/install/my_package:/home/andrea/tesi/ros2_mapf_cbs/project_1/install/my_intermediate_interfaces:/home/andrea/tesi/ros2_mapf_cbs/simple_example/install/my_robot_bringup:/home/andrea/tesi/ros2_mapf_cbs/simple_example/install/my_py_pkg:/home/andrea/tesi/ros2_mapf_cbs/simple_example/install/my_robot_interfaces:/opt/ros/humble CMAKE_PREFIX_PATH=${CMAKE_PREFIX_PATH}:/home/andrea/tesi/ros2_mapf_cbs/project_1/install/my_package:/home/andrea/tesi/ros2_mapf_cbs/project_1/install/my_intermediate:/home/andrea/tesi/ros2_mapf_cbs/simple_example/install/my_py_pkg:/opt/ros/humble PYTHONPATH=/home/andrea/tesi/ros2_mapf_cbs/project_1/build/my_intermediate:/home/andrea/tesi/ros2_mapf_cbs/project_1/install/my_intermediate/lib/python3.10/site-packages:/home/andrea/tesi/ros2_mapf_cbs/project_1/install/my_package/lib/python3.10/site-packages:/home/andrea/tesi/ros2_mapf_cbs/project_1/install/my_intermediate_interfaces/local/lib/python3.10/dist-packages:/home/andrea/tesi/ros2_mapf_cbs/simple_example/build/my_py_pkg:/home/andrea/tesi/ros2_mapf_cbs/simple_example/install/my_py_pkg/lib/python3.10/site-packages:/home/andrea/tesi/ros2_mapf_cbs/simple_example/install/my_robot_interfaces/local/lib/python3.10/dist-packages:/opt/ros/humble/lib/python3.10/site-packages:/opt/ros/humble/local/lib/python3.10/dist-packages /usr/bin/cmake --build /home/andrea/tesi/ros2_mapf_cbs/project_1/build/turtlebot3_multi_robot -- -j8 -l8
[2.863s] DEBUG:colcon.colcon_core.event_handler.log_command:Invoking command in '/home/andrea/tesi/ros2_mapf_cbs/project_1/build/turtlebot3_multi_robot': AMENT_PREFIX_PATH=/home/andrea/tesi/ros2_mapf_cbs/project_1/install/my_intermediate:/home/andrea/tesi/ros2_mapf_cbs/project_1/install/turtlebot3_multi_robot:/home/andrea/tesi/ros2_mapf_cbs/project_1/install/my_try_bringup:/home/andrea/tesi/ros2_mapf_cbs/project_1/install/my_package:/home/andrea/tesi/ros2_mapf_cbs/project_1/install/my_intermediate_interfaces:/home/andrea/tesi/ros2_mapf_cbs/simple_example/install/my_robot_bringup:/home/andrea/tesi/ros2_mapf_cbs/simple_example/install/my_py_pkg:/home/andrea/tesi/ros2_mapf_cbs/simple_example/install/my_robot_interfaces:/opt/ros/humble CMAKE_PREFIX_PATH=${CMAKE_PREFIX_PATH}:/home/andrea/tesi/ros2_mapf_cbs/project_1/install/my_package:/home/andrea/tesi/ros2_mapf_cbs/project_1/install/my_intermediate:/home/andrea/tesi/ros2_mapf_cbs/simple_example/install/my_py_pkg:/opt/ros/humble PYTHONPATH=/home/andrea/tesi/ros2_mapf_cbs/project_1/build/my_intermediate:/home/andrea/tesi/ros2_mapf_cbs/project_1/install/my_intermediate/lib/python3.10/site-packages:/home/andrea/tesi/ros2_mapf_cbs/project_1/install/my_package/lib/python3.10/site-packages:/home/andrea/tesi/ros2_mapf_cbs/project_1/install/my_intermediate_interfaces/local/lib/python3.10/dist-packages:/home/andrea/tesi/ros2_mapf_cbs/simple_example/build/my_py_pkg:/home/andrea/tesi/ros2_mapf_cbs/simple_example/install/my_py_pkg/lib/python3.10/site-packages:/home/andrea/tesi/ros2_mapf_cbs/simple_example/install/my_robot_interfaces/local/lib/python3.10/dist-packages:/opt/ros/humble/lib/python3.10/site-packages:/opt/ros/humble/local/lib/python3.10/dist-packages /usr/bin/cmake --install /home/andrea/tesi/ros2_mapf_cbs/project_1/build/turtlebot3_multi_robot
[2.888s] Level 1:colcon.colcon_core.environment:create_environment_scripts_only(turtlebot3_multi_robot)
[2.892s] DEBUG:colcon.colcon_core.event_handler.log_command:Invoked command in '/home/andrea/tesi/ros2_mapf_cbs/project_1/build/turtlebot3_multi_robot' returned '0': AMENT_PREFIX_PATH=/home/andrea/tesi/ros2_mapf_cbs/project_1/install/my_intermediate:/home/andrea/tesi/ros2_mapf_cbs/project_1/install/turtlebot3_multi_robot:/home/andrea/tesi/ros2_mapf_cbs/project_1/install/my_try_bringup:/home/andrea/tesi/ros2_mapf_cbs/project_1/install/my_package:/home/andrea/tesi/ros2_mapf_cbs/project_1/install/my_intermediate_interfaces:/home/andrea/tesi/ros2_mapf_cbs/simple_example/install/my_robot_bringup:/home/andrea/tesi/ros2_mapf_cbs/simple_example/install/my_py_pkg:/home/andrea/tesi/ros2_mapf_cbs/simple_example/install/my_robot_interfaces:/opt/ros/humble CMAKE_PREFIX_PATH=${CMAKE_PREFIX_PATH}:/home/andrea/tesi/ros2_mapf_cbs/project_1/install/my_package:/home/andrea/tesi/ros2_mapf_cbs/project_1/install/my_intermediate:/home/andrea/tesi/ros2_mapf_cbs/simple_example/install/my_py_pkg:/opt/ros/humble PYTHONPATH=/home/andrea/tesi/ros2_mapf_cbs/project_1/build/my_intermediate:/home/andrea/tesi/ros2_mapf_cbs/project_1/install/my_intermediate/lib/python3.10/site-packages:/home/andrea/tesi/ros2_mapf_cbs/project_1/install/my_package/lib/python3.10/site-packages:/home/andrea/tesi/ros2_mapf_cbs/project_1/install/my_intermediate_interfaces/local/lib/python3.10/dist-packages:/home/andrea/tesi/ros2_mapf_cbs/simple_example/build/my_py_pkg:/home/andrea/tesi/ros2_mapf_cbs/simple_example/install/my_py_pkg/lib/python3.10/site-packages:/home/andrea/tesi/ros2_mapf_cbs/simple_example/install/my_robot_interfaces/local/lib/python3.10/dist-packages:/opt/ros/humble/lib/python3.10/site-packages:/opt/ros/humble/local/lib/python3.10/dist-packages /usr/bin/cmake --install /home/andrea/tesi/ros2_mapf_cbs/project_1/build/turtlebot3_multi_robot
[2.910s] Level 1:colcon.colcon_core.environment:checking '/home/andrea/tesi/ros2_mapf_cbs/project_1/install/turtlebot3_multi_robot' for CMake module files
[2.911s] Level 1:colcon.colcon_core.environment:checking '/home/andrea/tesi/ros2_mapf_cbs/project_1/install/turtlebot3_multi_robot' for CMake config files
[2.912s] Level 1:colcon.colcon_core.shell:create_environment_hook('turtlebot3_multi_robot', 'cmake_prefix_path')
[2.932s] INFO:colcon.colcon_core.shell:Creating environment hook '/home/andrea/tesi/ros2_mapf_cbs/project_1/install/turtlebot3_multi_robot/share/turtlebot3_multi_robot/hook/cmake_prefix_path.ps1'
[2.933s] INFO:colcon.colcon_core.shell:Creating environment descriptor '/home/andrea/tesi/ros2_mapf_cbs/project_1/install/turtlebot3_multi_robot/share/turtlebot3_multi_robot/hook/cmake_prefix_path.dsv'
[2.934s] INFO:colcon.colcon_core.shell:Creating environment hook '/home/andrea/tesi/ros2_mapf_cbs/project_1/install/turtlebot3_multi_robot/share/turtlebot3_multi_robot/hook/cmake_prefix_path.sh'
[2.935s] Level 1:colcon.colcon_core.environment:checking '/home/andrea/tesi/ros2_mapf_cbs/project_1/install/turtlebot3_multi_robot/bin'
[2.936s] Level 1:colcon.colcon_core.environment:checking '/home/andrea/tesi/ros2_mapf_cbs/project_1/install/turtlebot3_multi_robot/lib/pkgconfig/turtlebot3_multi_robot.pc'
[2.936s] Level 1:colcon.colcon_core.environment:checking '/home/andrea/tesi/ros2_mapf_cbs/project_1/install/turtlebot3_multi_robot/lib/python3.10/site-packages'
[2.936s] Level 1:colcon.colcon_core.environment:checking '/home/andrea/tesi/ros2_mapf_cbs/project_1/install/turtlebot3_multi_robot/bin'
[2.958s] INFO:colcon.colcon_core.shell:Creating package script '/home/andrea/tesi/ros2_mapf_cbs/project_1/install/turtlebot3_multi_robot/share/turtlebot3_multi_robot/package.ps1'
[2.959s] INFO:colcon.colcon_core.shell:Creating package descriptor '/home/andrea/tesi/ros2_mapf_cbs/project_1/install/turtlebot3_multi_robot/share/turtlebot3_multi_robot/package.dsv'
[2.959s] INFO:colcon.colcon_core.shell:Creating package script '/home/andrea/tesi/ros2_mapf_cbs/project_1/install/turtlebot3_multi_robot/share/turtlebot3_multi_robot/package.sh'
[2.960s] INFO:colcon.colcon_core.shell:Creating package script '/home/andrea/tesi/ros2_mapf_cbs/project_1/install/turtlebot3_multi_robot/share/turtlebot3_multi_robot/package.bash'
[2.960s] INFO:colcon.colcon_core.shell:Creating package script '/home/andrea/tesi/ros2_mapf_cbs/project_1/install/turtlebot3_multi_robot/share/turtlebot3_multi_robot/package.zsh'
[2.960s] Level 1:colcon.colcon_core.environment:create_file_with_runtime_dependencies(/home/andrea/tesi/ros2_mapf_cbs/project_1/install/turtlebot3_multi_robot/share/colcon-core/packages/turtlebot3_multi_robot)
[2.998s] Level 1:colcon.colcon_core.environment:create_environment_scripts_only(turtlebot3_multi_robot)
[3.011s] Level 1:colcon.colcon_core.environment:checking '/home/andrea/tesi/ros2_mapf_cbs/project_1/install/turtlebot3_multi_robot' for CMake module files
[3.011s] Level 1:colcon.colcon_core.environment:checking '/home/andrea/tesi/ros2_mapf_cbs/project_1/install/turtlebot3_multi_robot' for CMake config files
[3.012s] Level 1:colcon.colcon_core.shell:create_environment_hook('turtlebot3_multi_robot', 'cmake_prefix_path')
[3.023s] INFO:colcon.colcon_core.shell:Creating environment hook '/home/andrea/tesi/ros2_mapf_cbs/project_1/install/turtlebot3_multi_robot/share/turtlebot3_multi_robot/hook/cmake_prefix_path.ps1'
[3.024s] INFO:colcon.colcon_core.shell:Creating environment descriptor '/home/andrea/tesi/ros2_mapf_cbs/project_1/install/turtlebot3_multi_robot/share/turtlebot3_multi_robot/hook/cmake_prefix_path.dsv'
[3.024s] INFO:colcon.colcon_core.shell:Creating environment hook '/home/andrea/tesi/ros2_mapf_cbs/project_1/install/turtlebot3_multi_robot/share/turtlebot3_multi_robot/hook/cmake_prefix_path.sh'
[3.024s] Level 1:colcon.colcon_core.environment:checking '/home/andrea/tesi/ros2_mapf_cbs/project_1/install/turtlebot3_multi_robot/bin'
[3.024s] Level 1:colcon.colcon_core.environment:checking '/home/andrea/tesi/ros2_mapf_cbs/project_1/install/turtlebot3_multi_robot/lib/pkgconfig/turtlebot3_multi_robot.pc'
[3.024s] Level 1:colcon.colcon_core.environment:checking '/home/andrea/tesi/ros2_mapf_cbs/project_1/install/turtlebot3_multi_robot/lib/python3.10/site-packages'
[3.025s] Level 1:colcon.colcon_core.environment:checking '/home/andrea/tesi/ros2_mapf_cbs/project_1/install/turtlebot3_multi_robot/bin'
[3.036s] INFO:colcon.colcon_core.shell:Creating package script '/home/andrea/tesi/ros2_mapf_cbs/project_1/install/turtlebot3_multi_robot/share/turtlebot3_multi_robot/package.ps1'
[3.036s] INFO:colcon.colcon_core.shell:Creating package descriptor '/home/andrea/tesi/ros2_mapf_cbs/project_1/install/turtlebot3_multi_robot/share/turtlebot3_multi_robot/package.dsv'
[3.037s] INFO:colcon.colcon_core.shell:Creating package script '/home/andrea/tesi/ros2_mapf_cbs/project_1/install/turtlebot3_multi_robot/share/turtlebot3_multi_robot/package.sh'
[3.037s] INFO:colcon.colcon_core.shell:Creating package script '/home/andrea/tesi/ros2_mapf_cbs/project_1/install/turtlebot3_multi_robot/share/turtlebot3_multi_robot/package.bash'
[3.037s] INFO:colcon.colcon_core.shell:Creating package script '/home/andrea/tesi/ros2_mapf_cbs/project_1/install/turtlebot3_multi_robot/share/turtlebot3_multi_robot/package.zsh'
[3.037s] Level 1:colcon.colcon_core.environment:create_file_with_runtime_dependencies(/home/andrea/tesi/ros2_mapf_cbs/project_1/install/turtlebot3_multi_robot/share/colcon-core/packages/turtlebot3_multi_robot)
[3.108s] DEBUG:colcon.colcon_core.event_handler.log_command:Invoked command in '/home/andrea/tesi/ros2_mapf_cbs/project_1/build/my_intermediate_interfaces' returned '0': CMAKE_PREFIX_PATH=${CMAKE_PREFIX_PATH}:/home/andrea/tesi/ros2_mapf_cbs/project_1/install/my_package:/home/andrea/tesi/ros2_mapf_cbs/project_1/install/my_intermediate:/home/andrea/tesi/ros2_mapf_cbs/simple_example/install/my_py_pkg:/opt/ros/humble /usr/bin/cmake --build /home/andrea/tesi/ros2_mapf_cbs/project_1/build/my_intermediate_interfaces -- -j8 -l8
[3.193s] DEBUG:colcon.colcon_core.event_handler.log_command:Invoking command in '/home/andrea/tesi/ros2_mapf_cbs/project_1/build/my_intermediate_interfaces': CMAKE_PREFIX_PATH=${CMAKE_PREFIX_PATH}:/home/andrea/tesi/ros2_mapf_cbs/project_1/install/my_package:/home/andrea/tesi/ros2_mapf_cbs/project_1/install/my_intermediate:/home/andrea/tesi/ros2_mapf_cbs/simple_example/install/my_py_pkg:/opt/ros/humble /usr/bin/cmake --install /home/andrea/tesi/ros2_mapf_cbs/project_1/build/my_intermediate_interfaces
[3.269s] Level 1:colcon.colcon_core.environment:create_environment_scripts_only(my_intermediate_interfaces)
[3.270s] DEBUG:colcon.colcon_core.event_handler.log_command:Invoked command in '/home/andrea/tesi/ros2_mapf_cbs/project_1/build/my_intermediate_interfaces' returned '0': CMAKE_PREFIX_PATH=${CMAKE_PREFIX_PATH}:/home/andrea/tesi/ros2_mapf_cbs/project_1/install/my_package:/home/andrea/tesi/ros2_mapf_cbs/project_1/install/my_intermediate:/home/andrea/tesi/ros2_mapf_cbs/simple_example/install/my_py_pkg:/opt/ros/humble /usr/bin/cmake --install /home/andrea/tesi/ros2_mapf_cbs/project_1/build/my_intermediate_interfaces
[3.281s] Level 1:colcon.colcon_core.environment:checking '/home/andrea/tesi/ros2_mapf_cbs/project_1/install/my_intermediate_interfaces' for CMake module files
[3.282s] Level 1:colcon.colcon_core.environment:checking '/home/andrea/tesi/ros2_mapf_cbs/project_1/install/my_intermediate_interfaces' for CMake config files
[3.282s] Level 1:colcon.colcon_core.shell:create_environment_hook('my_intermediate_interfaces', 'cmake_prefix_path')
[3.296s] INFO:colcon.colcon_core.shell:Creating environment hook '/home/andrea/tesi/ros2_mapf_cbs/project_1/install/my_intermediate_interfaces/share/my_intermediate_interfaces/hook/cmake_prefix_path.ps1'
[3.297s] INFO:colcon.colcon_core.shell:Creating environment descriptor '/home/andrea/tesi/ros2_mapf_cbs/project_1/install/my_intermediate_interfaces/share/my_intermediate_interfaces/hook/cmake_prefix_path.dsv'
[3.297s] INFO:colcon.colcon_core.shell:Creating environment hook '/home/andrea/tesi/ros2_mapf_cbs/project_1/install/my_intermediate_interfaces/share/my_intermediate_interfaces/hook/cmake_prefix_path.sh'
[3.298s] Level 1:colcon.colcon_core.environment:checking '/home/andrea/tesi/ros2_mapf_cbs/project_1/install/my_intermediate_interfaces/lib'
[3.298s] Level 1:colcon.colcon_core.shell:create_environment_hook('my_intermediate_interfaces', 'ld_library_path_lib')
[3.308s] INFO:colcon.colcon_core.shell:Creating environment hook '/home/andrea/tesi/ros2_mapf_cbs/project_1/install/my_intermediate_interfaces/share/my_intermediate_interfaces/hook/ld_library_path_lib.ps1'
[3.309s] INFO:colcon.colcon_core.shell:Creating environment descriptor '/home/andrea/tesi/ros2_mapf_cbs/project_1/install/my_intermediate_interfaces/share/my_intermediate_interfaces/hook/ld_library_path_lib.dsv'
[3.309s] INFO:colcon.colcon_core.shell:Creating environment hook '/home/andrea/tesi/ros2_mapf_cbs/project_1/install/my_intermediate_interfaces/share/my_intermediate_interfaces/hook/ld_library_path_lib.sh'
[3.309s] Level 1:colcon.colcon_core.environment:checking '/home/andrea/tesi/ros2_mapf_cbs/project_1/install/my_intermediate_interfaces/bin'
[3.309s] Level 1:colcon.colcon_core.environment:checking '/home/andrea/tesi/ros2_mapf_cbs/project_1/install/my_intermediate_interfaces/lib/pkgconfig/my_intermediate_interfaces.pc'
[3.309s] Level 1:colcon.colcon_core.environment:checking '/home/andrea/tesi/ros2_mapf_cbs/project_1/install/my_intermediate_interfaces/lib/python3.10/site-packages'
[3.309s] Level 1:colcon.colcon_core.environment:checking '/home/andrea/tesi/ros2_mapf_cbs/project_1/install/my_intermediate_interfaces/bin'
[3.320s] INFO:colcon.colcon_core.shell:Creating package script '/home/andrea/tesi/ros2_mapf_cbs/project_1/install/my_intermediate_interfaces/share/my_intermediate_interfaces/package.ps1'
[3.321s] INFO:colcon.colcon_core.shell:Creating package descriptor '/home/andrea/tesi/ros2_mapf_cbs/project_1/install/my_intermediate_interfaces/share/my_intermediate_interfaces/package.dsv'
[3.321s] INFO:colcon.colcon_core.shell:Creating package script '/home/andrea/tesi/ros2_mapf_cbs/project_1/install/my_intermediate_interfaces/share/my_intermediate_interfaces/package.sh'
[3.322s] INFO:colcon.colcon_core.shell:Creating package script '/home/andrea/tesi/ros2_mapf_cbs/project_1/install/my_intermediate_interfaces/share/my_intermediate_interfaces/package.bash'
[3.322s] INFO:colcon.colcon_core.shell:Creating package script '/home/andrea/tesi/ros2_mapf_cbs/project_1/install/my_intermediate_interfaces/share/my_intermediate_interfaces/package.zsh'
[3.322s] Level 1:colcon.colcon_core.environment:create_file_with_runtime_dependencies(/home/andrea/tesi/ros2_mapf_cbs/project_1/install/my_intermediate_interfaces/share/colcon-core/packages/my_intermediate_interfaces)
[3.424s] Level 1:colcon.colcon_core.environment:create_environment_scripts_only(my_intermediate_interfaces)
[3.440s] Level 1:colcon.colcon_core.environment:checking '/home/andrea/tesi/ros2_mapf_cbs/project_1/install/my_intermediate_interfaces' for CMake module files
[3.441s] Level 1:colcon.colcon_core.environment:checking '/home/andrea/tesi/ros2_mapf_cbs/project_1/install/my_intermediate_interfaces' for CMake config files
[3.442s] Level 1:colcon.colcon_core.shell:create_environment_hook('my_intermediate_interfaces', 'cmake_prefix_path')
[3.459s] INFO:colcon.colcon_core.shell:Creating environment hook '/home/andrea/tesi/ros2_mapf_cbs/project_1/install/my_intermediate_interfaces/share/my_intermediate_interfaces/hook/cmake_prefix_path.ps1'
[3.460s] INFO:colcon.colcon_core.shell:Creating environment descriptor '/home/andrea/tesi/ros2_mapf_cbs/project_1/install/my_intermediate_interfaces/share/my_intermediate_interfaces/hook/cmake_prefix_path.dsv'
[3.460s] INFO:colcon.colcon_core.shell:Creating environment hook '/home/andrea/tesi/ros2_mapf_cbs/project_1/install/my_intermediate_interfaces/share/my_intermediate_interfaces/hook/cmake_prefix_path.sh'
[3.461s] Level 1:colcon.colcon_core.environment:checking '/home/andrea/tesi/ros2_mapf_cbs/project_1/install/my_intermediate_interfaces/lib'
[3.461s] Level 1:colcon.colcon_core.shell:create_environment_hook('my_intermediate_interfaces', 'ld_library_path_lib')
[3.479s] INFO:colcon.colcon_core.shell:Creating environment hook '/home/andrea/tesi/ros2_mapf_cbs/project_1/install/my_intermediate_interfaces/share/my_intermediate_interfaces/hook/ld_library_path_lib.ps1'
[3.479s] INFO:colcon.colcon_core.shell:Creating environment descriptor '/home/andrea/tesi/ros2_mapf_cbs/project_1/install/my_intermediate_interfaces/share/my_intermediate_interfaces/hook/ld_library_path_lib.dsv'
[3.480s] INFO:colcon.colcon_core.shell:Creating environment hook '/home/andrea/tesi/ros2_mapf_cbs/project_1/install/my_intermediate_interfaces/share/my_intermediate_interfaces/hook/ld_library_path_lib.sh'
[3.480s] Level 1:colcon.colcon_core.environment:checking '/home/andrea/tesi/ros2_mapf_cbs/project_1/install/my_intermediate_interfaces/bin'
[3.480s] Level 1:colcon.colcon_core.environment:checking '/home/andrea/tesi/ros2_mapf_cbs/project_1/install/my_intermediate_interfaces/lib/pkgconfig/my_intermediate_interfaces.pc'
[3.481s] Level 1:colcon.colcon_core.environment:checking '/home/andrea/tesi/ros2_mapf_cbs/project_1/install/my_intermediate_interfaces/lib/python3.10/site-packages'
[3.481s] Level 1:colcon.colcon_core.environment:checking '/home/andrea/tesi/ros2_mapf_cbs/project_1/install/my_intermediate_interfaces/bin'
[3.498s] INFO:colcon.colcon_core.shell:Creating package script '/home/andrea/tesi/ros2_mapf_cbs/project_1/install/my_intermediate_interfaces/share/my_intermediate_interfaces/package.ps1'
[3.499s] INFO:colcon.colcon_core.shell:Creating package descriptor '/home/andrea/tesi/ros2_mapf_cbs/project_1/install/my_intermediate_interfaces/share/my_intermediate_interfaces/package.dsv'
[3.500s] INFO:colcon.colcon_core.shell:Creating package script '/home/andrea/tesi/ros2_mapf_cbs/project_1/install/my_intermediate_interfaces/share/my_intermediate_interfaces/package.sh'
[3.500s] INFO:colcon.colcon_core.shell:Creating package script '/home/andrea/tesi/ros2_mapf_cbs/project_1/install/my_intermediate_interfaces/share/my_intermediate_interfaces/package.bash'
[3.500s] INFO:colcon.colcon_core.shell:Creating package script '/home/andrea/tesi/ros2_mapf_cbs/project_1/install/my_intermediate_interfaces/share/my_intermediate_interfaces/package.zsh'
[3.501s] Level 1:colcon.colcon_core.environment:create_file_with_runtime_dependencies(/home/andrea/tesi/ros2_mapf_cbs/project_1/install/my_intermediate_interfaces/share/colcon-core/packages/my_intermediate_interfaces)
[3.501s] DEBUG:colcon.colcon_parallel_executor.executor.parallel:closing loop
[3.501s] DEBUG:colcon.colcon_parallel_executor.executor.parallel:loop closed
[3.501s] DEBUG:colcon.colcon_parallel_executor.executor.parallel:run_until_complete finished with '0'
[3.502s] DEBUG:colcon.colcon_core.event_reactor:joining thread
[3.523s] INFO:colcon.colcon_core.plugin_system:Skipping extension 'colcon_notification.desktop_notification.terminal_notifier': Not used on non-Darwin systems
[3.523s] INFO:colcon.colcon_core.plugin_system:Skipping extension 'colcon_notification.desktop_notification.win32': Not used on non-Windows systems
[3.523s] INFO:colcon.colcon_notification.desktop_notification:Sending desktop notification using 'notify2'
[3.534s] DEBUG:colcon.colcon_core.event_reactor:joined thread
[3.551s] INFO:colcon.colcon_core.shell:Creating prefix script '/home/andrea/tesi/ros2_mapf_cbs/project_1/install/local_setup.ps1'
[3.552s] INFO:colcon.colcon_core.shell:Creating prefix util module '/home/andrea/tesi/ros2_mapf_cbs/project_1/install/_local_setup_util_ps1.py'
[3.554s] INFO:colcon.colcon_core.shell:Creating prefix chain script '/home/andrea/tesi/ros2_mapf_cbs/project_1/install/setup.ps1'
[3.571s] INFO:colcon.colcon_core.shell:Creating prefix script '/home/andrea/tesi/ros2_mapf_cbs/project_1/install/local_setup.sh'
[3.572s] INFO:colcon.colcon_core.shell:Creating prefix util module '/home/andrea/tesi/ros2_mapf_cbs/project_1/install/_local_setup_util_sh.py'
[3.572s] INFO:colcon.colcon_core.shell:Creating prefix chain script '/home/andrea/tesi/ros2_mapf_cbs/project_1/install/setup.sh'
[3.584s] INFO:colcon.colcon_core.shell:Creating prefix script '/home/andrea/tesi/ros2_mapf_cbs/project_1/install/local_setup.bash'
[3.584s] INFO:colcon.colcon_core.shell:Creating prefix chain script '/home/andrea/tesi/ros2_mapf_cbs/project_1/install/setup.bash'
[3.596s] INFO:colcon.colcon_core.shell:Creating prefix script '/home/andrea/tesi/ros2_mapf_cbs/project_1/install/local_setup.zsh'
[3.596s] INFO:colcon.colcon_core.shell:Creating prefix chain script '/home/andrea/tesi/ros2_mapf_cbs/project_1/install/setup.zsh'
