[31mCMake Error at CMakeLists.txt:75 (add_library):
  Cannot find source file:

    src/smac_planner_hybrid.cpp

  Tried extensions .c .C .c++ .cc .cpp .cxx .cu .mpp .m .M .mm .ixx .cppm .h
  .hh .h++ .hm .hpp .hxx .in .txx .f .F .for .f77 .f90 .f95 .f03 .hip .ispc

[0m
[31mCMake Error at CMakeLists.txt:96 (add_library):
  Cannot find source file:

    src/node_hybrid.cpp

  Tried extensions .c .C .c++ .cc .cpp .cxx .cu .mpp .m .M .mm .ixx .cppm .h
  .hh .h++ .hm .hpp .hxx .in .txx .f .F .for .f77 .f90 .f95 .f03 .hip .ispc

[0m
[31mCMake Error at CMakeLists.txt:117 (add_library):
  Cannot find source file:

    src/smac_planner_lattice.cpp

  Tried extensions .c .C .c++ .cc .cpp .cxx .cu .mpp .m .M .mm .ixx .cppm .h
  .hh .h++ .hm .hpp .hxx .in .txx .f .F .for .f77 .f90 .f95 .f03 .hip .ispc

[0m
[31mCMake Error at CMakeLists.txt:75 (add_library):
  No SOURCES given to target: nav2_smac_planner

[0m
[31mCMake Error at CMakeLists.txt:96 (add_library):
  No SOURCES given to target: nav2_smac_planner_2d

[0m
[31mCMake Error at CMakeLists.txt:117 (add_library):
  No SOURCES given to target: nav2_smac_planner_lattice

[0m
[0mCMake Generate step failed.  Build files cannot be regenerated correctly.[0m
