[0.061s] Invoking command in '/home/andrea/tesi/ros2_mapf_cbs/project_1/build/my_nav2_smac_planner': CMAKE_PREFIX_PATH=/home/andrea/tesi/ros2_mapf_cbs/project_1/install/my_nav2_core:/home/andrea/tesi/ros2_mapf_cbs/project_1/install/my_intermediate_interfaces:/home/andrea/tesi/ros2_mapf_cbs/project_1/install/turtlebot3_multi_robot:/home/andrea/tesi/ros2_mapf_cbs/project_1/install/my_try_bringup:/home/andrea/tesi/ros2_mapf_cbs/project_1/install/my_nav2_planner:/home/andrea/tesi/ros2_mapf_cbs/project_1/install/my_nav2_smac_planner:/home/andrea/tesi/ros2_mapf_cbs/project_1/install/my_nav2_navfn_planner:/home/andrea/tesi/ros2_mapf_cbs/simple_example/install/my_robot_bringup:/home/andrea/tesi/ros2_mapf_cbs/simple_example/install/my_robot_interfaces:/home/andrea/tesi/ros2_mapf_cbs/project_1/install/my_package:/home/andrea/tesi/ros2_mapf_cbs/project_1/install/my_intermediate:/home/andrea/tesi/ros2_mapf_cbs/simple_example/install/my_py_pkg:/opt/ros/humble LD_LIBRARY_PATH=/home/andrea/tesi/ros2_mapf_cbs/project_1/install/my_intermediate_interfaces/lib:/home/andrea/tesi/ros2_mapf_cbs/project_1/install/my_nav2_planner/lib:/home/andrea/tesi/ros2_mapf_cbs/project_1/install/my_nav2_smac_planner/lib:/home/andrea/tesi/ros2_mapf_cbs/project_1/install/my_nav2_navfn_planner/lib:/home/andrea/tesi/ros2_mapf_cbs/simple_example/install/my_robot_interfaces/lib:/usr/lib/x86_64-linux-gnu/gazebo-11/plugins:/opt/ros/humble/opt/rviz_ogre_vendor/lib:/opt/ros/humble/lib/x86_64-linux-gnu:/opt/ros/humble/lib:/home/andrea/ws_online/build/ros2_bdi_on_litter_world /usr/bin/cmake --build /home/andrea/tesi/ros2_mapf_cbs/project_1/build/my_nav2_smac_planner -- -j8 -l8
[0.112s] [35m[1mConsolidate compiler generated dependencies of target my_nav2_smac_planner[0m
[0.180s] [100%] Built target my_nav2_smac_planner
[0.229s] Invoked command in '/home/andrea/tesi/ros2_mapf_cbs/project_1/build/my_nav2_smac_planner' returned '0': CMAKE_PREFIX_PATH=/home/andrea/tesi/ros2_mapf_cbs/project_1/install/my_nav2_core:/home/andrea/tesi/ros2_mapf_cbs/project_1/install/my_intermediate_interfaces:/home/andrea/tesi/ros2_mapf_cbs/project_1/install/turtlebot3_multi_robot:/home/andrea/tesi/ros2_mapf_cbs/project_1/install/my_try_bringup:/home/andrea/tesi/ros2_mapf_cbs/project_1/install/my_nav2_planner:/home/andrea/tesi/ros2_mapf_cbs/project_1/install/my_nav2_smac_planner:/home/andrea/tesi/ros2_mapf_cbs/project_1/install/my_nav2_navfn_planner:/home/andrea/tesi/ros2_mapf_cbs/simple_example/install/my_robot_bringup:/home/andrea/tesi/ros2_mapf_cbs/simple_example/install/my_robot_interfaces:/home/andrea/tesi/ros2_mapf_cbs/project_1/install/my_package:/home/andrea/tesi/ros2_mapf_cbs/project_1/install/my_intermediate:/home/andrea/tesi/ros2_mapf_cbs/simple_example/install/my_py_pkg:/opt/ros/humble LD_LIBRARY_PATH=/home/andrea/tesi/ros2_mapf_cbs/project_1/install/my_intermediate_interfaces/lib:/home/andrea/tesi/ros2_mapf_cbs/project_1/install/my_nav2_planner/lib:/home/andrea/tesi/ros2_mapf_cbs/project_1/install/my_nav2_smac_planner/lib:/home/andrea/tesi/ros2_mapf_cbs/project_1/install/my_nav2_navfn_planner/lib:/home/andrea/tesi/ros2_mapf_cbs/simple_example/install/my_robot_interfaces/lib:/usr/lib/x86_64-linux-gnu/gazebo-11/plugins:/opt/ros/humble/opt/rviz_ogre_vendor/lib:/opt/ros/humble/lib/x86_64-linux-gnu:/opt/ros/humble/lib:/home/andrea/ws_online/build/ros2_bdi_on_litter_world /usr/bin/cmake --build /home/andrea/tesi/ros2_mapf_cbs/project_1/build/my_nav2_smac_planner -- -j8 -l8
[0.319s] Invoking command in '/home/andrea/tesi/ros2_mapf_cbs/project_1/build/my_nav2_smac_planner': CMAKE_PREFIX_PATH=/home/andrea/tesi/ros2_mapf_cbs/project_1/install/my_nav2_core:/home/andrea/tesi/ros2_mapf_cbs/project_1/install/my_intermediate_interfaces:/home/andrea/tesi/ros2_mapf_cbs/project_1/install/turtlebot3_multi_robot:/home/andrea/tesi/ros2_mapf_cbs/project_1/install/my_try_bringup:/home/andrea/tesi/ros2_mapf_cbs/project_1/install/my_nav2_planner:/home/andrea/tesi/ros2_mapf_cbs/project_1/install/my_nav2_smac_planner:/home/andrea/tesi/ros2_mapf_cbs/project_1/install/my_nav2_navfn_planner:/home/andrea/tesi/ros2_mapf_cbs/simple_example/install/my_robot_bringup:/home/andrea/tesi/ros2_mapf_cbs/simple_example/install/my_robot_interfaces:/home/andrea/tesi/ros2_mapf_cbs/project_1/install/my_package:/home/andrea/tesi/ros2_mapf_cbs/project_1/install/my_intermediate:/home/andrea/tesi/ros2_mapf_cbs/simple_example/install/my_py_pkg:/opt/ros/humble LD_LIBRARY_PATH=/home/andrea/tesi/ros2_mapf_cbs/project_1/install/my_intermediate_interfaces/lib:/home/andrea/tesi/ros2_mapf_cbs/project_1/install/my_nav2_planner/lib:/home/andrea/tesi/ros2_mapf_cbs/project_1/install/my_nav2_smac_planner/lib:/home/andrea/tesi/ros2_mapf_cbs/project_1/install/my_nav2_navfn_planner/lib:/home/andrea/tesi/ros2_mapf_cbs/simple_example/install/my_robot_interfaces/lib:/usr/lib/x86_64-linux-gnu/gazebo-11/plugins:/opt/ros/humble/opt/rviz_ogre_vendor/lib:/opt/ros/humble/lib/x86_64-linux-gnu:/opt/ros/humble/lib:/home/andrea/ws_online/build/ros2_bdi_on_litter_world /usr/bin/cmake --install /home/andrea/tesi/ros2_mapf_cbs/project_1/build/my_nav2_smac_planner
[0.325s] -- Install configuration: "Release"
[0.325s] -- Execute custom install script
[0.326s] -- Up-to-date symlink: /home/andrea/tesi/ros2_mapf_cbs/project_1/install/my_nav2_smac_planner/share/my_nav2_smac_planner//smac_plugin_2d.xml
[0.326s] -- Up-to-date symlink: /home/andrea/tesi/ros2_mapf_cbs/project_1/install/my_nav2_smac_planner/lib/libmy_nav2_smac_planner.so
[0.327s] -- Up-to-date symlink: /home/andrea/tesi/ros2_mapf_cbs/project_1/install/my_nav2_smac_planner/include//my_nav2_smac_planner/a_star.hpp
[0.327s] -- Up-to-date symlink: /home/andrea/tesi/ros2_mapf_cbs/project_1/install/my_nav2_smac_planner/include//my_nav2_smac_planner/analytic_expansion.hpp
[0.327s] -- Up-to-date symlink: /home/andrea/tesi/ros2_mapf_cbs/project_1/install/my_nav2_smac_planner/include//my_nav2_smac_planner/collision_checker.hpp
[0.327s] -- Up-to-date symlink: /home/andrea/tesi/ros2_mapf_cbs/project_1/install/my_nav2_smac_planner/include//my_nav2_smac_planner/constants.hpp
[0.328s] -- Up-to-date symlink: /home/andrea/tesi/ros2_mapf_cbs/project_1/install/my_nav2_smac_planner/include//my_nav2_smac_planner/costmap_downsampler.hpp
[0.328s] -- Up-to-date symlink: /home/andrea/tesi/ros2_mapf_cbs/project_1/install/my_nav2_smac_planner/include//my_nav2_smac_planner/my_smac_planner_2d.hpp
[0.328s] -- Up-to-date symlink: /home/andrea/tesi/ros2_mapf_cbs/project_1/install/my_nav2_smac_planner/include//my_nav2_smac_planner/node_2d.hpp
[0.328s] -- Up-to-date symlink: /home/andrea/tesi/ros2_mapf_cbs/project_1/install/my_nav2_smac_planner/include//my_nav2_smac_planner/node_basic.hpp
[0.328s] -- Up-to-date symlink: /home/andrea/tesi/ros2_mapf_cbs/project_1/install/my_nav2_smac_planner/include//my_nav2_smac_planner/node_hybrid.hpp
[0.328s] -- Up-to-date symlink: /home/andrea/tesi/ros2_mapf_cbs/project_1/install/my_nav2_smac_planner/include//my_nav2_smac_planner/node_lattice.hpp
[0.328s] -- Up-to-date symlink: /home/andrea/tesi/ros2_mapf_cbs/project_1/install/my_nav2_smac_planner/include//my_nav2_smac_planner/smac_planner_hybrid.hpp
[0.328s] -- Up-to-date symlink: /home/andrea/tesi/ros2_mapf_cbs/project_1/install/my_nav2_smac_planner/include//my_nav2_smac_planner/smac_planner_lattice.hpp
[0.328s] -- Up-to-date symlink: /home/andrea/tesi/ros2_mapf_cbs/project_1/install/my_nav2_smac_planner/include//my_nav2_smac_planner/smoother.hpp
[0.329s] -- Up-to-date symlink: /home/andrea/tesi/ros2_mapf_cbs/project_1/install/my_nav2_smac_planner/include//my_nav2_smac_planner/thirdparty/robin_hood.h
[0.329s] -- Up-to-date symlink: /home/andrea/tesi/ros2_mapf_cbs/project_1/install/my_nav2_smac_planner/include//my_nav2_smac_planner/types.hpp
[0.329s] -- Up-to-date symlink: /home/andrea/tesi/ros2_mapf_cbs/project_1/install/my_nav2_smac_planner/include//my_nav2_smac_planner/utils.hpp
[0.329s] -- Up-to-date symlink: /home/andrea/tesi/ros2_mapf_cbs/project_1/install/my_nav2_smac_planner/share/my_nav2_smac_planner/environment/library_path.sh
[0.329s] -- Up-to-date symlink: /home/andrea/tesi/ros2_mapf_cbs/project_1/install/my_nav2_smac_planner/share/my_nav2_smac_planner/environment/library_path.dsv
[0.330s] -- Up-to-date symlink: /home/andrea/tesi/ros2_mapf_cbs/project_1/install/my_nav2_smac_planner/share/ament_index/resource_index/package_run_dependencies/my_nav2_smac_planner
[0.330s] -- Up-to-date symlink: /home/andrea/tesi/ros2_mapf_cbs/project_1/install/my_nav2_smac_planner/share/ament_index/resource_index/parent_prefix_path/my_nav2_smac_planner
[0.330s] -- Up-to-date symlink: /home/andrea/tesi/ros2_mapf_cbs/project_1/install/my_nav2_smac_planner/share/my_nav2_smac_planner/environment/ament_prefix_path.sh
[0.330s] -- Up-to-date symlink: /home/andrea/tesi/ros2_mapf_cbs/project_1/install/my_nav2_smac_planner/share/my_nav2_smac_planner/environment/ament_prefix_path.dsv
[0.330s] -- Up-to-date symlink: /home/andrea/tesi/ros2_mapf_cbs/project_1/install/my_nav2_smac_planner/share/my_nav2_smac_planner/environment/path.sh
[0.330s] -- Up-to-date symlink: /home/andrea/tesi/ros2_mapf_cbs/project_1/install/my_nav2_smac_planner/share/my_nav2_smac_planner/environment/path.dsv
[0.331s] -- Up-to-date symlink: /home/andrea/tesi/ros2_mapf_cbs/project_1/install/my_nav2_smac_planner/share/my_nav2_smac_planner/local_setup.bash
[0.331s] -- Up-to-date symlink: /home/andrea/tesi/ros2_mapf_cbs/project_1/install/my_nav2_smac_planner/share/my_nav2_smac_planner/local_setup.sh
[0.331s] -- Up-to-date symlink: /home/andrea/tesi/ros2_mapf_cbs/project_1/install/my_nav2_smac_planner/share/my_nav2_smac_planner/local_setup.zsh
[0.331s] -- Up-to-date symlink: /home/andrea/tesi/ros2_mapf_cbs/project_1/install/my_nav2_smac_planner/share/my_nav2_smac_planner/local_setup.dsv
[0.331s] -- Symlinking: /home/andrea/tesi/ros2_mapf_cbs/project_1/install/my_nav2_smac_planner/share/my_nav2_smac_planner/package.dsv
[0.339s] -- Up-to-date symlink: /home/andrea/tesi/ros2_mapf_cbs/project_1/install/my_nav2_smac_planner/share/ament_index/resource_index/packages/my_nav2_smac_planner
[0.339s] -- Up-to-date symlink: /home/andrea/tesi/ros2_mapf_cbs/project_1/install/my_nav2_smac_planner/share/ament_index/resource_index/my_nav2_core__pluginlib__plugin/my_nav2_smac_planner
[0.339s] -- Up-to-date symlink: /home/andrea/tesi/ros2_mapf_cbs/project_1/install/my_nav2_smac_planner/share/my_nav2_smac_planner/cmake/ament_cmake_export_include_directories-extras.cmake
[0.339s] -- Up-to-date symlink: /home/andrea/tesi/ros2_mapf_cbs/project_1/install/my_nav2_smac_planner/share/my_nav2_smac_planner/cmake/ament_cmake_export_libraries-extras.cmake
[0.339s] -- Up-to-date symlink: /home/andrea/tesi/ros2_mapf_cbs/project_1/install/my_nav2_smac_planner/share/my_nav2_smac_planner/cmake/ament_cmake_export_dependencies-extras.cmake
[0.339s] -- Up-to-date symlink: /home/andrea/tesi/ros2_mapf_cbs/project_1/install/my_nav2_smac_planner/share/my_nav2_smac_planner/cmake/my_nav2_smac_plannerConfig.cmake
[0.340s] -- Up-to-date symlink: /home/andrea/tesi/ros2_mapf_cbs/project_1/install/my_nav2_smac_planner/share/my_nav2_smac_planner/cmake/my_nav2_smac_plannerConfig-version.cmake
[0.340s] -- Up-to-date symlink: /home/andrea/tesi/ros2_mapf_cbs/project_1/install/my_nav2_smac_planner/share/my_nav2_smac_planner/package.xml
[0.341s] Invoked command in '/home/andrea/tesi/ros2_mapf_cbs/project_1/build/my_nav2_smac_planner' returned '0': CMAKE_PREFIX_PATH=/home/andrea/tesi/ros2_mapf_cbs/project_1/install/my_nav2_core:/home/andrea/tesi/ros2_mapf_cbs/project_1/install/my_intermediate_interfaces:/home/andrea/tesi/ros2_mapf_cbs/project_1/install/turtlebot3_multi_robot:/home/andrea/tesi/ros2_mapf_cbs/project_1/install/my_try_bringup:/home/andrea/tesi/ros2_mapf_cbs/project_1/install/my_nav2_planner:/home/andrea/tesi/ros2_mapf_cbs/project_1/install/my_nav2_smac_planner:/home/andrea/tesi/ros2_mapf_cbs/project_1/install/my_nav2_navfn_planner:/home/andrea/tesi/ros2_mapf_cbs/simple_example/install/my_robot_bringup:/home/andrea/tesi/ros2_mapf_cbs/simple_example/install/my_robot_interfaces:/home/andrea/tesi/ros2_mapf_cbs/project_1/install/my_package:/home/andrea/tesi/ros2_mapf_cbs/project_1/install/my_intermediate:/home/andrea/tesi/ros2_mapf_cbs/simple_example/install/my_py_pkg:/opt/ros/humble LD_LIBRARY_PATH=/home/andrea/tesi/ros2_mapf_cbs/project_1/install/my_intermediate_interfaces/lib:/home/andrea/tesi/ros2_mapf_cbs/project_1/install/my_nav2_planner/lib:/home/andrea/tesi/ros2_mapf_cbs/project_1/install/my_nav2_smac_planner/lib:/home/andrea/tesi/ros2_mapf_cbs/project_1/install/my_nav2_navfn_planner/lib:/home/andrea/tesi/ros2_mapf_cbs/simple_example/install/my_robot_interfaces/lib:/usr/lib/x86_64-linux-gnu/gazebo-11/plugins:/opt/ros/humble/opt/rviz_ogre_vendor/lib:/opt/ros/humble/lib/x86_64-linux-gnu:/opt/ros/humble/lib:/home/andrea/ws_online/build/ros2_bdi_on_litter_world /usr/bin/cmake --install /home/andrea/tesi/ros2_mapf_cbs/project_1/build/my_nav2_smac_planner
