[0.360s] Invoking command in '/home/andrea/tesi/ros2_mapf_cbs/project_1/build/nav2_straightline_planner': CMAKE_PREFIX_PATH=${CMAKE_PREFIX_PATH}:/home/andrea/tesi/ros2_mapf_cbs/project_1/install/my_package:/home/andrea/tesi/ros2_mapf_cbs/project_1/install/my_intermediate:/home/andrea/tesi/ros2_mapf_cbs/simple_example/install/my_py_pkg:/opt/ros/humble /usr/bin/cmake /home/andrea/tesi/ros2_mapf_cbs/project_1/src/nav2_straightline_planner -DCMAKE_INSTALL_PREFIX=/home/andrea/tesi/ros2_mapf_cbs/project_1/install/nav2_straightline_planner
[0.381s] -- Found ament_cmake: 1.3.5 (/opt/ros/humble/share/ament_cmake/cmake)
[0.535s] -- Override CMake install command with custom implementation using symlinks instead of copying resources
[0.543s] -- Found rclcpp: 16.0.6 (/opt/ros/humble/share/rclcpp/cmake)
[0.579s] -- Found rosidl_generator_c: 3.1.5 (/opt/ros/humble/share/rosidl_generator_c/cmake)
[0.582s] -- Found rosidl_adapter: 3.1.5 (/opt/ros/humble/share/rosidl_adapter/cmake)
[0.590s] -- Found rosidl_generator_cpp: 3.1.5 (/opt/ros/humble/share/rosidl_generator_cpp/cmake)
[0.606s] -- Using all available rosidl_typesupport_c: rosidl_typesupport_fastrtps_c;rosidl_typesupport_introspection_c
[0.626s] -- Using all available rosidl_typesupport_cpp: rosidl_typesupport_fastrtps_cpp;rosidl_typesupport_introspection_cpp
[0.705s] -- Found rmw_implementation_cmake: 6.1.1 (/opt/ros/humble/share/rmw_implementation_cmake/cmake)
[0.707s] -- Found rmw_cyclonedds_cpp: 1.3.4 (/opt/ros/humble/share/rmw_cyclonedds_cpp/cmake)
[0.748s] -- Using RMW implementation 'rmw_cyclonedds_cpp' as default
[0.876s] -- Found rclcpp_action: 16.0.6 (/opt/ros/humble/share/rclcpp_action/cmake)
[0.939s] -- Found rclcpp_lifecycle: 16.0.6 (/opt/ros/humble/share/rclcpp_lifecycle/cmake)
[0.966s] -- Found visualization_msgs: 4.2.3 (/opt/ros/humble/share/visualization_msgs/cmake)
[1.160s] -- Found nav2_util: 1.1.12 (/opt/ros/humble/share/nav2_util/cmake)
[1.627s] -- Found eigen3_cmake_module: 0.1.1 (/opt/ros/humble/share/eigen3_cmake_module/cmake)
[1.628s] -- Ensuring Eigen3 include directory is part of orocos-kdl CMake target
[1.799s] -- Found nav2_costmap_2d: 1.1.12 (/opt/ros/humble/share/nav2_costmap_2d/cmake)
[2.583s] -- Found nav2_core: 1.1.12 (/opt/ros/humble/share/nav2_core/cmake)
[7.328s] -- Found ament_lint_auto: 0.12.8 (/opt/ros/humble/share/ament_lint_auto/cmake)
[7.381s] -- Added test 'copyright' to check source files copyright and LICENSE
[7.381s] -- Added test 'cppcheck' to perform static code analysis on C / C++ code
[7.382s] -- Configured cppcheck include dirs: /home/andrea/tesi/ros2_mapf_cbs/project_1/src/nav2_straightline_planner/include
[7.382s] -- Configured cppcheck exclude dirs and/or files: 
[7.382s] -- Added test 'cpplint' to check C / C++ code against the Google style
[7.382s] -- Configured cpplint exclude dirs and/or files: 
[7.382s] -- Added test 'lint_cmake' to check CMake code style
[7.383s] -- Added test 'uncrustify' to check C / C++ code style
[7.383s] -- Configured uncrustify additional arguments: 
[7.383s] -- Added test 'xmllint' to check XML markup files
[7.384s] -- Configuring done
[7.409s] -- Generating done
[7.410s] -- Build files have been written to: /home/andrea/tesi/ros2_mapf_cbs/project_1/build/nav2_straightline_planner
[7.417s] Invoked command in '/home/andrea/tesi/ros2_mapf_cbs/project_1/build/nav2_straightline_planner' returned '0': CMAKE_PREFIX_PATH=${CMAKE_PREFIX_PATH}:/home/andrea/tesi/ros2_mapf_cbs/project_1/install/my_package:/home/andrea/tesi/ros2_mapf_cbs/project_1/install/my_intermediate:/home/andrea/tesi/ros2_mapf_cbs/simple_example/install/my_py_pkg:/opt/ros/humble /usr/bin/cmake /home/andrea/tesi/ros2_mapf_cbs/project_1/src/nav2_straightline_planner -DCMAKE_INSTALL_PREFIX=/home/andrea/tesi/ros2_mapf_cbs/project_1/install/nav2_straightline_planner
[7.419s] Invoking command in '/home/andrea/tesi/ros2_mapf_cbs/project_1/build/nav2_straightline_planner': CMAKE_PREFIX_PATH=${CMAKE_PREFIX_PATH}:/home/andrea/tesi/ros2_mapf_cbs/project_1/install/my_package:/home/andrea/tesi/ros2_mapf_cbs/project_1/install/my_intermediate:/home/andrea/tesi/ros2_mapf_cbs/simple_example/install/my_py_pkg:/opt/ros/humble /usr/bin/cmake --build /home/andrea/tesi/ros2_mapf_cbs/project_1/build/nav2_straightline_planner -- -j8 -l8
[7.452s] [35m[1mConsolidate compiler generated dependencies of target nav2_straightline_planner_plugin[0m
[7.468s] [100%] Built target nav2_straightline_planner_plugin
[7.476s] Invoked command in '/home/andrea/tesi/ros2_mapf_cbs/project_1/build/nav2_straightline_planner' returned '0': CMAKE_PREFIX_PATH=${CMAKE_PREFIX_PATH}:/home/andrea/tesi/ros2_mapf_cbs/project_1/install/my_package:/home/andrea/tesi/ros2_mapf_cbs/project_1/install/my_intermediate:/home/andrea/tesi/ros2_mapf_cbs/simple_example/install/my_py_pkg:/opt/ros/humble /usr/bin/cmake --build /home/andrea/tesi/ros2_mapf_cbs/project_1/build/nav2_straightline_planner -- -j8 -l8
[7.498s] Invoking command in '/home/andrea/tesi/ros2_mapf_cbs/project_1/build/nav2_straightline_planner': CMAKE_PREFIX_PATH=${CMAKE_PREFIX_PATH}:/home/andrea/tesi/ros2_mapf_cbs/project_1/install/my_package:/home/andrea/tesi/ros2_mapf_cbs/project_1/install/my_intermediate:/home/andrea/tesi/ros2_mapf_cbs/simple_example/install/my_py_pkg:/opt/ros/humble /usr/bin/cmake --install /home/andrea/tesi/ros2_mapf_cbs/project_1/build/nav2_straightline_planner
[7.503s] -- Install configuration: ""
[7.503s] -- Execute custom install script
[7.503s] -- Up-to-date symlink: /home/andrea/tesi/ros2_mapf_cbs/project_1/install/nav2_straightline_planner/share/nav2_straightline_planner//global_planner_plugin.xml
[7.504s] -- Up-to-date symlink: /home/andrea/tesi/ros2_mapf_cbs/project_1/install/nav2_straightline_planner/lib/libnav2_straightline_planner_plugin.so
[7.504s] -- Up-to-date symlink: /home/andrea/tesi/ros2_mapf_cbs/project_1/install/nav2_straightline_planner/include//nav2_straightline_planner/straight_line_planner.hpp
[7.504s] -- Up-to-date symlink: /home/andrea/tesi/ros2_mapf_cbs/project_1/install/nav2_straightline_planner/share/nav2_straightline_planner/global_planner_plugin.xml
[7.504s] -- Up-to-date symlink: /home/andrea/tesi/ros2_mapf_cbs/project_1/install/nav2_straightline_planner/share/nav2_straightline_planner/environment/library_path.sh
[7.504s] -- Up-to-date symlink: /home/andrea/tesi/ros2_mapf_cbs/project_1/install/nav2_straightline_planner/share/nav2_straightline_planner/environment/library_path.dsv
[7.504s] -- Up-to-date symlink: /home/andrea/tesi/ros2_mapf_cbs/project_1/install/nav2_straightline_planner/share/ament_index/resource_index/package_run_dependencies/nav2_straightline_planner
[7.504s] -- Up-to-date symlink: /home/andrea/tesi/ros2_mapf_cbs/project_1/install/nav2_straightline_planner/share/ament_index/resource_index/parent_prefix_path/nav2_straightline_planner
[7.504s] -- Up-to-date symlink: /home/andrea/tesi/ros2_mapf_cbs/project_1/install/nav2_straightline_planner/share/nav2_straightline_planner/environment/ament_prefix_path.sh
[7.505s] -- Up-to-date symlink: /home/andrea/tesi/ros2_mapf_cbs/project_1/install/nav2_straightline_planner/share/nav2_straightline_planner/environment/ament_prefix_path.dsv
[7.505s] -- Up-to-date symlink: /home/andrea/tesi/ros2_mapf_cbs/project_1/install/nav2_straightline_planner/share/nav2_straightline_planner/environment/path.sh
[7.505s] -- Up-to-date symlink: /home/andrea/tesi/ros2_mapf_cbs/project_1/install/nav2_straightline_planner/share/nav2_straightline_planner/environment/path.dsv
[7.505s] -- Up-to-date symlink: /home/andrea/tesi/ros2_mapf_cbs/project_1/install/nav2_straightline_planner/share/nav2_straightline_planner/local_setup.bash
[7.505s] -- Up-to-date symlink: /home/andrea/tesi/ros2_mapf_cbs/project_1/install/nav2_straightline_planner/share/nav2_straightline_planner/local_setup.sh
[7.505s] -- Up-to-date symlink: /home/andrea/tesi/ros2_mapf_cbs/project_1/install/nav2_straightline_planner/share/nav2_straightline_planner/local_setup.zsh
[7.505s] -- Up-to-date symlink: /home/andrea/tesi/ros2_mapf_cbs/project_1/install/nav2_straightline_planner/share/nav2_straightline_planner/local_setup.dsv
[7.505s] -- Symlinking: /home/andrea/tesi/ros2_mapf_cbs/project_1/install/nav2_straightline_planner/share/nav2_straightline_planner/package.dsv
[7.512s] -- Up-to-date symlink: /home/andrea/tesi/ros2_mapf_cbs/project_1/install/nav2_straightline_planner/share/ament_index/resource_index/packages/nav2_straightline_planner
[7.513s] -- Up-to-date symlink: /home/andrea/tesi/ros2_mapf_cbs/project_1/install/nav2_straightline_planner/share/ament_index/resource_index/nav2_core__pluginlib__plugin/nav2_straightline_planner
[7.513s] -- Up-to-date symlink: /home/andrea/tesi/ros2_mapf_cbs/project_1/install/nav2_straightline_planner/share/nav2_straightline_planner/cmake/ament_cmake_export_include_directories-extras.cmake
[7.513s] -- Up-to-date symlink: /home/andrea/tesi/ros2_mapf_cbs/project_1/install/nav2_straightline_planner/share/nav2_straightline_planner/cmake/ament_cmake_export_libraries-extras.cmake
[7.513s] -- Up-to-date symlink: /home/andrea/tesi/ros2_mapf_cbs/project_1/install/nav2_straightline_planner/share/nav2_straightline_planner/cmake/ament_cmake_export_dependencies-extras.cmake
[7.513s] -- Up-to-date symlink: /home/andrea/tesi/ros2_mapf_cbs/project_1/install/nav2_straightline_planner/share/nav2_straightline_planner/cmake/nav2_straightline_plannerConfig.cmake
[7.513s] -- Up-to-date symlink: /home/andrea/tesi/ros2_mapf_cbs/project_1/install/nav2_straightline_planner/share/nav2_straightline_planner/cmake/nav2_straightline_plannerConfig-version.cmake
[7.513s] -- Up-to-date symlink: /home/andrea/tesi/ros2_mapf_cbs/project_1/install/nav2_straightline_planner/share/nav2_straightline_planner/package.xml
[7.514s] Invoked command in '/home/andrea/tesi/ros2_mapf_cbs/project_1/build/nav2_straightline_planner' returned '0': CMAKE_PREFIX_PATH=${CMAKE_PREFIX_PATH}:/home/andrea/tesi/ros2_mapf_cbs/project_1/install/my_package:/home/andrea/tesi/ros2_mapf_cbs/project_1/install/my_intermediate:/home/andrea/tesi/ros2_mapf_cbs/simple_example/install/my_py_pkg:/opt/ros/humble /usr/bin/cmake --install /home/andrea/tesi/ros2_mapf_cbs/project_1/build/nav2_straightline_planner
