[01m[K/home/andrea/tesi/ros2_mapf_cbs/project_1/src/my_nav2_navfn_planner/src/my_navfn.cpp:[m[K In member function ‘[01m[Kvoid my_nav2_navfn_planner::MyNavFn::updateCellAstar(int, int, std::vector<std::map<std::__cxx11::basic_string<char>, int> >, std::vector<std::map<std::__cxx11::basic_string<char>, int> >)[m[K’:
[01m[K/home/andrea/tesi/ros2_mapf_cbs/project_1/src/my_nav2_navfn_planner/src/my_navfn.cpp:458:8:[m[K [01;31m[Kerror: [m[Kno match for ‘[01m[Koperator=[m[K’ (operand types are ‘[01m[Kstd::vector<std::map<std::__cxx11::basic_string<char>, int> >[m[K’ and ‘[01m[Kstd::nullptr_t[m[K’)
  458 |   ec = [01;31m[Knullptr[m[K;
      |        [01;31m[K^~~~~~~[m[K
In file included from [01m[K/usr/include/c++/11/vector:72[m[K,
                 from [01m[K/home/andrea/tesi/ros2_mapf_cbs/project_1/src/my_nav2_navfn_planner/include/my_nav2_navfn_planner/my_navfn.hpp:47[m[K,
                 from [01m[K/home/andrea/tesi/ros2_mapf_cbs/project_1/src/my_nav2_navfn_planner/src/my_navfn.cpp:44[m[K:
[01m[K/usr/include/c++/11/bits/vector.tcc:198:5:[m[K [01;36m[Knote: [m[Kcandidate: ‘[01m[Kstd::vector<_Tp, _Alloc>& std::vector<_Tp, _Alloc>::operator=(const std::vector<_Tp, _Alloc>&) [with _Tp = std::map<std::__cxx11::basic_string<char>, int>; _Alloc = std::allocator<std::map<std::__cxx11::basic_string<char>, int> >][m[K’
  198 |     [01;36m[Kvector<_Tp, _Alloc>[m[K::
      |     [01;36m[K^~~~~~~~~~~~~~~~~~~[m[K
[01m[K/usr/include/c++/11/bits/vector.tcc:199:42:[m[K [01;36m[Knote: [m[K  no known conversion for argument 1 from ‘[01m[Kstd::nullptr_t[m[K’ to ‘[01m[Kconst std::vector<std::map<std::__cxx11::basic_string<char>, int> >&[m[K’
  199 |     operator=([01;36m[Kconst vector<_Tp, _Alloc>& __x[m[K)
      |               [01;36m[K~~~~~~~~~~~~~~~~~~~~~~~~~~~^~~[m[K
In file included from [01m[K/usr/include/c++/11/vector:67[m[K,
                 from [01m[K/home/andrea/tesi/ros2_mapf_cbs/project_1/src/my_nav2_navfn_planner/include/my_nav2_navfn_planner/my_navfn.hpp:47[m[K,
                 from [01m[K/home/andrea/tesi/ros2_mapf_cbs/project_1/src/my_nav2_navfn_planner/src/my_navfn.cpp:44[m[K:
[01m[K/usr/include/c++/11/bits/stl_vector.h:709:7:[m[K [01;36m[Knote: [m[Kcandidate: ‘[01m[Kstd::vector<_Tp, _Alloc>& std::vector<_Tp, _Alloc>::operator=(std::vector<_Tp, _Alloc>&&) [with _Tp = std::map<std::__cxx11::basic_string<char>, int>; _Alloc = std::allocator<std::map<std::__cxx11::basic_string<char>, int> >][m[K’
  709 |       [01;36m[Koperator[m[K=(vector&& __x) noexcept(_Alloc_traits::_S_nothrow_move())
      |       [01;36m[K^~~~~~~~[m[K
[01m[K/usr/include/c++/11/bits/stl_vector.h:709:26:[m[K [01;36m[Knote: [m[K  no known conversion for argument 1 from ‘[01m[Kstd::nullptr_t[m[K’ to ‘[01m[Kstd::vector<std::map<std::__cxx11::basic_string<char>, int> >&&[m[K’
  709 |       operator=([01;36m[Kvector&& __x[m[K) noexcept(_Alloc_traits::_S_nothrow_move())
      |                 [01;36m[K~~~~~~~~~^~~[m[K
[01m[K/usr/include/c++/11/bits/stl_vector.h:730:7:[m[K [01;36m[Knote: [m[Kcandidate: ‘[01m[Kstd::vector<_Tp, _Alloc>& std::vector<_Tp, _Alloc>::operator=(std::initializer_list<_Tp>) [with _Tp = std::map<std::__cxx11::basic_string<char>, int>; _Alloc = std::allocator<std::map<std::__cxx11::basic_string<char>, int> >][m[K’
  730 |       [01;36m[Koperator[m[K=(initializer_list<value_type> __l)
      |       [01;36m[K^~~~~~~~[m[K
[01m[K/usr/include/c++/11/bits/stl_vector.h:730:46:[m[K [01;36m[Knote: [m[K  no known conversion for argument 1 from ‘[01m[Kstd::nullptr_t[m[K’ to ‘[01m[Kstd::initializer_list<std::map<std::__cxx11::basic_string<char>, int> >[m[K’
  730 |       operator=([01;36m[Kinitializer_list<value_type> __l[m[K)
      |                 [01;36m[K~~~~~~~~~~~~~~~~~~~~~~~~~~~~~^~~[m[K
gmake[2]: *** [CMakeFiles/my_nav2_navfn_planner.dir/build.make:90: CMakeFiles/my_nav2_navfn_planner.dir/src/my_navfn.cpp.o] Error 1
gmake[1]: *** [CMakeFiles/Makefile2:137: CMakeFiles/my_nav2_navfn_planner.dir/all] Error 2
gmake: *** [Makefile:146: all] Error 2
