[1.335s] Invoking command in '/home/andrea/tesi/ros2_mapf_cbs/project_1/src/my_intermediate': PYTHONPATH=/home/andrea/tesi/ros2_mapf_cbs/project_1/build/my_intermediate/prefix_override:/home/andrea/tesi/ros2_mapf_cbs/project_1/install/my_intermediate/lib/python3.10/site-packages:${PYTHONPATH} /usr/bin/python3 setup.py egg_info --egg-base ../../build/my_intermediate build --build-base /home/andrea/tesi/ros2_mapf_cbs/project_1/build/my_intermediate/build install --record /home/andrea/tesi/ros2_mapf_cbs/project_1/build/my_intermediate/install.log --single-version-externally-managed
[1.616s] running egg_info
[1.617s] writing ../../build/my_intermediate/my_intermediate.egg-info/PKG-INFO
[1.617s] writing dependency_links to ../../build/my_intermediate/my_intermediate.egg-info/dependency_links.txt
[1.617s] writing entry points to ../../build/my_intermediate/my_intermediate.egg-info/entry_points.txt
[1.618s] writing requirements to ../../build/my_intermediate/my_intermediate.egg-info/requires.txt
[1.618s] writing top-level names to ../../build/my_intermediate/my_intermediate.egg-info/top_level.txt
[1.620s] reading manifest file '../../build/my_intermediate/my_intermediate.egg-info/SOURCES.txt'
[1.621s] writing manifest file '../../build/my_intermediate/my_intermediate.egg-info/SOURCES.txt'
[1.621s] running build
[1.622s] running build_py
[1.623s] running install
[1.623s] running install_lib
[1.626s] running install_data
[1.627s] running install_egg_info
[1.629s] removing '/home/andrea/tesi/ros2_mapf_cbs/project_1/install/my_intermediate/lib/python3.10/site-packages/my_intermediate-0.0.0-py3.10.egg-info' (and everything under it)
[1.629s] Copying ../../build/my_intermediate/my_intermediate.egg-info to /home/andrea/tesi/ros2_mapf_cbs/project_1/install/my_intermediate/lib/python3.10/site-packages/my_intermediate-0.0.0-py3.10.egg-info
[1.632s] running install_scripts
[1.655s] Installing collision_avoider script to /home/andrea/tesi/ros2_mapf_cbs/project_1/install/my_intermediate/lib/my_intermediate
[1.655s] Installing fake_asker script to /home/andrea/tesi/ros2_mapf_cbs/project_1/install/my_intermediate/lib/my_intermediate
[1.655s] Installing map_discretizer script to /home/andrea/tesi/ros2_mapf_cbs/project_1/install/my_intermediate/lib/my_intermediate
[1.655s] Installing multi_agent_plan_asker script to /home/andrea/tesi/ros2_mapf_cbs/project_1/install/my_intermediate/lib/my_intermediate
[1.655s] Installing plan_asker script to /home/andrea/tesi/ros2_mapf_cbs/project_1/install/my_intermediate/lib/my_intermediate
[1.656s] writing list of installed files to '/home/andrea/tesi/ros2_mapf_cbs/project_1/build/my_intermediate/install.log'
[1.767s] Invoked command in '/home/andrea/tesi/ros2_mapf_cbs/project_1/src/my_intermediate' returned '0': PYTHONPATH=/home/andrea/tesi/ros2_mapf_cbs/project_1/build/my_intermediate/prefix_override:/home/andrea/tesi/ros2_mapf_cbs/project_1/install/my_intermediate/lib/python3.10/site-packages:${PYTHONPATH} /usr/bin/python3 setup.py egg_info --egg-base ../../build/my_intermediate build --build-base /home/andrea/tesi/ros2_mapf_cbs/project_1/build/my_intermediate/build install --record /home/andrea/tesi/ros2_mapf_cbs/project_1/build/my_intermediate/install.log --single-version-externally-managed
