[0.362s] Invoking command in '/home/andrea/tesi/ros2_mapf_cbs/project_1/build/nav2_straightline_planner': CMAKE_PREFIX_PATH=${CMAKE_PREFIX_PATH}:/home/andrea/tesi/ros2_mapf_cbs/project_1/install/my_package:/home/andrea/tesi/ros2_mapf_cbs/project_1/install/my_intermediate:/home/andrea/tesi/ros2_mapf_cbs/simple_example/install/my_py_pkg:/opt/ros/humble /usr/bin/cmake --build /home/andrea/tesi/ros2_mapf_cbs/project_1/build/nav2_straightline_planner -- -j8 -l8
[0.426s] [100%] Built target nav2_straightline_planner_plugin
[0.459s] Invoked command in '/home/andrea/tesi/ros2_mapf_cbs/project_1/build/nav2_straightline_planner' returned '0': CMAKE_PREFIX_PATH=${CMAKE_PREFIX_PATH}:/home/andrea/tesi/ros2_mapf_cbs/project_1/install/my_package:/home/andrea/tesi/ros2_mapf_cbs/project_1/install/my_intermediate:/home/andrea/tesi/ros2_mapf_cbs/simple_example/install/my_py_pkg:/opt/ros/humble /usr/bin/cmake --build /home/andrea/tesi/ros2_mapf_cbs/project_1/build/nav2_straightline_planner -- -j8 -l8
[0.570s] Invoking command in '/home/andrea/tesi/ros2_mapf_cbs/project_1/build/nav2_straightline_planner': CMAKE_PREFIX_PATH=${CMAKE_PREFIX_PATH}:/home/andrea/tesi/ros2_mapf_cbs/project_1/install/my_package:/home/andrea/tesi/ros2_mapf_cbs/project_1/install/my_intermediate:/home/andrea/tesi/ros2_mapf_cbs/simple_example/install/my_py_pkg:/opt/ros/humble /usr/bin/cmake --install /home/andrea/tesi/ros2_mapf_cbs/project_1/build/nav2_straightline_planner
[0.576s] -- Install configuration: ""
[0.577s] -- Up-to-date: /home/andrea/tesi/ros2_mapf_cbs/project_1/install/nav2_straightline_planner/share/nav2_straightline_planner/global_planner_plugin.xml
[0.577s] -- Up-to-date: /home/andrea/tesi/ros2_mapf_cbs/project_1/install/nav2_straightline_planner/lib/libnav2_straightline_planner_plugin.so
[0.577s] -- Up-to-date: /home/andrea/tesi/ros2_mapf_cbs/project_1/install/nav2_straightline_planner/include/
[0.577s] -- Up-to-date: /home/andrea/tesi/ros2_mapf_cbs/project_1/install/nav2_straightline_planner/include//nav2_straightline_planner
[0.577s] -- Up-to-date: /home/andrea/tesi/ros2_mapf_cbs/project_1/install/nav2_straightline_planner/include//nav2_straightline_planner/straight_line_planner.hpp
[0.577s] -- Up-to-date: /home/andrea/tesi/ros2_mapf_cbs/project_1/install/nav2_straightline_planner/share/nav2_straightline_planner/global_planner_plugin.xml
[0.577s] -- Up-to-date: /home/andrea/tesi/ros2_mapf_cbs/project_1/install/nav2_straightline_planner/share/nav2_straightline_planner/environment/library_path.sh
[0.578s] -- Up-to-date: /home/andrea/tesi/ros2_mapf_cbs/project_1/install/nav2_straightline_planner/share/nav2_straightline_planner/environment/library_path.dsv
[0.578s] -- Up-to-date: /home/andrea/tesi/ros2_mapf_cbs/project_1/install/nav2_straightline_planner/share/ament_index/resource_index/package_run_dependencies/nav2_straightline_planner
[0.578s] -- Up-to-date: /home/andrea/tesi/ros2_mapf_cbs/project_1/install/nav2_straightline_planner/share/ament_index/resource_index/parent_prefix_path/nav2_straightline_planner
[0.578s] -- Up-to-date: /home/andrea/tesi/ros2_mapf_cbs/project_1/install/nav2_straightline_planner/share/nav2_straightline_planner/environment/ament_prefix_path.sh
[0.578s] -- Up-to-date: /home/andrea/tesi/ros2_mapf_cbs/project_1/install/nav2_straightline_planner/share/nav2_straightline_planner/environment/ament_prefix_path.dsv
[0.578s] -- Up-to-date: /home/andrea/tesi/ros2_mapf_cbs/project_1/install/nav2_straightline_planner/share/nav2_straightline_planner/environment/path.sh
[0.578s] -- Up-to-date: /home/andrea/tesi/ros2_mapf_cbs/project_1/install/nav2_straightline_planner/share/nav2_straightline_planner/environment/path.dsv
[0.578s] -- Up-to-date: /home/andrea/tesi/ros2_mapf_cbs/project_1/install/nav2_straightline_planner/share/nav2_straightline_planner/local_setup.bash
[0.578s] -- Up-to-date: /home/andrea/tesi/ros2_mapf_cbs/project_1/install/nav2_straightline_planner/share/nav2_straightline_planner/local_setup.sh
[0.578s] -- Up-to-date: /home/andrea/tesi/ros2_mapf_cbs/project_1/install/nav2_straightline_planner/share/nav2_straightline_planner/local_setup.zsh
[0.578s] -- Up-to-date: /home/andrea/tesi/ros2_mapf_cbs/project_1/install/nav2_straightline_planner/share/nav2_straightline_planner/local_setup.dsv
[0.578s] -- Installing: /home/andrea/tesi/ros2_mapf_cbs/project_1/install/nav2_straightline_planner/share/nav2_straightline_planner/package.dsv
[0.579s] -- Up-to-date: /home/andrea/tesi/ros2_mapf_cbs/project_1/install/nav2_straightline_planner/share/ament_index/resource_index/packages/nav2_straightline_planner
[0.579s] -- Up-to-date: /home/andrea/tesi/ros2_mapf_cbs/project_1/install/nav2_straightline_planner/share/ament_index/resource_index/nav2_core__pluginlib__plugin/nav2_straightline_planner
[0.579s] -- Up-to-date: /home/andrea/tesi/ros2_mapf_cbs/project_1/install/nav2_straightline_planner/share/nav2_straightline_planner/cmake/ament_cmake_export_include_directories-extras.cmake
[0.579s] -- Up-to-date: /home/andrea/tesi/ros2_mapf_cbs/project_1/install/nav2_straightline_planner/share/nav2_straightline_planner/cmake/ament_cmake_export_libraries-extras.cmake
[0.579s] -- Up-to-date: /home/andrea/tesi/ros2_mapf_cbs/project_1/install/nav2_straightline_planner/share/nav2_straightline_planner/cmake/ament_cmake_export_dependencies-extras.cmake
[0.579s] -- Up-to-date: /home/andrea/tesi/ros2_mapf_cbs/project_1/install/nav2_straightline_planner/share/nav2_straightline_planner/cmake/nav2_straightline_plannerConfig.cmake
[0.579s] -- Up-to-date: /home/andrea/tesi/ros2_mapf_cbs/project_1/install/nav2_straightline_planner/share/nav2_straightline_planner/cmake/nav2_straightline_plannerConfig-version.cmake
[0.580s] -- Up-to-date: /home/andrea/tesi/ros2_mapf_cbs/project_1/install/nav2_straightline_planner/share/nav2_straightline_planner/package.xml
[0.661s] Invoked command in '/home/andrea/tesi/ros2_mapf_cbs/project_1/build/nav2_straightline_planner' returned '0': CMAKE_PREFIX_PATH=${CMAKE_PREFIX_PATH}:/home/andrea/tesi/ros2_mapf_cbs/project_1/install/my_package:/home/andrea/tesi/ros2_mapf_cbs/project_1/install/my_intermediate:/home/andrea/tesi/ros2_mapf_cbs/simple_example/install/my_py_pkg:/opt/ros/humble /usr/bin/cmake --install /home/andrea/tesi/ros2_mapf_cbs/project_1/build/nav2_straightline_planner
