[0.304s] Invoking command in '/home/andrea/tesi/ros2_mapf_cbs/project_1/build/nav2_straightline_planner': CMAKE_PREFIX_PATH=${CMAKE_PREFIX_PATH}:/home/andrea/tesi/ros2_mapf_cbs/project_1/install/my_package:/home/andrea/tesi/ros2_mapf_cbs/project_1/install/my_intermediate:/home/andrea/tesi/ros2_mapf_cbs/simple_example/install/my_py_pkg:/opt/ros/humble /usr/bin/cmake /home/andrea/tesi/ros2_mapf_cbs/project_1/src/nav2_straightline_planner -DCMAKE_INSTALL_PREFIX=/home/andrea/tesi/ros2_mapf_cbs/project_1/install/nav2_straightline_planner
[0.348s] -- The C compiler identification is GNU 11.4.0
[0.393s] -- The CXX compiler identification is GNU 11.4.0
[0.398s] -- Detecting C compiler ABI info
[0.448s] -- Detecting C compiler ABI info - done
[0.454s] -- Check for working C compiler: /usr/bin/cc - skipped
[0.454s] -- Detecting C compile features
[0.454s] -- Detecting C compile features - done
[0.457s] -- Detecting CXX compiler ABI info
[0.516s] -- Detecting CXX compiler ABI info - done
[0.522s] -- Check for working CXX compiler: /usr/bin/c++ - skipped
[0.522s] -- Detecting CXX compile features
[0.522s] -- Detecting CXX compile features - done
[0.524s] -- Found ament_cmake: 1.3.5 (/opt/ros/humble/share/ament_cmake/cmake)
[0.672s] -- Found Python3: /usr/bin/python3.10 (found version "3.10.12") found components: Interpreter 
[0.746s] -- Found rclcpp: 16.0.6 (/opt/ros/humble/share/rclcpp/cmake)
[0.788s] -- Found rosidl_generator_c: 3.1.5 (/opt/ros/humble/share/rosidl_generator_c/cmake)
[0.792s] -- Found rosidl_adapter: 3.1.5 (/opt/ros/humble/share/rosidl_adapter/cmake)
[0.799s] -- Found rosidl_generator_cpp: 3.1.5 (/opt/ros/humble/share/rosidl_generator_cpp/cmake)
[0.810s] -- Using all available rosidl_typesupport_c: rosidl_typesupport_fastrtps_c;rosidl_typesupport_introspection_c
[0.830s] -- Using all available rosidl_typesupport_cpp: rosidl_typesupport_fastrtps_cpp;rosidl_typesupport_introspection_cpp
[0.916s] -- Found rmw_implementation_cmake: 6.1.1 (/opt/ros/humble/share/rmw_implementation_cmake/cmake)
[0.920s] -- Found rmw_cyclonedds_cpp: 1.3.4 (/opt/ros/humble/share/rmw_cyclonedds_cpp/cmake)
[0.952s] -- Using RMW implementation 'rmw_cyclonedds_cpp' as default
[0.963s] -- Looking for pthread.h
[1.021s] -- Looking for pthread.h - found
[1.021s] -- Performing Test CMAKE_HAVE_LIBC_PTHREAD
[1.078s] -- Performing Test CMAKE_HAVE_LIBC_PTHREAD - Success
[1.079s] -- Found Threads: TRUE  
[1.199s] -- Found rclcpp_action: 16.0.6 (/opt/ros/humble/share/rclcpp_action/cmake)
[1.267s] -- Found rclcpp_lifecycle: 16.0.6 (/opt/ros/humble/share/rclcpp_lifecycle/cmake)
[1.302s] -- Found visualization_msgs: 4.2.3 (/opt/ros/humble/share/visualization_msgs/cmake)
[1.495s] -- Found nav2_util: 1.1.12 (/opt/ros/humble/share/nav2_util/cmake)
[1.937s] -- Found eigen3_cmake_module: 0.1.1 (/opt/ros/humble/share/eigen3_cmake_module/cmake)
[1.938s] -- Found Eigen3: TRUE (found version "3.4.0") 
[1.938s] -- Ensuring Eigen3 include directory is part of orocos-kdl CMake target
[2.090s] -- Found nav2_costmap_2d: 1.1.12 (/opt/ros/humble/share/nav2_costmap_2d/cmake)
[2.821s] -- Found nav2_core: 1.1.12 (/opt/ros/humble/share/nav2_core/cmake)
[8.603s] -- Found ament_lint_auto: 0.12.8 (/opt/ros/humble/share/ament_lint_auto/cmake)
[8.747s] -- Added test 'copyright' to check source files copyright and LICENSE
[8.749s] -- Added test 'cppcheck' to perform static code analysis on C / C++ code
[8.749s] -- Configured cppcheck include dirs: /home/andrea/tesi/ros2_mapf_cbs/project_1/src/nav2_straightline_planner/include
[8.750s] -- Configured cppcheck exclude dirs and/or files: 
[8.752s] -- Added test 'cpplint' to check C / C++ code against the Google style
[8.752s] -- Configured cpplint exclude dirs and/or files: 
[8.761s] -- Added test 'lint_cmake' to check CMake code style
[8.763s] -- Added test 'uncrustify' to check C / C++ code style
[8.763s] -- Configured uncrustify additional arguments: 
[8.764s] -- Added test 'xmllint' to check XML markup files
[8.773s] -- Configuring done
[8.831s] -- Generating done
[8.833s] -- Build files have been written to: /home/andrea/tesi/ros2_mapf_cbs/project_1/build/nav2_straightline_planner
[8.844s] Invoked command in '/home/andrea/tesi/ros2_mapf_cbs/project_1/build/nav2_straightline_planner' returned '0': CMAKE_PREFIX_PATH=${CMAKE_PREFIX_PATH}:/home/andrea/tesi/ros2_mapf_cbs/project_1/install/my_package:/home/andrea/tesi/ros2_mapf_cbs/project_1/install/my_intermediate:/home/andrea/tesi/ros2_mapf_cbs/simple_example/install/my_py_pkg:/opt/ros/humble /usr/bin/cmake /home/andrea/tesi/ros2_mapf_cbs/project_1/src/nav2_straightline_planner -DCMAKE_INSTALL_PREFIX=/home/andrea/tesi/ros2_mapf_cbs/project_1/install/nav2_straightline_planner
[8.846s] Invoking command in '/home/andrea/tesi/ros2_mapf_cbs/project_1/build/nav2_straightline_planner': CMAKE_PREFIX_PATH=${CMAKE_PREFIX_PATH}:/home/andrea/tesi/ros2_mapf_cbs/project_1/install/my_package:/home/andrea/tesi/ros2_mapf_cbs/project_1/install/my_intermediate:/home/andrea/tesi/ros2_mapf_cbs/simple_example/install/my_py_pkg:/opt/ros/humble /usr/bin/cmake --build /home/andrea/tesi/ros2_mapf_cbs/project_1/build/nav2_straightline_planner -- -j8 -l8
[8.891s] [ 50%] [32mBuilding CXX object CMakeFiles/nav2_straightline_planner_plugin.dir/src/straight_line_planner.cpp.o[0m
[13.524s] [100%] [32m[1mLinking CXX shared library libnav2_straightline_planner_plugin.so[0m
[13.679s] [100%] Built target nav2_straightline_planner_plugin
[13.688s] Invoked command in '/home/andrea/tesi/ros2_mapf_cbs/project_1/build/nav2_straightline_planner' returned '0': CMAKE_PREFIX_PATH=${CMAKE_PREFIX_PATH}:/home/andrea/tesi/ros2_mapf_cbs/project_1/install/my_package:/home/andrea/tesi/ros2_mapf_cbs/project_1/install/my_intermediate:/home/andrea/tesi/ros2_mapf_cbs/simple_example/install/my_py_pkg:/opt/ros/humble /usr/bin/cmake --build /home/andrea/tesi/ros2_mapf_cbs/project_1/build/nav2_straightline_planner -- -j8 -l8
[13.708s] Invoking command in '/home/andrea/tesi/ros2_mapf_cbs/project_1/build/nav2_straightline_planner': CMAKE_PREFIX_PATH=${CMAKE_PREFIX_PATH}:/home/andrea/tesi/ros2_mapf_cbs/project_1/install/my_package:/home/andrea/tesi/ros2_mapf_cbs/project_1/install/my_intermediate:/home/andrea/tesi/ros2_mapf_cbs/simple_example/install/my_py_pkg:/opt/ros/humble /usr/bin/cmake --install /home/andrea/tesi/ros2_mapf_cbs/project_1/build/nav2_straightline_planner
[13.714s] -- Install configuration: ""
[13.714s] -- Installing: /home/andrea/tesi/ros2_mapf_cbs/project_1/install/nav2_straightline_planner/share/nav2_straightline_planner/global_planner_plugin.xml
[13.715s] -- Installing: /home/andrea/tesi/ros2_mapf_cbs/project_1/install/nav2_straightline_planner/lib/libnav2_straightline_planner_plugin.so
[13.715s] -- Set runtime path of "/home/andrea/tesi/ros2_mapf_cbs/project_1/install/nav2_straightline_planner/lib/libnav2_straightline_planner_plugin.so" to ""
[13.715s] -- Installing: /home/andrea/tesi/ros2_mapf_cbs/project_1/install/nav2_straightline_planner/include/
[13.715s] -- Installing: /home/andrea/tesi/ros2_mapf_cbs/project_1/install/nav2_straightline_planner/include//nav2_straightline_planner
[13.715s] -- Installing: /home/andrea/tesi/ros2_mapf_cbs/project_1/install/nav2_straightline_planner/include//nav2_straightline_planner/straight_line_planner.hpp
[13.715s] -- Up-to-date: /home/andrea/tesi/ros2_mapf_cbs/project_1/install/nav2_straightline_planner/share/nav2_straightline_planner/global_planner_plugin.xml
[13.715s] -- Installing: /home/andrea/tesi/ros2_mapf_cbs/project_1/install/nav2_straightline_planner/share/nav2_straightline_planner/environment/library_path.sh
[13.715s] -- Installing: /home/andrea/tesi/ros2_mapf_cbs/project_1/install/nav2_straightline_planner/share/nav2_straightline_planner/environment/library_path.dsv
[13.715s] -- Installing: /home/andrea/tesi/ros2_mapf_cbs/project_1/install/nav2_straightline_planner/share/ament_index/resource_index/package_run_dependencies/nav2_straightline_planner
[13.715s] -- Installing: /home/andrea/tesi/ros2_mapf_cbs/project_1/install/nav2_straightline_planner/share/ament_index/resource_index/parent_prefix_path/nav2_straightline_planner
[13.716s] -- Installing: /home/andrea/tesi/ros2_mapf_cbs/project_1/install/nav2_straightline_planner/share/nav2_straightline_planner/environment/ament_prefix_path.sh
[13.716s] -- Installing: /home/andrea/tesi/ros2_mapf_cbs/project_1/install/nav2_straightline_planner/share/nav2_straightline_planner/environment/ament_prefix_path.dsv
[13.716s] -- Installing: /home/andrea/tesi/ros2_mapf_cbs/project_1/install/nav2_straightline_planner/share/nav2_straightline_planner/environment/path.sh
[13.716s] -- Installing: /home/andrea/tesi/ros2_mapf_cbs/project_1/install/nav2_straightline_planner/share/nav2_straightline_planner/environment/path.dsv
[13.716s] -- Installing: /home/andrea/tesi/ros2_mapf_cbs/project_1/install/nav2_straightline_planner/share/nav2_straightline_planner/local_setup.bash
[13.716s] -- Installing: /home/andrea/tesi/ros2_mapf_cbs/project_1/install/nav2_straightline_planner/share/nav2_straightline_planner/local_setup.sh
[13.716s] -- Installing: /home/andrea/tesi/ros2_mapf_cbs/project_1/install/nav2_straightline_planner/share/nav2_straightline_planner/local_setup.zsh
[13.716s] -- Installing: /home/andrea/tesi/ros2_mapf_cbs/project_1/install/nav2_straightline_planner/share/nav2_straightline_planner/local_setup.dsv
[13.716s] -- Installing: /home/andrea/tesi/ros2_mapf_cbs/project_1/install/nav2_straightline_planner/share/nav2_straightline_planner/package.dsv
[13.716s] -- Installing: /home/andrea/tesi/ros2_mapf_cbs/project_1/install/nav2_straightline_planner/share/ament_index/resource_index/packages/nav2_straightline_planner
[13.716s] -- Installing: /home/andrea/tesi/ros2_mapf_cbs/project_1/install/nav2_straightline_planner/share/ament_index/resource_index/nav2_core__pluginlib__plugin/nav2_straightline_planner
[13.716s] -- Installing: /home/andrea/tesi/ros2_mapf_cbs/project_1/install/nav2_straightline_planner/share/nav2_straightline_planner/cmake/ament_cmake_export_include_directories-extras.cmake
[13.716s] -- Installing: /home/andrea/tesi/ros2_mapf_cbs/project_1/install/nav2_straightline_planner/share/nav2_straightline_planner/cmake/ament_cmake_export_libraries-extras.cmake
[13.716s] -- Installing: /home/andrea/tesi/ros2_mapf_cbs/project_1/install/nav2_straightline_planner/share/nav2_straightline_planner/cmake/ament_cmake_export_dependencies-extras.cmake
[13.716s] -- Installing: /home/andrea/tesi/ros2_mapf_cbs/project_1/install/nav2_straightline_planner/share/nav2_straightline_planner/cmake/nav2_straightline_plannerConfig.cmake
[13.717s] -- Installing: /home/andrea/tesi/ros2_mapf_cbs/project_1/install/nav2_straightline_planner/share/nav2_straightline_planner/cmake/nav2_straightline_plannerConfig-version.cmake
[13.717s] -- Installing: /home/andrea/tesi/ros2_mapf_cbs/project_1/install/nav2_straightline_planner/share/nav2_straightline_planner/package.xml
[13.718s] Invoked command in '/home/andrea/tesi/ros2_mapf_cbs/project_1/build/nav2_straightline_planner' returned '0': CMAKE_PREFIX_PATH=${CMAKE_PREFIX_PATH}:/home/andrea/tesi/ros2_mapf_cbs/project_1/install/my_package:/home/andrea/tesi/ros2_mapf_cbs/project_1/install/my_intermediate:/home/andrea/tesi/ros2_mapf_cbs/simple_example/install/my_py_pkg:/opt/ros/humble /usr/bin/cmake --install /home/andrea/tesi/ros2_mapf_cbs/project_1/build/nav2_straightline_planner
