[0.234s] Invoking command in '/home/andrea/tesi/ros2_mapf_cbs/project_1/build/my_nav2_planner': CMAKE_PREFIX_PATH=${CMAKE_PREFIX_PATH}:/home/andrea/tesi/ros2_mapf_cbs/project_1/install/my_package:/home/andrea/tesi/ros2_mapf_cbs/project_1/install/my_intermediate:/home/andrea/tesi/ros2_mapf_cbs/simple_example/install/my_py_pkg:/opt/ros/humble /usr/bin/cmake --build /home/andrea/tesi/ros2_mapf_cbs/project_1/build/my_nav2_planner -- -j8 -l8
[0.558s] -- Found ament_cmake: 1.3.5 (/opt/ros/humble/share/ament_cmake/cmake)
[0.558s] -- Found nav2_common: 1.1.12 (/opt/ros/humble/share/nav2_common/cmake)
[0.558s] -- Found rclcpp: 16.0.6 (/opt/ros/humble/share/rclcpp/cmake)
[0.559s] -- Found rosidl_generator_c: 3.1.5 (/opt/ros/humble/share/rosidl_generator_c/cmake)
[0.559s] -- Found rosidl_adapter: 3.1.5 (/opt/ros/humble/share/rosidl_adapter/cmake)
[0.559s] -- Found rosidl_generator_cpp: 3.1.5 (/opt/ros/humble/share/rosidl_generator_cpp/cmake)
[0.559s] -- Using all available rosidl_typesupport_c: rosidl_typesupport_fastrtps_c;rosidl_typesupport_introspection_c
[0.559s] -- Using all available rosidl_typesupport_cpp: rosidl_typesupport_fastrtps_cpp;rosidl_typesupport_introspection_cpp
[0.559s] -- Found rmw_implementation_cmake: 6.1.1 (/opt/ros/humble/share/rmw_implementation_cmake/cmake)
[0.559s] -- Found rmw_cyclonedds_cpp: 1.3.4 (/opt/ros/humble/share/rmw_cyclonedds_cpp/cmake)
[0.559s] -- Using RMW implementation 'rmw_cyclonedds_cpp' as default
[0.720s] -- Found rclcpp_action: 16.0.6 (/opt/ros/humble/share/rclcpp_action/cmake)
[0.836s] -- Found rclcpp_lifecycle: 16.0.6 (/opt/ros/humble/share/rclcpp_lifecycle/cmake)
[0.882s] -- Found rclcpp_components: 16.0.6 (/opt/ros/humble/share/rclcpp_components/cmake)
[0.926s] -- Found visualization_msgs: 4.2.3 (/opt/ros/humble/share/visualization_msgs/cmake)
[1.162s] -- Found nav2_util: 1.1.12 (/opt/ros/humble/share/nav2_util/cmake)
[1.505s] -- Found eigen3_cmake_module: 0.1.1 (/opt/ros/humble/share/eigen3_cmake_module/cmake)
[1.506s] -- Ensuring Eigen3 include directory is part of orocos-kdl CMake target
[1.639s] -- Found nav2_costmap_2d: 1.1.12 (/opt/ros/humble/share/nav2_costmap_2d/cmake)
[2.266s] -- Found nav2_core: 1.1.12 (/opt/ros/humble/share/nav2_core/cmake)
[8.769s] -- Found ament_lint_auto: 0.12.8 (/opt/ros/humble/share/ament_lint_auto/cmake)
[8.769s] -- Found ament_cmake_gtest: 1.3.5 (/opt/ros/humble/share/ament_cmake_gtest/cmake)
[8.821s] -- Added test 'copyright' to check source files copyright and LICENSE
[8.822s] -- Added test 'cppcheck' to perform static code analysis on C / C++ code
[8.822s] -- Configured cppcheck include dirs: /home/andrea/tesi/ros2_mapf_cbs/project_1/src/my_nav2_planner/include
[8.822s] -- Configured cppcheck exclude dirs and/or files: 
[8.823s] -- Added test 'cpplint' to check C / C++ code against the Google style
[8.823s] -- Configured cpplint exclude dirs and/or files: 
[8.823s] -- Added test 'lint_cmake' to check CMake code style
[8.823s] -- Added test 'uncrustify' to check C / C++ code style
[8.823s] -- Configured uncrustify additional arguments: 
[8.824s] -- Added test 'xmllint' to check XML markup files
[8.825s] -- Configuring done
[8.873s] -- Generating done
[8.875s] -- Build files have been written to: /home/andrea/tesi/ros2_mapf_cbs/project_1/build/my_nav2_planner
[8.900s] [35m[1mConsolidate compiler generated dependencies of target my_planner_server_core[0m
[8.917s] [ 50%] Built target my_planner_server_core
[8.928s] [35m[1mConsolidate compiler generated dependencies of target my_planner_server[0m
[8.948s] [100%] Built target my_planner_server
[8.959s] Invoked command in '/home/andrea/tesi/ros2_mapf_cbs/project_1/build/my_nav2_planner' returned '0': CMAKE_PREFIX_PATH=${CMAKE_PREFIX_PATH}:/home/andrea/tesi/ros2_mapf_cbs/project_1/install/my_package:/home/andrea/tesi/ros2_mapf_cbs/project_1/install/my_intermediate:/home/andrea/tesi/ros2_mapf_cbs/simple_example/install/my_py_pkg:/opt/ros/humble /usr/bin/cmake --build /home/andrea/tesi/ros2_mapf_cbs/project_1/build/my_nav2_planner -- -j8 -l8
[8.984s] Invoking command in '/home/andrea/tesi/ros2_mapf_cbs/project_1/build/my_nav2_planner': CMAKE_PREFIX_PATH=${CMAKE_PREFIX_PATH}:/home/andrea/tesi/ros2_mapf_cbs/project_1/install/my_package:/home/andrea/tesi/ros2_mapf_cbs/project_1/install/my_intermediate:/home/andrea/tesi/ros2_mapf_cbs/simple_example/install/my_py_pkg:/opt/ros/humble /usr/bin/cmake --install /home/andrea/tesi/ros2_mapf_cbs/project_1/build/my_nav2_planner
[8.990s] -- Install configuration: "Release"
[8.990s] -- Installing: /home/andrea/tesi/ros2_mapf_cbs/project_1/install/my_nav2_planner/lib/libmy_planner_server_core.so
[8.991s] -- Set runtime path of "/home/andrea/tesi/ros2_mapf_cbs/project_1/install/my_nav2_planner/lib/libmy_planner_server_core.so" to ""
[8.991s] -- Installing: /home/andrea/tesi/ros2_mapf_cbs/project_1/install/my_nav2_planner/lib/my_nav2_planner/my_planner_server
[8.991s] -- Set runtime path of "/home/andrea/tesi/ros2_mapf_cbs/project_1/install/my_nav2_planner/lib/my_nav2_planner/my_planner_server" to ""
[8.991s] -- Installing: /home/andrea/tesi/ros2_mapf_cbs/project_1/install/my_nav2_planner/include/
[8.991s] -- Installing: /home/andrea/tesi/ros2_mapf_cbs/project_1/install/my_nav2_planner/include//my_nav2_planner
[8.991s] -- Installing: /home/andrea/tesi/ros2_mapf_cbs/project_1/install/my_nav2_planner/include//my_nav2_planner/my_planner_server.hpp
[8.991s] -- Installing: /home/andrea/tesi/ros2_mapf_cbs/project_1/install/my_nav2_planner/share/my_nav2_planner/environment/library_path.sh
[8.991s] -- Installing: /home/andrea/tesi/ros2_mapf_cbs/project_1/install/my_nav2_planner/share/my_nav2_planner/environment/library_path.dsv
[8.991s] -- Installing: /home/andrea/tesi/ros2_mapf_cbs/project_1/install/my_nav2_planner/share/ament_index/resource_index/package_run_dependencies/my_nav2_planner
[8.992s] -- Installing: /home/andrea/tesi/ros2_mapf_cbs/project_1/install/my_nav2_planner/share/ament_index/resource_index/parent_prefix_path/my_nav2_planner
[8.992s] -- Installing: /home/andrea/tesi/ros2_mapf_cbs/project_1/install/my_nav2_planner/share/my_nav2_planner/environment/ament_prefix_path.sh
[8.992s] -- Installing: /home/andrea/tesi/ros2_mapf_cbs/project_1/install/my_nav2_planner/share/my_nav2_planner/environment/ament_prefix_path.dsv
[8.992s] -- Installing: /home/andrea/tesi/ros2_mapf_cbs/project_1/install/my_nav2_planner/share/my_nav2_planner/environment/path.sh
[8.992s] -- Installing: /home/andrea/tesi/ros2_mapf_cbs/project_1/install/my_nav2_planner/share/my_nav2_planner/environment/path.dsv
[8.992s] -- Installing: /home/andrea/tesi/ros2_mapf_cbs/project_1/install/my_nav2_planner/share/my_nav2_planner/local_setup.bash
[8.992s] -- Installing: /home/andrea/tesi/ros2_mapf_cbs/project_1/install/my_nav2_planner/share/my_nav2_planner/local_setup.sh
[8.992s] -- Installing: /home/andrea/tesi/ros2_mapf_cbs/project_1/install/my_nav2_planner/share/my_nav2_planner/local_setup.zsh
[8.992s] -- Installing: /home/andrea/tesi/ros2_mapf_cbs/project_1/install/my_nav2_planner/share/my_nav2_planner/local_setup.dsv
[8.992s] -- Installing: /home/andrea/tesi/ros2_mapf_cbs/project_1/install/my_nav2_planner/share/my_nav2_planner/package.dsv
[8.992s] -- Installing: /home/andrea/tesi/ros2_mapf_cbs/project_1/install/my_nav2_planner/share/ament_index/resource_index/packages/my_nav2_planner
[8.992s] -- Installing: /home/andrea/tesi/ros2_mapf_cbs/project_1/install/my_nav2_planner/share/ament_index/resource_index/rclcpp_components/my_nav2_planner
[8.992s] -- Installing: /home/andrea/tesi/ros2_mapf_cbs/project_1/install/my_nav2_planner/share/my_nav2_planner/cmake/ament_cmake_export_include_directories-extras.cmake
[8.992s] -- Installing: /home/andrea/tesi/ros2_mapf_cbs/project_1/install/my_nav2_planner/share/my_nav2_planner/cmake/ament_cmake_export_libraries-extras.cmake
[8.993s] -- Installing: /home/andrea/tesi/ros2_mapf_cbs/project_1/install/my_nav2_planner/share/my_nav2_planner/cmake/ament_cmake_export_dependencies-extras.cmake
[8.993s] -- Installing: /home/andrea/tesi/ros2_mapf_cbs/project_1/install/my_nav2_planner/share/my_nav2_planner/cmake/my_nav2_plannerConfig.cmake
[8.993s] -- Installing: /home/andrea/tesi/ros2_mapf_cbs/project_1/install/my_nav2_planner/share/my_nav2_planner/cmake/my_nav2_plannerConfig-version.cmake
[8.993s] -- Installing: /home/andrea/tesi/ros2_mapf_cbs/project_1/install/my_nav2_planner/share/my_nav2_planner/package.xml
[8.995s] Invoked command in '/home/andrea/tesi/ros2_mapf_cbs/project_1/build/my_nav2_planner' returned '0': CMAKE_PREFIX_PATH=${CMAKE_PREFIX_PATH}:/home/andrea/tesi/ros2_mapf_cbs/project_1/install/my_package:/home/andrea/tesi/ros2_mapf_cbs/project_1/install/my_intermediate:/home/andrea/tesi/ros2_mapf_cbs/simple_example/install/my_py_pkg:/opt/ros/humble /usr/bin/cmake --install /home/andrea/tesi/ros2_mapf_cbs/project_1/build/my_nav2_planner
