[1.428s] Invoking command in '/home/andrea/tesi/ros2_mapf_cbs/project_1/build/my_package': PYTHONPATH=/home/andrea/tesi/ros2_mapf_cbs/project_1/build/my_package/prefix_override:/home/andrea/tesi/ros2_mapf_cbs/project_1/install/my_package/lib/python3.10/site-packages:${PYTHONPATH} /usr/bin/python3 setup.py develop --uninstall --editable --build-directory /home/andrea/tesi/ros2_mapf_cbs/project_1/build/my_package/build
[1.716s] running develop
[1.874s] Removing /home/andrea/tesi/ros2_mapf_cbs/project_1/install/my_package/lib/python3.10/site-packages/my-package.egg-link (link to .)
[1.925s] Invoked command in '/home/andrea/tesi/ros2_mapf_cbs/project_1/build/my_package' returned '0': PYTHONPATH=/home/andrea/tesi/ros2_mapf_cbs/project_1/build/my_package/prefix_override:/home/andrea/tesi/ros2_mapf_cbs/project_1/install/my_package/lib/python3.10/site-packages:${PYTHONPATH} /usr/bin/python3 setup.py develop --uninstall --editable --build-directory /home/andrea/tesi/ros2_mapf_cbs/project_1/build/my_package/build
[1.929s] Invoking command in '/home/andrea/tesi/ros2_mapf_cbs/project_1/src/my_package': PYTHONPATH=/home/andrea/tesi/ros2_mapf_cbs/project_1/build/my_package/prefix_override:/home/andrea/tesi/ros2_mapf_cbs/project_1/install/my_package/lib/python3.10/site-packages:${PYTHONPATH} /usr/bin/python3 setup.py egg_info --egg-base ../../build/my_package build --build-base /home/andrea/tesi/ros2_mapf_cbs/project_1/build/my_package/build install --record /home/andrea/tesi/ros2_mapf_cbs/project_1/build/my_package/install.log --single-version-externally-managed
[2.191s] running egg_info
[2.192s] writing ../../build/my_package/my_package.egg-info/PKG-INFO
[2.192s] writing dependency_links to ../../build/my_package/my_package.egg-info/dependency_links.txt
[2.193s] writing entry points to ../../build/my_package/my_package.egg-info/entry_points.txt
[2.193s] writing requirements to ../../build/my_package/my_package.egg-info/requires.txt
[2.193s] writing top-level names to ../../build/my_package/my_package.egg-info/top_level.txt
[2.194s] reading manifest file '../../build/my_package/my_package.egg-info/SOURCES.txt'
[2.194s] adding license file 'LICENSE'
[2.195s] writing manifest file '../../build/my_package/my_package.egg-info/SOURCES.txt'
[2.195s] running build
[2.195s] running build_py
[2.195s] running install
[2.195s] running install_lib
[2.196s] creating /home/andrea/tesi/ros2_mapf_cbs/project_1/install/my_package/lib/python3.10/site-packages/my_package
[2.196s] copying /home/andrea/tesi/ros2_mapf_cbs/project_1/build/my_package/build/lib/my_package/my_robot_driver.py -> /home/andrea/tesi/ros2_mapf_cbs/project_1/install/my_package/lib/python3.10/site-packages/my_package
[2.196s] copying /home/andrea/tesi/ros2_mapf_cbs/project_1/build/my_package/build/lib/my_package/__init__.py -> /home/andrea/tesi/ros2_mapf_cbs/project_1/install/my_package/lib/python3.10/site-packages/my_package
[2.196s] copying /home/andrea/tesi/ros2_mapf_cbs/project_1/build/my_package/build/lib/my_package/robot_spawner.py -> /home/andrea/tesi/ros2_mapf_cbs/project_1/install/my_package/lib/python3.10/site-packages/my_package
[2.197s] byte-compiling /home/andrea/tesi/ros2_mapf_cbs/project_1/install/my_package/lib/python3.10/site-packages/my_package/my_robot_driver.py to my_robot_driver.cpython-310.pyc
[2.197s] byte-compiling /home/andrea/tesi/ros2_mapf_cbs/project_1/install/my_package/lib/python3.10/site-packages/my_package/__init__.py to __init__.cpython-310.pyc
[2.197s] byte-compiling /home/andrea/tesi/ros2_mapf_cbs/project_1/install/my_package/lib/python3.10/site-packages/my_package/robot_spawner.py to robot_spawner.cpython-310.pyc
[2.198s] running install_data
[2.198s] running install_egg_info
[2.200s] Copying ../../build/my_package/my_package.egg-info to /home/andrea/tesi/ros2_mapf_cbs/project_1/install/my_package/lib/python3.10/site-packages/my_package-0.0.0-py3.10.egg-info
[2.202s] running install_scripts
[2.225s] Installing my_robot_driver script to /home/andrea/tesi/ros2_mapf_cbs/project_1/install/my_package/lib/my_package
[2.226s] Installing robot_spawner script to /home/andrea/tesi/ros2_mapf_cbs/project_1/install/my_package/lib/my_package
[2.226s] writing list of installed files to '/home/andrea/tesi/ros2_mapf_cbs/project_1/build/my_package/install.log'
[2.393s] Invoked command in '/home/andrea/tesi/ros2_mapf_cbs/project_1/src/my_package' returned '0': PYTHONPATH=/home/andrea/tesi/ros2_mapf_cbs/project_1/build/my_package/prefix_override:/home/andrea/tesi/ros2_mapf_cbs/project_1/install/my_package/lib/python3.10/site-packages:${PYTHONPATH} /usr/bin/python3 setup.py egg_info --egg-base ../../build/my_package build --build-base /home/andrea/tesi/ros2_mapf_cbs/project_1/build/my_package/build install --record /home/andrea/tesi/ros2_mapf_cbs/project_1/build/my_package/install.log --single-version-externally-managed
