[1.069s] Invoking command in '/home/andrea/tesi/ros2_mapf_cbs/project_1/build/my_intermediate': PYTHONPATH=/home/andrea/tesi/ros2_mapf_cbs/project_1/build/my_intermediate/prefix_override:/home/andrea/tesi/ros2_mapf_cbs/project_1/install/my_intermediate/lib/python3.10/site-packages:${PYTHONPATH} /usr/bin/python3 setup.py develop --editable --build-directory /home/andrea/tesi/ros2_mapf_cbs/project_1/build/my_intermediate/build --no-deps install_data
[1.281s] running develop
[1.421s] running egg_info
[1.421s] writing my_intermediate.egg-info/PKG-INFO
[1.421s] writing dependency_links to my_intermediate.egg-info/dependency_links.txt
[1.422s] writing entry points to my_intermediate.egg-info/entry_points.txt
[1.422s] writing requirements to my_intermediate.egg-info/requires.txt
[1.422s] writing top-level names to my_intermediate.egg-info/top_level.txt
[1.425s] reading manifest file 'my_intermediate.egg-info/SOURCES.txt'
[1.426s] writing manifest file 'my_intermediate.egg-info/SOURCES.txt'
[1.427s] running build_ext
[1.427s] Creating /home/andrea/tesi/ros2_mapf_cbs/project_1/install/my_intermediate/lib/python3.10/site-packages/my-intermediate.egg-link (link to .)
[1.428s] Installing collision_avoider script to /home/andrea/tesi/ros2_mapf_cbs/project_1/install/my_intermediate/lib/my_intermediate
[1.428s] Installing fake_asker script to /home/andrea/tesi/ros2_mapf_cbs/project_1/install/my_intermediate/lib/my_intermediate
[1.429s] Installing map_discretizer script to /home/andrea/tesi/ros2_mapf_cbs/project_1/install/my_intermediate/lib/my_intermediate
[1.429s] Installing multi_agent_plan_asker script to /home/andrea/tesi/ros2_mapf_cbs/project_1/install/my_intermediate/lib/my_intermediate
[1.429s] Installing plan_asker script to /home/andrea/tesi/ros2_mapf_cbs/project_1/install/my_intermediate/lib/my_intermediate
[1.429s] 
[1.429s] Installed /home/andrea/tesi/ros2_mapf_cbs/project_1/build/my_intermediate
[1.429s] running install_data
[1.487s] Invoked command in '/home/andrea/tesi/ros2_mapf_cbs/project_1/build/my_intermediate' returned '0': PYTHONPATH=/home/andrea/tesi/ros2_mapf_cbs/project_1/build/my_intermediate/prefix_override:/home/andrea/tesi/ros2_mapf_cbs/project_1/install/my_intermediate/lib/python3.10/site-packages:${PYTHONPATH} /usr/bin/python3 setup.py develop --editable --build-directory /home/andrea/tesi/ros2_mapf_cbs/project_1/build/my_intermediate/build --no-deps install_data
