[0.904s] DEBUG:colcon:Command line arguments: ['/usr/bin/colcon', 'build', '--symlink-install']
[0.904s] DEBUG:colcon:Parsed command line arguments: Namespace(log_base=None, log_level=None, verb_name='build', build_base='build', install_base='install', merge_install=False, symlink_install=True, test_result_base=None, continue_on_error=False, executor='parallel', parallel_workers=8, event_handlers=None, ignore_user_meta=False, metas=['./colcon.meta'], base_paths=['.'], packages_ignore=None, packages_ignore_regex=None, paths=None, packages_up_to=None, packages_up_to_regex=None, packages_above=None, packages_above_and_dependencies=None, packages_above_depth=None, packages_select_by_dep=None, packages_skip_by_dep=None, packages_skip_up_to=None, packages_select_build_failed=False, packages_skip_build_finished=False, packages_select_test_failures=False, packages_skip_test_passed=False, packages_select=None, packages_skip=None, packages_select_regex=None, packages_skip_regex=None, packages_start=None, packages_end=None, allow_overriding=[], cmake_args=None, cmake_target=None, cmake_target_skip_unavailable=False, cmake_clean_cache=False, cmake_clean_first=False, cmake_force_configure=False, ament_cmake_args=None, catkin_cmake_args=None, catkin_skip_building_tests=False, verb_parser=<colcon_defaults.argument_parser.defaults.DefaultArgumentsDecorator object at 0x7f0c1be08fd0>, verb_extension=<colcon_core.verb.build.BuildVerb object at 0x7f0c1c3b5b10>, main=<bound method BuildVerb.main of <colcon_core.verb.build.BuildVerb object at 0x7f0c1c3b5b10>>)
[0.944s] Level 1:colcon.colcon_core.package_discovery:discover_packages(colcon_meta) check parameters
[0.945s] Level 1:colcon.colcon_core.package_discovery:discover_packages(recursive) check parameters
[0.945s] Level 1:colcon.colcon_core.package_discovery:discover_packages(ignore) check parameters
[0.945s] Level 1:colcon.colcon_core.package_discovery:discover_packages(path) check parameters
[0.945s] Level 1:colcon.colcon_core.package_discovery:discover_packages(colcon_meta) discover
[0.945s] Level 1:colcon.colcon_core.package_discovery:discover_packages(recursive) discover
[0.945s] INFO:colcon.colcon_core.package_discovery:Crawling recursively for packages in '/home/andrea/tesi/ros2_mapf_cbs/project_1'
[0.945s] Level 1:colcon.colcon_core.package_identification:_identify(.) by extensions ['ignore', 'ignore_ament_install']
[0.945s] Level 1:colcon.colcon_core.package_identification:_identify(.) by extension 'ignore'
[0.945s] Level 1:colcon.colcon_core.package_identification:_identify(.) by extension 'ignore_ament_install'
[0.945s] Level 1:colcon.colcon_core.package_identification:_identify(.) by extensions ['colcon_pkg']
[0.945s] Level 1:colcon.colcon_core.package_identification:_identify(.) by extension 'colcon_pkg'
[0.945s] Level 1:colcon.colcon_core.package_identification:_identify(.) by extensions ['colcon_meta']
[0.945s] Level 1:colcon.colcon_core.package_identification:_identify(.) by extension 'colcon_meta'
[0.945s] Level 1:colcon.colcon_core.package_identification:_identify(.) by extensions ['ros']
[0.946s] Level 1:colcon.colcon_core.package_identification:_identify(.) by extension 'ros'
[0.955s] Level 1:colcon.colcon_core.package_identification:_identify(.) by extensions ['cmake', 'python']
[0.955s] Level 1:colcon.colcon_core.package_identification:_identify(.) by extension 'cmake'
[0.955s] Level 1:colcon.colcon_core.package_identification:_identify(.) by extension 'python'
[0.955s] Level 1:colcon.colcon_core.package_identification:_identify(.) by extensions ['python_setup_py']
[0.955s] Level 1:colcon.colcon_core.package_identification:_identify(.) by extension 'python_setup_py'
[0.955s] Level 1:colcon.colcon_core.package_identification:_identify(build) by extensions ['ignore', 'ignore_ament_install']
[0.955s] Level 1:colcon.colcon_core.package_identification:_identify(build) by extension 'ignore'
[0.955s] Level 1:colcon.colcon_core.package_identification:_identify(build) ignored
[0.955s] Level 1:colcon.colcon_core.package_identification:_identify(install) by extensions ['ignore', 'ignore_ament_install']
[0.955s] Level 1:colcon.colcon_core.package_identification:_identify(install) by extension 'ignore'
[0.955s] Level 1:colcon.colcon_core.package_identification:_identify(install) ignored
[0.955s] Level 1:colcon.colcon_core.package_identification:_identify(log) by extensions ['ignore', 'ignore_ament_install']
[0.955s] Level 1:colcon.colcon_core.package_identification:_identify(log) by extension 'ignore'
[0.956s] Level 1:colcon.colcon_core.package_identification:_identify(log) ignored
[0.956s] Level 1:colcon.colcon_core.package_identification:_identify(src) by extensions ['ignore', 'ignore_ament_install']
[0.956s] Level 1:colcon.colcon_core.package_identification:_identify(src) by extension 'ignore'
[0.956s] Level 1:colcon.colcon_core.package_identification:_identify(src) by extension 'ignore_ament_install'
[0.956s] Level 1:colcon.colcon_core.package_identification:_identify(src) by extensions ['colcon_pkg']
[0.956s] Level 1:colcon.colcon_core.package_identification:_identify(src) by extension 'colcon_pkg'
[0.956s] Level 1:colcon.colcon_core.package_identification:_identify(src) by extensions ['colcon_meta']
[0.956s] Level 1:colcon.colcon_core.package_identification:_identify(src) by extension 'colcon_meta'
[0.956s] Level 1:colcon.colcon_core.package_identification:_identify(src) by extensions ['ros']
[0.956s] Level 1:colcon.colcon_core.package_identification:_identify(src) by extension 'ros'
[0.956s] Level 1:colcon.colcon_core.package_identification:_identify(src) by extensions ['cmake', 'python']
[0.956s] Level 1:colcon.colcon_core.package_identification:_identify(src) by extension 'cmake'
[0.956s] Level 1:colcon.colcon_core.package_identification:_identify(src) by extension 'python'
[0.956s] Level 1:colcon.colcon_core.package_identification:_identify(src) by extensions ['python_setup_py']
[0.956s] Level 1:colcon.colcon_core.package_identification:_identify(src) by extension 'python_setup_py'
[0.956s] Level 1:colcon.colcon_core.package_identification:_identify(src/my_intermediate) by extensions ['ignore', 'ignore_ament_install']
[0.956s] Level 1:colcon.colcon_core.package_identification:_identify(src/my_intermediate) by extension 'ignore'
[0.956s] Level 1:colcon.colcon_core.package_identification:_identify(src/my_intermediate) by extension 'ignore_ament_install'
[0.956s] Level 1:colcon.colcon_core.package_identification:_identify(src/my_intermediate) by extensions ['colcon_pkg']
[0.956s] Level 1:colcon.colcon_core.package_identification:_identify(src/my_intermediate) by extension 'colcon_pkg'
[0.956s] Level 1:colcon.colcon_core.package_identification:_identify(src/my_intermediate) by extensions ['colcon_meta']
[0.956s] Level 1:colcon.colcon_core.package_identification:_identify(src/my_intermediate) by extension 'colcon_meta'
[0.956s] Level 1:colcon.colcon_core.package_identification:_identify(src/my_intermediate) by extensions ['ros']
[0.956s] Level 1:colcon.colcon_core.package_identification:_identify(src/my_intermediate) by extension 'ros'
[0.960s] DEBUG:colcon.colcon_core.package_identification:Package 'src/my_intermediate' with type 'ros.ament_python' and name 'my_intermediate'
[0.960s] Level 1:colcon.colcon_core.package_identification:_identify(src/my_intermediate_interfaces) by extensions ['ignore', 'ignore_ament_install']
[0.960s] Level 1:colcon.colcon_core.package_identification:_identify(src/my_intermediate_interfaces) by extension 'ignore'
[0.960s] Level 1:colcon.colcon_core.package_identification:_identify(src/my_intermediate_interfaces) by extension 'ignore_ament_install'
[0.960s] Level 1:colcon.colcon_core.package_identification:_identify(src/my_intermediate_interfaces) by extensions ['colcon_pkg']
[0.960s] Level 1:colcon.colcon_core.package_identification:_identify(src/my_intermediate_interfaces) by extension 'colcon_pkg'
[0.960s] Level 1:colcon.colcon_core.package_identification:_identify(src/my_intermediate_interfaces) by extensions ['colcon_meta']
[0.960s] Level 1:colcon.colcon_core.package_identification:_identify(src/my_intermediate_interfaces) by extension 'colcon_meta'
[0.960s] Level 1:colcon.colcon_core.package_identification:_identify(src/my_intermediate_interfaces) by extensions ['ros']
[0.960s] Level 1:colcon.colcon_core.package_identification:_identify(src/my_intermediate_interfaces) by extension 'ros'
[0.961s] DEBUG:colcon.colcon_core.package_identification:Package 'src/my_intermediate_interfaces' with type 'ros.ament_cmake' and name 'my_intermediate_interfaces'
[0.961s] Level 1:colcon.colcon_core.package_identification:_identify(src/my_package) by extensions ['ignore', 'ignore_ament_install']
[0.961s] Level 1:colcon.colcon_core.package_identification:_identify(src/my_package) by extension 'ignore'
[0.961s] Level 1:colcon.colcon_core.package_identification:_identify(src/my_package) by extension 'ignore_ament_install'
[0.961s] Level 1:colcon.colcon_core.package_identification:_identify(src/my_package) by extensions ['colcon_pkg']
[0.961s] Level 1:colcon.colcon_core.package_identification:_identify(src/my_package) by extension 'colcon_pkg'
[0.961s] Level 1:colcon.colcon_core.package_identification:_identify(src/my_package) by extensions ['colcon_meta']
[0.961s] Level 1:colcon.colcon_core.package_identification:_identify(src/my_package) by extension 'colcon_meta'
[0.961s] Level 1:colcon.colcon_core.package_identification:_identify(src/my_package) by extensions ['ros']
[0.961s] Level 1:colcon.colcon_core.package_identification:_identify(src/my_package) by extension 'ros'
[0.961s] DEBUG:colcon.colcon_core.package_identification:Package 'src/my_package' with type 'ros.ament_python' and name 'my_package'
[0.961s] Level 1:colcon.colcon_core.package_identification:_identify(src/my_try_bringup) by extensions ['ignore', 'ignore_ament_install']
[0.961s] Level 1:colcon.colcon_core.package_identification:_identify(src/my_try_bringup) by extension 'ignore'
[0.962s] Level 1:colcon.colcon_core.package_identification:_identify(src/my_try_bringup) by extension 'ignore_ament_install'
[0.962s] Level 1:colcon.colcon_core.package_identification:_identify(src/my_try_bringup) by extensions ['colcon_pkg']
[0.962s] Level 1:colcon.colcon_core.package_identification:_identify(src/my_try_bringup) by extension 'colcon_pkg'
[0.962s] Level 1:colcon.colcon_core.package_identification:_identify(src/my_try_bringup) by extensions ['colcon_meta']
[0.962s] Level 1:colcon.colcon_core.package_identification:_identify(src/my_try_bringup) by extension 'colcon_meta'
[0.962s] Level 1:colcon.colcon_core.package_identification:_identify(src/my_try_bringup) by extensions ['ros']
[0.962s] Level 1:colcon.colcon_core.package_identification:_identify(src/my_try_bringup) by extension 'ros'
[0.962s] DEBUG:colcon.colcon_core.package_identification:Package 'src/my_try_bringup' with type 'ros.ament_cmake' and name 'my_try_bringup'
[0.962s] Level 1:colcon.colcon_core.package_identification:_identify(src/turtlebot3_multi_robot) by extensions ['ignore', 'ignore_ament_install']
[0.962s] Level 1:colcon.colcon_core.package_identification:_identify(src/turtlebot3_multi_robot) by extension 'ignore'
[0.962s] Level 1:colcon.colcon_core.package_identification:_identify(src/turtlebot3_multi_robot) by extension 'ignore_ament_install'
[0.962s] Level 1:colcon.colcon_core.package_identification:_identify(src/turtlebot3_multi_robot) by extensions ['colcon_pkg']
[0.962s] Level 1:colcon.colcon_core.package_identification:_identify(src/turtlebot3_multi_robot) by extension 'colcon_pkg'
[0.962s] Level 1:colcon.colcon_core.package_identification:_identify(src/turtlebot3_multi_robot) by extensions ['colcon_meta']
[0.962s] Level 1:colcon.colcon_core.package_identification:_identify(src/turtlebot3_multi_robot) by extension 'colcon_meta'
[0.962s] Level 1:colcon.colcon_core.package_identification:_identify(src/turtlebot3_multi_robot) by extensions ['ros']
[0.962s] Level 1:colcon.colcon_core.package_identification:_identify(src/turtlebot3_multi_robot) by extension 'ros'
[0.963s] DEBUG:colcon.colcon_core.package_identification:Package 'src/turtlebot3_multi_robot' with type 'ros.ament_cmake' and name 'turtlebot3_multi_robot'
[0.963s] Level 1:colcon.colcon_core.package_discovery:discover_packages(recursive) using defaults
[0.963s] Level 1:colcon.colcon_core.package_discovery:discover_packages(ignore) discover
[0.963s] Level 1:colcon.colcon_core.package_discovery:discover_packages(ignore) using defaults
[0.963s] Level 1:colcon.colcon_core.package_discovery:discover_packages(path) discover
[0.963s] Level 1:colcon.colcon_core.package_discovery:discover_packages(path) using defaults
[1.040s] Level 1:colcon.colcon_core.package_discovery:discover_packages(prefix_path) check parameters
[1.040s] Level 1:colcon.colcon_core.package_discovery:discover_packages(prefix_path) discover
[1.066s] DEBUG:colcon.colcon_installed_package_information.package_discovery:Found 5 installed packages in /home/andrea/tesi/ros2_mapf_cbs/project_1/install
[1.090s] DEBUG:colcon.colcon_installed_package_information.package_discovery:Found 3 installed packages in /home/andrea/tesi/ros2_mapf_cbs/simple_example/install
[1.102s] DEBUG:colcon.colcon_installed_package_information.package_discovery:Found 371 installed packages in /opt/ros/humble
[1.104s] Level 1:colcon.colcon_core.package_discovery:discover_packages(prefix_path) using defaults
[1.186s] Level 5:colcon.colcon_core.verb:set package 'my_intermediate' build argument 'cmake_args' from command line to 'None'
[1.186s] Level 5:colcon.colcon_core.verb:set package 'my_intermediate' build argument 'cmake_target' from command line to 'None'
[1.186s] Level 5:colcon.colcon_core.verb:set package 'my_intermediate' build argument 'cmake_target_skip_unavailable' from command line to 'False'
[1.186s] Level 5:colcon.colcon_core.verb:set package 'my_intermediate' build argument 'cmake_clean_cache' from command line to 'False'
[1.186s] Level 5:colcon.colcon_core.verb:set package 'my_intermediate' build argument 'cmake_clean_first' from command line to 'False'
[1.186s] Level 5:colcon.colcon_core.verb:set package 'my_intermediate' build argument 'cmake_force_configure' from command line to 'False'
[1.186s] Level 5:colcon.colcon_core.verb:set package 'my_intermediate' build argument 'ament_cmake_args' from command line to 'None'
[1.186s] Level 5:colcon.colcon_core.verb:set package 'my_intermediate' build argument 'catkin_cmake_args' from command line to 'None'
[1.186s] Level 5:colcon.colcon_core.verb:set package 'my_intermediate' build argument 'catkin_skip_building_tests' from command line to 'False'
[1.186s] DEBUG:colcon.colcon_core.verb:Building package 'my_intermediate' with the following arguments: {'ament_cmake_args': None, 'build_base': '/home/andrea/tesi/ros2_mapf_cbs/project_1/build/my_intermediate', 'catkin_cmake_args': None, 'catkin_skip_building_tests': False, 'cmake_args': None, 'cmake_clean_cache': False, 'cmake_clean_first': False, 'cmake_force_configure': False, 'cmake_target': None, 'cmake_target_skip_unavailable': False, 'install_base': '/home/andrea/tesi/ros2_mapf_cbs/project_1/install/my_intermediate', 'merge_install': False, 'path': '/home/andrea/tesi/ros2_mapf_cbs/project_1/src/my_intermediate', 'symlink_install': True, 'test_result_base': None}
[1.198s] Level 5:colcon.colcon_core.verb:set package 'my_intermediate_interfaces' build argument 'cmake_args' from command line to 'None'
[1.198s] Level 5:colcon.colcon_core.verb:set package 'my_intermediate_interfaces' build argument 'cmake_target' from command line to 'None'
[1.198s] Level 5:colcon.colcon_core.verb:set package 'my_intermediate_interfaces' build argument 'cmake_target_skip_unavailable' from command line to 'False'
[1.198s] Level 5:colcon.colcon_core.verb:set package 'my_intermediate_interfaces' build argument 'cmake_clean_cache' from command line to 'False'
[1.198s] Level 5:colcon.colcon_core.verb:set package 'my_intermediate_interfaces' build argument 'cmake_clean_first' from command line to 'False'
[1.198s] Level 5:colcon.colcon_core.verb:set package 'my_intermediate_interfaces' build argument 'cmake_force_configure' from command line to 'False'
[1.198s] Level 5:colcon.colcon_core.verb:set package 'my_intermediate_interfaces' build argument 'ament_cmake_args' from command line to 'None'
[1.198s] Level 5:colcon.colcon_core.verb:set package 'my_intermediate_interfaces' build argument 'catkin_cmake_args' from command line to 'None'
[1.198s] Level 5:colcon.colcon_core.verb:set package 'my_intermediate_interfaces' build argument 'catkin_skip_building_tests' from command line to 'False'
[1.198s] DEBUG:colcon.colcon_core.verb:Building package 'my_intermediate_interfaces' with the following arguments: {'ament_cmake_args': None, 'build_base': '/home/andrea/tesi/ros2_mapf_cbs/project_1/build/my_intermediate_interfaces', 'catkin_cmake_args': None, 'catkin_skip_building_tests': False, 'cmake_args': None, 'cmake_clean_cache': False, 'cmake_clean_first': False, 'cmake_force_configure': False, 'cmake_target': None, 'cmake_target_skip_unavailable': False, 'install_base': '/home/andrea/tesi/ros2_mapf_cbs/project_1/install/my_intermediate_interfaces', 'merge_install': False, 'path': '/home/andrea/tesi/ros2_mapf_cbs/project_1/src/my_intermediate_interfaces', 'symlink_install': True, 'test_result_base': None}
[1.209s] Level 5:colcon.colcon_core.verb:set package 'my_package' build argument 'cmake_args' from command line to 'None'
[1.209s] Level 5:colcon.colcon_core.verb:set package 'my_package' build argument 'cmake_target' from command line to 'None'
[1.209s] Level 5:colcon.colcon_core.verb:set package 'my_package' build argument 'cmake_target_skip_unavailable' from command line to 'False'
[1.209s] Level 5:colcon.colcon_core.verb:set package 'my_package' build argument 'cmake_clean_cache' from command line to 'False'
[1.209s] Level 5:colcon.colcon_core.verb:set package 'my_package' build argument 'cmake_clean_first' from command line to 'False'
[1.209s] Level 5:colcon.colcon_core.verb:set package 'my_package' build argument 'cmake_force_configure' from command line to 'False'
[1.209s] Level 5:colcon.colcon_core.verb:set package 'my_package' build argument 'ament_cmake_args' from command line to 'None'
[1.209s] Level 5:colcon.colcon_core.verb:set package 'my_package' build argument 'catkin_cmake_args' from command line to 'None'
[1.209s] Level 5:colcon.colcon_core.verb:set package 'my_package' build argument 'catkin_skip_building_tests' from command line to 'False'
[1.209s] DEBUG:colcon.colcon_core.verb:Building package 'my_package' with the following arguments: {'ament_cmake_args': None, 'build_base': '/home/andrea/tesi/ros2_mapf_cbs/project_1/build/my_package', 'catkin_cmake_args': None, 'catkin_skip_building_tests': False, 'cmake_args': None, 'cmake_clean_cache': False, 'cmake_clean_first': False, 'cmake_force_configure': False, 'cmake_target': None, 'cmake_target_skip_unavailable': False, 'install_base': '/home/andrea/tesi/ros2_mapf_cbs/project_1/install/my_package', 'merge_install': False, 'path': '/home/andrea/tesi/ros2_mapf_cbs/project_1/src/my_package', 'symlink_install': True, 'test_result_base': None}
[1.220s] Level 5:colcon.colcon_core.verb:set package 'my_try_bringup' build argument 'cmake_args' from command line to 'None'
[1.220s] Level 5:colcon.colcon_core.verb:set package 'my_try_bringup' build argument 'cmake_target' from command line to 'None'
[1.220s] Level 5:colcon.colcon_core.verb:set package 'my_try_bringup' build argument 'cmake_target_skip_unavailable' from command line to 'False'
[1.220s] Level 5:colcon.colcon_core.verb:set package 'my_try_bringup' build argument 'cmake_clean_cache' from command line to 'False'
[1.220s] Level 5:colcon.colcon_core.verb:set package 'my_try_bringup' build argument 'cmake_clean_first' from command line to 'False'
[1.220s] Level 5:colcon.colcon_core.verb:set package 'my_try_bringup' build argument 'cmake_force_configure' from command line to 'False'
[1.220s] Level 5:colcon.colcon_core.verb:set package 'my_try_bringup' build argument 'ament_cmake_args' from command line to 'None'
[1.220s] Level 5:colcon.colcon_core.verb:set package 'my_try_bringup' build argument 'catkin_cmake_args' from command line to 'None'
[1.220s] Level 5:colcon.colcon_core.verb:set package 'my_try_bringup' build argument 'catkin_skip_building_tests' from command line to 'False'
[1.220s] DEBUG:colcon.colcon_core.verb:Building package 'my_try_bringup' with the following arguments: {'ament_cmake_args': None, 'build_base': '/home/andrea/tesi/ros2_mapf_cbs/project_1/build/my_try_bringup', 'catkin_cmake_args': None, 'catkin_skip_building_tests': False, 'cmake_args': None, 'cmake_clean_cache': False, 'cmake_clean_first': False, 'cmake_force_configure': False, 'cmake_target': None, 'cmake_target_skip_unavailable': False, 'install_base': '/home/andrea/tesi/ros2_mapf_cbs/project_1/install/my_try_bringup', 'merge_install': False, 'path': '/home/andrea/tesi/ros2_mapf_cbs/project_1/src/my_try_bringup', 'symlink_install': True, 'test_result_base': None}
[1.232s] Level 5:colcon.colcon_core.verb:set package 'turtlebot3_multi_robot' build argument 'cmake_args' from command line to 'None'
[1.232s] Level 5:colcon.colcon_core.verb:set package 'turtlebot3_multi_robot' build argument 'cmake_target' from command line to 'None'
[1.232s] Level 5:colcon.colcon_core.verb:set package 'turtlebot3_multi_robot' build argument 'cmake_target_skip_unavailable' from command line to 'False'
[1.232s] Level 5:colcon.colcon_core.verb:set package 'turtlebot3_multi_robot' build argument 'cmake_clean_cache' from command line to 'False'
[1.232s] Level 5:colcon.colcon_core.verb:set package 'turtlebot3_multi_robot' build argument 'cmake_clean_first' from command line to 'False'
[1.232s] Level 5:colcon.colcon_core.verb:set package 'turtlebot3_multi_robot' build argument 'cmake_force_configure' from command line to 'False'
[1.232s] Level 5:colcon.colcon_core.verb:set package 'turtlebot3_multi_robot' build argument 'ament_cmake_args' from command line to 'None'
[1.232s] Level 5:colcon.colcon_core.verb:set package 'turtlebot3_multi_robot' build argument 'catkin_cmake_args' from command line to 'None'
[1.232s] Level 5:colcon.colcon_core.verb:set package 'turtlebot3_multi_robot' build argument 'catkin_skip_building_tests' from command line to 'False'
[1.232s] DEBUG:colcon.colcon_core.verb:Building package 'turtlebot3_multi_robot' with the following arguments: {'ament_cmake_args': None, 'build_base': '/home/andrea/tesi/ros2_mapf_cbs/project_1/build/turtlebot3_multi_robot', 'catkin_cmake_args': None, 'catkin_skip_building_tests': False, 'cmake_args': None, 'cmake_clean_cache': False, 'cmake_clean_first': False, 'cmake_force_configure': False, 'cmake_target': None, 'cmake_target_skip_unavailable': False, 'install_base': '/home/andrea/tesi/ros2_mapf_cbs/project_1/install/turtlebot3_multi_robot', 'merge_install': False, 'path': '/home/andrea/tesi/ros2_mapf_cbs/project_1/src/turtlebot3_multi_robot', 'symlink_install': True, 'test_result_base': None}
[1.243s] INFO:colcon.colcon_core.executor:Executing jobs using 'parallel' executor
[1.255s] DEBUG:colcon.colcon_parallel_executor.executor.parallel:run_until_complete
[1.255s] INFO:colcon.colcon_ros.task.ament_python.build:Building ROS package in '/home/andrea/tesi/ros2_mapf_cbs/project_1/src/my_intermediate' with build type 'ament_python'
[1.256s] Level 1:colcon.colcon_core.shell:create_environment_hook('my_intermediate', 'ament_prefix_path')
[1.271s] INFO:colcon.colcon_core.plugin_system:Skipping extension 'colcon_core.shell.bat': Not used on non-Windows systems
[1.272s] INFO:colcon.colcon_core.shell:Creating environment hook '/home/andrea/tesi/ros2_mapf_cbs/project_1/install/my_intermediate/share/my_intermediate/hook/ament_prefix_path.ps1'
[1.272s] INFO:colcon.colcon_core.shell:Creating environment descriptor '/home/andrea/tesi/ros2_mapf_cbs/project_1/install/my_intermediate/share/my_intermediate/hook/ament_prefix_path.dsv'
[1.272s] INFO:colcon.colcon_core.shell:Creating environment hook '/home/andrea/tesi/ros2_mapf_cbs/project_1/install/my_intermediate/share/my_intermediate/hook/ament_prefix_path.sh'
[1.285s] INFO:colcon.colcon_core.shell:Skip shell extension 'powershell' for command environment: Not usable outside of PowerShell
[1.285s] DEBUG:colcon.colcon_core.shell:Skip shell extension 'dsv' for command environment
[1.334s] INFO:colcon.colcon_ros.task.ament_cmake.build:Building ROS package in '/home/andrea/tesi/ros2_mapf_cbs/project_1/src/my_intermediate_interfaces' with build type 'ament_cmake'
[1.334s] INFO:colcon.colcon_cmake.task.cmake.build:Building CMake package in '/home/andrea/tesi/ros2_mapf_cbs/project_1/src/my_intermediate_interfaces'
[1.345s] INFO:colcon.colcon_core.shell:Skip shell extension 'powershell' for command environment: Not usable outside of PowerShell
[1.345s] DEBUG:colcon.colcon_core.shell:Skip shell extension 'dsv' for command environment
[1.400s] INFO:colcon.colcon_ros.task.ament_python.build:Building ROS package in '/home/andrea/tesi/ros2_mapf_cbs/project_1/src/my_package' with build type 'ament_python'
[1.400s] Level 1:colcon.colcon_core.shell:create_environment_hook('my_package', 'ament_prefix_path')
[1.412s] INFO:colcon.colcon_core.shell:Creating environment hook '/home/andrea/tesi/ros2_mapf_cbs/project_1/install/my_package/share/my_package/hook/ament_prefix_path.ps1'
[1.412s] INFO:colcon.colcon_core.shell:Creating environment descriptor '/home/andrea/tesi/ros2_mapf_cbs/project_1/install/my_package/share/my_package/hook/ament_prefix_path.dsv'
[1.412s] INFO:colcon.colcon_core.shell:Creating environment hook '/home/andrea/tesi/ros2_mapf_cbs/project_1/install/my_package/share/my_package/hook/ament_prefix_path.sh'
[1.425s] INFO:colcon.colcon_core.shell:Skip shell extension 'powershell' for command environment: Not usable outside of PowerShell
[1.425s] DEBUG:colcon.colcon_core.shell:Skip shell extension 'dsv' for command environment
[1.483s] INFO:colcon.colcon_ros.task.ament_cmake.build:Building ROS package in '/home/andrea/tesi/ros2_mapf_cbs/project_1/src/my_try_bringup' with build type 'ament_cmake'
[1.483s] INFO:colcon.colcon_cmake.task.cmake.build:Building CMake package in '/home/andrea/tesi/ros2_mapf_cbs/project_1/src/my_try_bringup'
[1.503s] INFO:colcon.colcon_core.shell:Skip shell extension 'powershell' for command environment: Not usable outside of PowerShell
[1.503s] DEBUG:colcon.colcon_core.shell:Skip shell extension 'dsv' for command environment
[1.789s] INFO:colcon.colcon_core.task.python.build:Building Python package in '/home/andrea/tesi/ros2_mapf_cbs/project_1/src/my_intermediate'
[1.802s] INFO:colcon.colcon_core.shell:Skip shell extension 'powershell' for command environment: Not usable outside of PowerShell
[1.802s] DEBUG:colcon.colcon_core.shell:Skip shell extension 'dsv' for command environment
[1.855s] DEBUG:colcon.colcon_core.event_handler.log_command:Invoking command in '/home/andrea/tesi/ros2_mapf_cbs/project_1/build/my_intermediate_interfaces': CMAKE_PREFIX_PATH=${CMAKE_PREFIX_PATH}:/home/andrea/tesi/ros2_mapf_cbs/project_1/install/my_package:/home/andrea/tesi/ros2_mapf_cbs/project_1/install/my_intermediate:/home/andrea/tesi/ros2_mapf_cbs/simple_example/install/my_py_pkg:/opt/ros/humble /usr/bin/cmake /home/andrea/tesi/ros2_mapf_cbs/project_1/src/my_intermediate_interfaces -DAMENT_CMAKE_SYMLINK_INSTALL=1 -DCMAKE_INSTALL_PREFIX=/home/andrea/tesi/ros2_mapf_cbs/project_1/install/my_intermediate_interfaces
[2.117s] INFO:colcon.colcon_core.task.python.build:Building Python package in '/home/andrea/tesi/ros2_mapf_cbs/project_1/src/my_package'
[2.129s] INFO:colcon.colcon_core.shell:Skip shell extension 'powershell' for command environment: Not usable outside of PowerShell
[2.129s] DEBUG:colcon.colcon_core.shell:Skip shell extension 'dsv' for command environment
[2.186s] DEBUG:colcon.colcon_core.event_handler.log_command:Invoking command in '/home/andrea/tesi/ros2_mapf_cbs/project_1/build/my_try_bringup': CMAKE_PREFIX_PATH=${CMAKE_PREFIX_PATH}:/home/andrea/tesi/ros2_mapf_cbs/project_1/install/my_package:/home/andrea/tesi/ros2_mapf_cbs/project_1/install/my_intermediate:/home/andrea/tesi/ros2_mapf_cbs/simple_example/install/my_py_pkg:/opt/ros/humble /usr/bin/cmake /home/andrea/tesi/ros2_mapf_cbs/project_1/src/my_try_bringup -DAMENT_CMAKE_SYMLINK_INSTALL=1 -DCMAKE_INSTALL_PREFIX=/home/andrea/tesi/ros2_mapf_cbs/project_1/install/my_try_bringup
[2.433s] DEBUG:colcon.colcon_core.event_handler.log_command:Invoked command in '/home/andrea/tesi/ros2_mapf_cbs/project_1/build/my_try_bringup' returned '0': CMAKE_PREFIX_PATH=${CMAKE_PREFIX_PATH}:/home/andrea/tesi/ros2_mapf_cbs/project_1/install/my_package:/home/andrea/tesi/ros2_mapf_cbs/project_1/install/my_intermediate:/home/andrea/tesi/ros2_mapf_cbs/simple_example/install/my_py_pkg:/opt/ros/humble /usr/bin/cmake /home/andrea/tesi/ros2_mapf_cbs/project_1/src/my_try_bringup -DAMENT_CMAKE_SYMLINK_INSTALL=1 -DCMAKE_INSTALL_PREFIX=/home/andrea/tesi/ros2_mapf_cbs/project_1/install/my_try_bringup
[2.435s] DEBUG:colcon.colcon_core.event_handler.log_command:Invoking command in '/home/andrea/tesi/ros2_mapf_cbs/project_1/build/my_try_bringup': CMAKE_PREFIX_PATH=${CMAKE_PREFIX_PATH}:/home/andrea/tesi/ros2_mapf_cbs/project_1/install/my_package:/home/andrea/tesi/ros2_mapf_cbs/project_1/install/my_intermediate:/home/andrea/tesi/ros2_mapf_cbs/simple_example/install/my_py_pkg:/opt/ros/humble /usr/bin/cmake --build /home/andrea/tesi/ros2_mapf_cbs/project_1/build/my_try_bringup -- -j8 -l8
[2.491s] DEBUG:colcon.colcon_core.event_handler.log_command:Invoked command in '/home/andrea/tesi/ros2_mapf_cbs/project_1/build/my_try_bringup' returned '0': CMAKE_PREFIX_PATH=${CMAKE_PREFIX_PATH}:/home/andrea/tesi/ros2_mapf_cbs/project_1/install/my_package:/home/andrea/tesi/ros2_mapf_cbs/project_1/install/my_intermediate:/home/andrea/tesi/ros2_mapf_cbs/simple_example/install/my_py_pkg:/opt/ros/humble /usr/bin/cmake --build /home/andrea/tesi/ros2_mapf_cbs/project_1/build/my_try_bringup -- -j8 -l8
[2.526s] DEBUG:colcon.colcon_core.event_handler.log_command:Invoking command in '/home/andrea/tesi/ros2_mapf_cbs/project_1/build/my_try_bringup': CMAKE_PREFIX_PATH=${CMAKE_PREFIX_PATH}:/home/andrea/tesi/ros2_mapf_cbs/project_1/install/my_package:/home/andrea/tesi/ros2_mapf_cbs/project_1/install/my_intermediate:/home/andrea/tesi/ros2_mapf_cbs/simple_example/install/my_py_pkg:/opt/ros/humble /usr/bin/cmake --install /home/andrea/tesi/ros2_mapf_cbs/project_1/build/my_try_bringup
[2.554s] Level 1:colcon.colcon_core.environment:create_environment_scripts_only(my_try_bringup)
[2.560s] DEBUG:colcon.colcon_core.event_handler.log_command:Invoked command in '/home/andrea/tesi/ros2_mapf_cbs/project_1/build/my_try_bringup' returned '0': CMAKE_PREFIX_PATH=${CMAKE_PREFIX_PATH}:/home/andrea/tesi/ros2_mapf_cbs/project_1/install/my_package:/home/andrea/tesi/ros2_mapf_cbs/project_1/install/my_intermediate:/home/andrea/tesi/ros2_mapf_cbs/simple_example/install/my_py_pkg:/opt/ros/humble /usr/bin/cmake --install /home/andrea/tesi/ros2_mapf_cbs/project_1/build/my_try_bringup
[2.574s] Level 1:colcon.colcon_core.environment:checking '/home/andrea/tesi/ros2_mapf_cbs/project_1/install/my_try_bringup' for CMake module files
[2.575s] Level 1:colcon.colcon_core.environment:checking '/home/andrea/tesi/ros2_mapf_cbs/project_1/install/my_try_bringup' for CMake config files
[2.575s] Level 1:colcon.colcon_core.shell:create_environment_hook('my_try_bringup', 'cmake_prefix_path')
[2.598s] INFO:colcon.colcon_core.shell:Creating environment hook '/home/andrea/tesi/ros2_mapf_cbs/project_1/install/my_try_bringup/share/my_try_bringup/hook/cmake_prefix_path.ps1'
[2.598s] INFO:colcon.colcon_core.shell:Creating environment descriptor '/home/andrea/tesi/ros2_mapf_cbs/project_1/install/my_try_bringup/share/my_try_bringup/hook/cmake_prefix_path.dsv'
[2.599s] INFO:colcon.colcon_core.shell:Creating environment hook '/home/andrea/tesi/ros2_mapf_cbs/project_1/install/my_try_bringup/share/my_try_bringup/hook/cmake_prefix_path.sh'
[2.599s] Level 1:colcon.colcon_core.environment:checking '/home/andrea/tesi/ros2_mapf_cbs/project_1/install/my_try_bringup/bin'
[2.600s] Level 1:colcon.colcon_core.environment:checking '/home/andrea/tesi/ros2_mapf_cbs/project_1/install/my_try_bringup/lib/pkgconfig/my_try_bringup.pc'
[2.600s] Level 1:colcon.colcon_core.environment:checking '/home/andrea/tesi/ros2_mapf_cbs/project_1/install/my_try_bringup/lib/python3.10/site-packages'
[2.600s] Level 1:colcon.colcon_core.environment:checking '/home/andrea/tesi/ros2_mapf_cbs/project_1/install/my_try_bringup/bin'
[2.618s] INFO:colcon.colcon_core.shell:Creating package script '/home/andrea/tesi/ros2_mapf_cbs/project_1/install/my_try_bringup/share/my_try_bringup/package.ps1'
[2.620s] INFO:colcon.colcon_core.shell:Creating package descriptor '/home/andrea/tesi/ros2_mapf_cbs/project_1/install/my_try_bringup/share/my_try_bringup/package.dsv'
[2.620s] INFO:colcon.colcon_core.shell:Creating package script '/home/andrea/tesi/ros2_mapf_cbs/project_1/install/my_try_bringup/share/my_try_bringup/package.sh'
[2.621s] INFO:colcon.colcon_core.shell:Creating package script '/home/andrea/tesi/ros2_mapf_cbs/project_1/install/my_try_bringup/share/my_try_bringup/package.bash'
[2.622s] INFO:colcon.colcon_core.shell:Creating package script '/home/andrea/tesi/ros2_mapf_cbs/project_1/install/my_try_bringup/share/my_try_bringup/package.zsh'
[2.623s] Level 1:colcon.colcon_core.environment:create_file_with_runtime_dependencies(/home/andrea/tesi/ros2_mapf_cbs/project_1/install/my_try_bringup/share/colcon-core/packages/my_try_bringup)
[2.637s] DEBUG:colcon.colcon_core.task.python.build:While undoing a previous installation files outside the Python library path are being ignored: /home/andrea/tesi/ros2_mapf_cbs/project_1/install/my_intermediate/share/ament_index/resource_index/packages/my_intermediate
[2.637s] DEBUG:colcon.colcon_core.task.python.build:While undoing a previous installation files outside the Python library path are being ignored: /home/andrea/tesi/ros2_mapf_cbs/project_1/install/my_intermediate/share/my_intermediate/package.xml
[2.637s] DEBUG:colcon.colcon_core.task.python.build:While undoing a previous installation files outside the Python library path are being ignored: /home/andrea/tesi/ros2_mapf_cbs/project_1/install/my_intermediate/lib/my_intermediate/collision_avoider
[2.637s] DEBUG:colcon.colcon_core.task.python.build:While undoing a previous installation files outside the Python library path are being ignored: /home/andrea/tesi/ros2_mapf_cbs/project_1/install/my_intermediate/lib/my_intermediate/fake_asker
[2.637s] DEBUG:colcon.colcon_core.task.python.build:While undoing a previous installation files outside the Python library path are being ignored: /home/andrea/tesi/ros2_mapf_cbs/project_1/install/my_intermediate/lib/my_intermediate/multi_agent_plan_asker
[2.637s] DEBUG:colcon.colcon_core.task.python.build:While undoing a previous installation files outside the Python library path are being ignored: /home/andrea/tesi/ros2_mapf_cbs/project_1/install/my_intermediate/lib/my_intermediate/plan_asker
[2.639s] DEBUG:colcon.colcon_core.event_handler.log_command:Invoking command in '/home/andrea/tesi/ros2_mapf_cbs/project_1/build/my_intermediate': PYTHONPATH=/home/andrea/tesi/ros2_mapf_cbs/project_1/build/my_intermediate/prefix_override:/home/andrea/tesi/ros2_mapf_cbs/project_1/install/my_intermediate/lib/python3.10/site-packages:${PYTHONPATH} /usr/bin/python3 setup.py develop --editable --build-directory /home/andrea/tesi/ros2_mapf_cbs/project_1/build/my_intermediate/build --no-deps install_data
[2.665s] Level 1:colcon.colcon_core.environment:create_environment_scripts_only(my_try_bringup)
[2.682s] Level 1:colcon.colcon_core.environment:checking '/home/andrea/tesi/ros2_mapf_cbs/project_1/install/my_try_bringup' for CMake module files
[2.683s] Level 1:colcon.colcon_core.environment:checking '/home/andrea/tesi/ros2_mapf_cbs/project_1/install/my_try_bringup' for CMake config files
[2.683s] Level 1:colcon.colcon_core.shell:create_environment_hook('my_try_bringup', 'cmake_prefix_path')
[2.700s] INFO:colcon.colcon_core.shell:Creating environment hook '/home/andrea/tesi/ros2_mapf_cbs/project_1/install/my_try_bringup/share/my_try_bringup/hook/cmake_prefix_path.ps1'
[2.700s] INFO:colcon.colcon_core.shell:Creating environment descriptor '/home/andrea/tesi/ros2_mapf_cbs/project_1/install/my_try_bringup/share/my_try_bringup/hook/cmake_prefix_path.dsv'
[2.700s] INFO:colcon.colcon_core.shell:Creating environment hook '/home/andrea/tesi/ros2_mapf_cbs/project_1/install/my_try_bringup/share/my_try_bringup/hook/cmake_prefix_path.sh'
[2.701s] Level 1:colcon.colcon_core.environment:checking '/home/andrea/tesi/ros2_mapf_cbs/project_1/install/my_try_bringup/bin'
[2.701s] Level 1:colcon.colcon_core.environment:checking '/home/andrea/tesi/ros2_mapf_cbs/project_1/install/my_try_bringup/lib/pkgconfig/my_try_bringup.pc'
[2.701s] Level 1:colcon.colcon_core.environment:checking '/home/andrea/tesi/ros2_mapf_cbs/project_1/install/my_try_bringup/lib/python3.10/site-packages'
[2.701s] Level 1:colcon.colcon_core.environment:checking '/home/andrea/tesi/ros2_mapf_cbs/project_1/install/my_try_bringup/bin'
[2.714s] INFO:colcon.colcon_core.shell:Creating package script '/home/andrea/tesi/ros2_mapf_cbs/project_1/install/my_try_bringup/share/my_try_bringup/package.ps1'
[2.714s] INFO:colcon.colcon_core.shell:Creating package descriptor '/home/andrea/tesi/ros2_mapf_cbs/project_1/install/my_try_bringup/share/my_try_bringup/package.dsv'
[2.714s] INFO:colcon.colcon_core.shell:Creating package script '/home/andrea/tesi/ros2_mapf_cbs/project_1/install/my_try_bringup/share/my_try_bringup/package.sh'
[2.715s] INFO:colcon.colcon_core.shell:Creating package script '/home/andrea/tesi/ros2_mapf_cbs/project_1/install/my_try_bringup/share/my_try_bringup/package.bash'
[2.715s] INFO:colcon.colcon_core.shell:Creating package script '/home/andrea/tesi/ros2_mapf_cbs/project_1/install/my_try_bringup/share/my_try_bringup/package.zsh'
[2.715s] Level 1:colcon.colcon_core.environment:create_file_with_runtime_dependencies(/home/andrea/tesi/ros2_mapf_cbs/project_1/install/my_try_bringup/share/colcon-core/packages/my_try_bringup)
[2.716s] DEBUG:colcon.colcon_core.task.python.build:While undoing a previous installation files outside the Python library path are being ignored: /home/andrea/tesi/ros2_mapf_cbs/project_1/install/my_package/share/ament_index/resource_index/packages/my_package
[2.716s] DEBUG:colcon.colcon_core.task.python.build:While undoing a previous installation files outside the Python library path are being ignored: /home/andrea/tesi/ros2_mapf_cbs/project_1/install/my_package/share/my_package/launch/robot_launch.py
[2.716s] DEBUG:colcon.colcon_core.task.python.build:While undoing a previous installation files outside the Python library path are being ignored: /home/andrea/tesi/ros2_mapf_cbs/project_1/install/my_package/share/my_package/worlds/my_world.wbt
[2.716s] DEBUG:colcon.colcon_core.task.python.build:While undoing a previous installation files outside the Python library path are being ignored: /home/andrea/tesi/ros2_mapf_cbs/project_1/install/my_package/share/my_package/resource/my_robot.urdf
[2.716s] DEBUG:colcon.colcon_core.task.python.build:While undoing a previous installation files outside the Python library path are being ignored: /home/andrea/tesi/ros2_mapf_cbs/project_1/install/my_package/share/my_package/package.xml
[2.717s] DEBUG:colcon.colcon_core.task.python.build:While undoing a previous installation files outside the Python library path are being ignored: /home/andrea/tesi/ros2_mapf_cbs/project_1/install/my_package/lib/my_package/my_robot_driver
[2.717s] DEBUG:colcon.colcon_core.task.python.build:While undoing a previous installation files outside the Python library path are being ignored: /home/andrea/tesi/ros2_mapf_cbs/project_1/install/my_package/lib/my_package/robot_spawner
[2.718s] DEBUG:colcon.colcon_core.event_handler.log_command:Invoking command in '/home/andrea/tesi/ros2_mapf_cbs/project_1/build/my_package': PYTHONPATH=/home/andrea/tesi/ros2_mapf_cbs/project_1/build/my_package/prefix_override:/home/andrea/tesi/ros2_mapf_cbs/project_1/install/my_package/lib/python3.10/site-packages:${PYTHONPATH} /usr/bin/python3 setup.py develop --editable --build-directory /home/andrea/tesi/ros2_mapf_cbs/project_1/build/my_package/build --no-deps install_data
[3.148s] Level 1:colcon.colcon_core.shell:create_environment_hook('my_intermediate', 'pythonpath_develop')
[3.148s] DEBUG:colcon.colcon_core.event_handler.log_command:Invoked command in '/home/andrea/tesi/ros2_mapf_cbs/project_1/build/my_intermediate' returned '0': PYTHONPATH=/home/andrea/tesi/ros2_mapf_cbs/project_1/build/my_intermediate/prefix_override:/home/andrea/tesi/ros2_mapf_cbs/project_1/install/my_intermediate/lib/python3.10/site-packages:${PYTHONPATH} /usr/bin/python3 setup.py develop --editable --build-directory /home/andrea/tesi/ros2_mapf_cbs/project_1/build/my_intermediate/build --no-deps install_data
[3.166s] INFO:colcon.colcon_core.shell:Creating environment hook '/home/andrea/tesi/ros2_mapf_cbs/project_1/build/my_intermediate/share/my_intermediate/hook/pythonpath_develop.ps1'
[3.166s] INFO:colcon.colcon_core.shell:Creating environment descriptor '/home/andrea/tesi/ros2_mapf_cbs/project_1/build/my_intermediate/share/my_intermediate/hook/pythonpath_develop.dsv'
[3.166s] INFO:colcon.colcon_core.shell:Creating environment hook '/home/andrea/tesi/ros2_mapf_cbs/project_1/build/my_intermediate/share/my_intermediate/hook/pythonpath_develop.sh'
[3.209s] Level 1:colcon.colcon_core.environment:checking '/home/andrea/tesi/ros2_mapf_cbs/project_1/install/my_intermediate' for CMake module files
[3.210s] Level 1:colcon.colcon_core.environment:checking '/home/andrea/tesi/ros2_mapf_cbs/project_1/install/my_intermediate' for CMake config files
[3.210s] Level 1:colcon.colcon_core.environment:checking '/home/andrea/tesi/ros2_mapf_cbs/project_1/install/my_intermediate/lib'
[3.211s] Level 1:colcon.colcon_core.environment:checking '/home/andrea/tesi/ros2_mapf_cbs/project_1/install/my_intermediate/bin'
[3.211s] Level 1:colcon.colcon_core.environment:checking '/home/andrea/tesi/ros2_mapf_cbs/project_1/install/my_intermediate/lib/pkgconfig/my_intermediate.pc'
[3.211s] Level 1:colcon.colcon_core.environment:checking '/home/andrea/tesi/ros2_mapf_cbs/project_1/install/my_intermediate/lib/python3.10/site-packages'
[3.211s] Level 1:colcon.colcon_core.shell:create_environment_hook('my_intermediate', 'pythonpath')
[3.225s] INFO:colcon.colcon_core.shell:Creating environment hook '/home/andrea/tesi/ros2_mapf_cbs/project_1/install/my_intermediate/share/my_intermediate/hook/pythonpath.ps1'
[3.226s] INFO:colcon.colcon_core.shell:Creating environment descriptor '/home/andrea/tesi/ros2_mapf_cbs/project_1/install/my_intermediate/share/my_intermediate/hook/pythonpath.dsv'
[3.226s] INFO:colcon.colcon_core.shell:Creating environment hook '/home/andrea/tesi/ros2_mapf_cbs/project_1/install/my_intermediate/share/my_intermediate/hook/pythonpath.sh'
[3.227s] Level 1:colcon.colcon_core.environment:checking '/home/andrea/tesi/ros2_mapf_cbs/project_1/install/my_intermediate/bin'
[3.227s] Level 1:colcon.colcon_core.environment:create_environment_scripts_only(my_intermediate)
[3.239s] INFO:colcon.colcon_core.shell:Creating package script '/home/andrea/tesi/ros2_mapf_cbs/project_1/install/my_intermediate/share/my_intermediate/package.ps1'
[3.239s] INFO:colcon.colcon_core.shell:Creating package descriptor '/home/andrea/tesi/ros2_mapf_cbs/project_1/install/my_intermediate/share/my_intermediate/package.dsv'
[3.240s] INFO:colcon.colcon_core.shell:Creating package script '/home/andrea/tesi/ros2_mapf_cbs/project_1/install/my_intermediate/share/my_intermediate/package.sh'
[3.240s] INFO:colcon.colcon_core.shell:Creating package script '/home/andrea/tesi/ros2_mapf_cbs/project_1/install/my_intermediate/share/my_intermediate/package.bash'
[3.240s] INFO:colcon.colcon_core.shell:Creating package script '/home/andrea/tesi/ros2_mapf_cbs/project_1/install/my_intermediate/share/my_intermediate/package.zsh'
[3.241s] Level 1:colcon.colcon_core.environment:create_file_with_runtime_dependencies(/home/andrea/tesi/ros2_mapf_cbs/project_1/install/my_intermediate/share/colcon-core/packages/my_intermediate)
[3.241s] INFO:colcon.colcon_ros.task.ament_cmake.build:Building ROS package in '/home/andrea/tesi/ros2_mapf_cbs/project_1/src/turtlebot3_multi_robot' with build type 'ament_cmake'
[3.242s] INFO:colcon.colcon_cmake.task.cmake.build:Building CMake package in '/home/andrea/tesi/ros2_mapf_cbs/project_1/src/turtlebot3_multi_robot'
[3.257s] INFO:colcon.colcon_core.shell:Skip shell extension 'powershell' for command environment: Not usable outside of PowerShell
[3.257s] DEBUG:colcon.colcon_core.shell:Skip shell extension 'dsv' for command environment
[3.314s] Level 1:colcon.colcon_core.shell:create_environment_hook('my_package', 'pythonpath_develop')
[3.314s] DEBUG:colcon.colcon_core.event_handler.log_command:Invoked command in '/home/andrea/tesi/ros2_mapf_cbs/project_1/build/my_package' returned '0': PYTHONPATH=/home/andrea/tesi/ros2_mapf_cbs/project_1/build/my_package/prefix_override:/home/andrea/tesi/ros2_mapf_cbs/project_1/install/my_package/lib/python3.10/site-packages:${PYTHONPATH} /usr/bin/python3 setup.py develop --editable --build-directory /home/andrea/tesi/ros2_mapf_cbs/project_1/build/my_package/build --no-deps install_data
[3.328s] INFO:colcon.colcon_core.shell:Creating environment hook '/home/andrea/tesi/ros2_mapf_cbs/project_1/build/my_package/share/my_package/hook/pythonpath_develop.ps1'
[3.329s] INFO:colcon.colcon_core.shell:Creating environment descriptor '/home/andrea/tesi/ros2_mapf_cbs/project_1/build/my_package/share/my_package/hook/pythonpath_develop.dsv'
[3.329s] INFO:colcon.colcon_core.shell:Creating environment hook '/home/andrea/tesi/ros2_mapf_cbs/project_1/build/my_package/share/my_package/hook/pythonpath_develop.sh'
[3.342s] Level 1:colcon.colcon_core.environment:checking '/home/andrea/tesi/ros2_mapf_cbs/project_1/install/my_package' for CMake module files
[3.342s] Level 1:colcon.colcon_core.environment:checking '/home/andrea/tesi/ros2_mapf_cbs/project_1/install/my_package' for CMake config files
[3.343s] Level 1:colcon.colcon_core.environment:checking '/home/andrea/tesi/ros2_mapf_cbs/project_1/install/my_package/lib'
[3.343s] Level 1:colcon.colcon_core.environment:checking '/home/andrea/tesi/ros2_mapf_cbs/project_1/install/my_package/bin'
[3.343s] Level 1:colcon.colcon_core.environment:checking '/home/andrea/tesi/ros2_mapf_cbs/project_1/install/my_package/lib/pkgconfig/my_package.pc'
[3.343s] Level 1:colcon.colcon_core.environment:checking '/home/andrea/tesi/ros2_mapf_cbs/project_1/install/my_package/lib/python3.10/site-packages'
[3.343s] Level 1:colcon.colcon_core.shell:create_environment_hook('my_package', 'pythonpath')
[3.356s] INFO:colcon.colcon_core.shell:Creating environment hook '/home/andrea/tesi/ros2_mapf_cbs/project_1/install/my_package/share/my_package/hook/pythonpath.ps1'
[3.356s] INFO:colcon.colcon_core.shell:Creating environment descriptor '/home/andrea/tesi/ros2_mapf_cbs/project_1/install/my_package/share/my_package/hook/pythonpath.dsv'
[3.357s] INFO:colcon.colcon_core.shell:Creating environment hook '/home/andrea/tesi/ros2_mapf_cbs/project_1/install/my_package/share/my_package/hook/pythonpath.sh'
[3.357s] Level 1:colcon.colcon_core.environment:checking '/home/andrea/tesi/ros2_mapf_cbs/project_1/install/my_package/bin'
[3.357s] Level 1:colcon.colcon_core.environment:create_environment_scripts_only(my_package)
[3.371s] INFO:colcon.colcon_core.shell:Creating package script '/home/andrea/tesi/ros2_mapf_cbs/project_1/install/my_package/share/my_package/package.ps1'
[3.372s] INFO:colcon.colcon_core.shell:Creating package descriptor '/home/andrea/tesi/ros2_mapf_cbs/project_1/install/my_package/share/my_package/package.dsv'
[3.372s] INFO:colcon.colcon_core.shell:Creating package script '/home/andrea/tesi/ros2_mapf_cbs/project_1/install/my_package/share/my_package/package.sh'
[3.372s] INFO:colcon.colcon_core.shell:Creating package script '/home/andrea/tesi/ros2_mapf_cbs/project_1/install/my_package/share/my_package/package.bash'
[3.373s] INFO:colcon.colcon_core.shell:Creating package script '/home/andrea/tesi/ros2_mapf_cbs/project_1/install/my_package/share/my_package/package.zsh'
[3.373s] Level 1:colcon.colcon_core.environment:create_file_with_runtime_dependencies(/home/andrea/tesi/ros2_mapf_cbs/project_1/install/my_package/share/colcon-core/packages/my_package)
[3.376s] DEBUG:colcon.colcon_core.event_handler.log_command:Invoking command in '/home/andrea/tesi/ros2_mapf_cbs/project_1/build/turtlebot3_multi_robot': AMENT_PREFIX_PATH=/home/andrea/tesi/ros2_mapf_cbs/project_1/install/my_intermediate:/home/andrea/tesi/ros2_mapf_cbs/project_1/install/turtlebot3_multi_robot:/home/andrea/tesi/ros2_mapf_cbs/project_1/install/my_try_bringup:/home/andrea/tesi/ros2_mapf_cbs/project_1/install/my_package:/home/andrea/tesi/ros2_mapf_cbs/project_1/install/my_intermediate_interfaces:/home/andrea/tesi/ros2_mapf_cbs/simple_example/install/my_robot_bringup:/home/andrea/tesi/ros2_mapf_cbs/simple_example/install/my_py_pkg:/home/andrea/tesi/ros2_mapf_cbs/simple_example/install/my_robot_interfaces:/opt/ros/humble CMAKE_PREFIX_PATH=${CMAKE_PREFIX_PATH}:/home/andrea/tesi/ros2_mapf_cbs/project_1/install/my_package:/home/andrea/tesi/ros2_mapf_cbs/project_1/install/my_intermediate:/home/andrea/tesi/ros2_mapf_cbs/simple_example/install/my_py_pkg:/opt/ros/humble PYTHONPATH=/home/andrea/tesi/ros2_mapf_cbs/project_1/build/my_intermediate:/home/andrea/tesi/ros2_mapf_cbs/project_1/install/my_intermediate/lib/python3.10/site-packages:/home/andrea/tesi/ros2_mapf_cbs/project_1/install/my_package/lib/python3.10/site-packages:/home/andrea/tesi/ros2_mapf_cbs/project_1/install/my_intermediate_interfaces/local/lib/python3.10/dist-packages:/home/andrea/tesi/ros2_mapf_cbs/simple_example/build/my_py_pkg:/home/andrea/tesi/ros2_mapf_cbs/simple_example/install/my_py_pkg/lib/python3.10/site-packages:/home/andrea/tesi/ros2_mapf_cbs/simple_example/install/my_robot_interfaces/local/lib/python3.10/dist-packages:/opt/ros/humble/lib/python3.10/site-packages:/opt/ros/humble/local/lib/python3.10/dist-packages /usr/bin/cmake /home/andrea/tesi/ros2_mapf_cbs/project_1/src/turtlebot3_multi_robot -DAMENT_CMAKE_SYMLINK_INSTALL=1 -DCMAKE_INSTALL_PREFIX=/home/andrea/tesi/ros2_mapf_cbs/project_1/install/turtlebot3_multi_robot
[3.518s] DEBUG:colcon.colcon_core.event_handler.log_command:Invoked command in '/home/andrea/tesi/ros2_mapf_cbs/project_1/build/my_intermediate_interfaces' returned '0': CMAKE_PREFIX_PATH=${CMAKE_PREFIX_PATH}:/home/andrea/tesi/ros2_mapf_cbs/project_1/install/my_package:/home/andrea/tesi/ros2_mapf_cbs/project_1/install/my_intermediate:/home/andrea/tesi/ros2_mapf_cbs/simple_example/install/my_py_pkg:/opt/ros/humble /usr/bin/cmake /home/andrea/tesi/ros2_mapf_cbs/project_1/src/my_intermediate_interfaces -DAMENT_CMAKE_SYMLINK_INSTALL=1 -DCMAKE_INSTALL_PREFIX=/home/andrea/tesi/ros2_mapf_cbs/project_1/install/my_intermediate_interfaces
[3.519s] DEBUG:colcon.colcon_core.event_handler.log_command:Invoking command in '/home/andrea/tesi/ros2_mapf_cbs/project_1/build/my_intermediate_interfaces': CMAKE_PREFIX_PATH=${CMAKE_PREFIX_PATH}:/home/andrea/tesi/ros2_mapf_cbs/project_1/install/my_package:/home/andrea/tesi/ros2_mapf_cbs/project_1/install/my_intermediate:/home/andrea/tesi/ros2_mapf_cbs/simple_example/install/my_py_pkg:/opt/ros/humble /usr/bin/cmake --build /home/andrea/tesi/ros2_mapf_cbs/project_1/build/my_intermediate_interfaces -- -j8 -l8
[3.671s] DEBUG:colcon.colcon_core.event_handler.log_command:Invoked command in '/home/andrea/tesi/ros2_mapf_cbs/project_1/build/turtlebot3_multi_robot' returned '0': AMENT_PREFIX_PATH=/home/andrea/tesi/ros2_mapf_cbs/project_1/install/my_intermediate:/home/andrea/tesi/ros2_mapf_cbs/project_1/install/turtlebot3_multi_robot:/home/andrea/tesi/ros2_mapf_cbs/project_1/install/my_try_bringup:/home/andrea/tesi/ros2_mapf_cbs/project_1/install/my_package:/home/andrea/tesi/ros2_mapf_cbs/project_1/install/my_intermediate_interfaces:/home/andrea/tesi/ros2_mapf_cbs/simple_example/install/my_robot_bringup:/home/andrea/tesi/ros2_mapf_cbs/simple_example/install/my_py_pkg:/home/andrea/tesi/ros2_mapf_cbs/simple_example/install/my_robot_interfaces:/opt/ros/humble CMAKE_PREFIX_PATH=${CMAKE_PREFIX_PATH}:/home/andrea/tesi/ros2_mapf_cbs/project_1/install/my_package:/home/andrea/tesi/ros2_mapf_cbs/project_1/install/my_intermediate:/home/andrea/tesi/ros2_mapf_cbs/simple_example/install/my_py_pkg:/opt/ros/humble PYTHONPATH=/home/andrea/tesi/ros2_mapf_cbs/project_1/build/my_intermediate:/home/andrea/tesi/ros2_mapf_cbs/project_1/install/my_intermediate/lib/python3.10/site-packages:/home/andrea/tesi/ros2_mapf_cbs/project_1/install/my_package/lib/python3.10/site-packages:/home/andrea/tesi/ros2_mapf_cbs/project_1/install/my_intermediate_interfaces/local/lib/python3.10/dist-packages:/home/andrea/tesi/ros2_mapf_cbs/simple_example/build/my_py_pkg:/home/andrea/tesi/ros2_mapf_cbs/simple_example/install/my_py_pkg/lib/python3.10/site-packages:/home/andrea/tesi/ros2_mapf_cbs/simple_example/install/my_robot_interfaces/local/lib/python3.10/dist-packages:/opt/ros/humble/lib/python3.10/site-packages:/opt/ros/humble/local/lib/python3.10/dist-packages /usr/bin/cmake /home/andrea/tesi/ros2_mapf_cbs/project_1/src/turtlebot3_multi_robot -DAMENT_CMAKE_SYMLINK_INSTALL=1 -DCMAKE_INSTALL_PREFIX=/home/andrea/tesi/ros2_mapf_cbs/project_1/install/turtlebot3_multi_robot
[3.675s] DEBUG:colcon.colcon_core.event_handler.log_command:Invoking command in '/home/andrea/tesi/ros2_mapf_cbs/project_1/build/turtlebot3_multi_robot': AMENT_PREFIX_PATH=/home/andrea/tesi/ros2_mapf_cbs/project_1/install/my_intermediate:/home/andrea/tesi/ros2_mapf_cbs/project_1/install/turtlebot3_multi_robot:/home/andrea/tesi/ros2_mapf_cbs/project_1/install/my_try_bringup:/home/andrea/tesi/ros2_mapf_cbs/project_1/install/my_package:/home/andrea/tesi/ros2_mapf_cbs/project_1/install/my_intermediate_interfaces:/home/andrea/tesi/ros2_mapf_cbs/simple_example/install/my_robot_bringup:/home/andrea/tesi/ros2_mapf_cbs/simple_example/install/my_py_pkg:/home/andrea/tesi/ros2_mapf_cbs/simple_example/install/my_robot_interfaces:/opt/ros/humble CMAKE_PREFIX_PATH=${CMAKE_PREFIX_PATH}:/home/andrea/tesi/ros2_mapf_cbs/project_1/install/my_package:/home/andrea/tesi/ros2_mapf_cbs/project_1/install/my_intermediate:/home/andrea/tesi/ros2_mapf_cbs/simple_example/install/my_py_pkg:/opt/ros/humble PYTHONPATH=/home/andrea/tesi/ros2_mapf_cbs/project_1/build/my_intermediate:/home/andrea/tesi/ros2_mapf_cbs/project_1/install/my_intermediate/lib/python3.10/site-packages:/home/andrea/tesi/ros2_mapf_cbs/project_1/install/my_package/lib/python3.10/site-packages:/home/andrea/tesi/ros2_mapf_cbs/project_1/install/my_intermediate_interfaces/local/lib/python3.10/dist-packages:/home/andrea/tesi/ros2_mapf_cbs/simple_example/build/my_py_pkg:/home/andrea/tesi/ros2_mapf_cbs/simple_example/install/my_py_pkg/lib/python3.10/site-packages:/home/andrea/tesi/ros2_mapf_cbs/simple_example/install/my_robot_interfaces/local/lib/python3.10/dist-packages:/opt/ros/humble/lib/python3.10/site-packages:/opt/ros/humble/local/lib/python3.10/dist-packages /usr/bin/cmake --build /home/andrea/tesi/ros2_mapf_cbs/project_1/build/turtlebot3_multi_robot -- -j8 -l8
[3.714s] DEBUG:colcon.colcon_core.event_handler.log_command:Invoked command in '/home/andrea/tesi/ros2_mapf_cbs/project_1/build/turtlebot3_multi_robot' returned '0': AMENT_PREFIX_PATH=/home/andrea/tesi/ros2_mapf_cbs/project_1/install/my_intermediate:/home/andrea/tesi/ros2_mapf_cbs/project_1/install/turtlebot3_multi_robot:/home/andrea/tesi/ros2_mapf_cbs/project_1/install/my_try_bringup:/home/andrea/tesi/ros2_mapf_cbs/project_1/install/my_package:/home/andrea/tesi/ros2_mapf_cbs/project_1/install/my_intermediate_interfaces:/home/andrea/tesi/ros2_mapf_cbs/simple_example/install/my_robot_bringup:/home/andrea/tesi/ros2_mapf_cbs/simple_example/install/my_py_pkg:/home/andrea/tesi/ros2_mapf_cbs/simple_example/install/my_robot_interfaces:/opt/ros/humble CMAKE_PREFIX_PATH=${CMAKE_PREFIX_PATH}:/home/andrea/tesi/ros2_mapf_cbs/project_1/install/my_package:/home/andrea/tesi/ros2_mapf_cbs/project_1/install/my_intermediate:/home/andrea/tesi/ros2_mapf_cbs/simple_example/install/my_py_pkg:/opt/ros/humble PYTHONPATH=/home/andrea/tesi/ros2_mapf_cbs/project_1/build/my_intermediate:/home/andrea/tesi/ros2_mapf_cbs/project_1/install/my_intermediate/lib/python3.10/site-packages:/home/andrea/tesi/ros2_mapf_cbs/project_1/install/my_package/lib/python3.10/site-packages:/home/andrea/tesi/ros2_mapf_cbs/project_1/install/my_intermediate_interfaces/local/lib/python3.10/dist-packages:/home/andrea/tesi/ros2_mapf_cbs/simple_example/build/my_py_pkg:/home/andrea/tesi/ros2_mapf_cbs/simple_example/install/my_py_pkg/lib/python3.10/site-packages:/home/andrea/tesi/ros2_mapf_cbs/simple_example/install/my_robot_interfaces/local/lib/python3.10/dist-packages:/opt/ros/humble/lib/python3.10/site-packages:/opt/ros/humble/local/lib/python3.10/dist-packages /usr/bin/cmake --build /home/andrea/tesi/ros2_mapf_cbs/project_1/build/turtlebot3_multi_robot -- -j8 -l8
[3.781s] DEBUG:colcon.colcon_core.event_handler.log_command:Invoking command in '/home/andrea/tesi/ros2_mapf_cbs/project_1/build/turtlebot3_multi_robot': AMENT_PREFIX_PATH=/home/andrea/tesi/ros2_mapf_cbs/project_1/install/my_intermediate:/home/andrea/tesi/ros2_mapf_cbs/project_1/install/turtlebot3_multi_robot:/home/andrea/tesi/ros2_mapf_cbs/project_1/install/my_try_bringup:/home/andrea/tesi/ros2_mapf_cbs/project_1/install/my_package:/home/andrea/tesi/ros2_mapf_cbs/project_1/install/my_intermediate_interfaces:/home/andrea/tesi/ros2_mapf_cbs/simple_example/install/my_robot_bringup:/home/andrea/tesi/ros2_mapf_cbs/simple_example/install/my_py_pkg:/home/andrea/tesi/ros2_mapf_cbs/simple_example/install/my_robot_interfaces:/opt/ros/humble CMAKE_PREFIX_PATH=${CMAKE_PREFIX_PATH}:/home/andrea/tesi/ros2_mapf_cbs/project_1/install/my_package:/home/andrea/tesi/ros2_mapf_cbs/project_1/install/my_intermediate:/home/andrea/tesi/ros2_mapf_cbs/simple_example/install/my_py_pkg:/opt/ros/humble PYTHONPATH=/home/andrea/tesi/ros2_mapf_cbs/project_1/build/my_intermediate:/home/andrea/tesi/ros2_mapf_cbs/project_1/install/my_intermediate/lib/python3.10/site-packages:/home/andrea/tesi/ros2_mapf_cbs/project_1/install/my_package/lib/python3.10/site-packages:/home/andrea/tesi/ros2_mapf_cbs/project_1/install/my_intermediate_interfaces/local/lib/python3.10/dist-packages:/home/andrea/tesi/ros2_mapf_cbs/simple_example/build/my_py_pkg:/home/andrea/tesi/ros2_mapf_cbs/simple_example/install/my_py_pkg/lib/python3.10/site-packages:/home/andrea/tesi/ros2_mapf_cbs/simple_example/install/my_robot_interfaces/local/lib/python3.10/dist-packages:/opt/ros/humble/lib/python3.10/site-packages:/opt/ros/humble/local/lib/python3.10/dist-packages /usr/bin/cmake --install /home/andrea/tesi/ros2_mapf_cbs/project_1/build/turtlebot3_multi_robot
[3.838s] Level 1:colcon.colcon_core.environment:create_environment_scripts_only(turtlebot3_multi_robot)
[3.861s] DEBUG:colcon.colcon_core.event_handler.log_command:Invoked command in '/home/andrea/tesi/ros2_mapf_cbs/project_1/build/turtlebot3_multi_robot' returned '0': AMENT_PREFIX_PATH=/home/andrea/tesi/ros2_mapf_cbs/project_1/install/my_intermediate:/home/andrea/tesi/ros2_mapf_cbs/project_1/install/turtlebot3_multi_robot:/home/andrea/tesi/ros2_mapf_cbs/project_1/install/my_try_bringup:/home/andrea/tesi/ros2_mapf_cbs/project_1/install/my_package:/home/andrea/tesi/ros2_mapf_cbs/project_1/install/my_intermediate_interfaces:/home/andrea/tesi/ros2_mapf_cbs/simple_example/install/my_robot_bringup:/home/andrea/tesi/ros2_mapf_cbs/simple_example/install/my_py_pkg:/home/andrea/tesi/ros2_mapf_cbs/simple_example/install/my_robot_interfaces:/opt/ros/humble CMAKE_PREFIX_PATH=${CMAKE_PREFIX_PATH}:/home/andrea/tesi/ros2_mapf_cbs/project_1/install/my_package:/home/andrea/tesi/ros2_mapf_cbs/project_1/install/my_intermediate:/home/andrea/tesi/ros2_mapf_cbs/simple_example/install/my_py_pkg:/opt/ros/humble PYTHONPATH=/home/andrea/tesi/ros2_mapf_cbs/project_1/build/my_intermediate:/home/andrea/tesi/ros2_mapf_cbs/project_1/install/my_intermediate/lib/python3.10/site-packages:/home/andrea/tesi/ros2_mapf_cbs/project_1/install/my_package/lib/python3.10/site-packages:/home/andrea/tesi/ros2_mapf_cbs/project_1/install/my_intermediate_interfaces/local/lib/python3.10/dist-packages:/home/andrea/tesi/ros2_mapf_cbs/simple_example/build/my_py_pkg:/home/andrea/tesi/ros2_mapf_cbs/simple_example/install/my_py_pkg/lib/python3.10/site-packages:/home/andrea/tesi/ros2_mapf_cbs/simple_example/install/my_robot_interfaces/local/lib/python3.10/dist-packages:/opt/ros/humble/lib/python3.10/site-packages:/opt/ros/humble/local/lib/python3.10/dist-packages /usr/bin/cmake --install /home/andrea/tesi/ros2_mapf_cbs/project_1/build/turtlebot3_multi_robot
[3.874s] Level 1:colcon.colcon_core.environment:checking '/home/andrea/tesi/ros2_mapf_cbs/project_1/install/turtlebot3_multi_robot' for CMake module files
[3.875s] Level 1:colcon.colcon_core.environment:checking '/home/andrea/tesi/ros2_mapf_cbs/project_1/install/turtlebot3_multi_robot' for CMake config files
[3.878s] Level 1:colcon.colcon_core.shell:create_environment_hook('turtlebot3_multi_robot', 'cmake_prefix_path')
[3.903s] INFO:colcon.colcon_core.shell:Creating environment hook '/home/andrea/tesi/ros2_mapf_cbs/project_1/install/turtlebot3_multi_robot/share/turtlebot3_multi_robot/hook/cmake_prefix_path.ps1'
[3.903s] INFO:colcon.colcon_core.shell:Creating environment descriptor '/home/andrea/tesi/ros2_mapf_cbs/project_1/install/turtlebot3_multi_robot/share/turtlebot3_multi_robot/hook/cmake_prefix_path.dsv'
[3.904s] INFO:colcon.colcon_core.shell:Creating environment hook '/home/andrea/tesi/ros2_mapf_cbs/project_1/install/turtlebot3_multi_robot/share/turtlebot3_multi_robot/hook/cmake_prefix_path.sh'
[3.905s] Level 1:colcon.colcon_core.environment:checking '/home/andrea/tesi/ros2_mapf_cbs/project_1/install/turtlebot3_multi_robot/bin'
[3.907s] Level 1:colcon.colcon_core.environment:checking '/home/andrea/tesi/ros2_mapf_cbs/project_1/install/turtlebot3_multi_robot/lib/pkgconfig/turtlebot3_multi_robot.pc'
[3.907s] Level 1:colcon.colcon_core.environment:checking '/home/andrea/tesi/ros2_mapf_cbs/project_1/install/turtlebot3_multi_robot/lib/python3.10/site-packages'
[3.908s] Level 1:colcon.colcon_core.environment:checking '/home/andrea/tesi/ros2_mapf_cbs/project_1/install/turtlebot3_multi_robot/bin'
[3.928s] INFO:colcon.colcon_core.shell:Creating package script '/home/andrea/tesi/ros2_mapf_cbs/project_1/install/turtlebot3_multi_robot/share/turtlebot3_multi_robot/package.ps1'
[3.929s] INFO:colcon.colcon_core.shell:Creating package descriptor '/home/andrea/tesi/ros2_mapf_cbs/project_1/install/turtlebot3_multi_robot/share/turtlebot3_multi_robot/package.dsv'
[3.929s] INFO:colcon.colcon_core.shell:Creating package script '/home/andrea/tesi/ros2_mapf_cbs/project_1/install/turtlebot3_multi_robot/share/turtlebot3_multi_robot/package.sh'
[3.930s] INFO:colcon.colcon_core.shell:Creating package script '/home/andrea/tesi/ros2_mapf_cbs/project_1/install/turtlebot3_multi_robot/share/turtlebot3_multi_robot/package.bash'
[3.930s] INFO:colcon.colcon_core.shell:Creating package script '/home/andrea/tesi/ros2_mapf_cbs/project_1/install/turtlebot3_multi_robot/share/turtlebot3_multi_robot/package.zsh'
[3.930s] Level 1:colcon.colcon_core.environment:create_file_with_runtime_dependencies(/home/andrea/tesi/ros2_mapf_cbs/project_1/install/turtlebot3_multi_robot/share/colcon-core/packages/turtlebot3_multi_robot)
[3.970s] Level 1:colcon.colcon_core.environment:create_environment_scripts_only(turtlebot3_multi_robot)
[3.992s] Level 1:colcon.colcon_core.environment:checking '/home/andrea/tesi/ros2_mapf_cbs/project_1/install/turtlebot3_multi_robot' for CMake module files
[3.993s] Level 1:colcon.colcon_core.environment:checking '/home/andrea/tesi/ros2_mapf_cbs/project_1/install/turtlebot3_multi_robot' for CMake config files
[3.993s] Level 1:colcon.colcon_core.shell:create_environment_hook('turtlebot3_multi_robot', 'cmake_prefix_path')
[4.010s] INFO:colcon.colcon_core.shell:Creating environment hook '/home/andrea/tesi/ros2_mapf_cbs/project_1/install/turtlebot3_multi_robot/share/turtlebot3_multi_robot/hook/cmake_prefix_path.ps1'
[4.011s] INFO:colcon.colcon_core.shell:Creating environment descriptor '/home/andrea/tesi/ros2_mapf_cbs/project_1/install/turtlebot3_multi_robot/share/turtlebot3_multi_robot/hook/cmake_prefix_path.dsv'
[4.011s] INFO:colcon.colcon_core.shell:Creating environment hook '/home/andrea/tesi/ros2_mapf_cbs/project_1/install/turtlebot3_multi_robot/share/turtlebot3_multi_robot/hook/cmake_prefix_path.sh'
[4.012s] Level 1:colcon.colcon_core.environment:checking '/home/andrea/tesi/ros2_mapf_cbs/project_1/install/turtlebot3_multi_robot/bin'
[4.012s] Level 1:colcon.colcon_core.environment:checking '/home/andrea/tesi/ros2_mapf_cbs/project_1/install/turtlebot3_multi_robot/lib/pkgconfig/turtlebot3_multi_robot.pc'
[4.012s] Level 1:colcon.colcon_core.environment:checking '/home/andrea/tesi/ros2_mapf_cbs/project_1/install/turtlebot3_multi_robot/lib/python3.10/site-packages'
[4.012s] Level 1:colcon.colcon_core.environment:checking '/home/andrea/tesi/ros2_mapf_cbs/project_1/install/turtlebot3_multi_robot/bin'
[4.032s] INFO:colcon.colcon_core.shell:Creating package script '/home/andrea/tesi/ros2_mapf_cbs/project_1/install/turtlebot3_multi_robot/share/turtlebot3_multi_robot/package.ps1'
[4.032s] INFO:colcon.colcon_core.shell:Creating package descriptor '/home/andrea/tesi/ros2_mapf_cbs/project_1/install/turtlebot3_multi_robot/share/turtlebot3_multi_robot/package.dsv'
[4.033s] INFO:colcon.colcon_core.shell:Creating package script '/home/andrea/tesi/ros2_mapf_cbs/project_1/install/turtlebot3_multi_robot/share/turtlebot3_multi_robot/package.sh'
[4.034s] INFO:colcon.colcon_core.shell:Creating package script '/home/andrea/tesi/ros2_mapf_cbs/project_1/install/turtlebot3_multi_robot/share/turtlebot3_multi_robot/package.bash'
[4.034s] INFO:colcon.colcon_core.shell:Creating package script '/home/andrea/tesi/ros2_mapf_cbs/project_1/install/turtlebot3_multi_robot/share/turtlebot3_multi_robot/package.zsh'
[4.034s] Level 1:colcon.colcon_core.environment:create_file_with_runtime_dependencies(/home/andrea/tesi/ros2_mapf_cbs/project_1/install/turtlebot3_multi_robot/share/colcon-core/packages/turtlebot3_multi_robot)
[4.037s] DEBUG:colcon.colcon_core.event_handler.log_command:Invoked command in '/home/andrea/tesi/ros2_mapf_cbs/project_1/build/my_intermediate_interfaces' returned '0': CMAKE_PREFIX_PATH=${CMAKE_PREFIX_PATH}:/home/andrea/tesi/ros2_mapf_cbs/project_1/install/my_package:/home/andrea/tesi/ros2_mapf_cbs/project_1/install/my_intermediate:/home/andrea/tesi/ros2_mapf_cbs/simple_example/install/my_py_pkg:/opt/ros/humble /usr/bin/cmake --build /home/andrea/tesi/ros2_mapf_cbs/project_1/build/my_intermediate_interfaces -- -j8 -l8
[4.178s] DEBUG:colcon.colcon_core.event_handler.log_command:Invoking command in '/home/andrea/tesi/ros2_mapf_cbs/project_1/build/my_intermediate_interfaces': CMAKE_PREFIX_PATH=${CMAKE_PREFIX_PATH}:/home/andrea/tesi/ros2_mapf_cbs/project_1/install/my_package:/home/andrea/tesi/ros2_mapf_cbs/project_1/install/my_intermediate:/home/andrea/tesi/ros2_mapf_cbs/simple_example/install/my_py_pkg:/opt/ros/humble /usr/bin/cmake --install /home/andrea/tesi/ros2_mapf_cbs/project_1/build/my_intermediate_interfaces
[4.272s] Level 1:colcon.colcon_core.environment:create_environment_scripts_only(my_intermediate_interfaces)
[4.279s] DEBUG:colcon.colcon_core.event_handler.log_command:Invoked command in '/home/andrea/tesi/ros2_mapf_cbs/project_1/build/my_intermediate_interfaces' returned '0': CMAKE_PREFIX_PATH=${CMAKE_PREFIX_PATH}:/home/andrea/tesi/ros2_mapf_cbs/project_1/install/my_package:/home/andrea/tesi/ros2_mapf_cbs/project_1/install/my_intermediate:/home/andrea/tesi/ros2_mapf_cbs/simple_example/install/my_py_pkg:/opt/ros/humble /usr/bin/cmake --install /home/andrea/tesi/ros2_mapf_cbs/project_1/build/my_intermediate_interfaces
[4.293s] Level 1:colcon.colcon_core.environment:checking '/home/andrea/tesi/ros2_mapf_cbs/project_1/install/my_intermediate_interfaces' for CMake module files
[4.294s] Level 1:colcon.colcon_core.environment:checking '/home/andrea/tesi/ros2_mapf_cbs/project_1/install/my_intermediate_interfaces' for CMake config files
[4.294s] Level 1:colcon.colcon_core.shell:create_environment_hook('my_intermediate_interfaces', 'cmake_prefix_path')
[4.311s] INFO:colcon.colcon_core.shell:Creating environment hook '/home/andrea/tesi/ros2_mapf_cbs/project_1/install/my_intermediate_interfaces/share/my_intermediate_interfaces/hook/cmake_prefix_path.ps1'
[4.311s] INFO:colcon.colcon_core.shell:Creating environment descriptor '/home/andrea/tesi/ros2_mapf_cbs/project_1/install/my_intermediate_interfaces/share/my_intermediate_interfaces/hook/cmake_prefix_path.dsv'
[4.312s] INFO:colcon.colcon_core.shell:Creating environment hook '/home/andrea/tesi/ros2_mapf_cbs/project_1/install/my_intermediate_interfaces/share/my_intermediate_interfaces/hook/cmake_prefix_path.sh'
[4.312s] Level 1:colcon.colcon_core.environment:checking '/home/andrea/tesi/ros2_mapf_cbs/project_1/install/my_intermediate_interfaces/lib'
[4.312s] Level 1:colcon.colcon_core.shell:create_environment_hook('my_intermediate_interfaces', 'ld_library_path_lib')
[4.328s] INFO:colcon.colcon_core.shell:Creating environment hook '/home/andrea/tesi/ros2_mapf_cbs/project_1/install/my_intermediate_interfaces/share/my_intermediate_interfaces/hook/ld_library_path_lib.ps1'
[4.329s] INFO:colcon.colcon_core.shell:Creating environment descriptor '/home/andrea/tesi/ros2_mapf_cbs/project_1/install/my_intermediate_interfaces/share/my_intermediate_interfaces/hook/ld_library_path_lib.dsv'
[4.329s] INFO:colcon.colcon_core.shell:Creating environment hook '/home/andrea/tesi/ros2_mapf_cbs/project_1/install/my_intermediate_interfaces/share/my_intermediate_interfaces/hook/ld_library_path_lib.sh'
[4.330s] Level 1:colcon.colcon_core.environment:checking '/home/andrea/tesi/ros2_mapf_cbs/project_1/install/my_intermediate_interfaces/bin'
[4.330s] Level 1:colcon.colcon_core.environment:checking '/home/andrea/tesi/ros2_mapf_cbs/project_1/install/my_intermediate_interfaces/lib/pkgconfig/my_intermediate_interfaces.pc'
[4.330s] Level 1:colcon.colcon_core.environment:checking '/home/andrea/tesi/ros2_mapf_cbs/project_1/install/my_intermediate_interfaces/lib/python3.10/site-packages'
[4.330s] Level 1:colcon.colcon_core.environment:checking '/home/andrea/tesi/ros2_mapf_cbs/project_1/install/my_intermediate_interfaces/bin'
[4.345s] INFO:colcon.colcon_core.shell:Creating package script '/home/andrea/tesi/ros2_mapf_cbs/project_1/install/my_intermediate_interfaces/share/my_intermediate_interfaces/package.ps1'
[4.345s] INFO:colcon.colcon_core.shell:Creating package descriptor '/home/andrea/tesi/ros2_mapf_cbs/project_1/install/my_intermediate_interfaces/share/my_intermediate_interfaces/package.dsv'
[4.346s] INFO:colcon.colcon_core.shell:Creating package script '/home/andrea/tesi/ros2_mapf_cbs/project_1/install/my_intermediate_interfaces/share/my_intermediate_interfaces/package.sh'
[4.346s] INFO:colcon.colcon_core.shell:Creating package script '/home/andrea/tesi/ros2_mapf_cbs/project_1/install/my_intermediate_interfaces/share/my_intermediate_interfaces/package.bash'
[4.346s] INFO:colcon.colcon_core.shell:Creating package script '/home/andrea/tesi/ros2_mapf_cbs/project_1/install/my_intermediate_interfaces/share/my_intermediate_interfaces/package.zsh'
[4.347s] Level 1:colcon.colcon_core.environment:create_file_with_runtime_dependencies(/home/andrea/tesi/ros2_mapf_cbs/project_1/install/my_intermediate_interfaces/share/colcon-core/packages/my_intermediate_interfaces)
[4.459s] Level 1:colcon.colcon_core.environment:create_environment_scripts_only(my_intermediate_interfaces)
[4.472s] Level 1:colcon.colcon_core.environment:checking '/home/andrea/tesi/ros2_mapf_cbs/project_1/install/my_intermediate_interfaces' for CMake module files
[4.473s] Level 1:colcon.colcon_core.environment:checking '/home/andrea/tesi/ros2_mapf_cbs/project_1/install/my_intermediate_interfaces' for CMake config files
[4.473s] Level 1:colcon.colcon_core.shell:create_environment_hook('my_intermediate_interfaces', 'cmake_prefix_path')
[4.486s] INFO:colcon.colcon_core.shell:Creating environment hook '/home/andrea/tesi/ros2_mapf_cbs/project_1/install/my_intermediate_interfaces/share/my_intermediate_interfaces/hook/cmake_prefix_path.ps1'
[4.487s] INFO:colcon.colcon_core.shell:Creating environment descriptor '/home/andrea/tesi/ros2_mapf_cbs/project_1/install/my_intermediate_interfaces/share/my_intermediate_interfaces/hook/cmake_prefix_path.dsv'
[4.487s] INFO:colcon.colcon_core.shell:Creating environment hook '/home/andrea/tesi/ros2_mapf_cbs/project_1/install/my_intermediate_interfaces/share/my_intermediate_interfaces/hook/cmake_prefix_path.sh'
[4.487s] Level 1:colcon.colcon_core.environment:checking '/home/andrea/tesi/ros2_mapf_cbs/project_1/install/my_intermediate_interfaces/lib'
[4.487s] Level 1:colcon.colcon_core.shell:create_environment_hook('my_intermediate_interfaces', 'ld_library_path_lib')
[4.500s] INFO:colcon.colcon_core.shell:Creating environment hook '/home/andrea/tesi/ros2_mapf_cbs/project_1/install/my_intermediate_interfaces/share/my_intermediate_interfaces/hook/ld_library_path_lib.ps1'
[4.501s] INFO:colcon.colcon_core.shell:Creating environment descriptor '/home/andrea/tesi/ros2_mapf_cbs/project_1/install/my_intermediate_interfaces/share/my_intermediate_interfaces/hook/ld_library_path_lib.dsv'
[4.501s] INFO:colcon.colcon_core.shell:Creating environment hook '/home/andrea/tesi/ros2_mapf_cbs/project_1/install/my_intermediate_interfaces/share/my_intermediate_interfaces/hook/ld_library_path_lib.sh'
[4.501s] Level 1:colcon.colcon_core.environment:checking '/home/andrea/tesi/ros2_mapf_cbs/project_1/install/my_intermediate_interfaces/bin'
[4.501s] Level 1:colcon.colcon_core.environment:checking '/home/andrea/tesi/ros2_mapf_cbs/project_1/install/my_intermediate_interfaces/lib/pkgconfig/my_intermediate_interfaces.pc'
[4.502s] Level 1:colcon.colcon_core.environment:checking '/home/andrea/tesi/ros2_mapf_cbs/project_1/install/my_intermediate_interfaces/lib/python3.10/site-packages'
[4.502s] Level 1:colcon.colcon_core.environment:checking '/home/andrea/tesi/ros2_mapf_cbs/project_1/install/my_intermediate_interfaces/bin'
[4.514s] INFO:colcon.colcon_core.shell:Creating package script '/home/andrea/tesi/ros2_mapf_cbs/project_1/install/my_intermediate_interfaces/share/my_intermediate_interfaces/package.ps1'
[4.514s] INFO:colcon.colcon_core.shell:Creating package descriptor '/home/andrea/tesi/ros2_mapf_cbs/project_1/install/my_intermediate_interfaces/share/my_intermediate_interfaces/package.dsv'
[4.514s] INFO:colcon.colcon_core.shell:Creating package script '/home/andrea/tesi/ros2_mapf_cbs/project_1/install/my_intermediate_interfaces/share/my_intermediate_interfaces/package.sh'
[4.515s] INFO:colcon.colcon_core.shell:Creating package script '/home/andrea/tesi/ros2_mapf_cbs/project_1/install/my_intermediate_interfaces/share/my_intermediate_interfaces/package.bash'
[4.515s] INFO:colcon.colcon_core.shell:Creating package script '/home/andrea/tesi/ros2_mapf_cbs/project_1/install/my_intermediate_interfaces/share/my_intermediate_interfaces/package.zsh'
[4.515s] Level 1:colcon.colcon_core.environment:create_file_with_runtime_dependencies(/home/andrea/tesi/ros2_mapf_cbs/project_1/install/my_intermediate_interfaces/share/colcon-core/packages/my_intermediate_interfaces)
[4.515s] DEBUG:colcon.colcon_parallel_executor.executor.parallel:closing loop
[4.516s] DEBUG:colcon.colcon_parallel_executor.executor.parallel:loop closed
[4.516s] DEBUG:colcon.colcon_parallel_executor.executor.parallel:run_until_complete finished with '0'
[4.516s] DEBUG:colcon.colcon_core.event_reactor:joining thread
[4.539s] INFO:colcon.colcon_core.plugin_system:Skipping extension 'colcon_notification.desktop_notification.terminal_notifier': Not used on non-Darwin systems
[4.539s] INFO:colcon.colcon_core.plugin_system:Skipping extension 'colcon_notification.desktop_notification.win32': Not used on non-Windows systems
[4.539s] INFO:colcon.colcon_notification.desktop_notification:Sending desktop notification using 'notify2'
[4.555s] DEBUG:colcon.colcon_core.event_reactor:joined thread
[4.568s] INFO:colcon.colcon_core.shell:Creating prefix script '/home/andrea/tesi/ros2_mapf_cbs/project_1/install/local_setup.ps1'
[4.569s] INFO:colcon.colcon_core.shell:Creating prefix util module '/home/andrea/tesi/ros2_mapf_cbs/project_1/install/_local_setup_util_ps1.py'
[4.570s] INFO:colcon.colcon_core.shell:Creating prefix chain script '/home/andrea/tesi/ros2_mapf_cbs/project_1/install/setup.ps1'
[4.586s] INFO:colcon.colcon_core.shell:Creating prefix script '/home/andrea/tesi/ros2_mapf_cbs/project_1/install/local_setup.sh'
[4.587s] INFO:colcon.colcon_core.shell:Creating prefix util module '/home/andrea/tesi/ros2_mapf_cbs/project_1/install/_local_setup_util_sh.py'
[4.588s] INFO:colcon.colcon_core.shell:Creating prefix chain script '/home/andrea/tesi/ros2_mapf_cbs/project_1/install/setup.sh'
[4.602s] INFO:colcon.colcon_core.shell:Creating prefix script '/home/andrea/tesi/ros2_mapf_cbs/project_1/install/local_setup.bash'
[4.603s] INFO:colcon.colcon_core.shell:Creating prefix chain script '/home/andrea/tesi/ros2_mapf_cbs/project_1/install/setup.bash'
[4.616s] INFO:colcon.colcon_core.shell:Creating prefix script '/home/andrea/tesi/ros2_mapf_cbs/project_1/install/local_setup.zsh'
[4.617s] INFO:colcon.colcon_core.shell:Creating prefix chain script '/home/andrea/tesi/ros2_mapf_cbs/project_1/install/setup.zsh'
