[1.422s] Invoking command in '/home/andrea/tesi/ros2_mapf_cbs/project_1/build/my_intermediate': PYTHONPATH=/home/andrea/tesi/ros2_mapf_cbs/project_1/build/my_intermediate/prefix_override:/home/andrea/tesi/ros2_mapf_cbs/project_1/install/my_intermediate/lib/python3.10/site-packages:${PYTHONPATH} /usr/bin/python3 setup.py develop --uninstall --editable --build-directory /home/andrea/tesi/ros2_mapf_cbs/project_1/build/my_intermediate/build
[1.665s] running develop
[1.809s] Removing /home/andrea/tesi/ros2_mapf_cbs/project_1/install/my_intermediate/lib/python3.10/site-packages/my-intermediate.egg-link (link to .)
[1.849s] Invoked command in '/home/andrea/tesi/ros2_mapf_cbs/project_1/build/my_intermediate' returned '0': PYTHONPATH=/home/andrea/tesi/ros2_mapf_cbs/project_1/build/my_intermediate/prefix_override:/home/andrea/tesi/ros2_mapf_cbs/project_1/install/my_intermediate/lib/python3.10/site-packages:${PYTHONPATH} /usr/bin/python3 setup.py develop --uninstall --editable --build-directory /home/andrea/tesi/ros2_mapf_cbs/project_1/build/my_intermediate/build
[1.850s] Invoking command in '/home/andrea/tesi/ros2_mapf_cbs/project_1/src/my_intermediate': PYTHONPATH=/home/andrea/tesi/ros2_mapf_cbs/project_1/build/my_intermediate/prefix_override:/home/andrea/tesi/ros2_mapf_cbs/project_1/install/my_intermediate/lib/python3.10/site-packages:${PYTHONPATH} /usr/bin/python3 setup.py egg_info --egg-base ../../build/my_intermediate build --build-base /home/andrea/tesi/ros2_mapf_cbs/project_1/build/my_intermediate/build install --record /home/andrea/tesi/ros2_mapf_cbs/project_1/build/my_intermediate/install.log --single-version-externally-managed
[2.103s] running egg_info
[2.104s] writing ../../build/my_intermediate/my_intermediate.egg-info/PKG-INFO
[2.105s] writing dependency_links to ../../build/my_intermediate/my_intermediate.egg-info/dependency_links.txt
[2.105s] writing entry points to ../../build/my_intermediate/my_intermediate.egg-info/entry_points.txt
[2.105s] writing requirements to ../../build/my_intermediate/my_intermediate.egg-info/requires.txt
[2.105s] writing top-level names to ../../build/my_intermediate/my_intermediate.egg-info/top_level.txt
[2.107s] reading manifest file '../../build/my_intermediate/my_intermediate.egg-info/SOURCES.txt'
[2.108s] writing manifest file '../../build/my_intermediate/my_intermediate.egg-info/SOURCES.txt'
[2.108s] running build
[2.108s] running build_py
[2.108s] copying my_intermediate/multi_agent_plan_asker.py -> /home/andrea/tesi/ros2_mapf_cbs/project_1/build/my_intermediate/build/lib/my_intermediate
[2.109s] running install
[2.109s] running install_lib
[2.110s] creating /home/andrea/tesi/ros2_mapf_cbs/project_1/install/my_intermediate/lib/python3.10/site-packages/my_intermediate
[2.110s] copying /home/andrea/tesi/ros2_mapf_cbs/project_1/build/my_intermediate/build/lib/my_intermediate/plan_asker.py -> /home/andrea/tesi/ros2_mapf_cbs/project_1/install/my_intermediate/lib/python3.10/site-packages/my_intermediate
[2.110s] copying /home/andrea/tesi/ros2_mapf_cbs/project_1/build/my_intermediate/build/lib/my_intermediate/__init__.py -> /home/andrea/tesi/ros2_mapf_cbs/project_1/install/my_intermediate/lib/python3.10/site-packages/my_intermediate
[2.110s] copying /home/andrea/tesi/ros2_mapf_cbs/project_1/build/my_intermediate/build/lib/my_intermediate/multi_agent_plan_asker.py -> /home/andrea/tesi/ros2_mapf_cbs/project_1/install/my_intermediate/lib/python3.10/site-packages/my_intermediate
[2.110s] copying /home/andrea/tesi/ros2_mapf_cbs/project_1/build/my_intermediate/build/lib/my_intermediate/entity_creator.py -> /home/andrea/tesi/ros2_mapf_cbs/project_1/install/my_intermediate/lib/python3.10/site-packages/my_intermediate
[2.110s] byte-compiling /home/andrea/tesi/ros2_mapf_cbs/project_1/install/my_intermediate/lib/python3.10/site-packages/my_intermediate/plan_asker.py to plan_asker.cpython-310.pyc
[2.111s] byte-compiling /home/andrea/tesi/ros2_mapf_cbs/project_1/install/my_intermediate/lib/python3.10/site-packages/my_intermediate/__init__.py to __init__.cpython-310.pyc
[2.111s] byte-compiling /home/andrea/tesi/ros2_mapf_cbs/project_1/install/my_intermediate/lib/python3.10/site-packages/my_intermediate/multi_agent_plan_asker.py to multi_agent_plan_asker.cpython-310.pyc
[2.112s] byte-compiling /home/andrea/tesi/ros2_mapf_cbs/project_1/install/my_intermediate/lib/python3.10/site-packages/my_intermediate/entity_creator.py to entity_creator.cpython-310.pyc
[2.113s] running install_data
[2.113s] running install_egg_info
[2.115s] Copying ../../build/my_intermediate/my_intermediate.egg-info to /home/andrea/tesi/ros2_mapf_cbs/project_1/install/my_intermediate/lib/python3.10/site-packages/my_intermediate-0.0.0-py3.10.egg-info
[2.115s] running install_scripts
[2.137s] Installing entity_creator script to /home/andrea/tesi/ros2_mapf_cbs/project_1/install/my_intermediate/lib/my_intermediate
[2.137s] Installing multi_agent_plan_asker script to /home/andrea/tesi/ros2_mapf_cbs/project_1/install/my_intermediate/lib/my_intermediate
[2.137s] Installing plan_asker script to /home/andrea/tesi/ros2_mapf_cbs/project_1/install/my_intermediate/lib/my_intermediate
[2.137s] writing list of installed files to '/home/andrea/tesi/ros2_mapf_cbs/project_1/build/my_intermediate/install.log'
[2.200s] Invoked command in '/home/andrea/tesi/ros2_mapf_cbs/project_1/src/my_intermediate' returned '0': PYTHONPATH=/home/andrea/tesi/ros2_mapf_cbs/project_1/build/my_intermediate/prefix_override:/home/andrea/tesi/ros2_mapf_cbs/project_1/install/my_intermediate/lib/python3.10/site-packages:${PYTHONPATH} /usr/bin/python3 setup.py egg_info --egg-base ../../build/my_intermediate build --build-base /home/andrea/tesi/ros2_mapf_cbs/project_1/build/my_intermediate/build install --record /home/andrea/tesi/ros2_mapf_cbs/project_1/build/my_intermediate/install.log --single-version-externally-managed
