[0.406s] Invoking command in '/home/andrea/tesi/ros2_mapf_cbs/cbs_ros2_project/build/turtlebot3_multi_robot': CMAKE_PREFIX_PATH=${CMAKE_PREFIX_PATH}:/home/andrea/tesi/ros2_mapf_cbs/cbs_ros2_project/install/cbs_nodes:/opt/ros/humble /usr/bin/cmake /home/andrea/tesi/ros2_mapf_cbs/cbs_ros2_project/src/cbs_components_ros2/turtlebot3_multi_robot -DAMENT_CMAKE_SYMLINK_INSTALL=1 -DCMAKE_INSTALL_PREFIX=/home/andrea/tesi/ros2_mapf_cbs/cbs_ros2_project/install/turtlebot3_multi_robot
[0.459s] -- The C compiler identification is GNU 11.4.0
[0.502s] -- The CXX compiler identification is GNU 11.4.0
[0.507s] -- Detecting C compiler ABI info
[0.570s] -- Detecting C compiler ABI info - done
[0.575s] -- Check for working C compiler: /usr/bin/cc - skipped
[0.576s] -- Detecting C compile features
[0.576s] -- Detecting C compile features - done
[0.578s] -- Detecting CXX compiler ABI info
[0.666s] -- Detecting CXX compiler ABI info - done
[0.673s] -- Check for working CXX compiler: /usr/bin/c++ - skipped
[0.673s] -- Detecting CXX compile features
[0.673s] -- Detecting CXX compile features - done
[0.676s] -- Found ament_cmake: 1.3.5 (/opt/ros/humble/share/ament_cmake/cmake)
[0.850s] -- Found Python3: /usr/bin/python3.10 (found version "3.10.12") found components: Interpreter 
[0.906s] -- Override CMake install command with custom implementation using symlinks instead of copying resources
[1.007s] -- Configuring done
[1.010s] -- Generating done
[1.011s] -- Build files have been written to: /home/andrea/tesi/ros2_mapf_cbs/cbs_ros2_project/build/turtlebot3_multi_robot
[1.067s] Invoked command in '/home/andrea/tesi/ros2_mapf_cbs/cbs_ros2_project/build/turtlebot3_multi_robot' returned '0': CMAKE_PREFIX_PATH=${CMAKE_PREFIX_PATH}:/home/andrea/tesi/ros2_mapf_cbs/cbs_ros2_project/install/cbs_nodes:/opt/ros/humble /usr/bin/cmake /home/andrea/tesi/ros2_mapf_cbs/cbs_ros2_project/src/cbs_components_ros2/turtlebot3_multi_robot -DAMENT_CMAKE_SYMLINK_INSTALL=1 -DCMAKE_INSTALL_PREFIX=/home/andrea/tesi/ros2_mapf_cbs/cbs_ros2_project/install/turtlebot3_multi_robot
[1.070s] Invoking command in '/home/andrea/tesi/ros2_mapf_cbs/cbs_ros2_project/build/turtlebot3_multi_robot': CMAKE_PREFIX_PATH=${CMAKE_PREFIX_PATH}:/home/andrea/tesi/ros2_mapf_cbs/cbs_ros2_project/install/cbs_nodes:/opt/ros/humble /usr/bin/cmake --build /home/andrea/tesi/ros2_mapf_cbs/cbs_ros2_project/build/turtlebot3_multi_robot -- -j8 -l8
[1.109s] Invoked command in '/home/andrea/tesi/ros2_mapf_cbs/cbs_ros2_project/build/turtlebot3_multi_robot' returned '0': CMAKE_PREFIX_PATH=${CMAKE_PREFIX_PATH}:/home/andrea/tesi/ros2_mapf_cbs/cbs_ros2_project/install/cbs_nodes:/opt/ros/humble /usr/bin/cmake --build /home/andrea/tesi/ros2_mapf_cbs/cbs_ros2_project/build/turtlebot3_multi_robot -- -j8 -l8
[1.132s] Invoking command in '/home/andrea/tesi/ros2_mapf_cbs/cbs_ros2_project/build/turtlebot3_multi_robot': CMAKE_PREFIX_PATH=${CMAKE_PREFIX_PATH}:/home/andrea/tesi/ros2_mapf_cbs/cbs_ros2_project/install/cbs_nodes:/opt/ros/humble /usr/bin/cmake --install /home/andrea/tesi/ros2_mapf_cbs/cbs_ros2_project/build/turtlebot3_multi_robot
[1.139s] -- Install configuration: ""
[1.139s] -- Execute custom install script
[1.140s] -- Symlinking: /home/andrea/tesi/ros2_mapf_cbs/cbs_ros2_project/install/turtlebot3_multi_robot/share/turtlebot3_multi_robot//launch/gazebo_2_robots_world.launch.py
[1.148s] -- Symlinking: /home/andrea/tesi/ros2_mapf_cbs/cbs_ros2_project/install/turtlebot3_multi_robot/share/turtlebot3_multi_robot//launch/gazebo_multi_nav2_world.launch.py
[1.157s] -- Symlinking: /home/andrea/tesi/ros2_mapf_cbs/cbs_ros2_project/install/turtlebot3_multi_robot/share/turtlebot3_multi_robot//launch/gazebo_multi_world.launch.py
[1.165s] -- Symlinking: /home/andrea/tesi/ros2_mapf_cbs/cbs_ros2_project/install/turtlebot3_multi_robot/share/turtlebot3_multi_robot//launch/nav2_bringup/bringup_launch.py
[1.174s] -- Symlinking: /home/andrea/tesi/ros2_mapf_cbs/cbs_ros2_project/install/turtlebot3_multi_robot/share/turtlebot3_multi_robot//launch/nav2_bringup/localization_launch.py
[1.182s] -- Symlinking: /home/andrea/tesi/ros2_mapf_cbs/cbs_ros2_project/install/turtlebot3_multi_robot/share/turtlebot3_multi_robot//launch/nav2_bringup/navigation_launch.py
[1.190s] -- Symlinking: /home/andrea/tesi/ros2_mapf_cbs/cbs_ros2_project/install/turtlebot3_multi_robot/share/turtlebot3_multi_robot//launch/nav2_bringup/rviz_launch.py
[1.201s] -- Symlinking: /home/andrea/tesi/ros2_mapf_cbs/cbs_ros2_project/install/turtlebot3_multi_robot/share/turtlebot3_multi_robot//launch/nav2_bringup/slam_launch.py
[1.211s] -- Symlinking: /home/andrea/tesi/ros2_mapf_cbs/cbs_ros2_project/install/turtlebot3_multi_robot/share/turtlebot3_multi_robot//models/turtlebot3_burger/meshes/burger_base.dae
[1.220s] -- Symlinking: /home/andrea/tesi/ros2_mapf_cbs/cbs_ros2_project/install/turtlebot3_multi_robot/share/turtlebot3_multi_robot//models/turtlebot3_burger/meshes/lds.dae
[1.228s] -- Symlinking: /home/andrea/tesi/ros2_mapf_cbs/cbs_ros2_project/install/turtlebot3_multi_robot/share/turtlebot3_multi_robot//models/turtlebot3_burger/meshes/tire.dae
[1.239s] -- Symlinking: /home/andrea/tesi/ros2_mapf_cbs/cbs_ros2_project/install/turtlebot3_multi_robot/share/turtlebot3_multi_robot//models/turtlebot3_burger/model-1_4.sdf
[1.247s] -- Symlinking: /home/andrea/tesi/ros2_mapf_cbs/cbs_ros2_project/install/turtlebot3_multi_robot/share/turtlebot3_multi_robot//models/turtlebot3_burger/model.config
[1.257s] -- Symlinking: /home/andrea/tesi/ros2_mapf_cbs/cbs_ros2_project/install/turtlebot3_multi_robot/share/turtlebot3_multi_robot//models/turtlebot3_burger/model.sdf
[1.265s] -- Symlinking: /home/andrea/tesi/ros2_mapf_cbs/cbs_ros2_project/install/turtlebot3_multi_robot/share/turtlebot3_multi_robot//models/turtlebot3_waffle/meshes/lds.dae
[1.274s] -- Symlinking: /home/andrea/tesi/ros2_mapf_cbs/cbs_ros2_project/install/turtlebot3_multi_robot/share/turtlebot3_multi_robot//models/turtlebot3_waffle/meshes/r200.dae
[1.285s] -- Symlinking: /home/andrea/tesi/ros2_mapf_cbs/cbs_ros2_project/install/turtlebot3_multi_robot/share/turtlebot3_multi_robot//models/turtlebot3_waffle/meshes/tire.dae
[1.295s] -- Symlinking: /home/andrea/tesi/ros2_mapf_cbs/cbs_ros2_project/install/turtlebot3_multi_robot/share/turtlebot3_multi_robot//models/turtlebot3_waffle/meshes/waffle_base.dae
[1.303s] -- Symlinking: /home/andrea/tesi/ros2_mapf_cbs/cbs_ros2_project/install/turtlebot3_multi_robot/share/turtlebot3_multi_robot//models/turtlebot3_waffle/model-1_4.sdf
[1.311s] -- Symlinking: /home/andrea/tesi/ros2_mapf_cbs/cbs_ros2_project/install/turtlebot3_multi_robot/share/turtlebot3_multi_robot//models/turtlebot3_waffle/model.config
[1.319s] -- Symlinking: /home/andrea/tesi/ros2_mapf_cbs/cbs_ros2_project/install/turtlebot3_multi_robot/share/turtlebot3_multi_robot//models/turtlebot3_waffle/model.sdf
[1.327s] -- Symlinking: /home/andrea/tesi/ros2_mapf_cbs/cbs_ros2_project/install/turtlebot3_multi_robot/share/turtlebot3_multi_robot//models/turtlebot3_waffle/model_nocamera.sdf
[1.336s] -- Symlinking: /home/andrea/tesi/ros2_mapf_cbs/cbs_ros2_project/install/turtlebot3_multi_robot/share/turtlebot3_multi_robot//rviz/multi_nav2_default_view.rviz
[1.344s] -- Symlinking: /home/andrea/tesi/ros2_mapf_cbs/cbs_ros2_project/install/turtlebot3_multi_robot/share/turtlebot3_multi_robot//rviz/nav2_default_view.rviz
[1.352s] -- Symlinking: /home/andrea/tesi/ros2_mapf_cbs/cbs_ros2_project/install/turtlebot3_multi_robot/share/turtlebot3_multi_robot//urdf/common_properties.urdf
[1.360s] -- Symlinking: /home/andrea/tesi/ros2_mapf_cbs/cbs_ros2_project/install/turtlebot3_multi_robot/share/turtlebot3_multi_robot//urdf/turtlebot3_burger.urdf
[1.368s] -- Symlinking: /home/andrea/tesi/ros2_mapf_cbs/cbs_ros2_project/install/turtlebot3_multi_robot/share/turtlebot3_multi_robot//urdf/turtlebot3_waffle.urdf
[1.378s] -- Symlinking: /home/andrea/tesi/ros2_mapf_cbs/cbs_ros2_project/install/turtlebot3_multi_robot/share/turtlebot3_multi_robot//worlds/multi_empty_world.world
[1.385s] -- Symlinking: /home/andrea/tesi/ros2_mapf_cbs/cbs_ros2_project/install/turtlebot3_multi_robot/share/turtlebot3_multi_robot//worlds/multi_robot_world.world
[1.393s] -- Symlinking: /home/andrea/tesi/ros2_mapf_cbs/cbs_ros2_project/install/turtlebot3_multi_robot/share/turtlebot3_multi_robot//params/nav2_params.yaml
[1.402s] -- Symlinking: /home/andrea/tesi/ros2_mapf_cbs/cbs_ros2_project/install/turtlebot3_multi_robot/share/turtlebot3_multi_robot/environment/multi_robot.dsv
[1.411s] -- Symlinking: /home/andrea/tesi/ros2_mapf_cbs/cbs_ros2_project/install/turtlebot3_multi_robot/share/ament_index/resource_index/package_run_dependencies/turtlebot3_multi_robot
[1.419s] -- Symlinking: /home/andrea/tesi/ros2_mapf_cbs/cbs_ros2_project/install/turtlebot3_multi_robot/share/ament_index/resource_index/parent_prefix_path/turtlebot3_multi_robot
[1.427s] -- Symlinking: /home/andrea/tesi/ros2_mapf_cbs/cbs_ros2_project/install/turtlebot3_multi_robot/share/turtlebot3_multi_robot/environment/ament_prefix_path.sh
[1.434s] -- Symlinking: /home/andrea/tesi/ros2_mapf_cbs/cbs_ros2_project/install/turtlebot3_multi_robot/share/turtlebot3_multi_robot/environment/ament_prefix_path.dsv
[1.443s] -- Symlinking: /home/andrea/tesi/ros2_mapf_cbs/cbs_ros2_project/install/turtlebot3_multi_robot/share/turtlebot3_multi_robot/environment/path.sh
[1.451s] -- Symlinking: /home/andrea/tesi/ros2_mapf_cbs/cbs_ros2_project/install/turtlebot3_multi_robot/share/turtlebot3_multi_robot/environment/path.dsv
[1.459s] -- Symlinking: /home/andrea/tesi/ros2_mapf_cbs/cbs_ros2_project/install/turtlebot3_multi_robot/share/turtlebot3_multi_robot/local_setup.bash
[1.466s] -- Symlinking: /home/andrea/tesi/ros2_mapf_cbs/cbs_ros2_project/install/turtlebot3_multi_robot/share/turtlebot3_multi_robot/local_setup.sh
[1.477s] -- Symlinking: /home/andrea/tesi/ros2_mapf_cbs/cbs_ros2_project/install/turtlebot3_multi_robot/share/turtlebot3_multi_robot/local_setup.zsh
[1.485s] -- Symlinking: /home/andrea/tesi/ros2_mapf_cbs/cbs_ros2_project/install/turtlebot3_multi_robot/share/turtlebot3_multi_robot/local_setup.dsv
[1.493s] -- Symlinking: /home/andrea/tesi/ros2_mapf_cbs/cbs_ros2_project/install/turtlebot3_multi_robot/share/turtlebot3_multi_robot/package.dsv
[1.500s] -- Symlinking: /home/andrea/tesi/ros2_mapf_cbs/cbs_ros2_project/install/turtlebot3_multi_robot/share/ament_index/resource_index/packages/turtlebot3_multi_robot
[1.507s] -- Symlinking: /home/andrea/tesi/ros2_mapf_cbs/cbs_ros2_project/install/turtlebot3_multi_robot/share/turtlebot3_multi_robot/cmake/turtlebot3_multi_robotConfig.cmake
[1.514s] -- Symlinking: /home/andrea/tesi/ros2_mapf_cbs/cbs_ros2_project/install/turtlebot3_multi_robot/share/turtlebot3_multi_robot/cmake/turtlebot3_multi_robotConfig-version.cmake
[1.521s] -- Symlinking: /home/andrea/tesi/ros2_mapf_cbs/cbs_ros2_project/install/turtlebot3_multi_robot/share/turtlebot3_multi_robot/package.xml
[1.530s] Invoked command in '/home/andrea/tesi/ros2_mapf_cbs/cbs_ros2_project/build/turtlebot3_multi_robot' returned '0': CMAKE_PREFIX_PATH=${CMAKE_PREFIX_PATH}:/home/andrea/tesi/ros2_mapf_cbs/cbs_ros2_project/install/cbs_nodes:/opt/ros/humble /usr/bin/cmake --install /home/andrea/tesi/ros2_mapf_cbs/cbs_ros2_project/build/turtlebot3_multi_robot
