[0.196s] Invoking command in '/home/andrea/tesi/ros2_mapf_cbs/cbs_ros2_project/build/cbs_bringup': CMAKE_PREFIX_PATH=${CMAKE_PREFIX_PATH}:/home/andrea/tesi/ros2_mapf_cbs/cbs_ros2_project/install/cbs_nodes:/opt/ros/humble /usr/bin/cmake --build /home/andrea/tesi/ros2_mapf_cbs/cbs_ros2_project/build/cbs_bringup -- -j8 -l8
[0.453s] Invoked command in '/home/andrea/tesi/ros2_mapf_cbs/cbs_ros2_project/build/cbs_bringup' returned '0': CMAKE_PREFIX_PATH=${CMAKE_PREFIX_PATH}:/home/andrea/tesi/ros2_mapf_cbs/cbs_ros2_project/install/cbs_nodes:/opt/ros/humble /usr/bin/cmake --build /home/andrea/tesi/ros2_mapf_cbs/cbs_ros2_project/build/cbs_bringup -- -j8 -l8
[0.474s] Invoking command in '/home/andrea/tesi/ros2_mapf_cbs/cbs_ros2_project/build/cbs_bringup': CMAKE_PREFIX_PATH=${CMAKE_PREFIX_PATH}:/home/andrea/tesi/ros2_mapf_cbs/cbs_ros2_project/install/cbs_nodes:/opt/ros/humble /usr/bin/cmake --install /home/andrea/tesi/ros2_mapf_cbs/cbs_ros2_project/build/cbs_bringup
[0.480s] -- Install configuration: ""
[0.481s] -- Execute custom install script
[0.481s] -- Up-to-date symlink: /home/andrea/tesi/ros2_mapf_cbs/cbs_ros2_project/install/cbs_bringup/share/cbs_bringup/launch/experiment1.launch.py
[0.482s] -- Up-to-date symlink: /home/andrea/tesi/ros2_mapf_cbs/cbs_ros2_project/install/cbs_bringup/share/cbs_bringup/launch/experiment2.launch.py
[0.482s] -- Up-to-date symlink: /home/andrea/tesi/ros2_mapf_cbs/cbs_ros2_project/install/cbs_bringup/share/cbs_bringup/launch/experiment3.launch.py
[0.482s] -- Up-to-date symlink: /home/andrea/tesi/ros2_mapf_cbs/cbs_ros2_project/install/cbs_bringup/share/cbs_bringup/launch/experiment4.launch.py
[0.482s] -- Up-to-date symlink: /home/andrea/tesi/ros2_mapf_cbs/cbs_ros2_project/install/cbs_bringup/share/cbs_bringup/launch/experiment5.launch.py
[0.482s] -- Up-to-date symlink: /home/andrea/tesi/ros2_mapf_cbs/cbs_ros2_project/install/cbs_bringup/share/ament_index/resource_index/package_run_dependencies/cbs_bringup
[0.482s] -- Up-to-date symlink: /home/andrea/tesi/ros2_mapf_cbs/cbs_ros2_project/install/cbs_bringup/share/ament_index/resource_index/parent_prefix_path/cbs_bringup
[0.482s] -- Up-to-date symlink: /home/andrea/tesi/ros2_mapf_cbs/cbs_ros2_project/install/cbs_bringup/share/cbs_bringup/environment/ament_prefix_path.sh
[0.482s] -- Up-to-date symlink: /home/andrea/tesi/ros2_mapf_cbs/cbs_ros2_project/install/cbs_bringup/share/cbs_bringup/environment/ament_prefix_path.dsv
[0.482s] -- Up-to-date symlink: /home/andrea/tesi/ros2_mapf_cbs/cbs_ros2_project/install/cbs_bringup/share/cbs_bringup/environment/path.sh
[0.482s] -- Up-to-date symlink: /home/andrea/tesi/ros2_mapf_cbs/cbs_ros2_project/install/cbs_bringup/share/cbs_bringup/environment/path.dsv
[0.483s] -- Up-to-date symlink: /home/andrea/tesi/ros2_mapf_cbs/cbs_ros2_project/install/cbs_bringup/share/cbs_bringup/local_setup.bash
[0.483s] -- Up-to-date symlink: /home/andrea/tesi/ros2_mapf_cbs/cbs_ros2_project/install/cbs_bringup/share/cbs_bringup/local_setup.sh
[0.484s] -- Up-to-date symlink: /home/andrea/tesi/ros2_mapf_cbs/cbs_ros2_project/install/cbs_bringup/share/cbs_bringup/local_setup.zsh
[0.484s] -- Up-to-date symlink: /home/andrea/tesi/ros2_mapf_cbs/cbs_ros2_project/install/cbs_bringup/share/cbs_bringup/local_setup.dsv
[0.484s] -- Symlinking: /home/andrea/tesi/ros2_mapf_cbs/cbs_ros2_project/install/cbs_bringup/share/cbs_bringup/package.dsv
[0.490s] -- Up-to-date symlink: /home/andrea/tesi/ros2_mapf_cbs/cbs_ros2_project/install/cbs_bringup/share/ament_index/resource_index/packages/cbs_bringup
[0.490s] -- Up-to-date symlink: /home/andrea/tesi/ros2_mapf_cbs/cbs_ros2_project/install/cbs_bringup/share/cbs_bringup/cmake/cbs_bringupConfig.cmake
[0.490s] -- Up-to-date symlink: /home/andrea/tesi/ros2_mapf_cbs/cbs_ros2_project/install/cbs_bringup/share/cbs_bringup/cmake/cbs_bringupConfig-version.cmake
[0.491s] -- Up-to-date symlink: /home/andrea/tesi/ros2_mapf_cbs/cbs_ros2_project/install/cbs_bringup/share/cbs_bringup/package.xml
[0.492s] Invoked command in '/home/andrea/tesi/ros2_mapf_cbs/cbs_ros2_project/build/cbs_bringup' returned '0': CMAKE_PREFIX_PATH=${CMAKE_PREFIX_PATH}:/home/andrea/tesi/ros2_mapf_cbs/cbs_ros2_project/install/cbs_nodes:/opt/ros/humble /usr/bin/cmake --install /home/andrea/tesi/ros2_mapf_cbs/cbs_ros2_project/build/cbs_bringup
