[0.750s] DEBUG:colcon:Command line arguments: ['/usr/bin/colcon', 'build']
[0.751s] DEBUG:colcon:Parsed command line arguments: Namespace(log_base=None, log_level=None, verb_name='build', build_base='build', install_base='install', merge_install=False, symlink_install=False, test_result_base=None, continue_on_error=False, executor='parallel', parallel_workers=8, event_handlers=None, ignore_user_meta=False, metas=['./colcon.meta'], base_paths=['.'], packages_ignore=None, packages_ignore_regex=None, paths=None, packages_up_to=None, packages_up_to_regex=None, packages_above=None, packages_above_and_dependencies=None, packages_above_depth=None, packages_select_by_dep=None, packages_skip_by_dep=None, packages_skip_up_to=None, packages_select_build_failed=False, packages_skip_build_finished=False, packages_select_test_failures=False, packages_skip_test_passed=False, packages_select=None, packages_skip=None, packages_select_regex=None, packages_skip_regex=None, packages_start=None, packages_end=None, allow_overriding=[], cmake_args=None, cmake_target=None, cmake_target_skip_unavailable=False, cmake_clean_cache=False, cmake_clean_first=False, cmake_force_configure=False, ament_cmake_args=None, catkin_cmake_args=None, catkin_skip_building_tests=False, verb_parser=<colcon_defaults.argument_parser.defaults.DefaultArgumentsDecorator object at 0x7f5563d82320>, verb_extension=<colcon_core.verb.build.BuildVerb object at 0x7f5564346080>, main=<bound method BuildVerb.main of <colcon_core.verb.build.BuildVerb object at 0x7f5564346080>>)
[0.791s] Level 1:colcon.colcon_core.package_discovery:discover_packages(colcon_meta) check parameters
[0.791s] Level 1:colcon.colcon_core.package_discovery:discover_packages(recursive) check parameters
[0.791s] Level 1:colcon.colcon_core.package_discovery:discover_packages(ignore) check parameters
[0.791s] Level 1:colcon.colcon_core.package_discovery:discover_packages(path) check parameters
[0.792s] Level 1:colcon.colcon_core.package_discovery:discover_packages(colcon_meta) discover
[0.792s] Level 1:colcon.colcon_core.package_discovery:discover_packages(recursive) discover
[0.792s] INFO:colcon.colcon_core.package_discovery:Crawling recursively for packages in '/home/andrea/tesi/ros2_mapf_cbs/project_1'
[0.792s] Level 1:colcon.colcon_core.package_identification:_identify(.) by extensions ['ignore', 'ignore_ament_install']
[0.792s] Level 1:colcon.colcon_core.package_identification:_identify(.) by extension 'ignore'
[0.792s] Level 1:colcon.colcon_core.package_identification:_identify(.) by extension 'ignore_ament_install'
[0.792s] Level 1:colcon.colcon_core.package_identification:_identify(.) by extensions ['colcon_pkg']
[0.792s] Level 1:colcon.colcon_core.package_identification:_identify(.) by extension 'colcon_pkg'
[0.792s] Level 1:colcon.colcon_core.package_identification:_identify(.) by extensions ['colcon_meta']
[0.792s] Level 1:colcon.colcon_core.package_identification:_identify(.) by extension 'colcon_meta'
[0.792s] Level 1:colcon.colcon_core.package_identification:_identify(.) by extensions ['ros']
[0.792s] Level 1:colcon.colcon_core.package_identification:_identify(.) by extension 'ros'
[0.802s] Level 1:colcon.colcon_core.package_identification:_identify(.) by extensions ['cmake', 'python']
[0.803s] Level 1:colcon.colcon_core.package_identification:_identify(.) by extension 'cmake'
[0.803s] Level 1:colcon.colcon_core.package_identification:_identify(.) by extension 'python'
[0.803s] Level 1:colcon.colcon_core.package_identification:_identify(.) by extensions ['python_setup_py']
[0.803s] Level 1:colcon.colcon_core.package_identification:_identify(.) by extension 'python_setup_py'
[0.803s] Level 1:colcon.colcon_core.package_identification:_identify(build) by extensions ['ignore', 'ignore_ament_install']
[0.803s] Level 1:colcon.colcon_core.package_identification:_identify(build) by extension 'ignore'
[0.803s] Level 1:colcon.colcon_core.package_identification:_identify(build) ignored
[0.803s] Level 1:colcon.colcon_core.package_identification:_identify(install) by extensions ['ignore', 'ignore_ament_install']
[0.803s] Level 1:colcon.colcon_core.package_identification:_identify(install) by extension 'ignore'
[0.803s] Level 1:colcon.colcon_core.package_identification:_identify(install) ignored
[0.803s] Level 1:colcon.colcon_core.package_identification:_identify(log) by extensions ['ignore', 'ignore_ament_install']
[0.803s] Level 1:colcon.colcon_core.package_identification:_identify(log) by extension 'ignore'
[0.803s] Level 1:colcon.colcon_core.package_identification:_identify(log) ignored
[0.803s] Level 1:colcon.colcon_core.package_identification:_identify(src) by extensions ['ignore', 'ignore_ament_install']
[0.803s] Level 1:colcon.colcon_core.package_identification:_identify(src) by extension 'ignore'
[0.803s] Level 1:colcon.colcon_core.package_identification:_identify(src) by extension 'ignore_ament_install'
[0.803s] Level 1:colcon.colcon_core.package_identification:_identify(src) by extensions ['colcon_pkg']
[0.803s] Level 1:colcon.colcon_core.package_identification:_identify(src) by extension 'colcon_pkg'
[0.803s] Level 1:colcon.colcon_core.package_identification:_identify(src) by extensions ['colcon_meta']
[0.803s] Level 1:colcon.colcon_core.package_identification:_identify(src) by extension 'colcon_meta'
[0.803s] Level 1:colcon.colcon_core.package_identification:_identify(src) by extensions ['ros']
[0.803s] Level 1:colcon.colcon_core.package_identification:_identify(src) by extension 'ros'
[0.803s] Level 1:colcon.colcon_core.package_identification:_identify(src) by extensions ['cmake', 'python']
[0.803s] Level 1:colcon.colcon_core.package_identification:_identify(src) by extension 'cmake'
[0.803s] Level 1:colcon.colcon_core.package_identification:_identify(src) by extension 'python'
[0.803s] Level 1:colcon.colcon_core.package_identification:_identify(src) by extensions ['python_setup_py']
[0.803s] Level 1:colcon.colcon_core.package_identification:_identify(src) by extension 'python_setup_py'
[0.804s] Level 1:colcon.colcon_core.package_identification:_identify(src/my_intermediate) by extensions ['ignore', 'ignore_ament_install']
[0.804s] Level 1:colcon.colcon_core.package_identification:_identify(src/my_intermediate) by extension 'ignore'
[0.804s] Level 1:colcon.colcon_core.package_identification:_identify(src/my_intermediate) by extension 'ignore_ament_install'
[0.804s] Level 1:colcon.colcon_core.package_identification:_identify(src/my_intermediate) by extensions ['colcon_pkg']
[0.804s] Level 1:colcon.colcon_core.package_identification:_identify(src/my_intermediate) by extension 'colcon_pkg'
[0.804s] Level 1:colcon.colcon_core.package_identification:_identify(src/my_intermediate) by extensions ['colcon_meta']
[0.804s] Level 1:colcon.colcon_core.package_identification:_identify(src/my_intermediate) by extension 'colcon_meta'
[0.804s] Level 1:colcon.colcon_core.package_identification:_identify(src/my_intermediate) by extensions ['ros']
[0.804s] Level 1:colcon.colcon_core.package_identification:_identify(src/my_intermediate) by extension 'ros'
[0.807s] DEBUG:colcon.colcon_core.package_identification:Package 'src/my_intermediate' with type 'ros.ament_python' and name 'my_intermediate'
[0.807s] Level 1:colcon.colcon_core.package_identification:_identify(src/my_package) by extensions ['ignore', 'ignore_ament_install']
[0.807s] Level 1:colcon.colcon_core.package_identification:_identify(src/my_package) by extension 'ignore'
[0.807s] Level 1:colcon.colcon_core.package_identification:_identify(src/my_package) by extension 'ignore_ament_install'
[0.807s] Level 1:colcon.colcon_core.package_identification:_identify(src/my_package) by extensions ['colcon_pkg']
[0.807s] Level 1:colcon.colcon_core.package_identification:_identify(src/my_package) by extension 'colcon_pkg'
[0.807s] Level 1:colcon.colcon_core.package_identification:_identify(src/my_package) by extensions ['colcon_meta']
[0.807s] Level 1:colcon.colcon_core.package_identification:_identify(src/my_package) by extension 'colcon_meta'
[0.807s] Level 1:colcon.colcon_core.package_identification:_identify(src/my_package) by extensions ['ros']
[0.807s] Level 1:colcon.colcon_core.package_identification:_identify(src/my_package) by extension 'ros'
[0.808s] DEBUG:colcon.colcon_core.package_identification:Package 'src/my_package' with type 'ros.ament_python' and name 'my_package'
[0.808s] Level 1:colcon.colcon_core.package_identification:_identify(src/my_try_bringup) by extensions ['ignore', 'ignore_ament_install']
[0.808s] Level 1:colcon.colcon_core.package_identification:_identify(src/my_try_bringup) by extension 'ignore'
[0.808s] Level 1:colcon.colcon_core.package_identification:_identify(src/my_try_bringup) by extension 'ignore_ament_install'
[0.808s] Level 1:colcon.colcon_core.package_identification:_identify(src/my_try_bringup) by extensions ['colcon_pkg']
[0.808s] Level 1:colcon.colcon_core.package_identification:_identify(src/my_try_bringup) by extension 'colcon_pkg'
[0.808s] Level 1:colcon.colcon_core.package_identification:_identify(src/my_try_bringup) by extensions ['colcon_meta']
[0.808s] Level 1:colcon.colcon_core.package_identification:_identify(src/my_try_bringup) by extension 'colcon_meta'
[0.808s] Level 1:colcon.colcon_core.package_identification:_identify(src/my_try_bringup) by extensions ['ros']
[0.808s] Level 1:colcon.colcon_core.package_identification:_identify(src/my_try_bringup) by extension 'ros'
[0.808s] DEBUG:colcon.colcon_core.package_identification:Package 'src/my_try_bringup' with type 'ros.ament_cmake' and name 'my_try_bringup'
[0.808s] Level 1:colcon.colcon_core.package_discovery:discover_packages(recursive) using defaults
[0.808s] Level 1:colcon.colcon_core.package_discovery:discover_packages(ignore) discover
[0.808s] Level 1:colcon.colcon_core.package_discovery:discover_packages(ignore) using defaults
[0.808s] Level 1:colcon.colcon_core.package_discovery:discover_packages(path) discover
[0.809s] Level 1:colcon.colcon_core.package_discovery:discover_packages(path) using defaults
[0.873s] Level 1:colcon.colcon_core.package_discovery:discover_packages(prefix_path) check parameters
[0.873s] Level 1:colcon.colcon_core.package_discovery:discover_packages(prefix_path) discover
[0.894s] DEBUG:colcon.colcon_installed_package_information.package_discovery:Found 2 installed packages in /home/andrea/tesi/ros2_mapf_cbs/project_1/install
[0.904s] DEBUG:colcon.colcon_installed_package_information.package_discovery:Found 3 installed packages in /home/andrea/tesi/ros2_mapf_cbs/simple_example/install
[0.921s] DEBUG:colcon.colcon_installed_package_information.package_discovery:Found 371 installed packages in /opt/ros/humble
[0.922s] Level 1:colcon.colcon_core.package_discovery:discover_packages(prefix_path) using defaults
[0.991s] Level 5:colcon.colcon_core.verb:set package 'my_intermediate' build argument 'cmake_args' from command line to 'None'
[0.991s] Level 5:colcon.colcon_core.verb:set package 'my_intermediate' build argument 'cmake_target' from command line to 'None'
[0.991s] Level 5:colcon.colcon_core.verb:set package 'my_intermediate' build argument 'cmake_target_skip_unavailable' from command line to 'False'
[0.991s] Level 5:colcon.colcon_core.verb:set package 'my_intermediate' build argument 'cmake_clean_cache' from command line to 'False'
[0.991s] Level 5:colcon.colcon_core.verb:set package 'my_intermediate' build argument 'cmake_clean_first' from command line to 'False'
[0.991s] Level 5:colcon.colcon_core.verb:set package 'my_intermediate' build argument 'cmake_force_configure' from command line to 'False'
[0.991s] Level 5:colcon.colcon_core.verb:set package 'my_intermediate' build argument 'ament_cmake_args' from command line to 'None'
[0.991s] Level 5:colcon.colcon_core.verb:set package 'my_intermediate' build argument 'catkin_cmake_args' from command line to 'None'
[0.991s] Level 5:colcon.colcon_core.verb:set package 'my_intermediate' build argument 'catkin_skip_building_tests' from command line to 'False'
[0.991s] DEBUG:colcon.colcon_core.verb:Building package 'my_intermediate' with the following arguments: {'ament_cmake_args': None, 'build_base': '/home/andrea/tesi/ros2_mapf_cbs/project_1/build/my_intermediate', 'catkin_cmake_args': None, 'catkin_skip_building_tests': False, 'cmake_args': None, 'cmake_clean_cache': False, 'cmake_clean_first': False, 'cmake_force_configure': False, 'cmake_target': None, 'cmake_target_skip_unavailable': False, 'install_base': '/home/andrea/tesi/ros2_mapf_cbs/project_1/install/my_intermediate', 'merge_install': False, 'path': '/home/andrea/tesi/ros2_mapf_cbs/project_1/src/my_intermediate', 'symlink_install': False, 'test_result_base': None}
[1.000s] Level 5:colcon.colcon_core.verb:set package 'my_package' build argument 'cmake_args' from command line to 'None'
[1.000s] Level 5:colcon.colcon_core.verb:set package 'my_package' build argument 'cmake_target' from command line to 'None'
[1.000s] Level 5:colcon.colcon_core.verb:set package 'my_package' build argument 'cmake_target_skip_unavailable' from command line to 'False'
[1.000s] Level 5:colcon.colcon_core.verb:set package 'my_package' build argument 'cmake_clean_cache' from command line to 'False'
[1.000s] Level 5:colcon.colcon_core.verb:set package 'my_package' build argument 'cmake_clean_first' from command line to 'False'
[1.000s] Level 5:colcon.colcon_core.verb:set package 'my_package' build argument 'cmake_force_configure' from command line to 'False'
[1.000s] Level 5:colcon.colcon_core.verb:set package 'my_package' build argument 'ament_cmake_args' from command line to 'None'
[1.000s] Level 5:colcon.colcon_core.verb:set package 'my_package' build argument 'catkin_cmake_args' from command line to 'None'
[1.000s] Level 5:colcon.colcon_core.verb:set package 'my_package' build argument 'catkin_skip_building_tests' from command line to 'False'
[1.000s] DEBUG:colcon.colcon_core.verb:Building package 'my_package' with the following arguments: {'ament_cmake_args': None, 'build_base': '/home/andrea/tesi/ros2_mapf_cbs/project_1/build/my_package', 'catkin_cmake_args': None, 'catkin_skip_building_tests': False, 'cmake_args': None, 'cmake_clean_cache': False, 'cmake_clean_first': False, 'cmake_force_configure': False, 'cmake_target': None, 'cmake_target_skip_unavailable': False, 'install_base': '/home/andrea/tesi/ros2_mapf_cbs/project_1/install/my_package', 'merge_install': False, 'path': '/home/andrea/tesi/ros2_mapf_cbs/project_1/src/my_package', 'symlink_install': False, 'test_result_base': None}
[1.009s] Level 5:colcon.colcon_core.verb:set package 'my_try_bringup' build argument 'cmake_args' from command line to 'None'
[1.009s] Level 5:colcon.colcon_core.verb:set package 'my_try_bringup' build argument 'cmake_target' from command line to 'None'
[1.009s] Level 5:colcon.colcon_core.verb:set package 'my_try_bringup' build argument 'cmake_target_skip_unavailable' from command line to 'False'
[1.009s] Level 5:colcon.colcon_core.verb:set package 'my_try_bringup' build argument 'cmake_clean_cache' from command line to 'False'
[1.009s] Level 5:colcon.colcon_core.verb:set package 'my_try_bringup' build argument 'cmake_clean_first' from command line to 'False'
[1.009s] Level 5:colcon.colcon_core.verb:set package 'my_try_bringup' build argument 'cmake_force_configure' from command line to 'False'
[1.009s] Level 5:colcon.colcon_core.verb:set package 'my_try_bringup' build argument 'ament_cmake_args' from command line to 'None'
[1.009s] Level 5:colcon.colcon_core.verb:set package 'my_try_bringup' build argument 'catkin_cmake_args' from command line to 'None'
[1.009s] Level 5:colcon.colcon_core.verb:set package 'my_try_bringup' build argument 'catkin_skip_building_tests' from command line to 'False'
[1.010s] DEBUG:colcon.colcon_core.verb:Building package 'my_try_bringup' with the following arguments: {'ament_cmake_args': None, 'build_base': '/home/andrea/tesi/ros2_mapf_cbs/project_1/build/my_try_bringup', 'catkin_cmake_args': None, 'catkin_skip_building_tests': False, 'cmake_args': None, 'cmake_clean_cache': False, 'cmake_clean_first': False, 'cmake_force_configure': False, 'cmake_target': None, 'cmake_target_skip_unavailable': False, 'install_base': '/home/andrea/tesi/ros2_mapf_cbs/project_1/install/my_try_bringup', 'merge_install': False, 'path': '/home/andrea/tesi/ros2_mapf_cbs/project_1/src/my_try_bringup', 'symlink_install': False, 'test_result_base': None}
[1.018s] INFO:colcon.colcon_core.executor:Executing jobs using 'parallel' executor
[1.028s] DEBUG:colcon.colcon_parallel_executor.executor.parallel:run_until_complete
[1.028s] INFO:colcon.colcon_ros.task.ament_python.build:Building ROS package in '/home/andrea/tesi/ros2_mapf_cbs/project_1/src/my_intermediate' with build type 'ament_python'
[1.028s] Level 1:colcon.colcon_core.shell:create_environment_hook('my_intermediate', 'ament_prefix_path')
[1.045s] INFO:colcon.colcon_core.plugin_system:Skipping extension 'colcon_core.shell.bat': Not used on non-Windows systems
[1.045s] INFO:colcon.colcon_core.shell:Creating environment hook '/home/andrea/tesi/ros2_mapf_cbs/project_1/install/my_intermediate/share/my_intermediate/hook/ament_prefix_path.ps1'
[1.046s] INFO:colcon.colcon_core.shell:Creating environment descriptor '/home/andrea/tesi/ros2_mapf_cbs/project_1/install/my_intermediate/share/my_intermediate/hook/ament_prefix_path.dsv'
[1.046s] INFO:colcon.colcon_core.shell:Creating environment hook '/home/andrea/tesi/ros2_mapf_cbs/project_1/install/my_intermediate/share/my_intermediate/hook/ament_prefix_path.sh'
[1.056s] INFO:colcon.colcon_core.shell:Skip shell extension 'powershell' for command environment: Not usable outside of PowerShell
[1.056s] DEBUG:colcon.colcon_core.shell:Skip shell extension 'dsv' for command environment
[1.096s] INFO:colcon.colcon_ros.task.ament_python.build:Building ROS package in '/home/andrea/tesi/ros2_mapf_cbs/project_1/src/my_package' with build type 'ament_python'
[1.096s] Level 1:colcon.colcon_core.shell:create_environment_hook('my_package', 'ament_prefix_path')
[1.105s] INFO:colcon.colcon_core.shell:Creating environment hook '/home/andrea/tesi/ros2_mapf_cbs/project_1/install/my_package/share/my_package/hook/ament_prefix_path.ps1'
[1.106s] INFO:colcon.colcon_core.shell:Creating environment descriptor '/home/andrea/tesi/ros2_mapf_cbs/project_1/install/my_package/share/my_package/hook/ament_prefix_path.dsv'
[1.106s] INFO:colcon.colcon_core.shell:Creating environment hook '/home/andrea/tesi/ros2_mapf_cbs/project_1/install/my_package/share/my_package/hook/ament_prefix_path.sh'
[1.116s] INFO:colcon.colcon_core.shell:Skip shell extension 'powershell' for command environment: Not usable outside of PowerShell
[1.116s] DEBUG:colcon.colcon_core.shell:Skip shell extension 'dsv' for command environment
[1.157s] INFO:colcon.colcon_ros.task.ament_cmake.build:Building ROS package in '/home/andrea/tesi/ros2_mapf_cbs/project_1/src/my_try_bringup' with build type 'ament_cmake'
[1.157s] INFO:colcon.colcon_cmake.task.cmake.build:Building CMake package in '/home/andrea/tesi/ros2_mapf_cbs/project_1/src/my_try_bringup'
[1.167s] INFO:colcon.colcon_core.shell:Skip shell extension 'powershell' for command environment: Not usable outside of PowerShell
[1.167s] DEBUG:colcon.colcon_core.shell:Skip shell extension 'dsv' for command environment
[1.398s] INFO:colcon.colcon_core.task.python.build:Building Python package in '/home/andrea/tesi/ros2_mapf_cbs/project_1/src/my_intermediate'
[1.408s] INFO:colcon.colcon_core.shell:Skip shell extension 'powershell' for command environment: Not usable outside of PowerShell
[1.408s] DEBUG:colcon.colcon_core.shell:Skip shell extension 'dsv' for command environment
[1.631s] INFO:colcon.colcon_core.task.python.build:Building Python package in '/home/andrea/tesi/ros2_mapf_cbs/project_1/src/my_package'
[1.641s] INFO:colcon.colcon_core.shell:Skip shell extension 'powershell' for command environment: Not usable outside of PowerShell
[1.641s] DEBUG:colcon.colcon_core.shell:Skip shell extension 'dsv' for command environment
[1.684s] DEBUG:colcon.colcon_core.event_handler.log_command:Invoking command in '/home/andrea/tesi/ros2_mapf_cbs/project_1/build/my_try_bringup': CMAKE_PREFIX_PATH=${CMAKE_PREFIX_PATH}:/home/andrea/tesi/ros2_mapf_cbs/project_1/install/my_package:/home/andrea/tesi/ros2_mapf_cbs/project_1/install/my_intermediate:/home/andrea/tesi/ros2_mapf_cbs/simple_example/install/my_py_pkg:/opt/ros/humble /usr/bin/cmake /home/andrea/tesi/ros2_mapf_cbs/project_1/src/my_try_bringup -DCMAKE_INSTALL_PREFIX=/home/andrea/tesi/ros2_mapf_cbs/project_1/install/my_try_bringup
[2.071s] DEBUG:colcon.colcon_core.event_handler.log_command:Invoking command in '/home/andrea/tesi/ros2_mapf_cbs/project_1/src/my_package': PYTHONPATH=/home/andrea/tesi/ros2_mapf_cbs/project_1/build/my_package/prefix_override:/home/andrea/tesi/ros2_mapf_cbs/project_1/install/my_package/lib/python3.10/site-packages:${PYTHONPATH} /usr/bin/python3 setup.py egg_info --egg-base ../../build/my_package build --build-base /home/andrea/tesi/ros2_mapf_cbs/project_1/build/my_package/build install --record /home/andrea/tesi/ros2_mapf_cbs/project_1/build/my_package/install.log --single-version-externally-managed
[2.073s] DEBUG:colcon.colcon_core.event_handler.log_command:Invoking command in '/home/andrea/tesi/ros2_mapf_cbs/project_1/src/my_intermediate': PYTHONPATH=/home/andrea/tesi/ros2_mapf_cbs/project_1/build/my_intermediate/prefix_override:/home/andrea/tesi/ros2_mapf_cbs/project_1/install/my_intermediate/lib/python3.10/site-packages:${PYTHONPATH} /usr/bin/python3 setup.py egg_info --egg-base ../../build/my_intermediate build --build-base /home/andrea/tesi/ros2_mapf_cbs/project_1/build/my_intermediate/build install --record /home/andrea/tesi/ros2_mapf_cbs/project_1/build/my_intermediate/install.log --single-version-externally-managed
[2.252s] DEBUG:colcon.colcon_core.event_handler.log_command:Invoked command in '/home/andrea/tesi/ros2_mapf_cbs/project_1/build/my_try_bringup' returned '0': CMAKE_PREFIX_PATH=${CMAKE_PREFIX_PATH}:/home/andrea/tesi/ros2_mapf_cbs/project_1/install/my_package:/home/andrea/tesi/ros2_mapf_cbs/project_1/install/my_intermediate:/home/andrea/tesi/ros2_mapf_cbs/simple_example/install/my_py_pkg:/opt/ros/humble /usr/bin/cmake /home/andrea/tesi/ros2_mapf_cbs/project_1/src/my_try_bringup -DCMAKE_INSTALL_PREFIX=/home/andrea/tesi/ros2_mapf_cbs/project_1/install/my_try_bringup
[2.254s] DEBUG:colcon.colcon_core.event_handler.log_command:Invoking command in '/home/andrea/tesi/ros2_mapf_cbs/project_1/build/my_try_bringup': CMAKE_PREFIX_PATH=${CMAKE_PREFIX_PATH}:/home/andrea/tesi/ros2_mapf_cbs/project_1/install/my_package:/home/andrea/tesi/ros2_mapf_cbs/project_1/install/my_intermediate:/home/andrea/tesi/ros2_mapf_cbs/simple_example/install/my_py_pkg:/opt/ros/humble /usr/bin/cmake --build /home/andrea/tesi/ros2_mapf_cbs/project_1/build/my_try_bringup -- -j8 -l8
[2.283s] DEBUG:colcon.colcon_core.event_handler.log_command:Invoked command in '/home/andrea/tesi/ros2_mapf_cbs/project_1/build/my_try_bringup' returned '0': CMAKE_PREFIX_PATH=${CMAKE_PREFIX_PATH}:/home/andrea/tesi/ros2_mapf_cbs/project_1/install/my_package:/home/andrea/tesi/ros2_mapf_cbs/project_1/install/my_intermediate:/home/andrea/tesi/ros2_mapf_cbs/simple_example/install/my_py_pkg:/opt/ros/humble /usr/bin/cmake --build /home/andrea/tesi/ros2_mapf_cbs/project_1/build/my_try_bringup -- -j8 -l8
[2.306s] DEBUG:colcon.colcon_core.event_handler.log_command:Invoking command in '/home/andrea/tesi/ros2_mapf_cbs/project_1/build/my_try_bringup': CMAKE_PREFIX_PATH=${CMAKE_PREFIX_PATH}:/home/andrea/tesi/ros2_mapf_cbs/project_1/install/my_package:/home/andrea/tesi/ros2_mapf_cbs/project_1/install/my_intermediate:/home/andrea/tesi/ros2_mapf_cbs/simple_example/install/my_py_pkg:/opt/ros/humble /usr/bin/cmake --install /home/andrea/tesi/ros2_mapf_cbs/project_1/build/my_try_bringup
[2.308s] DEBUG:colcon.colcon_core.event_handler.log_command:Invoked command in '/home/andrea/tesi/ros2_mapf_cbs/project_1/src/my_package' returned '0': PYTHONPATH=/home/andrea/tesi/ros2_mapf_cbs/project_1/build/my_package/prefix_override:/home/andrea/tesi/ros2_mapf_cbs/project_1/install/my_package/lib/python3.10/site-packages:${PYTHONPATH} /usr/bin/python3 setup.py egg_info --egg-base ../../build/my_package build --build-base /home/andrea/tesi/ros2_mapf_cbs/project_1/build/my_package/build install --record /home/andrea/tesi/ros2_mapf_cbs/project_1/build/my_package/install.log --single-version-externally-managed
[2.323s] Level 1:colcon.colcon_core.environment:checking '/home/andrea/tesi/ros2_mapf_cbs/project_1/install/my_package' for CMake module files
[2.324s] Level 1:colcon.colcon_core.environment:checking '/home/andrea/tesi/ros2_mapf_cbs/project_1/install/my_package' for CMake config files
[2.325s] Level 1:colcon.colcon_core.environment:checking '/home/andrea/tesi/ros2_mapf_cbs/project_1/install/my_package/lib'
[2.325s] Level 1:colcon.colcon_core.environment:checking '/home/andrea/tesi/ros2_mapf_cbs/project_1/install/my_package/bin'
[2.325s] Level 1:colcon.colcon_core.environment:checking '/home/andrea/tesi/ros2_mapf_cbs/project_1/install/my_package/lib/pkgconfig/my_package.pc'
[2.325s] Level 1:colcon.colcon_core.environment:checking '/home/andrea/tesi/ros2_mapf_cbs/project_1/install/my_package/lib/python3.10/site-packages'
[2.325s] Level 1:colcon.colcon_core.shell:create_environment_hook('my_package', 'pythonpath')
[2.337s] INFO:colcon.colcon_core.shell:Creating environment hook '/home/andrea/tesi/ros2_mapf_cbs/project_1/install/my_package/share/my_package/hook/pythonpath.ps1'
[2.337s] INFO:colcon.colcon_core.shell:Creating environment descriptor '/home/andrea/tesi/ros2_mapf_cbs/project_1/install/my_package/share/my_package/hook/pythonpath.dsv'
[2.337s] INFO:colcon.colcon_core.shell:Creating environment hook '/home/andrea/tesi/ros2_mapf_cbs/project_1/install/my_package/share/my_package/hook/pythonpath.sh'
[2.338s] Level 1:colcon.colcon_core.environment:checking '/home/andrea/tesi/ros2_mapf_cbs/project_1/install/my_package/bin'
[2.338s] Level 1:colcon.colcon_core.environment:create_environment_scripts_only(my_package)
[2.349s] INFO:colcon.colcon_core.shell:Creating package script '/home/andrea/tesi/ros2_mapf_cbs/project_1/install/my_package/share/my_package/package.ps1'
[2.350s] INFO:colcon.colcon_core.shell:Creating package descriptor '/home/andrea/tesi/ros2_mapf_cbs/project_1/install/my_package/share/my_package/package.dsv'
[2.350s] INFO:colcon.colcon_core.shell:Creating package script '/home/andrea/tesi/ros2_mapf_cbs/project_1/install/my_package/share/my_package/package.sh'
[2.351s] INFO:colcon.colcon_core.shell:Creating package script '/home/andrea/tesi/ros2_mapf_cbs/project_1/install/my_package/share/my_package/package.bash'
[2.352s] INFO:colcon.colcon_core.shell:Creating package script '/home/andrea/tesi/ros2_mapf_cbs/project_1/install/my_package/share/my_package/package.zsh'
[2.352s] Level 1:colcon.colcon_core.environment:create_file_with_runtime_dependencies(/home/andrea/tesi/ros2_mapf_cbs/project_1/install/my_package/share/colcon-core/packages/my_package)
[2.353s] Level 1:colcon.colcon_core.environment:create_environment_scripts_only(my_try_bringup)
[2.354s] DEBUG:colcon.colcon_core.event_handler.log_command:Invoked command in '/home/andrea/tesi/ros2_mapf_cbs/project_1/build/my_try_bringup' returned '0': CMAKE_PREFIX_PATH=${CMAKE_PREFIX_PATH}:/home/andrea/tesi/ros2_mapf_cbs/project_1/install/my_package:/home/andrea/tesi/ros2_mapf_cbs/project_1/install/my_intermediate:/home/andrea/tesi/ros2_mapf_cbs/simple_example/install/my_py_pkg:/opt/ros/humble /usr/bin/cmake --install /home/andrea/tesi/ros2_mapf_cbs/project_1/build/my_try_bringup
[2.364s] Level 1:colcon.colcon_core.environment:checking '/home/andrea/tesi/ros2_mapf_cbs/project_1/install/my_try_bringup' for CMake module files
[2.364s] Level 1:colcon.colcon_core.environment:checking '/home/andrea/tesi/ros2_mapf_cbs/project_1/install/my_try_bringup' for CMake config files
[2.364s] Level 1:colcon.colcon_core.shell:create_environment_hook('my_try_bringup', 'cmake_prefix_path')
[2.374s] INFO:colcon.colcon_core.shell:Creating environment hook '/home/andrea/tesi/ros2_mapf_cbs/project_1/install/my_try_bringup/share/my_try_bringup/hook/cmake_prefix_path.ps1'
[2.374s] INFO:colcon.colcon_core.shell:Creating environment descriptor '/home/andrea/tesi/ros2_mapf_cbs/project_1/install/my_try_bringup/share/my_try_bringup/hook/cmake_prefix_path.dsv'
[2.375s] INFO:colcon.colcon_core.shell:Creating environment hook '/home/andrea/tesi/ros2_mapf_cbs/project_1/install/my_try_bringup/share/my_try_bringup/hook/cmake_prefix_path.sh'
[2.375s] Level 1:colcon.colcon_core.environment:checking '/home/andrea/tesi/ros2_mapf_cbs/project_1/install/my_try_bringup/bin'
[2.375s] Level 1:colcon.colcon_core.environment:checking '/home/andrea/tesi/ros2_mapf_cbs/project_1/install/my_try_bringup/lib/pkgconfig/my_try_bringup.pc'
[2.375s] Level 1:colcon.colcon_core.environment:checking '/home/andrea/tesi/ros2_mapf_cbs/project_1/install/my_try_bringup/lib/python3.10/site-packages'
[2.375s] Level 1:colcon.colcon_core.environment:checking '/home/andrea/tesi/ros2_mapf_cbs/project_1/install/my_try_bringup/bin'
[2.385s] INFO:colcon.colcon_core.shell:Creating package script '/home/andrea/tesi/ros2_mapf_cbs/project_1/install/my_try_bringup/share/my_try_bringup/package.ps1'
[2.385s] INFO:colcon.colcon_core.shell:Creating package descriptor '/home/andrea/tesi/ros2_mapf_cbs/project_1/install/my_try_bringup/share/my_try_bringup/package.dsv'
[2.385s] INFO:colcon.colcon_core.shell:Creating package script '/home/andrea/tesi/ros2_mapf_cbs/project_1/install/my_try_bringup/share/my_try_bringup/package.sh'
[2.386s] INFO:colcon.colcon_core.shell:Creating package script '/home/andrea/tesi/ros2_mapf_cbs/project_1/install/my_try_bringup/share/my_try_bringup/package.bash'
[2.386s] INFO:colcon.colcon_core.shell:Creating package script '/home/andrea/tesi/ros2_mapf_cbs/project_1/install/my_try_bringup/share/my_try_bringup/package.zsh'
[2.386s] Level 1:colcon.colcon_core.environment:create_file_with_runtime_dependencies(/home/andrea/tesi/ros2_mapf_cbs/project_1/install/my_try_bringup/share/colcon-core/packages/my_try_bringup)
[2.387s] DEBUG:colcon.colcon_core.event_handler.log_command:Invoked command in '/home/andrea/tesi/ros2_mapf_cbs/project_1/src/my_intermediate' returned '0': PYTHONPATH=/home/andrea/tesi/ros2_mapf_cbs/project_1/build/my_intermediate/prefix_override:/home/andrea/tesi/ros2_mapf_cbs/project_1/install/my_intermediate/lib/python3.10/site-packages:${PYTHONPATH} /usr/bin/python3 setup.py egg_info --egg-base ../../build/my_intermediate build --build-base /home/andrea/tesi/ros2_mapf_cbs/project_1/build/my_intermediate/build install --record /home/andrea/tesi/ros2_mapf_cbs/project_1/build/my_intermediate/install.log --single-version-externally-managed
[2.398s] Level 1:colcon.colcon_core.environment:checking '/home/andrea/tesi/ros2_mapf_cbs/project_1/install/my_intermediate' for CMake module files
[2.398s] Level 1:colcon.colcon_core.environment:checking '/home/andrea/tesi/ros2_mapf_cbs/project_1/install/my_intermediate' for CMake config files
[2.398s] Level 1:colcon.colcon_core.environment:checking '/home/andrea/tesi/ros2_mapf_cbs/project_1/install/my_intermediate/lib'
[2.398s] Level 1:colcon.colcon_core.environment:checking '/home/andrea/tesi/ros2_mapf_cbs/project_1/install/my_intermediate/bin'
[2.398s] Level 1:colcon.colcon_core.environment:checking '/home/andrea/tesi/ros2_mapf_cbs/project_1/install/my_intermediate/lib/pkgconfig/my_intermediate.pc'
[2.399s] Level 1:colcon.colcon_core.environment:checking '/home/andrea/tesi/ros2_mapf_cbs/project_1/install/my_intermediate/lib/python3.10/site-packages'
[2.399s] Level 1:colcon.colcon_core.shell:create_environment_hook('my_intermediate', 'pythonpath')
[2.409s] INFO:colcon.colcon_core.shell:Creating environment hook '/home/andrea/tesi/ros2_mapf_cbs/project_1/install/my_intermediate/share/my_intermediate/hook/pythonpath.ps1'
[2.409s] INFO:colcon.colcon_core.shell:Creating environment descriptor '/home/andrea/tesi/ros2_mapf_cbs/project_1/install/my_intermediate/share/my_intermediate/hook/pythonpath.dsv'
[2.409s] INFO:colcon.colcon_core.shell:Creating environment hook '/home/andrea/tesi/ros2_mapf_cbs/project_1/install/my_intermediate/share/my_intermediate/hook/pythonpath.sh'
[2.410s] Level 1:colcon.colcon_core.environment:checking '/home/andrea/tesi/ros2_mapf_cbs/project_1/install/my_intermediate/bin'
[2.410s] Level 1:colcon.colcon_core.environment:create_environment_scripts_only(my_intermediate)
[2.419s] INFO:colcon.colcon_core.shell:Creating package script '/home/andrea/tesi/ros2_mapf_cbs/project_1/install/my_intermediate/share/my_intermediate/package.ps1'
[2.420s] INFO:colcon.colcon_core.shell:Creating package descriptor '/home/andrea/tesi/ros2_mapf_cbs/project_1/install/my_intermediate/share/my_intermediate/package.dsv'
[2.420s] INFO:colcon.colcon_core.shell:Creating package script '/home/andrea/tesi/ros2_mapf_cbs/project_1/install/my_intermediate/share/my_intermediate/package.sh'
[2.420s] INFO:colcon.colcon_core.shell:Creating package script '/home/andrea/tesi/ros2_mapf_cbs/project_1/install/my_intermediate/share/my_intermediate/package.bash'
[2.420s] INFO:colcon.colcon_core.shell:Creating package script '/home/andrea/tesi/ros2_mapf_cbs/project_1/install/my_intermediate/share/my_intermediate/package.zsh'
[2.420s] Level 1:colcon.colcon_core.environment:create_file_with_runtime_dependencies(/home/andrea/tesi/ros2_mapf_cbs/project_1/install/my_intermediate/share/colcon-core/packages/my_intermediate)
[2.431s] Level 1:colcon.colcon_core.environment:create_environment_scripts_only(my_try_bringup)
[2.441s] Level 1:colcon.colcon_core.environment:checking '/home/andrea/tesi/ros2_mapf_cbs/project_1/install/my_try_bringup' for CMake module files
[2.442s] Level 1:colcon.colcon_core.environment:checking '/home/andrea/tesi/ros2_mapf_cbs/project_1/install/my_try_bringup' for CMake config files
[2.442s] Level 1:colcon.colcon_core.shell:create_environment_hook('my_try_bringup', 'cmake_prefix_path')
[2.451s] INFO:colcon.colcon_core.shell:Creating environment hook '/home/andrea/tesi/ros2_mapf_cbs/project_1/install/my_try_bringup/share/my_try_bringup/hook/cmake_prefix_path.ps1'
[2.452s] INFO:colcon.colcon_core.shell:Creating environment descriptor '/home/andrea/tesi/ros2_mapf_cbs/project_1/install/my_try_bringup/share/my_try_bringup/hook/cmake_prefix_path.dsv'
[2.452s] INFO:colcon.colcon_core.shell:Creating environment hook '/home/andrea/tesi/ros2_mapf_cbs/project_1/install/my_try_bringup/share/my_try_bringup/hook/cmake_prefix_path.sh'
[2.452s] Level 1:colcon.colcon_core.environment:checking '/home/andrea/tesi/ros2_mapf_cbs/project_1/install/my_try_bringup/bin'
[2.452s] Level 1:colcon.colcon_core.environment:checking '/home/andrea/tesi/ros2_mapf_cbs/project_1/install/my_try_bringup/lib/pkgconfig/my_try_bringup.pc'
[2.452s] Level 1:colcon.colcon_core.environment:checking '/home/andrea/tesi/ros2_mapf_cbs/project_1/install/my_try_bringup/lib/python3.10/site-packages'
[2.453s] Level 1:colcon.colcon_core.environment:checking '/home/andrea/tesi/ros2_mapf_cbs/project_1/install/my_try_bringup/bin'
[2.462s] INFO:colcon.colcon_core.shell:Creating package script '/home/andrea/tesi/ros2_mapf_cbs/project_1/install/my_try_bringup/share/my_try_bringup/package.ps1'
[2.463s] INFO:colcon.colcon_core.shell:Creating package descriptor '/home/andrea/tesi/ros2_mapf_cbs/project_1/install/my_try_bringup/share/my_try_bringup/package.dsv'
[2.463s] INFO:colcon.colcon_core.shell:Creating package script '/home/andrea/tesi/ros2_mapf_cbs/project_1/install/my_try_bringup/share/my_try_bringup/package.sh'
[2.463s] INFO:colcon.colcon_core.shell:Creating package script '/home/andrea/tesi/ros2_mapf_cbs/project_1/install/my_try_bringup/share/my_try_bringup/package.bash'
[2.463s] INFO:colcon.colcon_core.shell:Creating package script '/home/andrea/tesi/ros2_mapf_cbs/project_1/install/my_try_bringup/share/my_try_bringup/package.zsh'
[2.464s] Level 1:colcon.colcon_core.environment:create_file_with_runtime_dependencies(/home/andrea/tesi/ros2_mapf_cbs/project_1/install/my_try_bringup/share/colcon-core/packages/my_try_bringup)
[2.464s] DEBUG:colcon.colcon_parallel_executor.executor.parallel:closing loop
[2.464s] DEBUG:colcon.colcon_parallel_executor.executor.parallel:loop closed
[2.464s] DEBUG:colcon.colcon_parallel_executor.executor.parallel:run_until_complete finished with '0'
[2.464s] DEBUG:colcon.colcon_core.event_reactor:joining thread
[2.480s] INFO:colcon.colcon_core.plugin_system:Skipping extension 'colcon_notification.desktop_notification.terminal_notifier': Not used on non-Darwin systems
[2.480s] INFO:colcon.colcon_core.plugin_system:Skipping extension 'colcon_notification.desktop_notification.win32': Not used on non-Windows systems
[2.480s] INFO:colcon.colcon_notification.desktop_notification:Sending desktop notification using 'notify2'
[2.490s] DEBUG:colcon.colcon_core.event_reactor:joined thread
[2.500s] INFO:colcon.colcon_core.shell:Creating prefix script '/home/andrea/tesi/ros2_mapf_cbs/project_1/install/local_setup.ps1'
[2.501s] INFO:colcon.colcon_core.shell:Creating prefix util module '/home/andrea/tesi/ros2_mapf_cbs/project_1/install/_local_setup_util_ps1.py'
[2.502s] INFO:colcon.colcon_core.shell:Creating prefix chain script '/home/andrea/tesi/ros2_mapf_cbs/project_1/install/setup.ps1'
[2.522s] INFO:colcon.colcon_core.shell:Creating prefix script '/home/andrea/tesi/ros2_mapf_cbs/project_1/install/local_setup.sh'
[2.523s] INFO:colcon.colcon_core.shell:Creating prefix util module '/home/andrea/tesi/ros2_mapf_cbs/project_1/install/_local_setup_util_sh.py'
[2.523s] INFO:colcon.colcon_core.shell:Creating prefix chain script '/home/andrea/tesi/ros2_mapf_cbs/project_1/install/setup.sh'
[2.533s] INFO:colcon.colcon_core.shell:Creating prefix script '/home/andrea/tesi/ros2_mapf_cbs/project_1/install/local_setup.bash'
[2.534s] INFO:colcon.colcon_core.shell:Creating prefix chain script '/home/andrea/tesi/ros2_mapf_cbs/project_1/install/setup.bash'
[2.544s] INFO:colcon.colcon_core.shell:Creating prefix script '/home/andrea/tesi/ros2_mapf_cbs/project_1/install/local_setup.zsh'
[2.545s] INFO:colcon.colcon_core.shell:Creating prefix chain script '/home/andrea/tesi/ros2_mapf_cbs/project_1/install/setup.zsh'
