[0.931s] DEBUG:colcon:Command line arguments: ['/usr/bin/colcon', 'build', '--symlink-install']
[0.931s] DEBUG:colcon:Parsed command line arguments: Namespace(log_base=None, log_level=None, verb_name='build', build_base='build', install_base='install', merge_install=False, symlink_install=True, test_result_base=None, continue_on_error=False, executor='parallel', parallel_workers=8, event_handlers=None, ignore_user_meta=False, metas=['./colcon.meta'], base_paths=['.'], packages_ignore=None, packages_ignore_regex=None, paths=None, packages_up_to=None, packages_up_to_regex=None, packages_above=None, packages_above_and_dependencies=None, packages_above_depth=None, packages_select_by_dep=None, packages_skip_by_dep=None, packages_skip_up_to=None, packages_select_build_failed=False, packages_skip_build_finished=False, packages_select_test_failures=False, packages_skip_test_passed=False, packages_select=None, packages_skip=None, packages_select_regex=None, packages_skip_regex=None, packages_start=None, packages_end=None, allow_overriding=[], cmake_args=None, cmake_target=None, cmake_target_skip_unavailable=False, cmake_clean_cache=False, cmake_clean_first=False, cmake_force_configure=False, ament_cmake_args=None, catkin_cmake_args=None, catkin_skip_building_tests=False, verb_parser=<colcon_defaults.argument_parser.defaults.DefaultArgumentsDecorator object at 0x7ff2d634bb20>, verb_extension=<colcon_core.verb.build.BuildVerb object at 0x7ff2d66dd390>, main=<bound method BuildVerb.main of <colcon_core.verb.build.BuildVerb object at 0x7ff2d66dd390>>)
[0.975s] Level 1:colcon.colcon_core.package_discovery:discover_packages(colcon_meta) check parameters
[0.975s] Level 1:colcon.colcon_core.package_discovery:discover_packages(recursive) check parameters
[0.975s] Level 1:colcon.colcon_core.package_discovery:discover_packages(ignore) check parameters
[0.975s] Level 1:colcon.colcon_core.package_discovery:discover_packages(path) check parameters
[0.975s] Level 1:colcon.colcon_core.package_discovery:discover_packages(colcon_meta) discover
[0.975s] Level 1:colcon.colcon_core.package_discovery:discover_packages(recursive) discover
[0.975s] INFO:colcon.colcon_core.package_discovery:Crawling recursively for packages in '/home/andrea/tesi/ros2_mapf_cbs/project_1'
[0.975s] Level 1:colcon.colcon_core.package_identification:_identify(.) by extensions ['ignore', 'ignore_ament_install']
[0.975s] Level 1:colcon.colcon_core.package_identification:_identify(.) by extension 'ignore'
[0.975s] Level 1:colcon.colcon_core.package_identification:_identify(.) by extension 'ignore_ament_install'
[0.975s] Level 1:colcon.colcon_core.package_identification:_identify(.) by extensions ['colcon_pkg']
[0.976s] Level 1:colcon.colcon_core.package_identification:_identify(.) by extension 'colcon_pkg'
[0.976s] Level 1:colcon.colcon_core.package_identification:_identify(.) by extensions ['colcon_meta']
[0.976s] Level 1:colcon.colcon_core.package_identification:_identify(.) by extension 'colcon_meta'
[0.976s] Level 1:colcon.colcon_core.package_identification:_identify(.) by extensions ['ros']
[0.976s] Level 1:colcon.colcon_core.package_identification:_identify(.) by extension 'ros'
[0.985s] Level 1:colcon.colcon_core.package_identification:_identify(.) by extensions ['cmake', 'python']
[0.985s] Level 1:colcon.colcon_core.package_identification:_identify(.) by extension 'cmake'
[0.985s] Level 1:colcon.colcon_core.package_identification:_identify(.) by extension 'python'
[0.985s] Level 1:colcon.colcon_core.package_identification:_identify(.) by extensions ['python_setup_py']
[0.985s] Level 1:colcon.colcon_core.package_identification:_identify(.) by extension 'python_setup_py'
[0.985s] Level 1:colcon.colcon_core.package_identification:_identify(build) by extensions ['ignore', 'ignore_ament_install']
[0.985s] Level 1:colcon.colcon_core.package_identification:_identify(build) by extension 'ignore'
[0.985s] Level 1:colcon.colcon_core.package_identification:_identify(build) ignored
[0.986s] Level 1:colcon.colcon_core.package_identification:_identify(install) by extensions ['ignore', 'ignore_ament_install']
[0.986s] Level 1:colcon.colcon_core.package_identification:_identify(install) by extension 'ignore'
[0.986s] Level 1:colcon.colcon_core.package_identification:_identify(install) ignored
[0.986s] Level 1:colcon.colcon_core.package_identification:_identify(log) by extensions ['ignore', 'ignore_ament_install']
[0.986s] Level 1:colcon.colcon_core.package_identification:_identify(log) by extension 'ignore'
[0.986s] Level 1:colcon.colcon_core.package_identification:_identify(log) ignored
[0.986s] Level 1:colcon.colcon_core.package_identification:_identify(src) by extensions ['ignore', 'ignore_ament_install']
[0.986s] Level 1:colcon.colcon_core.package_identification:_identify(src) by extension 'ignore'
[0.986s] Level 1:colcon.colcon_core.package_identification:_identify(src) by extension 'ignore_ament_install'
[0.986s] Level 1:colcon.colcon_core.package_identification:_identify(src) by extensions ['colcon_pkg']
[0.986s] Level 1:colcon.colcon_core.package_identification:_identify(src) by extension 'colcon_pkg'
[0.986s] Level 1:colcon.colcon_core.package_identification:_identify(src) by extensions ['colcon_meta']
[0.986s] Level 1:colcon.colcon_core.package_identification:_identify(src) by extension 'colcon_meta'
[0.986s] Level 1:colcon.colcon_core.package_identification:_identify(src) by extensions ['ros']
[0.986s] Level 1:colcon.colcon_core.package_identification:_identify(src) by extension 'ros'
[0.986s] Level 1:colcon.colcon_core.package_identification:_identify(src) by extensions ['cmake', 'python']
[0.986s] Level 1:colcon.colcon_core.package_identification:_identify(src) by extension 'cmake'
[0.987s] Level 1:colcon.colcon_core.package_identification:_identify(src) by extension 'python'
[0.987s] Level 1:colcon.colcon_core.package_identification:_identify(src) by extensions ['python_setup_py']
[0.987s] Level 1:colcon.colcon_core.package_identification:_identify(src) by extension 'python_setup_py'
[0.987s] Level 1:colcon.colcon_core.package_identification:_identify(src/my_intermediate) by extensions ['ignore', 'ignore_ament_install']
[0.987s] Level 1:colcon.colcon_core.package_identification:_identify(src/my_intermediate) by extension 'ignore'
[0.987s] Level 1:colcon.colcon_core.package_identification:_identify(src/my_intermediate) by extension 'ignore_ament_install'
[0.987s] Level 1:colcon.colcon_core.package_identification:_identify(src/my_intermediate) by extensions ['colcon_pkg']
[0.987s] Level 1:colcon.colcon_core.package_identification:_identify(src/my_intermediate) by extension 'colcon_pkg'
[0.987s] Level 1:colcon.colcon_core.package_identification:_identify(src/my_intermediate) by extensions ['colcon_meta']
[0.987s] Level 1:colcon.colcon_core.package_identification:_identify(src/my_intermediate) by extension 'colcon_meta'
[0.987s] Level 1:colcon.colcon_core.package_identification:_identify(src/my_intermediate) by extensions ['ros']
[0.987s] Level 1:colcon.colcon_core.package_identification:_identify(src/my_intermediate) by extension 'ros'
[0.990s] DEBUG:colcon.colcon_core.package_identification:Package 'src/my_intermediate' with type 'ros.ament_python' and name 'my_intermediate'
[0.991s] Level 1:colcon.colcon_core.package_identification:_identify(src/my_intermediate_interfaces) by extensions ['ignore', 'ignore_ament_install']
[0.991s] Level 1:colcon.colcon_core.package_identification:_identify(src/my_intermediate_interfaces) by extension 'ignore'
[0.991s] Level 1:colcon.colcon_core.package_identification:_identify(src/my_intermediate_interfaces) by extension 'ignore_ament_install'
[0.991s] Level 1:colcon.colcon_core.package_identification:_identify(src/my_intermediate_interfaces) by extensions ['colcon_pkg']
[0.991s] Level 1:colcon.colcon_core.package_identification:_identify(src/my_intermediate_interfaces) by extension 'colcon_pkg'
[0.991s] Level 1:colcon.colcon_core.package_identification:_identify(src/my_intermediate_interfaces) by extensions ['colcon_meta']
[0.991s] Level 1:colcon.colcon_core.package_identification:_identify(src/my_intermediate_interfaces) by extension 'colcon_meta'
[0.991s] Level 1:colcon.colcon_core.package_identification:_identify(src/my_intermediate_interfaces) by extensions ['ros']
[0.991s] Level 1:colcon.colcon_core.package_identification:_identify(src/my_intermediate_interfaces) by extension 'ros'
[0.991s] DEBUG:colcon.colcon_core.package_identification:Package 'src/my_intermediate_interfaces' with type 'ros.ament_cmake' and name 'my_intermediate_interfaces'
[0.991s] Level 1:colcon.colcon_core.package_identification:_identify(src/my_package) by extensions ['ignore', 'ignore_ament_install']
[0.991s] Level 1:colcon.colcon_core.package_identification:_identify(src/my_package) by extension 'ignore'
[0.991s] Level 1:colcon.colcon_core.package_identification:_identify(src/my_package) by extension 'ignore_ament_install'
[0.991s] Level 1:colcon.colcon_core.package_identification:_identify(src/my_package) by extensions ['colcon_pkg']
[0.992s] Level 1:colcon.colcon_core.package_identification:_identify(src/my_package) by extension 'colcon_pkg'
[0.992s] Level 1:colcon.colcon_core.package_identification:_identify(src/my_package) by extensions ['colcon_meta']
[0.992s] Level 1:colcon.colcon_core.package_identification:_identify(src/my_package) by extension 'colcon_meta'
[0.992s] Level 1:colcon.colcon_core.package_identification:_identify(src/my_package) by extensions ['ros']
[0.992s] Level 1:colcon.colcon_core.package_identification:_identify(src/my_package) by extension 'ros'
[0.992s] DEBUG:colcon.colcon_core.package_identification:Package 'src/my_package' with type 'ros.ament_python' and name 'my_package'
[0.992s] Level 1:colcon.colcon_core.package_identification:_identify(src/my_try_bringup) by extensions ['ignore', 'ignore_ament_install']
[0.992s] Level 1:colcon.colcon_core.package_identification:_identify(src/my_try_bringup) by extension 'ignore'
[0.992s] Level 1:colcon.colcon_core.package_identification:_identify(src/my_try_bringup) by extension 'ignore_ament_install'
[0.992s] Level 1:colcon.colcon_core.package_identification:_identify(src/my_try_bringup) by extensions ['colcon_pkg']
[0.992s] Level 1:colcon.colcon_core.package_identification:_identify(src/my_try_bringup) by extension 'colcon_pkg'
[0.993s] Level 1:colcon.colcon_core.package_identification:_identify(src/my_try_bringup) by extensions ['colcon_meta']
[0.993s] Level 1:colcon.colcon_core.package_identification:_identify(src/my_try_bringup) by extension 'colcon_meta'
[0.993s] Level 1:colcon.colcon_core.package_identification:_identify(src/my_try_bringup) by extensions ['ros']
[0.993s] Level 1:colcon.colcon_core.package_identification:_identify(src/my_try_bringup) by extension 'ros'
[0.993s] DEBUG:colcon.colcon_core.package_identification:Package 'src/my_try_bringup' with type 'ros.ament_cmake' and name 'my_try_bringup'
[0.993s] Level 1:colcon.colcon_core.package_identification:_identify(src/turtlebot3_multi_robot) by extensions ['ignore', 'ignore_ament_install']
[0.993s] Level 1:colcon.colcon_core.package_identification:_identify(src/turtlebot3_multi_robot) by extension 'ignore'
[0.993s] Level 1:colcon.colcon_core.package_identification:_identify(src/turtlebot3_multi_robot) by extension 'ignore_ament_install'
[0.993s] Level 1:colcon.colcon_core.package_identification:_identify(src/turtlebot3_multi_robot) by extensions ['colcon_pkg']
[0.993s] Level 1:colcon.colcon_core.package_identification:_identify(src/turtlebot3_multi_robot) by extension 'colcon_pkg'
[0.993s] Level 1:colcon.colcon_core.package_identification:_identify(src/turtlebot3_multi_robot) by extensions ['colcon_meta']
[0.993s] Level 1:colcon.colcon_core.package_identification:_identify(src/turtlebot3_multi_robot) by extension 'colcon_meta'
[0.993s] Level 1:colcon.colcon_core.package_identification:_identify(src/turtlebot3_multi_robot) by extensions ['ros']
[0.993s] Level 1:colcon.colcon_core.package_identification:_identify(src/turtlebot3_multi_robot) by extension 'ros'
[0.994s] DEBUG:colcon.colcon_core.package_identification:Package 'src/turtlebot3_multi_robot' with type 'ros.ament_cmake' and name 'turtlebot3_multi_robot'
[0.994s] Level 1:colcon.colcon_core.package_discovery:discover_packages(recursive) using defaults
[0.994s] Level 1:colcon.colcon_core.package_discovery:discover_packages(ignore) discover
[0.994s] Level 1:colcon.colcon_core.package_discovery:discover_packages(ignore) using defaults
[0.994s] Level 1:colcon.colcon_core.package_discovery:discover_packages(path) discover
[0.994s] Level 1:colcon.colcon_core.package_discovery:discover_packages(path) using defaults
[1.086s] Level 1:colcon.colcon_core.package_discovery:discover_packages(prefix_path) check parameters
[1.086s] Level 1:colcon.colcon_core.package_discovery:discover_packages(prefix_path) discover
[1.114s] DEBUG:colcon.colcon_installed_package_information.package_discovery:Found 5 installed packages in /home/andrea/tesi/ros2_mapf_cbs/project_1/install
[1.137s] DEBUG:colcon.colcon_installed_package_information.package_discovery:Found 3 installed packages in /home/andrea/tesi/ros2_mapf_cbs/simple_example/install
[1.149s] DEBUG:colcon.colcon_installed_package_information.package_discovery:Found 371 installed packages in /opt/ros/humble
[1.151s] Level 1:colcon.colcon_core.package_discovery:discover_packages(prefix_path) using defaults
[1.243s] Level 5:colcon.colcon_core.verb:set package 'my_intermediate' build argument 'cmake_args' from command line to 'None'
[1.243s] Level 5:colcon.colcon_core.verb:set package 'my_intermediate' build argument 'cmake_target' from command line to 'None'
[1.243s] Level 5:colcon.colcon_core.verb:set package 'my_intermediate' build argument 'cmake_target_skip_unavailable' from command line to 'False'
[1.243s] Level 5:colcon.colcon_core.verb:set package 'my_intermediate' build argument 'cmake_clean_cache' from command line to 'False'
[1.243s] Level 5:colcon.colcon_core.verb:set package 'my_intermediate' build argument 'cmake_clean_first' from command line to 'False'
[1.243s] Level 5:colcon.colcon_core.verb:set package 'my_intermediate' build argument 'cmake_force_configure' from command line to 'False'
[1.243s] Level 5:colcon.colcon_core.verb:set package 'my_intermediate' build argument 'ament_cmake_args' from command line to 'None'
[1.243s] Level 5:colcon.colcon_core.verb:set package 'my_intermediate' build argument 'catkin_cmake_args' from command line to 'None'
[1.243s] Level 5:colcon.colcon_core.verb:set package 'my_intermediate' build argument 'catkin_skip_building_tests' from command line to 'False'
[1.243s] DEBUG:colcon.colcon_core.verb:Building package 'my_intermediate' with the following arguments: {'ament_cmake_args': None, 'build_base': '/home/andrea/tesi/ros2_mapf_cbs/project_1/build/my_intermediate', 'catkin_cmake_args': None, 'catkin_skip_building_tests': False, 'cmake_args': None, 'cmake_clean_cache': False, 'cmake_clean_first': False, 'cmake_force_configure': False, 'cmake_target': None, 'cmake_target_skip_unavailable': False, 'install_base': '/home/andrea/tesi/ros2_mapf_cbs/project_1/install/my_intermediate', 'merge_install': False, 'path': '/home/andrea/tesi/ros2_mapf_cbs/project_1/src/my_intermediate', 'symlink_install': True, 'test_result_base': None}
[1.257s] Level 5:colcon.colcon_core.verb:set package 'my_intermediate_interfaces' build argument 'cmake_args' from command line to 'None'
[1.257s] Level 5:colcon.colcon_core.verb:set package 'my_intermediate_interfaces' build argument 'cmake_target' from command line to 'None'
[1.257s] Level 5:colcon.colcon_core.verb:set package 'my_intermediate_interfaces' build argument 'cmake_target_skip_unavailable' from command line to 'False'
[1.257s] Level 5:colcon.colcon_core.verb:set package 'my_intermediate_interfaces' build argument 'cmake_clean_cache' from command line to 'False'
[1.257s] Level 5:colcon.colcon_core.verb:set package 'my_intermediate_interfaces' build argument 'cmake_clean_first' from command line to 'False'
[1.257s] Level 5:colcon.colcon_core.verb:set package 'my_intermediate_interfaces' build argument 'cmake_force_configure' from command line to 'False'
[1.257s] Level 5:colcon.colcon_core.verb:set package 'my_intermediate_interfaces' build argument 'ament_cmake_args' from command line to 'None'
[1.257s] Level 5:colcon.colcon_core.verb:set package 'my_intermediate_interfaces' build argument 'catkin_cmake_args' from command line to 'None'
[1.257s] Level 5:colcon.colcon_core.verb:set package 'my_intermediate_interfaces' build argument 'catkin_skip_building_tests' from command line to 'False'
[1.257s] DEBUG:colcon.colcon_core.verb:Building package 'my_intermediate_interfaces' with the following arguments: {'ament_cmake_args': None, 'build_base': '/home/andrea/tesi/ros2_mapf_cbs/project_1/build/my_intermediate_interfaces', 'catkin_cmake_args': None, 'catkin_skip_building_tests': False, 'cmake_args': None, 'cmake_clean_cache': False, 'cmake_clean_first': False, 'cmake_force_configure': False, 'cmake_target': None, 'cmake_target_skip_unavailable': False, 'install_base': '/home/andrea/tesi/ros2_mapf_cbs/project_1/install/my_intermediate_interfaces', 'merge_install': False, 'path': '/home/andrea/tesi/ros2_mapf_cbs/project_1/src/my_intermediate_interfaces', 'symlink_install': True, 'test_result_base': None}
[1.269s] Level 5:colcon.colcon_core.verb:set package 'my_package' build argument 'cmake_args' from command line to 'None'
[1.269s] Level 5:colcon.colcon_core.verb:set package 'my_package' build argument 'cmake_target' from command line to 'None'
[1.269s] Level 5:colcon.colcon_core.verb:set package 'my_package' build argument 'cmake_target_skip_unavailable' from command line to 'False'
[1.269s] Level 5:colcon.colcon_core.verb:set package 'my_package' build argument 'cmake_clean_cache' from command line to 'False'
[1.269s] Level 5:colcon.colcon_core.verb:set package 'my_package' build argument 'cmake_clean_first' from command line to 'False'
[1.269s] Level 5:colcon.colcon_core.verb:set package 'my_package' build argument 'cmake_force_configure' from command line to 'False'
[1.269s] Level 5:colcon.colcon_core.verb:set package 'my_package' build argument 'ament_cmake_args' from command line to 'None'
[1.269s] Level 5:colcon.colcon_core.verb:set package 'my_package' build argument 'catkin_cmake_args' from command line to 'None'
[1.269s] Level 5:colcon.colcon_core.verb:set package 'my_package' build argument 'catkin_skip_building_tests' from command line to 'False'
[1.269s] DEBUG:colcon.colcon_core.verb:Building package 'my_package' with the following arguments: {'ament_cmake_args': None, 'build_base': '/home/andrea/tesi/ros2_mapf_cbs/project_1/build/my_package', 'catkin_cmake_args': None, 'catkin_skip_building_tests': False, 'cmake_args': None, 'cmake_clean_cache': False, 'cmake_clean_first': False, 'cmake_force_configure': False, 'cmake_target': None, 'cmake_target_skip_unavailable': False, 'install_base': '/home/andrea/tesi/ros2_mapf_cbs/project_1/install/my_package', 'merge_install': False, 'path': '/home/andrea/tesi/ros2_mapf_cbs/project_1/src/my_package', 'symlink_install': True, 'test_result_base': None}
[1.282s] Level 5:colcon.colcon_core.verb:set package 'my_try_bringup' build argument 'cmake_args' from command line to 'None'
[1.282s] Level 5:colcon.colcon_core.verb:set package 'my_try_bringup' build argument 'cmake_target' from command line to 'None'
[1.282s] Level 5:colcon.colcon_core.verb:set package 'my_try_bringup' build argument 'cmake_target_skip_unavailable' from command line to 'False'
[1.282s] Level 5:colcon.colcon_core.verb:set package 'my_try_bringup' build argument 'cmake_clean_cache' from command line to 'False'
[1.282s] Level 5:colcon.colcon_core.verb:set package 'my_try_bringup' build argument 'cmake_clean_first' from command line to 'False'
[1.282s] Level 5:colcon.colcon_core.verb:set package 'my_try_bringup' build argument 'cmake_force_configure' from command line to 'False'
[1.282s] Level 5:colcon.colcon_core.verb:set package 'my_try_bringup' build argument 'ament_cmake_args' from command line to 'None'
[1.282s] Level 5:colcon.colcon_core.verb:set package 'my_try_bringup' build argument 'catkin_cmake_args' from command line to 'None'
[1.282s] Level 5:colcon.colcon_core.verb:set package 'my_try_bringup' build argument 'catkin_skip_building_tests' from command line to 'False'
[1.282s] DEBUG:colcon.colcon_core.verb:Building package 'my_try_bringup' with the following arguments: {'ament_cmake_args': None, 'build_base': '/home/andrea/tesi/ros2_mapf_cbs/project_1/build/my_try_bringup', 'catkin_cmake_args': None, 'catkin_skip_building_tests': False, 'cmake_args': None, 'cmake_clean_cache': False, 'cmake_clean_first': False, 'cmake_force_configure': False, 'cmake_target': None, 'cmake_target_skip_unavailable': False, 'install_base': '/home/andrea/tesi/ros2_mapf_cbs/project_1/install/my_try_bringup', 'merge_install': False, 'path': '/home/andrea/tesi/ros2_mapf_cbs/project_1/src/my_try_bringup', 'symlink_install': True, 'test_result_base': None}
[1.295s] Level 5:colcon.colcon_core.verb:set package 'turtlebot3_multi_robot' build argument 'cmake_args' from command line to 'None'
[1.295s] Level 5:colcon.colcon_core.verb:set package 'turtlebot3_multi_robot' build argument 'cmake_target' from command line to 'None'
[1.295s] Level 5:colcon.colcon_core.verb:set package 'turtlebot3_multi_robot' build argument 'cmake_target_skip_unavailable' from command line to 'False'
[1.295s] Level 5:colcon.colcon_core.verb:set package 'turtlebot3_multi_robot' build argument 'cmake_clean_cache' from command line to 'False'
[1.295s] Level 5:colcon.colcon_core.verb:set package 'turtlebot3_multi_robot' build argument 'cmake_clean_first' from command line to 'False'
[1.295s] Level 5:colcon.colcon_core.verb:set package 'turtlebot3_multi_robot' build argument 'cmake_force_configure' from command line to 'False'
[1.295s] Level 5:colcon.colcon_core.verb:set package 'turtlebot3_multi_robot' build argument 'ament_cmake_args' from command line to 'None'
[1.295s] Level 5:colcon.colcon_core.verb:set package 'turtlebot3_multi_robot' build argument 'catkin_cmake_args' from command line to 'None'
[1.295s] Level 5:colcon.colcon_core.verb:set package 'turtlebot3_multi_robot' build argument 'catkin_skip_building_tests' from command line to 'False'
[1.295s] DEBUG:colcon.colcon_core.verb:Building package 'turtlebot3_multi_robot' with the following arguments: {'ament_cmake_args': None, 'build_base': '/home/andrea/tesi/ros2_mapf_cbs/project_1/build/turtlebot3_multi_robot', 'catkin_cmake_args': None, 'catkin_skip_building_tests': False, 'cmake_args': None, 'cmake_clean_cache': False, 'cmake_clean_first': False, 'cmake_force_configure': False, 'cmake_target': None, 'cmake_target_skip_unavailable': False, 'install_base': '/home/andrea/tesi/ros2_mapf_cbs/project_1/install/turtlebot3_multi_robot', 'merge_install': False, 'path': '/home/andrea/tesi/ros2_mapf_cbs/project_1/src/turtlebot3_multi_robot', 'symlink_install': True, 'test_result_base': None}
[1.306s] INFO:colcon.colcon_core.executor:Executing jobs using 'parallel' executor
[1.320s] DEBUG:colcon.colcon_parallel_executor.executor.parallel:run_until_complete
[1.320s] INFO:colcon.colcon_ros.task.ament_python.build:Building ROS package in '/home/andrea/tesi/ros2_mapf_cbs/project_1/src/my_intermediate' with build type 'ament_python'
[1.320s] Level 1:colcon.colcon_core.shell:create_environment_hook('my_intermediate', 'ament_prefix_path')
[1.335s] INFO:colcon.colcon_core.plugin_system:Skipping extension 'colcon_core.shell.bat': Not used on non-Windows systems
[1.335s] INFO:colcon.colcon_core.shell:Creating environment hook '/home/andrea/tesi/ros2_mapf_cbs/project_1/install/my_intermediate/share/my_intermediate/hook/ament_prefix_path.ps1'
[1.335s] INFO:colcon.colcon_core.shell:Creating environment descriptor '/home/andrea/tesi/ros2_mapf_cbs/project_1/install/my_intermediate/share/my_intermediate/hook/ament_prefix_path.dsv'
[1.336s] INFO:colcon.colcon_core.shell:Creating environment hook '/home/andrea/tesi/ros2_mapf_cbs/project_1/install/my_intermediate/share/my_intermediate/hook/ament_prefix_path.sh'
[1.349s] INFO:colcon.colcon_core.shell:Skip shell extension 'powershell' for command environment: Not usable outside of PowerShell
[1.349s] DEBUG:colcon.colcon_core.shell:Skip shell extension 'dsv' for command environment
[1.400s] INFO:colcon.colcon_ros.task.ament_cmake.build:Building ROS package in '/home/andrea/tesi/ros2_mapf_cbs/project_1/src/my_intermediate_interfaces' with build type 'ament_cmake'
[1.400s] INFO:colcon.colcon_cmake.task.cmake.build:Building CMake package in '/home/andrea/tesi/ros2_mapf_cbs/project_1/src/my_intermediate_interfaces'
[1.415s] INFO:colcon.colcon_core.shell:Skip shell extension 'powershell' for command environment: Not usable outside of PowerShell
[1.415s] DEBUG:colcon.colcon_core.shell:Skip shell extension 'dsv' for command environment
[1.468s] INFO:colcon.colcon_ros.task.ament_python.build:Building ROS package in '/home/andrea/tesi/ros2_mapf_cbs/project_1/src/my_package' with build type 'ament_python'
[1.468s] Level 1:colcon.colcon_core.shell:create_environment_hook('my_package', 'ament_prefix_path')
[1.482s] INFO:colcon.colcon_core.shell:Creating environment hook '/home/andrea/tesi/ros2_mapf_cbs/project_1/install/my_package/share/my_package/hook/ament_prefix_path.ps1'
[1.483s] INFO:colcon.colcon_core.shell:Creating environment descriptor '/home/andrea/tesi/ros2_mapf_cbs/project_1/install/my_package/share/my_package/hook/ament_prefix_path.dsv'
[1.483s] INFO:colcon.colcon_core.shell:Creating environment hook '/home/andrea/tesi/ros2_mapf_cbs/project_1/install/my_package/share/my_package/hook/ament_prefix_path.sh'
[1.495s] INFO:colcon.colcon_core.shell:Skip shell extension 'powershell' for command environment: Not usable outside of PowerShell
[1.496s] DEBUG:colcon.colcon_core.shell:Skip shell extension 'dsv' for command environment
[1.553s] INFO:colcon.colcon_ros.task.ament_cmake.build:Building ROS package in '/home/andrea/tesi/ros2_mapf_cbs/project_1/src/my_try_bringup' with build type 'ament_cmake'
[1.553s] INFO:colcon.colcon_cmake.task.cmake.build:Building CMake package in '/home/andrea/tesi/ros2_mapf_cbs/project_1/src/my_try_bringup'
[1.566s] INFO:colcon.colcon_core.shell:Skip shell extension 'powershell' for command environment: Not usable outside of PowerShell
[1.566s] DEBUG:colcon.colcon_core.shell:Skip shell extension 'dsv' for command environment
[1.874s] INFO:colcon.colcon_core.task.python.build:Building Python package in '/home/andrea/tesi/ros2_mapf_cbs/project_1/src/my_intermediate'
[1.890s] INFO:colcon.colcon_core.shell:Skip shell extension 'powershell' for command environment: Not usable outside of PowerShell
[1.890s] DEBUG:colcon.colcon_core.shell:Skip shell extension 'dsv' for command environment
[1.943s] DEBUG:colcon.colcon_core.event_handler.log_command:Invoking command in '/home/andrea/tesi/ros2_mapf_cbs/project_1/build/my_intermediate_interfaces': CMAKE_PREFIX_PATH=${CMAKE_PREFIX_PATH}:/home/andrea/tesi/ros2_mapf_cbs/project_1/install/my_package:/home/andrea/tesi/ros2_mapf_cbs/project_1/install/my_intermediate:/home/andrea/tesi/ros2_mapf_cbs/simple_example/install/my_py_pkg:/opt/ros/humble /usr/bin/cmake --build /home/andrea/tesi/ros2_mapf_cbs/project_1/build/my_intermediate_interfaces -- -j8 -l8
[2.230s] INFO:colcon.colcon_core.task.python.build:Building Python package in '/home/andrea/tesi/ros2_mapf_cbs/project_1/src/my_package'
[2.244s] INFO:colcon.colcon_core.shell:Skip shell extension 'powershell' for command environment: Not usable outside of PowerShell
[2.244s] DEBUG:colcon.colcon_core.shell:Skip shell extension 'dsv' for command environment
[2.314s] DEBUG:colcon.colcon_core.event_handler.log_command:Invoking command in '/home/andrea/tesi/ros2_mapf_cbs/project_1/build/my_try_bringup': CMAKE_PREFIX_PATH=${CMAKE_PREFIX_PATH}:/home/andrea/tesi/ros2_mapf_cbs/project_1/install/my_package:/home/andrea/tesi/ros2_mapf_cbs/project_1/install/my_intermediate:/home/andrea/tesi/ros2_mapf_cbs/simple_example/install/my_py_pkg:/opt/ros/humble /usr/bin/cmake --build /home/andrea/tesi/ros2_mapf_cbs/project_1/build/my_try_bringup -- -j8 -l8
[2.324s] DEBUG:colcon.colcon_core.event_handler.log_command:Invoked command in '/home/andrea/tesi/ros2_mapf_cbs/project_1/build/my_intermediate_interfaces' returned '0': CMAKE_PREFIX_PATH=${CMAKE_PREFIX_PATH}:/home/andrea/tesi/ros2_mapf_cbs/project_1/install/my_package:/home/andrea/tesi/ros2_mapf_cbs/project_1/install/my_intermediate:/home/andrea/tesi/ros2_mapf_cbs/simple_example/install/my_py_pkg:/opt/ros/humble /usr/bin/cmake --build /home/andrea/tesi/ros2_mapf_cbs/project_1/build/my_intermediate_interfaces -- -j8 -l8
[2.344s] DEBUG:colcon.colcon_core.event_handler.log_command:Invoked command in '/home/andrea/tesi/ros2_mapf_cbs/project_1/build/my_try_bringup' returned '0': CMAKE_PREFIX_PATH=${CMAKE_PREFIX_PATH}:/home/andrea/tesi/ros2_mapf_cbs/project_1/install/my_package:/home/andrea/tesi/ros2_mapf_cbs/project_1/install/my_intermediate:/home/andrea/tesi/ros2_mapf_cbs/simple_example/install/my_py_pkg:/opt/ros/humble /usr/bin/cmake --build /home/andrea/tesi/ros2_mapf_cbs/project_1/build/my_try_bringup -- -j8 -l8
[2.384s] DEBUG:colcon.colcon_core.event_handler.log_command:Invoking command in '/home/andrea/tesi/ros2_mapf_cbs/project_1/build/my_try_bringup': CMAKE_PREFIX_PATH=${CMAKE_PREFIX_PATH}:/home/andrea/tesi/ros2_mapf_cbs/project_1/install/my_package:/home/andrea/tesi/ros2_mapf_cbs/project_1/install/my_intermediate:/home/andrea/tesi/ros2_mapf_cbs/simple_example/install/my_py_pkg:/opt/ros/humble /usr/bin/cmake --install /home/andrea/tesi/ros2_mapf_cbs/project_1/build/my_try_bringup
[2.411s] Level 1:colcon.colcon_core.environment:create_environment_scripts_only(my_try_bringup)
[2.411s] DEBUG:colcon.colcon_core.event_handler.log_command:Invoked command in '/home/andrea/tesi/ros2_mapf_cbs/project_1/build/my_try_bringup' returned '0': CMAKE_PREFIX_PATH=${CMAKE_PREFIX_PATH}:/home/andrea/tesi/ros2_mapf_cbs/project_1/install/my_package:/home/andrea/tesi/ros2_mapf_cbs/project_1/install/my_intermediate:/home/andrea/tesi/ros2_mapf_cbs/simple_example/install/my_py_pkg:/opt/ros/humble /usr/bin/cmake --install /home/andrea/tesi/ros2_mapf_cbs/project_1/build/my_try_bringup
[2.427s] Level 1:colcon.colcon_core.environment:checking '/home/andrea/tesi/ros2_mapf_cbs/project_1/install/my_try_bringup' for CMake module files
[2.427s] Level 1:colcon.colcon_core.environment:checking '/home/andrea/tesi/ros2_mapf_cbs/project_1/install/my_try_bringup' for CMake config files
[2.428s] Level 1:colcon.colcon_core.shell:create_environment_hook('my_try_bringup', 'cmake_prefix_path')
[2.442s] INFO:colcon.colcon_core.shell:Creating environment hook '/home/andrea/tesi/ros2_mapf_cbs/project_1/install/my_try_bringup/share/my_try_bringup/hook/cmake_prefix_path.ps1'
[2.443s] INFO:colcon.colcon_core.shell:Creating environment descriptor '/home/andrea/tesi/ros2_mapf_cbs/project_1/install/my_try_bringup/share/my_try_bringup/hook/cmake_prefix_path.dsv'
[2.443s] INFO:colcon.colcon_core.shell:Creating environment hook '/home/andrea/tesi/ros2_mapf_cbs/project_1/install/my_try_bringup/share/my_try_bringup/hook/cmake_prefix_path.sh'
[2.444s] Level 1:colcon.colcon_core.environment:checking '/home/andrea/tesi/ros2_mapf_cbs/project_1/install/my_try_bringup/bin'
[2.444s] Level 1:colcon.colcon_core.environment:checking '/home/andrea/tesi/ros2_mapf_cbs/project_1/install/my_try_bringup/lib/pkgconfig/my_try_bringup.pc'
[2.444s] Level 1:colcon.colcon_core.environment:checking '/home/andrea/tesi/ros2_mapf_cbs/project_1/install/my_try_bringup/lib/python3.10/site-packages'
[2.444s] Level 1:colcon.colcon_core.environment:checking '/home/andrea/tesi/ros2_mapf_cbs/project_1/install/my_try_bringup/bin'
[2.458s] INFO:colcon.colcon_core.shell:Creating package script '/home/andrea/tesi/ros2_mapf_cbs/project_1/install/my_try_bringup/share/my_try_bringup/package.ps1'
[2.459s] INFO:colcon.colcon_core.shell:Creating package descriptor '/home/andrea/tesi/ros2_mapf_cbs/project_1/install/my_try_bringup/share/my_try_bringup/package.dsv'
[2.460s] INFO:colcon.colcon_core.shell:Creating package script '/home/andrea/tesi/ros2_mapf_cbs/project_1/install/my_try_bringup/share/my_try_bringup/package.sh'
[2.460s] INFO:colcon.colcon_core.shell:Creating package script '/home/andrea/tesi/ros2_mapf_cbs/project_1/install/my_try_bringup/share/my_try_bringup/package.bash'
[2.461s] INFO:colcon.colcon_core.shell:Creating package script '/home/andrea/tesi/ros2_mapf_cbs/project_1/install/my_try_bringup/share/my_try_bringup/package.zsh'
[2.462s] Level 1:colcon.colcon_core.environment:create_file_with_runtime_dependencies(/home/andrea/tesi/ros2_mapf_cbs/project_1/install/my_try_bringup/share/colcon-core/packages/my_try_bringup)
[2.464s] DEBUG:colcon.colcon_core.event_handler.log_command:Invoking command in '/home/andrea/tesi/ros2_mapf_cbs/project_1/build/my_intermediate_interfaces': CMAKE_PREFIX_PATH=${CMAKE_PREFIX_PATH}:/home/andrea/tesi/ros2_mapf_cbs/project_1/install/my_package:/home/andrea/tesi/ros2_mapf_cbs/project_1/install/my_intermediate:/home/andrea/tesi/ros2_mapf_cbs/simple_example/install/my_py_pkg:/opt/ros/humble /usr/bin/cmake --install /home/andrea/tesi/ros2_mapf_cbs/project_1/build/my_intermediate_interfaces
[2.508s] Level 1:colcon.colcon_core.environment:create_environment_scripts_only(my_try_bringup)
[2.522s] Level 1:colcon.colcon_core.environment:checking '/home/andrea/tesi/ros2_mapf_cbs/project_1/install/my_try_bringup' for CMake module files
[2.522s] Level 1:colcon.colcon_core.environment:checking '/home/andrea/tesi/ros2_mapf_cbs/project_1/install/my_try_bringup' for CMake config files
[2.523s] Level 1:colcon.colcon_core.shell:create_environment_hook('my_try_bringup', 'cmake_prefix_path')
[2.539s] INFO:colcon.colcon_core.shell:Creating environment hook '/home/andrea/tesi/ros2_mapf_cbs/project_1/install/my_try_bringup/share/my_try_bringup/hook/cmake_prefix_path.ps1'
[2.539s] INFO:colcon.colcon_core.shell:Creating environment descriptor '/home/andrea/tesi/ros2_mapf_cbs/project_1/install/my_try_bringup/share/my_try_bringup/hook/cmake_prefix_path.dsv'
[2.540s] INFO:colcon.colcon_core.shell:Creating environment hook '/home/andrea/tesi/ros2_mapf_cbs/project_1/install/my_try_bringup/share/my_try_bringup/hook/cmake_prefix_path.sh'
[2.540s] Level 1:colcon.colcon_core.environment:checking '/home/andrea/tesi/ros2_mapf_cbs/project_1/install/my_try_bringup/bin'
[2.540s] Level 1:colcon.colcon_core.environment:checking '/home/andrea/tesi/ros2_mapf_cbs/project_1/install/my_try_bringup/lib/pkgconfig/my_try_bringup.pc'
[2.541s] Level 1:colcon.colcon_core.environment:checking '/home/andrea/tesi/ros2_mapf_cbs/project_1/install/my_try_bringup/lib/python3.10/site-packages'
[2.541s] Level 1:colcon.colcon_core.environment:checking '/home/andrea/tesi/ros2_mapf_cbs/project_1/install/my_try_bringup/bin'
[2.560s] INFO:colcon.colcon_core.shell:Creating package script '/home/andrea/tesi/ros2_mapf_cbs/project_1/install/my_try_bringup/share/my_try_bringup/package.ps1'
[2.561s] INFO:colcon.colcon_core.shell:Creating package descriptor '/home/andrea/tesi/ros2_mapf_cbs/project_1/install/my_try_bringup/share/my_try_bringup/package.dsv'
[2.562s] INFO:colcon.colcon_core.shell:Creating package script '/home/andrea/tesi/ros2_mapf_cbs/project_1/install/my_try_bringup/share/my_try_bringup/package.sh'
[2.562s] INFO:colcon.colcon_core.shell:Creating package script '/home/andrea/tesi/ros2_mapf_cbs/project_1/install/my_try_bringup/share/my_try_bringup/package.bash'
[2.562s] INFO:colcon.colcon_core.shell:Creating package script '/home/andrea/tesi/ros2_mapf_cbs/project_1/install/my_try_bringup/share/my_try_bringup/package.zsh'
[2.562s] Level 1:colcon.colcon_core.environment:create_file_with_runtime_dependencies(/home/andrea/tesi/ros2_mapf_cbs/project_1/install/my_try_bringup/share/colcon-core/packages/my_try_bringup)
[2.563s] Level 1:colcon.colcon_core.environment:create_environment_scripts_only(my_intermediate_interfaces)
[2.564s] DEBUG:colcon.colcon_core.event_handler.log_command:Invoked command in '/home/andrea/tesi/ros2_mapf_cbs/project_1/build/my_intermediate_interfaces' returned '0': CMAKE_PREFIX_PATH=${CMAKE_PREFIX_PATH}:/home/andrea/tesi/ros2_mapf_cbs/project_1/install/my_package:/home/andrea/tesi/ros2_mapf_cbs/project_1/install/my_intermediate:/home/andrea/tesi/ros2_mapf_cbs/simple_example/install/my_py_pkg:/opt/ros/humble /usr/bin/cmake --install /home/andrea/tesi/ros2_mapf_cbs/project_1/build/my_intermediate_interfaces
[2.579s] Level 1:colcon.colcon_core.environment:checking '/home/andrea/tesi/ros2_mapf_cbs/project_1/install/my_intermediate_interfaces' for CMake module files
[2.579s] Level 1:colcon.colcon_core.environment:checking '/home/andrea/tesi/ros2_mapf_cbs/project_1/install/my_intermediate_interfaces' for CMake config files
[2.580s] Level 1:colcon.colcon_core.shell:create_environment_hook('my_intermediate_interfaces', 'cmake_prefix_path')
[2.610s] INFO:colcon.colcon_core.shell:Creating environment hook '/home/andrea/tesi/ros2_mapf_cbs/project_1/install/my_intermediate_interfaces/share/my_intermediate_interfaces/hook/cmake_prefix_path.ps1'
[2.611s] INFO:colcon.colcon_core.shell:Creating environment descriptor '/home/andrea/tesi/ros2_mapf_cbs/project_1/install/my_intermediate_interfaces/share/my_intermediate_interfaces/hook/cmake_prefix_path.dsv'
[2.611s] INFO:colcon.colcon_core.shell:Creating environment hook '/home/andrea/tesi/ros2_mapf_cbs/project_1/install/my_intermediate_interfaces/share/my_intermediate_interfaces/hook/cmake_prefix_path.sh'
[2.612s] Level 1:colcon.colcon_core.environment:checking '/home/andrea/tesi/ros2_mapf_cbs/project_1/install/my_intermediate_interfaces/lib'
[2.612s] Level 1:colcon.colcon_core.shell:create_environment_hook('my_intermediate_interfaces', 'ld_library_path_lib')
[2.625s] INFO:colcon.colcon_core.shell:Creating environment hook '/home/andrea/tesi/ros2_mapf_cbs/project_1/install/my_intermediate_interfaces/share/my_intermediate_interfaces/hook/ld_library_path_lib.ps1'
[2.625s] INFO:colcon.colcon_core.shell:Creating environment descriptor '/home/andrea/tesi/ros2_mapf_cbs/project_1/install/my_intermediate_interfaces/share/my_intermediate_interfaces/hook/ld_library_path_lib.dsv'
[2.625s] INFO:colcon.colcon_core.shell:Creating environment hook '/home/andrea/tesi/ros2_mapf_cbs/project_1/install/my_intermediate_interfaces/share/my_intermediate_interfaces/hook/ld_library_path_lib.sh'
[2.626s] Level 1:colcon.colcon_core.environment:checking '/home/andrea/tesi/ros2_mapf_cbs/project_1/install/my_intermediate_interfaces/bin'
[2.626s] Level 1:colcon.colcon_core.environment:checking '/home/andrea/tesi/ros2_mapf_cbs/project_1/install/my_intermediate_interfaces/lib/pkgconfig/my_intermediate_interfaces.pc'
[2.626s] Level 1:colcon.colcon_core.environment:checking '/home/andrea/tesi/ros2_mapf_cbs/project_1/install/my_intermediate_interfaces/lib/python3.10/site-packages'
[2.626s] Level 1:colcon.colcon_core.environment:checking '/home/andrea/tesi/ros2_mapf_cbs/project_1/install/my_intermediate_interfaces/bin'
[2.641s] INFO:colcon.colcon_core.shell:Creating package script '/home/andrea/tesi/ros2_mapf_cbs/project_1/install/my_intermediate_interfaces/share/my_intermediate_interfaces/package.ps1'
[2.642s] INFO:colcon.colcon_core.shell:Creating package descriptor '/home/andrea/tesi/ros2_mapf_cbs/project_1/install/my_intermediate_interfaces/share/my_intermediate_interfaces/package.dsv'
[2.642s] INFO:colcon.colcon_core.shell:Creating package script '/home/andrea/tesi/ros2_mapf_cbs/project_1/install/my_intermediate_interfaces/share/my_intermediate_interfaces/package.sh'
[2.642s] INFO:colcon.colcon_core.shell:Creating package script '/home/andrea/tesi/ros2_mapf_cbs/project_1/install/my_intermediate_interfaces/share/my_intermediate_interfaces/package.bash'
[2.643s] INFO:colcon.colcon_core.shell:Creating package script '/home/andrea/tesi/ros2_mapf_cbs/project_1/install/my_intermediate_interfaces/share/my_intermediate_interfaces/package.zsh'
[2.643s] Level 1:colcon.colcon_core.environment:create_file_with_runtime_dependencies(/home/andrea/tesi/ros2_mapf_cbs/project_1/install/my_intermediate_interfaces/share/colcon-core/packages/my_intermediate_interfaces)
[2.714s] Level 1:colcon.colcon_core.environment:create_environment_scripts_only(my_intermediate_interfaces)
[2.728s] Level 1:colcon.colcon_core.environment:checking '/home/andrea/tesi/ros2_mapf_cbs/project_1/install/my_intermediate_interfaces' for CMake module files
[2.729s] Level 1:colcon.colcon_core.environment:checking '/home/andrea/tesi/ros2_mapf_cbs/project_1/install/my_intermediate_interfaces' for CMake config files
[2.729s] Level 1:colcon.colcon_core.shell:create_environment_hook('my_intermediate_interfaces', 'cmake_prefix_path')
[2.743s] INFO:colcon.colcon_core.shell:Creating environment hook '/home/andrea/tesi/ros2_mapf_cbs/project_1/install/my_intermediate_interfaces/share/my_intermediate_interfaces/hook/cmake_prefix_path.ps1'
[2.744s] INFO:colcon.colcon_core.shell:Creating environment descriptor '/home/andrea/tesi/ros2_mapf_cbs/project_1/install/my_intermediate_interfaces/share/my_intermediate_interfaces/hook/cmake_prefix_path.dsv'
[2.745s] INFO:colcon.colcon_core.shell:Creating environment hook '/home/andrea/tesi/ros2_mapf_cbs/project_1/install/my_intermediate_interfaces/share/my_intermediate_interfaces/hook/cmake_prefix_path.sh'
[2.746s] Level 1:colcon.colcon_core.environment:checking '/home/andrea/tesi/ros2_mapf_cbs/project_1/install/my_intermediate_interfaces/lib'
[2.746s] Level 1:colcon.colcon_core.shell:create_environment_hook('my_intermediate_interfaces', 'ld_library_path_lib')
[2.762s] INFO:colcon.colcon_core.shell:Creating environment hook '/home/andrea/tesi/ros2_mapf_cbs/project_1/install/my_intermediate_interfaces/share/my_intermediate_interfaces/hook/ld_library_path_lib.ps1'
[2.763s] INFO:colcon.colcon_core.shell:Creating environment descriptor '/home/andrea/tesi/ros2_mapf_cbs/project_1/install/my_intermediate_interfaces/share/my_intermediate_interfaces/hook/ld_library_path_lib.dsv'
[2.763s] INFO:colcon.colcon_core.shell:Creating environment hook '/home/andrea/tesi/ros2_mapf_cbs/project_1/install/my_intermediate_interfaces/share/my_intermediate_interfaces/hook/ld_library_path_lib.sh'
[2.764s] Level 1:colcon.colcon_core.environment:checking '/home/andrea/tesi/ros2_mapf_cbs/project_1/install/my_intermediate_interfaces/bin'
[2.764s] Level 1:colcon.colcon_core.environment:checking '/home/andrea/tesi/ros2_mapf_cbs/project_1/install/my_intermediate_interfaces/lib/pkgconfig/my_intermediate_interfaces.pc'
[2.764s] Level 1:colcon.colcon_core.environment:checking '/home/andrea/tesi/ros2_mapf_cbs/project_1/install/my_intermediate_interfaces/lib/python3.10/site-packages'
[2.764s] Level 1:colcon.colcon_core.environment:checking '/home/andrea/tesi/ros2_mapf_cbs/project_1/install/my_intermediate_interfaces/bin'
[2.780s] INFO:colcon.colcon_core.shell:Creating package script '/home/andrea/tesi/ros2_mapf_cbs/project_1/install/my_intermediate_interfaces/share/my_intermediate_interfaces/package.ps1'
[2.781s] INFO:colcon.colcon_core.shell:Creating package descriptor '/home/andrea/tesi/ros2_mapf_cbs/project_1/install/my_intermediate_interfaces/share/my_intermediate_interfaces/package.dsv'
[2.782s] INFO:colcon.colcon_core.shell:Creating package script '/home/andrea/tesi/ros2_mapf_cbs/project_1/install/my_intermediate_interfaces/share/my_intermediate_interfaces/package.sh'
[2.782s] INFO:colcon.colcon_core.shell:Creating package script '/home/andrea/tesi/ros2_mapf_cbs/project_1/install/my_intermediate_interfaces/share/my_intermediate_interfaces/package.bash'
[2.782s] INFO:colcon.colcon_core.shell:Creating package script '/home/andrea/tesi/ros2_mapf_cbs/project_1/install/my_intermediate_interfaces/share/my_intermediate_interfaces/package.zsh'
[2.783s] Level 1:colcon.colcon_core.environment:create_file_with_runtime_dependencies(/home/andrea/tesi/ros2_mapf_cbs/project_1/install/my_intermediate_interfaces/share/colcon-core/packages/my_intermediate_interfaces)
[2.785s] DEBUG:colcon.colcon_core.event_handler.log_command:Invoking command in '/home/andrea/tesi/ros2_mapf_cbs/project_1/build/my_package': PYTHONPATH=/home/andrea/tesi/ros2_mapf_cbs/project_1/build/my_package/prefix_override:/home/andrea/tesi/ros2_mapf_cbs/project_1/install/my_package/lib/python3.10/site-packages:${PYTHONPATH} /usr/bin/python3 setup.py develop --editable --build-directory /home/andrea/tesi/ros2_mapf_cbs/project_1/build/my_package/build --no-deps install_data
[2.786s] DEBUG:colcon.colcon_core.event_handler.log_command:Invoking command in '/home/andrea/tesi/ros2_mapf_cbs/project_1/build/my_intermediate': PYTHONPATH=/home/andrea/tesi/ros2_mapf_cbs/project_1/build/my_intermediate/prefix_override:/home/andrea/tesi/ros2_mapf_cbs/project_1/install/my_intermediate/lib/python3.10/site-packages:${PYTHONPATH} /usr/bin/python3 setup.py develop --editable --build-directory /home/andrea/tesi/ros2_mapf_cbs/project_1/build/my_intermediate/build --no-deps install_data
[3.262s] Level 1:colcon.colcon_core.shell:create_environment_hook('my_package', 'pythonpath_develop')
[3.263s] DEBUG:colcon.colcon_core.event_handler.log_command:Invoked command in '/home/andrea/tesi/ros2_mapf_cbs/project_1/build/my_package' returned '0': PYTHONPATH=/home/andrea/tesi/ros2_mapf_cbs/project_1/build/my_package/prefix_override:/home/andrea/tesi/ros2_mapf_cbs/project_1/install/my_package/lib/python3.10/site-packages:${PYTHONPATH} /usr/bin/python3 setup.py develop --editable --build-directory /home/andrea/tesi/ros2_mapf_cbs/project_1/build/my_package/build --no-deps install_data
[3.278s] INFO:colcon.colcon_core.shell:Creating environment hook '/home/andrea/tesi/ros2_mapf_cbs/project_1/build/my_package/share/my_package/hook/pythonpath_develop.ps1'
[3.278s] INFO:colcon.colcon_core.shell:Creating environment descriptor '/home/andrea/tesi/ros2_mapf_cbs/project_1/build/my_package/share/my_package/hook/pythonpath_develop.dsv'
[3.279s] INFO:colcon.colcon_core.shell:Creating environment hook '/home/andrea/tesi/ros2_mapf_cbs/project_1/build/my_package/share/my_package/hook/pythonpath_develop.sh'
[3.291s] Level 1:colcon.colcon_core.environment:checking '/home/andrea/tesi/ros2_mapf_cbs/project_1/install/my_package' for CMake module files
[3.291s] Level 1:colcon.colcon_core.environment:checking '/home/andrea/tesi/ros2_mapf_cbs/project_1/install/my_package' for CMake config files
[3.292s] Level 1:colcon.colcon_core.environment:checking '/home/andrea/tesi/ros2_mapf_cbs/project_1/install/my_package/lib'
[3.292s] Level 1:colcon.colcon_core.environment:checking '/home/andrea/tesi/ros2_mapf_cbs/project_1/install/my_package/bin'
[3.292s] Level 1:colcon.colcon_core.environment:checking '/home/andrea/tesi/ros2_mapf_cbs/project_1/install/my_package/lib/pkgconfig/my_package.pc'
[3.292s] Level 1:colcon.colcon_core.environment:checking '/home/andrea/tesi/ros2_mapf_cbs/project_1/install/my_package/lib/python3.10/site-packages'
[3.292s] Level 1:colcon.colcon_core.shell:create_environment_hook('my_package', 'pythonpath')
[3.303s] INFO:colcon.colcon_core.shell:Creating environment hook '/home/andrea/tesi/ros2_mapf_cbs/project_1/install/my_package/share/my_package/hook/pythonpath.ps1'
[3.305s] INFO:colcon.colcon_core.shell:Creating environment descriptor '/home/andrea/tesi/ros2_mapf_cbs/project_1/install/my_package/share/my_package/hook/pythonpath.dsv'
[3.305s] INFO:colcon.colcon_core.shell:Creating environment hook '/home/andrea/tesi/ros2_mapf_cbs/project_1/install/my_package/share/my_package/hook/pythonpath.sh'
[3.305s] Level 1:colcon.colcon_core.environment:checking '/home/andrea/tesi/ros2_mapf_cbs/project_1/install/my_package/bin'
[3.305s] Level 1:colcon.colcon_core.environment:create_environment_scripts_only(my_package)
[3.317s] INFO:colcon.colcon_core.shell:Creating package script '/home/andrea/tesi/ros2_mapf_cbs/project_1/install/my_package/share/my_package/package.ps1'
[3.318s] INFO:colcon.colcon_core.shell:Creating package descriptor '/home/andrea/tesi/ros2_mapf_cbs/project_1/install/my_package/share/my_package/package.dsv'
[3.319s] INFO:colcon.colcon_core.shell:Creating package script '/home/andrea/tesi/ros2_mapf_cbs/project_1/install/my_package/share/my_package/package.sh'
[3.319s] INFO:colcon.colcon_core.shell:Creating package script '/home/andrea/tesi/ros2_mapf_cbs/project_1/install/my_package/share/my_package/package.bash'
[3.319s] INFO:colcon.colcon_core.shell:Creating package script '/home/andrea/tesi/ros2_mapf_cbs/project_1/install/my_package/share/my_package/package.zsh'
[3.319s] Level 1:colcon.colcon_core.environment:create_file_with_runtime_dependencies(/home/andrea/tesi/ros2_mapf_cbs/project_1/install/my_package/share/colcon-core/packages/my_package)
[3.320s] Level 1:colcon.colcon_core.shell:create_environment_hook('my_intermediate', 'pythonpath_develop')
[3.321s] DEBUG:colcon.colcon_core.event_handler.log_command:Invoked command in '/home/andrea/tesi/ros2_mapf_cbs/project_1/build/my_intermediate' returned '0': PYTHONPATH=/home/andrea/tesi/ros2_mapf_cbs/project_1/build/my_intermediate/prefix_override:/home/andrea/tesi/ros2_mapf_cbs/project_1/install/my_intermediate/lib/python3.10/site-packages:${PYTHONPATH} /usr/bin/python3 setup.py develop --editable --build-directory /home/andrea/tesi/ros2_mapf_cbs/project_1/build/my_intermediate/build --no-deps install_data
[3.332s] INFO:colcon.colcon_core.shell:Creating environment hook '/home/andrea/tesi/ros2_mapf_cbs/project_1/build/my_intermediate/share/my_intermediate/hook/pythonpath_develop.ps1'
[3.332s] INFO:colcon.colcon_core.shell:Creating environment descriptor '/home/andrea/tesi/ros2_mapf_cbs/project_1/build/my_intermediate/share/my_intermediate/hook/pythonpath_develop.dsv'
[3.333s] INFO:colcon.colcon_core.shell:Creating environment hook '/home/andrea/tesi/ros2_mapf_cbs/project_1/build/my_intermediate/share/my_intermediate/hook/pythonpath_develop.sh'
[3.346s] Level 1:colcon.colcon_core.environment:checking '/home/andrea/tesi/ros2_mapf_cbs/project_1/install/my_intermediate' for CMake module files
[3.346s] Level 1:colcon.colcon_core.environment:checking '/home/andrea/tesi/ros2_mapf_cbs/project_1/install/my_intermediate' for CMake config files
[3.346s] Level 1:colcon.colcon_core.environment:checking '/home/andrea/tesi/ros2_mapf_cbs/project_1/install/my_intermediate/lib'
[3.346s] Level 1:colcon.colcon_core.environment:checking '/home/andrea/tesi/ros2_mapf_cbs/project_1/install/my_intermediate/bin'
[3.347s] Level 1:colcon.colcon_core.environment:checking '/home/andrea/tesi/ros2_mapf_cbs/project_1/install/my_intermediate/lib/pkgconfig/my_intermediate.pc'
[3.347s] Level 1:colcon.colcon_core.environment:checking '/home/andrea/tesi/ros2_mapf_cbs/project_1/install/my_intermediate/lib/python3.10/site-packages'
[3.347s] Level 1:colcon.colcon_core.shell:create_environment_hook('my_intermediate', 'pythonpath')
[3.360s] INFO:colcon.colcon_core.shell:Creating environment hook '/home/andrea/tesi/ros2_mapf_cbs/project_1/install/my_intermediate/share/my_intermediate/hook/pythonpath.ps1'
[3.360s] INFO:colcon.colcon_core.shell:Creating environment descriptor '/home/andrea/tesi/ros2_mapf_cbs/project_1/install/my_intermediate/share/my_intermediate/hook/pythonpath.dsv'
[3.361s] INFO:colcon.colcon_core.shell:Creating environment hook '/home/andrea/tesi/ros2_mapf_cbs/project_1/install/my_intermediate/share/my_intermediate/hook/pythonpath.sh'
[3.361s] Level 1:colcon.colcon_core.environment:checking '/home/andrea/tesi/ros2_mapf_cbs/project_1/install/my_intermediate/bin'
[3.361s] Level 1:colcon.colcon_core.environment:create_environment_scripts_only(my_intermediate)
[3.377s] INFO:colcon.colcon_core.shell:Creating package script '/home/andrea/tesi/ros2_mapf_cbs/project_1/install/my_intermediate/share/my_intermediate/package.ps1'
[3.377s] INFO:colcon.colcon_core.shell:Creating package descriptor '/home/andrea/tesi/ros2_mapf_cbs/project_1/install/my_intermediate/share/my_intermediate/package.dsv'
[3.378s] INFO:colcon.colcon_core.shell:Creating package script '/home/andrea/tesi/ros2_mapf_cbs/project_1/install/my_intermediate/share/my_intermediate/package.sh'
[3.378s] INFO:colcon.colcon_core.shell:Creating package script '/home/andrea/tesi/ros2_mapf_cbs/project_1/install/my_intermediate/share/my_intermediate/package.bash'
[3.378s] INFO:colcon.colcon_core.shell:Creating package script '/home/andrea/tesi/ros2_mapf_cbs/project_1/install/my_intermediate/share/my_intermediate/package.zsh'
[3.378s] Level 1:colcon.colcon_core.environment:create_file_with_runtime_dependencies(/home/andrea/tesi/ros2_mapf_cbs/project_1/install/my_intermediate/share/colcon-core/packages/my_intermediate)
[3.379s] INFO:colcon.colcon_ros.task.ament_cmake.build:Building ROS package in '/home/andrea/tesi/ros2_mapf_cbs/project_1/src/turtlebot3_multi_robot' with build type 'ament_cmake'
[3.379s] INFO:colcon.colcon_cmake.task.cmake.build:Building CMake package in '/home/andrea/tesi/ros2_mapf_cbs/project_1/src/turtlebot3_multi_robot'
[3.392s] INFO:colcon.colcon_core.shell:Skip shell extension 'powershell' for command environment: Not usable outside of PowerShell
[3.392s] DEBUG:colcon.colcon_core.shell:Skip shell extension 'dsv' for command environment
[3.448s] DEBUG:colcon.colcon_core.event_handler.log_command:Invoking command in '/home/andrea/tesi/ros2_mapf_cbs/project_1/build/turtlebot3_multi_robot': AMENT_PREFIX_PATH=/home/andrea/tesi/ros2_mapf_cbs/project_1/install/my_intermediate:/home/andrea/tesi/ros2_mapf_cbs/project_1/install/turtlebot3_multi_robot:/home/andrea/tesi/ros2_mapf_cbs/project_1/install/my_try_bringup:/home/andrea/tesi/ros2_mapf_cbs/project_1/install/my_package:/home/andrea/tesi/ros2_mapf_cbs/simple_example/install/my_robot_bringup:/home/andrea/tesi/ros2_mapf_cbs/simple_example/install/my_py_pkg:/home/andrea/tesi/ros2_mapf_cbs/simple_example/install/my_robot_interfaces:/opt/ros/humble CMAKE_PREFIX_PATH=${CMAKE_PREFIX_PATH}:/home/andrea/tesi/ros2_mapf_cbs/project_1/install/my_package:/home/andrea/tesi/ros2_mapf_cbs/project_1/install/my_intermediate:/home/andrea/tesi/ros2_mapf_cbs/simple_example/install/my_py_pkg:/opt/ros/humble PYTHONPATH=/home/andrea/tesi/ros2_mapf_cbs/project_1/build/my_intermediate:/home/andrea/tesi/ros2_mapf_cbs/project_1/install/my_intermediate/lib/python3.10/site-packages:/home/andrea/tesi/ros2_mapf_cbs/project_1/build/my_package:/home/andrea/tesi/ros2_mapf_cbs/project_1/install/my_package/lib/python3.10/site-packages:/home/andrea/tesi/ros2_mapf_cbs/simple_example/build/my_py_pkg:/home/andrea/tesi/ros2_mapf_cbs/simple_example/install/my_py_pkg/lib/python3.10/site-packages:/home/andrea/tesi/ros2_mapf_cbs/simple_example/install/my_robot_interfaces/local/lib/python3.10/dist-packages:/opt/ros/humble/lib/python3.10/site-packages:/opt/ros/humble/local/lib/python3.10/dist-packages /usr/bin/cmake --build /home/andrea/tesi/ros2_mapf_cbs/project_1/build/turtlebot3_multi_robot -- -j8 -l8
[3.484s] DEBUG:colcon.colcon_core.event_handler.log_command:Invoked command in '/home/andrea/tesi/ros2_mapf_cbs/project_1/build/turtlebot3_multi_robot' returned '0': AMENT_PREFIX_PATH=/home/andrea/tesi/ros2_mapf_cbs/project_1/install/my_intermediate:/home/andrea/tesi/ros2_mapf_cbs/project_1/install/turtlebot3_multi_robot:/home/andrea/tesi/ros2_mapf_cbs/project_1/install/my_try_bringup:/home/andrea/tesi/ros2_mapf_cbs/project_1/install/my_package:/home/andrea/tesi/ros2_mapf_cbs/simple_example/install/my_robot_bringup:/home/andrea/tesi/ros2_mapf_cbs/simple_example/install/my_py_pkg:/home/andrea/tesi/ros2_mapf_cbs/simple_example/install/my_robot_interfaces:/opt/ros/humble CMAKE_PREFIX_PATH=${CMAKE_PREFIX_PATH}:/home/andrea/tesi/ros2_mapf_cbs/project_1/install/my_package:/home/andrea/tesi/ros2_mapf_cbs/project_1/install/my_intermediate:/home/andrea/tesi/ros2_mapf_cbs/simple_example/install/my_py_pkg:/opt/ros/humble PYTHONPATH=/home/andrea/tesi/ros2_mapf_cbs/project_1/build/my_intermediate:/home/andrea/tesi/ros2_mapf_cbs/project_1/install/my_intermediate/lib/python3.10/site-packages:/home/andrea/tesi/ros2_mapf_cbs/project_1/build/my_package:/home/andrea/tesi/ros2_mapf_cbs/project_1/install/my_package/lib/python3.10/site-packages:/home/andrea/tesi/ros2_mapf_cbs/simple_example/build/my_py_pkg:/home/andrea/tesi/ros2_mapf_cbs/simple_example/install/my_py_pkg/lib/python3.10/site-packages:/home/andrea/tesi/ros2_mapf_cbs/simple_example/install/my_robot_interfaces/local/lib/python3.10/dist-packages:/opt/ros/humble/lib/python3.10/site-packages:/opt/ros/humble/local/lib/python3.10/dist-packages /usr/bin/cmake --build /home/andrea/tesi/ros2_mapf_cbs/project_1/build/turtlebot3_multi_robot -- -j8 -l8
[3.501s] DEBUG:colcon.colcon_core.event_handler.log_command:Invoking command in '/home/andrea/tesi/ros2_mapf_cbs/project_1/build/turtlebot3_multi_robot': AMENT_PREFIX_PATH=/home/andrea/tesi/ros2_mapf_cbs/project_1/install/my_intermediate:/home/andrea/tesi/ros2_mapf_cbs/project_1/install/turtlebot3_multi_robot:/home/andrea/tesi/ros2_mapf_cbs/project_1/install/my_try_bringup:/home/andrea/tesi/ros2_mapf_cbs/project_1/install/my_package:/home/andrea/tesi/ros2_mapf_cbs/simple_example/install/my_robot_bringup:/home/andrea/tesi/ros2_mapf_cbs/simple_example/install/my_py_pkg:/home/andrea/tesi/ros2_mapf_cbs/simple_example/install/my_robot_interfaces:/opt/ros/humble CMAKE_PREFIX_PATH=${CMAKE_PREFIX_PATH}:/home/andrea/tesi/ros2_mapf_cbs/project_1/install/my_package:/home/andrea/tesi/ros2_mapf_cbs/project_1/install/my_intermediate:/home/andrea/tesi/ros2_mapf_cbs/simple_example/install/my_py_pkg:/opt/ros/humble PYTHONPATH=/home/andrea/tesi/ros2_mapf_cbs/project_1/build/my_intermediate:/home/andrea/tesi/ros2_mapf_cbs/project_1/install/my_intermediate/lib/python3.10/site-packages:/home/andrea/tesi/ros2_mapf_cbs/project_1/build/my_package:/home/andrea/tesi/ros2_mapf_cbs/project_1/install/my_package/lib/python3.10/site-packages:/home/andrea/tesi/ros2_mapf_cbs/simple_example/build/my_py_pkg:/home/andrea/tesi/ros2_mapf_cbs/simple_example/install/my_py_pkg/lib/python3.10/site-packages:/home/andrea/tesi/ros2_mapf_cbs/simple_example/install/my_robot_interfaces/local/lib/python3.10/dist-packages:/opt/ros/humble/lib/python3.10/site-packages:/opt/ros/humble/local/lib/python3.10/dist-packages /usr/bin/cmake --install /home/andrea/tesi/ros2_mapf_cbs/project_1/build/turtlebot3_multi_robot
[3.519s] Level 1:colcon.colcon_core.environment:create_environment_scripts_only(turtlebot3_multi_robot)
[3.520s] DEBUG:colcon.colcon_core.event_handler.log_command:Invoked command in '/home/andrea/tesi/ros2_mapf_cbs/project_1/build/turtlebot3_multi_robot' returned '0': AMENT_PREFIX_PATH=/home/andrea/tesi/ros2_mapf_cbs/project_1/install/my_intermediate:/home/andrea/tesi/ros2_mapf_cbs/project_1/install/turtlebot3_multi_robot:/home/andrea/tesi/ros2_mapf_cbs/project_1/install/my_try_bringup:/home/andrea/tesi/ros2_mapf_cbs/project_1/install/my_package:/home/andrea/tesi/ros2_mapf_cbs/simple_example/install/my_robot_bringup:/home/andrea/tesi/ros2_mapf_cbs/simple_example/install/my_py_pkg:/home/andrea/tesi/ros2_mapf_cbs/simple_example/install/my_robot_interfaces:/opt/ros/humble CMAKE_PREFIX_PATH=${CMAKE_PREFIX_PATH}:/home/andrea/tesi/ros2_mapf_cbs/project_1/install/my_package:/home/andrea/tesi/ros2_mapf_cbs/project_1/install/my_intermediate:/home/andrea/tesi/ros2_mapf_cbs/simple_example/install/my_py_pkg:/opt/ros/humble PYTHONPATH=/home/andrea/tesi/ros2_mapf_cbs/project_1/build/my_intermediate:/home/andrea/tesi/ros2_mapf_cbs/project_1/install/my_intermediate/lib/python3.10/site-packages:/home/andrea/tesi/ros2_mapf_cbs/project_1/build/my_package:/home/andrea/tesi/ros2_mapf_cbs/project_1/install/my_package/lib/python3.10/site-packages:/home/andrea/tesi/ros2_mapf_cbs/simple_example/build/my_py_pkg:/home/andrea/tesi/ros2_mapf_cbs/simple_example/install/my_py_pkg/lib/python3.10/site-packages:/home/andrea/tesi/ros2_mapf_cbs/simple_example/install/my_robot_interfaces/local/lib/python3.10/dist-packages:/opt/ros/humble/lib/python3.10/site-packages:/opt/ros/humble/local/lib/python3.10/dist-packages /usr/bin/cmake --install /home/andrea/tesi/ros2_mapf_cbs/project_1/build/turtlebot3_multi_robot
[3.537s] Level 1:colcon.colcon_core.environment:checking '/home/andrea/tesi/ros2_mapf_cbs/project_1/install/turtlebot3_multi_robot' for CMake module files
[3.538s] Level 1:colcon.colcon_core.environment:checking '/home/andrea/tesi/ros2_mapf_cbs/project_1/install/turtlebot3_multi_robot' for CMake config files
[3.538s] Level 1:colcon.colcon_core.shell:create_environment_hook('turtlebot3_multi_robot', 'cmake_prefix_path')
[3.553s] INFO:colcon.colcon_core.shell:Creating environment hook '/home/andrea/tesi/ros2_mapf_cbs/project_1/install/turtlebot3_multi_robot/share/turtlebot3_multi_robot/hook/cmake_prefix_path.ps1'
[3.554s] INFO:colcon.colcon_core.shell:Creating environment descriptor '/home/andrea/tesi/ros2_mapf_cbs/project_1/install/turtlebot3_multi_robot/share/turtlebot3_multi_robot/hook/cmake_prefix_path.dsv'
[3.554s] INFO:colcon.colcon_core.shell:Creating environment hook '/home/andrea/tesi/ros2_mapf_cbs/project_1/install/turtlebot3_multi_robot/share/turtlebot3_multi_robot/hook/cmake_prefix_path.sh'
[3.555s] Level 1:colcon.colcon_core.environment:checking '/home/andrea/tesi/ros2_mapf_cbs/project_1/install/turtlebot3_multi_robot/bin'
[3.555s] Level 1:colcon.colcon_core.environment:checking '/home/andrea/tesi/ros2_mapf_cbs/project_1/install/turtlebot3_multi_robot/lib/pkgconfig/turtlebot3_multi_robot.pc'
[3.555s] Level 1:colcon.colcon_core.environment:checking '/home/andrea/tesi/ros2_mapf_cbs/project_1/install/turtlebot3_multi_robot/lib/python3.10/site-packages'
[3.555s] Level 1:colcon.colcon_core.environment:checking '/home/andrea/tesi/ros2_mapf_cbs/project_1/install/turtlebot3_multi_robot/bin'
[3.568s] INFO:colcon.colcon_core.shell:Creating package script '/home/andrea/tesi/ros2_mapf_cbs/project_1/install/turtlebot3_multi_robot/share/turtlebot3_multi_robot/package.ps1'
[3.569s] INFO:colcon.colcon_core.shell:Creating package descriptor '/home/andrea/tesi/ros2_mapf_cbs/project_1/install/turtlebot3_multi_robot/share/turtlebot3_multi_robot/package.dsv'
[3.569s] INFO:colcon.colcon_core.shell:Creating package script '/home/andrea/tesi/ros2_mapf_cbs/project_1/install/turtlebot3_multi_robot/share/turtlebot3_multi_robot/package.sh'
[3.569s] INFO:colcon.colcon_core.shell:Creating package script '/home/andrea/tesi/ros2_mapf_cbs/project_1/install/turtlebot3_multi_robot/share/turtlebot3_multi_robot/package.bash'
[3.569s] INFO:colcon.colcon_core.shell:Creating package script '/home/andrea/tesi/ros2_mapf_cbs/project_1/install/turtlebot3_multi_robot/share/turtlebot3_multi_robot/package.zsh'
[3.570s] Level 1:colcon.colcon_core.environment:create_file_with_runtime_dependencies(/home/andrea/tesi/ros2_mapf_cbs/project_1/install/turtlebot3_multi_robot/share/colcon-core/packages/turtlebot3_multi_robot)
[3.605s] Level 1:colcon.colcon_core.environment:create_environment_scripts_only(turtlebot3_multi_robot)
[3.620s] Level 1:colcon.colcon_core.environment:checking '/home/andrea/tesi/ros2_mapf_cbs/project_1/install/turtlebot3_multi_robot' for CMake module files
[3.621s] Level 1:colcon.colcon_core.environment:checking '/home/andrea/tesi/ros2_mapf_cbs/project_1/install/turtlebot3_multi_robot' for CMake config files
[3.622s] Level 1:colcon.colcon_core.shell:create_environment_hook('turtlebot3_multi_robot', 'cmake_prefix_path')
[3.634s] INFO:colcon.colcon_core.shell:Creating environment hook '/home/andrea/tesi/ros2_mapf_cbs/project_1/install/turtlebot3_multi_robot/share/turtlebot3_multi_robot/hook/cmake_prefix_path.ps1'
[3.634s] INFO:colcon.colcon_core.shell:Creating environment descriptor '/home/andrea/tesi/ros2_mapf_cbs/project_1/install/turtlebot3_multi_robot/share/turtlebot3_multi_robot/hook/cmake_prefix_path.dsv'
[3.634s] INFO:colcon.colcon_core.shell:Creating environment hook '/home/andrea/tesi/ros2_mapf_cbs/project_1/install/turtlebot3_multi_robot/share/turtlebot3_multi_robot/hook/cmake_prefix_path.sh'
[3.635s] Level 1:colcon.colcon_core.environment:checking '/home/andrea/tesi/ros2_mapf_cbs/project_1/install/turtlebot3_multi_robot/bin'
[3.635s] Level 1:colcon.colcon_core.environment:checking '/home/andrea/tesi/ros2_mapf_cbs/project_1/install/turtlebot3_multi_robot/lib/pkgconfig/turtlebot3_multi_robot.pc'
[3.635s] Level 1:colcon.colcon_core.environment:checking '/home/andrea/tesi/ros2_mapf_cbs/project_1/install/turtlebot3_multi_robot/lib/python3.10/site-packages'
[3.635s] Level 1:colcon.colcon_core.environment:checking '/home/andrea/tesi/ros2_mapf_cbs/project_1/install/turtlebot3_multi_robot/bin'
[3.647s] INFO:colcon.colcon_core.shell:Creating package script '/home/andrea/tesi/ros2_mapf_cbs/project_1/install/turtlebot3_multi_robot/share/turtlebot3_multi_robot/package.ps1'
[3.648s] INFO:colcon.colcon_core.shell:Creating package descriptor '/home/andrea/tesi/ros2_mapf_cbs/project_1/install/turtlebot3_multi_robot/share/turtlebot3_multi_robot/package.dsv'
[3.648s] INFO:colcon.colcon_core.shell:Creating package script '/home/andrea/tesi/ros2_mapf_cbs/project_1/install/turtlebot3_multi_robot/share/turtlebot3_multi_robot/package.sh'
[3.648s] INFO:colcon.colcon_core.shell:Creating package script '/home/andrea/tesi/ros2_mapf_cbs/project_1/install/turtlebot3_multi_robot/share/turtlebot3_multi_robot/package.bash'
[3.649s] INFO:colcon.colcon_core.shell:Creating package script '/home/andrea/tesi/ros2_mapf_cbs/project_1/install/turtlebot3_multi_robot/share/turtlebot3_multi_robot/package.zsh'
[3.649s] Level 1:colcon.colcon_core.environment:create_file_with_runtime_dependencies(/home/andrea/tesi/ros2_mapf_cbs/project_1/install/turtlebot3_multi_robot/share/colcon-core/packages/turtlebot3_multi_robot)
[3.649s] DEBUG:colcon.colcon_parallel_executor.executor.parallel:closing loop
[3.650s] DEBUG:colcon.colcon_parallel_executor.executor.parallel:loop closed
[3.650s] DEBUG:colcon.colcon_parallel_executor.executor.parallel:run_until_complete finished with '0'
[3.650s] DEBUG:colcon.colcon_core.event_reactor:joining thread
[3.668s] INFO:colcon.colcon_core.plugin_system:Skipping extension 'colcon_notification.desktop_notification.terminal_notifier': Not used on non-Darwin systems
[3.669s] INFO:colcon.colcon_core.plugin_system:Skipping extension 'colcon_notification.desktop_notification.win32': Not used on non-Windows systems
[3.669s] INFO:colcon.colcon_notification.desktop_notification:Sending desktop notification using 'notify2'
[3.681s] DEBUG:colcon.colcon_core.event_reactor:joined thread
[3.694s] INFO:colcon.colcon_core.shell:Creating prefix script '/home/andrea/tesi/ros2_mapf_cbs/project_1/install/local_setup.ps1'
[3.695s] INFO:colcon.colcon_core.shell:Creating prefix util module '/home/andrea/tesi/ros2_mapf_cbs/project_1/install/_local_setup_util_ps1.py'
[3.696s] INFO:colcon.colcon_core.shell:Creating prefix chain script '/home/andrea/tesi/ros2_mapf_cbs/project_1/install/setup.ps1'
[3.708s] INFO:colcon.colcon_core.shell:Creating prefix script '/home/andrea/tesi/ros2_mapf_cbs/project_1/install/local_setup.sh'
[3.708s] INFO:colcon.colcon_core.shell:Creating prefix util module '/home/andrea/tesi/ros2_mapf_cbs/project_1/install/_local_setup_util_sh.py'
[3.709s] INFO:colcon.colcon_core.shell:Creating prefix chain script '/home/andrea/tesi/ros2_mapf_cbs/project_1/install/setup.sh'
[3.721s] INFO:colcon.colcon_core.shell:Creating prefix script '/home/andrea/tesi/ros2_mapf_cbs/project_1/install/local_setup.bash'
[3.722s] INFO:colcon.colcon_core.shell:Creating prefix chain script '/home/andrea/tesi/ros2_mapf_cbs/project_1/install/setup.bash'
[3.735s] INFO:colcon.colcon_core.shell:Creating prefix script '/home/andrea/tesi/ros2_mapf_cbs/project_1/install/local_setup.zsh'
[3.735s] INFO:colcon.colcon_core.shell:Creating prefix chain script '/home/andrea/tesi/ros2_mapf_cbs/project_1/install/setup.zsh'
