-- The C compiler identification is GNU 11.4.0
-- The CXX compiler identification is GNU 11.4.0
-- Detecting C compiler ABI info
-- Detecting C compiler ABI info - done
-- Check for working C compiler: /usr/bin/cc - skipped
-- Detecting C compile features
-- Detecting C compile features - done
-- Detecting CXX compiler ABI info
-- Detecting CXX compiler ABI info - done
-- Check for working CXX compiler: /usr/bin/c++ - skipped
-- Detecting CXX compile features
-- Detecting CXX compile features - done
-- Found ament_cmake: 1.3.5 (/opt/ros/humble/share/ament_cmake/cmake)
-- Found Python3: /usr/bin/python3.10 (found version "3.10.12") found components: Interpreter 
-- Override CMake install command with custom implementation using symlinks instead of copying resources
-- Configuring done
-- Generating done
-- Build files have been written to: /home/andrea/tesi/ros2_mapf_cbs/project_1/build/my_try_bringup
-- Install configuration: ""
-- Execute custom install script
-- Symlinking: /home/andrea/tesi/ros2_mapf_cbs/project_1/install/my_try_bringup/share/my_try_bringup/launch/experiment1.launch.py
-- Symlinking: /home/andrea/tesi/ros2_mapf_cbs/project_1/install/my_try_bringup/share/my_try_bringup/launch/experiment2.launch.py
-- Symlinking: /home/andrea/tesi/ros2_mapf_cbs/project_1/install/my_try_bringup/share/ament_index/resource_index/package_run_dependencies/my_try_bringup
-- Symlinking: /home/andrea/tesi/ros2_mapf_cbs/project_1/install/my_try_bringup/share/ament_index/resource_index/parent_prefix_path/my_try_bringup
-- Symlinking: /home/andrea/tesi/ros2_mapf_cbs/project_1/install/my_try_bringup/share/my_try_bringup/environment/ament_prefix_path.sh
-- Symlinking: /home/andrea/tesi/ros2_mapf_cbs/project_1/install/my_try_bringup/share/my_try_bringup/environment/ament_prefix_path.dsv
-- Symlinking: /home/andrea/tesi/ros2_mapf_cbs/project_1/install/my_try_bringup/share/my_try_bringup/environment/path.sh
-- Symlinking: /home/andrea/tesi/ros2_mapf_cbs/project_1/install/my_try_bringup/share/my_try_bringup/environment/path.dsv
-- Symlinking: /home/andrea/tesi/ros2_mapf_cbs/project_1/install/my_try_bringup/share/my_try_bringup/local_setup.bash
-- Symlinking: /home/andrea/tesi/ros2_mapf_cbs/project_1/install/my_try_bringup/share/my_try_bringup/local_setup.sh
-- Symlinking: /home/andrea/tesi/ros2_mapf_cbs/project_1/install/my_try_bringup/share/my_try_bringup/local_setup.zsh
-- Symlinking: /home/andrea/tesi/ros2_mapf_cbs/project_1/install/my_try_bringup/share/my_try_bringup/local_setup.dsv
-- Symlinking: /home/andrea/tesi/ros2_mapf_cbs/project_1/install/my_try_bringup/share/my_try_bringup/package.dsv
-- Symlinking: /home/andrea/tesi/ros2_mapf_cbs/project_1/install/my_try_bringup/share/ament_index/resource_index/packages/my_try_bringup
-- Symlinking: /home/andrea/tesi/ros2_mapf_cbs/project_1/install/my_try_bringup/share/my_try_bringup/cmake/my_try_bringupConfig.cmake
-- Symlinking: /home/andrea/tesi/ros2_mapf_cbs/project_1/install/my_try_bringup/share/my_try_bringup/cmake/my_try_bringupConfig-version.cmake
-- Symlinking: /home/andrea/tesi/ros2_mapf_cbs/project_1/install/my_try_bringup/share/my_try_bringup/package.xml
