[0.062s] Invoking command in '/home/andrea/tesi/ros2_mapf_cbs/project_1/build/my_nav2_navfn_planner': AMENT_PREFIX_PATH=/home/andrea/tesi/ros2_mapf_cbs/project_1/install/my_nav2_core:${AMENT_PREFIX_PATH} CMAKE_PREFIX_PATH=/home/andrea/tesi/ros2_mapf_cbs/project_1/install/my_nav2_core:/home/andrea/tesi/ros2_mapf_cbs/project_1/install/my_intermediate_interfaces:/home/andrea/tesi/ros2_mapf_cbs/project_1/install/turtlebot3_multi_robot:/home/andrea/tesi/ros2_mapf_cbs/project_1/install/nav2_straightline_planner:/home/andrea/tesi/ros2_mapf_cbs/project_1/install/my_nav2_navfn_planner:/home/andrea/tesi/ros2_mapf_cbs/project_1/install/nav2_core:/home/andrea/tesi/ros2_mapf_cbs/project_1/install/my_try_bringup:/home/andrea/tesi/ros2_mapf_cbs/simple_example/install/my_robot_bringup:/home/andrea/tesi/ros2_mapf_cbs/simple_example/install/my_robot_interfaces:/home/andrea/tesi/ros2_mapf_cbs/project_1/install/my_package:/home/andrea/tesi/ros2_mapf_cbs/project_1/install/my_intermediate:/home/andrea/tesi/ros2_mapf_cbs/simple_example/install/my_py_pkg:/opt/ros/humble LD_LIBRARY_PATH=/home/andrea/tesi/ros2_mapf_cbs/project_1/install/my_intermediate_interfaces/lib:/home/andrea/tesi/ros2_mapf_cbs/project_1/install/nav2_straightline_planner/lib:/home/andrea/tesi/ros2_mapf_cbs/project_1/install/my_nav2_navfn_planner/lib:/home/andrea/tesi/ros2_mapf_cbs/simple_example/install/my_robot_interfaces/lib:/usr/lib/x86_64-linux-gnu/gazebo-11/plugins:/opt/ros/humble/opt/rviz_ogre_vendor/lib:/opt/ros/humble/lib/x86_64-linux-gnu:/opt/ros/humble/lib:/home/andrea/ws_online/build/ros2_bdi_on_litter_world /usr/bin/cmake --build /home/andrea/tesi/ros2_mapf_cbs/project_1/build/my_nav2_navfn_planner -- -j8 -l8
[0.098s] [35m[1mConsolidate compiler generated dependencies of target my_nav2_navfn_planner[0m
[0.119s] [ 66%] [32mBuilding CXX object CMakeFiles/my_nav2_navfn_planner.dir/src/navfn_planner.cpp.o[0m
[0.119s] [ 66%] [32mBuilding CXX object CMakeFiles/my_nav2_navfn_planner.dir/src/navfn.cpp.o[0m
[4.666s] [100%] [32m[1mLinking CXX shared library libmy_nav2_navfn_planner.so[0m
[4.834s] [100%] Built target my_nav2_navfn_planner
[4.844s] Invoked command in '/home/andrea/tesi/ros2_mapf_cbs/project_1/build/my_nav2_navfn_planner' returned '0': AMENT_PREFIX_PATH=/home/andrea/tesi/ros2_mapf_cbs/project_1/install/my_nav2_core:${AMENT_PREFIX_PATH} CMAKE_PREFIX_PATH=/home/andrea/tesi/ros2_mapf_cbs/project_1/install/my_nav2_core:/home/andrea/tesi/ros2_mapf_cbs/project_1/install/my_intermediate_interfaces:/home/andrea/tesi/ros2_mapf_cbs/project_1/install/turtlebot3_multi_robot:/home/andrea/tesi/ros2_mapf_cbs/project_1/install/nav2_straightline_planner:/home/andrea/tesi/ros2_mapf_cbs/project_1/install/my_nav2_navfn_planner:/home/andrea/tesi/ros2_mapf_cbs/project_1/install/nav2_core:/home/andrea/tesi/ros2_mapf_cbs/project_1/install/my_try_bringup:/home/andrea/tesi/ros2_mapf_cbs/simple_example/install/my_robot_bringup:/home/andrea/tesi/ros2_mapf_cbs/simple_example/install/my_robot_interfaces:/home/andrea/tesi/ros2_mapf_cbs/project_1/install/my_package:/home/andrea/tesi/ros2_mapf_cbs/project_1/install/my_intermediate:/home/andrea/tesi/ros2_mapf_cbs/simple_example/install/my_py_pkg:/opt/ros/humble LD_LIBRARY_PATH=/home/andrea/tesi/ros2_mapf_cbs/project_1/install/my_intermediate_interfaces/lib:/home/andrea/tesi/ros2_mapf_cbs/project_1/install/nav2_straightline_planner/lib:/home/andrea/tesi/ros2_mapf_cbs/project_1/install/my_nav2_navfn_planner/lib:/home/andrea/tesi/ros2_mapf_cbs/simple_example/install/my_robot_interfaces/lib:/usr/lib/x86_64-linux-gnu/gazebo-11/plugins:/opt/ros/humble/opt/rviz_ogre_vendor/lib:/opt/ros/humble/lib/x86_64-linux-gnu:/opt/ros/humble/lib:/home/andrea/ws_online/build/ros2_bdi_on_litter_world /usr/bin/cmake --build /home/andrea/tesi/ros2_mapf_cbs/project_1/build/my_nav2_navfn_planner -- -j8 -l8
[4.874s] Invoking command in '/home/andrea/tesi/ros2_mapf_cbs/project_1/build/my_nav2_navfn_planner': AMENT_PREFIX_PATH=/home/andrea/tesi/ros2_mapf_cbs/project_1/install/my_nav2_core:${AMENT_PREFIX_PATH} CMAKE_PREFIX_PATH=/home/andrea/tesi/ros2_mapf_cbs/project_1/install/my_nav2_core:/home/andrea/tesi/ros2_mapf_cbs/project_1/install/my_intermediate_interfaces:/home/andrea/tesi/ros2_mapf_cbs/project_1/install/turtlebot3_multi_robot:/home/andrea/tesi/ros2_mapf_cbs/project_1/install/nav2_straightline_planner:/home/andrea/tesi/ros2_mapf_cbs/project_1/install/my_nav2_navfn_planner:/home/andrea/tesi/ros2_mapf_cbs/project_1/install/nav2_core:/home/andrea/tesi/ros2_mapf_cbs/project_1/install/my_try_bringup:/home/andrea/tesi/ros2_mapf_cbs/simple_example/install/my_robot_bringup:/home/andrea/tesi/ros2_mapf_cbs/simple_example/install/my_robot_interfaces:/home/andrea/tesi/ros2_mapf_cbs/project_1/install/my_package:/home/andrea/tesi/ros2_mapf_cbs/project_1/install/my_intermediate:/home/andrea/tesi/ros2_mapf_cbs/simple_example/install/my_py_pkg:/opt/ros/humble LD_LIBRARY_PATH=/home/andrea/tesi/ros2_mapf_cbs/project_1/install/my_intermediate_interfaces/lib:/home/andrea/tesi/ros2_mapf_cbs/project_1/install/nav2_straightline_planner/lib:/home/andrea/tesi/ros2_mapf_cbs/project_1/install/my_nav2_navfn_planner/lib:/home/andrea/tesi/ros2_mapf_cbs/simple_example/install/my_robot_interfaces/lib:/usr/lib/x86_64-linux-gnu/gazebo-11/plugins:/opt/ros/humble/opt/rviz_ogre_vendor/lib:/opt/ros/humble/lib/x86_64-linux-gnu:/opt/ros/humble/lib:/home/andrea/ws_online/build/ros2_bdi_on_litter_world /usr/bin/cmake --install /home/andrea/tesi/ros2_mapf_cbs/project_1/build/my_nav2_navfn_planner
[4.879s] -- Install configuration: "Release"
[4.879s] -- Up-to-date: /home/andrea/tesi/ros2_mapf_cbs/project_1/install/my_nav2_navfn_planner/share/my_nav2_navfn_planner/global_planner_plugin.xml
[4.879s] -- Installing: /home/andrea/tesi/ros2_mapf_cbs/project_1/install/my_nav2_navfn_planner/lib/libmy_nav2_navfn_planner.so
[4.880s] -- Set runtime path of "/home/andrea/tesi/ros2_mapf_cbs/project_1/install/my_nav2_navfn_planner/lib/libmy_nav2_navfn_planner.so" to ""
[4.880s] -- Up-to-date: /home/andrea/tesi/ros2_mapf_cbs/project_1/install/my_nav2_navfn_planner/include/
[4.880s] -- Up-to-date: /home/andrea/tesi/ros2_mapf_cbs/project_1/install/my_nav2_navfn_planner/include//my_nav2_navfn_planner
[4.880s] -- Up-to-date: /home/andrea/tesi/ros2_mapf_cbs/project_1/install/my_nav2_navfn_planner/include//my_nav2_navfn_planner/navfn_planner.hpp
[4.880s] -- Installing: /home/andrea/tesi/ros2_mapf_cbs/project_1/install/my_nav2_navfn_planner/include//my_nav2_navfn_planner/navfn.hpp
[4.880s] -- Up-to-date: /home/andrea/tesi/ros2_mapf_cbs/project_1/install/my_nav2_navfn_planner/include//my_nav2_navfn_planner/planner_exceptions.hpp
[4.880s] -- Up-to-date: /home/andrea/tesi/ros2_mapf_cbs/project_1/install/my_nav2_navfn_planner/share/my_nav2_navfn_planner/global_planner_plugin.xml
[4.880s] -- Up-to-date: /home/andrea/tesi/ros2_mapf_cbs/project_1/install/my_nav2_navfn_planner/share/my_nav2_navfn_planner/environment/library_path.sh
[4.880s] -- Up-to-date: /home/andrea/tesi/ros2_mapf_cbs/project_1/install/my_nav2_navfn_planner/share/my_nav2_navfn_planner/environment/library_path.dsv
[4.880s] -- Up-to-date: /home/andrea/tesi/ros2_mapf_cbs/project_1/install/my_nav2_navfn_planner/share/ament_index/resource_index/package_run_dependencies/my_nav2_navfn_planner
[4.880s] -- Up-to-date: /home/andrea/tesi/ros2_mapf_cbs/project_1/install/my_nav2_navfn_planner/share/ament_index/resource_index/parent_prefix_path/my_nav2_navfn_planner
[4.881s] -- Up-to-date: /home/andrea/tesi/ros2_mapf_cbs/project_1/install/my_nav2_navfn_planner/share/my_nav2_navfn_planner/environment/ament_prefix_path.sh
[4.881s] -- Up-to-date: /home/andrea/tesi/ros2_mapf_cbs/project_1/install/my_nav2_navfn_planner/share/my_nav2_navfn_planner/environment/ament_prefix_path.dsv
[4.881s] -- Up-to-date: /home/andrea/tesi/ros2_mapf_cbs/project_1/install/my_nav2_navfn_planner/share/my_nav2_navfn_planner/environment/path.sh
[4.881s] -- Up-to-date: /home/andrea/tesi/ros2_mapf_cbs/project_1/install/my_nav2_navfn_planner/share/my_nav2_navfn_planner/environment/path.dsv
[4.881s] -- Up-to-date: /home/andrea/tesi/ros2_mapf_cbs/project_1/install/my_nav2_navfn_planner/share/my_nav2_navfn_planner/local_setup.bash
[4.881s] -- Up-to-date: /home/andrea/tesi/ros2_mapf_cbs/project_1/install/my_nav2_navfn_planner/share/my_nav2_navfn_planner/local_setup.sh
[4.881s] -- Up-to-date: /home/andrea/tesi/ros2_mapf_cbs/project_1/install/my_nav2_navfn_planner/share/my_nav2_navfn_planner/local_setup.zsh
[4.881s] -- Up-to-date: /home/andrea/tesi/ros2_mapf_cbs/project_1/install/my_nav2_navfn_planner/share/my_nav2_navfn_planner/local_setup.dsv
[4.881s] -- Installing: /home/andrea/tesi/ros2_mapf_cbs/project_1/install/my_nav2_navfn_planner/share/my_nav2_navfn_planner/package.dsv
[4.881s] -- Up-to-date: /home/andrea/tesi/ros2_mapf_cbs/project_1/install/my_nav2_navfn_planner/share/ament_index/resource_index/packages/my_nav2_navfn_planner
[4.881s] -- Up-to-date: /home/andrea/tesi/ros2_mapf_cbs/project_1/install/my_nav2_navfn_planner/share/ament_index/resource_index/my_nav2_core__pluginlib__plugin/my_nav2_navfn_planner
[4.881s] -- Up-to-date: /home/andrea/tesi/ros2_mapf_cbs/project_1/install/my_nav2_navfn_planner/share/my_nav2_navfn_planner/cmake/ament_cmake_export_include_directories-extras.cmake
[4.881s] -- Up-to-date: /home/andrea/tesi/ros2_mapf_cbs/project_1/install/my_nav2_navfn_planner/share/my_nav2_navfn_planner/cmake/ament_cmake_export_libraries-extras.cmake
[4.881s] -- Up-to-date: /home/andrea/tesi/ros2_mapf_cbs/project_1/install/my_nav2_navfn_planner/share/my_nav2_navfn_planner/cmake/ament_cmake_export_dependencies-extras.cmake
[4.881s] -- Up-to-date: /home/andrea/tesi/ros2_mapf_cbs/project_1/install/my_nav2_navfn_planner/share/my_nav2_navfn_planner/cmake/my_nav2_navfn_plannerConfig.cmake
[4.881s] -- Up-to-date: /home/andrea/tesi/ros2_mapf_cbs/project_1/install/my_nav2_navfn_planner/share/my_nav2_navfn_planner/cmake/my_nav2_navfn_plannerConfig-version.cmake
[4.881s] -- Up-to-date: /home/andrea/tesi/ros2_mapf_cbs/project_1/install/my_nav2_navfn_planner/share/my_nav2_navfn_planner/package.xml
[4.883s] Invoked command in '/home/andrea/tesi/ros2_mapf_cbs/project_1/build/my_nav2_navfn_planner' returned '0': AMENT_PREFIX_PATH=/home/andrea/tesi/ros2_mapf_cbs/project_1/install/my_nav2_core:${AMENT_PREFIX_PATH} CMAKE_PREFIX_PATH=/home/andrea/tesi/ros2_mapf_cbs/project_1/install/my_nav2_core:/home/andrea/tesi/ros2_mapf_cbs/project_1/install/my_intermediate_interfaces:/home/andrea/tesi/ros2_mapf_cbs/project_1/install/turtlebot3_multi_robot:/home/andrea/tesi/ros2_mapf_cbs/project_1/install/nav2_straightline_planner:/home/andrea/tesi/ros2_mapf_cbs/project_1/install/my_nav2_navfn_planner:/home/andrea/tesi/ros2_mapf_cbs/project_1/install/nav2_core:/home/andrea/tesi/ros2_mapf_cbs/project_1/install/my_try_bringup:/home/andrea/tesi/ros2_mapf_cbs/simple_example/install/my_robot_bringup:/home/andrea/tesi/ros2_mapf_cbs/simple_example/install/my_robot_interfaces:/home/andrea/tesi/ros2_mapf_cbs/project_1/install/my_package:/home/andrea/tesi/ros2_mapf_cbs/project_1/install/my_intermediate:/home/andrea/tesi/ros2_mapf_cbs/simple_example/install/my_py_pkg:/opt/ros/humble LD_LIBRARY_PATH=/home/andrea/tesi/ros2_mapf_cbs/project_1/install/my_intermediate_interfaces/lib:/home/andrea/tesi/ros2_mapf_cbs/project_1/install/nav2_straightline_planner/lib:/home/andrea/tesi/ros2_mapf_cbs/project_1/install/my_nav2_navfn_planner/lib:/home/andrea/tesi/ros2_mapf_cbs/simple_example/install/my_robot_interfaces/lib:/usr/lib/x86_64-linux-gnu/gazebo-11/plugins:/opt/ros/humble/opt/rviz_ogre_vendor/lib:/opt/ros/humble/lib/x86_64-linux-gnu:/opt/ros/humble/lib:/home/andrea/ws_online/build/ros2_bdi_on_litter_world /usr/bin/cmake --install /home/andrea/tesi/ros2_mapf_cbs/project_1/build/my_nav2_navfn_planner
