-- Found std_srvs: 4.2.3 (/opt/ros/humble/share/std_srvs/cmake)
-- Override CMake install command with custom implementation using symlinks instead of copying resources
-- Found rosidl_generator_c: 3.1.5 (/opt/ros/humble/share/rosidl_generator_c/cmake)
-- Found rosidl_adapter: 3.1.5 (/opt/ros/humble/share/rosidl_adapter/cmake)
-- Found rosidl_generator_cpp: 3.1.5 (/opt/ros/humble/share/rosidl_generator_cpp/cmake)
-- Using all available rosidl_typesupport_c: rosidl_typesupport_fastrtps_c;rosidl_typesupport_introspection_c
-- Using all available rosidl_typesupport_cpp: rosidl_typesupport_fastrtps_cpp;rosidl_typesupport_introspection_cpp
-- Found nav_msgs: 4.2.3 (/opt/ros/humble/share/nav_msgs/cmake)
-- Found nav2_msgs: 1.1.12 (/opt/ros/humble/share/nav2_msgs/cmake)
-- Found rosidl_default_generators: 1.2.0 (/opt/ros/humble/share/rosidl_default_generators/cmake)
-- Found ament_cmake_ros: 0.10.0 (/opt/ros/humble/share/ament_cmake_ros/cmake)
-- Using all available rosidl_typesupport_c: rosidl_typesupport_fastrtps_c;rosidl_typesupport_introspection_c
-- Using all available rosidl_typesupport_cpp: rosidl_typesupport_fastrtps_cpp;rosidl_typesupport_introspection_cpp
-- Found python_cmake_module: 0.10.0 (/opt/ros/humble/share/python_cmake_module/cmake)
-- Using PYTHON_EXECUTABLE: /usr/bin/python3
-- Using PYTHON_INCLUDE_DIRS: /usr/include/python3.10
-- Using PYTHON_LIBRARIES: /usr/lib/x86_64-linux-gnu/libpython3.10.so
-- Configuring done
-- Generating done
-- Build files have been written to: /home/andrea/tesi/ros2_mapf_cbs/cbs_ros2_project/build/cbs_interfaces
[  0%] Built target cbs_interfaces__cpp
[  0%] Built target ament_cmake_python_symlink_cbs_interfaces
[35m[1mConsolidate compiler generated dependencies of target cbs_interfaces__rosidl_typesupport_fastrtps_cpp[0m
[35m[1mConsolidate compiler generated dependencies of target cbs_interfaces__rosidl_typesupport_cpp[0m
[35m[1mConsolidate compiler generated dependencies of target cbs_interfaces__rosidl_generator_c[0m
[35m[1mConsolidate compiler generated dependencies of target cbs_interfaces__rosidl_typesupport_introspection_cpp[0m
[  1%] [32mBuilding C object CMakeFiles/cbs_interfaces__rosidl_generator_c.dir/rosidl_generator_c/cbs_interfaces/srv/detail/start_goal_pose_stamped__functions.c.o[0m
[  2%] [32mBuilding C object CMakeFiles/cbs_interfaces__rosidl_generator_c.dir/rosidl_generator_c/cbs_interfaces/srv/detail/start_goal_positions__functions.c.o[0m
[  3%] [32mBuilding C object CMakeFiles/cbs_interfaces__rosidl_generator_c.dir/rosidl_generator_c/cbs_interfaces/msg/detail/agent_path_request__functions.c.o[0m
[  4%] [32mBuilding C object CMakeFiles/cbs_interfaces__rosidl_generator_c.dir/rosidl_generator_c/cbs_interfaces/srv/detail/computed_plans__functions.c.o[0m
[  5%] [32mBuilding CXX object CMakeFiles/cbs_interfaces__rosidl_typesupport_fastrtps_cpp.dir/rosidl_typesupport_fastrtps_cpp/cbs_interfaces/srv/detail/dds_fastrtps/start_goal_pose_stamped__type_support.cpp.o[0m
[  6%] [32mBuilding CXX object CMakeFiles/cbs_interfaces__rosidl_typesupport_cpp.dir/rosidl_typesupport_cpp/cbs_interfaces/srv/start_goal_pose_stamped__type_support.cpp.o[0m
[  7%] [32mBuilding CXX object CMakeFiles/cbs_interfaces__rosidl_typesupport_introspection_cpp.dir/rosidl_typesupport_introspection_cpp/cbs_interfaces/srv/detail/start_goal_pose_stamped__type_support.cpp.o[0m
[  8%] [32mBuilding CXX object CMakeFiles/cbs_interfaces__rosidl_typesupport_introspection_cpp.dir/rosidl_typesupport_introspection_cpp/cbs_interfaces/srv/detail/start_goal_positions__type_support.cpp.o[0m
[  9%] [32mBuilding CXX object CMakeFiles/cbs_interfaces__rosidl_typesupport_fastrtps_cpp.dir/rosidl_typesupport_fastrtps_cpp/cbs_interfaces/srv/detail/dds_fastrtps/start_goal_positions__type_support.cpp.o[0m
[ 10%] [32mBuilding C object CMakeFiles/cbs_interfaces__rosidl_generator_c.dir/rosidl_generator_c/cbs_interfaces/msg/detail/agent_path__functions.c.o[0m
[ 11%] [32mBuilding C object CMakeFiles/cbs_interfaces__rosidl_generator_c.dir/rosidl_generator_c/cbs_interfaces/msg/detail/vertex_constraint__functions.c.o[0m
[ 12%] [32mBuilding C object CMakeFiles/cbs_interfaces__rosidl_generator_c.dir/rosidl_generator_c/cbs_interfaces/msg/detail/edge_constraint__functions.c.o[0m
[ 13%] [32mBuilding C object CMakeFiles/cbs_interfaces__rosidl_generator_c.dir/rosidl_generator_c/cbs_interfaces/msg/detail/coordinates3_d__functions.c.o[0m
[ 14%] [32mBuilding C object CMakeFiles/cbs_interfaces__rosidl_generator_c.dir/rosidl_generator_c/cbs_interfaces/msg/detail/start_goal__functions.c.o[0m
[ 15%] [32mBuilding C object CMakeFiles/cbs_interfaces__rosidl_generator_c.dir/rosidl_generator_c/cbs_interfaces/action/detail/compute_path_to_pose_cbs__functions.c.o[0m
[ 16%] [32mBuilding CXX object CMakeFiles/cbs_interfaces__rosidl_typesupport_introspection_cpp.dir/rosidl_typesupport_introspection_cpp/cbs_interfaces/srv/detail/computed_plans__type_support.cpp.o[0m
running egg_info
writing cbs_interfaces.egg-info/PKG-INFO
writing dependency_links to cbs_interfaces.egg-info/dependency_links.txt
writing top-level names to cbs_interfaces.egg-info/top_level.txt
reading manifest file 'cbs_interfaces.egg-info/SOURCES.txt'
writing manifest file 'cbs_interfaces.egg-info/SOURCES.txt'
[ 17%] [32mBuilding CXX object CMakeFiles/cbs_interfaces__rosidl_typesupport_cpp.dir/rosidl_typesupport_cpp/cbs_interfaces/srv/start_goal_positions__type_support.cpp.o[0m
[ 17%] Built target ament_cmake_python_build_cbs_interfaces_egg
[ 18%] [32m[1mLinking C shared library libcbs_interfaces__rosidl_generator_c.so[0m
[ 19%] [32mBuilding CXX object CMakeFiles/cbs_interfaces__rosidl_typesupport_cpp.dir/rosidl_typesupport_cpp/cbs_interfaces/srv/computed_plans__type_support.cpp.o[0m
[ 20%] Built target cbs_interfaces__rosidl_generator_c
[35m[1mConsolidate compiler generated dependencies of target cbs_interfaces__rosidl_typesupport_fastrtps_c[0m
[ 21%] [32mBuilding CXX object CMakeFiles/cbs_interfaces__rosidl_typesupport_fastrtps_c.dir/rosidl_typesupport_fastrtps_c/cbs_interfaces/srv/detail/start_goal_pose_stamped__type_support_c.cpp.o[0m
[ 22%] [32mBuilding CXX object CMakeFiles/cbs_interfaces__rosidl_typesupport_cpp.dir/rosidl_typesupport_cpp/cbs_interfaces/msg/agent_path_request__type_support.cpp.o[0m
[ 22%] [32mBuilding CXX object CMakeFiles/cbs_interfaces__rosidl_typesupport_fastrtps_cpp.dir/rosidl_typesupport_fastrtps_cpp/cbs_interfaces/srv/detail/dds_fastrtps/computed_plans__type_support.cpp.o[0m
[ 23%] [32mBuilding CXX object CMakeFiles/cbs_interfaces__rosidl_typesupport_fastrtps_c.dir/rosidl_typesupport_fastrtps_c/cbs_interfaces/srv/detail/start_goal_positions__type_support_c.cpp.o[0m
[ 24%] [32mBuilding CXX object CMakeFiles/cbs_interfaces__rosidl_typesupport_cpp.dir/rosidl_typesupport_cpp/cbs_interfaces/msg/agent_path__type_support.cpp.o[0m
[ 25%] [32mBuilding CXX object CMakeFiles/cbs_interfaces__rosidl_typesupport_introspection_cpp.dir/rosidl_typesupport_introspection_cpp/cbs_interfaces/msg/detail/agent_path_request__type_support.cpp.o[0m
[ 26%] [32mBuilding CXX object CMakeFiles/cbs_interfaces__rosidl_typesupport_introspection_cpp.dir/rosidl_typesupport_introspection_cpp/cbs_interfaces/msg/detail/agent_path__type_support.cpp.o[0m
[ 27%] [32mBuilding CXX object CMakeFiles/cbs_interfaces__rosidl_typesupport_introspection_cpp.dir/rosidl_typesupport_introspection_cpp/cbs_interfaces/msg/detail/vertex_constraint__type_support.cpp.o[0m
[ 28%] [32mBuilding CXX object CMakeFiles/cbs_interfaces__rosidl_typesupport_cpp.dir/rosidl_typesupport_cpp/cbs_interfaces/msg/vertex_constraint__type_support.cpp.o[0m
[ 29%] [32mBuilding CXX object CMakeFiles/cbs_interfaces__rosidl_typesupport_fastrtps_c.dir/rosidl_typesupport_fastrtps_c/cbs_interfaces/srv/detail/computed_plans__type_support_c.cpp.o[0m
[ 30%] [32mBuilding CXX object CMakeFiles/cbs_interfaces__rosidl_typesupport_cpp.dir/rosidl_typesupport_cpp/cbs_interfaces/msg/edge_constraint__type_support.cpp.o[0m
[ 31%] [32mBuilding CXX object CMakeFiles/cbs_interfaces__rosidl_typesupport_fastrtps_c.dir/rosidl_typesupport_fastrtps_c/cbs_interfaces/msg/detail/agent_path_request__type_support_c.cpp.o[0m
[ 32%] [32mBuilding CXX object CMakeFiles/cbs_interfaces__rosidl_typesupport_fastrtps_cpp.dir/rosidl_typesupport_fastrtps_cpp/cbs_interfaces/msg/detail/dds_fastrtps/agent_path_request__type_support.cpp.o[0m
[ 33%] [32mBuilding CXX object CMakeFiles/cbs_interfaces__rosidl_typesupport_introspection_cpp.dir/rosidl_typesupport_introspection_cpp/cbs_interfaces/msg/detail/edge_constraint__type_support.cpp.o[0m
[ 34%] [32mBuilding CXX object CMakeFiles/cbs_interfaces__rosidl_typesupport_introspection_cpp.dir/rosidl_typesupport_introspection_cpp/cbs_interfaces/msg/detail/coordinates3_d__type_support.cpp.o[0m
[ 35%] [32mBuilding CXX object CMakeFiles/cbs_interfaces__rosidl_typesupport_cpp.dir/rosidl_typesupport_cpp/cbs_interfaces/msg/coordinates3_d__type_support.cpp.o[0m
[ 36%] [32mBuilding CXX object CMakeFiles/cbs_interfaces__rosidl_typesupport_introspection_cpp.dir/rosidl_typesupport_introspection_cpp/cbs_interfaces/msg/detail/start_goal__type_support.cpp.o[0m
[ 37%] [32mBuilding CXX object CMakeFiles/cbs_interfaces__rosidl_typesupport_cpp.dir/rosidl_typesupport_cpp/cbs_interfaces/msg/start_goal__type_support.cpp.o[0m
[ 38%] [32mBuilding CXX object CMakeFiles/cbs_interfaces__rosidl_typesupport_fastrtps_c.dir/rosidl_typesupport_fastrtps_c/cbs_interfaces/msg/detail/agent_path__type_support_c.cpp.o[0m
[ 39%] [32mBuilding CXX object CMakeFiles/cbs_interfaces__rosidl_typesupport_fastrtps_c.dir/rosidl_typesupport_fastrtps_c/cbs_interfaces/msg/detail/vertex_constraint__type_support_c.cpp.o[0m
[ 40%] [32mBuilding CXX object CMakeFiles/cbs_interfaces__rosidl_typesupport_cpp.dir/rosidl_typesupport_cpp/cbs_interfaces/action/compute_path_to_pose_cbs__type_support.cpp.o[0m
[ 41%] [32mBuilding CXX object CMakeFiles/cbs_interfaces__rosidl_typesupport_introspection_cpp.dir/rosidl_typesupport_introspection_cpp/cbs_interfaces/action/detail/compute_path_to_pose_cbs__type_support.cpp.o[0m
[ 42%] [32mBuilding CXX object CMakeFiles/cbs_interfaces__rosidl_typesupport_fastrtps_c.dir/rosidl_typesupport_fastrtps_c/cbs_interfaces/msg/detail/edge_constraint__type_support_c.cpp.o[0m
[ 43%] [32mBuilding CXX object CMakeFiles/cbs_interfaces__rosidl_typesupport_fastrtps_c.dir/rosidl_typesupport_fastrtps_c/cbs_interfaces/msg/detail/coordinates3_d__type_support_c.cpp.o[0m
[ 44%] [32mBuilding CXX object CMakeFiles/cbs_interfaces__rosidl_typesupport_fastrtps_c.dir/rosidl_typesupport_fastrtps_c/cbs_interfaces/msg/detail/start_goal__type_support_c.cpp.o[0m
[ 45%] [32mBuilding CXX object CMakeFiles/cbs_interfaces__rosidl_typesupport_fastrtps_c.dir/rosidl_typesupport_fastrtps_c/cbs_interfaces/action/detail/compute_path_to_pose_cbs__type_support_c.cpp.o[0m
[ 46%] [32mBuilding CXX object CMakeFiles/cbs_interfaces__rosidl_typesupport_fastrtps_cpp.dir/rosidl_typesupport_fastrtps_cpp/cbs_interfaces/msg/detail/dds_fastrtps/vertex_constraint__type_support.cpp.o[0m
[ 47%] [32mBuilding CXX object CMakeFiles/cbs_interfaces__rosidl_typesupport_fastrtps_cpp.dir/rosidl_typesupport_fastrtps_cpp/cbs_interfaces/msg/detail/dds_fastrtps/agent_path__type_support.cpp.o[0m
[ 48%] [32mBuilding CXX object CMakeFiles/cbs_interfaces__rosidl_typesupport_fastrtps_cpp.dir/rosidl_typesupport_fastrtps_cpp/cbs_interfaces/msg/detail/dds_fastrtps/edge_constraint__type_support.cpp.o[0m
[ 49%] [32mBuilding CXX object CMakeFiles/cbs_interfaces__rosidl_typesupport_fastrtps_cpp.dir/rosidl_typesupport_fastrtps_cpp/cbs_interfaces/msg/detail/dds_fastrtps/coordinates3_d__type_support.cpp.o[0m
[ 50%] [32m[1mLinking CXX shared library libcbs_interfaces__rosidl_typesupport_cpp.so[0m
[ 51%] Built target cbs_interfaces__rosidl_typesupport_cpp
[35m[1mConsolidate compiler generated dependencies of target cbs_interfaces__rosidl_typesupport_introspection_c[0m
[35m[1mConsolidate compiler generated dependencies of target cbs_interfaces__rosidl_typesupport_c[0m
[ 52%] [32mBuilding C object CMakeFiles/cbs_interfaces__rosidl_typesupport_introspection_c.dir/rosidl_typesupport_introspection_c/cbs_interfaces/srv/detail/start_goal_pose_stamped__type_support.c.o[0m
[ 53%] [32mBuilding CXX object CMakeFiles/cbs_interfaces__rosidl_typesupport_c.dir/rosidl_typesupport_c/cbs_interfaces/srv/start_goal_pose_stamped__type_support.cpp.o[0m
[ 54%] [32mBuilding CXX object CMakeFiles/cbs_interfaces__rosidl_typesupport_c.dir/rosidl_typesupport_c/cbs_interfaces/srv/start_goal_positions__type_support.cpp.o[0m
[ 55%] [32mBuilding C object CMakeFiles/cbs_interfaces__rosidl_typesupport_introspection_c.dir/rosidl_typesupport_introspection_c/cbs_interfaces/srv/detail/start_goal_positions__type_support.c.o[0m
[ 56%] [32mBuilding CXX object CMakeFiles/cbs_interfaces__rosidl_typesupport_c.dir/rosidl_typesupport_c/cbs_interfaces/srv/computed_plans__type_support.cpp.o[0m
[ 57%] [32mBuilding C object CMakeFiles/cbs_interfaces__rosidl_typesupport_introspection_c.dir/rosidl_typesupport_introspection_c/cbs_interfaces/srv/detail/computed_plans__type_support.c.o[0m
[ 58%] [32mBuilding CXX object CMakeFiles/cbs_interfaces__rosidl_typesupport_c.dir/rosidl_typesupport_c/cbs_interfaces/msg/agent_path_request__type_support.cpp.o[0m
[ 59%] [32m[1mLinking CXX shared library libcbs_interfaces__rosidl_typesupport_fastrtps_c.so[0m
[ 60%] [32mBuilding CXX object CMakeFiles/cbs_interfaces__rosidl_typesupport_fastrtps_cpp.dir/rosidl_typesupport_fastrtps_cpp/cbs_interfaces/msg/detail/dds_fastrtps/start_goal__type_support.cpp.o[0m
[ 61%] [32mBuilding CXX object CMakeFiles/cbs_interfaces__rosidl_typesupport_c.dir/rosidl_typesupport_c/cbs_interfaces/msg/agent_path__type_support.cpp.o[0m
[ 62%] [32mBuilding C object CMakeFiles/cbs_interfaces__rosidl_typesupport_introspection_c.dir/rosidl_typesupport_introspection_c/cbs_interfaces/msg/detail/agent_path_request__type_support.c.o[0m
[ 63%] [32mBuilding CXX object CMakeFiles/cbs_interfaces__rosidl_typesupport_fastrtps_cpp.dir/rosidl_typesupport_fastrtps_cpp/cbs_interfaces/action/detail/dds_fastrtps/compute_path_to_pose_cbs__type_support.cpp.o[0m
[ 64%] [32mBuilding CXX object CMakeFiles/cbs_interfaces__rosidl_typesupport_c.dir/rosidl_typesupport_c/cbs_interfaces/msg/vertex_constraint__type_support.cpp.o[0m
[ 65%] [32m[1mLinking CXX shared library libcbs_interfaces__rosidl_typesupport_introspection_cpp.so[0m
[ 66%] [32mBuilding C object CMakeFiles/cbs_interfaces__rosidl_typesupport_introspection_c.dir/rosidl_typesupport_introspection_c/cbs_interfaces/msg/detail/agent_path__type_support.c.o[0m
[ 67%] Built target cbs_interfaces__rosidl_typesupport_fastrtps_c
[ 68%] [32mBuilding CXX object CMakeFiles/cbs_interfaces__rosidl_typesupport_c.dir/rosidl_typesupport_c/cbs_interfaces/msg/edge_constraint__type_support.cpp.o[0m
[ 69%] [32mBuilding CXX object CMakeFiles/cbs_interfaces__rosidl_typesupport_c.dir/rosidl_typesupport_c/cbs_interfaces/msg/coordinates3_d__type_support.cpp.o[0m
[ 70%] [32mBuilding C object CMakeFiles/cbs_interfaces__rosidl_typesupport_introspection_c.dir/rosidl_typesupport_introspection_c/cbs_interfaces/msg/detail/vertex_constraint__type_support.c.o[0m
[ 70%] [32mBuilding CXX object CMakeFiles/cbs_interfaces__rosidl_typesupport_c.dir/rosidl_typesupport_c/cbs_interfaces/msg/start_goal__type_support.cpp.o[0m
[ 71%] [32mBuilding CXX object CMakeFiles/cbs_interfaces__rosidl_typesupport_c.dir/rosidl_typesupport_c/cbs_interfaces/action/compute_path_to_pose_cbs__type_support.cpp.o[0m
[ 72%] [32mBuilding C object CMakeFiles/cbs_interfaces__rosidl_typesupport_introspection_c.dir/rosidl_typesupport_introspection_c/cbs_interfaces/msg/detail/edge_constraint__type_support.c.o[0m
[ 73%] [32mBuilding C object CMakeFiles/cbs_interfaces__rosidl_typesupport_introspection_c.dir/rosidl_typesupport_introspection_c/cbs_interfaces/msg/detail/coordinates3_d__type_support.c.o[0m
[ 74%] [32mBuilding C object CMakeFiles/cbs_interfaces__rosidl_typesupport_introspection_c.dir/rosidl_typesupport_introspection_c/cbs_interfaces/msg/detail/start_goal__type_support.c.o[0m
[ 75%] [32mBuilding C object CMakeFiles/cbs_interfaces__rosidl_typesupport_introspection_c.dir/rosidl_typesupport_introspection_c/cbs_interfaces/action/detail/compute_path_to_pose_cbs__type_support.c.o[0m
[ 76%] Built target cbs_interfaces__rosidl_typesupport_introspection_cpp
[ 77%] [32m[1mLinking CXX shared library libcbs_interfaces__rosidl_typesupport_c.so[0m
[ 78%] [32m[1mLinking C shared library libcbs_interfaces__rosidl_typesupport_introspection_c.so[0m
[ 79%] Built target cbs_interfaces__rosidl_typesupport_c
[ 80%] Built target cbs_interfaces__rosidl_typesupport_introspection_c
[ 81%] [32m[1mLinking CXX shared library libcbs_interfaces__rosidl_typesupport_fastrtps_cpp.so[0m
[ 82%] Built target cbs_interfaces__rosidl_typesupport_fastrtps_cpp
[ 82%] Built target cbs_interfaces
[ 83%] Built target cbs_interfaces__py
[35m[1mConsolidate compiler generated dependencies of target cbs_interfaces__rosidl_generator_py[0m
[ 84%] [32mBuilding C object CMakeFiles/cbs_interfaces__rosidl_generator_py.dir/rosidl_generator_py/cbs_interfaces/srv/_start_goal_pose_stamped_s.c.o[0m
[ 85%] [32mBuilding C object CMakeFiles/cbs_interfaces__rosidl_generator_py.dir/rosidl_generator_py/cbs_interfaces/srv/_start_goal_positions_s.c.o[0m
[ 86%] [32mBuilding C object CMakeFiles/cbs_interfaces__rosidl_generator_py.dir/rosidl_generator_py/cbs_interfaces/msg/_agent_path_s.c.o[0m
[ 88%] [32mBuilding C object CMakeFiles/cbs_interfaces__rosidl_generator_py.dir/rosidl_generator_py/cbs_interfaces/msg/_agent_path_request_s.c.o[0m
[ 88%] [32mBuilding C object CMakeFiles/cbs_interfaces__rosidl_generator_py.dir/rosidl_generator_py/cbs_interfaces/srv/_computed_plans_s.c.o[0m
[ 89%] [32mBuilding C object CMakeFiles/cbs_interfaces__rosidl_generator_py.dir/rosidl_generator_py/cbs_interfaces/msg/_vertex_constraint_s.c.o[0m
[ 90%] [32mBuilding C object CMakeFiles/cbs_interfaces__rosidl_generator_py.dir/rosidl_generator_py/cbs_interfaces/msg/_coordinates3_d_s.c.o[0m
[ 91%] [32mBuilding C object CMakeFiles/cbs_interfaces__rosidl_generator_py.dir/rosidl_generator_py/cbs_interfaces/msg/_edge_constraint_s.c.o[0m
[ 93%] [32mBuilding C object CMakeFiles/cbs_interfaces__rosidl_generator_py.dir/rosidl_generator_py/cbs_interfaces/action/_compute_path_to_pose_cbs_s.c.o[0m
[ 93%] [32mBuilding C object CMakeFiles/cbs_interfaces__rosidl_generator_py.dir/rosidl_generator_py/cbs_interfaces/msg/_start_goal_s.c.o[0m
[ 94%] [32m[1mLinking C shared library rosidl_generator_py/cbs_interfaces/libcbs_interfaces__rosidl_generator_py.so[0m
[ 94%] Built target cbs_interfaces__rosidl_generator_py
[35m[1mConsolidate compiler generated dependencies of target cbs_interfaces__rosidl_typesupport_c__pyext[0m
[35m[1mConsolidate compiler generated dependencies of target cbs_interfaces__rosidl_typesupport_introspection_c__pyext[0m
[35m[1mConsolidate compiler generated dependencies of target cbs_interfaces__rosidl_typesupport_fastrtps_c__pyext[0m
[ 97%] [32mBuilding C object CMakeFiles/cbs_interfaces__rosidl_typesupport_fastrtps_c__pyext.dir/rosidl_generator_py/cbs_interfaces/_cbs_interfaces_s.ep.rosidl_typesupport_fastrtps_c.c.o[0m
[ 97%] [32mBuilding C object CMakeFiles/cbs_interfaces__rosidl_typesupport_introspection_c__pyext.dir/rosidl_generator_py/cbs_interfaces/_cbs_interfaces_s.ep.rosidl_typesupport_introspection_c.c.o[0m
[ 97%] [32mBuilding C object CMakeFiles/cbs_interfaces__rosidl_typesupport_c__pyext.dir/rosidl_generator_py/cbs_interfaces/_cbs_interfaces_s.ep.rosidl_typesupport_c.c.o[0m
[100%] [32m[1mLinking C shared library rosidl_generator_py/cbs_interfaces/cbs_interfaces_s__rosidl_typesupport_c.cpython-310-x86_64-linux-gnu.so[0m
[100%] [32m[1mLinking C shared library rosidl_generator_py/cbs_interfaces/cbs_interfaces_s__rosidl_typesupport_introspection_c.cpython-310-x86_64-linux-gnu.so[0m
[100%] [32m[1mLinking C shared library rosidl_generator_py/cbs_interfaces/cbs_interfaces_s__rosidl_typesupport_fastrtps_c.cpython-310-x86_64-linux-gnu.so[0m
[100%] Built target cbs_interfaces__rosidl_typesupport_c__pyext
[100%] Built target cbs_interfaces__rosidl_typesupport_introspection_c__pyext
[100%] Built target cbs_interfaces__rosidl_typesupport_fastrtps_c__pyext
-- Install configuration: ""
-- Execute custom install script
-- Up-to-date symlink: /home/andrea/tesi/ros2_mapf_cbs/cbs_ros2_project/install/cbs_interfaces/share/ament_index/resource_index/rosidl_interfaces/cbs_interfaces
-- Up-to-date symlink: /home/andrea/tesi/ros2_mapf_cbs/cbs_ros2_project/install/cbs_interfaces/include/cbs_interfaces/cbs_interfaces/action/compute_path_to_pose_cbs.h
-- Up-to-date symlink: /home/andrea/tesi/ros2_mapf_cbs/cbs_ros2_project/install/cbs_interfaces/include/cbs_interfaces/cbs_interfaces/action/detail/compute_path_to_pose_cbs__functions.h
-- Up-to-date symlink: /home/andrea/tesi/ros2_mapf_cbs/cbs_ros2_project/install/cbs_interfaces/include/cbs_interfaces/cbs_interfaces/action/detail/compute_path_to_pose_cbs__struct.h
-- Up-to-date symlink: /home/andrea/tesi/ros2_mapf_cbs/cbs_ros2_project/install/cbs_interfaces/include/cbs_interfaces/cbs_interfaces/action/detail/compute_path_to_pose_cbs__type_support.h
-- Up-to-date symlink: /home/andrea/tesi/ros2_mapf_cbs/cbs_ros2_project/install/cbs_interfaces/include/cbs_interfaces/cbs_interfaces/msg/agent_path.h
-- Up-to-date symlink: /home/andrea/tesi/ros2_mapf_cbs/cbs_ros2_project/install/cbs_interfaces/include/cbs_interfaces/cbs_interfaces/msg/agent_path_request.h
-- Up-to-date symlink: /home/andrea/tesi/ros2_mapf_cbs/cbs_ros2_project/install/cbs_interfaces/include/cbs_interfaces/cbs_interfaces/msg/coordinates3_d.h
-- Up-to-date symlink: /home/andrea/tesi/ros2_mapf_cbs/cbs_ros2_project/install/cbs_interfaces/include/cbs_interfaces/cbs_interfaces/msg/detail/agent_path__functions.h
-- Up-to-date symlink: /home/andrea/tesi/ros2_mapf_cbs/cbs_ros2_project/install/cbs_interfaces/include/cbs_interfaces/cbs_interfaces/msg/detail/agent_path__struct.h
-- Up-to-date symlink: /home/andrea/tesi/ros2_mapf_cbs/cbs_ros2_project/install/cbs_interfaces/include/cbs_interfaces/cbs_interfaces/msg/detail/agent_path__type_support.h
-- Up-to-date symlink: /home/andrea/tesi/ros2_mapf_cbs/cbs_ros2_project/install/cbs_interfaces/include/cbs_interfaces/cbs_interfaces/msg/detail/agent_path_request__functions.h
-- Up-to-date symlink: /home/andrea/tesi/ros2_mapf_cbs/cbs_ros2_project/install/cbs_interfaces/include/cbs_interfaces/cbs_interfaces/msg/detail/agent_path_request__struct.h
-- Up-to-date symlink: /home/andrea/tesi/ros2_mapf_cbs/cbs_ros2_project/install/cbs_interfaces/include/cbs_interfaces/cbs_interfaces/msg/detail/agent_path_request__type_support.h
-- Up-to-date symlink: /home/andrea/tesi/ros2_mapf_cbs/cbs_ros2_project/install/cbs_interfaces/include/cbs_interfaces/cbs_interfaces/msg/detail/coordinates3_d__functions.h
-- Up-to-date symlink: /home/andrea/tesi/ros2_mapf_cbs/cbs_ros2_project/install/cbs_interfaces/include/cbs_interfaces/cbs_interfaces/msg/detail/coordinates3_d__struct.h
-- Up-to-date symlink: /home/andrea/tesi/ros2_mapf_cbs/cbs_ros2_project/install/cbs_interfaces/include/cbs_interfaces/cbs_interfaces/msg/detail/coordinates3_d__type_support.h
-- Up-to-date symlink: /home/andrea/tesi/ros2_mapf_cbs/cbs_ros2_project/install/cbs_interfaces/include/cbs_interfaces/cbs_interfaces/msg/detail/edge_constraint__functions.h
-- Up-to-date symlink: /home/andrea/tesi/ros2_mapf_cbs/cbs_ros2_project/install/cbs_interfaces/include/cbs_interfaces/cbs_interfaces/msg/detail/edge_constraint__struct.h
-- Up-to-date symlink: /home/andrea/tesi/ros2_mapf_cbs/cbs_ros2_project/install/cbs_interfaces/include/cbs_interfaces/cbs_interfaces/msg/detail/edge_constraint__type_support.h
-- Up-to-date symlink: /home/andrea/tesi/ros2_mapf_cbs/cbs_ros2_project/install/cbs_interfaces/include/cbs_interfaces/cbs_interfaces/msg/detail/start_goal__functions.h
-- Up-to-date symlink: /home/andrea/tesi/ros2_mapf_cbs/cbs_ros2_project/install/cbs_interfaces/include/cbs_interfaces/cbs_interfaces/msg/detail/start_goal__struct.h
-- Up-to-date symlink: /home/andrea/tesi/ros2_mapf_cbs/cbs_ros2_project/install/cbs_interfaces/include/cbs_interfaces/cbs_interfaces/msg/detail/start_goal__type_support.h
-- Up-to-date symlink: /home/andrea/tesi/ros2_mapf_cbs/cbs_ros2_project/install/cbs_interfaces/include/cbs_interfaces/cbs_interfaces/msg/detail/vertex_constraint__functions.h
-- Up-to-date symlink: /home/andrea/tesi/ros2_mapf_cbs/cbs_ros2_project/install/cbs_interfaces/include/cbs_interfaces/cbs_interfaces/msg/detail/vertex_constraint__struct.h
-- Up-to-date symlink: /home/andrea/tesi/ros2_mapf_cbs/cbs_ros2_project/install/cbs_interfaces/include/cbs_interfaces/cbs_interfaces/msg/detail/vertex_constraint__type_support.h
-- Up-to-date symlink: /home/andrea/tesi/ros2_mapf_cbs/cbs_ros2_project/install/cbs_interfaces/include/cbs_interfaces/cbs_interfaces/msg/edge_constraint.h
-- Up-to-date symlink: /home/andrea/tesi/ros2_mapf_cbs/cbs_ros2_project/install/cbs_interfaces/include/cbs_interfaces/cbs_interfaces/msg/rosidl_generator_c__visibility_control.h
-- Up-to-date symlink: /home/andrea/tesi/ros2_mapf_cbs/cbs_ros2_project/install/cbs_interfaces/include/cbs_interfaces/cbs_interfaces/msg/start_goal.h
-- Up-to-date symlink: /home/andrea/tesi/ros2_mapf_cbs/cbs_ros2_project/install/cbs_interfaces/include/cbs_interfaces/cbs_interfaces/msg/vertex_constraint.h
-- Up-to-date symlink: /home/andrea/tesi/ros2_mapf_cbs/cbs_ros2_project/install/cbs_interfaces/include/cbs_interfaces/cbs_interfaces/srv/computed_plans.h
-- Up-to-date symlink: /home/andrea/tesi/ros2_mapf_cbs/cbs_ros2_project/install/cbs_interfaces/include/cbs_interfaces/cbs_interfaces/srv/detail/computed_plans__functions.h
-- Up-to-date symlink: /home/andrea/tesi/ros2_mapf_cbs/cbs_ros2_project/install/cbs_interfaces/include/cbs_interfaces/cbs_interfaces/srv/detail/computed_plans__struct.h
-- Up-to-date symlink: /home/andrea/tesi/ros2_mapf_cbs/cbs_ros2_project/install/cbs_interfaces/include/cbs_interfaces/cbs_interfaces/srv/detail/computed_plans__type_support.h
-- Up-to-date symlink: /home/andrea/tesi/ros2_mapf_cbs/cbs_ros2_project/install/cbs_interfaces/include/cbs_interfaces/cbs_interfaces/srv/detail/start_goal_pose_stamped__functions.h
-- Up-to-date symlink: /home/andrea/tesi/ros2_mapf_cbs/cbs_ros2_project/install/cbs_interfaces/include/cbs_interfaces/cbs_interfaces/srv/detail/start_goal_pose_stamped__struct.h
-- Up-to-date symlink: /home/andrea/tesi/ros2_mapf_cbs/cbs_ros2_project/install/cbs_interfaces/include/cbs_interfaces/cbs_interfaces/srv/detail/start_goal_pose_stamped__type_support.h
-- Up-to-date symlink: /home/andrea/tesi/ros2_mapf_cbs/cbs_ros2_project/install/cbs_interfaces/include/cbs_interfaces/cbs_interfaces/srv/detail/start_goal_positions__functions.h
-- Up-to-date symlink: /home/andrea/tesi/ros2_mapf_cbs/cbs_ros2_project/install/cbs_interfaces/include/cbs_interfaces/cbs_interfaces/srv/detail/start_goal_positions__struct.h
-- Up-to-date symlink: /home/andrea/tesi/ros2_mapf_cbs/cbs_ros2_project/install/cbs_interfaces/include/cbs_interfaces/cbs_interfaces/srv/detail/start_goal_positions__type_support.h
-- Up-to-date symlink: /home/andrea/tesi/ros2_mapf_cbs/cbs_ros2_project/install/cbs_interfaces/include/cbs_interfaces/cbs_interfaces/srv/start_goal_pose_stamped.h
-- Up-to-date symlink: /home/andrea/tesi/ros2_mapf_cbs/cbs_ros2_project/install/cbs_interfaces/include/cbs_interfaces/cbs_interfaces/srv/start_goal_positions.h
-- Up-to-date symlink: /home/andrea/tesi/ros2_mapf_cbs/cbs_ros2_project/install/cbs_interfaces/share/cbs_interfaces/environment/library_path.sh
-- Up-to-date symlink: /home/andrea/tesi/ros2_mapf_cbs/cbs_ros2_project/install/cbs_interfaces/share/cbs_interfaces/environment/library_path.dsv
-- Up-to-date symlink: /home/andrea/tesi/ros2_mapf_cbs/cbs_ros2_project/install/cbs_interfaces/include/cbs_interfaces/cbs_interfaces/action/detail/compute_path_to_pose_cbs__rosidl_typesupport_fastrtps_c.h
-- Up-to-date symlink: /home/andrea/tesi/ros2_mapf_cbs/cbs_ros2_project/install/cbs_interfaces/include/cbs_interfaces/cbs_interfaces/msg/detail/agent_path__rosidl_typesupport_fastrtps_c.h
-- Up-to-date symlink: /home/andrea/tesi/ros2_mapf_cbs/cbs_ros2_project/install/cbs_interfaces/include/cbs_interfaces/cbs_interfaces/msg/detail/agent_path_request__rosidl_typesupport_fastrtps_c.h
-- Up-to-date symlink: /home/andrea/tesi/ros2_mapf_cbs/cbs_ros2_project/install/cbs_interfaces/include/cbs_interfaces/cbs_interfaces/msg/detail/coordinates3_d__rosidl_typesupport_fastrtps_c.h
-- Up-to-date symlink: /home/andrea/tesi/ros2_mapf_cbs/cbs_ros2_project/install/cbs_interfaces/include/cbs_interfaces/cbs_interfaces/msg/detail/edge_constraint__rosidl_typesupport_fastrtps_c.h
-- Up-to-date symlink: /home/andrea/tesi/ros2_mapf_cbs/cbs_ros2_project/install/cbs_interfaces/include/cbs_interfaces/cbs_interfaces/msg/detail/start_goal__rosidl_typesupport_fastrtps_c.h
-- Up-to-date symlink: /home/andrea/tesi/ros2_mapf_cbs/cbs_ros2_project/install/cbs_interfaces/include/cbs_interfaces/cbs_interfaces/msg/detail/vertex_constraint__rosidl_typesupport_fastrtps_c.h
-- Up-to-date symlink: /home/andrea/tesi/ros2_mapf_cbs/cbs_ros2_project/install/cbs_interfaces/include/cbs_interfaces/cbs_interfaces/msg/rosidl_typesupport_fastrtps_c__visibility_control.h
-- Up-to-date symlink: /home/andrea/tesi/ros2_mapf_cbs/cbs_ros2_project/install/cbs_interfaces/include/cbs_interfaces/cbs_interfaces/srv/detail/computed_plans__rosidl_typesupport_fastrtps_c.h
-- Up-to-date symlink: /home/andrea/tesi/ros2_mapf_cbs/cbs_ros2_project/install/cbs_interfaces/include/cbs_interfaces/cbs_interfaces/srv/detail/start_goal_pose_stamped__rosidl_typesupport_fastrtps_c.h
-- Up-to-date symlink: /home/andrea/tesi/ros2_mapf_cbs/cbs_ros2_project/install/cbs_interfaces/include/cbs_interfaces/cbs_interfaces/srv/detail/start_goal_positions__rosidl_typesupport_fastrtps_c.h
-- Up-to-date symlink: /home/andrea/tesi/ros2_mapf_cbs/cbs_ros2_project/install/cbs_interfaces/include/cbs_interfaces/cbs_interfaces/action/compute_path_to_pose_cbs.hpp
-- Up-to-date symlink: /home/andrea/tesi/ros2_mapf_cbs/cbs_ros2_project/install/cbs_interfaces/include/cbs_interfaces/cbs_interfaces/action/detail/compute_path_to_pose_cbs__builder.hpp
-- Up-to-date symlink: /home/andrea/tesi/ros2_mapf_cbs/cbs_ros2_project/install/cbs_interfaces/include/cbs_interfaces/cbs_interfaces/action/detail/compute_path_to_pose_cbs__struct.hpp
-- Up-to-date symlink: /home/andrea/tesi/ros2_mapf_cbs/cbs_ros2_project/install/cbs_interfaces/include/cbs_interfaces/cbs_interfaces/action/detail/compute_path_to_pose_cbs__traits.hpp
-- Up-to-date symlink: /home/andrea/tesi/ros2_mapf_cbs/cbs_ros2_project/install/cbs_interfaces/include/cbs_interfaces/cbs_interfaces/msg/agent_path.hpp
-- Up-to-date symlink: /home/andrea/tesi/ros2_mapf_cbs/cbs_ros2_project/install/cbs_interfaces/include/cbs_interfaces/cbs_interfaces/msg/agent_path_request.hpp
-- Up-to-date symlink: /home/andrea/tesi/ros2_mapf_cbs/cbs_ros2_project/install/cbs_interfaces/include/cbs_interfaces/cbs_interfaces/msg/coordinates3_d.hpp
-- Up-to-date symlink: /home/andrea/tesi/ros2_mapf_cbs/cbs_ros2_project/install/cbs_interfaces/include/cbs_interfaces/cbs_interfaces/msg/detail/agent_path__builder.hpp
-- Up-to-date symlink: /home/andrea/tesi/ros2_mapf_cbs/cbs_ros2_project/install/cbs_interfaces/include/cbs_interfaces/cbs_interfaces/msg/detail/agent_path__struct.hpp
-- Up-to-date symlink: /home/andrea/tesi/ros2_mapf_cbs/cbs_ros2_project/install/cbs_interfaces/include/cbs_interfaces/cbs_interfaces/msg/detail/agent_path__traits.hpp
-- Up-to-date symlink: /home/andrea/tesi/ros2_mapf_cbs/cbs_ros2_project/install/cbs_interfaces/include/cbs_interfaces/cbs_interfaces/msg/detail/agent_path_request__builder.hpp
-- Up-to-date symlink: /home/andrea/tesi/ros2_mapf_cbs/cbs_ros2_project/install/cbs_interfaces/include/cbs_interfaces/cbs_interfaces/msg/detail/agent_path_request__struct.hpp
-- Up-to-date symlink: /home/andrea/tesi/ros2_mapf_cbs/cbs_ros2_project/install/cbs_interfaces/include/cbs_interfaces/cbs_interfaces/msg/detail/agent_path_request__traits.hpp
-- Up-to-date symlink: /home/andrea/tesi/ros2_mapf_cbs/cbs_ros2_project/install/cbs_interfaces/include/cbs_interfaces/cbs_interfaces/msg/detail/coordinates3_d__builder.hpp
-- Up-to-date symlink: /home/andrea/tesi/ros2_mapf_cbs/cbs_ros2_project/install/cbs_interfaces/include/cbs_interfaces/cbs_interfaces/msg/detail/coordinates3_d__struct.hpp
-- Up-to-date symlink: /home/andrea/tesi/ros2_mapf_cbs/cbs_ros2_project/install/cbs_interfaces/include/cbs_interfaces/cbs_interfaces/msg/detail/coordinates3_d__traits.hpp
-- Up-to-date symlink: /home/andrea/tesi/ros2_mapf_cbs/cbs_ros2_project/install/cbs_interfaces/include/cbs_interfaces/cbs_interfaces/msg/detail/edge_constraint__builder.hpp
-- Up-to-date symlink: /home/andrea/tesi/ros2_mapf_cbs/cbs_ros2_project/install/cbs_interfaces/include/cbs_interfaces/cbs_interfaces/msg/detail/edge_constraint__struct.hpp
-- Up-to-date symlink: /home/andrea/tesi/ros2_mapf_cbs/cbs_ros2_project/install/cbs_interfaces/include/cbs_interfaces/cbs_interfaces/msg/detail/edge_constraint__traits.hpp
-- Up-to-date symlink: /home/andrea/tesi/ros2_mapf_cbs/cbs_ros2_project/install/cbs_interfaces/include/cbs_interfaces/cbs_interfaces/msg/detail/start_goal__builder.hpp
-- Up-to-date symlink: /home/andrea/tesi/ros2_mapf_cbs/cbs_ros2_project/install/cbs_interfaces/include/cbs_interfaces/cbs_interfaces/msg/detail/start_goal__struct.hpp
-- Up-to-date symlink: /home/andrea/tesi/ros2_mapf_cbs/cbs_ros2_project/install/cbs_interfaces/include/cbs_interfaces/cbs_interfaces/msg/detail/start_goal__traits.hpp
-- Up-to-date symlink: /home/andrea/tesi/ros2_mapf_cbs/cbs_ros2_project/install/cbs_interfaces/include/cbs_interfaces/cbs_interfaces/msg/detail/vertex_constraint__builder.hpp
-- Up-to-date symlink: /home/andrea/tesi/ros2_mapf_cbs/cbs_ros2_project/install/cbs_interfaces/include/cbs_interfaces/cbs_interfaces/msg/detail/vertex_constraint__struct.hpp
-- Up-to-date symlink: /home/andrea/tesi/ros2_mapf_cbs/cbs_ros2_project/install/cbs_interfaces/include/cbs_interfaces/cbs_interfaces/msg/detail/vertex_constraint__traits.hpp
-- Up-to-date symlink: /home/andrea/tesi/ros2_mapf_cbs/cbs_ros2_project/install/cbs_interfaces/include/cbs_interfaces/cbs_interfaces/msg/edge_constraint.hpp
-- Up-to-date symlink: /home/andrea/tesi/ros2_mapf_cbs/cbs_ros2_project/install/cbs_interfaces/include/cbs_interfaces/cbs_interfaces/msg/start_goal.hpp
-- Up-to-date symlink: /home/andrea/tesi/ros2_mapf_cbs/cbs_ros2_project/install/cbs_interfaces/include/cbs_interfaces/cbs_interfaces/msg/vertex_constraint.hpp
-- Up-to-date symlink: /home/andrea/tesi/ros2_mapf_cbs/cbs_ros2_project/install/cbs_interfaces/include/cbs_interfaces/cbs_interfaces/srv/computed_plans.hpp
-- Up-to-date symlink: /home/andrea/tesi/ros2_mapf_cbs/cbs_ros2_project/install/cbs_interfaces/include/cbs_interfaces/cbs_interfaces/srv/detail/computed_plans__builder.hpp
-- Up-to-date symlink: /home/andrea/tesi/ros2_mapf_cbs/cbs_ros2_project/install/cbs_interfaces/include/cbs_interfaces/cbs_interfaces/srv/detail/computed_plans__struct.hpp
-- Up-to-date symlink: /home/andrea/tesi/ros2_mapf_cbs/cbs_ros2_project/install/cbs_interfaces/include/cbs_interfaces/cbs_interfaces/srv/detail/computed_plans__traits.hpp
-- Up-to-date symlink: /home/andrea/tesi/ros2_mapf_cbs/cbs_ros2_project/install/cbs_interfaces/include/cbs_interfaces/cbs_interfaces/srv/detail/start_goal_pose_stamped__builder.hpp
-- Up-to-date symlink: /home/andrea/tesi/ros2_mapf_cbs/cbs_ros2_project/install/cbs_interfaces/include/cbs_interfaces/cbs_interfaces/srv/detail/start_goal_pose_stamped__struct.hpp
-- Up-to-date symlink: /home/andrea/tesi/ros2_mapf_cbs/cbs_ros2_project/install/cbs_interfaces/include/cbs_interfaces/cbs_interfaces/srv/detail/start_goal_pose_stamped__traits.hpp
-- Up-to-date symlink: /home/andrea/tesi/ros2_mapf_cbs/cbs_ros2_project/install/cbs_interfaces/include/cbs_interfaces/cbs_interfaces/srv/detail/start_goal_positions__builder.hpp
-- Up-to-date symlink: /home/andrea/tesi/ros2_mapf_cbs/cbs_ros2_project/install/cbs_interfaces/include/cbs_interfaces/cbs_interfaces/srv/detail/start_goal_positions__struct.hpp
-- Up-to-date symlink: /home/andrea/tesi/ros2_mapf_cbs/cbs_ros2_project/install/cbs_interfaces/include/cbs_interfaces/cbs_interfaces/srv/detail/start_goal_positions__traits.hpp
-- Up-to-date symlink: /home/andrea/tesi/ros2_mapf_cbs/cbs_ros2_project/install/cbs_interfaces/include/cbs_interfaces/cbs_interfaces/srv/start_goal_pose_stamped.hpp
-- Up-to-date symlink: /home/andrea/tesi/ros2_mapf_cbs/cbs_ros2_project/install/cbs_interfaces/include/cbs_interfaces/cbs_interfaces/srv/start_goal_positions.hpp
-- Up-to-date symlink: /home/andrea/tesi/ros2_mapf_cbs/cbs_ros2_project/install/cbs_interfaces/include/cbs_interfaces/cbs_interfaces/action/detail/compute_path_to_pose_cbs__rosidl_typesupport_fastrtps_cpp.hpp
-- Up-to-date symlink: /home/andrea/tesi/ros2_mapf_cbs/cbs_ros2_project/install/cbs_interfaces/include/cbs_interfaces/cbs_interfaces/msg/detail/agent_path__rosidl_typesupport_fastrtps_cpp.hpp
-- Up-to-date symlink: /home/andrea/tesi/ros2_mapf_cbs/cbs_ros2_project/install/cbs_interfaces/include/cbs_interfaces/cbs_interfaces/msg/detail/agent_path_request__rosidl_typesupport_fastrtps_cpp.hpp
-- Up-to-date symlink: /home/andrea/tesi/ros2_mapf_cbs/cbs_ros2_project/install/cbs_interfaces/include/cbs_interfaces/cbs_interfaces/msg/detail/coordinates3_d__rosidl_typesupport_fastrtps_cpp.hpp
-- Up-to-date symlink: /home/andrea/tesi/ros2_mapf_cbs/cbs_ros2_project/install/cbs_interfaces/include/cbs_interfaces/cbs_interfaces/msg/detail/edge_constraint__rosidl_typesupport_fastrtps_cpp.hpp
-- Up-to-date symlink: /home/andrea/tesi/ros2_mapf_cbs/cbs_ros2_project/install/cbs_interfaces/include/cbs_interfaces/cbs_interfaces/msg/detail/start_goal__rosidl_typesupport_fastrtps_cpp.hpp
-- Up-to-date symlink: /home/andrea/tesi/ros2_mapf_cbs/cbs_ros2_project/install/cbs_interfaces/include/cbs_interfaces/cbs_interfaces/msg/detail/vertex_constraint__rosidl_typesupport_fastrtps_cpp.hpp
-- Up-to-date symlink: /home/andrea/tesi/ros2_mapf_cbs/cbs_ros2_project/install/cbs_interfaces/include/cbs_interfaces/cbs_interfaces/msg/rosidl_typesupport_fastrtps_cpp__visibility_control.h
-- Up-to-date symlink: /home/andrea/tesi/ros2_mapf_cbs/cbs_ros2_project/install/cbs_interfaces/include/cbs_interfaces/cbs_interfaces/srv/detail/computed_plans__rosidl_typesupport_fastrtps_cpp.hpp
-- Up-to-date symlink: /home/andrea/tesi/ros2_mapf_cbs/cbs_ros2_project/install/cbs_interfaces/include/cbs_interfaces/cbs_interfaces/srv/detail/start_goal_pose_stamped__rosidl_typesupport_fastrtps_cpp.hpp
-- Up-to-date symlink: /home/andrea/tesi/ros2_mapf_cbs/cbs_ros2_project/install/cbs_interfaces/include/cbs_interfaces/cbs_interfaces/srv/detail/start_goal_positions__rosidl_typesupport_fastrtps_cpp.hpp
-- Up-to-date symlink: /home/andrea/tesi/ros2_mapf_cbs/cbs_ros2_project/install/cbs_interfaces/include/cbs_interfaces/cbs_interfaces/action/detail/compute_path_to_pose_cbs__rosidl_typesupport_introspection_c.h
-- Up-to-date symlink: /home/andrea/tesi/ros2_mapf_cbs/cbs_ros2_project/install/cbs_interfaces/include/cbs_interfaces/cbs_interfaces/msg/detail/agent_path__rosidl_typesupport_introspection_c.h
-- Up-to-date symlink: /home/andrea/tesi/ros2_mapf_cbs/cbs_ros2_project/install/cbs_interfaces/include/cbs_interfaces/cbs_interfaces/msg/detail/agent_path_request__rosidl_typesupport_introspection_c.h
-- Up-to-date symlink: /home/andrea/tesi/ros2_mapf_cbs/cbs_ros2_project/install/cbs_interfaces/include/cbs_interfaces/cbs_interfaces/msg/detail/coordinates3_d__rosidl_typesupport_introspection_c.h
-- Up-to-date symlink: /home/andrea/tesi/ros2_mapf_cbs/cbs_ros2_project/install/cbs_interfaces/include/cbs_interfaces/cbs_interfaces/msg/detail/edge_constraint__rosidl_typesupport_introspection_c.h
-- Up-to-date symlink: /home/andrea/tesi/ros2_mapf_cbs/cbs_ros2_project/install/cbs_interfaces/include/cbs_interfaces/cbs_interfaces/msg/detail/start_goal__rosidl_typesupport_introspection_c.h
-- Up-to-date symlink: /home/andrea/tesi/ros2_mapf_cbs/cbs_ros2_project/install/cbs_interfaces/include/cbs_interfaces/cbs_interfaces/msg/detail/vertex_constraint__rosidl_typesupport_introspection_c.h
-- Up-to-date symlink: /home/andrea/tesi/ros2_mapf_cbs/cbs_ros2_project/install/cbs_interfaces/include/cbs_interfaces/cbs_interfaces/msg/rosidl_typesupport_introspection_c__visibility_control.h
-- Up-to-date symlink: /home/andrea/tesi/ros2_mapf_cbs/cbs_ros2_project/install/cbs_interfaces/include/cbs_interfaces/cbs_interfaces/srv/detail/computed_plans__rosidl_typesupport_introspection_c.h
-- Up-to-date symlink: /home/andrea/tesi/ros2_mapf_cbs/cbs_ros2_project/install/cbs_interfaces/include/cbs_interfaces/cbs_interfaces/srv/detail/start_goal_pose_stamped__rosidl_typesupport_introspection_c.h
-- Up-to-date symlink: /home/andrea/tesi/ros2_mapf_cbs/cbs_ros2_project/install/cbs_interfaces/include/cbs_interfaces/cbs_interfaces/srv/detail/start_goal_positions__rosidl_typesupport_introspection_c.h
-- Up-to-date symlink: /home/andrea/tesi/ros2_mapf_cbs/cbs_ros2_project/install/cbs_interfaces/include/cbs_interfaces/cbs_interfaces/action/detail/compute_path_to_pose_cbs__rosidl_typesupport_introspection_cpp.hpp
-- Up-to-date symlink: /home/andrea/tesi/ros2_mapf_cbs/cbs_ros2_project/install/cbs_interfaces/include/cbs_interfaces/cbs_interfaces/msg/detail/agent_path__rosidl_typesupport_introspection_cpp.hpp
-- Up-to-date symlink: /home/andrea/tesi/ros2_mapf_cbs/cbs_ros2_project/install/cbs_interfaces/include/cbs_interfaces/cbs_interfaces/msg/detail/agent_path_request__rosidl_typesupport_introspection_cpp.hpp
-- Up-to-date symlink: /home/andrea/tesi/ros2_mapf_cbs/cbs_ros2_project/install/cbs_interfaces/include/cbs_interfaces/cbs_interfaces/msg/detail/coordinates3_d__rosidl_typesupport_introspection_cpp.hpp
-- Up-to-date symlink: /home/andrea/tesi/ros2_mapf_cbs/cbs_ros2_project/install/cbs_interfaces/include/cbs_interfaces/cbs_interfaces/msg/detail/edge_constraint__rosidl_typesupport_introspection_cpp.hpp
-- Up-to-date symlink: /home/andrea/tesi/ros2_mapf_cbs/cbs_ros2_project/install/cbs_interfaces/include/cbs_interfaces/cbs_interfaces/msg/detail/start_goal__rosidl_typesupport_introspection_cpp.hpp
-- Up-to-date symlink: /home/andrea/tesi/ros2_mapf_cbs/cbs_ros2_project/install/cbs_interfaces/include/cbs_interfaces/cbs_interfaces/msg/detail/vertex_constraint__rosidl_typesupport_introspection_cpp.hpp
-- Up-to-date symlink: /home/andrea/tesi/ros2_mapf_cbs/cbs_ros2_project/install/cbs_interfaces/include/cbs_interfaces/cbs_interfaces/srv/detail/computed_plans__rosidl_typesupport_introspection_cpp.hpp
-- Up-to-date symlink: /home/andrea/tesi/ros2_mapf_cbs/cbs_ros2_project/install/cbs_interfaces/include/cbs_interfaces/cbs_interfaces/srv/detail/start_goal_pose_stamped__rosidl_typesupport_introspection_cpp.hpp
-- Up-to-date symlink: /home/andrea/tesi/ros2_mapf_cbs/cbs_ros2_project/install/cbs_interfaces/include/cbs_interfaces/cbs_interfaces/srv/detail/start_goal_positions__rosidl_typesupport_introspection_cpp.hpp
-- Up-to-date symlink: /home/andrea/tesi/ros2_mapf_cbs/cbs_ros2_project/install/cbs_interfaces/share/cbs_interfaces/environment/pythonpath.sh
-- Up-to-date symlink: /home/andrea/tesi/ros2_mapf_cbs/cbs_ros2_project/install/cbs_interfaces/share/cbs_interfaces/environment/pythonpath.dsv
-- Up-to-date symlink: /home/andrea/tesi/ros2_mapf_cbs/cbs_ros2_project/install/cbs_interfaces/local/lib/python3.10/dist-packages/cbs_interfaces-0.0.0-py3.10.egg-info/PKG-INFO
-- Up-to-date symlink: /home/andrea/tesi/ros2_mapf_cbs/cbs_ros2_project/install/cbs_interfaces/local/lib/python3.10/dist-packages/cbs_interfaces-0.0.0-py3.10.egg-info/SOURCES.txt
-- Up-to-date symlink: /home/andrea/tesi/ros2_mapf_cbs/cbs_ros2_project/install/cbs_interfaces/local/lib/python3.10/dist-packages/cbs_interfaces-0.0.0-py3.10.egg-info/dependency_links.txt
-- Up-to-date symlink: /home/andrea/tesi/ros2_mapf_cbs/cbs_ros2_project/install/cbs_interfaces/local/lib/python3.10/dist-packages/cbs_interfaces-0.0.0-py3.10.egg-info/top_level.txt
-- Up-to-date symlink: /home/andrea/tesi/ros2_mapf_cbs/cbs_ros2_project/install/cbs_interfaces/local/lib/python3.10/dist-packages/cbs_interfaces/__init__.py
-- Up-to-date symlink: /home/andrea/tesi/ros2_mapf_cbs/cbs_ros2_project/install/cbs_interfaces/local/lib/python3.10/dist-packages/cbs_interfaces/_cbs_interfaces_s.ep.rosidl_typesupport_c.c
-- Up-to-date symlink: /home/andrea/tesi/ros2_mapf_cbs/cbs_ros2_project/install/cbs_interfaces/local/lib/python3.10/dist-packages/cbs_interfaces/_cbs_interfaces_s.ep.rosidl_typesupport_fastrtps_c.c
-- Up-to-date symlink: /home/andrea/tesi/ros2_mapf_cbs/cbs_ros2_project/install/cbs_interfaces/local/lib/python3.10/dist-packages/cbs_interfaces/_cbs_interfaces_s.ep.rosidl_typesupport_introspection_c.c
-- Up-to-date symlink: /home/andrea/tesi/ros2_mapf_cbs/cbs_ros2_project/install/cbs_interfaces/local/lib/python3.10/dist-packages/cbs_interfaces/action/__init__.py
-- Up-to-date symlink: /home/andrea/tesi/ros2_mapf_cbs/cbs_ros2_project/install/cbs_interfaces/local/lib/python3.10/dist-packages/cbs_interfaces/action/_compute_path_to_pose_cbs.py
-- Up-to-date symlink: /home/andrea/tesi/ros2_mapf_cbs/cbs_ros2_project/install/cbs_interfaces/local/lib/python3.10/dist-packages/cbs_interfaces/action/_compute_path_to_pose_cbs_s.c
-- Up-to-date symlink: /home/andrea/tesi/ros2_mapf_cbs/cbs_ros2_project/install/cbs_interfaces/local/lib/python3.10/dist-packages/cbs_interfaces/cbs_interfaces_s__rosidl_typesupport_c.cpython-310-x86_64-linux-gnu.so
-- Up-to-date symlink: /home/andrea/tesi/ros2_mapf_cbs/cbs_ros2_project/install/cbs_interfaces/local/lib/python3.10/dist-packages/cbs_interfaces/cbs_interfaces_s__rosidl_typesupport_fastrtps_c.cpython-310-x86_64-linux-gnu.so
-- Up-to-date symlink: /home/andrea/tesi/ros2_mapf_cbs/cbs_ros2_project/install/cbs_interfaces/local/lib/python3.10/dist-packages/cbs_interfaces/cbs_interfaces_s__rosidl_typesupport_introspection_c.cpython-310-x86_64-linux-gnu.so
-- Up-to-date symlink: /home/andrea/tesi/ros2_mapf_cbs/cbs_ros2_project/install/cbs_interfaces/local/lib/python3.10/dist-packages/cbs_interfaces/libcbs_interfaces__rosidl_generator_py.so
-- Up-to-date symlink: /home/andrea/tesi/ros2_mapf_cbs/cbs_ros2_project/install/cbs_interfaces/local/lib/python3.10/dist-packages/cbs_interfaces/msg/__init__.py
-- Up-to-date symlink: /home/andrea/tesi/ros2_mapf_cbs/cbs_ros2_project/install/cbs_interfaces/local/lib/python3.10/dist-packages/cbs_interfaces/msg/_agent_path.py
-- Up-to-date symlink: /home/andrea/tesi/ros2_mapf_cbs/cbs_ros2_project/install/cbs_interfaces/local/lib/python3.10/dist-packages/cbs_interfaces/msg/_agent_path_request.py
-- Up-to-date symlink: /home/andrea/tesi/ros2_mapf_cbs/cbs_ros2_project/install/cbs_interfaces/local/lib/python3.10/dist-packages/cbs_interfaces/msg/_agent_path_request_s.c
-- Up-to-date symlink: /home/andrea/tesi/ros2_mapf_cbs/cbs_ros2_project/install/cbs_interfaces/local/lib/python3.10/dist-packages/cbs_interfaces/msg/_agent_path_s.c
-- Up-to-date symlink: /home/andrea/tesi/ros2_mapf_cbs/cbs_ros2_project/install/cbs_interfaces/local/lib/python3.10/dist-packages/cbs_interfaces/msg/_coordinates3_d.py
-- Up-to-date symlink: /home/andrea/tesi/ros2_mapf_cbs/cbs_ros2_project/install/cbs_interfaces/local/lib/python3.10/dist-packages/cbs_interfaces/msg/_coordinates3_d_s.c
-- Up-to-date symlink: /home/andrea/tesi/ros2_mapf_cbs/cbs_ros2_project/install/cbs_interfaces/local/lib/python3.10/dist-packages/cbs_interfaces/msg/_edge_constraint.py
-- Up-to-date symlink: /home/andrea/tesi/ros2_mapf_cbs/cbs_ros2_project/install/cbs_interfaces/local/lib/python3.10/dist-packages/cbs_interfaces/msg/_edge_constraint_s.c
-- Up-to-date symlink: /home/andrea/tesi/ros2_mapf_cbs/cbs_ros2_project/install/cbs_interfaces/local/lib/python3.10/dist-packages/cbs_interfaces/msg/_start_goal.py
-- Up-to-date symlink: /home/andrea/tesi/ros2_mapf_cbs/cbs_ros2_project/install/cbs_interfaces/local/lib/python3.10/dist-packages/cbs_interfaces/msg/_start_goal_s.c
-- Up-to-date symlink: /home/andrea/tesi/ros2_mapf_cbs/cbs_ros2_project/install/cbs_interfaces/local/lib/python3.10/dist-packages/cbs_interfaces/msg/_vertex_constraint.py
-- Up-to-date symlink: /home/andrea/tesi/ros2_mapf_cbs/cbs_ros2_project/install/cbs_interfaces/local/lib/python3.10/dist-packages/cbs_interfaces/msg/_vertex_constraint_s.c
-- Up-to-date symlink: /home/andrea/tesi/ros2_mapf_cbs/cbs_ros2_project/install/cbs_interfaces/local/lib/python3.10/dist-packages/cbs_interfaces/srv/__init__.py
-- Up-to-date symlink: /home/andrea/tesi/ros2_mapf_cbs/cbs_ros2_project/install/cbs_interfaces/local/lib/python3.10/dist-packages/cbs_interfaces/srv/_computed_plans.py
-- Up-to-date symlink: /home/andrea/tesi/ros2_mapf_cbs/cbs_ros2_project/install/cbs_interfaces/local/lib/python3.10/dist-packages/cbs_interfaces/srv/_computed_plans_s.c
-- Up-to-date symlink: /home/andrea/tesi/ros2_mapf_cbs/cbs_ros2_project/install/cbs_interfaces/local/lib/python3.10/dist-packages/cbs_interfaces/srv/_start_goal_pose_stamped.py
-- Up-to-date symlink: /home/andrea/tesi/ros2_mapf_cbs/cbs_ros2_project/install/cbs_interfaces/local/lib/python3.10/dist-packages/cbs_interfaces/srv/_start_goal_pose_stamped_s.c
-- Up-to-date symlink: /home/andrea/tesi/ros2_mapf_cbs/cbs_ros2_project/install/cbs_interfaces/local/lib/python3.10/dist-packages/cbs_interfaces/srv/_start_goal_positions.py
-- Up-to-date symlink: /home/andrea/tesi/ros2_mapf_cbs/cbs_ros2_project/install/cbs_interfaces/local/lib/python3.10/dist-packages/cbs_interfaces/srv/_start_goal_positions_s.c
-- Up-to-date symlink: /home/andrea/tesi/ros2_mapf_cbs/cbs_ros2_project/install/cbs_interfaces/local/lib/python3.10/dist-packages/cbs_interfaces/cbs_interfaces_s__rosidl_typesupport_fastrtps_c.cpython-310-x86_64-linux-gnu.so
-- Up-to-date symlink: /home/andrea/tesi/ros2_mapf_cbs/cbs_ros2_project/install/cbs_interfaces/local/lib/python3.10/dist-packages/cbs_interfaces/cbs_interfaces_s__rosidl_typesupport_introspection_c.cpython-310-x86_64-linux-gnu.so
-- Up-to-date symlink: /home/andrea/tesi/ros2_mapf_cbs/cbs_ros2_project/install/cbs_interfaces/local/lib/python3.10/dist-packages/cbs_interfaces/cbs_interfaces_s__rosidl_typesupport_c.cpython-310-x86_64-linux-gnu.so
-- Up-to-date symlink: /home/andrea/tesi/ros2_mapf_cbs/cbs_ros2_project/install/cbs_interfaces/share/cbs_interfaces/srv/StartGoalPoseStamped.idl
-- Up-to-date symlink: /home/andrea/tesi/ros2_mapf_cbs/cbs_ros2_project/install/cbs_interfaces/share/cbs_interfaces/srv/StartGoalPositions.idl
-- Up-to-date symlink: /home/andrea/tesi/ros2_mapf_cbs/cbs_ros2_project/install/cbs_interfaces/share/cbs_interfaces/srv/ComputedPlans.idl
-- Up-to-date symlink: /home/andrea/tesi/ros2_mapf_cbs/cbs_ros2_project/install/cbs_interfaces/share/cbs_interfaces/msg/AgentPathRequest.idl
-- Up-to-date symlink: /home/andrea/tesi/ros2_mapf_cbs/cbs_ros2_project/install/cbs_interfaces/share/cbs_interfaces/msg/AgentPath.idl
-- Up-to-date symlink: /home/andrea/tesi/ros2_mapf_cbs/cbs_ros2_project/install/cbs_interfaces/share/cbs_interfaces/msg/VertexConstraint.idl
-- Up-to-date symlink: /home/andrea/tesi/ros2_mapf_cbs/cbs_ros2_project/install/cbs_interfaces/share/cbs_interfaces/msg/EdgeConstraint.idl
-- Up-to-date symlink: /home/andrea/tesi/ros2_mapf_cbs/cbs_ros2_project/install/cbs_interfaces/share/cbs_interfaces/msg/Coordinates3D.idl
-- Up-to-date symlink: /home/andrea/tesi/ros2_mapf_cbs/cbs_ros2_project/install/cbs_interfaces/share/cbs_interfaces/msg/StartGoal.idl
-- Up-to-date symlink: /home/andrea/tesi/ros2_mapf_cbs/cbs_ros2_project/install/cbs_interfaces/share/cbs_interfaces/action/ComputePathToPoseCBS.idl
-- Up-to-date symlink: /home/andrea/tesi/ros2_mapf_cbs/cbs_ros2_project/install/cbs_interfaces/share/cbs_interfaces/srv/StartGoalPoseStamped.srv
-- Up-to-date symlink: /home/andrea/tesi/ros2_mapf_cbs/cbs_ros2_project/install/cbs_interfaces/share/cbs_interfaces/srv/StartGoalPoseStamped_Request.msg
-- Up-to-date symlink: /home/andrea/tesi/ros2_mapf_cbs/cbs_ros2_project/install/cbs_interfaces/share/cbs_interfaces/srv/StartGoalPoseStamped_Response.msg
-- Up-to-date symlink: /home/andrea/tesi/ros2_mapf_cbs/cbs_ros2_project/install/cbs_interfaces/share/cbs_interfaces/srv/StartGoalPositions.srv
-- Up-to-date symlink: /home/andrea/tesi/ros2_mapf_cbs/cbs_ros2_project/install/cbs_interfaces/share/cbs_interfaces/srv/StartGoalPositions_Request.msg
-- Up-to-date symlink: /home/andrea/tesi/ros2_mapf_cbs/cbs_ros2_project/install/cbs_interfaces/share/cbs_interfaces/srv/StartGoalPositions_Response.msg
-- Up-to-date symlink: /home/andrea/tesi/ros2_mapf_cbs/cbs_ros2_project/install/cbs_interfaces/share/cbs_interfaces/srv/ComputedPlans.srv
-- Up-to-date symlink: /home/andrea/tesi/ros2_mapf_cbs/cbs_ros2_project/install/cbs_interfaces/share/cbs_interfaces/srv/ComputedPlans_Request.msg
-- Up-to-date symlink: /home/andrea/tesi/ros2_mapf_cbs/cbs_ros2_project/install/cbs_interfaces/share/cbs_interfaces/srv/ComputedPlans_Response.msg
-- Up-to-date symlink: /home/andrea/tesi/ros2_mapf_cbs/cbs_ros2_project/install/cbs_interfaces/share/cbs_interfaces/msg/AgentPathRequest.msg
-- Up-to-date symlink: /home/andrea/tesi/ros2_mapf_cbs/cbs_ros2_project/install/cbs_interfaces/share/cbs_interfaces/msg/AgentPath.msg
-- Up-to-date symlink: /home/andrea/tesi/ros2_mapf_cbs/cbs_ros2_project/install/cbs_interfaces/share/cbs_interfaces/msg/VertexConstraint.msg
-- Up-to-date symlink: /home/andrea/tesi/ros2_mapf_cbs/cbs_ros2_project/install/cbs_interfaces/share/cbs_interfaces/msg/EdgeConstraint.msg
-- Up-to-date symlink: /home/andrea/tesi/ros2_mapf_cbs/cbs_ros2_project/install/cbs_interfaces/share/cbs_interfaces/msg/Coordinates3D.msg
-- Up-to-date symlink: /home/andrea/tesi/ros2_mapf_cbs/cbs_ros2_project/install/cbs_interfaces/share/cbs_interfaces/msg/StartGoal.msg
-- Up-to-date symlink: /home/andrea/tesi/ros2_mapf_cbs/cbs_ros2_project/install/cbs_interfaces/share/cbs_interfaces/action/ComputePathToPoseCBS.action
-- Up-to-date symlink: /home/andrea/tesi/ros2_mapf_cbs/cbs_ros2_project/install/cbs_interfaces/share/ament_index/resource_index/package_run_dependencies/cbs_interfaces
-- Up-to-date symlink: /home/andrea/tesi/ros2_mapf_cbs/cbs_ros2_project/install/cbs_interfaces/share/ament_index/resource_index/parent_prefix_path/cbs_interfaces
-- Up-to-date symlink: /home/andrea/tesi/ros2_mapf_cbs/cbs_ros2_project/install/cbs_interfaces/share/cbs_interfaces/environment/ament_prefix_path.sh
-- Up-to-date symlink: /home/andrea/tesi/ros2_mapf_cbs/cbs_ros2_project/install/cbs_interfaces/share/cbs_interfaces/environment/ament_prefix_path.dsv
-- Up-to-date symlink: /home/andrea/tesi/ros2_mapf_cbs/cbs_ros2_project/install/cbs_interfaces/share/cbs_interfaces/environment/path.sh
-- Up-to-date symlink: /home/andrea/tesi/ros2_mapf_cbs/cbs_ros2_project/install/cbs_interfaces/share/cbs_interfaces/environment/path.dsv
-- Up-to-date symlink: /home/andrea/tesi/ros2_mapf_cbs/cbs_ros2_project/install/cbs_interfaces/share/cbs_interfaces/local_setup.bash
-- Up-to-date symlink: /home/andrea/tesi/ros2_mapf_cbs/cbs_ros2_project/install/cbs_interfaces/share/cbs_interfaces/local_setup.sh
-- Up-to-date symlink: /home/andrea/tesi/ros2_mapf_cbs/cbs_ros2_project/install/cbs_interfaces/share/cbs_interfaces/local_setup.zsh
-- Up-to-date symlink: /home/andrea/tesi/ros2_mapf_cbs/cbs_ros2_project/install/cbs_interfaces/share/cbs_interfaces/local_setup.dsv
-- Symlinking: /home/andrea/tesi/ros2_mapf_cbs/cbs_ros2_project/install/cbs_interfaces/share/cbs_interfaces/package.dsv
-- Up-to-date symlink: /home/andrea/tesi/ros2_mapf_cbs/cbs_ros2_project/install/cbs_interfaces/share/ament_index/resource_index/packages/cbs_interfaces
-- Up-to-date symlink: /home/andrea/tesi/ros2_mapf_cbs/cbs_ros2_project/install/cbs_interfaces/share/cbs_interfaces/cmake/rosidl_cmake-extras.cmake
-- Up-to-date symlink: /home/andrea/tesi/ros2_mapf_cbs/cbs_ros2_project/install/cbs_interfaces/share/cbs_interfaces/cmake/ament_cmake_export_dependencies-extras.cmake
-- Up-to-date symlink: /home/andrea/tesi/ros2_mapf_cbs/cbs_ros2_project/install/cbs_interfaces/share/cbs_interfaces/cmake/ament_cmake_export_include_directories-extras.cmake
-- Up-to-date symlink: /home/andrea/tesi/ros2_mapf_cbs/cbs_ros2_project/install/cbs_interfaces/share/cbs_interfaces/cmake/ament_cmake_export_libraries-extras.cmake
-- Up-to-date symlink: /home/andrea/tesi/ros2_mapf_cbs/cbs_ros2_project/install/cbs_interfaces/share/cbs_interfaces/cmake/ament_cmake_export_targets-extras.cmake
-- Up-to-date symlink: /home/andrea/tesi/ros2_mapf_cbs/cbs_ros2_project/install/cbs_interfaces/share/cbs_interfaces/cmake/rosidl_cmake_export_typesupport_targets-extras.cmake
-- Up-to-date symlink: /home/andrea/tesi/ros2_mapf_cbs/cbs_ros2_project/install/cbs_interfaces/share/cbs_interfaces/cmake/rosidl_cmake_export_typesupport_libraries-extras.cmake
-- Up-to-date symlink: /home/andrea/tesi/ros2_mapf_cbs/cbs_ros2_project/install/cbs_interfaces/share/cbs_interfaces/cmake/cbs_interfacesConfig.cmake
-- Up-to-date symlink: /home/andrea/tesi/ros2_mapf_cbs/cbs_ros2_project/install/cbs_interfaces/share/cbs_interfaces/cmake/cbs_interfacesConfig-version.cmake
-- Up-to-date symlink: /home/andrea/tesi/ros2_mapf_cbs/cbs_ros2_project/install/cbs_interfaces/share/cbs_interfaces/package.xml
-- Installing: /home/andrea/tesi/ros2_mapf_cbs/cbs_ros2_project/install/cbs_interfaces/lib/libcbs_interfaces__rosidl_generator_c.so
-- Set runtime path of "/home/andrea/tesi/ros2_mapf_cbs/cbs_ros2_project/install/cbs_interfaces/lib/libcbs_interfaces__rosidl_generator_c.so" to ""
-- Installing: /home/andrea/tesi/ros2_mapf_cbs/cbs_ros2_project/install/cbs_interfaces/lib/libcbs_interfaces__rosidl_typesupport_fastrtps_c.so
-- Set runtime path of "/home/andrea/tesi/ros2_mapf_cbs/cbs_ros2_project/install/cbs_interfaces/lib/libcbs_interfaces__rosidl_typesupport_fastrtps_c.so" to ""
-- Installing: /home/andrea/tesi/ros2_mapf_cbs/cbs_ros2_project/install/cbs_interfaces/lib/libcbs_interfaces__rosidl_typesupport_fastrtps_cpp.so
-- Set runtime path of "/home/andrea/tesi/ros2_mapf_cbs/cbs_ros2_project/install/cbs_interfaces/lib/libcbs_interfaces__rosidl_typesupport_fastrtps_cpp.so" to ""
-- Installing: /home/andrea/tesi/ros2_mapf_cbs/cbs_ros2_project/install/cbs_interfaces/lib/libcbs_interfaces__rosidl_typesupport_introspection_c.so
-- Set runtime path of "/home/andrea/tesi/ros2_mapf_cbs/cbs_ros2_project/install/cbs_interfaces/lib/libcbs_interfaces__rosidl_typesupport_introspection_c.so" to ""
-- Installing: /home/andrea/tesi/ros2_mapf_cbs/cbs_ros2_project/install/cbs_interfaces/lib/libcbs_interfaces__rosidl_typesupport_c.so
-- Set runtime path of "/home/andrea/tesi/ros2_mapf_cbs/cbs_ros2_project/install/cbs_interfaces/lib/libcbs_interfaces__rosidl_typesupport_c.so" to ""
-- Installing: /home/andrea/tesi/ros2_mapf_cbs/cbs_ros2_project/install/cbs_interfaces/lib/libcbs_interfaces__rosidl_typesupport_introspection_cpp.so
-- Set runtime path of "/home/andrea/tesi/ros2_mapf_cbs/cbs_ros2_project/install/cbs_interfaces/lib/libcbs_interfaces__rosidl_typesupport_introspection_cpp.so" to ""
-- Installing: /home/andrea/tesi/ros2_mapf_cbs/cbs_ros2_project/install/cbs_interfaces/lib/libcbs_interfaces__rosidl_typesupport_cpp.so
-- Set runtime path of "/home/andrea/tesi/ros2_mapf_cbs/cbs_ros2_project/install/cbs_interfaces/lib/libcbs_interfaces__rosidl_typesupport_cpp.so" to ""
Listing '/home/andrea/tesi/ros2_mapf_cbs/cbs_ros2_project/install/cbs_interfaces/local/lib/python3.10/dist-packages/cbs_interfaces'...
Compiling '/home/andrea/tesi/ros2_mapf_cbs/cbs_ros2_project/install/cbs_interfaces/local/lib/python3.10/dist-packages/cbs_interfaces/__init__.py'...
Listing '/home/andrea/tesi/ros2_mapf_cbs/cbs_ros2_project/install/cbs_interfaces/local/lib/python3.10/dist-packages/cbs_interfaces/action'...
Listing '/home/andrea/tesi/ros2_mapf_cbs/cbs_ros2_project/install/cbs_interfaces/local/lib/python3.10/dist-packages/cbs_interfaces/msg'...
Listing '/home/andrea/tesi/ros2_mapf_cbs/cbs_ros2_project/install/cbs_interfaces/local/lib/python3.10/dist-packages/cbs_interfaces/srv'...
-- Installing: /home/andrea/tesi/ros2_mapf_cbs/cbs_ros2_project/install/cbs_interfaces/lib/libcbs_interfaces__rosidl_generator_py.so
-- Set runtime path of "/home/andrea/tesi/ros2_mapf_cbs/cbs_ros2_project/install/cbs_interfaces/lib/libcbs_interfaces__rosidl_generator_py.so" to ""
-- Up-to-date: /home/andrea/tesi/ros2_mapf_cbs/cbs_ros2_project/install/cbs_interfaces/share/cbs_interfaces/cmake/export_cbs_interfaces__rosidl_generator_cExport.cmake
-- Up-to-date: /home/andrea/tesi/ros2_mapf_cbs/cbs_ros2_project/install/cbs_interfaces/share/cbs_interfaces/cmake/export_cbs_interfaces__rosidl_generator_cExport-noconfig.cmake
-- Up-to-date: /home/andrea/tesi/ros2_mapf_cbs/cbs_ros2_project/install/cbs_interfaces/share/cbs_interfaces/cmake/export_cbs_interfaces__rosidl_typesupport_fastrtps_cExport.cmake
-- Up-to-date: /home/andrea/tesi/ros2_mapf_cbs/cbs_ros2_project/install/cbs_interfaces/share/cbs_interfaces/cmake/export_cbs_interfaces__rosidl_typesupport_fastrtps_cExport-noconfig.cmake
-- Up-to-date: /home/andrea/tesi/ros2_mapf_cbs/cbs_ros2_project/install/cbs_interfaces/share/cbs_interfaces/cmake/export_cbs_interfaces__rosidl_generator_cppExport.cmake
-- Up-to-date: /home/andrea/tesi/ros2_mapf_cbs/cbs_ros2_project/install/cbs_interfaces/share/cbs_interfaces/cmake/export_cbs_interfaces__rosidl_typesupport_fastrtps_cppExport.cmake
-- Up-to-date: /home/andrea/tesi/ros2_mapf_cbs/cbs_ros2_project/install/cbs_interfaces/share/cbs_interfaces/cmake/export_cbs_interfaces__rosidl_typesupport_fastrtps_cppExport-noconfig.cmake
-- Up-to-date: /home/andrea/tesi/ros2_mapf_cbs/cbs_ros2_project/install/cbs_interfaces/share/cbs_interfaces/cmake/cbs_interfaces__rosidl_typesupport_introspection_cExport.cmake
-- Up-to-date: /home/andrea/tesi/ros2_mapf_cbs/cbs_ros2_project/install/cbs_interfaces/share/cbs_interfaces/cmake/cbs_interfaces__rosidl_typesupport_introspection_cExport-noconfig.cmake
-- Up-to-date: /home/andrea/tesi/ros2_mapf_cbs/cbs_ros2_project/install/cbs_interfaces/share/cbs_interfaces/cmake/cbs_interfaces__rosidl_typesupport_cExport.cmake
-- Up-to-date: /home/andrea/tesi/ros2_mapf_cbs/cbs_ros2_project/install/cbs_interfaces/share/cbs_interfaces/cmake/cbs_interfaces__rosidl_typesupport_cExport-noconfig.cmake
-- Up-to-date: /home/andrea/tesi/ros2_mapf_cbs/cbs_ros2_project/install/cbs_interfaces/share/cbs_interfaces/cmake/cbs_interfaces__rosidl_typesupport_introspection_cppExport.cmake
-- Up-to-date: /home/andrea/tesi/ros2_mapf_cbs/cbs_ros2_project/install/cbs_interfaces/share/cbs_interfaces/cmake/cbs_interfaces__rosidl_typesupport_introspection_cppExport-noconfig.cmake
-- Up-to-date: /home/andrea/tesi/ros2_mapf_cbs/cbs_ros2_project/install/cbs_interfaces/share/cbs_interfaces/cmake/cbs_interfaces__rosidl_typesupport_cppExport.cmake
-- Up-to-date: /home/andrea/tesi/ros2_mapf_cbs/cbs_ros2_project/install/cbs_interfaces/share/cbs_interfaces/cmake/cbs_interfaces__rosidl_typesupport_cppExport-noconfig.cmake
-- Up-to-date: /home/andrea/tesi/ros2_mapf_cbs/cbs_ros2_project/install/cbs_interfaces/share/cbs_interfaces/cmake/export_cbs_interfaces__rosidl_generator_pyExport.cmake
-- Up-to-date: /home/andrea/tesi/ros2_mapf_cbs/cbs_ros2_project/install/cbs_interfaces/share/cbs_interfaces/cmake/export_cbs_interfaces__rosidl_generator_pyExport-noconfig.cmake
