[0.137s] Invoking command in '/home/andrea/tesi/ros2_mapf_cbs/cbs_ros2_project/build/cbs_interfaces': CMAKE_PREFIX_PATH=${CMAKE_PREFIX_PATH}:/home/andrea/tesi/ros2_mapf_cbs/cbs_ros2_project/install/cbs_nodes:/opt/ros/humble /usr/bin/cmake --build /home/andrea/tesi/ros2_mapf_cbs/cbs_ros2_project/build/cbs_interfaces -- -j8 -l8
[0.159s] -- Found std_srvs: 4.2.3 (/opt/ros/humble/share/std_srvs/cmake)
[0.271s] -- Override CMake install command with custom implementation using symlinks instead of copying resources
[0.294s] -- Found rosidl_generator_c: 3.1.5 (/opt/ros/humble/share/rosidl_generator_c/cmake)
[0.296s] -- Found rosidl_adapter: 3.1.5 (/opt/ros/humble/share/rosidl_adapter/cmake)
[0.300s] -- Found rosidl_generator_cpp: 3.1.5 (/opt/ros/humble/share/rosidl_generator_cpp/cmake)
[0.309s] -- Using all available rosidl_typesupport_c: rosidl_typesupport_fastrtps_c;rosidl_typesupport_introspection_c
[0.321s] -- Using all available rosidl_typesupport_cpp: rosidl_typesupport_fastrtps_cpp;rosidl_typesupport_introspection_cpp
[0.334s] -- Found nav_msgs: 4.2.3 (/opt/ros/humble/share/nav_msgs/cmake)
[0.502s] -- Found nav2_msgs: 1.1.12 (/opt/ros/humble/share/nav2_msgs/cmake)
[0.646s] -- Found rosidl_default_generators: 1.2.0 (/opt/ros/humble/share/rosidl_default_generators/cmake)
[0.925s] -- Found ament_cmake_ros: 0.10.0 (/opt/ros/humble/share/ament_cmake_ros/cmake)
[1.273s] -- Using all available rosidl_typesupport_c: rosidl_typesupport_fastrtps_c;rosidl_typesupport_introspection_c
[1.410s] -- Using all available rosidl_typesupport_cpp: rosidl_typesupport_fastrtps_cpp;rosidl_typesupport_introspection_cpp
[1.428s] -- Found python_cmake_module: 0.10.0 (/opt/ros/humble/share/python_cmake_module/cmake)
[1.453s] -- Using PYTHON_EXECUTABLE: /usr/bin/python3
[1.453s] -- Using PYTHON_INCLUDE_DIRS: /usr/include/python3.10
[1.453s] -- Using PYTHON_LIBRARIES: /usr/lib/x86_64-linux-gnu/libpython3.10.so
[1.504s] -- Configuring done
[1.540s] -- Generating done
[1.542s] -- Build files have been written to: /home/andrea/tesi/ros2_mapf_cbs/cbs_ros2_project/build/cbs_interfaces
[1.577s] [  0%] Built target cbs_interfaces__cpp
[1.584s] [  0%] Built target ament_cmake_python_symlink_cbs_interfaces
[1.590s] [35m[1mConsolidate compiler generated dependencies of target cbs_interfaces__rosidl_typesupport_fastrtps_cpp[0m
[1.590s] [35m[1mConsolidate compiler generated dependencies of target cbs_interfaces__rosidl_typesupport_cpp[0m
[1.592s] [35m[1mConsolidate compiler generated dependencies of target cbs_interfaces__rosidl_generator_c[0m
[1.592s] [35m[1mConsolidate compiler generated dependencies of target cbs_interfaces__rosidl_typesupport_introspection_cpp[0m
[1.606s] [  1%] [32mBuilding C object CMakeFiles/cbs_interfaces__rosidl_generator_c.dir/rosidl_generator_c/cbs_interfaces/srv/detail/start_goal_pose_stamped__functions.c.o[0m
[1.606s] [  2%] [32mBuilding C object CMakeFiles/cbs_interfaces__rosidl_generator_c.dir/rosidl_generator_c/cbs_interfaces/srv/detail/start_goal_positions__functions.c.o[0m
[1.607s] [  3%] [32mBuilding C object CMakeFiles/cbs_interfaces__rosidl_generator_c.dir/rosidl_generator_c/cbs_interfaces/msg/detail/agent_path_request__functions.c.o[0m
[1.608s] [  4%] [32mBuilding C object CMakeFiles/cbs_interfaces__rosidl_generator_c.dir/rosidl_generator_c/cbs_interfaces/srv/detail/computed_plans__functions.c.o[0m
[1.611s] [  5%] [32mBuilding CXX object CMakeFiles/cbs_interfaces__rosidl_typesupport_fastrtps_cpp.dir/rosidl_typesupport_fastrtps_cpp/cbs_interfaces/srv/detail/dds_fastrtps/start_goal_pose_stamped__type_support.cpp.o[0m
[1.612s] [  6%] [32mBuilding CXX object CMakeFiles/cbs_interfaces__rosidl_typesupport_cpp.dir/rosidl_typesupport_cpp/cbs_interfaces/srv/start_goal_pose_stamped__type_support.cpp.o[0m
[1.615s] [  7%] [32mBuilding CXX object CMakeFiles/cbs_interfaces__rosidl_typesupport_introspection_cpp.dir/rosidl_typesupport_introspection_cpp/cbs_interfaces/srv/detail/start_goal_pose_stamped__type_support.cpp.o[0m
[1.674s] [  8%] [32mBuilding CXX object CMakeFiles/cbs_interfaces__rosidl_typesupport_introspection_cpp.dir/rosidl_typesupport_introspection_cpp/cbs_interfaces/srv/detail/start_goal_positions__type_support.cpp.o[0m
[1.677s] [  9%] [32mBuilding CXX object CMakeFiles/cbs_interfaces__rosidl_typesupport_fastrtps_cpp.dir/rosidl_typesupport_fastrtps_cpp/cbs_interfaces/srv/detail/dds_fastrtps/start_goal_positions__type_support.cpp.o[0m
[1.678s] [ 10%] [32mBuilding C object CMakeFiles/cbs_interfaces__rosidl_generator_c.dir/rosidl_generator_c/cbs_interfaces/msg/detail/agent_path__functions.c.o[0m
[1.684s] [ 11%] [32mBuilding C object CMakeFiles/cbs_interfaces__rosidl_generator_c.dir/rosidl_generator_c/cbs_interfaces/msg/detail/vertex_constraint__functions.c.o[0m
[1.738s] [ 12%] [32mBuilding C object CMakeFiles/cbs_interfaces__rosidl_generator_c.dir/rosidl_generator_c/cbs_interfaces/msg/detail/edge_constraint__functions.c.o[0m
[1.746s] [ 13%] [32mBuilding C object CMakeFiles/cbs_interfaces__rosidl_generator_c.dir/rosidl_generator_c/cbs_interfaces/msg/detail/coordinates3_d__functions.c.o[0m
[1.796s] [ 14%] [32mBuilding C object CMakeFiles/cbs_interfaces__rosidl_generator_c.dir/rosidl_generator_c/cbs_interfaces/msg/detail/start_goal__functions.c.o[0m
[1.803s] [ 15%] [32mBuilding C object CMakeFiles/cbs_interfaces__rosidl_generator_c.dir/rosidl_generator_c/cbs_interfaces/action/detail/compute_path_to_pose_cbs__functions.c.o[0m
[1.856s] [ 16%] [32mBuilding CXX object CMakeFiles/cbs_interfaces__rosidl_typesupport_introspection_cpp.dir/rosidl_typesupport_introspection_cpp/cbs_interfaces/srv/detail/computed_plans__type_support.cpp.o[0m
[1.915s] running egg_info
[1.916s] writing cbs_interfaces.egg-info/PKG-INFO
[1.916s] writing dependency_links to cbs_interfaces.egg-info/dependency_links.txt
[1.917s] writing top-level names to cbs_interfaces.egg-info/top_level.txt
[1.921s] reading manifest file 'cbs_interfaces.egg-info/SOURCES.txt'
[1.922s] writing manifest file 'cbs_interfaces.egg-info/SOURCES.txt'
[1.946s] [ 17%] [32mBuilding CXX object CMakeFiles/cbs_interfaces__rosidl_typesupport_cpp.dir/rosidl_typesupport_cpp/cbs_interfaces/srv/start_goal_positions__type_support.cpp.o[0m
[1.966s] [ 17%] Built target ament_cmake_python_build_cbs_interfaces_egg
[1.975s] [ 18%] [32m[1mLinking C shared library libcbs_interfaces__rosidl_generator_c.so[0m
[1.977s] [ 19%] [32mBuilding CXX object CMakeFiles/cbs_interfaces__rosidl_typesupport_cpp.dir/rosidl_typesupport_cpp/cbs_interfaces/srv/computed_plans__type_support.cpp.o[0m
[2.025s] [ 20%] Built target cbs_interfaces__rosidl_generator_c
[2.191s] [35m[1mConsolidate compiler generated dependencies of target cbs_interfaces__rosidl_typesupport_fastrtps_c[0m
[2.219s] [ 21%] [32mBuilding CXX object CMakeFiles/cbs_interfaces__rosidl_typesupport_fastrtps_c.dir/rosidl_typesupport_fastrtps_c/cbs_interfaces/srv/detail/start_goal_pose_stamped__type_support_c.cpp.o[0m
[2.276s] [ 22%] [32mBuilding CXX object CMakeFiles/cbs_interfaces__rosidl_typesupport_cpp.dir/rosidl_typesupport_cpp/cbs_interfaces/msg/agent_path_request__type_support.cpp.o[0m
[2.285s] [ 22%] [32mBuilding CXX object CMakeFiles/cbs_interfaces__rosidl_typesupport_fastrtps_cpp.dir/rosidl_typesupport_fastrtps_cpp/cbs_interfaces/srv/detail/dds_fastrtps/computed_plans__type_support.cpp.o[0m
[2.296s] [ 23%] [32mBuilding CXX object CMakeFiles/cbs_interfaces__rosidl_typesupport_fastrtps_c.dir/rosidl_typesupport_fastrtps_c/cbs_interfaces/srv/detail/start_goal_positions__type_support_c.cpp.o[0m
[2.309s] [ 24%] [32mBuilding CXX object CMakeFiles/cbs_interfaces__rosidl_typesupport_cpp.dir/rosidl_typesupport_cpp/cbs_interfaces/msg/agent_path__type_support.cpp.o[0m
[2.325s] [ 25%] [32mBuilding CXX object CMakeFiles/cbs_interfaces__rosidl_typesupport_introspection_cpp.dir/rosidl_typesupport_introspection_cpp/cbs_interfaces/msg/detail/agent_path_request__type_support.cpp.o[0m
[2.365s] [ 26%] [32mBuilding CXX object CMakeFiles/cbs_interfaces__rosidl_typesupport_introspection_cpp.dir/rosidl_typesupport_introspection_cpp/cbs_interfaces/msg/detail/agent_path__type_support.cpp.o[0m
[2.481s] [ 27%] [32mBuilding CXX object CMakeFiles/cbs_interfaces__rosidl_typesupport_introspection_cpp.dir/rosidl_typesupport_introspection_cpp/cbs_interfaces/msg/detail/vertex_constraint__type_support.cpp.o[0m
[2.592s] [ 28%] [32mBuilding CXX object CMakeFiles/cbs_interfaces__rosidl_typesupport_cpp.dir/rosidl_typesupport_cpp/cbs_interfaces/msg/vertex_constraint__type_support.cpp.o[0m
[2.641s] [ 29%] [32mBuilding CXX object CMakeFiles/cbs_interfaces__rosidl_typesupport_fastrtps_c.dir/rosidl_typesupport_fastrtps_c/cbs_interfaces/srv/detail/computed_plans__type_support_c.cpp.o[0m
[2.669s] [ 30%] [32mBuilding CXX object CMakeFiles/cbs_interfaces__rosidl_typesupport_cpp.dir/rosidl_typesupport_cpp/cbs_interfaces/msg/edge_constraint__type_support.cpp.o[0m
[2.719s] [ 31%] [32mBuilding CXX object CMakeFiles/cbs_interfaces__rosidl_typesupport_fastrtps_c.dir/rosidl_typesupport_fastrtps_c/cbs_interfaces/msg/detail/agent_path_request__type_support_c.cpp.o[0m
[2.845s] [ 32%] [32mBuilding CXX object CMakeFiles/cbs_interfaces__rosidl_typesupport_fastrtps_cpp.dir/rosidl_typesupport_fastrtps_cpp/cbs_interfaces/msg/detail/dds_fastrtps/agent_path_request__type_support.cpp.o[0m
[2.863s] [ 33%] [32mBuilding CXX object CMakeFiles/cbs_interfaces__rosidl_typesupport_introspection_cpp.dir/rosidl_typesupport_introspection_cpp/cbs_interfaces/msg/detail/edge_constraint__type_support.cpp.o[0m
[2.875s] [ 34%] [32mBuilding CXX object CMakeFiles/cbs_interfaces__rosidl_typesupport_introspection_cpp.dir/rosidl_typesupport_introspection_cpp/cbs_interfaces/msg/detail/coordinates3_d__type_support.cpp.o[0m
[2.911s] [ 35%] [32mBuilding CXX object CMakeFiles/cbs_interfaces__rosidl_typesupport_cpp.dir/rosidl_typesupport_cpp/cbs_interfaces/msg/coordinates3_d__type_support.cpp.o[0m
[2.973s] [ 36%] [32mBuilding CXX object CMakeFiles/cbs_interfaces__rosidl_typesupport_introspection_cpp.dir/rosidl_typesupport_introspection_cpp/cbs_interfaces/msg/detail/start_goal__type_support.cpp.o[0m
[2.978s] [ 37%] [32mBuilding CXX object CMakeFiles/cbs_interfaces__rosidl_typesupport_cpp.dir/rosidl_typesupport_cpp/cbs_interfaces/msg/start_goal__type_support.cpp.o[0m
[3.061s] [ 38%] [32mBuilding CXX object CMakeFiles/cbs_interfaces__rosidl_typesupport_fastrtps_c.dir/rosidl_typesupport_fastrtps_c/cbs_interfaces/msg/detail/agent_path__type_support_c.cpp.o[0m
[3.134s] [ 39%] [32mBuilding CXX object CMakeFiles/cbs_interfaces__rosidl_typesupport_fastrtps_c.dir/rosidl_typesupport_fastrtps_c/cbs_interfaces/msg/detail/vertex_constraint__type_support_c.cpp.o[0m
[3.228s] [ 40%] [32mBuilding CXX object CMakeFiles/cbs_interfaces__rosidl_typesupport_cpp.dir/rosidl_typesupport_cpp/cbs_interfaces/action/compute_path_to_pose_cbs__type_support.cpp.o[0m
[3.304s] [ 41%] [32mBuilding CXX object CMakeFiles/cbs_interfaces__rosidl_typesupport_introspection_cpp.dir/rosidl_typesupport_introspection_cpp/cbs_interfaces/action/detail/compute_path_to_pose_cbs__type_support.cpp.o[0m
[3.307s] [ 42%] [32mBuilding CXX object CMakeFiles/cbs_interfaces__rosidl_typesupport_fastrtps_c.dir/rosidl_typesupport_fastrtps_c/cbs_interfaces/msg/detail/edge_constraint__type_support_c.cpp.o[0m
[3.338s] [ 43%] [32mBuilding CXX object CMakeFiles/cbs_interfaces__rosidl_typesupport_fastrtps_c.dir/rosidl_typesupport_fastrtps_c/cbs_interfaces/msg/detail/coordinates3_d__type_support_c.cpp.o[0m
[3.448s] [ 44%] [32mBuilding CXX object CMakeFiles/cbs_interfaces__rosidl_typesupport_fastrtps_c.dir/rosidl_typesupport_fastrtps_c/cbs_interfaces/msg/detail/start_goal__type_support_c.cpp.o[0m
[3.464s] [ 45%] [32mBuilding CXX object CMakeFiles/cbs_interfaces__rosidl_typesupport_fastrtps_c.dir/rosidl_typesupport_fastrtps_c/cbs_interfaces/action/detail/compute_path_to_pose_cbs__type_support_c.cpp.o[0m
[3.539s] [ 46%] [32mBuilding CXX object CMakeFiles/cbs_interfaces__rosidl_typesupport_fastrtps_cpp.dir/rosidl_typesupport_fastrtps_cpp/cbs_interfaces/msg/detail/dds_fastrtps/vertex_constraint__type_support.cpp.o[0m
[3.556s] [ 47%] [32mBuilding CXX object CMakeFiles/cbs_interfaces__rosidl_typesupport_fastrtps_cpp.dir/rosidl_typesupport_fastrtps_cpp/cbs_interfaces/msg/detail/dds_fastrtps/agent_path__type_support.cpp.o[0m
[3.722s] [ 48%] [32mBuilding CXX object CMakeFiles/cbs_interfaces__rosidl_typesupport_fastrtps_cpp.dir/rosidl_typesupport_fastrtps_cpp/cbs_interfaces/msg/detail/dds_fastrtps/edge_constraint__type_support.cpp.o[0m
[3.733s] [ 49%] [32mBuilding CXX object CMakeFiles/cbs_interfaces__rosidl_typesupport_fastrtps_cpp.dir/rosidl_typesupport_fastrtps_cpp/cbs_interfaces/msg/detail/dds_fastrtps/coordinates3_d__type_support.cpp.o[0m
[3.770s] [ 50%] [32m[1mLinking CXX shared library libcbs_interfaces__rosidl_typesupport_cpp.so[0m
[3.830s] [ 51%] Built target cbs_interfaces__rosidl_typesupport_cpp
[3.852s] [35m[1mConsolidate compiler generated dependencies of target cbs_interfaces__rosidl_typesupport_introspection_c[0m
[3.862s] [35m[1mConsolidate compiler generated dependencies of target cbs_interfaces__rosidl_typesupport_c[0m
[3.871s] [ 52%] [32mBuilding C object CMakeFiles/cbs_interfaces__rosidl_typesupport_introspection_c.dir/rosidl_typesupport_introspection_c/cbs_interfaces/srv/detail/start_goal_pose_stamped__type_support.c.o[0m
[3.880s] [ 53%] [32mBuilding CXX object CMakeFiles/cbs_interfaces__rosidl_typesupport_c.dir/rosidl_typesupport_c/cbs_interfaces/srv/start_goal_pose_stamped__type_support.cpp.o[0m
[3.923s] [ 54%] [32mBuilding CXX object CMakeFiles/cbs_interfaces__rosidl_typesupport_c.dir/rosidl_typesupport_c/cbs_interfaces/srv/start_goal_positions__type_support.cpp.o[0m
[3.927s] [ 55%] [32mBuilding C object CMakeFiles/cbs_interfaces__rosidl_typesupport_introspection_c.dir/rosidl_typesupport_introspection_c/cbs_interfaces/srv/detail/start_goal_positions__type_support.c.o[0m
[3.963s] [ 56%] [32mBuilding CXX object CMakeFiles/cbs_interfaces__rosidl_typesupport_c.dir/rosidl_typesupport_c/cbs_interfaces/srv/computed_plans__type_support.cpp.o[0m
[3.991s] [ 57%] [32mBuilding C object CMakeFiles/cbs_interfaces__rosidl_typesupport_introspection_c.dir/rosidl_typesupport_introspection_c/cbs_interfaces/srv/detail/computed_plans__type_support.c.o[0m
[4.001s] [ 58%] [32mBuilding CXX object CMakeFiles/cbs_interfaces__rosidl_typesupport_c.dir/rosidl_typesupport_c/cbs_interfaces/msg/agent_path_request__type_support.cpp.o[0m
[4.016s] [ 59%] [32m[1mLinking CXX shared library libcbs_interfaces__rosidl_typesupport_fastrtps_c.so[0m
[4.039s] [ 60%] [32mBuilding CXX object CMakeFiles/cbs_interfaces__rosidl_typesupport_fastrtps_cpp.dir/rosidl_typesupport_fastrtps_cpp/cbs_interfaces/msg/detail/dds_fastrtps/start_goal__type_support.cpp.o[0m
[4.042s] [ 61%] [32mBuilding CXX object CMakeFiles/cbs_interfaces__rosidl_typesupport_c.dir/rosidl_typesupport_c/cbs_interfaces/msg/agent_path__type_support.cpp.o[0m
[4.077s] [ 62%] [32mBuilding C object CMakeFiles/cbs_interfaces__rosidl_typesupport_introspection_c.dir/rosidl_typesupport_introspection_c/cbs_interfaces/msg/detail/agent_path_request__type_support.c.o[0m
[4.118s] [ 63%] [32mBuilding CXX object CMakeFiles/cbs_interfaces__rosidl_typesupport_fastrtps_cpp.dir/rosidl_typesupport_fastrtps_cpp/cbs_interfaces/action/detail/dds_fastrtps/compute_path_to_pose_cbs__type_support.cpp.o[0m
[4.127s] [ 64%] [32mBuilding CXX object CMakeFiles/cbs_interfaces__rosidl_typesupport_c.dir/rosidl_typesupport_c/cbs_interfaces/msg/vertex_constraint__type_support.cpp.o[0m
[4.143s] [ 65%] [32m[1mLinking CXX shared library libcbs_interfaces__rosidl_typesupport_introspection_cpp.so[0m
[4.149s] [ 66%] [32mBuilding C object CMakeFiles/cbs_interfaces__rosidl_typesupport_introspection_c.dir/rosidl_typesupport_introspection_c/cbs_interfaces/msg/detail/agent_path__type_support.c.o[0m
[4.162s] [ 67%] Built target cbs_interfaces__rosidl_typesupport_fastrtps_c
[4.172s] [ 68%] [32mBuilding CXX object CMakeFiles/cbs_interfaces__rosidl_typesupport_c.dir/rosidl_typesupport_c/cbs_interfaces/msg/edge_constraint__type_support.cpp.o[0m
[4.184s] [ 69%] [32mBuilding CXX object CMakeFiles/cbs_interfaces__rosidl_typesupport_c.dir/rosidl_typesupport_c/cbs_interfaces/msg/coordinates3_d__type_support.cpp.o[0m
[4.192s] [ 70%] [32mBuilding C object CMakeFiles/cbs_interfaces__rosidl_typesupport_introspection_c.dir/rosidl_typesupport_introspection_c/cbs_interfaces/msg/detail/vertex_constraint__type_support.c.o[0m
[4.204s] [ 70%] [32mBuilding CXX object CMakeFiles/cbs_interfaces__rosidl_typesupport_c.dir/rosidl_typesupport_c/cbs_interfaces/msg/start_goal__type_support.cpp.o[0m
[4.218s] [ 71%] [32mBuilding CXX object CMakeFiles/cbs_interfaces__rosidl_typesupport_c.dir/rosidl_typesupport_c/cbs_interfaces/action/compute_path_to_pose_cbs__type_support.cpp.o[0m
[4.229s] [ 72%] [32mBuilding C object CMakeFiles/cbs_interfaces__rosidl_typesupport_introspection_c.dir/rosidl_typesupport_introspection_c/cbs_interfaces/msg/detail/edge_constraint__type_support.c.o[0m
[4.230s] [ 73%] [32mBuilding C object CMakeFiles/cbs_interfaces__rosidl_typesupport_introspection_c.dir/rosidl_typesupport_introspection_c/cbs_interfaces/msg/detail/coordinates3_d__type_support.c.o[0m
[4.238s] [ 74%] [32mBuilding C object CMakeFiles/cbs_interfaces__rosidl_typesupport_introspection_c.dir/rosidl_typesupport_introspection_c/cbs_interfaces/msg/detail/start_goal__type_support.c.o[0m
[4.238s] [ 75%] [32mBuilding C object CMakeFiles/cbs_interfaces__rosidl_typesupport_introspection_c.dir/rosidl_typesupport_introspection_c/cbs_interfaces/action/detail/compute_path_to_pose_cbs__type_support.c.o[0m
[4.275s] [ 76%] Built target cbs_interfaces__rosidl_typesupport_introspection_cpp
[4.277s] [ 77%] [32m[1mLinking CXX shared library libcbs_interfaces__rosidl_typesupport_c.so[0m
[4.297s] [ 78%] [32m[1mLinking C shared library libcbs_interfaces__rosidl_typesupport_introspection_c.so[0m
[4.313s] [ 79%] Built target cbs_interfaces__rosidl_typesupport_c
[4.324s] [ 80%] Built target cbs_interfaces__rosidl_typesupport_introspection_c
[4.627s] [ 81%] [32m[1mLinking CXX shared library libcbs_interfaces__rosidl_typesupport_fastrtps_cpp.so[0m
[4.691s] [ 82%] Built target cbs_interfaces__rosidl_typesupport_fastrtps_cpp
[4.706s] [ 82%] Built target cbs_interfaces
[4.722s] [ 83%] Built target cbs_interfaces__py
[4.731s] [35m[1mConsolidate compiler generated dependencies of target cbs_interfaces__rosidl_generator_py[0m
[4.748s] [ 84%] [32mBuilding C object CMakeFiles/cbs_interfaces__rosidl_generator_py.dir/rosidl_generator_py/cbs_interfaces/srv/_start_goal_pose_stamped_s.c.o[0m
[4.749s] [ 85%] [32mBuilding C object CMakeFiles/cbs_interfaces__rosidl_generator_py.dir/rosidl_generator_py/cbs_interfaces/srv/_start_goal_positions_s.c.o[0m
[4.749s] [ 86%] [32mBuilding C object CMakeFiles/cbs_interfaces__rosidl_generator_py.dir/rosidl_generator_py/cbs_interfaces/msg/_agent_path_s.c.o[0m
[4.749s] [ 88%] [32mBuilding C object CMakeFiles/cbs_interfaces__rosidl_generator_py.dir/rosidl_generator_py/cbs_interfaces/msg/_agent_path_request_s.c.o[0m
[4.749s] [ 88%] [32mBuilding C object CMakeFiles/cbs_interfaces__rosidl_generator_py.dir/rosidl_generator_py/cbs_interfaces/srv/_computed_plans_s.c.o[0m
[4.750s] [ 89%] [32mBuilding C object CMakeFiles/cbs_interfaces__rosidl_generator_py.dir/rosidl_generator_py/cbs_interfaces/msg/_vertex_constraint_s.c.o[0m
[4.750s] [ 90%] [32mBuilding C object CMakeFiles/cbs_interfaces__rosidl_generator_py.dir/rosidl_generator_py/cbs_interfaces/msg/_coordinates3_d_s.c.o[0m
[4.750s] [ 91%] [32mBuilding C object CMakeFiles/cbs_interfaces__rosidl_generator_py.dir/rosidl_generator_py/cbs_interfaces/msg/_edge_constraint_s.c.o[0m
[4.891s] [ 93%] [32mBuilding C object CMakeFiles/cbs_interfaces__rosidl_generator_py.dir/rosidl_generator_py/cbs_interfaces/action/_compute_path_to_pose_cbs_s.c.o[0m
[4.891s] [ 93%] [32mBuilding C object CMakeFiles/cbs_interfaces__rosidl_generator_py.dir/rosidl_generator_py/cbs_interfaces/msg/_start_goal_s.c.o[0m
[4.996s] [ 94%] [32m[1mLinking C shared library rosidl_generator_py/cbs_interfaces/libcbs_interfaces__rosidl_generator_py.so[0m
[5.030s] [ 94%] Built target cbs_interfaces__rosidl_generator_py
[5.039s] [35m[1mConsolidate compiler generated dependencies of target cbs_interfaces__rosidl_typesupport_c__pyext[0m
[5.039s] [35m[1mConsolidate compiler generated dependencies of target cbs_interfaces__rosidl_typesupport_introspection_c__pyext[0m
[5.039s] [35m[1mConsolidate compiler generated dependencies of target cbs_interfaces__rosidl_typesupport_fastrtps_c__pyext[0m
[5.050s] [ 97%] [32mBuilding C object CMakeFiles/cbs_interfaces__rosidl_typesupport_fastrtps_c__pyext.dir/rosidl_generator_py/cbs_interfaces/_cbs_interfaces_s.ep.rosidl_typesupport_fastrtps_c.c.o[0m
[5.050s] [ 97%] [32mBuilding C object CMakeFiles/cbs_interfaces__rosidl_typesupport_introspection_c__pyext.dir/rosidl_generator_py/cbs_interfaces/_cbs_interfaces_s.ep.rosidl_typesupport_introspection_c.c.o[0m
[5.050s] [ 97%] [32mBuilding C object CMakeFiles/cbs_interfaces__rosidl_typesupport_c__pyext.dir/rosidl_generator_py/cbs_interfaces/_cbs_interfaces_s.ep.rosidl_typesupport_c.c.o[0m
[5.167s] [100%] [32m[1mLinking C shared library rosidl_generator_py/cbs_interfaces/cbs_interfaces_s__rosidl_typesupport_c.cpython-310-x86_64-linux-gnu.so[0m
[5.167s] [100%] [32m[1mLinking C shared library rosidl_generator_py/cbs_interfaces/cbs_interfaces_s__rosidl_typesupport_introspection_c.cpython-310-x86_64-linux-gnu.so[0m
[5.167s] [100%] [32m[1mLinking C shared library rosidl_generator_py/cbs_interfaces/cbs_interfaces_s__rosidl_typesupport_fastrtps_c.cpython-310-x86_64-linux-gnu.so[0m
[5.209s] [100%] Built target cbs_interfaces__rosidl_typesupport_c__pyext
[5.209s] [100%] Built target cbs_interfaces__rosidl_typesupport_introspection_c__pyext
[5.209s] [100%] Built target cbs_interfaces__rosidl_typesupport_fastrtps_c__pyext
[5.219s] Invoked command in '/home/andrea/tesi/ros2_mapf_cbs/cbs_ros2_project/build/cbs_interfaces' returned '0': CMAKE_PREFIX_PATH=${CMAKE_PREFIX_PATH}:/home/andrea/tesi/ros2_mapf_cbs/cbs_ros2_project/install/cbs_nodes:/opt/ros/humble /usr/bin/cmake --build /home/andrea/tesi/ros2_mapf_cbs/cbs_ros2_project/build/cbs_interfaces -- -j8 -l8
[5.548s] Invoking command in '/home/andrea/tesi/ros2_mapf_cbs/cbs_ros2_project/build/cbs_interfaces': CMAKE_PREFIX_PATH=${CMAKE_PREFIX_PATH}:/home/andrea/tesi/ros2_mapf_cbs/cbs_ros2_project/install/cbs_nodes:/opt/ros/humble /usr/bin/cmake --install /home/andrea/tesi/ros2_mapf_cbs/cbs_ros2_project/build/cbs_interfaces
[5.556s] -- Install configuration: ""
[5.556s] -- Execute custom install script
[5.556s] -- Up-to-date symlink: /home/andrea/tesi/ros2_mapf_cbs/cbs_ros2_project/install/cbs_interfaces/share/ament_index/resource_index/rosidl_interfaces/cbs_interfaces
[5.557s] -- Up-to-date symlink: /home/andrea/tesi/ros2_mapf_cbs/cbs_ros2_project/install/cbs_interfaces/include/cbs_interfaces/cbs_interfaces/action/compute_path_to_pose_cbs.h
[5.557s] -- Up-to-date symlink: /home/andrea/tesi/ros2_mapf_cbs/cbs_ros2_project/install/cbs_interfaces/include/cbs_interfaces/cbs_interfaces/action/detail/compute_path_to_pose_cbs__functions.h
[5.557s] -- Up-to-date symlink: /home/andrea/tesi/ros2_mapf_cbs/cbs_ros2_project/install/cbs_interfaces/include/cbs_interfaces/cbs_interfaces/action/detail/compute_path_to_pose_cbs__struct.h
[5.557s] -- Up-to-date symlink: /home/andrea/tesi/ros2_mapf_cbs/cbs_ros2_project/install/cbs_interfaces/include/cbs_interfaces/cbs_interfaces/action/detail/compute_path_to_pose_cbs__type_support.h
[5.557s] -- Up-to-date symlink: /home/andrea/tesi/ros2_mapf_cbs/cbs_ros2_project/install/cbs_interfaces/include/cbs_interfaces/cbs_interfaces/msg/agent_path.h
[5.557s] -- Up-to-date symlink: /home/andrea/tesi/ros2_mapf_cbs/cbs_ros2_project/install/cbs_interfaces/include/cbs_interfaces/cbs_interfaces/msg/agent_path_request.h
[5.557s] -- Up-to-date symlink: /home/andrea/tesi/ros2_mapf_cbs/cbs_ros2_project/install/cbs_interfaces/include/cbs_interfaces/cbs_interfaces/msg/coordinates3_d.h
[5.557s] -- Up-to-date symlink: /home/andrea/tesi/ros2_mapf_cbs/cbs_ros2_project/install/cbs_interfaces/include/cbs_interfaces/cbs_interfaces/msg/detail/agent_path__functions.h
[5.557s] -- Up-to-date symlink: /home/andrea/tesi/ros2_mapf_cbs/cbs_ros2_project/install/cbs_interfaces/include/cbs_interfaces/cbs_interfaces/msg/detail/agent_path__struct.h
[5.558s] -- Up-to-date symlink: /home/andrea/tesi/ros2_mapf_cbs/cbs_ros2_project/install/cbs_interfaces/include/cbs_interfaces/cbs_interfaces/msg/detail/agent_path__type_support.h
[5.558s] -- Up-to-date symlink: /home/andrea/tesi/ros2_mapf_cbs/cbs_ros2_project/install/cbs_interfaces/include/cbs_interfaces/cbs_interfaces/msg/detail/agent_path_request__functions.h
[5.558s] -- Up-to-date symlink: /home/andrea/tesi/ros2_mapf_cbs/cbs_ros2_project/install/cbs_interfaces/include/cbs_interfaces/cbs_interfaces/msg/detail/agent_path_request__struct.h
[5.558s] -- Up-to-date symlink: /home/andrea/tesi/ros2_mapf_cbs/cbs_ros2_project/install/cbs_interfaces/include/cbs_interfaces/cbs_interfaces/msg/detail/agent_path_request__type_support.h
[5.558s] -- Up-to-date symlink: /home/andrea/tesi/ros2_mapf_cbs/cbs_ros2_project/install/cbs_interfaces/include/cbs_interfaces/cbs_interfaces/msg/detail/coordinates3_d__functions.h
[5.558s] -- Up-to-date symlink: /home/andrea/tesi/ros2_mapf_cbs/cbs_ros2_project/install/cbs_interfaces/include/cbs_interfaces/cbs_interfaces/msg/detail/coordinates3_d__struct.h
[5.558s] -- Up-to-date symlink: /home/andrea/tesi/ros2_mapf_cbs/cbs_ros2_project/install/cbs_interfaces/include/cbs_interfaces/cbs_interfaces/msg/detail/coordinates3_d__type_support.h
[5.558s] -- Up-to-date symlink: /home/andrea/tesi/ros2_mapf_cbs/cbs_ros2_project/install/cbs_interfaces/include/cbs_interfaces/cbs_interfaces/msg/detail/edge_constraint__functions.h
[5.558s] -- Up-to-date symlink: /home/andrea/tesi/ros2_mapf_cbs/cbs_ros2_project/install/cbs_interfaces/include/cbs_interfaces/cbs_interfaces/msg/detail/edge_constraint__struct.h
[5.558s] -- Up-to-date symlink: /home/andrea/tesi/ros2_mapf_cbs/cbs_ros2_project/install/cbs_interfaces/include/cbs_interfaces/cbs_interfaces/msg/detail/edge_constraint__type_support.h
[5.559s] -- Up-to-date symlink: /home/andrea/tesi/ros2_mapf_cbs/cbs_ros2_project/install/cbs_interfaces/include/cbs_interfaces/cbs_interfaces/msg/detail/start_goal__functions.h
[5.559s] -- Up-to-date symlink: /home/andrea/tesi/ros2_mapf_cbs/cbs_ros2_project/install/cbs_interfaces/include/cbs_interfaces/cbs_interfaces/msg/detail/start_goal__struct.h
[5.559s] -- Up-to-date symlink: /home/andrea/tesi/ros2_mapf_cbs/cbs_ros2_project/install/cbs_interfaces/include/cbs_interfaces/cbs_interfaces/msg/detail/start_goal__type_support.h
[5.559s] -- Up-to-date symlink: /home/andrea/tesi/ros2_mapf_cbs/cbs_ros2_project/install/cbs_interfaces/include/cbs_interfaces/cbs_interfaces/msg/detail/vertex_constraint__functions.h
[5.559s] -- Up-to-date symlink: /home/andrea/tesi/ros2_mapf_cbs/cbs_ros2_project/install/cbs_interfaces/include/cbs_interfaces/cbs_interfaces/msg/detail/vertex_constraint__struct.h
[5.559s] -- Up-to-date symlink: /home/andrea/tesi/ros2_mapf_cbs/cbs_ros2_project/install/cbs_interfaces/include/cbs_interfaces/cbs_interfaces/msg/detail/vertex_constraint__type_support.h
[5.559s] -- Up-to-date symlink: /home/andrea/tesi/ros2_mapf_cbs/cbs_ros2_project/install/cbs_interfaces/include/cbs_interfaces/cbs_interfaces/msg/edge_constraint.h
[5.559s] -- Up-to-date symlink: /home/andrea/tesi/ros2_mapf_cbs/cbs_ros2_project/install/cbs_interfaces/include/cbs_interfaces/cbs_interfaces/msg/rosidl_generator_c__visibility_control.h
[5.559s] -- Up-to-date symlink: /home/andrea/tesi/ros2_mapf_cbs/cbs_ros2_project/install/cbs_interfaces/include/cbs_interfaces/cbs_interfaces/msg/start_goal.h
[5.559s] -- Up-to-date symlink: /home/andrea/tesi/ros2_mapf_cbs/cbs_ros2_project/install/cbs_interfaces/include/cbs_interfaces/cbs_interfaces/msg/vertex_constraint.h
[5.559s] -- Up-to-date symlink: /home/andrea/tesi/ros2_mapf_cbs/cbs_ros2_project/install/cbs_interfaces/include/cbs_interfaces/cbs_interfaces/srv/computed_plans.h
[5.559s] -- Up-to-date symlink: /home/andrea/tesi/ros2_mapf_cbs/cbs_ros2_project/install/cbs_interfaces/include/cbs_interfaces/cbs_interfaces/srv/detail/computed_plans__functions.h
[5.559s] -- Up-to-date symlink: /home/andrea/tesi/ros2_mapf_cbs/cbs_ros2_project/install/cbs_interfaces/include/cbs_interfaces/cbs_interfaces/srv/detail/computed_plans__struct.h
[5.560s] -- Up-to-date symlink: /home/andrea/tesi/ros2_mapf_cbs/cbs_ros2_project/install/cbs_interfaces/include/cbs_interfaces/cbs_interfaces/srv/detail/computed_plans__type_support.h
[5.560s] -- Up-to-date symlink: /home/andrea/tesi/ros2_mapf_cbs/cbs_ros2_project/install/cbs_interfaces/include/cbs_interfaces/cbs_interfaces/srv/detail/start_goal_pose_stamped__functions.h
[5.560s] -- Up-to-date symlink: /home/andrea/tesi/ros2_mapf_cbs/cbs_ros2_project/install/cbs_interfaces/include/cbs_interfaces/cbs_interfaces/srv/detail/start_goal_pose_stamped__struct.h
[5.560s] -- Up-to-date symlink: /home/andrea/tesi/ros2_mapf_cbs/cbs_ros2_project/install/cbs_interfaces/include/cbs_interfaces/cbs_interfaces/srv/detail/start_goal_pose_stamped__type_support.h
[5.560s] -- Up-to-date symlink: /home/andrea/tesi/ros2_mapf_cbs/cbs_ros2_project/install/cbs_interfaces/include/cbs_interfaces/cbs_interfaces/srv/detail/start_goal_positions__functions.h
[5.560s] -- Up-to-date symlink: /home/andrea/tesi/ros2_mapf_cbs/cbs_ros2_project/install/cbs_interfaces/include/cbs_interfaces/cbs_interfaces/srv/detail/start_goal_positions__struct.h
[5.560s] -- Up-to-date symlink: /home/andrea/tesi/ros2_mapf_cbs/cbs_ros2_project/install/cbs_interfaces/include/cbs_interfaces/cbs_interfaces/srv/detail/start_goal_positions__type_support.h
[5.560s] -- Up-to-date symlink: /home/andrea/tesi/ros2_mapf_cbs/cbs_ros2_project/install/cbs_interfaces/include/cbs_interfaces/cbs_interfaces/srv/start_goal_pose_stamped.h
[5.560s] -- Up-to-date symlink: /home/andrea/tesi/ros2_mapf_cbs/cbs_ros2_project/install/cbs_interfaces/include/cbs_interfaces/cbs_interfaces/srv/start_goal_positions.h
[5.560s] -- Up-to-date symlink: /home/andrea/tesi/ros2_mapf_cbs/cbs_ros2_project/install/cbs_interfaces/share/cbs_interfaces/environment/library_path.sh
[5.560s] -- Up-to-date symlink: /home/andrea/tesi/ros2_mapf_cbs/cbs_ros2_project/install/cbs_interfaces/share/cbs_interfaces/environment/library_path.dsv
[5.560s] -- Up-to-date symlink: /home/andrea/tesi/ros2_mapf_cbs/cbs_ros2_project/install/cbs_interfaces/include/cbs_interfaces/cbs_interfaces/action/detail/compute_path_to_pose_cbs__rosidl_typesupport_fastrtps_c.h
[5.560s] -- Up-to-date symlink: /home/andrea/tesi/ros2_mapf_cbs/cbs_ros2_project/install/cbs_interfaces/include/cbs_interfaces/cbs_interfaces/msg/detail/agent_path__rosidl_typesupport_fastrtps_c.h
[5.561s] -- Up-to-date symlink: /home/andrea/tesi/ros2_mapf_cbs/cbs_ros2_project/install/cbs_interfaces/include/cbs_interfaces/cbs_interfaces/msg/detail/agent_path_request__rosidl_typesupport_fastrtps_c.h
[5.561s] -- Up-to-date symlink: /home/andrea/tesi/ros2_mapf_cbs/cbs_ros2_project/install/cbs_interfaces/include/cbs_interfaces/cbs_interfaces/msg/detail/coordinates3_d__rosidl_typesupport_fastrtps_c.h
[5.561s] -- Up-to-date symlink: /home/andrea/tesi/ros2_mapf_cbs/cbs_ros2_project/install/cbs_interfaces/include/cbs_interfaces/cbs_interfaces/msg/detail/edge_constraint__rosidl_typesupport_fastrtps_c.h
[5.561s] -- Up-to-date symlink: /home/andrea/tesi/ros2_mapf_cbs/cbs_ros2_project/install/cbs_interfaces/include/cbs_interfaces/cbs_interfaces/msg/detail/start_goal__rosidl_typesupport_fastrtps_c.h
[5.561s] -- Up-to-date symlink: /home/andrea/tesi/ros2_mapf_cbs/cbs_ros2_project/install/cbs_interfaces/include/cbs_interfaces/cbs_interfaces/msg/detail/vertex_constraint__rosidl_typesupport_fastrtps_c.h
[5.561s] -- Up-to-date symlink: /home/andrea/tesi/ros2_mapf_cbs/cbs_ros2_project/install/cbs_interfaces/include/cbs_interfaces/cbs_interfaces/msg/rosidl_typesupport_fastrtps_c__visibility_control.h
[5.561s] -- Up-to-date symlink: /home/andrea/tesi/ros2_mapf_cbs/cbs_ros2_project/install/cbs_interfaces/include/cbs_interfaces/cbs_interfaces/srv/detail/computed_plans__rosidl_typesupport_fastrtps_c.h
[5.561s] -- Up-to-date symlink: /home/andrea/tesi/ros2_mapf_cbs/cbs_ros2_project/install/cbs_interfaces/include/cbs_interfaces/cbs_interfaces/srv/detail/start_goal_pose_stamped__rosidl_typesupport_fastrtps_c.h
[5.561s] -- Up-to-date symlink: /home/andrea/tesi/ros2_mapf_cbs/cbs_ros2_project/install/cbs_interfaces/include/cbs_interfaces/cbs_interfaces/srv/detail/start_goal_positions__rosidl_typesupport_fastrtps_c.h
[5.561s] -- Up-to-date symlink: /home/andrea/tesi/ros2_mapf_cbs/cbs_ros2_project/install/cbs_interfaces/include/cbs_interfaces/cbs_interfaces/action/compute_path_to_pose_cbs.hpp
[5.561s] -- Up-to-date symlink: /home/andrea/tesi/ros2_mapf_cbs/cbs_ros2_project/install/cbs_interfaces/include/cbs_interfaces/cbs_interfaces/action/detail/compute_path_to_pose_cbs__builder.hpp
[5.561s] -- Up-to-date symlink: /home/andrea/tesi/ros2_mapf_cbs/cbs_ros2_project/install/cbs_interfaces/include/cbs_interfaces/cbs_interfaces/action/detail/compute_path_to_pose_cbs__struct.hpp
[5.561s] -- Up-to-date symlink: /home/andrea/tesi/ros2_mapf_cbs/cbs_ros2_project/install/cbs_interfaces/include/cbs_interfaces/cbs_interfaces/action/detail/compute_path_to_pose_cbs__traits.hpp
[5.562s] -- Up-to-date symlink: /home/andrea/tesi/ros2_mapf_cbs/cbs_ros2_project/install/cbs_interfaces/include/cbs_interfaces/cbs_interfaces/msg/agent_path.hpp
[5.562s] -- Up-to-date symlink: /home/andrea/tesi/ros2_mapf_cbs/cbs_ros2_project/install/cbs_interfaces/include/cbs_interfaces/cbs_interfaces/msg/agent_path_request.hpp
[5.562s] -- Up-to-date symlink: /home/andrea/tesi/ros2_mapf_cbs/cbs_ros2_project/install/cbs_interfaces/include/cbs_interfaces/cbs_interfaces/msg/coordinates3_d.hpp
[5.562s] -- Up-to-date symlink: /home/andrea/tesi/ros2_mapf_cbs/cbs_ros2_project/install/cbs_interfaces/include/cbs_interfaces/cbs_interfaces/msg/detail/agent_path__builder.hpp
[5.562s] -- Up-to-date symlink: /home/andrea/tesi/ros2_mapf_cbs/cbs_ros2_project/install/cbs_interfaces/include/cbs_interfaces/cbs_interfaces/msg/detail/agent_path__struct.hpp
[5.562s] -- Up-to-date symlink: /home/andrea/tesi/ros2_mapf_cbs/cbs_ros2_project/install/cbs_interfaces/include/cbs_interfaces/cbs_interfaces/msg/detail/agent_path__traits.hpp
[5.562s] -- Up-to-date symlink: /home/andrea/tesi/ros2_mapf_cbs/cbs_ros2_project/install/cbs_interfaces/include/cbs_interfaces/cbs_interfaces/msg/detail/agent_path_request__builder.hpp
[5.562s] -- Up-to-date symlink: /home/andrea/tesi/ros2_mapf_cbs/cbs_ros2_project/install/cbs_interfaces/include/cbs_interfaces/cbs_interfaces/msg/detail/agent_path_request__struct.hpp
[5.562s] -- Up-to-date symlink: /home/andrea/tesi/ros2_mapf_cbs/cbs_ros2_project/install/cbs_interfaces/include/cbs_interfaces/cbs_interfaces/msg/detail/agent_path_request__traits.hpp
[5.562s] -- Up-to-date symlink: /home/andrea/tesi/ros2_mapf_cbs/cbs_ros2_project/install/cbs_interfaces/include/cbs_interfaces/cbs_interfaces/msg/detail/coordinates3_d__builder.hpp
[5.562s] -- Up-to-date symlink: /home/andrea/tesi/ros2_mapf_cbs/cbs_ros2_project/install/cbs_interfaces/include/cbs_interfaces/cbs_interfaces/msg/detail/coordinates3_d__struct.hpp
[5.562s] -- Up-to-date symlink: /home/andrea/tesi/ros2_mapf_cbs/cbs_ros2_project/install/cbs_interfaces/include/cbs_interfaces/cbs_interfaces/msg/detail/coordinates3_d__traits.hpp
[5.563s] -- Up-to-date symlink: /home/andrea/tesi/ros2_mapf_cbs/cbs_ros2_project/install/cbs_interfaces/include/cbs_interfaces/cbs_interfaces/msg/detail/edge_constraint__builder.hpp
[5.563s] -- Up-to-date symlink: /home/andrea/tesi/ros2_mapf_cbs/cbs_ros2_project/install/cbs_interfaces/include/cbs_interfaces/cbs_interfaces/msg/detail/edge_constraint__struct.hpp
[5.563s] -- Up-to-date symlink: /home/andrea/tesi/ros2_mapf_cbs/cbs_ros2_project/install/cbs_interfaces/include/cbs_interfaces/cbs_interfaces/msg/detail/edge_constraint__traits.hpp
[5.563s] -- Up-to-date symlink: /home/andrea/tesi/ros2_mapf_cbs/cbs_ros2_project/install/cbs_interfaces/include/cbs_interfaces/cbs_interfaces/msg/detail/start_goal__builder.hpp
[5.563s] -- Up-to-date symlink: /home/andrea/tesi/ros2_mapf_cbs/cbs_ros2_project/install/cbs_interfaces/include/cbs_interfaces/cbs_interfaces/msg/detail/start_goal__struct.hpp
[5.563s] -- Up-to-date symlink: /home/andrea/tesi/ros2_mapf_cbs/cbs_ros2_project/install/cbs_interfaces/include/cbs_interfaces/cbs_interfaces/msg/detail/start_goal__traits.hpp
[5.563s] -- Up-to-date symlink: /home/andrea/tesi/ros2_mapf_cbs/cbs_ros2_project/install/cbs_interfaces/include/cbs_interfaces/cbs_interfaces/msg/detail/vertex_constraint__builder.hpp
[5.563s] -- Up-to-date symlink: /home/andrea/tesi/ros2_mapf_cbs/cbs_ros2_project/install/cbs_interfaces/include/cbs_interfaces/cbs_interfaces/msg/detail/vertex_constraint__struct.hpp
[5.563s] -- Up-to-date symlink: /home/andrea/tesi/ros2_mapf_cbs/cbs_ros2_project/install/cbs_interfaces/include/cbs_interfaces/cbs_interfaces/msg/detail/vertex_constraint__traits.hpp
[5.563s] -- Up-to-date symlink: /home/andrea/tesi/ros2_mapf_cbs/cbs_ros2_project/install/cbs_interfaces/include/cbs_interfaces/cbs_interfaces/msg/edge_constraint.hpp
[5.563s] -- Up-to-date symlink: /home/andrea/tesi/ros2_mapf_cbs/cbs_ros2_project/install/cbs_interfaces/include/cbs_interfaces/cbs_interfaces/msg/start_goal.hpp
[5.563s] -- Up-to-date symlink: /home/andrea/tesi/ros2_mapf_cbs/cbs_ros2_project/install/cbs_interfaces/include/cbs_interfaces/cbs_interfaces/msg/vertex_constraint.hpp
[5.563s] -- Up-to-date symlink: /home/andrea/tesi/ros2_mapf_cbs/cbs_ros2_project/install/cbs_interfaces/include/cbs_interfaces/cbs_interfaces/srv/computed_plans.hpp
[5.564s] -- Up-to-date symlink: /home/andrea/tesi/ros2_mapf_cbs/cbs_ros2_project/install/cbs_interfaces/include/cbs_interfaces/cbs_interfaces/srv/detail/computed_plans__builder.hpp
[5.564s] -- Up-to-date symlink: /home/andrea/tesi/ros2_mapf_cbs/cbs_ros2_project/install/cbs_interfaces/include/cbs_interfaces/cbs_interfaces/srv/detail/computed_plans__struct.hpp
[5.564s] -- Up-to-date symlink: /home/andrea/tesi/ros2_mapf_cbs/cbs_ros2_project/install/cbs_interfaces/include/cbs_interfaces/cbs_interfaces/srv/detail/computed_plans__traits.hpp
[5.564s] -- Up-to-date symlink: /home/andrea/tesi/ros2_mapf_cbs/cbs_ros2_project/install/cbs_interfaces/include/cbs_interfaces/cbs_interfaces/srv/detail/start_goal_pose_stamped__builder.hpp
[5.564s] -- Up-to-date symlink: /home/andrea/tesi/ros2_mapf_cbs/cbs_ros2_project/install/cbs_interfaces/include/cbs_interfaces/cbs_interfaces/srv/detail/start_goal_pose_stamped__struct.hpp
[5.564s] -- Up-to-date symlink: /home/andrea/tesi/ros2_mapf_cbs/cbs_ros2_project/install/cbs_interfaces/include/cbs_interfaces/cbs_interfaces/srv/detail/start_goal_pose_stamped__traits.hpp
[5.564s] -- Up-to-date symlink: /home/andrea/tesi/ros2_mapf_cbs/cbs_ros2_project/install/cbs_interfaces/include/cbs_interfaces/cbs_interfaces/srv/detail/start_goal_positions__builder.hpp
[5.564s] -- Up-to-date symlink: /home/andrea/tesi/ros2_mapf_cbs/cbs_ros2_project/install/cbs_interfaces/include/cbs_interfaces/cbs_interfaces/srv/detail/start_goal_positions__struct.hpp
[5.564s] -- Up-to-date symlink: /home/andrea/tesi/ros2_mapf_cbs/cbs_ros2_project/install/cbs_interfaces/include/cbs_interfaces/cbs_interfaces/srv/detail/start_goal_positions__traits.hpp
[5.564s] -- Up-to-date symlink: /home/andrea/tesi/ros2_mapf_cbs/cbs_ros2_project/install/cbs_interfaces/include/cbs_interfaces/cbs_interfaces/srv/start_goal_pose_stamped.hpp
[5.564s] -- Up-to-date symlink: /home/andrea/tesi/ros2_mapf_cbs/cbs_ros2_project/install/cbs_interfaces/include/cbs_interfaces/cbs_interfaces/srv/start_goal_positions.hpp
[5.564s] -- Up-to-date symlink: /home/andrea/tesi/ros2_mapf_cbs/cbs_ros2_project/install/cbs_interfaces/include/cbs_interfaces/cbs_interfaces/action/detail/compute_path_to_pose_cbs__rosidl_typesupport_fastrtps_cpp.hpp
[5.564s] -- Up-to-date symlink: /home/andrea/tesi/ros2_mapf_cbs/cbs_ros2_project/install/cbs_interfaces/include/cbs_interfaces/cbs_interfaces/msg/detail/agent_path__rosidl_typesupport_fastrtps_cpp.hpp
[5.565s] -- Up-to-date symlink: /home/andrea/tesi/ros2_mapf_cbs/cbs_ros2_project/install/cbs_interfaces/include/cbs_interfaces/cbs_interfaces/msg/detail/agent_path_request__rosidl_typesupport_fastrtps_cpp.hpp
[5.565s] -- Up-to-date symlink: /home/andrea/tesi/ros2_mapf_cbs/cbs_ros2_project/install/cbs_interfaces/include/cbs_interfaces/cbs_interfaces/msg/detail/coordinates3_d__rosidl_typesupport_fastrtps_cpp.hpp
[5.565s] -- Up-to-date symlink: /home/andrea/tesi/ros2_mapf_cbs/cbs_ros2_project/install/cbs_interfaces/include/cbs_interfaces/cbs_interfaces/msg/detail/edge_constraint__rosidl_typesupport_fastrtps_cpp.hpp
[5.565s] -- Up-to-date symlink: /home/andrea/tesi/ros2_mapf_cbs/cbs_ros2_project/install/cbs_interfaces/include/cbs_interfaces/cbs_interfaces/msg/detail/start_goal__rosidl_typesupport_fastrtps_cpp.hpp
[5.565s] -- Up-to-date symlink: /home/andrea/tesi/ros2_mapf_cbs/cbs_ros2_project/install/cbs_interfaces/include/cbs_interfaces/cbs_interfaces/msg/detail/vertex_constraint__rosidl_typesupport_fastrtps_cpp.hpp
[5.565s] -- Up-to-date symlink: /home/andrea/tesi/ros2_mapf_cbs/cbs_ros2_project/install/cbs_interfaces/include/cbs_interfaces/cbs_interfaces/msg/rosidl_typesupport_fastrtps_cpp__visibility_control.h
[5.565s] -- Up-to-date symlink: /home/andrea/tesi/ros2_mapf_cbs/cbs_ros2_project/install/cbs_interfaces/include/cbs_interfaces/cbs_interfaces/srv/detail/computed_plans__rosidl_typesupport_fastrtps_cpp.hpp
[5.565s] -- Up-to-date symlink: /home/andrea/tesi/ros2_mapf_cbs/cbs_ros2_project/install/cbs_interfaces/include/cbs_interfaces/cbs_interfaces/srv/detail/start_goal_pose_stamped__rosidl_typesupport_fastrtps_cpp.hpp
[5.565s] -- Up-to-date symlink: /home/andrea/tesi/ros2_mapf_cbs/cbs_ros2_project/install/cbs_interfaces/include/cbs_interfaces/cbs_interfaces/srv/detail/start_goal_positions__rosidl_typesupport_fastrtps_cpp.hpp
[5.565s] -- Up-to-date symlink: /home/andrea/tesi/ros2_mapf_cbs/cbs_ros2_project/install/cbs_interfaces/include/cbs_interfaces/cbs_interfaces/action/detail/compute_path_to_pose_cbs__rosidl_typesupport_introspection_c.h
[5.565s] -- Up-to-date symlink: /home/andrea/tesi/ros2_mapf_cbs/cbs_ros2_project/install/cbs_interfaces/include/cbs_interfaces/cbs_interfaces/msg/detail/agent_path__rosidl_typesupport_introspection_c.h
[5.565s] -- Up-to-date symlink: /home/andrea/tesi/ros2_mapf_cbs/cbs_ros2_project/install/cbs_interfaces/include/cbs_interfaces/cbs_interfaces/msg/detail/agent_path_request__rosidl_typesupport_introspection_c.h
[5.565s] -- Up-to-date symlink: /home/andrea/tesi/ros2_mapf_cbs/cbs_ros2_project/install/cbs_interfaces/include/cbs_interfaces/cbs_interfaces/msg/detail/coordinates3_d__rosidl_typesupport_introspection_c.h
[5.566s] -- Up-to-date symlink: /home/andrea/tesi/ros2_mapf_cbs/cbs_ros2_project/install/cbs_interfaces/include/cbs_interfaces/cbs_interfaces/msg/detail/edge_constraint__rosidl_typesupport_introspection_c.h
[5.566s] -- Up-to-date symlink: /home/andrea/tesi/ros2_mapf_cbs/cbs_ros2_project/install/cbs_interfaces/include/cbs_interfaces/cbs_interfaces/msg/detail/start_goal__rosidl_typesupport_introspection_c.h
[5.566s] -- Up-to-date symlink: /home/andrea/tesi/ros2_mapf_cbs/cbs_ros2_project/install/cbs_interfaces/include/cbs_interfaces/cbs_interfaces/msg/detail/vertex_constraint__rosidl_typesupport_introspection_c.h
[5.566s] -- Up-to-date symlink: /home/andrea/tesi/ros2_mapf_cbs/cbs_ros2_project/install/cbs_interfaces/include/cbs_interfaces/cbs_interfaces/msg/rosidl_typesupport_introspection_c__visibility_control.h
[5.566s] -- Up-to-date symlink: /home/andrea/tesi/ros2_mapf_cbs/cbs_ros2_project/install/cbs_interfaces/include/cbs_interfaces/cbs_interfaces/srv/detail/computed_plans__rosidl_typesupport_introspection_c.h
[5.566s] -- Up-to-date symlink: /home/andrea/tesi/ros2_mapf_cbs/cbs_ros2_project/install/cbs_interfaces/include/cbs_interfaces/cbs_interfaces/srv/detail/start_goal_pose_stamped__rosidl_typesupport_introspection_c.h
[5.566s] -- Up-to-date symlink: /home/andrea/tesi/ros2_mapf_cbs/cbs_ros2_project/install/cbs_interfaces/include/cbs_interfaces/cbs_interfaces/srv/detail/start_goal_positions__rosidl_typesupport_introspection_c.h
[5.566s] -- Up-to-date symlink: /home/andrea/tesi/ros2_mapf_cbs/cbs_ros2_project/install/cbs_interfaces/include/cbs_interfaces/cbs_interfaces/action/detail/compute_path_to_pose_cbs__rosidl_typesupport_introspection_cpp.hpp
[5.566s] -- Up-to-date symlink: /home/andrea/tesi/ros2_mapf_cbs/cbs_ros2_project/install/cbs_interfaces/include/cbs_interfaces/cbs_interfaces/msg/detail/agent_path__rosidl_typesupport_introspection_cpp.hpp
[5.566s] -- Up-to-date symlink: /home/andrea/tesi/ros2_mapf_cbs/cbs_ros2_project/install/cbs_interfaces/include/cbs_interfaces/cbs_interfaces/msg/detail/agent_path_request__rosidl_typesupport_introspection_cpp.hpp
[5.566s] -- Up-to-date symlink: /home/andrea/tesi/ros2_mapf_cbs/cbs_ros2_project/install/cbs_interfaces/include/cbs_interfaces/cbs_interfaces/msg/detail/coordinates3_d__rosidl_typesupport_introspection_cpp.hpp
[5.566s] -- Up-to-date symlink: /home/andrea/tesi/ros2_mapf_cbs/cbs_ros2_project/install/cbs_interfaces/include/cbs_interfaces/cbs_interfaces/msg/detail/edge_constraint__rosidl_typesupport_introspection_cpp.hpp
[5.567s] -- Up-to-date symlink: /home/andrea/tesi/ros2_mapf_cbs/cbs_ros2_project/install/cbs_interfaces/include/cbs_interfaces/cbs_interfaces/msg/detail/start_goal__rosidl_typesupport_introspection_cpp.hpp
[5.567s] -- Up-to-date symlink: /home/andrea/tesi/ros2_mapf_cbs/cbs_ros2_project/install/cbs_interfaces/include/cbs_interfaces/cbs_interfaces/msg/detail/vertex_constraint__rosidl_typesupport_introspection_cpp.hpp
[5.567s] -- Up-to-date symlink: /home/andrea/tesi/ros2_mapf_cbs/cbs_ros2_project/install/cbs_interfaces/include/cbs_interfaces/cbs_interfaces/srv/detail/computed_plans__rosidl_typesupport_introspection_cpp.hpp
[5.567s] -- Up-to-date symlink: /home/andrea/tesi/ros2_mapf_cbs/cbs_ros2_project/install/cbs_interfaces/include/cbs_interfaces/cbs_interfaces/srv/detail/start_goal_pose_stamped__rosidl_typesupport_introspection_cpp.hpp
[5.567s] -- Up-to-date symlink: /home/andrea/tesi/ros2_mapf_cbs/cbs_ros2_project/install/cbs_interfaces/include/cbs_interfaces/cbs_interfaces/srv/detail/start_goal_positions__rosidl_typesupport_introspection_cpp.hpp
[5.567s] -- Up-to-date symlink: /home/andrea/tesi/ros2_mapf_cbs/cbs_ros2_project/install/cbs_interfaces/share/cbs_interfaces/environment/pythonpath.sh
[5.567s] -- Up-to-date symlink: /home/andrea/tesi/ros2_mapf_cbs/cbs_ros2_project/install/cbs_interfaces/share/cbs_interfaces/environment/pythonpath.dsv
[5.567s] -- Up-to-date symlink: /home/andrea/tesi/ros2_mapf_cbs/cbs_ros2_project/install/cbs_interfaces/local/lib/python3.10/dist-packages/cbs_interfaces-0.0.0-py3.10.egg-info/PKG-INFO
[5.567s] -- Up-to-date symlink: /home/andrea/tesi/ros2_mapf_cbs/cbs_ros2_project/install/cbs_interfaces/local/lib/python3.10/dist-packages/cbs_interfaces-0.0.0-py3.10.egg-info/SOURCES.txt
[5.567s] -- Up-to-date symlink: /home/andrea/tesi/ros2_mapf_cbs/cbs_ros2_project/install/cbs_interfaces/local/lib/python3.10/dist-packages/cbs_interfaces-0.0.0-py3.10.egg-info/dependency_links.txt
[5.567s] -- Up-to-date symlink: /home/andrea/tesi/ros2_mapf_cbs/cbs_ros2_project/install/cbs_interfaces/local/lib/python3.10/dist-packages/cbs_interfaces-0.0.0-py3.10.egg-info/top_level.txt
[5.568s] -- Up-to-date symlink: /home/andrea/tesi/ros2_mapf_cbs/cbs_ros2_project/install/cbs_interfaces/local/lib/python3.10/dist-packages/cbs_interfaces/__init__.py
[5.568s] -- Up-to-date symlink: /home/andrea/tesi/ros2_mapf_cbs/cbs_ros2_project/install/cbs_interfaces/local/lib/python3.10/dist-packages/cbs_interfaces/_cbs_interfaces_s.ep.rosidl_typesupport_c.c
[5.568s] -- Up-to-date symlink: /home/andrea/tesi/ros2_mapf_cbs/cbs_ros2_project/install/cbs_interfaces/local/lib/python3.10/dist-packages/cbs_interfaces/_cbs_interfaces_s.ep.rosidl_typesupport_fastrtps_c.c
[5.568s] -- Up-to-date symlink: /home/andrea/tesi/ros2_mapf_cbs/cbs_ros2_project/install/cbs_interfaces/local/lib/python3.10/dist-packages/cbs_interfaces/_cbs_interfaces_s.ep.rosidl_typesupport_introspection_c.c
[5.568s] -- Up-to-date symlink: /home/andrea/tesi/ros2_mapf_cbs/cbs_ros2_project/install/cbs_interfaces/local/lib/python3.10/dist-packages/cbs_interfaces/action/__init__.py
[5.568s] -- Up-to-date symlink: /home/andrea/tesi/ros2_mapf_cbs/cbs_ros2_project/install/cbs_interfaces/local/lib/python3.10/dist-packages/cbs_interfaces/action/_compute_path_to_pose_cbs.py
[5.568s] -- Up-to-date symlink: /home/andrea/tesi/ros2_mapf_cbs/cbs_ros2_project/install/cbs_interfaces/local/lib/python3.10/dist-packages/cbs_interfaces/action/_compute_path_to_pose_cbs_s.c
[5.568s] -- Up-to-date symlink: /home/andrea/tesi/ros2_mapf_cbs/cbs_ros2_project/install/cbs_interfaces/local/lib/python3.10/dist-packages/cbs_interfaces/cbs_interfaces_s__rosidl_typesupport_c.cpython-310-x86_64-linux-gnu.so
[5.568s] -- Up-to-date symlink: /home/andrea/tesi/ros2_mapf_cbs/cbs_ros2_project/install/cbs_interfaces/local/lib/python3.10/dist-packages/cbs_interfaces/cbs_interfaces_s__rosidl_typesupport_fastrtps_c.cpython-310-x86_64-linux-gnu.so
[5.568s] -- Up-to-date symlink: /home/andrea/tesi/ros2_mapf_cbs/cbs_ros2_project/install/cbs_interfaces/local/lib/python3.10/dist-packages/cbs_interfaces/cbs_interfaces_s__rosidl_typesupport_introspection_c.cpython-310-x86_64-linux-gnu.so
[5.568s] -- Up-to-date symlink: /home/andrea/tesi/ros2_mapf_cbs/cbs_ros2_project/install/cbs_interfaces/local/lib/python3.10/dist-packages/cbs_interfaces/libcbs_interfaces__rosidl_generator_py.so
[5.568s] -- Up-to-date symlink: /home/andrea/tesi/ros2_mapf_cbs/cbs_ros2_project/install/cbs_interfaces/local/lib/python3.10/dist-packages/cbs_interfaces/msg/__init__.py
[5.569s] -- Up-to-date symlink: /home/andrea/tesi/ros2_mapf_cbs/cbs_ros2_project/install/cbs_interfaces/local/lib/python3.10/dist-packages/cbs_interfaces/msg/_agent_path.py
[5.569s] -- Up-to-date symlink: /home/andrea/tesi/ros2_mapf_cbs/cbs_ros2_project/install/cbs_interfaces/local/lib/python3.10/dist-packages/cbs_interfaces/msg/_agent_path_request.py
[5.569s] -- Up-to-date symlink: /home/andrea/tesi/ros2_mapf_cbs/cbs_ros2_project/install/cbs_interfaces/local/lib/python3.10/dist-packages/cbs_interfaces/msg/_agent_path_request_s.c
[5.569s] -- Up-to-date symlink: /home/andrea/tesi/ros2_mapf_cbs/cbs_ros2_project/install/cbs_interfaces/local/lib/python3.10/dist-packages/cbs_interfaces/msg/_agent_path_s.c
[5.569s] -- Up-to-date symlink: /home/andrea/tesi/ros2_mapf_cbs/cbs_ros2_project/install/cbs_interfaces/local/lib/python3.10/dist-packages/cbs_interfaces/msg/_coordinates3_d.py
[5.569s] -- Up-to-date symlink: /home/andrea/tesi/ros2_mapf_cbs/cbs_ros2_project/install/cbs_interfaces/local/lib/python3.10/dist-packages/cbs_interfaces/msg/_coordinates3_d_s.c
[5.569s] -- Up-to-date symlink: /home/andrea/tesi/ros2_mapf_cbs/cbs_ros2_project/install/cbs_interfaces/local/lib/python3.10/dist-packages/cbs_interfaces/msg/_edge_constraint.py
[5.569s] -- Up-to-date symlink: /home/andrea/tesi/ros2_mapf_cbs/cbs_ros2_project/install/cbs_interfaces/local/lib/python3.10/dist-packages/cbs_interfaces/msg/_edge_constraint_s.c
[5.569s] -- Up-to-date symlink: /home/andrea/tesi/ros2_mapf_cbs/cbs_ros2_project/install/cbs_interfaces/local/lib/python3.10/dist-packages/cbs_interfaces/msg/_start_goal.py
[5.569s] -- Up-to-date symlink: /home/andrea/tesi/ros2_mapf_cbs/cbs_ros2_project/install/cbs_interfaces/local/lib/python3.10/dist-packages/cbs_interfaces/msg/_start_goal_s.c
[5.569s] -- Up-to-date symlink: /home/andrea/tesi/ros2_mapf_cbs/cbs_ros2_project/install/cbs_interfaces/local/lib/python3.10/dist-packages/cbs_interfaces/msg/_vertex_constraint.py
[5.569s] -- Up-to-date symlink: /home/andrea/tesi/ros2_mapf_cbs/cbs_ros2_project/install/cbs_interfaces/local/lib/python3.10/dist-packages/cbs_interfaces/msg/_vertex_constraint_s.c
[5.570s] -- Up-to-date symlink: /home/andrea/tesi/ros2_mapf_cbs/cbs_ros2_project/install/cbs_interfaces/local/lib/python3.10/dist-packages/cbs_interfaces/srv/__init__.py
[5.570s] -- Up-to-date symlink: /home/andrea/tesi/ros2_mapf_cbs/cbs_ros2_project/install/cbs_interfaces/local/lib/python3.10/dist-packages/cbs_interfaces/srv/_computed_plans.py
[5.570s] -- Up-to-date symlink: /home/andrea/tesi/ros2_mapf_cbs/cbs_ros2_project/install/cbs_interfaces/local/lib/python3.10/dist-packages/cbs_interfaces/srv/_computed_plans_s.c
[5.570s] -- Up-to-date symlink: /home/andrea/tesi/ros2_mapf_cbs/cbs_ros2_project/install/cbs_interfaces/local/lib/python3.10/dist-packages/cbs_interfaces/srv/_start_goal_pose_stamped.py
[5.570s] -- Up-to-date symlink: /home/andrea/tesi/ros2_mapf_cbs/cbs_ros2_project/install/cbs_interfaces/local/lib/python3.10/dist-packages/cbs_interfaces/srv/_start_goal_pose_stamped_s.c
[5.570s] -- Up-to-date symlink: /home/andrea/tesi/ros2_mapf_cbs/cbs_ros2_project/install/cbs_interfaces/local/lib/python3.10/dist-packages/cbs_interfaces/srv/_start_goal_positions.py
[5.570s] -- Up-to-date symlink: /home/andrea/tesi/ros2_mapf_cbs/cbs_ros2_project/install/cbs_interfaces/local/lib/python3.10/dist-packages/cbs_interfaces/srv/_start_goal_positions_s.c
[5.570s] -- Up-to-date symlink: /home/andrea/tesi/ros2_mapf_cbs/cbs_ros2_project/install/cbs_interfaces/local/lib/python3.10/dist-packages/cbs_interfaces/cbs_interfaces_s__rosidl_typesupport_fastrtps_c.cpython-310-x86_64-linux-gnu.so
[5.570s] -- Up-to-date symlink: /home/andrea/tesi/ros2_mapf_cbs/cbs_ros2_project/install/cbs_interfaces/local/lib/python3.10/dist-packages/cbs_interfaces/cbs_interfaces_s__rosidl_typesupport_introspection_c.cpython-310-x86_64-linux-gnu.so
[5.570s] -- Up-to-date symlink: /home/andrea/tesi/ros2_mapf_cbs/cbs_ros2_project/install/cbs_interfaces/local/lib/python3.10/dist-packages/cbs_interfaces/cbs_interfaces_s__rosidl_typesupport_c.cpython-310-x86_64-linux-gnu.so
[5.570s] -- Up-to-date symlink: /home/andrea/tesi/ros2_mapf_cbs/cbs_ros2_project/install/cbs_interfaces/share/cbs_interfaces/srv/StartGoalPoseStamped.idl
[5.570s] -- Up-to-date symlink: /home/andrea/tesi/ros2_mapf_cbs/cbs_ros2_project/install/cbs_interfaces/share/cbs_interfaces/srv/StartGoalPositions.idl
[5.570s] -- Up-to-date symlink: /home/andrea/tesi/ros2_mapf_cbs/cbs_ros2_project/install/cbs_interfaces/share/cbs_interfaces/srv/ComputedPlans.idl
[5.571s] -- Up-to-date symlink: /home/andrea/tesi/ros2_mapf_cbs/cbs_ros2_project/install/cbs_interfaces/share/cbs_interfaces/msg/AgentPathRequest.idl
[5.571s] -- Up-to-date symlink: /home/andrea/tesi/ros2_mapf_cbs/cbs_ros2_project/install/cbs_interfaces/share/cbs_interfaces/msg/AgentPath.idl
[5.571s] -- Up-to-date symlink: /home/andrea/tesi/ros2_mapf_cbs/cbs_ros2_project/install/cbs_interfaces/share/cbs_interfaces/msg/VertexConstraint.idl
[5.571s] -- Up-to-date symlink: /home/andrea/tesi/ros2_mapf_cbs/cbs_ros2_project/install/cbs_interfaces/share/cbs_interfaces/msg/EdgeConstraint.idl
[5.571s] -- Up-to-date symlink: /home/andrea/tesi/ros2_mapf_cbs/cbs_ros2_project/install/cbs_interfaces/share/cbs_interfaces/msg/Coordinates3D.idl
[5.571s] -- Up-to-date symlink: /home/andrea/tesi/ros2_mapf_cbs/cbs_ros2_project/install/cbs_interfaces/share/cbs_interfaces/msg/StartGoal.idl
[5.571s] -- Up-to-date symlink: /home/andrea/tesi/ros2_mapf_cbs/cbs_ros2_project/install/cbs_interfaces/share/cbs_interfaces/action/ComputePathToPoseCBS.idl
[5.571s] -- Up-to-date symlink: /home/andrea/tesi/ros2_mapf_cbs/cbs_ros2_project/install/cbs_interfaces/share/cbs_interfaces/srv/StartGoalPoseStamped.srv
[5.571s] -- Up-to-date symlink: /home/andrea/tesi/ros2_mapf_cbs/cbs_ros2_project/install/cbs_interfaces/share/cbs_interfaces/srv/StartGoalPoseStamped_Request.msg
[5.571s] -- Up-to-date symlink: /home/andrea/tesi/ros2_mapf_cbs/cbs_ros2_project/install/cbs_interfaces/share/cbs_interfaces/srv/StartGoalPoseStamped_Response.msg
[5.571s] -- Up-to-date symlink: /home/andrea/tesi/ros2_mapf_cbs/cbs_ros2_project/install/cbs_interfaces/share/cbs_interfaces/srv/StartGoalPositions.srv
[5.571s] -- Up-to-date symlink: /home/andrea/tesi/ros2_mapf_cbs/cbs_ros2_project/install/cbs_interfaces/share/cbs_interfaces/srv/StartGoalPositions_Request.msg
[5.571s] -- Up-to-date symlink: /home/andrea/tesi/ros2_mapf_cbs/cbs_ros2_project/install/cbs_interfaces/share/cbs_interfaces/srv/StartGoalPositions_Response.msg
[5.572s] -- Up-to-date symlink: /home/andrea/tesi/ros2_mapf_cbs/cbs_ros2_project/install/cbs_interfaces/share/cbs_interfaces/srv/ComputedPlans.srv
[5.572s] -- Up-to-date symlink: /home/andrea/tesi/ros2_mapf_cbs/cbs_ros2_project/install/cbs_interfaces/share/cbs_interfaces/srv/ComputedPlans_Request.msg
[5.572s] -- Up-to-date symlink: /home/andrea/tesi/ros2_mapf_cbs/cbs_ros2_project/install/cbs_interfaces/share/cbs_interfaces/srv/ComputedPlans_Response.msg
[5.572s] -- Up-to-date symlink: /home/andrea/tesi/ros2_mapf_cbs/cbs_ros2_project/install/cbs_interfaces/share/cbs_interfaces/msg/AgentPathRequest.msg
[5.572s] -- Up-to-date symlink: /home/andrea/tesi/ros2_mapf_cbs/cbs_ros2_project/install/cbs_interfaces/share/cbs_interfaces/msg/AgentPath.msg
[5.572s] -- Up-to-date symlink: /home/andrea/tesi/ros2_mapf_cbs/cbs_ros2_project/install/cbs_interfaces/share/cbs_interfaces/msg/VertexConstraint.msg
[5.572s] -- Up-to-date symlink: /home/andrea/tesi/ros2_mapf_cbs/cbs_ros2_project/install/cbs_interfaces/share/cbs_interfaces/msg/EdgeConstraint.msg
[5.572s] -- Up-to-date symlink: /home/andrea/tesi/ros2_mapf_cbs/cbs_ros2_project/install/cbs_interfaces/share/cbs_interfaces/msg/Coordinates3D.msg
[5.572s] -- Up-to-date symlink: /home/andrea/tesi/ros2_mapf_cbs/cbs_ros2_project/install/cbs_interfaces/share/cbs_interfaces/msg/StartGoal.msg
[5.572s] -- Up-to-date symlink: /home/andrea/tesi/ros2_mapf_cbs/cbs_ros2_project/install/cbs_interfaces/share/cbs_interfaces/action/ComputePathToPoseCBS.action
[5.572s] -- Up-to-date symlink: /home/andrea/tesi/ros2_mapf_cbs/cbs_ros2_project/install/cbs_interfaces/share/ament_index/resource_index/package_run_dependencies/cbs_interfaces
[5.572s] -- Up-to-date symlink: /home/andrea/tesi/ros2_mapf_cbs/cbs_ros2_project/install/cbs_interfaces/share/ament_index/resource_index/parent_prefix_path/cbs_interfaces
[5.572s] -- Up-to-date symlink: /home/andrea/tesi/ros2_mapf_cbs/cbs_ros2_project/install/cbs_interfaces/share/cbs_interfaces/environment/ament_prefix_path.sh
[5.573s] -- Up-to-date symlink: /home/andrea/tesi/ros2_mapf_cbs/cbs_ros2_project/install/cbs_interfaces/share/cbs_interfaces/environment/ament_prefix_path.dsv
[5.573s] -- Up-to-date symlink: /home/andrea/tesi/ros2_mapf_cbs/cbs_ros2_project/install/cbs_interfaces/share/cbs_interfaces/environment/path.sh
[5.573s] -- Up-to-date symlink: /home/andrea/tesi/ros2_mapf_cbs/cbs_ros2_project/install/cbs_interfaces/share/cbs_interfaces/environment/path.dsv
[5.573s] -- Up-to-date symlink: /home/andrea/tesi/ros2_mapf_cbs/cbs_ros2_project/install/cbs_interfaces/share/cbs_interfaces/local_setup.bash
[5.573s] -- Up-to-date symlink: /home/andrea/tesi/ros2_mapf_cbs/cbs_ros2_project/install/cbs_interfaces/share/cbs_interfaces/local_setup.sh
[5.573s] -- Up-to-date symlink: /home/andrea/tesi/ros2_mapf_cbs/cbs_ros2_project/install/cbs_interfaces/share/cbs_interfaces/local_setup.zsh
[5.573s] -- Up-to-date symlink: /home/andrea/tesi/ros2_mapf_cbs/cbs_ros2_project/install/cbs_interfaces/share/cbs_interfaces/local_setup.dsv
[5.573s] -- Symlinking: /home/andrea/tesi/ros2_mapf_cbs/cbs_ros2_project/install/cbs_interfaces/share/cbs_interfaces/package.dsv
[5.580s] -- Up-to-date symlink: /home/andrea/tesi/ros2_mapf_cbs/cbs_ros2_project/install/cbs_interfaces/share/ament_index/resource_index/packages/cbs_interfaces
[5.580s] -- Up-to-date symlink: /home/andrea/tesi/ros2_mapf_cbs/cbs_ros2_project/install/cbs_interfaces/share/cbs_interfaces/cmake/rosidl_cmake-extras.cmake
[5.580s] -- Up-to-date symlink: /home/andrea/tesi/ros2_mapf_cbs/cbs_ros2_project/install/cbs_interfaces/share/cbs_interfaces/cmake/ament_cmake_export_dependencies-extras.cmake
[5.580s] -- Up-to-date symlink: /home/andrea/tesi/ros2_mapf_cbs/cbs_ros2_project/install/cbs_interfaces/share/cbs_interfaces/cmake/ament_cmake_export_include_directories-extras.cmake
[5.580s] -- Up-to-date symlink: /home/andrea/tesi/ros2_mapf_cbs/cbs_ros2_project/install/cbs_interfaces/share/cbs_interfaces/cmake/ament_cmake_export_libraries-extras.cmake
[5.581s] -- Up-to-date symlink: /home/andrea/tesi/ros2_mapf_cbs/cbs_ros2_project/install/cbs_interfaces/share/cbs_interfaces/cmake/ament_cmake_export_targets-extras.cmake
[5.581s] -- Up-to-date symlink: /home/andrea/tesi/ros2_mapf_cbs/cbs_ros2_project/install/cbs_interfaces/share/cbs_interfaces/cmake/rosidl_cmake_export_typesupport_targets-extras.cmake
[5.581s] -- Up-to-date symlink: /home/andrea/tesi/ros2_mapf_cbs/cbs_ros2_project/install/cbs_interfaces/share/cbs_interfaces/cmake/rosidl_cmake_export_typesupport_libraries-extras.cmake
[5.581s] -- Up-to-date symlink: /home/andrea/tesi/ros2_mapf_cbs/cbs_ros2_project/install/cbs_interfaces/share/cbs_interfaces/cmake/cbs_interfacesConfig.cmake
[5.581s] -- Up-to-date symlink: /home/andrea/tesi/ros2_mapf_cbs/cbs_ros2_project/install/cbs_interfaces/share/cbs_interfaces/cmake/cbs_interfacesConfig-version.cmake
[5.581s] -- Up-to-date symlink: /home/andrea/tesi/ros2_mapf_cbs/cbs_ros2_project/install/cbs_interfaces/share/cbs_interfaces/package.xml
[5.581s] -- Installing: /home/andrea/tesi/ros2_mapf_cbs/cbs_ros2_project/install/cbs_interfaces/lib/libcbs_interfaces__rosidl_generator_c.so
[5.581s] -- Set runtime path of "/home/andrea/tesi/ros2_mapf_cbs/cbs_ros2_project/install/cbs_interfaces/lib/libcbs_interfaces__rosidl_generator_c.so" to ""
[5.582s] -- Installing: /home/andrea/tesi/ros2_mapf_cbs/cbs_ros2_project/install/cbs_interfaces/lib/libcbs_interfaces__rosidl_typesupport_fastrtps_c.so
[5.582s] -- Set runtime path of "/home/andrea/tesi/ros2_mapf_cbs/cbs_ros2_project/install/cbs_interfaces/lib/libcbs_interfaces__rosidl_typesupport_fastrtps_c.so" to ""
[5.582s] -- Installing: /home/andrea/tesi/ros2_mapf_cbs/cbs_ros2_project/install/cbs_interfaces/lib/libcbs_interfaces__rosidl_typesupport_fastrtps_cpp.so
[5.582s] -- Set runtime path of "/home/andrea/tesi/ros2_mapf_cbs/cbs_ros2_project/install/cbs_interfaces/lib/libcbs_interfaces__rosidl_typesupport_fastrtps_cpp.so" to ""
[5.582s] -- Installing: /home/andrea/tesi/ros2_mapf_cbs/cbs_ros2_project/install/cbs_interfaces/lib/libcbs_interfaces__rosidl_typesupport_introspection_c.so
[5.583s] -- Set runtime path of "/home/andrea/tesi/ros2_mapf_cbs/cbs_ros2_project/install/cbs_interfaces/lib/libcbs_interfaces__rosidl_typesupport_introspection_c.so" to ""
[5.583s] -- Installing: /home/andrea/tesi/ros2_mapf_cbs/cbs_ros2_project/install/cbs_interfaces/lib/libcbs_interfaces__rosidl_typesupport_c.so
[5.583s] -- Set runtime path of "/home/andrea/tesi/ros2_mapf_cbs/cbs_ros2_project/install/cbs_interfaces/lib/libcbs_interfaces__rosidl_typesupport_c.so" to ""
[5.583s] -- Installing: /home/andrea/tesi/ros2_mapf_cbs/cbs_ros2_project/install/cbs_interfaces/lib/libcbs_interfaces__rosidl_typesupport_introspection_cpp.so
[5.584s] -- Set runtime path of "/home/andrea/tesi/ros2_mapf_cbs/cbs_ros2_project/install/cbs_interfaces/lib/libcbs_interfaces__rosidl_typesupport_introspection_cpp.so" to ""
[5.584s] -- Installing: /home/andrea/tesi/ros2_mapf_cbs/cbs_ros2_project/install/cbs_interfaces/lib/libcbs_interfaces__rosidl_typesupport_cpp.so
[5.584s] -- Set runtime path of "/home/andrea/tesi/ros2_mapf_cbs/cbs_ros2_project/install/cbs_interfaces/lib/libcbs_interfaces__rosidl_typesupport_cpp.so" to ""
[5.607s] Listing '/home/andrea/tesi/ros2_mapf_cbs/cbs_ros2_project/install/cbs_interfaces/local/lib/python3.10/dist-packages/cbs_interfaces'...
[5.607s] Compiling '/home/andrea/tesi/ros2_mapf_cbs/cbs_ros2_project/install/cbs_interfaces/local/lib/python3.10/dist-packages/cbs_interfaces/__init__.py'...
[5.607s] Listing '/home/andrea/tesi/ros2_mapf_cbs/cbs_ros2_project/install/cbs_interfaces/local/lib/python3.10/dist-packages/cbs_interfaces/action'...
[5.607s] Listing '/home/andrea/tesi/ros2_mapf_cbs/cbs_ros2_project/install/cbs_interfaces/local/lib/python3.10/dist-packages/cbs_interfaces/msg'...
[5.607s] Listing '/home/andrea/tesi/ros2_mapf_cbs/cbs_ros2_project/install/cbs_interfaces/local/lib/python3.10/dist-packages/cbs_interfaces/srv'...
[5.610s] -- Installing: /home/andrea/tesi/ros2_mapf_cbs/cbs_ros2_project/install/cbs_interfaces/lib/libcbs_interfaces__rosidl_generator_py.so
[5.610s] -- Set runtime path of "/home/andrea/tesi/ros2_mapf_cbs/cbs_ros2_project/install/cbs_interfaces/lib/libcbs_interfaces__rosidl_generator_py.so" to ""
[5.610s] -- Up-to-date: /home/andrea/tesi/ros2_mapf_cbs/cbs_ros2_project/install/cbs_interfaces/share/cbs_interfaces/cmake/export_cbs_interfaces__rosidl_generator_cExport.cmake
[5.610s] -- Up-to-date: /home/andrea/tesi/ros2_mapf_cbs/cbs_ros2_project/install/cbs_interfaces/share/cbs_interfaces/cmake/export_cbs_interfaces__rosidl_generator_cExport-noconfig.cmake
[5.610s] -- Up-to-date: /home/andrea/tesi/ros2_mapf_cbs/cbs_ros2_project/install/cbs_interfaces/share/cbs_interfaces/cmake/export_cbs_interfaces__rosidl_typesupport_fastrtps_cExport.cmake
[5.611s] -- Up-to-date: /home/andrea/tesi/ros2_mapf_cbs/cbs_ros2_project/install/cbs_interfaces/share/cbs_interfaces/cmake/export_cbs_interfaces__rosidl_typesupport_fastrtps_cExport-noconfig.cmake
[5.611s] -- Up-to-date: /home/andrea/tesi/ros2_mapf_cbs/cbs_ros2_project/install/cbs_interfaces/share/cbs_interfaces/cmake/export_cbs_interfaces__rosidl_generator_cppExport.cmake
[5.611s] -- Up-to-date: /home/andrea/tesi/ros2_mapf_cbs/cbs_ros2_project/install/cbs_interfaces/share/cbs_interfaces/cmake/export_cbs_interfaces__rosidl_typesupport_fastrtps_cppExport.cmake
[5.611s] -- Up-to-date: /home/andrea/tesi/ros2_mapf_cbs/cbs_ros2_project/install/cbs_interfaces/share/cbs_interfaces/cmake/export_cbs_interfaces__rosidl_typesupport_fastrtps_cppExport-noconfig.cmake
[5.611s] -- Up-to-date: /home/andrea/tesi/ros2_mapf_cbs/cbs_ros2_project/install/cbs_interfaces/share/cbs_interfaces/cmake/cbs_interfaces__rosidl_typesupport_introspection_cExport.cmake
[5.611s] -- Up-to-date: /home/andrea/tesi/ros2_mapf_cbs/cbs_ros2_project/install/cbs_interfaces/share/cbs_interfaces/cmake/cbs_interfaces__rosidl_typesupport_introspection_cExport-noconfig.cmake
[5.611s] -- Up-to-date: /home/andrea/tesi/ros2_mapf_cbs/cbs_ros2_project/install/cbs_interfaces/share/cbs_interfaces/cmake/cbs_interfaces__rosidl_typesupport_cExport.cmake
[5.611s] -- Up-to-date: /home/andrea/tesi/ros2_mapf_cbs/cbs_ros2_project/install/cbs_interfaces/share/cbs_interfaces/cmake/cbs_interfaces__rosidl_typesupport_cExport-noconfig.cmake
[5.611s] -- Up-to-date: /home/andrea/tesi/ros2_mapf_cbs/cbs_ros2_project/install/cbs_interfaces/share/cbs_interfaces/cmake/cbs_interfaces__rosidl_typesupport_introspection_cppExport.cmake
[5.611s] -- Up-to-date: /home/andrea/tesi/ros2_mapf_cbs/cbs_ros2_project/install/cbs_interfaces/share/cbs_interfaces/cmake/cbs_interfaces__rosidl_typesupport_introspection_cppExport-noconfig.cmake
[5.611s] -- Up-to-date: /home/andrea/tesi/ros2_mapf_cbs/cbs_ros2_project/install/cbs_interfaces/share/cbs_interfaces/cmake/cbs_interfaces__rosidl_typesupport_cppExport.cmake
[5.611s] -- Up-to-date: /home/andrea/tesi/ros2_mapf_cbs/cbs_ros2_project/install/cbs_interfaces/share/cbs_interfaces/cmake/cbs_interfaces__rosidl_typesupport_cppExport-noconfig.cmake
[5.611s] -- Up-to-date: /home/andrea/tesi/ros2_mapf_cbs/cbs_ros2_project/install/cbs_interfaces/share/cbs_interfaces/cmake/export_cbs_interfaces__rosidl_generator_pyExport.cmake
[5.612s] -- Up-to-date: /home/andrea/tesi/ros2_mapf_cbs/cbs_ros2_project/install/cbs_interfaces/share/cbs_interfaces/cmake/export_cbs_interfaces__rosidl_generator_pyExport-noconfig.cmake
[5.612s] Invoked command in '/home/andrea/tesi/ros2_mapf_cbs/cbs_ros2_project/build/cbs_interfaces' returned '0': CMAKE_PREFIX_PATH=${CMAKE_PREFIX_PATH}:/home/andrea/tesi/ros2_mapf_cbs/cbs_ros2_project/install/cbs_nodes:/opt/ros/humble /usr/bin/cmake --install /home/andrea/tesi/ros2_mapf_cbs/cbs_ros2_project/build/cbs_interfaces
