[0.139s] Invoking command in '/home/andrea/tesi/ros2_mapf_cbs/project_1/build/my_nav2_core': CMAKE_PREFIX_PATH=/home/andrea/tesi/ros2_mapf_cbs/project_1/install/my_intermediate_interfaces:/home/andrea/tesi/ros2_mapf_cbs/project_1/install/turtlebot3_multi_robot:/home/andrea/tesi/ros2_mapf_cbs/project_1/install/nav2_straightline_planner:/home/andrea/tesi/ros2_mapf_cbs/project_1/install/my_try_bringup:/home/andrea/tesi/ros2_mapf_cbs/project_1/install/my_nav2_smac_planner:/home/andrea/tesi/ros2_mapf_cbs/project_1/install/my_nav2_planner:/home/andrea/tesi/ros2_mapf_cbs/project_1/install/my_nav2_navfn_planner:/home/andrea/tesi/ros2_mapf_cbs/project_1/install/my_nav2_core:/home/andrea/tesi/ros2_mapf_cbs/simple_example/install/my_robot_bringup:/home/andrea/tesi/ros2_mapf_cbs/simple_example/install/my_robot_interfaces:/home/andrea/tesi/ros2_mapf_cbs/project_1/install/my_package:/home/andrea/tesi/ros2_mapf_cbs/project_1/install/my_intermediate:/home/andrea/tesi/ros2_mapf_cbs/simple_example/install/my_py_pkg:/opt/ros/humble LD_LIBRARY_PATH=/home/andrea/tesi/ros2_mapf_cbs/project_1/install/my_intermediate_interfaces/lib:/home/andrea/tesi/ros2_mapf_cbs/project_1/install/nav2_straightline_planner/lib:/home/andrea/tesi/ros2_mapf_cbs/project_1/install/my_nav2_smac_planner/lib:/home/andrea/tesi/ros2_mapf_cbs/project_1/install/my_nav2_planner/lib:/home/andrea/tesi/ros2_mapf_cbs/project_1/install/my_nav2_navfn_planner/lib:/home/andrea/tesi/ros2_mapf_cbs/simple_example/install/my_robot_interfaces/lib:/usr/lib/x86_64-linux-gnu/gazebo-11/plugins:/opt/ros/humble/opt/rviz_ogre_vendor/lib:/opt/ros/humble/lib/x86_64-linux-gnu:/opt/ros/humble/lib:/home/andrea/ws_online/build/ros2_bdi_on_litter_world /usr/bin/cmake /home/andrea/tesi/ros2_mapf_cbs/project_1/src/my_nav2_core -DAMENT_CMAKE_SYMLINK_INSTALL=1 -DCMAKE_INSTALL_PREFIX=/home/andrea/tesi/ros2_mapf_cbs/project_1/install/my_nav2_core
[0.213s] -- The C compiler identification is GNU 11.4.0
[0.280s] -- The CXX compiler identification is GNU 11.4.0
[0.289s] -- Detecting C compiler ABI info
[0.366s] -- Detecting C compiler ABI info - done
[0.372s] -- Check for working C compiler: /usr/bin/cc - skipped
[0.373s] -- Detecting C compile features
[0.373s] -- Detecting C compile features - done
[0.376s] -- Detecting CXX compiler ABI info
[0.458s] -- Detecting CXX compiler ABI info - done
[0.466s] -- Check for working CXX compiler: /usr/bin/c++ - skipped
[0.466s] -- Detecting CXX compile features
[0.467s] -- Detecting CXX compile features - done
[0.469s] -- Found ament_cmake: 1.3.5 (/opt/ros/humble/share/ament_cmake/cmake)
[0.629s] -- Found Python3: /usr/bin/python3.10 (found version "3.10.12") found components: Interpreter 
[0.682s] -- Override CMake install command with custom implementation using symlinks instead of copying resources
[0.714s] -- Found nav2_common: 1.1.12 (/opt/ros/humble/share/nav2_common/cmake)
[0.716s] -- Found rclcpp: 16.0.6 (/opt/ros/humble/share/rclcpp/cmake)
[0.755s] -- Found rosidl_generator_c: 3.1.5 (/opt/ros/humble/share/rosidl_generator_c/cmake)
[0.764s] -- Found rosidl_adapter: 3.1.5 (/opt/ros/humble/share/rosidl_adapter/cmake)
[0.768s] -- Found rosidl_generator_cpp: 3.1.5 (/opt/ros/humble/share/rosidl_generator_cpp/cmake)
[0.779s] -- Using all available rosidl_typesupport_c: rosidl_typesupport_fastrtps_c;rosidl_typesupport_introspection_c
[0.804s] -- Using all available rosidl_typesupport_cpp: rosidl_typesupport_fastrtps_cpp;rosidl_typesupport_introspection_cpp
[0.904s] -- Found rmw_implementation_cmake: 6.1.1 (/opt/ros/humble/share/rmw_implementation_cmake/cmake)
[0.908s] -- Found rmw_cyclonedds_cpp: 1.3.4 (/opt/ros/humble/share/rmw_cyclonedds_cpp/cmake)
[0.956s] -- Using RMW implementation 'rmw_cyclonedds_cpp' as default
[0.969s] -- Looking for pthread.h
[1.051s] -- Looking for pthread.h - found
[1.052s] -- Performing Test CMAKE_HAVE_LIBC_PTHREAD
[1.115s] -- Performing Test CMAKE_HAVE_LIBC_PTHREAD - Success
[1.116s] -- Found Threads: TRUE  
[1.257s] -- Found rclcpp_lifecycle: 16.0.6 (/opt/ros/humble/share/rclcpp_lifecycle/cmake)
[1.310s] -- Found geometry_msgs: 4.2.3 (/opt/ros/humble/share/geometry_msgs/cmake)
[1.357s] -- Found nav2_costmap_2d: 1.1.12 (/opt/ros/humble/share/nav2_costmap_2d/cmake)
[2.256s] -- Found Eigen3: TRUE (found version "3.4.0") 
[2.257s] -- Ensuring Eigen3 include directory is part of orocos-kdl CMake target
[2.962s] -- Found my_intermediate_interfaces: 0.0.0 (/home/andrea/tesi/ros2_mapf_cbs/project_1/install/my_intermediate_interfaces/share/my_intermediate_interfaces/cmake)
[3.109s] -- Setting build type to Release as none was specified.
[3.111s] -- Found ament_lint_auto: 0.12.8 (/opt/ros/humble/share/ament_lint_auto/cmake)
[3.229s] -- Added test 'cppcheck' to perform static code analysis on C / C++ code
[3.229s] -- Configured cppcheck include dirs: 
[3.229s] -- Configured cppcheck exclude dirs and/or files: 
[3.230s] -- Added test 'cpplint' to check C / C++ code against the Google style
[3.230s] -- Configured cpplint exclude dirs and/or files: 
[3.231s] -- Added test 'lint_cmake' to check CMake code style
[3.232s] -- Added test 'uncrustify' to check C / C++ code style
[3.233s] -- Configured uncrustify additional arguments: 
[3.233s] -- Added test 'xmllint' to check XML markup files
[3.237s] -- Configuring done
[3.243s] -- Generating done
[3.246s] -- Build files have been written to: /home/andrea/tesi/ros2_mapf_cbs/project_1/build/my_nav2_core
[3.257s] Invoked command in '/home/andrea/tesi/ros2_mapf_cbs/project_1/build/my_nav2_core' returned '0': CMAKE_PREFIX_PATH=/home/andrea/tesi/ros2_mapf_cbs/project_1/install/my_intermediate_interfaces:/home/andrea/tesi/ros2_mapf_cbs/project_1/install/turtlebot3_multi_robot:/home/andrea/tesi/ros2_mapf_cbs/project_1/install/nav2_straightline_planner:/home/andrea/tesi/ros2_mapf_cbs/project_1/install/my_try_bringup:/home/andrea/tesi/ros2_mapf_cbs/project_1/install/my_nav2_smac_planner:/home/andrea/tesi/ros2_mapf_cbs/project_1/install/my_nav2_planner:/home/andrea/tesi/ros2_mapf_cbs/project_1/install/my_nav2_navfn_planner:/home/andrea/tesi/ros2_mapf_cbs/project_1/install/my_nav2_core:/home/andrea/tesi/ros2_mapf_cbs/simple_example/install/my_robot_bringup:/home/andrea/tesi/ros2_mapf_cbs/simple_example/install/my_robot_interfaces:/home/andrea/tesi/ros2_mapf_cbs/project_1/install/my_package:/home/andrea/tesi/ros2_mapf_cbs/project_1/install/my_intermediate:/home/andrea/tesi/ros2_mapf_cbs/simple_example/install/my_py_pkg:/opt/ros/humble LD_LIBRARY_PATH=/home/andrea/tesi/ros2_mapf_cbs/project_1/install/my_intermediate_interfaces/lib:/home/andrea/tesi/ros2_mapf_cbs/project_1/install/nav2_straightline_planner/lib:/home/andrea/tesi/ros2_mapf_cbs/project_1/install/my_nav2_smac_planner/lib:/home/andrea/tesi/ros2_mapf_cbs/project_1/install/my_nav2_planner/lib:/home/andrea/tesi/ros2_mapf_cbs/project_1/install/my_nav2_navfn_planner/lib:/home/andrea/tesi/ros2_mapf_cbs/simple_example/install/my_robot_interfaces/lib:/usr/lib/x86_64-linux-gnu/gazebo-11/plugins:/opt/ros/humble/opt/rviz_ogre_vendor/lib:/opt/ros/humble/lib/x86_64-linux-gnu:/opt/ros/humble/lib:/home/andrea/ws_online/build/ros2_bdi_on_litter_world /usr/bin/cmake /home/andrea/tesi/ros2_mapf_cbs/project_1/src/my_nav2_core -DAMENT_CMAKE_SYMLINK_INSTALL=1 -DCMAKE_INSTALL_PREFIX=/home/andrea/tesi/ros2_mapf_cbs/project_1/install/my_nav2_core
[3.259s] Invoking command in '/home/andrea/tesi/ros2_mapf_cbs/project_1/build/my_nav2_core': CMAKE_PREFIX_PATH=/home/andrea/tesi/ros2_mapf_cbs/project_1/install/my_intermediate_interfaces:/home/andrea/tesi/ros2_mapf_cbs/project_1/install/turtlebot3_multi_robot:/home/andrea/tesi/ros2_mapf_cbs/project_1/install/nav2_straightline_planner:/home/andrea/tesi/ros2_mapf_cbs/project_1/install/my_try_bringup:/home/andrea/tesi/ros2_mapf_cbs/project_1/install/my_nav2_smac_planner:/home/andrea/tesi/ros2_mapf_cbs/project_1/install/my_nav2_planner:/home/andrea/tesi/ros2_mapf_cbs/project_1/install/my_nav2_navfn_planner:/home/andrea/tesi/ros2_mapf_cbs/project_1/install/my_nav2_core:/home/andrea/tesi/ros2_mapf_cbs/simple_example/install/my_robot_bringup:/home/andrea/tesi/ros2_mapf_cbs/simple_example/install/my_robot_interfaces:/home/andrea/tesi/ros2_mapf_cbs/project_1/install/my_package:/home/andrea/tesi/ros2_mapf_cbs/project_1/install/my_intermediate:/home/andrea/tesi/ros2_mapf_cbs/simple_example/install/my_py_pkg:/opt/ros/humble LD_LIBRARY_PATH=/home/andrea/tesi/ros2_mapf_cbs/project_1/install/my_intermediate_interfaces/lib:/home/andrea/tesi/ros2_mapf_cbs/project_1/install/nav2_straightline_planner/lib:/home/andrea/tesi/ros2_mapf_cbs/project_1/install/my_nav2_smac_planner/lib:/home/andrea/tesi/ros2_mapf_cbs/project_1/install/my_nav2_planner/lib:/home/andrea/tesi/ros2_mapf_cbs/project_1/install/my_nav2_navfn_planner/lib:/home/andrea/tesi/ros2_mapf_cbs/simple_example/install/my_robot_interfaces/lib:/usr/lib/x86_64-linux-gnu/gazebo-11/plugins:/opt/ros/humble/opt/rviz_ogre_vendor/lib:/opt/ros/humble/lib/x86_64-linux-gnu:/opt/ros/humble/lib:/home/andrea/ws_online/build/ros2_bdi_on_litter_world /usr/bin/cmake --build /home/andrea/tesi/ros2_mapf_cbs/project_1/build/my_nav2_core -- -j8 -l8
[3.292s] Invoked command in '/home/andrea/tesi/ros2_mapf_cbs/project_1/build/my_nav2_core' returned '0': CMAKE_PREFIX_PATH=/home/andrea/tesi/ros2_mapf_cbs/project_1/install/my_intermediate_interfaces:/home/andrea/tesi/ros2_mapf_cbs/project_1/install/turtlebot3_multi_robot:/home/andrea/tesi/ros2_mapf_cbs/project_1/install/nav2_straightline_planner:/home/andrea/tesi/ros2_mapf_cbs/project_1/install/my_try_bringup:/home/andrea/tesi/ros2_mapf_cbs/project_1/install/my_nav2_smac_planner:/home/andrea/tesi/ros2_mapf_cbs/project_1/install/my_nav2_planner:/home/andrea/tesi/ros2_mapf_cbs/project_1/install/my_nav2_navfn_planner:/home/andrea/tesi/ros2_mapf_cbs/project_1/install/my_nav2_core:/home/andrea/tesi/ros2_mapf_cbs/simple_example/install/my_robot_bringup:/home/andrea/tesi/ros2_mapf_cbs/simple_example/install/my_robot_interfaces:/home/andrea/tesi/ros2_mapf_cbs/project_1/install/my_package:/home/andrea/tesi/ros2_mapf_cbs/project_1/install/my_intermediate:/home/andrea/tesi/ros2_mapf_cbs/simple_example/install/my_py_pkg:/opt/ros/humble LD_LIBRARY_PATH=/home/andrea/tesi/ros2_mapf_cbs/project_1/install/my_intermediate_interfaces/lib:/home/andrea/tesi/ros2_mapf_cbs/project_1/install/nav2_straightline_planner/lib:/home/andrea/tesi/ros2_mapf_cbs/project_1/install/my_nav2_smac_planner/lib:/home/andrea/tesi/ros2_mapf_cbs/project_1/install/my_nav2_planner/lib:/home/andrea/tesi/ros2_mapf_cbs/project_1/install/my_nav2_navfn_planner/lib:/home/andrea/tesi/ros2_mapf_cbs/simple_example/install/my_robot_interfaces/lib:/usr/lib/x86_64-linux-gnu/gazebo-11/plugins:/opt/ros/humble/opt/rviz_ogre_vendor/lib:/opt/ros/humble/lib/x86_64-linux-gnu:/opt/ros/humble/lib:/home/andrea/ws_online/build/ros2_bdi_on_litter_world /usr/bin/cmake --build /home/andrea/tesi/ros2_mapf_cbs/project_1/build/my_nav2_core -- -j8 -l8
[3.314s] Invoking command in '/home/andrea/tesi/ros2_mapf_cbs/project_1/build/my_nav2_core': CMAKE_PREFIX_PATH=/home/andrea/tesi/ros2_mapf_cbs/project_1/install/my_intermediate_interfaces:/home/andrea/tesi/ros2_mapf_cbs/project_1/install/turtlebot3_multi_robot:/home/andrea/tesi/ros2_mapf_cbs/project_1/install/nav2_straightline_planner:/home/andrea/tesi/ros2_mapf_cbs/project_1/install/my_try_bringup:/home/andrea/tesi/ros2_mapf_cbs/project_1/install/my_nav2_smac_planner:/home/andrea/tesi/ros2_mapf_cbs/project_1/install/my_nav2_planner:/home/andrea/tesi/ros2_mapf_cbs/project_1/install/my_nav2_navfn_planner:/home/andrea/tesi/ros2_mapf_cbs/project_1/install/my_nav2_core:/home/andrea/tesi/ros2_mapf_cbs/simple_example/install/my_robot_bringup:/home/andrea/tesi/ros2_mapf_cbs/simple_example/install/my_robot_interfaces:/home/andrea/tesi/ros2_mapf_cbs/project_1/install/my_package:/home/andrea/tesi/ros2_mapf_cbs/project_1/install/my_intermediate:/home/andrea/tesi/ros2_mapf_cbs/simple_example/install/my_py_pkg:/opt/ros/humble LD_LIBRARY_PATH=/home/andrea/tesi/ros2_mapf_cbs/project_1/install/my_intermediate_interfaces/lib:/home/andrea/tesi/ros2_mapf_cbs/project_1/install/nav2_straightline_planner/lib:/home/andrea/tesi/ros2_mapf_cbs/project_1/install/my_nav2_smac_planner/lib:/home/andrea/tesi/ros2_mapf_cbs/project_1/install/my_nav2_planner/lib:/home/andrea/tesi/ros2_mapf_cbs/project_1/install/my_nav2_navfn_planner/lib:/home/andrea/tesi/ros2_mapf_cbs/simple_example/install/my_robot_interfaces/lib:/usr/lib/x86_64-linux-gnu/gazebo-11/plugins:/opt/ros/humble/opt/rviz_ogre_vendor/lib:/opt/ros/humble/lib/x86_64-linux-gnu:/opt/ros/humble/lib:/home/andrea/ws_online/build/ros2_bdi_on_litter_world /usr/bin/cmake --install /home/andrea/tesi/ros2_mapf_cbs/project_1/build/my_nav2_core
[3.320s] -- Install configuration: "Release"
[3.320s] -- Execute custom install script
[3.320s] -- Symlinking: /home/andrea/tesi/ros2_mapf_cbs/project_1/install/my_nav2_core/include//my_nav2_core/multi_agent_global_planner.hpp
[3.328s] -- Symlinking: /home/andrea/tesi/ros2_mapf_cbs/project_1/install/my_nav2_core/share/ament_index/resource_index/package_run_dependencies/my_nav2_core
[3.335s] -- Symlinking: /home/andrea/tesi/ros2_mapf_cbs/project_1/install/my_nav2_core/share/ament_index/resource_index/parent_prefix_path/my_nav2_core
[3.341s] -- Symlinking: /home/andrea/tesi/ros2_mapf_cbs/project_1/install/my_nav2_core/share/my_nav2_core/environment/ament_prefix_path.sh
[3.349s] -- Symlinking: /home/andrea/tesi/ros2_mapf_cbs/project_1/install/my_nav2_core/share/my_nav2_core/environment/ament_prefix_path.dsv
[3.356s] -- Symlinking: /home/andrea/tesi/ros2_mapf_cbs/project_1/install/my_nav2_core/share/my_nav2_core/environment/path.sh
[3.363s] -- Symlinking: /home/andrea/tesi/ros2_mapf_cbs/project_1/install/my_nav2_core/share/my_nav2_core/environment/path.dsv
[3.370s] -- Symlinking: /home/andrea/tesi/ros2_mapf_cbs/project_1/install/my_nav2_core/share/my_nav2_core/local_setup.bash
[3.377s] -- Symlinking: /home/andrea/tesi/ros2_mapf_cbs/project_1/install/my_nav2_core/share/my_nav2_core/local_setup.sh
[3.384s] -- Symlinking: /home/andrea/tesi/ros2_mapf_cbs/project_1/install/my_nav2_core/share/my_nav2_core/local_setup.zsh
[3.391s] -- Symlinking: /home/andrea/tesi/ros2_mapf_cbs/project_1/install/my_nav2_core/share/my_nav2_core/local_setup.dsv
[3.398s] -- Symlinking: /home/andrea/tesi/ros2_mapf_cbs/project_1/install/my_nav2_core/share/my_nav2_core/package.dsv
[3.413s] -- Symlinking: /home/andrea/tesi/ros2_mapf_cbs/project_1/install/my_nav2_core/share/ament_index/resource_index/packages/my_nav2_core
[3.420s] -- Symlinking: /home/andrea/tesi/ros2_mapf_cbs/project_1/install/my_nav2_core/share/my_nav2_core/cmake/ament_cmake_export_include_directories-extras.cmake
[3.427s] -- Symlinking: /home/andrea/tesi/ros2_mapf_cbs/project_1/install/my_nav2_core/share/my_nav2_core/cmake/ament_cmake_export_dependencies-extras.cmake
[3.433s] -- Symlinking: /home/andrea/tesi/ros2_mapf_cbs/project_1/install/my_nav2_core/share/my_nav2_core/cmake/my_nav2_coreConfig.cmake
[3.440s] -- Symlinking: /home/andrea/tesi/ros2_mapf_cbs/project_1/install/my_nav2_core/share/my_nav2_core/cmake/my_nav2_coreConfig-version.cmake
[3.447s] -- Symlinking: /home/andrea/tesi/ros2_mapf_cbs/project_1/install/my_nav2_core/share/my_nav2_core/package.xml
[3.455s] Invoked command in '/home/andrea/tesi/ros2_mapf_cbs/project_1/build/my_nav2_core' returned '0': CMAKE_PREFIX_PATH=/home/andrea/tesi/ros2_mapf_cbs/project_1/install/my_intermediate_interfaces:/home/andrea/tesi/ros2_mapf_cbs/project_1/install/turtlebot3_multi_robot:/home/andrea/tesi/ros2_mapf_cbs/project_1/install/nav2_straightline_planner:/home/andrea/tesi/ros2_mapf_cbs/project_1/install/my_try_bringup:/home/andrea/tesi/ros2_mapf_cbs/project_1/install/my_nav2_smac_planner:/home/andrea/tesi/ros2_mapf_cbs/project_1/install/my_nav2_planner:/home/andrea/tesi/ros2_mapf_cbs/project_1/install/my_nav2_navfn_planner:/home/andrea/tesi/ros2_mapf_cbs/project_1/install/my_nav2_core:/home/andrea/tesi/ros2_mapf_cbs/simple_example/install/my_robot_bringup:/home/andrea/tesi/ros2_mapf_cbs/simple_example/install/my_robot_interfaces:/home/andrea/tesi/ros2_mapf_cbs/project_1/install/my_package:/home/andrea/tesi/ros2_mapf_cbs/project_1/install/my_intermediate:/home/andrea/tesi/ros2_mapf_cbs/simple_example/install/my_py_pkg:/opt/ros/humble LD_LIBRARY_PATH=/home/andrea/tesi/ros2_mapf_cbs/project_1/install/my_intermediate_interfaces/lib:/home/andrea/tesi/ros2_mapf_cbs/project_1/install/nav2_straightline_planner/lib:/home/andrea/tesi/ros2_mapf_cbs/project_1/install/my_nav2_smac_planner/lib:/home/andrea/tesi/ros2_mapf_cbs/project_1/install/my_nav2_planner/lib:/home/andrea/tesi/ros2_mapf_cbs/project_1/install/my_nav2_navfn_planner/lib:/home/andrea/tesi/ros2_mapf_cbs/simple_example/install/my_robot_interfaces/lib:/usr/lib/x86_64-linux-gnu/gazebo-11/plugins:/opt/ros/humble/opt/rviz_ogre_vendor/lib:/opt/ros/humble/lib/x86_64-linux-gnu:/opt/ros/humble/lib:/home/andrea/ws_online/build/ros2_bdi_on_litter_world /usr/bin/cmake --install /home/andrea/tesi/ros2_mapf_cbs/project_1/build/my_nav2_core
