[0.041s] Invoking command in '/home/andrea/tesi/ros2_mapf_cbs/simple_example/build/my_robot_interfaces': CMAKE_PREFIX_PATH=/opt/ros/humble /usr/bin/cmake /home/andrea/tesi/ros2_mapf_cbs/simple_example/src/my_robot_interfaces -DAMENT_CMAKE_SYMLINK_INSTALL=1 -DCMAKE_INSTALL_PREFIX=/home/andrea/tesi/ros2_mapf_cbs/simple_example/install/my_robot_interfaces
[0.135s] -- The C compiler identification is GNU 11.4.0
[0.208s] -- The CXX compiler identification is GNU 11.4.0
[0.216s] -- Detecting C compiler ABI info
[0.268s] -- Detecting C compiler ABI info - done
[0.274s] -- Check for working C compiler: /usr/bin/cc - skipped
[0.275s] -- Detecting C compile features
[0.275s] -- Detecting C compile features - done
[0.278s] -- Detecting CXX compiler ABI info
[0.336s] -- Detecting CXX compiler ABI info - done
[0.342s] -- Check for working CXX compiler: /usr/bin/c++ - skipped
[0.342s] -- Detecting CXX compile features
[0.342s] -- Detecting CXX compile features - done
[0.347s] -- Found ament_cmake: 1.3.5 (/opt/ros/humble/share/ament_cmake/cmake)
[0.477s] -- Found Python3: /usr/bin/python3.10 (found version "3.10.12") found components: Interpreter 
[0.527s] -- Override CMake install command with custom implementation using symlinks instead of copying resources
[0.554s] -- Found rosidl_default_generators: 1.2.0 (/opt/ros/humble/share/rosidl_default_generators/cmake)
[0.557s] -- Using all available rosidl_typesupport_c: rosidl_typesupport_fastrtps_c;rosidl_typesupport_introspection_c
[0.564s] -- Found rosidl_adapter: 3.1.5 (/opt/ros/humble/share/rosidl_adapter/cmake)
[0.605s] -- Using all available rosidl_typesupport_cpp: rosidl_typesupport_fastrtps_cpp;rosidl_typesupport_introspection_cpp
[0.855s] -- Found ament_cmake_ros: 0.10.0 (/opt/ros/humble/share/ament_cmake_ros/cmake)
[0.994s] -- Using all available rosidl_typesupport_c: rosidl_typesupport_fastrtps_c;rosidl_typesupport_introspection_c
[1.169s] -- Using all available rosidl_typesupport_cpp: rosidl_typesupport_fastrtps_cpp;rosidl_typesupport_introspection_cpp
[1.186s] -- Found PythonInterp: /usr/bin/python3 (found suitable version "3.10.12", minimum required is "3.6") 
[1.187s] -- Found python_cmake_module: 0.10.0 (/opt/ros/humble/share/python_cmake_module/cmake)
[1.207s] -- Found PythonLibs: /usr/lib/x86_64-linux-gnu/libpython3.10.so (found suitable version "3.10.12", minimum required is "3.5") 
[1.207s] -- Using PYTHON_EXECUTABLE: /usr/bin/python3
[1.207s] -- Using PYTHON_INCLUDE_DIRS: /usr/include/python3.10
[1.207s] -- Using PYTHON_LIBRARIES: /usr/lib/x86_64-linux-gnu/libpython3.10.so
[1.223s] -- Found PythonExtra: .so  
[1.257s] -- Configuring done
[1.282s] -- Generating done
[1.283s] -- Build files have been written to: /home/andrea/tesi/ros2_mapf_cbs/simple_example/build/my_robot_interfaces
[1.288s] Invoked command in '/home/andrea/tesi/ros2_mapf_cbs/simple_example/build/my_robot_interfaces' returned '0': CMAKE_PREFIX_PATH=/opt/ros/humble /usr/bin/cmake /home/andrea/tesi/ros2_mapf_cbs/simple_example/src/my_robot_interfaces -DAMENT_CMAKE_SYMLINK_INSTALL=1 -DCMAKE_INSTALL_PREFIX=/home/andrea/tesi/ros2_mapf_cbs/simple_example/install/my_robot_interfaces
[1.289s] Invoking command in '/home/andrea/tesi/ros2_mapf_cbs/simple_example/build/my_robot_interfaces': CMAKE_PREFIX_PATH=/opt/ros/humble /usr/bin/cmake --build /home/andrea/tesi/ros2_mapf_cbs/simple_example/build/my_robot_interfaces -- -j8 -l8
[1.317s] [  1%] [34m[1mGenerating C code for ROS interfaces[0m
[1.324s] [  3%] [34m[1mGenerating C++ code for ROS interfaces[0m
[1.330s] [  3%] Built target ament_cmake_python_symlink_my_robot_interfaces
[1.525s] running egg_info
[1.525s] creating my_robot_interfaces.egg-info
[1.525s] writing my_robot_interfaces.egg-info/PKG-INFO
[1.526s] writing dependency_links to my_robot_interfaces.egg-info/dependency_links.txt
[1.526s] writing top-level names to my_robot_interfaces.egg-info/top_level.txt
[1.526s] writing manifest file 'my_robot_interfaces.egg-info/SOURCES.txt'
[1.528s] reading manifest file 'my_robot_interfaces.egg-info/SOURCES.txt'
[1.528s] writing manifest file 'my_robot_interfaces.egg-info/SOURCES.txt'
[1.550s] [  3%] Built target ament_cmake_python_build_my_robot_interfaces_egg
[1.672s] [  3%] Built target my_robot_interfaces__cpp
[1.680s] [  5%] [34m[1mGenerating C++ type support dispatch for ROS interfaces[0m
[1.680s] [  7%] [34m[1mGenerating C++ introspection for ROS interfaces[0m
[1.680s] [  9%] [34m[1mGenerating C++ type support for eProsima Fast-RTPS[0m
[1.734s] [ 12%] [32mBuilding C object CMakeFiles/my_robot_interfaces__rosidl_generator_c.dir/rosidl_generator_c/my_robot_interfaces/msg/detail/hardware_status__functions.c.o[0m
[1.734s] [ 12%] [32mBuilding C object CMakeFiles/my_robot_interfaces__rosidl_generator_c.dir/rosidl_generator_c/my_robot_interfaces/msg/detail/led_status__functions.c.o[0m
[1.736s] [ 14%] [32mBuilding C object CMakeFiles/my_robot_interfaces__rosidl_generator_c.dir/rosidl_generator_c/my_robot_interfaces/srv/detail/set_led_status__functions.c.o[0m
[1.736s] [ 16%] [32mBuilding C object CMakeFiles/my_robot_interfaces__rosidl_generator_c.dir/rosidl_generator_c/my_robot_interfaces/srv/detail/compute_rectangle_area__functions.c.o[0m
[1.810s] [ 18%] [32m[1mLinking C shared library libmy_robot_interfaces__rosidl_generator_c.so[0m
[1.840s] [ 18%] Built target my_robot_interfaces__rosidl_generator_c
[1.850s] [ 23%] [34m[1mGenerating C type support for eProsima Fast-RTPS[0m
[1.850s] [ 23%] [34m[1mGenerating C introspection for ROS interfaces[0m
[1.850s] [ 23%] [34m[1mGenerating C type support dispatch for ROS interfaces[0m
[2.058s] [ 25%] [32mBuilding CXX object CMakeFiles/my_robot_interfaces__rosidl_typesupport_cpp.dir/rosidl_typesupport_cpp/my_robot_interfaces/msg/hardware_status__type_support.cpp.o[0m
[2.065s] [ 27%] [32mBuilding CXX object CMakeFiles/my_robot_interfaces__rosidl_typesupport_cpp.dir/rosidl_typesupport_cpp/my_robot_interfaces/msg/led_status__type_support.cpp.o[0m
[2.074s] [ 29%] [32mBuilding CXX object CMakeFiles/my_robot_interfaces__rosidl_typesupport_cpp.dir/rosidl_typesupport_cpp/my_robot_interfaces/srv/compute_rectangle_area__type_support.cpp.o[0m
[2.081s] [ 30%] [32mBuilding CXX object CMakeFiles/my_robot_interfaces__rosidl_typesupport_introspection_cpp.dir/rosidl_typesupport_introspection_cpp/my_robot_interfaces/msg/detail/hardware_status__type_support.cpp.o[0m
[2.230s] [ 32%] [32mBuilding CXX object CMakeFiles/my_robot_interfaces__rosidl_typesupport_fastrtps_cpp.dir/rosidl_typesupport_fastrtps_cpp/my_robot_interfaces/msg/detail/dds_fastrtps/hardware_status__type_support.cpp.o[0m
[2.361s] [ 34%] [32mBuilding CXX object CMakeFiles/my_robot_interfaces__rosidl_typesupport_c.dir/rosidl_typesupport_c/my_robot_interfaces/msg/hardware_status__type_support.cpp.o[0m
[2.398s] [ 36%] [32mBuilding CXX object CMakeFiles/my_robot_interfaces__rosidl_typesupport_c.dir/rosidl_typesupport_c/my_robot_interfaces/msg/led_status__type_support.cpp.o[0m
[2.433s] [ 38%] [32mBuilding CXX object CMakeFiles/my_robot_interfaces__rosidl_typesupport_c.dir/rosidl_typesupport_c/my_robot_interfaces/srv/compute_rectangle_area__type_support.cpp.o[0m
[2.434s] [ 40%] [32mBuilding CXX object CMakeFiles/my_robot_interfaces__rosidl_typesupport_introspection_cpp.dir/rosidl_typesupport_introspection_cpp/my_robot_interfaces/msg/detail/led_status__type_support.cpp.o[0m
[2.438s] [ 41%] [32mBuilding CXX object CMakeFiles/my_robot_interfaces__rosidl_typesupport_introspection_cpp.dir/rosidl_typesupport_introspection_cpp/my_robot_interfaces/srv/detail/compute_rectangle_area__type_support.cpp.o[0m
[2.443s] [ 43%] [32mBuilding CXX object CMakeFiles/my_robot_interfaces__rosidl_typesupport_cpp.dir/rosidl_typesupport_cpp/my_robot_interfaces/srv/set_led_status__type_support.cpp.o[0m
[2.453s] [ 45%] [32mBuilding CXX object CMakeFiles/my_robot_interfaces__rosidl_typesupport_fastrtps_c.dir/rosidl_typesupport_fastrtps_c/my_robot_interfaces/msg/detail/hardware_status__type_support_c.cpp.o[0m
[2.464s] [ 47%] [32mBuilding C object CMakeFiles/my_robot_interfaces__rosidl_typesupport_introspection_c.dir/rosidl_typesupport_introspection_c/my_robot_interfaces/msg/detail/hardware_status__type_support.c.o[0m
[2.479s] [ 49%] [32mBuilding CXX object CMakeFiles/my_robot_interfaces__rosidl_typesupport_c.dir/rosidl_typesupport_c/my_robot_interfaces/srv/set_led_status__type_support.cpp.o[0m
[2.509s] [ 50%] [32mBuilding C object CMakeFiles/my_robot_interfaces__rosidl_typesupport_introspection_c.dir/rosidl_typesupport_introspection_c/my_robot_interfaces/msg/detail/led_status__type_support.c.o[0m
[2.527s] [ 52%] [32m[1mLinking CXX shared library libmy_robot_interfaces__rosidl_typesupport_c.so[0m
[2.582s] [ 54%] [32mBuilding CXX object CMakeFiles/my_robot_interfaces__rosidl_typesupport_fastrtps_c.dir/rosidl_typesupport_fastrtps_c/my_robot_interfaces/msg/detail/led_status__type_support_c.cpp.o[0m
[2.596s] [ 54%] Built target my_robot_interfaces__rosidl_typesupport_c
[2.598s] [ 56%] [32mBuilding C object CMakeFiles/my_robot_interfaces__rosidl_typesupport_introspection_c.dir/rosidl_typesupport_introspection_c/my_robot_interfaces/srv/detail/compute_rectangle_area__type_support.c.o[0m
[2.611s] [ 58%] [32mBuilding C object CMakeFiles/my_robot_interfaces__rosidl_typesupport_introspection_c.dir/rosidl_typesupport_introspection_c/my_robot_interfaces/srv/detail/set_led_status__type_support.c.o[0m
[2.666s] [ 60%] [32mBuilding CXX object CMakeFiles/my_robot_interfaces__rosidl_typesupport_fastrtps_c.dir/rosidl_typesupport_fastrtps_c/my_robot_interfaces/srv/detail/compute_rectangle_area__type_support_c.cpp.o[0m
[2.682s] [ 61%] [32m[1mLinking C shared library libmy_robot_interfaces__rosidl_typesupport_introspection_c.so[0m
[2.768s] [ 61%] Built target my_robot_interfaces__rosidl_typesupport_introspection_c
[2.770s] [ 63%] [32m[1mLinking CXX shared library libmy_robot_interfaces__rosidl_typesupport_cpp.so[0m
[2.808s] [ 65%] [32mBuilding CXX object CMakeFiles/my_robot_interfaces__rosidl_typesupport_introspection_cpp.dir/rosidl_typesupport_introspection_cpp/my_robot_interfaces/srv/detail/set_led_status__type_support.cpp.o[0m
[2.810s] [ 67%] [32mBuilding CXX object CMakeFiles/my_robot_interfaces__rosidl_typesupport_fastrtps_cpp.dir/rosidl_typesupport_fastrtps_cpp/my_robot_interfaces/msg/detail/dds_fastrtps/led_status__type_support.cpp.o[0m
[2.860s] [ 67%] Built target my_robot_interfaces__rosidl_typesupport_cpp
[2.874s] [ 69%] [32mBuilding CXX object CMakeFiles/my_robot_interfaces__rosidl_typesupport_fastrtps_cpp.dir/rosidl_typesupport_fastrtps_cpp/my_robot_interfaces/srv/detail/dds_fastrtps/compute_rectangle_area__type_support.cpp.o[0m
[2.904s] [ 70%] [32mBuilding CXX object CMakeFiles/my_robot_interfaces__rosidl_typesupport_fastrtps_cpp.dir/rosidl_typesupport_fastrtps_cpp/my_robot_interfaces/srv/detail/dds_fastrtps/set_led_status__type_support.cpp.o[0m
[2.917s] [ 72%] [32mBuilding CXX object CMakeFiles/my_robot_interfaces__rosidl_typesupport_fastrtps_c.dir/rosidl_typesupport_fastrtps_c/my_robot_interfaces/srv/detail/set_led_status__type_support_c.cpp.o[0m
[3.294s] [ 74%] [32m[1mLinking CXX shared library libmy_robot_interfaces__rosidl_typesupport_introspection_cpp.so[0m
[3.352s] [ 74%] Built target my_robot_interfaces__rosidl_typesupport_introspection_cpp
[3.358s] [ 76%] [32m[1mLinking CXX shared library libmy_robot_interfaces__rosidl_typesupport_fastrtps_c.so[0m
[3.376s] [ 78%] [32m[1mLinking CXX shared library libmy_robot_interfaces__rosidl_typesupport_fastrtps_cpp.so[0m
[3.430s] [ 78%] Built target my_robot_interfaces__rosidl_typesupport_fastrtps_c
[3.442s] [ 78%] Built target my_robot_interfaces__rosidl_typesupport_fastrtps_cpp
[3.456s] [ 78%] Built target my_robot_interfaces
[3.470s] [ 80%] [34m[1mGenerating Python code for ROS interfaces[0m
[4.039s] [ 80%] Built target my_robot_interfaces__py
[4.054s] [ 87%] [32mBuilding C object CMakeFiles/my_robot_interfaces__rosidl_generator_py.dir/rosidl_generator_py/my_robot_interfaces/srv/_compute_rectangle_area_s.c.o[0m
[4.054s] [ 87%] [32mBuilding C object CMakeFiles/my_robot_interfaces__rosidl_generator_py.dir/rosidl_generator_py/my_robot_interfaces/msg/_hardware_status_s.c.o[0m
[4.054s] [ 87%] [32mBuilding C object CMakeFiles/my_robot_interfaces__rosidl_generator_py.dir/rosidl_generator_py/my_robot_interfaces/srv/_set_led_status_s.c.o[0m
[4.054s] [ 87%] [32mBuilding C object CMakeFiles/my_robot_interfaces__rosidl_generator_py.dir/rosidl_generator_py/my_robot_interfaces/msg/_led_status_s.c.o[0m
[4.160s] [ 89%] [32m[1mLinking C shared library rosidl_generator_py/my_robot_interfaces/libmy_robot_interfaces__rosidl_generator_py.so[0m
[4.187s] [ 89%] Built target my_robot_interfaces__rosidl_generator_py
[4.201s] [ 94%] [32mBuilding C object CMakeFiles/my_robot_interfaces__rosidl_typesupport_introspection_c__pyext.dir/rosidl_generator_py/my_robot_interfaces/_my_robot_interfaces_s.ep.rosidl_typesupport_introspection_c.c.o[0m
[4.201s] [ 94%] [32mBuilding C object CMakeFiles/my_robot_interfaces__rosidl_typesupport_c__pyext.dir/rosidl_generator_py/my_robot_interfaces/_my_robot_interfaces_s.ep.rosidl_typesupport_c.c.o[0m
[4.201s] [ 94%] [32mBuilding C object CMakeFiles/my_robot_interfaces__rosidl_typesupport_fastrtps_c__pyext.dir/rosidl_generator_py/my_robot_interfaces/_my_robot_interfaces_s.ep.rosidl_typesupport_fastrtps_c.c.o[0m
[4.281s] [ 96%] [32m[1mLinking C shared library rosidl_generator_py/my_robot_interfaces/my_robot_interfaces_s__rosidl_typesupport_c.cpython-310-x86_64-linux-gnu.so[0m
[4.281s] [ 98%] [32m[1mLinking C shared library rosidl_generator_py/my_robot_interfaces/my_robot_interfaces_s__rosidl_typesupport_introspection_c.cpython-310-x86_64-linux-gnu.so[0m
[4.286s] [100%] [32m[1mLinking C shared library rosidl_generator_py/my_robot_interfaces/my_robot_interfaces_s__rosidl_typesupport_fastrtps_c.cpython-310-x86_64-linux-gnu.so[0m
[4.305s] [100%] Built target my_robot_interfaces__rosidl_typesupport_introspection_c__pyext
[4.305s] [100%] Built target my_robot_interfaces__rosidl_typesupport_c__pyext
[4.310s] [100%] Built target my_robot_interfaces__rosidl_typesupport_fastrtps_c__pyext
[4.318s] Invoked command in '/home/andrea/tesi/ros2_mapf_cbs/simple_example/build/my_robot_interfaces' returned '0': CMAKE_PREFIX_PATH=/opt/ros/humble /usr/bin/cmake --build /home/andrea/tesi/ros2_mapf_cbs/simple_example/build/my_robot_interfaces -- -j8 -l8
[4.392s] Invoking command in '/home/andrea/tesi/ros2_mapf_cbs/simple_example/build/my_robot_interfaces': CMAKE_PREFIX_PATH=/opt/ros/humble /usr/bin/cmake --install /home/andrea/tesi/ros2_mapf_cbs/simple_example/build/my_robot_interfaces
[4.397s] -- Install configuration: ""
[4.398s] -- Execute custom install script
[4.398s] -- Symlinking: /home/andrea/tesi/ros2_mapf_cbs/simple_example/install/my_robot_interfaces/share/ament_index/resource_index/rosidl_interfaces/my_robot_interfaces
[4.405s] -- Symlinking: /home/andrea/tesi/ros2_mapf_cbs/simple_example/install/my_robot_interfaces/include/my_robot_interfaces/my_robot_interfaces/msg/detail/hardware_status__functions.h
[4.411s] -- Symlinking: /home/andrea/tesi/ros2_mapf_cbs/simple_example/install/my_robot_interfaces/include/my_robot_interfaces/my_robot_interfaces/msg/detail/hardware_status__struct.h
[4.417s] -- Symlinking: /home/andrea/tesi/ros2_mapf_cbs/simple_example/install/my_robot_interfaces/include/my_robot_interfaces/my_robot_interfaces/msg/detail/hardware_status__type_support.h
[4.423s] -- Symlinking: /home/andrea/tesi/ros2_mapf_cbs/simple_example/install/my_robot_interfaces/include/my_robot_interfaces/my_robot_interfaces/msg/detail/led_status__functions.h
[4.428s] -- Symlinking: /home/andrea/tesi/ros2_mapf_cbs/simple_example/install/my_robot_interfaces/include/my_robot_interfaces/my_robot_interfaces/msg/detail/led_status__struct.h
[4.435s] -- Symlinking: /home/andrea/tesi/ros2_mapf_cbs/simple_example/install/my_robot_interfaces/include/my_robot_interfaces/my_robot_interfaces/msg/detail/led_status__type_support.h
[4.440s] -- Symlinking: /home/andrea/tesi/ros2_mapf_cbs/simple_example/install/my_robot_interfaces/include/my_robot_interfaces/my_robot_interfaces/msg/hardware_status.h
[4.446s] -- Symlinking: /home/andrea/tesi/ros2_mapf_cbs/simple_example/install/my_robot_interfaces/include/my_robot_interfaces/my_robot_interfaces/msg/led_status.h
[4.452s] -- Symlinking: /home/andrea/tesi/ros2_mapf_cbs/simple_example/install/my_robot_interfaces/include/my_robot_interfaces/my_robot_interfaces/msg/rosidl_generator_c__visibility_control.h
[4.458s] -- Symlinking: /home/andrea/tesi/ros2_mapf_cbs/simple_example/install/my_robot_interfaces/include/my_robot_interfaces/my_robot_interfaces/srv/compute_rectangle_area.h
[4.465s] -- Symlinking: /home/andrea/tesi/ros2_mapf_cbs/simple_example/install/my_robot_interfaces/include/my_robot_interfaces/my_robot_interfaces/srv/detail/compute_rectangle_area__functions.h
[4.471s] -- Symlinking: /home/andrea/tesi/ros2_mapf_cbs/simple_example/install/my_robot_interfaces/include/my_robot_interfaces/my_robot_interfaces/srv/detail/compute_rectangle_area__struct.h
[4.477s] -- Symlinking: /home/andrea/tesi/ros2_mapf_cbs/simple_example/install/my_robot_interfaces/include/my_robot_interfaces/my_robot_interfaces/srv/detail/compute_rectangle_area__type_support.h
[4.484s] -- Symlinking: /home/andrea/tesi/ros2_mapf_cbs/simple_example/install/my_robot_interfaces/include/my_robot_interfaces/my_robot_interfaces/srv/detail/set_led_status__functions.h
[4.489s] -- Symlinking: /home/andrea/tesi/ros2_mapf_cbs/simple_example/install/my_robot_interfaces/include/my_robot_interfaces/my_robot_interfaces/srv/detail/set_led_status__struct.h
[4.495s] -- Symlinking: /home/andrea/tesi/ros2_mapf_cbs/simple_example/install/my_robot_interfaces/include/my_robot_interfaces/my_robot_interfaces/srv/detail/set_led_status__type_support.h
[4.501s] -- Symlinking: /home/andrea/tesi/ros2_mapf_cbs/simple_example/install/my_robot_interfaces/include/my_robot_interfaces/my_robot_interfaces/srv/set_led_status.h
[4.507s] -- Symlinking: /home/andrea/tesi/ros2_mapf_cbs/simple_example/install/my_robot_interfaces/share/my_robot_interfaces/environment/library_path.sh
[4.513s] -- Symlinking: /home/andrea/tesi/ros2_mapf_cbs/simple_example/install/my_robot_interfaces/share/my_robot_interfaces/environment/library_path.dsv
[4.519s] -- Symlinking: /home/andrea/tesi/ros2_mapf_cbs/simple_example/install/my_robot_interfaces/include/my_robot_interfaces/my_robot_interfaces/msg/detail/hardware_status__rosidl_typesupport_fastrtps_c.h
[4.525s] -- Symlinking: /home/andrea/tesi/ros2_mapf_cbs/simple_example/install/my_robot_interfaces/include/my_robot_interfaces/my_robot_interfaces/msg/detail/led_status__rosidl_typesupport_fastrtps_c.h
[4.531s] -- Symlinking: /home/andrea/tesi/ros2_mapf_cbs/simple_example/install/my_robot_interfaces/include/my_robot_interfaces/my_robot_interfaces/msg/rosidl_typesupport_fastrtps_c__visibility_control.h
[4.537s] -- Symlinking: /home/andrea/tesi/ros2_mapf_cbs/simple_example/install/my_robot_interfaces/include/my_robot_interfaces/my_robot_interfaces/srv/detail/compute_rectangle_area__rosidl_typesupport_fastrtps_c.h
[4.543s] -- Symlinking: /home/andrea/tesi/ros2_mapf_cbs/simple_example/install/my_robot_interfaces/include/my_robot_interfaces/my_robot_interfaces/srv/detail/set_led_status__rosidl_typesupport_fastrtps_c.h
[4.549s] -- Symlinking: /home/andrea/tesi/ros2_mapf_cbs/simple_example/install/my_robot_interfaces/include/my_robot_interfaces/my_robot_interfaces/msg/detail/hardware_status__rosidl_typesupport_introspection_c.h
[4.555s] -- Symlinking: /home/andrea/tesi/ros2_mapf_cbs/simple_example/install/my_robot_interfaces/include/my_robot_interfaces/my_robot_interfaces/msg/detail/led_status__rosidl_typesupport_introspection_c.h
[4.562s] -- Symlinking: /home/andrea/tesi/ros2_mapf_cbs/simple_example/install/my_robot_interfaces/include/my_robot_interfaces/my_robot_interfaces/msg/rosidl_typesupport_introspection_c__visibility_control.h
[4.568s] -- Symlinking: /home/andrea/tesi/ros2_mapf_cbs/simple_example/install/my_robot_interfaces/include/my_robot_interfaces/my_robot_interfaces/srv/detail/compute_rectangle_area__rosidl_typesupport_introspection_c.h
[4.574s] -- Symlinking: /home/andrea/tesi/ros2_mapf_cbs/simple_example/install/my_robot_interfaces/include/my_robot_interfaces/my_robot_interfaces/srv/detail/set_led_status__rosidl_typesupport_introspection_c.h
[4.581s] -- Symlinking: /home/andrea/tesi/ros2_mapf_cbs/simple_example/install/my_robot_interfaces/include/my_robot_interfaces/my_robot_interfaces/msg/detail/hardware_status__builder.hpp
[4.586s] -- Symlinking: /home/andrea/tesi/ros2_mapf_cbs/simple_example/install/my_robot_interfaces/include/my_robot_interfaces/my_robot_interfaces/msg/detail/hardware_status__struct.hpp
[4.593s] -- Symlinking: /home/andrea/tesi/ros2_mapf_cbs/simple_example/install/my_robot_interfaces/include/my_robot_interfaces/my_robot_interfaces/msg/detail/hardware_status__traits.hpp
[4.600s] -- Symlinking: /home/andrea/tesi/ros2_mapf_cbs/simple_example/install/my_robot_interfaces/include/my_robot_interfaces/my_robot_interfaces/msg/detail/led_status__builder.hpp
[4.605s] -- Symlinking: /home/andrea/tesi/ros2_mapf_cbs/simple_example/install/my_robot_interfaces/include/my_robot_interfaces/my_robot_interfaces/msg/detail/led_status__struct.hpp
[4.612s] -- Symlinking: /home/andrea/tesi/ros2_mapf_cbs/simple_example/install/my_robot_interfaces/include/my_robot_interfaces/my_robot_interfaces/msg/detail/led_status__traits.hpp
[4.617s] -- Symlinking: /home/andrea/tesi/ros2_mapf_cbs/simple_example/install/my_robot_interfaces/include/my_robot_interfaces/my_robot_interfaces/msg/hardware_status.hpp
[4.624s] -- Symlinking: /home/andrea/tesi/ros2_mapf_cbs/simple_example/install/my_robot_interfaces/include/my_robot_interfaces/my_robot_interfaces/msg/led_status.hpp
[4.630s] -- Symlinking: /home/andrea/tesi/ros2_mapf_cbs/simple_example/install/my_robot_interfaces/include/my_robot_interfaces/my_robot_interfaces/srv/compute_rectangle_area.hpp
[4.636s] -- Symlinking: /home/andrea/tesi/ros2_mapf_cbs/simple_example/install/my_robot_interfaces/include/my_robot_interfaces/my_robot_interfaces/srv/detail/compute_rectangle_area__builder.hpp
[4.643s] -- Symlinking: /home/andrea/tesi/ros2_mapf_cbs/simple_example/install/my_robot_interfaces/include/my_robot_interfaces/my_robot_interfaces/srv/detail/compute_rectangle_area__struct.hpp
[4.649s] -- Symlinking: /home/andrea/tesi/ros2_mapf_cbs/simple_example/install/my_robot_interfaces/include/my_robot_interfaces/my_robot_interfaces/srv/detail/compute_rectangle_area__traits.hpp
[4.654s] -- Symlinking: /home/andrea/tesi/ros2_mapf_cbs/simple_example/install/my_robot_interfaces/include/my_robot_interfaces/my_robot_interfaces/srv/detail/set_led_status__builder.hpp
[4.661s] -- Symlinking: /home/andrea/tesi/ros2_mapf_cbs/simple_example/install/my_robot_interfaces/include/my_robot_interfaces/my_robot_interfaces/srv/detail/set_led_status__struct.hpp
[4.667s] -- Symlinking: /home/andrea/tesi/ros2_mapf_cbs/simple_example/install/my_robot_interfaces/include/my_robot_interfaces/my_robot_interfaces/srv/detail/set_led_status__traits.hpp
[4.673s] -- Symlinking: /home/andrea/tesi/ros2_mapf_cbs/simple_example/install/my_robot_interfaces/include/my_robot_interfaces/my_robot_interfaces/srv/set_led_status.hpp
[4.680s] -- Symlinking: /home/andrea/tesi/ros2_mapf_cbs/simple_example/install/my_robot_interfaces/include/my_robot_interfaces/my_robot_interfaces/msg/detail/hardware_status__rosidl_typesupport_fastrtps_cpp.hpp
[4.685s] -- Symlinking: /home/andrea/tesi/ros2_mapf_cbs/simple_example/install/my_robot_interfaces/include/my_robot_interfaces/my_robot_interfaces/msg/detail/led_status__rosidl_typesupport_fastrtps_cpp.hpp
[4.692s] -- Symlinking: /home/andrea/tesi/ros2_mapf_cbs/simple_example/install/my_robot_interfaces/include/my_robot_interfaces/my_robot_interfaces/msg/rosidl_typesupport_fastrtps_cpp__visibility_control.h
[4.698s] -- Symlinking: /home/andrea/tesi/ros2_mapf_cbs/simple_example/install/my_robot_interfaces/include/my_robot_interfaces/my_robot_interfaces/srv/detail/compute_rectangle_area__rosidl_typesupport_fastrtps_cpp.hpp
[4.704s] -- Symlinking: /home/andrea/tesi/ros2_mapf_cbs/simple_example/install/my_robot_interfaces/include/my_robot_interfaces/my_robot_interfaces/srv/detail/set_led_status__rosidl_typesupport_fastrtps_cpp.hpp
[4.710s] -- Symlinking: /home/andrea/tesi/ros2_mapf_cbs/simple_example/install/my_robot_interfaces/include/my_robot_interfaces/my_robot_interfaces/msg/detail/hardware_status__rosidl_typesupport_introspection_cpp.hpp
[4.715s] -- Symlinking: /home/andrea/tesi/ros2_mapf_cbs/simple_example/install/my_robot_interfaces/include/my_robot_interfaces/my_robot_interfaces/msg/detail/led_status__rosidl_typesupport_introspection_cpp.hpp
[4.723s] -- Symlinking: /home/andrea/tesi/ros2_mapf_cbs/simple_example/install/my_robot_interfaces/include/my_robot_interfaces/my_robot_interfaces/srv/detail/compute_rectangle_area__rosidl_typesupport_introspection_cpp.hpp
[4.728s] -- Symlinking: /home/andrea/tesi/ros2_mapf_cbs/simple_example/install/my_robot_interfaces/include/my_robot_interfaces/my_robot_interfaces/srv/detail/set_led_status__rosidl_typesupport_introspection_cpp.hpp
[4.734s] -- Symlinking: /home/andrea/tesi/ros2_mapf_cbs/simple_example/install/my_robot_interfaces/share/my_robot_interfaces/environment/pythonpath.sh
[4.741s] -- Symlinking: /home/andrea/tesi/ros2_mapf_cbs/simple_example/install/my_robot_interfaces/share/my_robot_interfaces/environment/pythonpath.dsv
[4.746s] -- Symlinking: /home/andrea/tesi/ros2_mapf_cbs/simple_example/install/my_robot_interfaces/local/lib/python3.10/dist-packages/my_robot_interfaces-0.0.0-py3.10.egg-info/PKG-INFO
[4.753s] -- Symlinking: /home/andrea/tesi/ros2_mapf_cbs/simple_example/install/my_robot_interfaces/local/lib/python3.10/dist-packages/my_robot_interfaces-0.0.0-py3.10.egg-info/SOURCES.txt
[4.759s] -- Symlinking: /home/andrea/tesi/ros2_mapf_cbs/simple_example/install/my_robot_interfaces/local/lib/python3.10/dist-packages/my_robot_interfaces-0.0.0-py3.10.egg-info/dependency_links.txt
[4.764s] -- Symlinking: /home/andrea/tesi/ros2_mapf_cbs/simple_example/install/my_robot_interfaces/local/lib/python3.10/dist-packages/my_robot_interfaces-0.0.0-py3.10.egg-info/top_level.txt
[4.771s] -- Symlinking: /home/andrea/tesi/ros2_mapf_cbs/simple_example/install/my_robot_interfaces/local/lib/python3.10/dist-packages/my_robot_interfaces/__init__.py
[4.776s] -- Symlinking: /home/andrea/tesi/ros2_mapf_cbs/simple_example/install/my_robot_interfaces/local/lib/python3.10/dist-packages/my_robot_interfaces/_my_robot_interfaces_s.ep.rosidl_typesupport_c.c
[4.782s] -- Symlinking: /home/andrea/tesi/ros2_mapf_cbs/simple_example/install/my_robot_interfaces/local/lib/python3.10/dist-packages/my_robot_interfaces/_my_robot_interfaces_s.ep.rosidl_typesupport_fastrtps_c.c
[4.788s] -- Symlinking: /home/andrea/tesi/ros2_mapf_cbs/simple_example/install/my_robot_interfaces/local/lib/python3.10/dist-packages/my_robot_interfaces/_my_robot_interfaces_s.ep.rosidl_typesupport_introspection_c.c
[4.793s] -- Symlinking: /home/andrea/tesi/ros2_mapf_cbs/simple_example/install/my_robot_interfaces/local/lib/python3.10/dist-packages/my_robot_interfaces/libmy_robot_interfaces__rosidl_generator_py.so
[4.799s] -- Symlinking: /home/andrea/tesi/ros2_mapf_cbs/simple_example/install/my_robot_interfaces/local/lib/python3.10/dist-packages/my_robot_interfaces/msg/__init__.py
[4.805s] -- Symlinking: /home/andrea/tesi/ros2_mapf_cbs/simple_example/install/my_robot_interfaces/local/lib/python3.10/dist-packages/my_robot_interfaces/msg/_hardware_status.py
[4.811s] -- Symlinking: /home/andrea/tesi/ros2_mapf_cbs/simple_example/install/my_robot_interfaces/local/lib/python3.10/dist-packages/my_robot_interfaces/msg/_hardware_status_s.c
[4.817s] -- Symlinking: /home/andrea/tesi/ros2_mapf_cbs/simple_example/install/my_robot_interfaces/local/lib/python3.10/dist-packages/my_robot_interfaces/msg/_led_status.py
[4.824s] -- Symlinking: /home/andrea/tesi/ros2_mapf_cbs/simple_example/install/my_robot_interfaces/local/lib/python3.10/dist-packages/my_robot_interfaces/msg/_led_status_s.c
[4.829s] -- Symlinking: /home/andrea/tesi/ros2_mapf_cbs/simple_example/install/my_robot_interfaces/local/lib/python3.10/dist-packages/my_robot_interfaces/my_robot_interfaces_s__rosidl_typesupport_c.cpython-310-x86_64-linux-gnu.so
[4.836s] -- Symlinking: /home/andrea/tesi/ros2_mapf_cbs/simple_example/install/my_robot_interfaces/local/lib/python3.10/dist-packages/my_robot_interfaces/my_robot_interfaces_s__rosidl_typesupport_fastrtps_c.cpython-310-x86_64-linux-gnu.so
[4.841s] -- Symlinking: /home/andrea/tesi/ros2_mapf_cbs/simple_example/install/my_robot_interfaces/local/lib/python3.10/dist-packages/my_robot_interfaces/my_robot_interfaces_s__rosidl_typesupport_introspection_c.cpython-310-x86_64-linux-gnu.so
[4.847s] -- Symlinking: /home/andrea/tesi/ros2_mapf_cbs/simple_example/install/my_robot_interfaces/local/lib/python3.10/dist-packages/my_robot_interfaces/srv/__init__.py
[4.854s] -- Symlinking: /home/andrea/tesi/ros2_mapf_cbs/simple_example/install/my_robot_interfaces/local/lib/python3.10/dist-packages/my_robot_interfaces/srv/_compute_rectangle_area.py
[4.859s] -- Symlinking: /home/andrea/tesi/ros2_mapf_cbs/simple_example/install/my_robot_interfaces/local/lib/python3.10/dist-packages/my_robot_interfaces/srv/_compute_rectangle_area_s.c
[4.865s] -- Symlinking: /home/andrea/tesi/ros2_mapf_cbs/simple_example/install/my_robot_interfaces/local/lib/python3.10/dist-packages/my_robot_interfaces/srv/_set_led_status.py
[4.871s] -- Symlinking: /home/andrea/tesi/ros2_mapf_cbs/simple_example/install/my_robot_interfaces/local/lib/python3.10/dist-packages/my_robot_interfaces/srv/_set_led_status_s.c
[4.877s] -- Up-to-date symlink: /home/andrea/tesi/ros2_mapf_cbs/simple_example/install/my_robot_interfaces/local/lib/python3.10/dist-packages/my_robot_interfaces/my_robot_interfaces_s__rosidl_typesupport_fastrtps_c.cpython-310-x86_64-linux-gnu.so
[4.877s] -- Up-to-date symlink: /home/andrea/tesi/ros2_mapf_cbs/simple_example/install/my_robot_interfaces/local/lib/python3.10/dist-packages/my_robot_interfaces/my_robot_interfaces_s__rosidl_typesupport_introspection_c.cpython-310-x86_64-linux-gnu.so
[4.877s] -- Up-to-date symlink: /home/andrea/tesi/ros2_mapf_cbs/simple_example/install/my_robot_interfaces/local/lib/python3.10/dist-packages/my_robot_interfaces/my_robot_interfaces_s__rosidl_typesupport_c.cpython-310-x86_64-linux-gnu.so
[4.877s] -- Symlinking: /home/andrea/tesi/ros2_mapf_cbs/simple_example/install/my_robot_interfaces/share/my_robot_interfaces/msg/HardwareStatus.idl
[4.884s] -- Symlinking: /home/andrea/tesi/ros2_mapf_cbs/simple_example/install/my_robot_interfaces/share/my_robot_interfaces/msg/LedStatus.idl
[4.890s] -- Symlinking: /home/andrea/tesi/ros2_mapf_cbs/simple_example/install/my_robot_interfaces/share/my_robot_interfaces/srv/ComputeRectangleArea.idl
[4.897s] -- Symlinking: /home/andrea/tesi/ros2_mapf_cbs/simple_example/install/my_robot_interfaces/share/my_robot_interfaces/srv/SetLedStatus.idl
[4.903s] -- Symlinking: /home/andrea/tesi/ros2_mapf_cbs/simple_example/install/my_robot_interfaces/share/my_robot_interfaces/msg/HardwareStatus.msg
[4.908s] -- Symlinking: /home/andrea/tesi/ros2_mapf_cbs/simple_example/install/my_robot_interfaces/share/my_robot_interfaces/msg/LedStatus.msg
[4.915s] -- Symlinking: /home/andrea/tesi/ros2_mapf_cbs/simple_example/install/my_robot_interfaces/share/my_robot_interfaces/srv/ComputeRectangleArea.srv
[4.922s] -- Symlinking: /home/andrea/tesi/ros2_mapf_cbs/simple_example/install/my_robot_interfaces/share/my_robot_interfaces/srv/ComputeRectangleArea_Request.msg
[4.929s] -- Symlinking: /home/andrea/tesi/ros2_mapf_cbs/simple_example/install/my_robot_interfaces/share/my_robot_interfaces/srv/ComputeRectangleArea_Response.msg
[4.934s] -- Symlinking: /home/andrea/tesi/ros2_mapf_cbs/simple_example/install/my_robot_interfaces/share/my_robot_interfaces/srv/SetLedStatus.srv
[4.940s] -- Symlinking: /home/andrea/tesi/ros2_mapf_cbs/simple_example/install/my_robot_interfaces/share/my_robot_interfaces/srv/SetLedStatus_Request.msg
[4.946s] -- Symlinking: /home/andrea/tesi/ros2_mapf_cbs/simple_example/install/my_robot_interfaces/share/my_robot_interfaces/srv/SetLedStatus_Response.msg
[4.952s] -- Symlinking: /home/andrea/tesi/ros2_mapf_cbs/simple_example/install/my_robot_interfaces/share/ament_index/resource_index/package_run_dependencies/my_robot_interfaces
[4.958s] -- Symlinking: /home/andrea/tesi/ros2_mapf_cbs/simple_example/install/my_robot_interfaces/share/ament_index/resource_index/parent_prefix_path/my_robot_interfaces
[4.964s] -- Symlinking: /home/andrea/tesi/ros2_mapf_cbs/simple_example/install/my_robot_interfaces/share/my_robot_interfaces/environment/ament_prefix_path.sh
[4.970s] -- Symlinking: /home/andrea/tesi/ros2_mapf_cbs/simple_example/install/my_robot_interfaces/share/my_robot_interfaces/environment/ament_prefix_path.dsv
[4.975s] -- Symlinking: /home/andrea/tesi/ros2_mapf_cbs/simple_example/install/my_robot_interfaces/share/my_robot_interfaces/environment/path.sh
[4.981s] -- Symlinking: /home/andrea/tesi/ros2_mapf_cbs/simple_example/install/my_robot_interfaces/share/my_robot_interfaces/environment/path.dsv
[4.987s] -- Symlinking: /home/andrea/tesi/ros2_mapf_cbs/simple_example/install/my_robot_interfaces/share/my_robot_interfaces/local_setup.bash
[4.994s] -- Symlinking: /home/andrea/tesi/ros2_mapf_cbs/simple_example/install/my_robot_interfaces/share/my_robot_interfaces/local_setup.sh
[4.999s] -- Symlinking: /home/andrea/tesi/ros2_mapf_cbs/simple_example/install/my_robot_interfaces/share/my_robot_interfaces/local_setup.zsh
[5.005s] -- Symlinking: /home/andrea/tesi/ros2_mapf_cbs/simple_example/install/my_robot_interfaces/share/my_robot_interfaces/local_setup.dsv
[5.013s] -- Symlinking: /home/andrea/tesi/ros2_mapf_cbs/simple_example/install/my_robot_interfaces/share/my_robot_interfaces/package.dsv
[5.018s] -- Symlinking: /home/andrea/tesi/ros2_mapf_cbs/simple_example/install/my_robot_interfaces/share/ament_index/resource_index/packages/my_robot_interfaces
[5.024s] -- Symlinking: /home/andrea/tesi/ros2_mapf_cbs/simple_example/install/my_robot_interfaces/share/my_robot_interfaces/cmake/rosidl_cmake-extras.cmake
[5.030s] -- Symlinking: /home/andrea/tesi/ros2_mapf_cbs/simple_example/install/my_robot_interfaces/share/my_robot_interfaces/cmake/ament_cmake_export_include_directories-extras.cmake
[5.037s] -- Symlinking: /home/andrea/tesi/ros2_mapf_cbs/simple_example/install/my_robot_interfaces/share/my_robot_interfaces/cmake/ament_cmake_export_libraries-extras.cmake
[5.043s] -- Symlinking: /home/andrea/tesi/ros2_mapf_cbs/simple_example/install/my_robot_interfaces/share/my_robot_interfaces/cmake/ament_cmake_export_targets-extras.cmake
[5.049s] -- Symlinking: /home/andrea/tesi/ros2_mapf_cbs/simple_example/install/my_robot_interfaces/share/my_robot_interfaces/cmake/rosidl_cmake_export_typesupport_targets-extras.cmake
[5.056s] -- Symlinking: /home/andrea/tesi/ros2_mapf_cbs/simple_example/install/my_robot_interfaces/share/my_robot_interfaces/cmake/ament_cmake_export_dependencies-extras.cmake
[5.062s] -- Symlinking: /home/andrea/tesi/ros2_mapf_cbs/simple_example/install/my_robot_interfaces/share/my_robot_interfaces/cmake/rosidl_cmake_export_typesupport_libraries-extras.cmake
[5.067s] -- Symlinking: /home/andrea/tesi/ros2_mapf_cbs/simple_example/install/my_robot_interfaces/share/my_robot_interfaces/cmake/my_robot_interfacesConfig.cmake
[5.073s] -- Symlinking: /home/andrea/tesi/ros2_mapf_cbs/simple_example/install/my_robot_interfaces/share/my_robot_interfaces/cmake/my_robot_interfacesConfig-version.cmake
[5.079s] -- Symlinking: /home/andrea/tesi/ros2_mapf_cbs/simple_example/install/my_robot_interfaces/share/my_robot_interfaces/package.xml
[5.085s] -- Installing: /home/andrea/tesi/ros2_mapf_cbs/simple_example/install/my_robot_interfaces/lib/libmy_robot_interfaces__rosidl_generator_c.so
[5.085s] -- Set runtime path of "/home/andrea/tesi/ros2_mapf_cbs/simple_example/install/my_robot_interfaces/lib/libmy_robot_interfaces__rosidl_generator_c.so" to ""
[5.085s] -- Installing: /home/andrea/tesi/ros2_mapf_cbs/simple_example/install/my_robot_interfaces/lib/libmy_robot_interfaces__rosidl_typesupport_fastrtps_c.so
[5.085s] -- Set runtime path of "/home/andrea/tesi/ros2_mapf_cbs/simple_example/install/my_robot_interfaces/lib/libmy_robot_interfaces__rosidl_typesupport_fastrtps_c.so" to ""
[5.085s] -- Installing: /home/andrea/tesi/ros2_mapf_cbs/simple_example/install/my_robot_interfaces/lib/libmy_robot_interfaces__rosidl_typesupport_introspection_c.so
[5.085s] -- Set runtime path of "/home/andrea/tesi/ros2_mapf_cbs/simple_example/install/my_robot_interfaces/lib/libmy_robot_interfaces__rosidl_typesupport_introspection_c.so" to ""
[5.085s] -- Installing: /home/andrea/tesi/ros2_mapf_cbs/simple_example/install/my_robot_interfaces/lib/libmy_robot_interfaces__rosidl_typesupport_c.so
[5.085s] -- Set runtime path of "/home/andrea/tesi/ros2_mapf_cbs/simple_example/install/my_robot_interfaces/lib/libmy_robot_interfaces__rosidl_typesupport_c.so" to ""
[5.085s] -- Installing: /home/andrea/tesi/ros2_mapf_cbs/simple_example/install/my_robot_interfaces/lib/libmy_robot_interfaces__rosidl_typesupport_fastrtps_cpp.so
[5.086s] -- Set runtime path of "/home/andrea/tesi/ros2_mapf_cbs/simple_example/install/my_robot_interfaces/lib/libmy_robot_interfaces__rosidl_typesupport_fastrtps_cpp.so" to ""
[5.086s] -- Installing: /home/andrea/tesi/ros2_mapf_cbs/simple_example/install/my_robot_interfaces/lib/libmy_robot_interfaces__rosidl_typesupport_introspection_cpp.so
[5.086s] -- Set runtime path of "/home/andrea/tesi/ros2_mapf_cbs/simple_example/install/my_robot_interfaces/lib/libmy_robot_interfaces__rosidl_typesupport_introspection_cpp.so" to ""
[5.086s] -- Installing: /home/andrea/tesi/ros2_mapf_cbs/simple_example/install/my_robot_interfaces/lib/libmy_robot_interfaces__rosidl_typesupport_cpp.so
[5.086s] -- Set runtime path of "/home/andrea/tesi/ros2_mapf_cbs/simple_example/install/my_robot_interfaces/lib/libmy_robot_interfaces__rosidl_typesupport_cpp.so" to ""
[5.122s] Listing '/home/andrea/tesi/ros2_mapf_cbs/simple_example/install/my_robot_interfaces/local/lib/python3.10/dist-packages/my_robot_interfaces'...
[5.122s] Compiling '/home/andrea/tesi/ros2_mapf_cbs/simple_example/install/my_robot_interfaces/local/lib/python3.10/dist-packages/my_robot_interfaces/__init__.py'...
[5.122s] Listing '/home/andrea/tesi/ros2_mapf_cbs/simple_example/install/my_robot_interfaces/local/lib/python3.10/dist-packages/my_robot_interfaces/msg'...
[5.122s] Compiling '/home/andrea/tesi/ros2_mapf_cbs/simple_example/install/my_robot_interfaces/local/lib/python3.10/dist-packages/my_robot_interfaces/msg/__init__.py'...
[5.122s] Compiling '/home/andrea/tesi/ros2_mapf_cbs/simple_example/install/my_robot_interfaces/local/lib/python3.10/dist-packages/my_robot_interfaces/msg/_hardware_status.py'...
[5.122s] Compiling '/home/andrea/tesi/ros2_mapf_cbs/simple_example/install/my_robot_interfaces/local/lib/python3.10/dist-packages/my_robot_interfaces/msg/_led_status.py'...
[5.122s] Listing '/home/andrea/tesi/ros2_mapf_cbs/simple_example/install/my_robot_interfaces/local/lib/python3.10/dist-packages/my_robot_interfaces/srv'...
[5.122s] Compiling '/home/andrea/tesi/ros2_mapf_cbs/simple_example/install/my_robot_interfaces/local/lib/python3.10/dist-packages/my_robot_interfaces/srv/__init__.py'...
[5.122s] Compiling '/home/andrea/tesi/ros2_mapf_cbs/simple_example/install/my_robot_interfaces/local/lib/python3.10/dist-packages/my_robot_interfaces/srv/_compute_rectangle_area.py'...
[5.122s] Compiling '/home/andrea/tesi/ros2_mapf_cbs/simple_example/install/my_robot_interfaces/local/lib/python3.10/dist-packages/my_robot_interfaces/srv/_set_led_status.py'...
[5.126s] -- Installing: /home/andrea/tesi/ros2_mapf_cbs/simple_example/install/my_robot_interfaces/lib/libmy_robot_interfaces__rosidl_generator_py.so
[5.126s] -- Set runtime path of "/home/andrea/tesi/ros2_mapf_cbs/simple_example/install/my_robot_interfaces/lib/libmy_robot_interfaces__rosidl_generator_py.so" to ""
[5.126s] -- Installing: /home/andrea/tesi/ros2_mapf_cbs/simple_example/install/my_robot_interfaces/share/my_robot_interfaces/cmake/export_my_robot_interfaces__rosidl_generator_cExport.cmake
[5.126s] -- Installing: /home/andrea/tesi/ros2_mapf_cbs/simple_example/install/my_robot_interfaces/share/my_robot_interfaces/cmake/export_my_robot_interfaces__rosidl_generator_cExport-noconfig.cmake
[5.126s] -- Installing: /home/andrea/tesi/ros2_mapf_cbs/simple_example/install/my_robot_interfaces/share/my_robot_interfaces/cmake/export_my_robot_interfaces__rosidl_typesupport_fastrtps_cExport.cmake
[5.126s] -- Installing: /home/andrea/tesi/ros2_mapf_cbs/simple_example/install/my_robot_interfaces/share/my_robot_interfaces/cmake/export_my_robot_interfaces__rosidl_typesupport_fastrtps_cExport-noconfig.cmake
[5.126s] -- Installing: /home/andrea/tesi/ros2_mapf_cbs/simple_example/install/my_robot_interfaces/share/my_robot_interfaces/cmake/my_robot_interfaces__rosidl_typesupport_introspection_cExport.cmake
[5.126s] -- Installing: /home/andrea/tesi/ros2_mapf_cbs/simple_example/install/my_robot_interfaces/share/my_robot_interfaces/cmake/my_robot_interfaces__rosidl_typesupport_introspection_cExport-noconfig.cmake
[5.126s] -- Installing: /home/andrea/tesi/ros2_mapf_cbs/simple_example/install/my_robot_interfaces/share/my_robot_interfaces/cmake/my_robot_interfaces__rosidl_typesupport_cExport.cmake
[5.126s] -- Installing: /home/andrea/tesi/ros2_mapf_cbs/simple_example/install/my_robot_interfaces/share/my_robot_interfaces/cmake/my_robot_interfaces__rosidl_typesupport_cExport-noconfig.cmake
[5.127s] -- Installing: /home/andrea/tesi/ros2_mapf_cbs/simple_example/install/my_robot_interfaces/share/my_robot_interfaces/cmake/export_my_robot_interfaces__rosidl_generator_cppExport.cmake
[5.127s] -- Installing: /home/andrea/tesi/ros2_mapf_cbs/simple_example/install/my_robot_interfaces/share/my_robot_interfaces/cmake/export_my_robot_interfaces__rosidl_typesupport_fastrtps_cppExport.cmake
[5.127s] -- Installing: /home/andrea/tesi/ros2_mapf_cbs/simple_example/install/my_robot_interfaces/share/my_robot_interfaces/cmake/export_my_robot_interfaces__rosidl_typesupport_fastrtps_cppExport-noconfig.cmake
[5.127s] -- Installing: /home/andrea/tesi/ros2_mapf_cbs/simple_example/install/my_robot_interfaces/share/my_robot_interfaces/cmake/my_robot_interfaces__rosidl_typesupport_introspection_cppExport.cmake
[5.127s] -- Installing: /home/andrea/tesi/ros2_mapf_cbs/simple_example/install/my_robot_interfaces/share/my_robot_interfaces/cmake/my_robot_interfaces__rosidl_typesupport_introspection_cppExport-noconfig.cmake
[5.127s] -- Installing: /home/andrea/tesi/ros2_mapf_cbs/simple_example/install/my_robot_interfaces/share/my_robot_interfaces/cmake/my_robot_interfaces__rosidl_typesupport_cppExport.cmake
[5.127s] -- Installing: /home/andrea/tesi/ros2_mapf_cbs/simple_example/install/my_robot_interfaces/share/my_robot_interfaces/cmake/my_robot_interfaces__rosidl_typesupport_cppExport-noconfig.cmake
[5.127s] -- Installing: /home/andrea/tesi/ros2_mapf_cbs/simple_example/install/my_robot_interfaces/share/my_robot_interfaces/cmake/export_my_robot_interfaces__rosidl_generator_pyExport.cmake
[5.127s] -- Installing: /home/andrea/tesi/ros2_mapf_cbs/simple_example/install/my_robot_interfaces/share/my_robot_interfaces/cmake/export_my_robot_interfaces__rosidl_generator_pyExport-noconfig.cmake
[5.129s] Invoked command in '/home/andrea/tesi/ros2_mapf_cbs/simple_example/build/my_robot_interfaces' returned '0': CMAKE_PREFIX_PATH=/opt/ros/humble /usr/bin/cmake --install /home/andrea/tesi/ros2_mapf_cbs/simple_example/build/my_robot_interfaces
