[35m[1mConsolidate compiler generated dependencies of target my_nav2_navfn_planner[0m
[ 33%] [32mBuilding CXX object CMakeFiles/my_nav2_navfn_planner.dir/src/navfn_planner.cpp.o[0m
[01m[K/home/andrea/tesi/ros2_mapf_cbs/project_1/src/my_nav2_navfn_planner/src/navfn_planner.cpp:[m[K In member function ‘[01m[Knav_msgs::msg::Path my_nav2_navfn_planner::NavfnPlanner::createPlan(const PoseStamped&, const PoseStamped&, std::vector<my_intermediate_interfaces::msg::VertexConstraint_<std::allocator<void> > >, std::vector<my_intermediate_interfaces::msg::EdgeConstraint_<std::allocator<void> > >)[m[K’:
[01m[K/home/andrea/tesi/ros2_mapf_cbs/project_1/src/my_nav2_navfn_planner/src/navfn_planner.cpp:118:27:[m[K [01;31m[Kerror: [m[Kno match for ‘[01m[Koperator=[m[K’ (operand types are ‘[01m[Kconst value_type[m[K’ {aka ‘[01m[Kconst my_intermediate_interfaces::msg::VertexConstraint_<std::allocator<void> >[m[K’} and ‘[01m[Kstd::nullptr_t[m[K’)
  118 |   vertex_constraints[0] = [01;31m[Knullptr[m[K
      |                           [01;31m[K^~~~~~~[m[K
In file included from [01m[K/home/andrea/tesi/ros2_mapf_cbs/project_1/build/my_intermediate_interfaces/rosidl_generator_cpp/my_intermediate_interfaces/msg/vertex_constraint.hpp:7[m[K,
                 from [01m[K/home/andrea/tesi/ros2_mapf_cbs/project_1/src/my_nav2_navfn_planner/include/my_nav2_navfn_planner/navfn_planner.hpp:27[m[K,
                 from [01m[K/home/andrea/tesi/ros2_mapf_cbs/project_1/src/my_nav2_navfn_planner/src/navfn_planner.cpp:1[m[K:
[01m[K/home/andrea/tesi/ros2_mapf_cbs/project_1/build/my_intermediate_interfaces/rosidl_generator_cpp/my_intermediate_interfaces/msg/detail/vertex_constraint__struct.hpp:36:8:[m[K [01;36m[Knote: [m[Kcandidate: ‘[01m[Kmy_intermediate_interfaces::msg::VertexConstraint_<std::allocator<void> >& my_intermediate_interfaces::msg::VertexConstraint_<std::allocator<void> >::operator=(const my_intermediate_interfaces::msg::VertexConstraint_<std::allocator<void> >&)[m[K’
   36 | struct [01;36m[KVertexConstraint_[m[K
      |        [01;36m[K^~~~~~~~~~~~~~~~~[m[K
[01m[K/home/andrea/tesi/ros2_mapf_cbs/project_1/build/my_intermediate_interfaces/rosidl_generator_cpp/my_intermediate_interfaces/msg/detail/vertex_constraint__struct.hpp:36:8:[m[K [01;36m[Knote: [m[K  no known conversion for argument 1 from ‘[01m[Kstd::nullptr_t[m[K’ to ‘[01m[Kconst my_intermediate_interfaces::msg::VertexConstraint_<std::allocator<void> >&[m[K’
[01m[K/home/andrea/tesi/ros2_mapf_cbs/project_1/build/my_intermediate_interfaces/rosidl_generator_cpp/my_intermediate_interfaces/msg/detail/vertex_constraint__struct.hpp:36:8:[m[K [01;36m[Knote: [m[Kcandidate: ‘[01m[Kmy_intermediate_interfaces::msg::VertexConstraint_<std::allocator<void> >& my_intermediate_interfaces::msg::VertexConstraint_<std::allocator<void> >::operator=(my_intermediate_interfaces::msg::VertexConstraint_<std::allocator<void> >&&)[m[K’
[01m[K/home/andrea/tesi/ros2_mapf_cbs/project_1/build/my_intermediate_interfaces/rosidl_generator_cpp/my_intermediate_interfaces/msg/detail/vertex_constraint__struct.hpp:36:8:[m[K [01;36m[Knote: [m[K  no known conversion for argument 1 from ‘[01m[Kstd::nullptr_t[m[K’ to ‘[01m[Kmy_intermediate_interfaces::msg::VertexConstraint_<std::allocator<void> >&&[m[K’
[01m[K/home/andrea/tesi/ros2_mapf_cbs/project_1/src/my_nav2_navfn_planner/src/navfn_planner.cpp:121:75:[m[K [01;31m[Kerror: [m[K‘[01m[Kmx_start[m[K’ was not declared in this scope; did you mean ‘[01m[Kva_start[m[K’?
  121 |   if (!costmap_->worldToMap(start.pose.position.x, start.pose.position.y, [01;31m[Kmx_start[m[K, my_start)) {
      |                                                                           [01;31m[K^~~~~~~~[m[K
      |                                                                           [32m[Kva_start[m[K
[01m[K/home/andrea/tesi/ros2_mapf_cbs/project_1/src/my_nav2_navfn_planner/src/navfn_planner.cpp:121:85:[m[K [01;31m[Kerror: [m[K‘[01m[Kmy_start[m[K’ was not declared in this scope; did you mean ‘[01m[Kva_start[m[K’?
  121 |   if (!costmap_->worldToMap(start.pose.position.x, start.pose.position.y, mx_start, [01;31m[Kmy_start[m[K)) {
      |                                                                                     [01;31m[K^~~~~~~~[m[K
      |                                                                                     [32m[Kva_start[m[K
[01m[K/home/andrea/tesi/ros2_mapf_cbs/project_1/src/my_nav2_navfn_planner/src/navfn_planner.cpp:127:73:[m[K [01;31m[Kerror: [m[K‘[01m[Kmx_goal[m[K’ was not declared in this scope; did you mean ‘[01m[Kgoal[m[K’?
  127 |   if (!costmap_->worldToMap(goal.pose.position.x, goal.pose.position.y, [01;31m[Kmx_goal[m[K, my_goal)) {
      |                                                                         [01;31m[K^~~~~~~[m[K
      |                                                                         [32m[Kgoal[m[K
[01m[K/home/andrea/tesi/ros2_mapf_cbs/project_1/src/my_nav2_navfn_planner/src/navfn_planner.cpp:127:82:[m[K [01;31m[Kerror: [m[K‘[01m[Kmy_goal[m[K’ was not declared in this scope; did you mean ‘[01m[Kgoal[m[K’?
  127 |   if (!costmap_->worldToMap(goal.pose.position.x, goal.pose.position.y, mx_goal, [01;31m[Kmy_goal[m[K)) {
      |                                                                                  [01;31m[K^~~~~~~[m[K
      |                                                                                  [32m[Kgoal[m[K
[01m[K/home/andrea/tesi/ros2_mapf_cbs/project_1/src/my_nav2_navfn_planner/src/navfn_planner.cpp:133:25:[m[K [01;31m[Kerror: [m[K‘[01m[Kmx_start[m[K’ was not declared in this scope; did you mean ‘[01m[Kva_start[m[K’?
  133 |   if (costmap_->getCost([01;31m[Kmx_start[m[K, my_start) == nav2_costmap_2d::LETHAL_OBSTACLE) {
      |                         [01;31m[K^~~~~~~~[m[K
      |                         [32m[Kva_start[m[K
[01m[K/home/andrea/tesi/ros2_mapf_cbs/project_1/src/my_nav2_navfn_planner/src/navfn_planner.cpp:133:35:[m[K [01;31m[Kerror: [m[K‘[01m[Kmy_start[m[K’ was not declared in this scope; did you mean ‘[01m[Kva_start[m[K’?
  133 |   if (costmap_->getCost(mx_start, [01;31m[Kmy_start[m[K) == nav2_costmap_2d::LETHAL_OBSTACLE) {
      |                                   [01;31m[K^~~~~~~~[m[K
      |                                   [32m[Kva_start[m[K
[01m[K/home/andrea/tesi/ros2_mapf_cbs/project_1/src/my_nav2_navfn_planner/src/navfn_planner.cpp:139:44:[m[K [01;31m[Kerror: [m[K‘[01m[Kmx_goal[m[K’ was not declared in this scope; did you mean ‘[01m[Kgoal[m[K’?
  139 |   if (tolerance_ == 0 && costmap_->getCost([01;31m[Kmx_goal[m[K, my_goal) == nav2_costmap_2d::LETHAL_OBSTACLE) {
      |                                            [01;31m[K^~~~~~~[m[K
      |                                            [32m[Kgoal[m[K
[01m[K/home/andrea/tesi/ros2_mapf_cbs/project_1/src/my_nav2_navfn_planner/src/navfn_planner.cpp:139:53:[m[K [01;31m[Kerror: [m[K‘[01m[Kmy_goal[m[K’ was not declared in this scope; did you mean ‘[01m[Kgoal[m[K’?
  139 |   if (tolerance_ == 0 && costmap_->getCost(mx_goal, [01;31m[Kmy_goal[m[K) == nav2_costmap_2d::LETHAL_OBSTACLE) {
      |                                                     [01;31m[K^~~~~~~[m[K
      |                                                     [32m[Kgoal[m[K
[01m[K/home/andrea/tesi/ros2_mapf_cbs/project_1/src/my_nav2_navfn_planner/src/navfn_planner.cpp:111:70:[m[K [01;31m[Kerror: [m[Kunused parameter ‘[01m[Kedge_constraints[m[K’ [[01;31m[K]8;;https://gcc.gnu.org/onlinedocs/gcc/Warning-Options.html#index-Wunused-parameter-Werror=unused-parameter]8;;[m[K]
  111 |   [01;31m[Kconst std::vector<my_intermediate_interfaces::msg::EdgeConstraint> edge_constraints[m[K)
      |   [01;31m[K~~~~~~~~~~~~~~~~~~~~~~~~~~~~~~~~~~~~~~~~~~~~~~~~~~~~~~~~~~~~~~~~~~~^~~~~~~~~~~~~~~~[m[K
In file included from [01m[K/opt/ros/humble/include/class_loader/class_loader/class_loader_core.hpp:57[m[K,
                 from [01m[K/opt/ros/humble/include/class_loader/class_loader/class_loader.hpp:55[m[K,
                 from [01m[K/opt/ros/humble/include/class_loader/class_loader/multi_library_class_loader.hpp:52[m[K,
                 from [01m[K/opt/ros/humble/include/pluginlib/pluginlib/class_loader.hpp:38[m[K,
                 from [01m[K/opt/ros/humble/include/nav2_costmap_2d/costmap_2d_ros.hpp:54[m[K,
                 from [01m[K/opt/ros/humble/include/nav2_core/global_planner.hpp:21[m[K,
                 from [01m[K/home/andrea/tesi/ros2_mapf_cbs/project_1/src/my_nav2_navfn_planner/include/my_nav2_navfn_planner/navfn_planner.hpp:29[m[K,
                 from [01m[K/home/andrea/tesi/ros2_mapf_cbs/project_1/src/my_nav2_navfn_planner/src/navfn_planner.cpp:1[m[K:
/opt/ros/humble/include/class_loader/class_loader/meta_object.hpp: In instantiation of ‘[01m[KB* class_loader::impl::MetaObject<C, B>::create() const [with C = my_nav2_navfn_planner::NavfnPlanner; B = nav2_core::GlobalPlanner][m[K’:
[01m[K/opt/ros/humble/include/class_loader/class_loader/meta_object.hpp:216:7:[m[K   required from here
[01m[K/opt/ros/humble/include/class_loader/class_loader/meta_object.hpp:218:12:[m[K [01;31m[Kerror: [m[Kinvalid new-expression of abstract class type ‘[01m[Kmy_nav2_navfn_planner::NavfnPlanner[m[K’
  218 |     return [01;31m[Knew C[m[K;
      |            [01;31m[K^~~~~[m[K
In file included from [01m[K/home/andrea/tesi/ros2_mapf_cbs/project_1/src/my_nav2_navfn_planner/src/navfn_planner.cpp:1[m[K:
[01m[K/home/andrea/tesi/ros2_mapf_cbs/project_1/src/my_nav2_navfn_planner/include/my_nav2_navfn_planner/navfn_planner.hpp:42:7:[m[K [01;36m[Knote: [m[K  because the following virtual functions are pure within ‘[01m[Kmy_nav2_navfn_planner::NavfnPlanner[m[K’:
   42 | class [01;36m[KNavfnPlanner[m[K : public nav2_core::GlobalPlanner
      |       [01;36m[K^~~~~~~~~~~~[m[K
In file included from [01m[K/home/andrea/tesi/ros2_mapf_cbs/project_1/src/my_nav2_navfn_planner/include/my_nav2_navfn_planner/navfn_planner.hpp:29[m[K,
                 from [01m[K/home/andrea/tesi/ros2_mapf_cbs/project_1/src/my_nav2_navfn_planner/src/navfn_planner.cpp:1[m[K:
[01m[K/opt/ros/humble/include/nav2_core/global_planner.hpp:76:31:[m[K [01;36m[Knote: [m[K    ‘[01m[Kvirtual nav_msgs::msg::Path nav2_core::GlobalPlanner::createPlan(const PoseStamped&, const PoseStamped&)[m[K’
   76 |   virtual nav_msgs::msg::Path [01;36m[KcreatePlan[m[K(
      |                               [01;36m[K^~~~~~~~~~[m[K
cc1plus: all warnings being treated as errors
gmake[2]: *** [CMakeFiles/my_nav2_navfn_planner.dir/build.make:76: CMakeFiles/my_nav2_navfn_planner.dir/src/navfn_planner.cpp.o] Error 1
gmake[1]: *** [CMakeFiles/Makefile2:137: CMakeFiles/my_nav2_navfn_planner.dir/all] Error 2
gmake: *** [Makefile:146: all] Error 2
