[0.410s] Invoking command in '/home/andrea/tesi/ros2_mapf_cbs/project_1/build/nav2_straightline_planner': CMAKE_PREFIX_PATH=${CMAKE_PREFIX_PATH}:/home/andrea/tesi/ros2_mapf_cbs/project_1/install/my_package:/home/andrea/tesi/ros2_mapf_cbs/project_1/install/my_intermediate:/home/andrea/tesi/ros2_mapf_cbs/simple_example/install/my_py_pkg:/opt/ros/humble /usr/bin/cmake /home/andrea/tesi/ros2_mapf_cbs/project_1/src/nav2_straightline_planner -DAMENT_CMAKE_SYMLINK_INSTALL=1 -DCMAKE_INSTALL_PREFIX=/home/andrea/tesi/ros2_mapf_cbs/project_1/install/nav2_straightline_planner
[0.467s] -- The C compiler identification is GNU 11.4.0
[0.529s] -- The CXX compiler identification is GNU 11.4.0
[0.536s] -- Detecting C compiler ABI info
[0.620s] -- Detecting C compiler ABI info - done
[0.630s] -- Check for working C compiler: /usr/bin/cc - skipped
[0.630s] -- Detecting C compile features
[0.631s] -- Detecting C compile features - done
[0.635s] -- Detecting CXX compiler ABI info
[0.725s] -- Detecting CXX compiler ABI info - done
[0.736s] -- Check for working CXX compiler: /usr/bin/c++ - skipped
[0.736s] -- Detecting CXX compile features
[0.737s] -- Detecting CXX compile features - done
[0.740s] -- Found ament_cmake: 1.3.5 (/opt/ros/humble/share/ament_cmake/cmake)
[0.989s] -- Found Python3: /usr/bin/python3.10 (found version "3.10.12") found components: Interpreter 
[1.067s] -- Override CMake install command with custom implementation using symlinks instead of copying resources
[1.104s] -- Found rclcpp: 16.0.6 (/opt/ros/humble/share/rclcpp/cmake)
[1.153s] -- Found rosidl_generator_c: 3.1.5 (/opt/ros/humble/share/rosidl_generator_c/cmake)
[1.157s] -- Found rosidl_adapter: 3.1.5 (/opt/ros/humble/share/rosidl_adapter/cmake)
[1.166s] -- Found rosidl_generator_cpp: 3.1.5 (/opt/ros/humble/share/rosidl_generator_cpp/cmake)
[1.182s] -- Using all available rosidl_typesupport_c: rosidl_typesupport_fastrtps_c;rosidl_typesupport_introspection_c
[1.201s] -- Using all available rosidl_typesupport_cpp: rosidl_typesupport_fastrtps_cpp;rosidl_typesupport_introspection_cpp
[1.285s] -- Found rmw_implementation_cmake: 6.1.1 (/opt/ros/humble/share/rmw_implementation_cmake/cmake)
[1.290s] -- Found rmw_cyclonedds_cpp: 1.3.4 (/opt/ros/humble/share/rmw_cyclonedds_cpp/cmake)
[1.333s] -- Using RMW implementation 'rmw_cyclonedds_cpp' as default
[1.348s] -- Looking for pthread.h
[1.494s] -- Looking for pthread.h - found
[1.494s] -- Performing Test CMAKE_HAVE_LIBC_PTHREAD
[1.561s] -- Performing Test CMAKE_HAVE_LIBC_PTHREAD - Success
[1.562s] -- Found Threads: TRUE  
[1.751s] -- Found rclcpp_action: 16.0.6 (/opt/ros/humble/share/rclcpp_action/cmake)
[1.873s] -- Found rclcpp_lifecycle: 16.0.6 (/opt/ros/humble/share/rclcpp_lifecycle/cmake)
[1.918s] -- Found visualization_msgs: 4.2.3 (/opt/ros/humble/share/visualization_msgs/cmake)
[2.154s] -- Found nav2_util: 1.1.12 (/opt/ros/humble/share/nav2_util/cmake)
[2.645s] -- Found eigen3_cmake_module: 0.1.1 (/opt/ros/humble/share/eigen3_cmake_module/cmake)
[2.646s] -- Found Eigen3: TRUE (found version "3.4.0") 
[2.646s] -- Ensuring Eigen3 include directory is part of orocos-kdl CMake target
[2.798s] -- Found nav2_costmap_2d: 1.1.12 (/opt/ros/humble/share/nav2_costmap_2d/cmake)
[3.602s] -- Found nav2_core: 1.1.12 (/opt/ros/humble/share/nav2_core/cmake)
[9.736s] -- Found ament_lint_auto: 0.12.8 (/opt/ros/humble/share/ament_lint_auto/cmake)
[9.799s] -- Added test 'copyright' to check source files copyright and LICENSE
[9.800s] -- Added test 'cppcheck' to perform static code analysis on C / C++ code
[9.800s] -- Configured cppcheck include dirs: /home/andrea/tesi/ros2_mapf_cbs/project_1/src/nav2_straightline_planner/include
[9.800s] -- Configured cppcheck exclude dirs and/or files: 
[9.801s] -- Added test 'cpplint' to check C / C++ code against the Google style
[9.801s] -- Configured cpplint exclude dirs and/or files: 
[9.802s] -- Added test 'lint_cmake' to check CMake code style
[9.802s] -- Added test 'uncrustify' to check C / C++ code style
[9.803s] -- Configured uncrustify additional arguments: 
[9.803s] -- Added test 'xmllint' to check XML markup files
[9.806s] -- Configuring done
[9.827s] -- Generating done
[9.829s] -- Build files have been written to: /home/andrea/tesi/ros2_mapf_cbs/project_1/build/nav2_straightline_planner
