[0.983s] Invoking command in '/home/andrea/tesi/ros2_mapf_cbs/project_1/build/my_package': PYTHONPATH=/home/andrea/tesi/ros2_mapf_cbs/project_1/build/my_package/prefix_override:/home/andrea/tesi/ros2_mapf_cbs/project_1/install/my_package/lib/python3.10/site-packages:${PYTHONPATH} /usr/bin/python3 setup.py develop --uninstall --editable --build-directory /home/andrea/tesi/ros2_mapf_cbs/project_1/build/my_package/build
[1.233s] running develop
[1.377s] Removing /home/andrea/tesi/ros2_mapf_cbs/project_1/install/my_package/lib/python3.10/site-packages/my-package.egg-link (link to .)
[1.406s] Invoked command in '/home/andrea/tesi/ros2_mapf_cbs/project_1/build/my_package' returned '0': PYTHONPATH=/home/andrea/tesi/ros2_mapf_cbs/project_1/build/my_package/prefix_override:/home/andrea/tesi/ros2_mapf_cbs/project_1/install/my_package/lib/python3.10/site-packages:${PYTHONPATH} /usr/bin/python3 setup.py develop --uninstall --editable --build-directory /home/andrea/tesi/ros2_mapf_cbs/project_1/build/my_package/build
[1.408s] Invoking command in '/home/andrea/tesi/ros2_mapf_cbs/project_1/src/my_package': PYTHONPATH=/home/andrea/tesi/ros2_mapf_cbs/project_1/build/my_package/prefix_override:/home/andrea/tesi/ros2_mapf_cbs/project_1/install/my_package/lib/python3.10/site-packages:${PYTHONPATH} /usr/bin/python3 setup.py egg_info --egg-base ../../build/my_package build --build-base /home/andrea/tesi/ros2_mapf_cbs/project_1/build/my_package/build install --record /home/andrea/tesi/ros2_mapf_cbs/project_1/build/my_package/install.log --single-version-externally-managed
[1.640s] running egg_info
[1.640s] writing ../../build/my_package/my_package.egg-info/PKG-INFO
[1.640s] writing dependency_links to ../../build/my_package/my_package.egg-info/dependency_links.txt
[1.640s] writing entry points to ../../build/my_package/my_package.egg-info/entry_points.txt
[1.641s] writing requirements to ../../build/my_package/my_package.egg-info/requires.txt
[1.641s] writing top-level names to ../../build/my_package/my_package.egg-info/top_level.txt
[1.642s] reading manifest file '../../build/my_package/my_package.egg-info/SOURCES.txt'
[1.642s] adding license file 'LICENSE'
[1.643s] writing manifest file '../../build/my_package/my_package.egg-info/SOURCES.txt'
[1.643s] running build
[1.643s] running build_py
[1.643s] creating /home/andrea/tesi/ros2_mapf_cbs/project_1/build/my_package/build
[1.643s] creating /home/andrea/tesi/ros2_mapf_cbs/project_1/build/my_package/build/lib
[1.643s] creating /home/andrea/tesi/ros2_mapf_cbs/project_1/build/my_package/build/lib/my_package
[1.643s] copying my_package/my_robot_driver.py -> /home/andrea/tesi/ros2_mapf_cbs/project_1/build/my_package/build/lib/my_package
[1.643s] copying my_package/__init__.py -> /home/andrea/tesi/ros2_mapf_cbs/project_1/build/my_package/build/lib/my_package
[1.644s] copying my_package/robot_spawner.py -> /home/andrea/tesi/ros2_mapf_cbs/project_1/build/my_package/build/lib/my_package
[1.644s] running install
[1.644s] running install_lib
[1.644s] creating /home/andrea/tesi/ros2_mapf_cbs/project_1/install/my_package/lib/python3.10/site-packages/my_package
[1.644s] copying /home/andrea/tesi/ros2_mapf_cbs/project_1/build/my_package/build/lib/my_package/my_robot_driver.py -> /home/andrea/tesi/ros2_mapf_cbs/project_1/install/my_package/lib/python3.10/site-packages/my_package
[1.644s] copying /home/andrea/tesi/ros2_mapf_cbs/project_1/build/my_package/build/lib/my_package/__init__.py -> /home/andrea/tesi/ros2_mapf_cbs/project_1/install/my_package/lib/python3.10/site-packages/my_package
[1.645s] copying /home/andrea/tesi/ros2_mapf_cbs/project_1/build/my_package/build/lib/my_package/robot_spawner.py -> /home/andrea/tesi/ros2_mapf_cbs/project_1/install/my_package/lib/python3.10/site-packages/my_package
[1.645s] byte-compiling /home/andrea/tesi/ros2_mapf_cbs/project_1/install/my_package/lib/python3.10/site-packages/my_package/my_robot_driver.py to my_robot_driver.cpython-310.pyc
[1.645s] byte-compiling /home/andrea/tesi/ros2_mapf_cbs/project_1/install/my_package/lib/python3.10/site-packages/my_package/__init__.py to __init__.cpython-310.pyc
[1.645s] byte-compiling /home/andrea/tesi/ros2_mapf_cbs/project_1/install/my_package/lib/python3.10/site-packages/my_package/robot_spawner.py to robot_spawner.cpython-310.pyc
[1.646s] running install_data
[1.646s] running install_egg_info
[1.648s] Copying ../../build/my_package/my_package.egg-info to /home/andrea/tesi/ros2_mapf_cbs/project_1/install/my_package/lib/python3.10/site-packages/my_package-0.0.0-py3.10.egg-info
[1.648s] running install_scripts
[1.663s] Installing my_robot_driver script to /home/andrea/tesi/ros2_mapf_cbs/project_1/install/my_package/lib/my_package
[1.663s] Installing robot_spawner script to /home/andrea/tesi/ros2_mapf_cbs/project_1/install/my_package/lib/my_package
[1.664s] writing list of installed files to '/home/andrea/tesi/ros2_mapf_cbs/project_1/build/my_package/install.log'
[1.689s] Invoked command in '/home/andrea/tesi/ros2_mapf_cbs/project_1/src/my_package' returned '0': PYTHONPATH=/home/andrea/tesi/ros2_mapf_cbs/project_1/build/my_package/prefix_override:/home/andrea/tesi/ros2_mapf_cbs/project_1/install/my_package/lib/python3.10/site-packages:${PYTHONPATH} /usr/bin/python3 setup.py egg_info --egg-base ../../build/my_package build --build-base /home/andrea/tesi/ros2_mapf_cbs/project_1/build/my_package/build install --record /home/andrea/tesi/ros2_mapf_cbs/project_1/build/my_package/install.log --single-version-externally-managed
