[0.233s] Invoking command in '/home/andrea/tesi/ros2_mapf_cbs/project_1/build/my_nav2_core': CMAKE_PREFIX_PATH=${CMAKE_PREFIX_PATH}:/home/andrea/tesi/ros2_mapf_cbs/project_1/install/my_package:/home/andrea/tesi/ros2_mapf_cbs/project_1/install/my_intermediate:/home/andrea/tesi/ros2_mapf_cbs/simple_example/install/my_py_pkg:/opt/ros/humble /usr/bin/cmake --build /home/andrea/tesi/ros2_mapf_cbs/project_1/build/my_nav2_core -- -j8 -l8
[0.558s] -- Found ament_cmake: 1.3.5 (/opt/ros/humble/share/ament_cmake/cmake)
[0.558s] -- Found nav2_common: 1.1.12 (/opt/ros/humble/share/nav2_common/cmake)
[0.558s] -- Found rclcpp: 16.0.6 (/opt/ros/humble/share/rclcpp/cmake)
[0.558s] -- Found rosidl_generator_c: 3.1.5 (/opt/ros/humble/share/rosidl_generator_c/cmake)
[0.558s] -- Found rosidl_adapter: 3.1.5 (/opt/ros/humble/share/rosidl_adapter/cmake)
[0.558s] -- Found rosidl_generator_cpp: 3.1.5 (/opt/ros/humble/share/rosidl_generator_cpp/cmake)
[0.558s] -- Using all available rosidl_typesupport_c: rosidl_typesupport_fastrtps_c;rosidl_typesupport_introspection_c
[0.558s] -- Using all available rosidl_typesupport_cpp: rosidl_typesupport_fastrtps_cpp;rosidl_typesupport_introspection_cpp
[0.558s] -- Found rmw_implementation_cmake: 6.1.1 (/opt/ros/humble/share/rmw_implementation_cmake/cmake)
[0.558s] -- Found rmw_cyclonedds_cpp: 1.3.4 (/opt/ros/humble/share/rmw_cyclonedds_cpp/cmake)
[0.560s] -- Using RMW implementation 'rmw_cyclonedds_cpp' as default
[0.705s] -- Found rclcpp_lifecycle: 16.0.6 (/opt/ros/humble/share/rclcpp_lifecycle/cmake)
[0.735s] -- Found geometry_msgs: 4.2.3 (/opt/ros/humble/share/geometry_msgs/cmake)
[0.767s] -- Found nav2_costmap_2d: 1.1.12 (/opt/ros/humble/share/nav2_costmap_2d/cmake)
[1.449s] -- Ensuring Eigen3 include directory is part of orocos-kdl CMake target
[2.157s] -- Found ament_lint_auto: 0.12.8 (/opt/ros/humble/share/ament_lint_auto/cmake)
[2.223s] -- Added test 'cppcheck' to perform static code analysis on C / C++ code
[2.223s] -- Configured cppcheck include dirs: 
[2.223s] -- Configured cppcheck exclude dirs and/or files: 
[2.223s] -- Added test 'cpplint' to check C / C++ code against the Google style
[2.223s] -- Configured cpplint exclude dirs and/or files: 
[2.223s] -- Added test 'lint_cmake' to check CMake code style
[2.224s] -- Added test 'uncrustify' to check C / C++ code style
[2.224s] -- Configured uncrustify additional arguments: 
[2.224s] -- Added test 'xmllint' to check XML markup files
[2.225s] -- Configuring done
[2.228s] -- Generating done
[2.230s] -- Build files have been written to: /home/andrea/tesi/ros2_mapf_cbs/project_1/build/my_nav2_core
[2.249s] Invoked command in '/home/andrea/tesi/ros2_mapf_cbs/project_1/build/my_nav2_core' returned '0': CMAKE_PREFIX_PATH=${CMAKE_PREFIX_PATH}:/home/andrea/tesi/ros2_mapf_cbs/project_1/install/my_package:/home/andrea/tesi/ros2_mapf_cbs/project_1/install/my_intermediate:/home/andrea/tesi/ros2_mapf_cbs/simple_example/install/my_py_pkg:/opt/ros/humble /usr/bin/cmake --build /home/andrea/tesi/ros2_mapf_cbs/project_1/build/my_nav2_core -- -j8 -l8
[2.267s] Invoking command in '/home/andrea/tesi/ros2_mapf_cbs/project_1/build/my_nav2_core': CMAKE_PREFIX_PATH=${CMAKE_PREFIX_PATH}:/home/andrea/tesi/ros2_mapf_cbs/project_1/install/my_package:/home/andrea/tesi/ros2_mapf_cbs/project_1/install/my_intermediate:/home/andrea/tesi/ros2_mapf_cbs/simple_example/install/my_py_pkg:/opt/ros/humble /usr/bin/cmake --install /home/andrea/tesi/ros2_mapf_cbs/project_1/build/my_nav2_core
[2.274s] -- Install configuration: "Release"
[2.274s] -- Up-to-date: /home/andrea/tesi/ros2_mapf_cbs/project_1/install/my_nav2_core/include/
[2.274s] -- Up-to-date: /home/andrea/tesi/ros2_mapf_cbs/project_1/install/my_nav2_core/include//my_nav2_core
[2.274s] -- Installing: /home/andrea/tesi/ros2_mapf_cbs/project_1/install/my_nav2_core/include//my_nav2_core/multi_agent_global_planner.hpp
[2.274s] -- Installing: /home/andrea/tesi/ros2_mapf_cbs/project_1/install/my_nav2_core/share/ament_index/resource_index/package_run_dependencies/my_nav2_core
[2.274s] -- Up-to-date: /home/andrea/tesi/ros2_mapf_cbs/project_1/install/my_nav2_core/share/ament_index/resource_index/parent_prefix_path/my_nav2_core
[2.274s] -- Up-to-date: /home/andrea/tesi/ros2_mapf_cbs/project_1/install/my_nav2_core/share/my_nav2_core/environment/ament_prefix_path.sh
[2.274s] -- Installing: /home/andrea/tesi/ros2_mapf_cbs/project_1/install/my_nav2_core/share/my_nav2_core/environment/ament_prefix_path.dsv
[2.274s] -- Up-to-date: /home/andrea/tesi/ros2_mapf_cbs/project_1/install/my_nav2_core/share/my_nav2_core/environment/path.sh
[2.274s] -- Installing: /home/andrea/tesi/ros2_mapf_cbs/project_1/install/my_nav2_core/share/my_nav2_core/environment/path.dsv
[2.275s] -- Up-to-date: /home/andrea/tesi/ros2_mapf_cbs/project_1/install/my_nav2_core/share/my_nav2_core/local_setup.bash
[2.275s] -- Up-to-date: /home/andrea/tesi/ros2_mapf_cbs/project_1/install/my_nav2_core/share/my_nav2_core/local_setup.sh
[2.275s] -- Up-to-date: /home/andrea/tesi/ros2_mapf_cbs/project_1/install/my_nav2_core/share/my_nav2_core/local_setup.zsh
[2.275s] -- Installing: /home/andrea/tesi/ros2_mapf_cbs/project_1/install/my_nav2_core/share/my_nav2_core/local_setup.dsv
[2.275s] -- Installing: /home/andrea/tesi/ros2_mapf_cbs/project_1/install/my_nav2_core/share/my_nav2_core/package.dsv
[2.275s] -- Up-to-date: /home/andrea/tesi/ros2_mapf_cbs/project_1/install/my_nav2_core/share/ament_index/resource_index/packages/my_nav2_core
[2.275s] -- Up-to-date: /home/andrea/tesi/ros2_mapf_cbs/project_1/install/my_nav2_core/share/my_nav2_core/cmake/ament_cmake_export_include_directories-extras.cmake
[2.275s] -- Installing: /home/andrea/tesi/ros2_mapf_cbs/project_1/install/my_nav2_core/share/my_nav2_core/cmake/ament_cmake_export_dependencies-extras.cmake
[2.275s] -- Installing: /home/andrea/tesi/ros2_mapf_cbs/project_1/install/my_nav2_core/share/my_nav2_core/cmake/my_nav2_coreConfig.cmake
[2.275s] -- Installing: /home/andrea/tesi/ros2_mapf_cbs/project_1/install/my_nav2_core/share/my_nav2_core/cmake/my_nav2_coreConfig-version.cmake
[2.275s] -- Installing: /home/andrea/tesi/ros2_mapf_cbs/project_1/install/my_nav2_core/share/my_nav2_core/package.xml
[2.277s] Invoked command in '/home/andrea/tesi/ros2_mapf_cbs/project_1/build/my_nav2_core' returned '0': CMAKE_PREFIX_PATH=${CMAKE_PREFIX_PATH}:/home/andrea/tesi/ros2_mapf_cbs/project_1/install/my_package:/home/andrea/tesi/ros2_mapf_cbs/project_1/install/my_intermediate:/home/andrea/tesi/ros2_mapf_cbs/simple_example/install/my_py_pkg:/opt/ros/humble /usr/bin/cmake --install /home/andrea/tesi/ros2_mapf_cbs/project_1/build/my_nav2_core
