[0.073s] Invoking command in '/home/andrea/tesi/ros2_mapf_cbs/project_1/build/my_nav2_planner': CMAKE_PREFIX_PATH=/home/andrea/tesi/ros2_mapf_cbs/project_1/install/my_nav2_smac_planner:/home/andrea/tesi/ros2_mapf_cbs/project_1/install/my_nav2_navfn_planner:/home/andrea/tesi/ros2_mapf_cbs/project_1/install/my_nav2_core:/home/andrea/tesi/ros2_mapf_cbs/project_1/install/my_intermediate_interfaces:/home/andrea/tesi/ros2_mapf_cbs/project_1/install/turtlebot3_multi_robot:/home/andrea/tesi/ros2_mapf_cbs/project_1/install/nav2_straightline_planner:/home/andrea/tesi/ros2_mapf_cbs/project_1/install/my_try_bringup:/home/andrea/tesi/ros2_mapf_cbs/project_1/install/my_nav2_planner:/home/andrea/tesi/ros2_mapf_cbs/simple_example/install/my_robot_bringup:/home/andrea/tesi/ros2_mapf_cbs/simple_example/install/my_robot_interfaces:/home/andrea/tesi/ros2_mapf_cbs/project_1/install/my_package:/home/andrea/tesi/ros2_mapf_cbs/project_1/install/my_intermediate:/home/andrea/tesi/ros2_mapf_cbs/simple_example/install/my_py_pkg:/opt/ros/humble LD_LIBRARY_PATH=/home/andrea/tesi/ros2_mapf_cbs/project_1/install/my_nav2_smac_planner/lib:/home/andrea/tesi/ros2_mapf_cbs/project_1/install/my_nav2_navfn_planner/lib:/home/andrea/tesi/ros2_mapf_cbs/project_1/install/my_intermediate_interfaces/lib:/home/andrea/tesi/ros2_mapf_cbs/project_1/install/nav2_straightline_planner/lib:/home/andrea/tesi/ros2_mapf_cbs/project_1/install/my_nav2_planner/lib:/home/andrea/tesi/ros2_mapf_cbs/simple_example/install/my_robot_interfaces/lib:/usr/lib/x86_64-linux-gnu/gazebo-11/plugins:/opt/ros/humble/opt/rviz_ogre_vendor/lib:/opt/ros/humble/lib/x86_64-linux-gnu:/opt/ros/humble/lib:/home/andrea/ws_online/build/ros2_bdi_on_litter_world /usr/bin/cmake /home/andrea/tesi/ros2_mapf_cbs/project_1/src/my_nav2_planner -DAMENT_CMAKE_SYMLINK_INSTALL=1 -DCMAKE_INSTALL_PREFIX=/home/andrea/tesi/ros2_mapf_cbs/project_1/install/my_nav2_planner
[0.151s] -- The C compiler identification is GNU 11.4.0
[0.198s] -- The CXX compiler identification is GNU 11.4.0
[0.206s] -- Detecting C compiler ABI info
[0.258s] -- Detecting C compiler ABI info - done
[0.263s] -- Check for working C compiler: /usr/bin/cc - skipped
[0.264s] -- Detecting C compile features
[0.264s] -- Detecting C compile features - done
[0.267s] -- Detecting CXX compiler ABI info
[0.326s] -- Detecting CXX compiler ABI info - done
[0.331s] -- Check for working CXX compiler: /usr/bin/c++ - skipped
[0.331s] -- Detecting CXX compile features
[0.332s] -- Detecting CXX compile features - done
[0.341s] -- Found ament_cmake: 1.3.5 (/opt/ros/humble/share/ament_cmake/cmake)
[0.496s] -- Found Python3: /usr/bin/python3.10 (found version "3.10.12") found components: Interpreter 
[0.560s] -- Override CMake install command with custom implementation using symlinks instead of copying resources
[0.597s] -- Found nav2_common: 1.1.12 (/opt/ros/humble/share/nav2_common/cmake)
[0.600s] -- Found rclcpp: 16.0.6 (/opt/ros/humble/share/rclcpp/cmake)
[0.651s] -- Found rosidl_generator_c: 3.1.5 (/opt/ros/humble/share/rosidl_generator_c/cmake)
[0.657s] -- Found rosidl_adapter: 3.1.5 (/opt/ros/humble/share/rosidl_adapter/cmake)
[0.668s] -- Found rosidl_generator_cpp: 3.1.5 (/opt/ros/humble/share/rosidl_generator_cpp/cmake)
[0.688s] -- Using all available rosidl_typesupport_c: rosidl_typesupport_fastrtps_c;rosidl_typesupport_introspection_c
[0.709s] -- Using all available rosidl_typesupport_cpp: rosidl_typesupport_fastrtps_cpp;rosidl_typesupport_introspection_cpp
[0.775s] -- Found rmw_implementation_cmake: 6.1.1 (/opt/ros/humble/share/rmw_implementation_cmake/cmake)
[0.779s] -- Found rmw_cyclonedds_cpp: 1.3.4 (/opt/ros/humble/share/rmw_cyclonedds_cpp/cmake)
[0.813s] -- Using RMW implementation 'rmw_cyclonedds_cpp' as default
[0.824s] -- Looking for pthread.h
[0.882s] -- Looking for pthread.h - found
[0.882s] -- Performing Test CMAKE_HAVE_LIBC_PTHREAD
[0.936s] -- Performing Test CMAKE_HAVE_LIBC_PTHREAD - Success
[0.937s] -- Found Threads: TRUE  
[1.063s] -- Found rclcpp_action: 16.0.6 (/opt/ros/humble/share/rclcpp_action/cmake)
[1.138s] -- Found rclcpp_lifecycle: 16.0.6 (/opt/ros/humble/share/rclcpp_lifecycle/cmake)
[1.174s] -- Found rclcpp_components: 16.0.6 (/opt/ros/humble/share/rclcpp_components/cmake)
[1.250s] -- Found visualization_msgs: 4.2.3 (/opt/ros/humble/share/visualization_msgs/cmake)
[1.442s] -- Found nav2_util: 1.1.12 (/opt/ros/humble/share/nav2_util/cmake)
[1.802s] -- Found eigen3_cmake_module: 0.1.1 (/opt/ros/humble/share/eigen3_cmake_module/cmake)
[1.803s] -- Found Eigen3: TRUE (found version "3.4.0") 
[1.803s] -- Ensuring Eigen3 include directory is part of orocos-kdl CMake target
[1.940s] -- Found nav2_costmap_2d: 1.1.12 (/opt/ros/humble/share/nav2_costmap_2d/cmake)
[2.542s] -- Found my_nav2_navfn_planner: 1.1.12 (/home/andrea/tesi/ros2_mapf_cbs/project_1/install/my_nav2_navfn_planner/share/my_nav2_navfn_planner/cmake)
[5.940s] -- Found my_nav2_smac_planner: 1.1.12 (/home/andrea/tesi/ros2_mapf_cbs/project_1/install/my_nav2_smac_planner/share/my_nav2_smac_planner/cmake)
[8.224s] -- Setting build type to Release as none was specified.
[42.074s] -- Found ament_lint_auto: 0.12.8 (/opt/ros/humble/share/ament_lint_auto/cmake)
[42.077s] -- Found ament_cmake_gtest: 1.3.5 (/opt/ros/humble/share/ament_cmake_gtest/cmake)
[42.157s] -- Added test 'copyright' to check source files copyright and LICENSE
[42.158s] -- Added test 'cppcheck' to perform static code analysis on C / C++ code
[42.159s] -- Configured cppcheck include dirs: /home/andrea/tesi/ros2_mapf_cbs/project_1/src/my_nav2_planner/include
[42.159s] -- Configured cppcheck exclude dirs and/or files: 
[42.160s] -- Added test 'cpplint' to check C / C++ code against the Google style
[42.160s] -- Configured cpplint exclude dirs and/or files: 
[42.160s] -- Added test 'lint_cmake' to check CMake code style
[42.161s] -- Added test 'uncrustify' to check C / C++ code style
[42.161s] -- Configured uncrustify additional arguments: 
[42.162s] -- Added test 'xmllint' to check XML markup files
[42.165s] -- Configuring done
[42.212s] -- Generating done
[42.213s] -- Build files have been written to: /home/andrea/tesi/ros2_mapf_cbs/project_1/build/my_nav2_planner
[42.223s] Invoked command in '/home/andrea/tesi/ros2_mapf_cbs/project_1/build/my_nav2_planner' returned '0': CMAKE_PREFIX_PATH=/home/andrea/tesi/ros2_mapf_cbs/project_1/install/my_nav2_smac_planner:/home/andrea/tesi/ros2_mapf_cbs/project_1/install/my_nav2_navfn_planner:/home/andrea/tesi/ros2_mapf_cbs/project_1/install/my_nav2_core:/home/andrea/tesi/ros2_mapf_cbs/project_1/install/my_intermediate_interfaces:/home/andrea/tesi/ros2_mapf_cbs/project_1/install/turtlebot3_multi_robot:/home/andrea/tesi/ros2_mapf_cbs/project_1/install/nav2_straightline_planner:/home/andrea/tesi/ros2_mapf_cbs/project_1/install/my_try_bringup:/home/andrea/tesi/ros2_mapf_cbs/project_1/install/my_nav2_planner:/home/andrea/tesi/ros2_mapf_cbs/simple_example/install/my_robot_bringup:/home/andrea/tesi/ros2_mapf_cbs/simple_example/install/my_robot_interfaces:/home/andrea/tesi/ros2_mapf_cbs/project_1/install/my_package:/home/andrea/tesi/ros2_mapf_cbs/project_1/install/my_intermediate:/home/andrea/tesi/ros2_mapf_cbs/simple_example/install/my_py_pkg:/opt/ros/humble LD_LIBRARY_PATH=/home/andrea/tesi/ros2_mapf_cbs/project_1/install/my_nav2_smac_planner/lib:/home/andrea/tesi/ros2_mapf_cbs/project_1/install/my_nav2_navfn_planner/lib:/home/andrea/tesi/ros2_mapf_cbs/project_1/install/my_intermediate_interfaces/lib:/home/andrea/tesi/ros2_mapf_cbs/project_1/install/nav2_straightline_planner/lib:/home/andrea/tesi/ros2_mapf_cbs/project_1/install/my_nav2_planner/lib:/home/andrea/tesi/ros2_mapf_cbs/simple_example/install/my_robot_interfaces/lib:/usr/lib/x86_64-linux-gnu/gazebo-11/plugins:/opt/ros/humble/opt/rviz_ogre_vendor/lib:/opt/ros/humble/lib/x86_64-linux-gnu:/opt/ros/humble/lib:/home/andrea/ws_online/build/ros2_bdi_on_litter_world /usr/bin/cmake /home/andrea/tesi/ros2_mapf_cbs/project_1/src/my_nav2_planner -DAMENT_CMAKE_SYMLINK_INSTALL=1 -DCMAKE_INSTALL_PREFIX=/home/andrea/tesi/ros2_mapf_cbs/project_1/install/my_nav2_planner
[42.224s] Invoking command in '/home/andrea/tesi/ros2_mapf_cbs/project_1/build/my_nav2_planner': CMAKE_PREFIX_PATH=/home/andrea/tesi/ros2_mapf_cbs/project_1/install/my_nav2_smac_planner:/home/andrea/tesi/ros2_mapf_cbs/project_1/install/my_nav2_navfn_planner:/home/andrea/tesi/ros2_mapf_cbs/project_1/install/my_nav2_core:/home/andrea/tesi/ros2_mapf_cbs/project_1/install/my_intermediate_interfaces:/home/andrea/tesi/ros2_mapf_cbs/project_1/install/turtlebot3_multi_robot:/home/andrea/tesi/ros2_mapf_cbs/project_1/install/nav2_straightline_planner:/home/andrea/tesi/ros2_mapf_cbs/project_1/install/my_try_bringup:/home/andrea/tesi/ros2_mapf_cbs/project_1/install/my_nav2_planner:/home/andrea/tesi/ros2_mapf_cbs/simple_example/install/my_robot_bringup:/home/andrea/tesi/ros2_mapf_cbs/simple_example/install/my_robot_interfaces:/home/andrea/tesi/ros2_mapf_cbs/project_1/install/my_package:/home/andrea/tesi/ros2_mapf_cbs/project_1/install/my_intermediate:/home/andrea/tesi/ros2_mapf_cbs/simple_example/install/my_py_pkg:/opt/ros/humble LD_LIBRARY_PATH=/home/andrea/tesi/ros2_mapf_cbs/project_1/install/my_nav2_smac_planner/lib:/home/andrea/tesi/ros2_mapf_cbs/project_1/install/my_nav2_navfn_planner/lib:/home/andrea/tesi/ros2_mapf_cbs/project_1/install/my_intermediate_interfaces/lib:/home/andrea/tesi/ros2_mapf_cbs/project_1/install/nav2_straightline_planner/lib:/home/andrea/tesi/ros2_mapf_cbs/project_1/install/my_nav2_planner/lib:/home/andrea/tesi/ros2_mapf_cbs/simple_example/install/my_robot_interfaces/lib:/usr/lib/x86_64-linux-gnu/gazebo-11/plugins:/opt/ros/humble/opt/rviz_ogre_vendor/lib:/opt/ros/humble/lib/x86_64-linux-gnu:/opt/ros/humble/lib:/home/andrea/ws_online/build/ros2_bdi_on_litter_world /usr/bin/cmake --build /home/andrea/tesi/ros2_mapf_cbs/project_1/build/my_nav2_planner -- -j8 -l8
[42.270s] [ 25%] [32mBuilding CXX object CMakeFiles/my_planner_server_core.dir/src/my_planner_server.cpp.o[0m
[58.115s] [ 50%] [32m[1mLinking CXX shared library libmy_planner_server_core.so[0m
[58.358s] [ 50%] Built target my_planner_server_core
[58.374s] [ 75%] [32mBuilding CXX object CMakeFiles/my_planner_server.dir/src/main.cpp.o[0m
[61.899s] [100%] [32m[1mLinking CXX executable my_planner_server[0m
[62.076s] [100%] Built target my_planner_server
[62.085s] Invoked command in '/home/andrea/tesi/ros2_mapf_cbs/project_1/build/my_nav2_planner' returned '0': CMAKE_PREFIX_PATH=/home/andrea/tesi/ros2_mapf_cbs/project_1/install/my_nav2_smac_planner:/home/andrea/tesi/ros2_mapf_cbs/project_1/install/my_nav2_navfn_planner:/home/andrea/tesi/ros2_mapf_cbs/project_1/install/my_nav2_core:/home/andrea/tesi/ros2_mapf_cbs/project_1/install/my_intermediate_interfaces:/home/andrea/tesi/ros2_mapf_cbs/project_1/install/turtlebot3_multi_robot:/home/andrea/tesi/ros2_mapf_cbs/project_1/install/nav2_straightline_planner:/home/andrea/tesi/ros2_mapf_cbs/project_1/install/my_try_bringup:/home/andrea/tesi/ros2_mapf_cbs/project_1/install/my_nav2_planner:/home/andrea/tesi/ros2_mapf_cbs/simple_example/install/my_robot_bringup:/home/andrea/tesi/ros2_mapf_cbs/simple_example/install/my_robot_interfaces:/home/andrea/tesi/ros2_mapf_cbs/project_1/install/my_package:/home/andrea/tesi/ros2_mapf_cbs/project_1/install/my_intermediate:/home/andrea/tesi/ros2_mapf_cbs/simple_example/install/my_py_pkg:/opt/ros/humble LD_LIBRARY_PATH=/home/andrea/tesi/ros2_mapf_cbs/project_1/install/my_nav2_smac_planner/lib:/home/andrea/tesi/ros2_mapf_cbs/project_1/install/my_nav2_navfn_planner/lib:/home/andrea/tesi/ros2_mapf_cbs/project_1/install/my_intermediate_interfaces/lib:/home/andrea/tesi/ros2_mapf_cbs/project_1/install/nav2_straightline_planner/lib:/home/andrea/tesi/ros2_mapf_cbs/project_1/install/my_nav2_planner/lib:/home/andrea/tesi/ros2_mapf_cbs/simple_example/install/my_robot_interfaces/lib:/usr/lib/x86_64-linux-gnu/gazebo-11/plugins:/opt/ros/humble/opt/rviz_ogre_vendor/lib:/opt/ros/humble/lib/x86_64-linux-gnu:/opt/ros/humble/lib:/home/andrea/ws_online/build/ros2_bdi_on_litter_world /usr/bin/cmake --build /home/andrea/tesi/ros2_mapf_cbs/project_1/build/my_nav2_planner -- -j8 -l8
[62.111s] Invoking command in '/home/andrea/tesi/ros2_mapf_cbs/project_1/build/my_nav2_planner': CMAKE_PREFIX_PATH=/home/andrea/tesi/ros2_mapf_cbs/project_1/install/my_nav2_smac_planner:/home/andrea/tesi/ros2_mapf_cbs/project_1/install/my_nav2_navfn_planner:/home/andrea/tesi/ros2_mapf_cbs/project_1/install/my_nav2_core:/home/andrea/tesi/ros2_mapf_cbs/project_1/install/my_intermediate_interfaces:/home/andrea/tesi/ros2_mapf_cbs/project_1/install/turtlebot3_multi_robot:/home/andrea/tesi/ros2_mapf_cbs/project_1/install/nav2_straightline_planner:/home/andrea/tesi/ros2_mapf_cbs/project_1/install/my_try_bringup:/home/andrea/tesi/ros2_mapf_cbs/project_1/install/my_nav2_planner:/home/andrea/tesi/ros2_mapf_cbs/simple_example/install/my_robot_bringup:/home/andrea/tesi/ros2_mapf_cbs/simple_example/install/my_robot_interfaces:/home/andrea/tesi/ros2_mapf_cbs/project_1/install/my_package:/home/andrea/tesi/ros2_mapf_cbs/project_1/install/my_intermediate:/home/andrea/tesi/ros2_mapf_cbs/simple_example/install/my_py_pkg:/opt/ros/humble LD_LIBRARY_PATH=/home/andrea/tesi/ros2_mapf_cbs/project_1/install/my_nav2_smac_planner/lib:/home/andrea/tesi/ros2_mapf_cbs/project_1/install/my_nav2_navfn_planner/lib:/home/andrea/tesi/ros2_mapf_cbs/project_1/install/my_intermediate_interfaces/lib:/home/andrea/tesi/ros2_mapf_cbs/project_1/install/nav2_straightline_planner/lib:/home/andrea/tesi/ros2_mapf_cbs/project_1/install/my_nav2_planner/lib:/home/andrea/tesi/ros2_mapf_cbs/simple_example/install/my_robot_interfaces/lib:/usr/lib/x86_64-linux-gnu/gazebo-11/plugins:/opt/ros/humble/opt/rviz_ogre_vendor/lib:/opt/ros/humble/lib/x86_64-linux-gnu:/opt/ros/humble/lib:/home/andrea/ws_online/build/ros2_bdi_on_litter_world /usr/bin/cmake --install /home/andrea/tesi/ros2_mapf_cbs/project_1/build/my_nav2_planner
[62.117s] -- Install configuration: "Release"
[62.117s] -- Execute custom install script
[62.117s] -- Symlinking: /home/andrea/tesi/ros2_mapf_cbs/project_1/install/my_nav2_planner/lib/libmy_planner_server_core.so
[62.125s] -- Symlinking: /home/andrea/tesi/ros2_mapf_cbs/project_1/install/my_nav2_planner/lib/my_nav2_planner/my_planner_server
[62.136s] -- Symlinking: /home/andrea/tesi/ros2_mapf_cbs/project_1/install/my_nav2_planner/include//my_nav2_planner/my_planner_server.hpp
[62.145s] -- Symlinking: /home/andrea/tesi/ros2_mapf_cbs/project_1/install/my_nav2_planner/share/my_nav2_planner/environment/library_path.sh
[62.153s] -- Symlinking: /home/andrea/tesi/ros2_mapf_cbs/project_1/install/my_nav2_planner/share/my_nav2_planner/environment/library_path.dsv
[62.159s] -- Symlinking: /home/andrea/tesi/ros2_mapf_cbs/project_1/install/my_nav2_planner/share/ament_index/resource_index/package_run_dependencies/my_nav2_planner
[62.165s] -- Symlinking: /home/andrea/tesi/ros2_mapf_cbs/project_1/install/my_nav2_planner/share/ament_index/resource_index/parent_prefix_path/my_nav2_planner
[62.171s] -- Symlinking: /home/andrea/tesi/ros2_mapf_cbs/project_1/install/my_nav2_planner/share/my_nav2_planner/environment/ament_prefix_path.sh
[62.177s] -- Symlinking: /home/andrea/tesi/ros2_mapf_cbs/project_1/install/my_nav2_planner/share/my_nav2_planner/environment/ament_prefix_path.dsv
[62.184s] -- Symlinking: /home/andrea/tesi/ros2_mapf_cbs/project_1/install/my_nav2_planner/share/my_nav2_planner/environment/path.sh
[62.190s] -- Symlinking: /home/andrea/tesi/ros2_mapf_cbs/project_1/install/my_nav2_planner/share/my_nav2_planner/environment/path.dsv
[62.196s] -- Symlinking: /home/andrea/tesi/ros2_mapf_cbs/project_1/install/my_nav2_planner/share/my_nav2_planner/local_setup.bash
[62.203s] -- Symlinking: /home/andrea/tesi/ros2_mapf_cbs/project_1/install/my_nav2_planner/share/my_nav2_planner/local_setup.sh
[62.209s] -- Symlinking: /home/andrea/tesi/ros2_mapf_cbs/project_1/install/my_nav2_planner/share/my_nav2_planner/local_setup.zsh
[62.216s] -- Symlinking: /home/andrea/tesi/ros2_mapf_cbs/project_1/install/my_nav2_planner/share/my_nav2_planner/local_setup.dsv
[62.222s] -- Symlinking: /home/andrea/tesi/ros2_mapf_cbs/project_1/install/my_nav2_planner/share/my_nav2_planner/package.dsv
[62.228s] -- Symlinking: /home/andrea/tesi/ros2_mapf_cbs/project_1/install/my_nav2_planner/share/ament_index/resource_index/packages/my_nav2_planner
[62.234s] -- Symlinking: /home/andrea/tesi/ros2_mapf_cbs/project_1/install/my_nav2_planner/share/ament_index/resource_index/rclcpp_components/my_nav2_planner
[62.240s] -- Symlinking: /home/andrea/tesi/ros2_mapf_cbs/project_1/install/my_nav2_planner/share/my_nav2_planner/cmake/ament_cmake_export_include_directories-extras.cmake
[62.246s] -- Symlinking: /home/andrea/tesi/ros2_mapf_cbs/project_1/install/my_nav2_planner/share/my_nav2_planner/cmake/ament_cmake_export_libraries-extras.cmake
[62.252s] -- Symlinking: /home/andrea/tesi/ros2_mapf_cbs/project_1/install/my_nav2_planner/share/my_nav2_planner/cmake/ament_cmake_export_dependencies-extras.cmake
[62.259s] -- Symlinking: /home/andrea/tesi/ros2_mapf_cbs/project_1/install/my_nav2_planner/share/my_nav2_planner/cmake/my_nav2_plannerConfig.cmake
[62.266s] -- Symlinking: /home/andrea/tesi/ros2_mapf_cbs/project_1/install/my_nav2_planner/share/my_nav2_planner/cmake/my_nav2_plannerConfig-version.cmake
[62.273s] -- Symlinking: /home/andrea/tesi/ros2_mapf_cbs/project_1/install/my_nav2_planner/share/my_nav2_planner/package.xml
[62.281s] Invoked command in '/home/andrea/tesi/ros2_mapf_cbs/project_1/build/my_nav2_planner' returned '0': CMAKE_PREFIX_PATH=/home/andrea/tesi/ros2_mapf_cbs/project_1/install/my_nav2_smac_planner:/home/andrea/tesi/ros2_mapf_cbs/project_1/install/my_nav2_navfn_planner:/home/andrea/tesi/ros2_mapf_cbs/project_1/install/my_nav2_core:/home/andrea/tesi/ros2_mapf_cbs/project_1/install/my_intermediate_interfaces:/home/andrea/tesi/ros2_mapf_cbs/project_1/install/turtlebot3_multi_robot:/home/andrea/tesi/ros2_mapf_cbs/project_1/install/nav2_straightline_planner:/home/andrea/tesi/ros2_mapf_cbs/project_1/install/my_try_bringup:/home/andrea/tesi/ros2_mapf_cbs/project_1/install/my_nav2_planner:/home/andrea/tesi/ros2_mapf_cbs/simple_example/install/my_robot_bringup:/home/andrea/tesi/ros2_mapf_cbs/simple_example/install/my_robot_interfaces:/home/andrea/tesi/ros2_mapf_cbs/project_1/install/my_package:/home/andrea/tesi/ros2_mapf_cbs/project_1/install/my_intermediate:/home/andrea/tesi/ros2_mapf_cbs/simple_example/install/my_py_pkg:/opt/ros/humble LD_LIBRARY_PATH=/home/andrea/tesi/ros2_mapf_cbs/project_1/install/my_nav2_smac_planner/lib:/home/andrea/tesi/ros2_mapf_cbs/project_1/install/my_nav2_navfn_planner/lib:/home/andrea/tesi/ros2_mapf_cbs/project_1/install/my_intermediate_interfaces/lib:/home/andrea/tesi/ros2_mapf_cbs/project_1/install/nav2_straightline_planner/lib:/home/andrea/tesi/ros2_mapf_cbs/project_1/install/my_nav2_planner/lib:/home/andrea/tesi/ros2_mapf_cbs/simple_example/install/my_robot_interfaces/lib:/usr/lib/x86_64-linux-gnu/gazebo-11/plugins:/opt/ros/humble/opt/rviz_ogre_vendor/lib:/opt/ros/humble/lib/x86_64-linux-gnu:/opt/ros/humble/lib:/home/andrea/ws_online/build/ros2_bdi_on_litter_world /usr/bin/cmake --install /home/andrea/tesi/ros2_mapf_cbs/project_1/build/my_nav2_planner
