[0.054s] Invoking command in '/home/andrea/tesi/ros2_mapf_cbs/cbs_ros2_project/build/cbs_nav2_planner': CMAKE_PREFIX_PATH=/home/andrea/tesi/ros2_mapf_cbs/cbs_ros2_project/install/cbs_nav2_smac_planner:/home/andrea/tesi/ros2_mapf_cbs/cbs_ros2_project/install/cbs_nav2_core:/home/andrea/tesi/ros2_mapf_cbs/cbs_ros2_project/install/cbs_interfaces:/home/andrea/tesi/ros2_mapf_cbs/cbs_ros2_project/install/turtlebot3_multi_robot:/home/andrea/tesi/ros2_mapf_cbs/cbs_ros2_project/install/cbs_nav2_planner:/home/andrea/tesi/ros2_mapf_cbs/cbs_ros2_project/install/cbs_bringup:/home/andrea/tesi/ros2_mapf_cbs/cbs_ros2_project/install/cbs_nodes:/opt/ros/humble LD_LIBRARY_PATH=/home/andrea/tesi/ros2_mapf_cbs/cbs_ros2_project/install/cbs_nav2_smac_planner/lib:/home/andrea/tesi/ros2_mapf_cbs/cbs_ros2_project/install/cbs_interfaces/lib:/home/andrea/tesi/ros2_mapf_cbs/cbs_ros2_project/install/cbs_nav2_planner/lib:/usr/lib/x86_64-linux-gnu/gazebo-11/plugins:/opt/ros/humble/opt/rviz_ogre_vendor/lib:/opt/ros/humble/lib/x86_64-linux-gnu:/opt/ros/humble/lib:/home/andrea/ws_online/build/ros2_bdi_on_litter_world /usr/bin/cmake /home/andrea/tesi/ros2_mapf_cbs/cbs_ros2_project/src/cbs_nav2/cbs_nav2_planner -DAMENT_CMAKE_SYMLINK_INSTALL=1 -DCMAKE_INSTALL_PREFIX=/home/andrea/tesi/ros2_mapf_cbs/cbs_ros2_project/install/cbs_nav2_planner
[0.098s] -- The C compiler identification is GNU 11.4.0
[0.137s] -- The CXX compiler identification is GNU 11.4.0
[0.143s] -- Detecting C compiler ABI info
[0.193s] -- Detecting C compiler ABI info - done
[0.198s] -- Check for working C compiler: /usr/bin/cc - skipped
[0.198s] -- Detecting C compile features
[0.198s] -- Detecting C compile features - done
[0.201s] -- Detecting CXX compiler ABI info
[0.258s] -- Detecting CXX compiler ABI info - done
[0.264s] -- Check for working CXX compiler: /usr/bin/c++ - skipped
[0.264s] -- Detecting CXX compile features
[0.264s] -- Detecting CXX compile features - done
[0.271s] -- Found ament_cmake: 1.3.5 (/opt/ros/humble/share/ament_cmake/cmake)
[0.418s] -- Found Python3: /usr/bin/python3.10 (found version "3.10.12") found components: Interpreter 
[0.478s] -- Override CMake install command with custom implementation using symlinks instead of copying resources
[0.501s] -- Found nav2_common: 1.1.12 (/opt/ros/humble/share/nav2_common/cmake)
[0.503s] -- Found rclcpp: 16.0.6 (/opt/ros/humble/share/rclcpp/cmake)
[0.543s] -- Found rosidl_generator_c: 3.1.5 (/opt/ros/humble/share/rosidl_generator_c/cmake)
[0.547s] -- Found rosidl_adapter: 3.1.5 (/opt/ros/humble/share/rosidl_adapter/cmake)
[0.555s] -- Found rosidl_generator_cpp: 3.1.5 (/opt/ros/humble/share/rosidl_generator_cpp/cmake)
[0.567s] -- Using all available rosidl_typesupport_c: rosidl_typesupport_fastrtps_c;rosidl_typesupport_introspection_c
[0.583s] -- Using all available rosidl_typesupport_cpp: rosidl_typesupport_fastrtps_cpp;rosidl_typesupport_introspection_cpp
[0.637s] -- Found rmw_implementation_cmake: 6.1.1 (/opt/ros/humble/share/rmw_implementation_cmake/cmake)
[0.640s] -- Found rmw_cyclonedds_cpp: 1.3.4 (/opt/ros/humble/share/rmw_cyclonedds_cpp/cmake)
[0.665s] -- Using RMW implementation 'rmw_cyclonedds_cpp' as default
[0.674s] -- Looking for pthread.h
[0.724s] -- Looking for pthread.h - found
[0.724s] -- Performing Test CMAKE_HAVE_LIBC_PTHREAD
[0.779s] -- Performing Test CMAKE_HAVE_LIBC_PTHREAD - Success
[0.779s] -- Found Threads: TRUE  
[0.909s] -- Found rclcpp_action: 16.0.6 (/opt/ros/humble/share/rclcpp_action/cmake)
[0.978s] -- Found rclcpp_lifecycle: 16.0.6 (/opt/ros/humble/share/rclcpp_lifecycle/cmake)
[1.008s] -- Found rclcpp_components: 16.0.6 (/opt/ros/humble/share/rclcpp_components/cmake)
[1.057s] -- Found visualization_msgs: 4.2.3 (/opt/ros/humble/share/visualization_msgs/cmake)
[1.235s] -- Found nav2_util: 1.1.12 (/opt/ros/humble/share/nav2_util/cmake)
[1.579s] -- Found eigen3_cmake_module: 0.1.1 (/opt/ros/humble/share/eigen3_cmake_module/cmake)
[1.580s] -- Found Eigen3: TRUE (found version "3.4.0") 
[1.580s] -- Ensuring Eigen3 include directory is part of orocos-kdl CMake target
[1.711s] -- Found nav2_costmap_2d: 1.1.12 (/opt/ros/humble/share/nav2_costmap_2d/cmake)
[2.311s] -- Found cbs_nav2_smac_planner: 1.1.12 (/home/andrea/tesi/ros2_mapf_cbs/cbs_ros2_project/install/cbs_nav2_smac_planner/share/cbs_nav2_smac_planner/cmake)
[5.363s] -- Setting build type to Release as none was specified.
[21.120s] -- Found ament_lint_auto: 0.12.8 (/opt/ros/humble/share/ament_lint_auto/cmake)
[21.122s] -- Found ament_cmake_gtest: 1.3.5 (/opt/ros/humble/share/ament_cmake_gtest/cmake)
[21.190s] -- Added test 'copyright' to check source files copyright and LICENSE
[21.192s] -- Added test 'cppcheck' to perform static code analysis on C / C++ code
[21.192s] -- Configured cppcheck include dirs: /home/andrea/tesi/ros2_mapf_cbs/cbs_ros2_project/src/cbs_nav2/cbs_nav2_planner/include
[21.192s] -- Configured cppcheck exclude dirs and/or files: 
[21.193s] -- Added test 'cpplint' to check C / C++ code against the Google style
[21.193s] -- Configured cpplint exclude dirs and/or files: 
[21.193s] -- Added test 'lint_cmake' to check CMake code style
[21.194s] -- Added test 'uncrustify' to check C / C++ code style
[21.194s] -- Configured uncrustify additional arguments: 
[21.194s] -- Added test 'xmllint' to check XML markup files
[21.197s] -- Configuring done
[21.243s] -- Generating done
[21.244s] -- Build files have been written to: /home/andrea/tesi/ros2_mapf_cbs/cbs_ros2_project/build/cbs_nav2_planner
[21.253s] Invoked command in '/home/andrea/tesi/ros2_mapf_cbs/cbs_ros2_project/build/cbs_nav2_planner' returned '0': CMAKE_PREFIX_PATH=/home/andrea/tesi/ros2_mapf_cbs/cbs_ros2_project/install/cbs_nav2_smac_planner:/home/andrea/tesi/ros2_mapf_cbs/cbs_ros2_project/install/cbs_nav2_core:/home/andrea/tesi/ros2_mapf_cbs/cbs_ros2_project/install/cbs_interfaces:/home/andrea/tesi/ros2_mapf_cbs/cbs_ros2_project/install/turtlebot3_multi_robot:/home/andrea/tesi/ros2_mapf_cbs/cbs_ros2_project/install/cbs_nav2_planner:/home/andrea/tesi/ros2_mapf_cbs/cbs_ros2_project/install/cbs_bringup:/home/andrea/tesi/ros2_mapf_cbs/cbs_ros2_project/install/cbs_nodes:/opt/ros/humble LD_LIBRARY_PATH=/home/andrea/tesi/ros2_mapf_cbs/cbs_ros2_project/install/cbs_nav2_smac_planner/lib:/home/andrea/tesi/ros2_mapf_cbs/cbs_ros2_project/install/cbs_interfaces/lib:/home/andrea/tesi/ros2_mapf_cbs/cbs_ros2_project/install/cbs_nav2_planner/lib:/usr/lib/x86_64-linux-gnu/gazebo-11/plugins:/opt/ros/humble/opt/rviz_ogre_vendor/lib:/opt/ros/humble/lib/x86_64-linux-gnu:/opt/ros/humble/lib:/home/andrea/ws_online/build/ros2_bdi_on_litter_world /usr/bin/cmake /home/andrea/tesi/ros2_mapf_cbs/cbs_ros2_project/src/cbs_nav2/cbs_nav2_planner -DAMENT_CMAKE_SYMLINK_INSTALL=1 -DCMAKE_INSTALL_PREFIX=/home/andrea/tesi/ros2_mapf_cbs/cbs_ros2_project/install/cbs_nav2_planner
[21.254s] Invoking command in '/home/andrea/tesi/ros2_mapf_cbs/cbs_ros2_project/build/cbs_nav2_planner': CMAKE_PREFIX_PATH=/home/andrea/tesi/ros2_mapf_cbs/cbs_ros2_project/install/cbs_nav2_smac_planner:/home/andrea/tesi/ros2_mapf_cbs/cbs_ros2_project/install/cbs_nav2_core:/home/andrea/tesi/ros2_mapf_cbs/cbs_ros2_project/install/cbs_interfaces:/home/andrea/tesi/ros2_mapf_cbs/cbs_ros2_project/install/turtlebot3_multi_robot:/home/andrea/tesi/ros2_mapf_cbs/cbs_ros2_project/install/cbs_nav2_planner:/home/andrea/tesi/ros2_mapf_cbs/cbs_ros2_project/install/cbs_bringup:/home/andrea/tesi/ros2_mapf_cbs/cbs_ros2_project/install/cbs_nodes:/opt/ros/humble LD_LIBRARY_PATH=/home/andrea/tesi/ros2_mapf_cbs/cbs_ros2_project/install/cbs_nav2_smac_planner/lib:/home/andrea/tesi/ros2_mapf_cbs/cbs_ros2_project/install/cbs_interfaces/lib:/home/andrea/tesi/ros2_mapf_cbs/cbs_ros2_project/install/cbs_nav2_planner/lib:/usr/lib/x86_64-linux-gnu/gazebo-11/plugins:/opt/ros/humble/opt/rviz_ogre_vendor/lib:/opt/ros/humble/lib/x86_64-linux-gnu:/opt/ros/humble/lib:/home/andrea/ws_online/build/ros2_bdi_on_litter_world /usr/bin/cmake --build /home/andrea/tesi/ros2_mapf_cbs/cbs_ros2_project/build/cbs_nav2_planner -- -j8 -l8
[21.299s] [ 25%] [32mBuilding CXX object CMakeFiles/cbs_planner_server_core.dir/src/cbs_planner_server.cpp.o[0m
[36.063s] [ 50%] [32m[1mLinking CXX shared library libcbs_planner_server_core.so[0m
[36.297s] [ 50%] Built target cbs_planner_server_core
[36.312s] [ 75%] [32mBuilding CXX object CMakeFiles/cbs_planner_server.dir/src/main.cpp.o[0m
[39.758s] [100%] [32m[1mLinking CXX executable cbs_planner_server[0m
[39.934s] [100%] Built target cbs_planner_server
[39.941s] Invoked command in '/home/andrea/tesi/ros2_mapf_cbs/cbs_ros2_project/build/cbs_nav2_planner' returned '0': CMAKE_PREFIX_PATH=/home/andrea/tesi/ros2_mapf_cbs/cbs_ros2_project/install/cbs_nav2_smac_planner:/home/andrea/tesi/ros2_mapf_cbs/cbs_ros2_project/install/cbs_nav2_core:/home/andrea/tesi/ros2_mapf_cbs/cbs_ros2_project/install/cbs_interfaces:/home/andrea/tesi/ros2_mapf_cbs/cbs_ros2_project/install/turtlebot3_multi_robot:/home/andrea/tesi/ros2_mapf_cbs/cbs_ros2_project/install/cbs_nav2_planner:/home/andrea/tesi/ros2_mapf_cbs/cbs_ros2_project/install/cbs_bringup:/home/andrea/tesi/ros2_mapf_cbs/cbs_ros2_project/install/cbs_nodes:/opt/ros/humble LD_LIBRARY_PATH=/home/andrea/tesi/ros2_mapf_cbs/cbs_ros2_project/install/cbs_nav2_smac_planner/lib:/home/andrea/tesi/ros2_mapf_cbs/cbs_ros2_project/install/cbs_interfaces/lib:/home/andrea/tesi/ros2_mapf_cbs/cbs_ros2_project/install/cbs_nav2_planner/lib:/usr/lib/x86_64-linux-gnu/gazebo-11/plugins:/opt/ros/humble/opt/rviz_ogre_vendor/lib:/opt/ros/humble/lib/x86_64-linux-gnu:/opt/ros/humble/lib:/home/andrea/ws_online/build/ros2_bdi_on_litter_world /usr/bin/cmake --build /home/andrea/tesi/ros2_mapf_cbs/cbs_ros2_project/build/cbs_nav2_planner -- -j8 -l8
[39.964s] Invoking command in '/home/andrea/tesi/ros2_mapf_cbs/cbs_ros2_project/build/cbs_nav2_planner': CMAKE_PREFIX_PATH=/home/andrea/tesi/ros2_mapf_cbs/cbs_ros2_project/install/cbs_nav2_smac_planner:/home/andrea/tesi/ros2_mapf_cbs/cbs_ros2_project/install/cbs_nav2_core:/home/andrea/tesi/ros2_mapf_cbs/cbs_ros2_project/install/cbs_interfaces:/home/andrea/tesi/ros2_mapf_cbs/cbs_ros2_project/install/turtlebot3_multi_robot:/home/andrea/tesi/ros2_mapf_cbs/cbs_ros2_project/install/cbs_nav2_planner:/home/andrea/tesi/ros2_mapf_cbs/cbs_ros2_project/install/cbs_bringup:/home/andrea/tesi/ros2_mapf_cbs/cbs_ros2_project/install/cbs_nodes:/opt/ros/humble LD_LIBRARY_PATH=/home/andrea/tesi/ros2_mapf_cbs/cbs_ros2_project/install/cbs_nav2_smac_planner/lib:/home/andrea/tesi/ros2_mapf_cbs/cbs_ros2_project/install/cbs_interfaces/lib:/home/andrea/tesi/ros2_mapf_cbs/cbs_ros2_project/install/cbs_nav2_planner/lib:/usr/lib/x86_64-linux-gnu/gazebo-11/plugins:/opt/ros/humble/opt/rviz_ogre_vendor/lib:/opt/ros/humble/lib/x86_64-linux-gnu:/opt/ros/humble/lib:/home/andrea/ws_online/build/ros2_bdi_on_litter_world /usr/bin/cmake --install /home/andrea/tesi/ros2_mapf_cbs/cbs_ros2_project/build/cbs_nav2_planner
[39.969s] -- Install configuration: "Release"
[39.970s] -- Execute custom install script
[39.970s] -- Symlinking: /home/andrea/tesi/ros2_mapf_cbs/cbs_ros2_project/install/cbs_nav2_planner/lib/libcbs_planner_server_core.so
[39.979s] -- Symlinking: /home/andrea/tesi/ros2_mapf_cbs/cbs_ros2_project/install/cbs_nav2_planner/lib/cbs_nav2_planner/cbs_planner_server
[39.985s] -- Symlinking: /home/andrea/tesi/ros2_mapf_cbs/cbs_ros2_project/install/cbs_nav2_planner/include//cbs_nav2_planner/cbs_planner_server.hpp
[39.991s] -- Symlinking: /home/andrea/tesi/ros2_mapf_cbs/cbs_ros2_project/install/cbs_nav2_planner/share/cbs_nav2_planner/environment/library_path.sh
[39.998s] -- Symlinking: /home/andrea/tesi/ros2_mapf_cbs/cbs_ros2_project/install/cbs_nav2_planner/share/cbs_nav2_planner/environment/library_path.dsv
[40.004s] -- Symlinking: /home/andrea/tesi/ros2_mapf_cbs/cbs_ros2_project/install/cbs_nav2_planner/share/ament_index/resource_index/package_run_dependencies/cbs_nav2_planner
[40.010s] -- Symlinking: /home/andrea/tesi/ros2_mapf_cbs/cbs_ros2_project/install/cbs_nav2_planner/share/ament_index/resource_index/parent_prefix_path/cbs_nav2_planner
[40.016s] -- Symlinking: /home/andrea/tesi/ros2_mapf_cbs/cbs_ros2_project/install/cbs_nav2_planner/share/cbs_nav2_planner/environment/ament_prefix_path.sh
[40.022s] -- Symlinking: /home/andrea/tesi/ros2_mapf_cbs/cbs_ros2_project/install/cbs_nav2_planner/share/cbs_nav2_planner/environment/ament_prefix_path.dsv
[40.028s] -- Symlinking: /home/andrea/tesi/ros2_mapf_cbs/cbs_ros2_project/install/cbs_nav2_planner/share/cbs_nav2_planner/environment/path.sh
[40.034s] -- Symlinking: /home/andrea/tesi/ros2_mapf_cbs/cbs_ros2_project/install/cbs_nav2_planner/share/cbs_nav2_planner/environment/path.dsv
[40.040s] -- Symlinking: /home/andrea/tesi/ros2_mapf_cbs/cbs_ros2_project/install/cbs_nav2_planner/share/cbs_nav2_planner/local_setup.bash
[40.046s] -- Symlinking: /home/andrea/tesi/ros2_mapf_cbs/cbs_ros2_project/install/cbs_nav2_planner/share/cbs_nav2_planner/local_setup.sh
[40.052s] -- Symlinking: /home/andrea/tesi/ros2_mapf_cbs/cbs_ros2_project/install/cbs_nav2_planner/share/cbs_nav2_planner/local_setup.zsh
[40.057s] -- Symlinking: /home/andrea/tesi/ros2_mapf_cbs/cbs_ros2_project/install/cbs_nav2_planner/share/cbs_nav2_planner/local_setup.dsv
[40.063s] -- Symlinking: /home/andrea/tesi/ros2_mapf_cbs/cbs_ros2_project/install/cbs_nav2_planner/share/cbs_nav2_planner/package.dsv
[40.069s] -- Symlinking: /home/andrea/tesi/ros2_mapf_cbs/cbs_ros2_project/install/cbs_nav2_planner/share/ament_index/resource_index/packages/cbs_nav2_planner
[40.075s] -- Symlinking: /home/andrea/tesi/ros2_mapf_cbs/cbs_ros2_project/install/cbs_nav2_planner/share/ament_index/resource_index/rclcpp_components/cbs_nav2_planner
[40.081s] -- Symlinking: /home/andrea/tesi/ros2_mapf_cbs/cbs_ros2_project/install/cbs_nav2_planner/share/cbs_nav2_planner/cmake/ament_cmake_export_include_directories-extras.cmake
[40.088s] -- Symlinking: /home/andrea/tesi/ros2_mapf_cbs/cbs_ros2_project/install/cbs_nav2_planner/share/cbs_nav2_planner/cmake/ament_cmake_export_libraries-extras.cmake
[40.094s] -- Symlinking: /home/andrea/tesi/ros2_mapf_cbs/cbs_ros2_project/install/cbs_nav2_planner/share/cbs_nav2_planner/cmake/ament_cmake_export_dependencies-extras.cmake
[40.101s] -- Symlinking: /home/andrea/tesi/ros2_mapf_cbs/cbs_ros2_project/install/cbs_nav2_planner/share/cbs_nav2_planner/cmake/cbs_nav2_plannerConfig.cmake
[40.106s] -- Symlinking: /home/andrea/tesi/ros2_mapf_cbs/cbs_ros2_project/install/cbs_nav2_planner/share/cbs_nav2_planner/cmake/cbs_nav2_plannerConfig-version.cmake
[40.112s] -- Symlinking: /home/andrea/tesi/ros2_mapf_cbs/cbs_ros2_project/install/cbs_nav2_planner/share/cbs_nav2_planner/package.xml
[40.120s] Invoked command in '/home/andrea/tesi/ros2_mapf_cbs/cbs_ros2_project/build/cbs_nav2_planner' returned '0': CMAKE_PREFIX_PATH=/home/andrea/tesi/ros2_mapf_cbs/cbs_ros2_project/install/cbs_nav2_smac_planner:/home/andrea/tesi/ros2_mapf_cbs/cbs_ros2_project/install/cbs_nav2_core:/home/andrea/tesi/ros2_mapf_cbs/cbs_ros2_project/install/cbs_interfaces:/home/andrea/tesi/ros2_mapf_cbs/cbs_ros2_project/install/turtlebot3_multi_robot:/home/andrea/tesi/ros2_mapf_cbs/cbs_ros2_project/install/cbs_nav2_planner:/home/andrea/tesi/ros2_mapf_cbs/cbs_ros2_project/install/cbs_bringup:/home/andrea/tesi/ros2_mapf_cbs/cbs_ros2_project/install/cbs_nodes:/opt/ros/humble LD_LIBRARY_PATH=/home/andrea/tesi/ros2_mapf_cbs/cbs_ros2_project/install/cbs_nav2_smac_planner/lib:/home/andrea/tesi/ros2_mapf_cbs/cbs_ros2_project/install/cbs_interfaces/lib:/home/andrea/tesi/ros2_mapf_cbs/cbs_ros2_project/install/cbs_nav2_planner/lib:/usr/lib/x86_64-linux-gnu/gazebo-11/plugins:/opt/ros/humble/opt/rviz_ogre_vendor/lib:/opt/ros/humble/lib/x86_64-linux-gnu:/opt/ros/humble/lib:/home/andrea/ws_online/build/ros2_bdi_on_litter_world /usr/bin/cmake --install /home/andrea/tesi/ros2_mapf_cbs/cbs_ros2_project/build/cbs_nav2_planner
