[0.533s] Invoking command in '/home/andrea/tesi/ros2_mapf_cbs/project_1/build/my_intermediate_interfaces': CMAKE_PREFIX_PATH=${CMAKE_PREFIX_PATH}:/home/andrea/tesi/ros2_mapf_cbs/project_1/install/my_package:/home/andrea/tesi/ros2_mapf_cbs/project_1/install/my_intermediate:/home/andrea/tesi/ros2_mapf_cbs/simple_example/install/my_py_pkg:/opt/ros/humble /usr/bin/cmake --build /home/andrea/tesi/ros2_mapf_cbs/project_1/build/my_intermediate_interfaces -- -j8 -l8
[0.857s] -- Found std_srvs: 4.2.3 (/opt/ros/humble/share/std_srvs/cmake)
[0.857s] -- Override CMake install command with custom implementation using symlinks instead of copying resources
[0.857s] -- Found rosidl_generator_c: 3.1.5 (/opt/ros/humble/share/rosidl_generator_c/cmake)
[0.857s] -- Found rosidl_adapter: 3.1.5 (/opt/ros/humble/share/rosidl_adapter/cmake)
[0.857s] -- Found rosidl_generator_cpp: 3.1.5 (/opt/ros/humble/share/rosidl_generator_cpp/cmake)
[0.857s] -- Using all available rosidl_typesupport_c: rosidl_typesupport_fastrtps_c;rosidl_typesupport_introspection_c
[0.857s] -- Using all available rosidl_typesupport_cpp: rosidl_typesupport_fastrtps_cpp;rosidl_typesupport_introspection_cpp
[0.857s] -- Found nav_msgs: 4.2.3 (/opt/ros/humble/share/nav_msgs/cmake)
[0.966s] -- Found rosidl_default_generators: 1.2.0 (/opt/ros/humble/share/rosidl_default_generators/cmake)
[1.309s] -- Found ament_cmake_ros: 0.10.0 (/opt/ros/humble/share/ament_cmake_ros/cmake)
[1.755s] -- Using all available rosidl_typesupport_c: rosidl_typesupport_fastrtps_c;rosidl_typesupport_introspection_c
[1.931s] -- Using all available rosidl_typesupport_cpp: rosidl_typesupport_fastrtps_cpp;rosidl_typesupport_introspection_cpp
[1.953s] -- Found python_cmake_module: 0.10.0 (/opt/ros/humble/share/python_cmake_module/cmake)
[1.977s] -- Using PYTHON_EXECUTABLE: /usr/bin/python3
[1.977s] -- Using PYTHON_INCLUDE_DIRS: /usr/include/python3.10
[1.977s] -- Using PYTHON_LIBRARIES: /usr/lib/x86_64-linux-gnu/libpython3.10.so
[2.027s] -- Configuring done
[2.059s] -- Generating done
[2.063s] -- Build files have been written to: /home/andrea/tesi/ros2_mapf_cbs/project_1/build/my_intermediate_interfaces
[2.090s] [  3%] [34m[1mGenerating C code for ROS interfaces[0m
[2.101s] [  6%] [34m[1mGenerating C++ code for ROS interfaces[0m
[2.117s] [  6%] Built target ament_cmake_python_symlink_my_intermediate_interfaces
[2.403s] running egg_info
[2.403s] writing my_intermediate_interfaces.egg-info/PKG-INFO
[2.404s] writing dependency_links to my_intermediate_interfaces.egg-info/dependency_links.txt
[2.405s] writing top-level names to my_intermediate_interfaces.egg-info/top_level.txt
[2.408s] reading manifest file 'my_intermediate_interfaces.egg-info/SOURCES.txt'
[2.408s] writing manifest file 'my_intermediate_interfaces.egg-info/SOURCES.txt'
[2.444s] [35m[1mConsolidate compiler generated dependencies of target my_intermediate_interfaces__rosidl_generator_c[0m
[2.447s] [  6%] Built target my_intermediate_interfaces__cpp
[2.450s] [  6%] Built target ament_cmake_python_build_my_intermediate_interfaces_egg
[2.457s] [  9%] [32mBuilding C object CMakeFiles/my_intermediate_interfaces__rosidl_generator_c.dir/rosidl_generator_c/my_intermediate_interfaces/srv/detail/computed_plans__functions.c.o[0m
[2.458s] [ 12%] [34m[1mGenerating C++ introspection for ROS interfaces[0m
[2.459s] [ 16%] [34m[1mGenerating C++ type support dispatch for ROS interfaces[0m
[2.460s] [ 19%] [34m[1mGenerating C++ type support for eProsima Fast-RTPS[0m
[2.528s] [ 22%] [32m[1mLinking C shared library libmy_intermediate_interfaces__rosidl_generator_c.so[0m
[2.567s] [ 22%] Built target my_intermediate_interfaces__rosidl_generator_c
[2.580s] [ 25%] [34m[1mGenerating C introspection for ROS interfaces[0m
[2.581s] [ 29%] [34m[1mGenerating C type support for eProsima Fast-RTPS[0m
[2.582s] [ 32%] [34m[1mGenerating C type support dispatch for ROS interfaces[0m
[2.753s] [35m[1mConsolidate compiler generated dependencies of target my_intermediate_interfaces__rosidl_typesupport_cpp[0m
[2.789s] [ 35%] [32mBuilding CXX object CMakeFiles/my_intermediate_interfaces__rosidl_typesupport_cpp.dir/rosidl_typesupport_cpp/my_intermediate_interfaces/srv/computed_plans__type_support.cpp.o[0m
[2.826s] [35m[1mConsolidate compiler generated dependencies of target my_intermediate_interfaces__rosidl_typesupport_introspection_cpp[0m
[2.828s] [35m[1mConsolidate compiler generated dependencies of target my_intermediate_interfaces__rosidl_typesupport_fastrtps_cpp[0m
[2.846s] [ 38%] [32mBuilding CXX object CMakeFiles/my_intermediate_interfaces__rosidl_typesupport_introspection_cpp.dir/rosidl_typesupport_introspection_cpp/my_intermediate_interfaces/srv/detail/computed_plans__type_support.cpp.o[0m
[2.862s] [ 41%] [32mBuilding CXX object CMakeFiles/my_intermediate_interfaces__rosidl_typesupport_fastrtps_cpp.dir/rosidl_typesupport_fastrtps_cpp/my_intermediate_interfaces/srv/detail/dds_fastrtps/computed_plans__type_support.cpp.o[0m
[2.955s] [35m[1mConsolidate compiler generated dependencies of target my_intermediate_interfaces__rosidl_typesupport_fastrtps_c[0m
[2.973s] [ 45%] [32mBuilding CXX object CMakeFiles/my_intermediate_interfaces__rosidl_typesupport_fastrtps_c.dir/rosidl_typesupport_fastrtps_c/my_intermediate_interfaces/srv/detail/computed_plans__type_support_c.cpp.o[0m
[2.981s] [35m[1mConsolidate compiler generated dependencies of target my_intermediate_interfaces__rosidl_typesupport_c[0m
[3.011s] [35m[1mConsolidate compiler generated dependencies of target my_intermediate_interfaces__rosidl_typesupport_introspection_c[0m
[3.022s] [ 48%] [32mBuilding CXX object CMakeFiles/my_intermediate_interfaces__rosidl_typesupport_c.dir/rosidl_typesupport_c/my_intermediate_interfaces/srv/computed_plans__type_support.cpp.o[0m
[3.027s] [ 51%] [32mBuilding C object CMakeFiles/my_intermediate_interfaces__rosidl_typesupport_introspection_c.dir/rosidl_typesupport_introspection_c/my_intermediate_interfaces/srv/detail/computed_plans__type_support.c.o[0m
[3.078s] [ 54%] [32m[1mLinking CXX shared library libmy_intermediate_interfaces__rosidl_typesupport_c.so[0m
[3.097s] [ 58%] [32m[1mLinking C shared library libmy_intermediate_interfaces__rosidl_typesupport_introspection_c.so[0m
[3.136s] [ 61%] [32m[1mLinking CXX shared library libmy_intermediate_interfaces__rosidl_typesupport_cpp.so[0m
[3.139s] [ 61%] Built target my_intermediate_interfaces__rosidl_typesupport_c
[3.141s] [ 61%] Built target my_intermediate_interfaces__rosidl_typesupport_introspection_c
[3.188s] [ 61%] Built target my_intermediate_interfaces__rosidl_typesupport_cpp
[3.358s] [ 64%] [32m[1mLinking CXX shared library libmy_intermediate_interfaces__rosidl_typesupport_fastrtps_c.so[0m
[3.417s] [ 67%] [32m[1mLinking CXX shared library libmy_intermediate_interfaces__rosidl_typesupport_introspection_cpp.so[0m
[3.450s] [ 70%] [32m[1mLinking CXX shared library libmy_intermediate_interfaces__rosidl_typesupport_fastrtps_cpp.so[0m
[3.454s] [ 70%] Built target my_intermediate_interfaces__rosidl_typesupport_fastrtps_c
[3.512s] [ 70%] Built target my_intermediate_interfaces__rosidl_typesupport_introspection_cpp
[3.534s] [ 70%] Built target my_intermediate_interfaces__rosidl_typesupport_fastrtps_cpp
[3.551s] [ 70%] Built target my_intermediate_interfaces
[3.572s] [ 74%] [34m[1mGenerating Python code for ROS interfaces[0m
[3.900s] [ 74%] Built target my_intermediate_interfaces__py
[3.909s] [35m[1mConsolidate compiler generated dependencies of target my_intermediate_interfaces__rosidl_generator_py[0m
[3.919s] [ 77%] [32mBuilding C object CMakeFiles/my_intermediate_interfaces__rosidl_generator_py.dir/rosidl_generator_py/my_intermediate_interfaces/srv/_computed_plans_s.c.o[0m
[4.019s] [ 80%] [32m[1mLinking C shared library rosidl_generator_py/my_intermediate_interfaces/libmy_intermediate_interfaces__rosidl_generator_py.so[0m
[4.055s] [ 80%] Built target my_intermediate_interfaces__rosidl_generator_py
[4.065s] [35m[1mConsolidate compiler generated dependencies of target my_intermediate_interfaces__rosidl_typesupport_introspection_c__pyext[0m
[4.065s] [35m[1mConsolidate compiler generated dependencies of target my_intermediate_interfaces__rosidl_typesupport_c__pyext[0m
[4.066s] [35m[1mConsolidate compiler generated dependencies of target my_intermediate_interfaces__rosidl_typesupport_fastrtps_c__pyext[0m
[4.079s] [ 83%] [32mBuilding C object CMakeFiles/my_intermediate_interfaces__rosidl_typesupport_c__pyext.dir/rosidl_generator_py/my_intermediate_interfaces/_my_intermediate_interfaces_s.ep.rosidl_typesupport_c.c.o[0m
[4.080s] [ 87%] [32mBuilding C object CMakeFiles/my_intermediate_interfaces__rosidl_typesupport_fastrtps_c__pyext.dir/rosidl_generator_py/my_intermediate_interfaces/_my_intermediate_interfaces_s.ep.rosidl_typesupport_fastrtps_c.c.o[0m
[4.080s] [ 90%] [32mBuilding C object CMakeFiles/my_intermediate_interfaces__rosidl_typesupport_introspection_c__pyext.dir/rosidl_generator_py/my_intermediate_interfaces/_my_intermediate_interfaces_s.ep.rosidl_typesupport_introspection_c.c.o[0m
[4.179s] [ 93%] [32m[1mLinking C shared library rosidl_generator_py/my_intermediate_interfaces/my_intermediate_interfaces_s__rosidl_typesupport_introspection_c.cpython-310-x86_64-linux-gnu.so[0m
[4.196s] [ 96%] [32m[1mLinking C shared library rosidl_generator_py/my_intermediate_interfaces/my_intermediate_interfaces_s__rosidl_typesupport_c.cpython-310-x86_64-linux-gnu.so[0m
[4.205s] [100%] [32m[1mLinking C shared library rosidl_generator_py/my_intermediate_interfaces/my_intermediate_interfaces_s__rosidl_typesupport_fastrtps_c.cpython-310-x86_64-linux-gnu.so[0m
[4.220s] [100%] Built target my_intermediate_interfaces__rosidl_typesupport_introspection_c__pyext
[4.237s] [100%] Built target my_intermediate_interfaces__rosidl_typesupport_c__pyext
[4.241s] [100%] Built target my_intermediate_interfaces__rosidl_typesupport_fastrtps_c__pyext
[4.251s] Invoked command in '/home/andrea/tesi/ros2_mapf_cbs/project_1/build/my_intermediate_interfaces' returned '0': CMAKE_PREFIX_PATH=${CMAKE_PREFIX_PATH}:/home/andrea/tesi/ros2_mapf_cbs/project_1/install/my_package:/home/andrea/tesi/ros2_mapf_cbs/project_1/install/my_intermediate:/home/andrea/tesi/ros2_mapf_cbs/simple_example/install/my_py_pkg:/opt/ros/humble /usr/bin/cmake --build /home/andrea/tesi/ros2_mapf_cbs/project_1/build/my_intermediate_interfaces -- -j8 -l8
[4.296s] Invoking command in '/home/andrea/tesi/ros2_mapf_cbs/project_1/build/my_intermediate_interfaces': CMAKE_PREFIX_PATH=${CMAKE_PREFIX_PATH}:/home/andrea/tesi/ros2_mapf_cbs/project_1/install/my_package:/home/andrea/tesi/ros2_mapf_cbs/project_1/install/my_intermediate:/home/andrea/tesi/ros2_mapf_cbs/simple_example/install/my_py_pkg:/opt/ros/humble /usr/bin/cmake --install /home/andrea/tesi/ros2_mapf_cbs/project_1/build/my_intermediate_interfaces
[4.302s] -- Install configuration: ""
[4.303s] -- Execute custom install script
[4.303s] -- Up-to-date symlink: /home/andrea/tesi/ros2_mapf_cbs/project_1/install/my_intermediate_interfaces/share/ament_index/resource_index/rosidl_interfaces/my_intermediate_interfaces
[4.303s] -- Up-to-date symlink: /home/andrea/tesi/ros2_mapf_cbs/project_1/install/my_intermediate_interfaces/include/my_intermediate_interfaces/my_intermediate_interfaces/msg/rosidl_generator_c__visibility_control.h
[4.303s] -- Up-to-date symlink: /home/andrea/tesi/ros2_mapf_cbs/project_1/install/my_intermediate_interfaces/include/my_intermediate_interfaces/my_intermediate_interfaces/srv/computed_plans.h
[4.303s] -- Up-to-date symlink: /home/andrea/tesi/ros2_mapf_cbs/project_1/install/my_intermediate_interfaces/include/my_intermediate_interfaces/my_intermediate_interfaces/srv/detail/computed_plans__functions.h
[4.303s] -- Up-to-date symlink: /home/andrea/tesi/ros2_mapf_cbs/project_1/install/my_intermediate_interfaces/include/my_intermediate_interfaces/my_intermediate_interfaces/srv/detail/computed_plans__struct.h
[4.303s] -- Up-to-date symlink: /home/andrea/tesi/ros2_mapf_cbs/project_1/install/my_intermediate_interfaces/include/my_intermediate_interfaces/my_intermediate_interfaces/srv/detail/computed_plans__type_support.h
[4.303s] -- Up-to-date symlink: /home/andrea/tesi/ros2_mapf_cbs/project_1/install/my_intermediate_interfaces/share/my_intermediate_interfaces/environment/library_path.sh
[4.303s] -- Up-to-date symlink: /home/andrea/tesi/ros2_mapf_cbs/project_1/install/my_intermediate_interfaces/share/my_intermediate_interfaces/environment/library_path.dsv
[4.304s] -- Up-to-date symlink: /home/andrea/tesi/ros2_mapf_cbs/project_1/install/my_intermediate_interfaces/include/my_intermediate_interfaces/my_intermediate_interfaces/msg/rosidl_typesupport_fastrtps_c__visibility_control.h
[4.304s] -- Up-to-date symlink: /home/andrea/tesi/ros2_mapf_cbs/project_1/install/my_intermediate_interfaces/include/my_intermediate_interfaces/my_intermediate_interfaces/srv/detail/computed_plans__rosidl_typesupport_fastrtps_c.h
[4.304s] -- Up-to-date symlink: /home/andrea/tesi/ros2_mapf_cbs/project_1/install/my_intermediate_interfaces/include/my_intermediate_interfaces/my_intermediate_interfaces/srv/computed_plans.hpp
[4.304s] -- Up-to-date symlink: /home/andrea/tesi/ros2_mapf_cbs/project_1/install/my_intermediate_interfaces/include/my_intermediate_interfaces/my_intermediate_interfaces/srv/detail/computed_plans__builder.hpp
[4.304s] -- Up-to-date symlink: /home/andrea/tesi/ros2_mapf_cbs/project_1/install/my_intermediate_interfaces/include/my_intermediate_interfaces/my_intermediate_interfaces/srv/detail/computed_plans__struct.hpp
[4.304s] -- Up-to-date symlink: /home/andrea/tesi/ros2_mapf_cbs/project_1/install/my_intermediate_interfaces/include/my_intermediate_interfaces/my_intermediate_interfaces/srv/detail/computed_plans__traits.hpp
[4.305s] -- Up-to-date symlink: /home/andrea/tesi/ros2_mapf_cbs/project_1/install/my_intermediate_interfaces/include/my_intermediate_interfaces/my_intermediate_interfaces/msg/rosidl_typesupport_fastrtps_cpp__visibility_control.h
[4.305s] -- Up-to-date symlink: /home/andrea/tesi/ros2_mapf_cbs/project_1/install/my_intermediate_interfaces/include/my_intermediate_interfaces/my_intermediate_interfaces/srv/detail/computed_plans__rosidl_typesupport_fastrtps_cpp.hpp
[4.305s] -- Up-to-date symlink: /home/andrea/tesi/ros2_mapf_cbs/project_1/install/my_intermediate_interfaces/include/my_intermediate_interfaces/my_intermediate_interfaces/msg/rosidl_typesupport_introspection_c__visibility_control.h
[4.305s] -- Up-to-date symlink: /home/andrea/tesi/ros2_mapf_cbs/project_1/install/my_intermediate_interfaces/include/my_intermediate_interfaces/my_intermediate_interfaces/srv/detail/computed_plans__rosidl_typesupport_introspection_c.h
[4.306s] -- Up-to-date symlink: /home/andrea/tesi/ros2_mapf_cbs/project_1/install/my_intermediate_interfaces/include/my_intermediate_interfaces/my_intermediate_interfaces/srv/detail/computed_plans__rosidl_typesupport_introspection_cpp.hpp
[4.306s] -- Up-to-date symlink: /home/andrea/tesi/ros2_mapf_cbs/project_1/install/my_intermediate_interfaces/share/my_intermediate_interfaces/environment/pythonpath.sh
[4.306s] -- Up-to-date symlink: /home/andrea/tesi/ros2_mapf_cbs/project_1/install/my_intermediate_interfaces/share/my_intermediate_interfaces/environment/pythonpath.dsv
[4.306s] -- Up-to-date symlink: /home/andrea/tesi/ros2_mapf_cbs/project_1/install/my_intermediate_interfaces/local/lib/python3.10/dist-packages/my_intermediate_interfaces-0.0.0-py3.10.egg-info/PKG-INFO
[4.307s] -- Up-to-date symlink: /home/andrea/tesi/ros2_mapf_cbs/project_1/install/my_intermediate_interfaces/local/lib/python3.10/dist-packages/my_intermediate_interfaces-0.0.0-py3.10.egg-info/SOURCES.txt
[4.307s] -- Up-to-date symlink: /home/andrea/tesi/ros2_mapf_cbs/project_1/install/my_intermediate_interfaces/local/lib/python3.10/dist-packages/my_intermediate_interfaces-0.0.0-py3.10.egg-info/dependency_links.txt
[4.307s] -- Up-to-date symlink: /home/andrea/tesi/ros2_mapf_cbs/project_1/install/my_intermediate_interfaces/local/lib/python3.10/dist-packages/my_intermediate_interfaces-0.0.0-py3.10.egg-info/top_level.txt
[4.307s] -- Up-to-date symlink: /home/andrea/tesi/ros2_mapf_cbs/project_1/install/my_intermediate_interfaces/local/lib/python3.10/dist-packages/my_intermediate_interfaces/__init__.py
[4.307s] -- Up-to-date symlink: /home/andrea/tesi/ros2_mapf_cbs/project_1/install/my_intermediate_interfaces/local/lib/python3.10/dist-packages/my_intermediate_interfaces/_my_intermediate_interfaces_s.ep.rosidl_typesupport_c.c
[4.307s] -- Up-to-date symlink: /home/andrea/tesi/ros2_mapf_cbs/project_1/install/my_intermediate_interfaces/local/lib/python3.10/dist-packages/my_intermediate_interfaces/_my_intermediate_interfaces_s.ep.rosidl_typesupport_fastrtps_c.c
[4.307s] -- Up-to-date symlink: /home/andrea/tesi/ros2_mapf_cbs/project_1/install/my_intermediate_interfaces/local/lib/python3.10/dist-packages/my_intermediate_interfaces/_my_intermediate_interfaces_s.ep.rosidl_typesupport_introspection_c.c
[4.307s] -- Up-to-date symlink: /home/andrea/tesi/ros2_mapf_cbs/project_1/install/my_intermediate_interfaces/local/lib/python3.10/dist-packages/my_intermediate_interfaces/libmy_intermediate_interfaces__rosidl_generator_py.so
[4.308s] -- Up-to-date symlink: /home/andrea/tesi/ros2_mapf_cbs/project_1/install/my_intermediate_interfaces/local/lib/python3.10/dist-packages/my_intermediate_interfaces/my_intermediate_interfaces_s__rosidl_typesupport_c.cpython-310-x86_64-linux-gnu.so
[4.308s] -- Up-to-date symlink: /home/andrea/tesi/ros2_mapf_cbs/project_1/install/my_intermediate_interfaces/local/lib/python3.10/dist-packages/my_intermediate_interfaces/my_intermediate_interfaces_s__rosidl_typesupport_fastrtps_c.cpython-310-x86_64-linux-gnu.so
[4.308s] -- Up-to-date symlink: /home/andrea/tesi/ros2_mapf_cbs/project_1/install/my_intermediate_interfaces/local/lib/python3.10/dist-packages/my_intermediate_interfaces/my_intermediate_interfaces_s__rosidl_typesupport_introspection_c.cpython-310-x86_64-linux-gnu.so
[4.308s] -- Up-to-date symlink: /home/andrea/tesi/ros2_mapf_cbs/project_1/install/my_intermediate_interfaces/local/lib/python3.10/dist-packages/my_intermediate_interfaces/srv/__init__.py
[4.308s] -- Up-to-date symlink: /home/andrea/tesi/ros2_mapf_cbs/project_1/install/my_intermediate_interfaces/local/lib/python3.10/dist-packages/my_intermediate_interfaces/srv/_computed_plans.py
[4.308s] -- Up-to-date symlink: /home/andrea/tesi/ros2_mapf_cbs/project_1/install/my_intermediate_interfaces/local/lib/python3.10/dist-packages/my_intermediate_interfaces/srv/_computed_plans_s.c
[4.308s] -- Up-to-date symlink: /home/andrea/tesi/ros2_mapf_cbs/project_1/install/my_intermediate_interfaces/local/lib/python3.10/dist-packages/my_intermediate_interfaces/my_intermediate_interfaces_s__rosidl_typesupport_fastrtps_c.cpython-310-x86_64-linux-gnu.so
[4.308s] -- Up-to-date symlink: /home/andrea/tesi/ros2_mapf_cbs/project_1/install/my_intermediate_interfaces/local/lib/python3.10/dist-packages/my_intermediate_interfaces/my_intermediate_interfaces_s__rosidl_typesupport_introspection_c.cpython-310-x86_64-linux-gnu.so
[4.309s] -- Up-to-date symlink: /home/andrea/tesi/ros2_mapf_cbs/project_1/install/my_intermediate_interfaces/local/lib/python3.10/dist-packages/my_intermediate_interfaces/my_intermediate_interfaces_s__rosidl_typesupport_c.cpython-310-x86_64-linux-gnu.so
[4.309s] -- Up-to-date symlink: /home/andrea/tesi/ros2_mapf_cbs/project_1/install/my_intermediate_interfaces/share/my_intermediate_interfaces/srv/ComputedPlans.idl
[4.309s] -- Up-to-date symlink: /home/andrea/tesi/ros2_mapf_cbs/project_1/install/my_intermediate_interfaces/share/my_intermediate_interfaces/srv/ComputedPlans.srv
[4.309s] -- Up-to-date symlink: /home/andrea/tesi/ros2_mapf_cbs/project_1/install/my_intermediate_interfaces/share/my_intermediate_interfaces/srv/ComputedPlans_Request.msg
[4.309s] -- Up-to-date symlink: /home/andrea/tesi/ros2_mapf_cbs/project_1/install/my_intermediate_interfaces/share/my_intermediate_interfaces/srv/ComputedPlans_Response.msg
[4.309s] -- Up-to-date symlink: /home/andrea/tesi/ros2_mapf_cbs/project_1/install/my_intermediate_interfaces/share/ament_index/resource_index/package_run_dependencies/my_intermediate_interfaces
[4.309s] -- Up-to-date symlink: /home/andrea/tesi/ros2_mapf_cbs/project_1/install/my_intermediate_interfaces/share/ament_index/resource_index/parent_prefix_path/my_intermediate_interfaces
[4.309s] -- Up-to-date symlink: /home/andrea/tesi/ros2_mapf_cbs/project_1/install/my_intermediate_interfaces/share/my_intermediate_interfaces/environment/ament_prefix_path.sh
[4.309s] -- Up-to-date symlink: /home/andrea/tesi/ros2_mapf_cbs/project_1/install/my_intermediate_interfaces/share/my_intermediate_interfaces/environment/ament_prefix_path.dsv
[4.310s] -- Up-to-date symlink: /home/andrea/tesi/ros2_mapf_cbs/project_1/install/my_intermediate_interfaces/share/my_intermediate_interfaces/environment/path.sh
[4.310s] -- Up-to-date symlink: /home/andrea/tesi/ros2_mapf_cbs/project_1/install/my_intermediate_interfaces/share/my_intermediate_interfaces/environment/path.dsv
[4.310s] -- Up-to-date symlink: /home/andrea/tesi/ros2_mapf_cbs/project_1/install/my_intermediate_interfaces/share/my_intermediate_interfaces/local_setup.bash
[4.310s] -- Up-to-date symlink: /home/andrea/tesi/ros2_mapf_cbs/project_1/install/my_intermediate_interfaces/share/my_intermediate_interfaces/local_setup.sh
[4.310s] -- Up-to-date symlink: /home/andrea/tesi/ros2_mapf_cbs/project_1/install/my_intermediate_interfaces/share/my_intermediate_interfaces/local_setup.zsh
[4.310s] -- Up-to-date symlink: /home/andrea/tesi/ros2_mapf_cbs/project_1/install/my_intermediate_interfaces/share/my_intermediate_interfaces/local_setup.dsv
[4.310s] -- Symlinking: /home/andrea/tesi/ros2_mapf_cbs/project_1/install/my_intermediate_interfaces/share/my_intermediate_interfaces/package.dsv
[4.318s] -- Up-to-date symlink: /home/andrea/tesi/ros2_mapf_cbs/project_1/install/my_intermediate_interfaces/share/ament_index/resource_index/packages/my_intermediate_interfaces
[4.318s] -- Up-to-date symlink: /home/andrea/tesi/ros2_mapf_cbs/project_1/install/my_intermediate_interfaces/share/my_intermediate_interfaces/cmake/rosidl_cmake-extras.cmake
[4.318s] -- Up-to-date symlink: /home/andrea/tesi/ros2_mapf_cbs/project_1/install/my_intermediate_interfaces/share/my_intermediate_interfaces/cmake/ament_cmake_export_dependencies-extras.cmake
[4.318s] -- Up-to-date symlink: /home/andrea/tesi/ros2_mapf_cbs/project_1/install/my_intermediate_interfaces/share/my_intermediate_interfaces/cmake/ament_cmake_export_include_directories-extras.cmake
[4.318s] -- Up-to-date symlink: /home/andrea/tesi/ros2_mapf_cbs/project_1/install/my_intermediate_interfaces/share/my_intermediate_interfaces/cmake/ament_cmake_export_libraries-extras.cmake
[4.318s] -- Up-to-date symlink: /home/andrea/tesi/ros2_mapf_cbs/project_1/install/my_intermediate_interfaces/share/my_intermediate_interfaces/cmake/ament_cmake_export_targets-extras.cmake
[4.318s] -- Up-to-date symlink: /home/andrea/tesi/ros2_mapf_cbs/project_1/install/my_intermediate_interfaces/share/my_intermediate_interfaces/cmake/rosidl_cmake_export_typesupport_targets-extras.cmake
[4.318s] -- Up-to-date symlink: /home/andrea/tesi/ros2_mapf_cbs/project_1/install/my_intermediate_interfaces/share/my_intermediate_interfaces/cmake/rosidl_cmake_export_typesupport_libraries-extras.cmake
[4.318s] -- Up-to-date symlink: /home/andrea/tesi/ros2_mapf_cbs/project_1/install/my_intermediate_interfaces/share/my_intermediate_interfaces/cmake/my_intermediate_interfacesConfig.cmake
[4.319s] -- Up-to-date symlink: /home/andrea/tesi/ros2_mapf_cbs/project_1/install/my_intermediate_interfaces/share/my_intermediate_interfaces/cmake/my_intermediate_interfacesConfig-version.cmake
[4.319s] -- Up-to-date symlink: /home/andrea/tesi/ros2_mapf_cbs/project_1/install/my_intermediate_interfaces/share/my_intermediate_interfaces/package.xml
[4.319s] -- Installing: /home/andrea/tesi/ros2_mapf_cbs/project_1/install/my_intermediate_interfaces/lib/libmy_intermediate_interfaces__rosidl_generator_c.so
[4.319s] -- Set runtime path of "/home/andrea/tesi/ros2_mapf_cbs/project_1/install/my_intermediate_interfaces/lib/libmy_intermediate_interfaces__rosidl_generator_c.so" to ""
[4.319s] -- Installing: /home/andrea/tesi/ros2_mapf_cbs/project_1/install/my_intermediate_interfaces/lib/libmy_intermediate_interfaces__rosidl_typesupport_fastrtps_c.so
[4.319s] -- Set runtime path of "/home/andrea/tesi/ros2_mapf_cbs/project_1/install/my_intermediate_interfaces/lib/libmy_intermediate_interfaces__rosidl_typesupport_fastrtps_c.so" to ""
[4.319s] -- Installing: /home/andrea/tesi/ros2_mapf_cbs/project_1/install/my_intermediate_interfaces/lib/libmy_intermediate_interfaces__rosidl_typesupport_fastrtps_cpp.so
[4.320s] -- Set runtime path of "/home/andrea/tesi/ros2_mapf_cbs/project_1/install/my_intermediate_interfaces/lib/libmy_intermediate_interfaces__rosidl_typesupport_fastrtps_cpp.so" to ""
[4.320s] -- Installing: /home/andrea/tesi/ros2_mapf_cbs/project_1/install/my_intermediate_interfaces/lib/libmy_intermediate_interfaces__rosidl_typesupport_introspection_c.so
[4.320s] -- Set runtime path of "/home/andrea/tesi/ros2_mapf_cbs/project_1/install/my_intermediate_interfaces/lib/libmy_intermediate_interfaces__rosidl_typesupport_introspection_c.so" to ""
[4.320s] -- Installing: /home/andrea/tesi/ros2_mapf_cbs/project_1/install/my_intermediate_interfaces/lib/libmy_intermediate_interfaces__rosidl_typesupport_c.so
[4.320s] -- Set runtime path of "/home/andrea/tesi/ros2_mapf_cbs/project_1/install/my_intermediate_interfaces/lib/libmy_intermediate_interfaces__rosidl_typesupport_c.so" to ""
[4.320s] -- Installing: /home/andrea/tesi/ros2_mapf_cbs/project_1/install/my_intermediate_interfaces/lib/libmy_intermediate_interfaces__rosidl_typesupport_introspection_cpp.so
[4.321s] -- Set runtime path of "/home/andrea/tesi/ros2_mapf_cbs/project_1/install/my_intermediate_interfaces/lib/libmy_intermediate_interfaces__rosidl_typesupport_introspection_cpp.so" to ""
[4.321s] -- Installing: /home/andrea/tesi/ros2_mapf_cbs/project_1/install/my_intermediate_interfaces/lib/libmy_intermediate_interfaces__rosidl_typesupport_cpp.so
[4.321s] -- Set runtime path of "/home/andrea/tesi/ros2_mapf_cbs/project_1/install/my_intermediate_interfaces/lib/libmy_intermediate_interfaces__rosidl_typesupport_cpp.so" to ""
[4.354s] Listing '/home/andrea/tesi/ros2_mapf_cbs/project_1/install/my_intermediate_interfaces/local/lib/python3.10/dist-packages/my_intermediate_interfaces'...
[4.354s] Compiling '/home/andrea/tesi/ros2_mapf_cbs/project_1/install/my_intermediate_interfaces/local/lib/python3.10/dist-packages/my_intermediate_interfaces/__init__.py'...
[4.354s] Listing '/home/andrea/tesi/ros2_mapf_cbs/project_1/install/my_intermediate_interfaces/local/lib/python3.10/dist-packages/my_intermediate_interfaces/srv'...
[4.354s] Compiling '/home/andrea/tesi/ros2_mapf_cbs/project_1/install/my_intermediate_interfaces/local/lib/python3.10/dist-packages/my_intermediate_interfaces/srv/__init__.py'...
[4.354s] Compiling '/home/andrea/tesi/ros2_mapf_cbs/project_1/install/my_intermediate_interfaces/local/lib/python3.10/dist-packages/my_intermediate_interfaces/srv/_computed_plans.py'...
[4.359s] -- Installing: /home/andrea/tesi/ros2_mapf_cbs/project_1/install/my_intermediate_interfaces/lib/libmy_intermediate_interfaces__rosidl_generator_py.so
[4.359s] -- Set runtime path of "/home/andrea/tesi/ros2_mapf_cbs/project_1/install/my_intermediate_interfaces/lib/libmy_intermediate_interfaces__rosidl_generator_py.so" to ""
[4.359s] -- Up-to-date: /home/andrea/tesi/ros2_mapf_cbs/project_1/install/my_intermediate_interfaces/share/my_intermediate_interfaces/cmake/export_my_intermediate_interfaces__rosidl_generator_cExport.cmake
[4.359s] -- Up-to-date: /home/andrea/tesi/ros2_mapf_cbs/project_1/install/my_intermediate_interfaces/share/my_intermediate_interfaces/cmake/export_my_intermediate_interfaces__rosidl_generator_cExport-noconfig.cmake
[4.359s] -- Up-to-date: /home/andrea/tesi/ros2_mapf_cbs/project_1/install/my_intermediate_interfaces/share/my_intermediate_interfaces/cmake/export_my_intermediate_interfaces__rosidl_typesupport_fastrtps_cExport.cmake
[4.360s] -- Up-to-date: /home/andrea/tesi/ros2_mapf_cbs/project_1/install/my_intermediate_interfaces/share/my_intermediate_interfaces/cmake/export_my_intermediate_interfaces__rosidl_typesupport_fastrtps_cExport-noconfig.cmake
[4.360s] -- Up-to-date: /home/andrea/tesi/ros2_mapf_cbs/project_1/install/my_intermediate_interfaces/share/my_intermediate_interfaces/cmake/export_my_intermediate_interfaces__rosidl_generator_cppExport.cmake
[4.360s] -- Up-to-date: /home/andrea/tesi/ros2_mapf_cbs/project_1/install/my_intermediate_interfaces/share/my_intermediate_interfaces/cmake/export_my_intermediate_interfaces__rosidl_typesupport_fastrtps_cppExport.cmake
[4.360s] -- Up-to-date: /home/andrea/tesi/ros2_mapf_cbs/project_1/install/my_intermediate_interfaces/share/my_intermediate_interfaces/cmake/export_my_intermediate_interfaces__rosidl_typesupport_fastrtps_cppExport-noconfig.cmake
[4.360s] -- Up-to-date: /home/andrea/tesi/ros2_mapf_cbs/project_1/install/my_intermediate_interfaces/share/my_intermediate_interfaces/cmake/my_intermediate_interfaces__rosidl_typesupport_introspection_cExport.cmake
[4.360s] -- Up-to-date: /home/andrea/tesi/ros2_mapf_cbs/project_1/install/my_intermediate_interfaces/share/my_intermediate_interfaces/cmake/my_intermediate_interfaces__rosidl_typesupport_introspection_cExport-noconfig.cmake
[4.360s] -- Up-to-date: /home/andrea/tesi/ros2_mapf_cbs/project_1/install/my_intermediate_interfaces/share/my_intermediate_interfaces/cmake/my_intermediate_interfaces__rosidl_typesupport_cExport.cmake
[4.360s] -- Up-to-date: /home/andrea/tesi/ros2_mapf_cbs/project_1/install/my_intermediate_interfaces/share/my_intermediate_interfaces/cmake/my_intermediate_interfaces__rosidl_typesupport_cExport-noconfig.cmake
[4.360s] -- Up-to-date: /home/andrea/tesi/ros2_mapf_cbs/project_1/install/my_intermediate_interfaces/share/my_intermediate_interfaces/cmake/my_intermediate_interfaces__rosidl_typesupport_introspection_cppExport.cmake
[4.360s] -- Up-to-date: /home/andrea/tesi/ros2_mapf_cbs/project_1/install/my_intermediate_interfaces/share/my_intermediate_interfaces/cmake/my_intermediate_interfaces__rosidl_typesupport_introspection_cppExport-noconfig.cmake
[4.360s] -- Up-to-date: /home/andrea/tesi/ros2_mapf_cbs/project_1/install/my_intermediate_interfaces/share/my_intermediate_interfaces/cmake/my_intermediate_interfaces__rosidl_typesupport_cppExport.cmake
[4.360s] -- Up-to-date: /home/andrea/tesi/ros2_mapf_cbs/project_1/install/my_intermediate_interfaces/share/my_intermediate_interfaces/cmake/my_intermediate_interfaces__rosidl_typesupport_cppExport-noconfig.cmake
[4.361s] -- Up-to-date: /home/andrea/tesi/ros2_mapf_cbs/project_1/install/my_intermediate_interfaces/share/my_intermediate_interfaces/cmake/export_my_intermediate_interfaces__rosidl_generator_pyExport.cmake
[4.361s] -- Up-to-date: /home/andrea/tesi/ros2_mapf_cbs/project_1/install/my_intermediate_interfaces/share/my_intermediate_interfaces/cmake/export_my_intermediate_interfaces__rosidl_generator_pyExport-noconfig.cmake
[4.362s] Invoked command in '/home/andrea/tesi/ros2_mapf_cbs/project_1/build/my_intermediate_interfaces' returned '0': CMAKE_PREFIX_PATH=${CMAKE_PREFIX_PATH}:/home/andrea/tesi/ros2_mapf_cbs/project_1/install/my_package:/home/andrea/tesi/ros2_mapf_cbs/project_1/install/my_intermediate:/home/andrea/tesi/ros2_mapf_cbs/simple_example/install/my_py_pkg:/opt/ros/humble /usr/bin/cmake --install /home/andrea/tesi/ros2_mapf_cbs/project_1/build/my_intermediate_interfaces
