[0.970s] Invoking command in '/home/andrea/tesi/ros2_mapf_cbs/project_1/build/my_intermediate': CMAKE_PREFIX_PATH=/home/andrea/tesi/ros2_mapf_cbs/project_1/install/my_intermediate_interfaces:/home/andrea/tesi/ros2_mapf_cbs/project_1/install/turtlebot3_multi_robot:/home/andrea/tesi/ros2_mapf_cbs/project_1/install/nav2_straightline_planner:/home/andrea/tesi/ros2_mapf_cbs/project_1/install/my_try_bringup:/home/andrea/tesi/ros2_mapf_cbs/project_1/install/my_nav2_planner:/home/andrea/tesi/ros2_mapf_cbs/project_1/install/my_nav2_core:/home/andrea/tesi/ros2_mapf_cbs/simple_example/install/my_robot_bringup:/home/andrea/tesi/ros2_mapf_cbs/simple_example/install/my_robot_interfaces LD_LIBRARY_PATH=/home/andrea/tesi/ros2_mapf_cbs/project_1/install/my_intermediate_interfaces/lib:/home/andrea/tesi/ros2_mapf_cbs/project_1/install/nav2_straightline_planner/lib:/home/andrea/tesi/ros2_mapf_cbs/project_1/install/my_nav2_planner/lib:/home/andrea/tesi/ros2_mapf_cbs/project_1/install/my_nav2_navfn_planner/lib:/home/andrea/tesi/ros2_mapf_cbs/simple_example/install/my_robot_interfaces/lib:/usr/lib/x86_64-linux-gnu/gazebo-11/plugins:/opt/ros/humble/opt/rviz_ogre_vendor/lib:/opt/ros/humble/lib/x86_64-linux-gnu:/opt/ros/humble/lib:/home/andrea/ws_online/build/ros2_bdi_on_litter_world PYTHONPATH=/home/andrea/tesi/ros2_mapf_cbs/project_1/build/my_intermediate/prefix_override:/home/andrea/tesi/ros2_mapf_cbs/project_1/install/my_intermediate/lib/python3.10/site-packages:${PYTHONPATH} /usr/bin/python3 setup.py develop --uninstall --editable --build-directory /home/andrea/tesi/ros2_mapf_cbs/project_1/build/my_intermediate/build
[1.237s] running develop
[1.359s] Removing /home/andrea/tesi/ros2_mapf_cbs/project_1/install/my_intermediate/lib/python3.10/site-packages/my-intermediate.egg-link (link to .)
[1.385s] Invoked command in '/home/andrea/tesi/ros2_mapf_cbs/project_1/build/my_intermediate' returned '0': CMAKE_PREFIX_PATH=/home/andrea/tesi/ros2_mapf_cbs/project_1/install/my_intermediate_interfaces:/home/andrea/tesi/ros2_mapf_cbs/project_1/install/turtlebot3_multi_robot:/home/andrea/tesi/ros2_mapf_cbs/project_1/install/nav2_straightline_planner:/home/andrea/tesi/ros2_mapf_cbs/project_1/install/my_try_bringup:/home/andrea/tesi/ros2_mapf_cbs/project_1/install/my_nav2_planner:/home/andrea/tesi/ros2_mapf_cbs/project_1/install/my_nav2_core:/home/andrea/tesi/ros2_mapf_cbs/simple_example/install/my_robot_bringup:/home/andrea/tesi/ros2_mapf_cbs/simple_example/install/my_robot_interfaces LD_LIBRARY_PATH=/home/andrea/tesi/ros2_mapf_cbs/project_1/install/my_intermediate_interfaces/lib:/home/andrea/tesi/ros2_mapf_cbs/project_1/install/nav2_straightline_planner/lib:/home/andrea/tesi/ros2_mapf_cbs/project_1/install/my_nav2_planner/lib:/home/andrea/tesi/ros2_mapf_cbs/project_1/install/my_nav2_navfn_planner/lib:/home/andrea/tesi/ros2_mapf_cbs/simple_example/install/my_robot_interfaces/lib:/usr/lib/x86_64-linux-gnu/gazebo-11/plugins:/opt/ros/humble/opt/rviz_ogre_vendor/lib:/opt/ros/humble/lib/x86_64-linux-gnu:/opt/ros/humble/lib:/home/andrea/ws_online/build/ros2_bdi_on_litter_world PYTHONPATH=/home/andrea/tesi/ros2_mapf_cbs/project_1/build/my_intermediate/prefix_override:/home/andrea/tesi/ros2_mapf_cbs/project_1/install/my_intermediate/lib/python3.10/site-packages:${PYTHONPATH} /usr/bin/python3 setup.py develop --uninstall --editable --build-directory /home/andrea/tesi/ros2_mapf_cbs/project_1/build/my_intermediate/build
[1.387s] Invoking command in '/home/andrea/tesi/ros2_mapf_cbs/project_1/src/my_intermediate': CMAKE_PREFIX_PATH=/home/andrea/tesi/ros2_mapf_cbs/project_1/install/my_intermediate_interfaces:/home/andrea/tesi/ros2_mapf_cbs/project_1/install/turtlebot3_multi_robot:/home/andrea/tesi/ros2_mapf_cbs/project_1/install/nav2_straightline_planner:/home/andrea/tesi/ros2_mapf_cbs/project_1/install/my_try_bringup:/home/andrea/tesi/ros2_mapf_cbs/project_1/install/my_nav2_planner:/home/andrea/tesi/ros2_mapf_cbs/project_1/install/my_nav2_core:/home/andrea/tesi/ros2_mapf_cbs/simple_example/install/my_robot_bringup:/home/andrea/tesi/ros2_mapf_cbs/simple_example/install/my_robot_interfaces LD_LIBRARY_PATH=/home/andrea/tesi/ros2_mapf_cbs/project_1/install/my_intermediate_interfaces/lib:/home/andrea/tesi/ros2_mapf_cbs/project_1/install/nav2_straightline_planner/lib:/home/andrea/tesi/ros2_mapf_cbs/project_1/install/my_nav2_planner/lib:/home/andrea/tesi/ros2_mapf_cbs/project_1/install/my_nav2_navfn_planner/lib:/home/andrea/tesi/ros2_mapf_cbs/simple_example/install/my_robot_interfaces/lib:/usr/lib/x86_64-linux-gnu/gazebo-11/plugins:/opt/ros/humble/opt/rviz_ogre_vendor/lib:/opt/ros/humble/lib/x86_64-linux-gnu:/opt/ros/humble/lib:/home/andrea/ws_online/build/ros2_bdi_on_litter_world PYTHONPATH=/home/andrea/tesi/ros2_mapf_cbs/project_1/build/my_intermediate/prefix_override:/home/andrea/tesi/ros2_mapf_cbs/project_1/install/my_intermediate/lib/python3.10/site-packages:${PYTHONPATH} /usr/bin/python3 setup.py egg_info --egg-base ../../build/my_intermediate build --build-base /home/andrea/tesi/ros2_mapf_cbs/project_1/build/my_intermediate/build install --record /home/andrea/tesi/ros2_mapf_cbs/project_1/build/my_intermediate/install.log --single-version-externally-managed
[1.583s] running egg_info
[1.583s] writing ../../build/my_intermediate/my_intermediate.egg-info/PKG-INFO
[1.584s] writing dependency_links to ../../build/my_intermediate/my_intermediate.egg-info/dependency_links.txt
[1.584s] writing entry points to ../../build/my_intermediate/my_intermediate.egg-info/entry_points.txt
[1.584s] writing requirements to ../../build/my_intermediate/my_intermediate.egg-info/requires.txt
[1.584s] writing top-level names to ../../build/my_intermediate/my_intermediate.egg-info/top_level.txt
[1.586s] reading manifest file '../../build/my_intermediate/my_intermediate.egg-info/SOURCES.txt'
[1.592s] writing manifest file '../../build/my_intermediate/my_intermediate.egg-info/SOURCES.txt'
[1.592s] running build
[1.592s] running build_py
[1.593s] creating /home/andrea/tesi/ros2_mapf_cbs/project_1/build/my_intermediate/build
[1.593s] creating /home/andrea/tesi/ros2_mapf_cbs/project_1/build/my_intermediate/build/lib
[1.593s] creating /home/andrea/tesi/ros2_mapf_cbs/project_1/build/my_intermediate/build/lib/my_intermediate
[1.593s] copying my_intermediate/collision_avoider.py -> /home/andrea/tesi/ros2_mapf_cbs/project_1/build/my_intermediate/build/lib/my_intermediate
[1.593s] copying my_intermediate/plan_asker.py -> /home/andrea/tesi/ros2_mapf_cbs/project_1/build/my_intermediate/build/lib/my_intermediate
[1.593s] copying my_intermediate/__init__.py -> /home/andrea/tesi/ros2_mapf_cbs/project_1/build/my_intermediate/build/lib/my_intermediate
[1.593s] copying my_intermediate/fake_asker.py -> /home/andrea/tesi/ros2_mapf_cbs/project_1/build/my_intermediate/build/lib/my_intermediate
[1.593s] copying my_intermediate/multi_agent_plan_asker.py -> /home/andrea/tesi/ros2_mapf_cbs/project_1/build/my_intermediate/build/lib/my_intermediate
[1.593s] copying my_intermediate/map_discretizer.py -> /home/andrea/tesi/ros2_mapf_cbs/project_1/build/my_intermediate/build/lib/my_intermediate
[1.593s] creating /home/andrea/tesi/ros2_mapf_cbs/project_1/build/my_intermediate/build/lib/my_intermediate/cbs
[1.593s] copying my_intermediate/cbs/conflict.py -> /home/andrea/tesi/ros2_mapf_cbs/project_1/build/my_intermediate/build/lib/my_intermediate/cbs
[1.594s] copying my_intermediate/cbs/map_creator.py -> /home/andrea/tesi/ros2_mapf_cbs/project_1/build/my_intermediate/build/lib/my_intermediate/cbs
[1.594s] copying my_intermediate/cbs/constraint.py -> /home/andrea/tesi/ros2_mapf_cbs/project_1/build/my_intermediate/build/lib/my_intermediate/cbs
[1.594s] copying my_intermediate/cbs/cbs_node.py -> /home/andrea/tesi/ros2_mapf_cbs/project_1/build/my_intermediate/build/lib/my_intermediate/cbs
[1.594s] copying my_intermediate/cbs/__init__.py -> /home/andrea/tesi/ros2_mapf_cbs/project_1/build/my_intermediate/build/lib/my_intermediate/cbs
[1.594s] copying my_intermediate/cbs/state.py -> /home/andrea/tesi/ros2_mapf_cbs/project_1/build/my_intermediate/build/lib/my_intermediate/cbs
[1.594s] copying my_intermediate/cbs/environment.py -> /home/andrea/tesi/ros2_mapf_cbs/project_1/build/my_intermediate/build/lib/my_intermediate/cbs
[1.594s] copying my_intermediate/cbs/location.py -> /home/andrea/tesi/ros2_mapf_cbs/project_1/build/my_intermediate/build/lib/my_intermediate/cbs
[1.594s] copying my_intermediate/cbs/a_star.py -> /home/andrea/tesi/ros2_mapf_cbs/project_1/build/my_intermediate/build/lib/my_intermediate/cbs
[1.594s] copying my_intermediate/cbs/high_level_node.py -> /home/andrea/tesi/ros2_mapf_cbs/project_1/build/my_intermediate/build/lib/my_intermediate/cbs
[1.594s] copying my_intermediate/cbs/edge_constraint.py -> /home/andrea/tesi/ros2_mapf_cbs/project_1/build/my_intermediate/build/lib/my_intermediate/cbs
[1.594s] copying my_intermediate/cbs/vertex_constraint.py -> /home/andrea/tesi/ros2_mapf_cbs/project_1/build/my_intermediate/build/lib/my_intermediate/cbs
[1.595s] running install
[1.595s] running install_lib
[1.596s] creating /home/andrea/tesi/ros2_mapf_cbs/project_1/install/my_intermediate/lib/python3.10/site-packages/my_intermediate
[1.596s] copying /home/andrea/tesi/ros2_mapf_cbs/project_1/build/my_intermediate/build/lib/my_intermediate/collision_avoider.py -> /home/andrea/tesi/ros2_mapf_cbs/project_1/install/my_intermediate/lib/python3.10/site-packages/my_intermediate
[1.596s] copying /home/andrea/tesi/ros2_mapf_cbs/project_1/build/my_intermediate/build/lib/my_intermediate/plan_asker.py -> /home/andrea/tesi/ros2_mapf_cbs/project_1/install/my_intermediate/lib/python3.10/site-packages/my_intermediate
[1.597s] copying /home/andrea/tesi/ros2_mapf_cbs/project_1/build/my_intermediate/build/lib/my_intermediate/__init__.py -> /home/andrea/tesi/ros2_mapf_cbs/project_1/install/my_intermediate/lib/python3.10/site-packages/my_intermediate
[1.597s] copying /home/andrea/tesi/ros2_mapf_cbs/project_1/build/my_intermediate/build/lib/my_intermediate/fake_asker.py -> /home/andrea/tesi/ros2_mapf_cbs/project_1/install/my_intermediate/lib/python3.10/site-packages/my_intermediate
[1.597s] copying /home/andrea/tesi/ros2_mapf_cbs/project_1/build/my_intermediate/build/lib/my_intermediate/multi_agent_plan_asker.py -> /home/andrea/tesi/ros2_mapf_cbs/project_1/install/my_intermediate/lib/python3.10/site-packages/my_intermediate
[1.597s] copying /home/andrea/tesi/ros2_mapf_cbs/project_1/build/my_intermediate/build/lib/my_intermediate/map_discretizer.py -> /home/andrea/tesi/ros2_mapf_cbs/project_1/install/my_intermediate/lib/python3.10/site-packages/my_intermediate
[1.597s] creating /home/andrea/tesi/ros2_mapf_cbs/project_1/install/my_intermediate/lib/python3.10/site-packages/my_intermediate/cbs
[1.597s] copying /home/andrea/tesi/ros2_mapf_cbs/project_1/build/my_intermediate/build/lib/my_intermediate/cbs/conflict.py -> /home/andrea/tesi/ros2_mapf_cbs/project_1/install/my_intermediate/lib/python3.10/site-packages/my_intermediate/cbs
[1.597s] copying /home/andrea/tesi/ros2_mapf_cbs/project_1/build/my_intermediate/build/lib/my_intermediate/cbs/map_creator.py -> /home/andrea/tesi/ros2_mapf_cbs/project_1/install/my_intermediate/lib/python3.10/site-packages/my_intermediate/cbs
[1.597s] copying /home/andrea/tesi/ros2_mapf_cbs/project_1/build/my_intermediate/build/lib/my_intermediate/cbs/constraint.py -> /home/andrea/tesi/ros2_mapf_cbs/project_1/install/my_intermediate/lib/python3.10/site-packages/my_intermediate/cbs
[1.597s] copying /home/andrea/tesi/ros2_mapf_cbs/project_1/build/my_intermediate/build/lib/my_intermediate/cbs/cbs_node.py -> /home/andrea/tesi/ros2_mapf_cbs/project_1/install/my_intermediate/lib/python3.10/site-packages/my_intermediate/cbs
[1.597s] copying /home/andrea/tesi/ros2_mapf_cbs/project_1/build/my_intermediate/build/lib/my_intermediate/cbs/__init__.py -> /home/andrea/tesi/ros2_mapf_cbs/project_1/install/my_intermediate/lib/python3.10/site-packages/my_intermediate/cbs
[1.598s] copying /home/andrea/tesi/ros2_mapf_cbs/project_1/build/my_intermediate/build/lib/my_intermediate/cbs/state.py -> /home/andrea/tesi/ros2_mapf_cbs/project_1/install/my_intermediate/lib/python3.10/site-packages/my_intermediate/cbs
[1.598s] copying /home/andrea/tesi/ros2_mapf_cbs/project_1/build/my_intermediate/build/lib/my_intermediate/cbs/environment.py -> /home/andrea/tesi/ros2_mapf_cbs/project_1/install/my_intermediate/lib/python3.10/site-packages/my_intermediate/cbs
[1.598s] copying /home/andrea/tesi/ros2_mapf_cbs/project_1/build/my_intermediate/build/lib/my_intermediate/cbs/location.py -> /home/andrea/tesi/ros2_mapf_cbs/project_1/install/my_intermediate/lib/python3.10/site-packages/my_intermediate/cbs
[1.598s] copying /home/andrea/tesi/ros2_mapf_cbs/project_1/build/my_intermediate/build/lib/my_intermediate/cbs/a_star.py -> /home/andrea/tesi/ros2_mapf_cbs/project_1/install/my_intermediate/lib/python3.10/site-packages/my_intermediate/cbs
[1.598s] copying /home/andrea/tesi/ros2_mapf_cbs/project_1/build/my_intermediate/build/lib/my_intermediate/cbs/high_level_node.py -> /home/andrea/tesi/ros2_mapf_cbs/project_1/install/my_intermediate/lib/python3.10/site-packages/my_intermediate/cbs
[1.598s] copying /home/andrea/tesi/ros2_mapf_cbs/project_1/build/my_intermediate/build/lib/my_intermediate/cbs/edge_constraint.py -> /home/andrea/tesi/ros2_mapf_cbs/project_1/install/my_intermediate/lib/python3.10/site-packages/my_intermediate/cbs
[1.598s] copying /home/andrea/tesi/ros2_mapf_cbs/project_1/build/my_intermediate/build/lib/my_intermediate/cbs/vertex_constraint.py -> /home/andrea/tesi/ros2_mapf_cbs/project_1/install/my_intermediate/lib/python3.10/site-packages/my_intermediate/cbs
[1.598s] byte-compiling /home/andrea/tesi/ros2_mapf_cbs/project_1/install/my_intermediate/lib/python3.10/site-packages/my_intermediate/collision_avoider.py to collision_avoider.cpython-310.pyc
[1.600s] byte-compiling /home/andrea/tesi/ros2_mapf_cbs/project_1/install/my_intermediate/lib/python3.10/site-packages/my_intermediate/plan_asker.py to plan_asker.cpython-310.pyc
[1.601s] byte-compiling /home/andrea/tesi/ros2_mapf_cbs/project_1/install/my_intermediate/lib/python3.10/site-packages/my_intermediate/__init__.py to __init__.cpython-310.pyc
[1.601s] byte-compiling /home/andrea/tesi/ros2_mapf_cbs/project_1/install/my_intermediate/lib/python3.10/site-packages/my_intermediate/fake_asker.py to fake_asker.cpython-310.pyc
[1.602s] byte-compiling /home/andrea/tesi/ros2_mapf_cbs/project_1/install/my_intermediate/lib/python3.10/site-packages/my_intermediate/multi_agent_plan_asker.py to multi_agent_plan_asker.cpython-310.pyc
[1.602s] byte-compiling /home/andrea/tesi/ros2_mapf_cbs/project_1/install/my_intermediate/lib/python3.10/site-packages/my_intermediate/map_discretizer.py to map_discretizer.cpython-310.pyc
[1.603s] byte-compiling /home/andrea/tesi/ros2_mapf_cbs/project_1/install/my_intermediate/lib/python3.10/site-packages/my_intermediate/cbs/conflict.py to conflict.cpython-310.pyc
[1.603s] byte-compiling /home/andrea/tesi/ros2_mapf_cbs/project_1/install/my_intermediate/lib/python3.10/site-packages/my_intermediate/cbs/map_creator.py to map_creator.cpython-310.pyc
[1.604s] byte-compiling /home/andrea/tesi/ros2_mapf_cbs/project_1/install/my_intermediate/lib/python3.10/site-packages/my_intermediate/cbs/constraint.py to constraint.cpython-310.pyc
[1.604s] byte-compiling /home/andrea/tesi/ros2_mapf_cbs/project_1/install/my_intermediate/lib/python3.10/site-packages/my_intermediate/cbs/cbs_node.py to cbs_node.cpython-310.pyc
[1.604s] byte-compiling /home/andrea/tesi/ros2_mapf_cbs/project_1/install/my_intermediate/lib/python3.10/site-packages/my_intermediate/cbs/__init__.py to __init__.cpython-310.pyc
[1.604s] byte-compiling /home/andrea/tesi/ros2_mapf_cbs/project_1/install/my_intermediate/lib/python3.10/site-packages/my_intermediate/cbs/state.py to state.cpython-310.pyc
[1.604s] byte-compiling /home/andrea/tesi/ros2_mapf_cbs/project_1/install/my_intermediate/lib/python3.10/site-packages/my_intermediate/cbs/environment.py to environment.cpython-310.pyc
[1.605s] byte-compiling /home/andrea/tesi/ros2_mapf_cbs/project_1/install/my_intermediate/lib/python3.10/site-packages/my_intermediate/cbs/location.py to location.cpython-310.pyc
[1.605s] byte-compiling /home/andrea/tesi/ros2_mapf_cbs/project_1/install/my_intermediate/lib/python3.10/site-packages/my_intermediate/cbs/a_star.py to a_star.cpython-310.pyc
[1.606s] byte-compiling /home/andrea/tesi/ros2_mapf_cbs/project_1/install/my_intermediate/lib/python3.10/site-packages/my_intermediate/cbs/high_level_node.py to high_level_node.cpython-310.pyc
[1.606s] byte-compiling /home/andrea/tesi/ros2_mapf_cbs/project_1/install/my_intermediate/lib/python3.10/site-packages/my_intermediate/cbs/edge_constraint.py to edge_constraint.cpython-310.pyc
[1.606s] byte-compiling /home/andrea/tesi/ros2_mapf_cbs/project_1/install/my_intermediate/lib/python3.10/site-packages/my_intermediate/cbs/vertex_constraint.py to vertex_constraint.cpython-310.pyc
[1.606s] running install_data
[1.607s] running install_egg_info
[1.608s] Copying ../../build/my_intermediate/my_intermediate.egg-info to /home/andrea/tesi/ros2_mapf_cbs/project_1/install/my_intermediate/lib/python3.10/site-packages/my_intermediate-0.0.0-py3.10.egg-info
[1.609s] running install_scripts
[1.624s] Installing collision_avoider script to /home/andrea/tesi/ros2_mapf_cbs/project_1/install/my_intermediate/lib/my_intermediate
[1.625s] Installing fake_asker script to /home/andrea/tesi/ros2_mapf_cbs/project_1/install/my_intermediate/lib/my_intermediate
[1.625s] Installing map_discretizer script to /home/andrea/tesi/ros2_mapf_cbs/project_1/install/my_intermediate/lib/my_intermediate
[1.625s] Installing multi_agent_plan_asker script to /home/andrea/tesi/ros2_mapf_cbs/project_1/install/my_intermediate/lib/my_intermediate
[1.625s] Installing plan_asker script to /home/andrea/tesi/ros2_mapf_cbs/project_1/install/my_intermediate/lib/my_intermediate
[1.625s] writing list of installed files to '/home/andrea/tesi/ros2_mapf_cbs/project_1/build/my_intermediate/install.log'
[1.650s] Invoked command in '/home/andrea/tesi/ros2_mapf_cbs/project_1/src/my_intermediate' returned '0': CMAKE_PREFIX_PATH=/home/andrea/tesi/ros2_mapf_cbs/project_1/install/my_intermediate_interfaces:/home/andrea/tesi/ros2_mapf_cbs/project_1/install/turtlebot3_multi_robot:/home/andrea/tesi/ros2_mapf_cbs/project_1/install/nav2_straightline_planner:/home/andrea/tesi/ros2_mapf_cbs/project_1/install/my_try_bringup:/home/andrea/tesi/ros2_mapf_cbs/project_1/install/my_nav2_planner:/home/andrea/tesi/ros2_mapf_cbs/project_1/install/my_nav2_core:/home/andrea/tesi/ros2_mapf_cbs/simple_example/install/my_robot_bringup:/home/andrea/tesi/ros2_mapf_cbs/simple_example/install/my_robot_interfaces LD_LIBRARY_PATH=/home/andrea/tesi/ros2_mapf_cbs/project_1/install/my_intermediate_interfaces/lib:/home/andrea/tesi/ros2_mapf_cbs/project_1/install/nav2_straightline_planner/lib:/home/andrea/tesi/ros2_mapf_cbs/project_1/install/my_nav2_planner/lib:/home/andrea/tesi/ros2_mapf_cbs/project_1/install/my_nav2_navfn_planner/lib:/home/andrea/tesi/ros2_mapf_cbs/simple_example/install/my_robot_interfaces/lib:/usr/lib/x86_64-linux-gnu/gazebo-11/plugins:/opt/ros/humble/opt/rviz_ogre_vendor/lib:/opt/ros/humble/lib/x86_64-linux-gnu:/opt/ros/humble/lib:/home/andrea/ws_online/build/ros2_bdi_on_litter_world PYTHONPATH=/home/andrea/tesi/ros2_mapf_cbs/project_1/build/my_intermediate/prefix_override:/home/andrea/tesi/ros2_mapf_cbs/project_1/install/my_intermediate/lib/python3.10/site-packages:${PYTHONPATH} /usr/bin/python3 setup.py egg_info --egg-base ../../build/my_intermediate build --build-base /home/andrea/tesi/ros2_mapf_cbs/project_1/build/my_intermediate/build install --record /home/andrea/tesi/ros2_mapf_cbs/project_1/build/my_intermediate/install.log --single-version-externally-managed
