-- Found ament_cmake: 1.3.5 (/opt/ros/humble/share/ament_cmake/cmake)
-- Found nav2_common: 1.1.12 (/opt/ros/humble/share/nav2_common/cmake)
-- Found rclcpp: 16.0.6 (/opt/ros/humble/share/rclcpp/cmake)
-- Found rosidl_generator_c: 3.1.5 (/opt/ros/humble/share/rosidl_generator_c/cmake)
-- Found rosidl_adapter: 3.1.5 (/opt/ros/humble/share/rosidl_adapter/cmake)
-- Found rosidl_generator_cpp: 3.1.5 (/opt/ros/humble/share/rosidl_generator_cpp/cmake)
-- Using all available rosidl_typesupport_c: rosidl_typesupport_fastrtps_c;rosidl_typesupport_introspection_c
-- Using all available rosidl_typesupport_cpp: rosidl_typesupport_fastrtps_cpp;rosidl_typesupport_introspection_cpp
-- Found rmw_implementation_cmake: 6.1.1 (/opt/ros/humble/share/rmw_implementation_cmake/cmake)
-- Found rmw_cyclonedds_cpp: 1.3.4 (/opt/ros/humble/share/rmw_cyclonedds_cpp/cmake)
-- Using RMW implementation 'rmw_cyclonedds_cpp' as default
-- Found rclcpp_action: 16.0.6 (/opt/ros/humble/share/rclcpp_action/cmake)
-- Found my_intermediate_interfaces: 0.0.0 (/home/andrea/tesi/ros2_mapf_cbs/project_1/install/my_intermediate_interfaces/share/my_intermediate_interfaces/cmake)
-- Found rclcpp_lifecycle: 16.0.6 (/opt/ros/humble/share/rclcpp_lifecycle/cmake)
-- Found visualization_msgs: 4.2.3 (/opt/ros/humble/share/visualization_msgs/cmake)
-- Found nav2_util: 1.1.12 (/opt/ros/humble/share/nav2_util/cmake)
-- Found eigen3_cmake_module: 0.1.1 (/opt/ros/humble/share/eigen3_cmake_module/cmake)
-- Ensuring Eigen3 include directory is part of orocos-kdl CMake target
-- Found nav2_core: 1.1.12 (/opt/ros/humble/share/nav2_core/cmake)
-- Found ament_lint_auto: 0.12.8 (/opt/ros/humble/share/ament_lint_auto/cmake)
-- Found ament_cmake_gtest: 1.3.5 (/opt/ros/humble/share/ament_cmake_gtest/cmake)
-- Added test 'copyright' to check source files copyright and LICENSE
-- Added test 'cppcheck' to perform static code analysis on C / C++ code
-- Configured cppcheck include dirs: /home/andrea/tesi/ros2_mapf_cbs/project_1/src/my_nav2_navfn_planner/include
-- Configured cppcheck exclude dirs and/or files: 
-- Added test 'cpplint' to check C / C++ code against the Google style
-- Configured cpplint exclude dirs and/or files: 
-- Added test 'lint_cmake' to check CMake code style
-- Added test 'uncrustify' to check C / C++ code style
-- Configured uncrustify additional arguments: 
-- Added test 'xmllint' to check XML markup files
-- Configuring done
-- Generating done
-- Build files have been written to: /home/andrea/tesi/ros2_mapf_cbs/project_1/build/my_nav2_navfn_planner
[35m[1mConsolidate compiler generated dependencies of target my_nav2_navfn_planner[0m
[ 66%] [32mBuilding CXX object CMakeFiles/my_nav2_navfn_planner.dir/src/navfn_planner.cpp.o[0m
[ 66%] [32mBuilding CXX object CMakeFiles/my_nav2_navfn_planner.dir/src/navfn.cpp.o[0m
[01m[K/home/andrea/tesi/ros2_mapf_cbs/project_1/src/my_nav2_navfn_planner/src/navfn_planner.cpp:110:21:[m[K [01;31m[Kerror: [m[K‘[01m[Kmy_intermediate_interfaces[m[K’ was not declared in this scope
  110 |   const std::vector<[01;31m[Kmy_intermediate_interfaces[m[K::msg::VertexConstraint> vertex_constraints,
      |                     [01;31m[K^~~~~~~~~~~~~~~~~~~~~~~~~~[m[K
[01m[K/home/andrea/tesi/ros2_mapf_cbs/project_1/src/my_nav2_navfn_planner/src/navfn_planner.cpp:110:70:[m[K [01;31m[Kerror: [m[Ktemplate argument 1 is invalid
  110 |   const std::vector<my_intermediate_interfaces::msg::VertexConstraint[01;31m[K>[m[K vertex_constraints,
      |                                                                      [01;31m[K^[m[K
[01m[K/home/andrea/tesi/ros2_mapf_cbs/project_1/src/my_nav2_navfn_planner/src/navfn_planner.cpp:110:70:[m[K [01;31m[Kerror: [m[Ktemplate argument 2 is invalid
[01m[K/home/andrea/tesi/ros2_mapf_cbs/project_1/src/my_nav2_navfn_planner/src/navfn_planner.cpp:110:21:[m[K [01;31m[Kerror: [m[K‘[01m[Kmy_intermediate_interfaces[m[K’ was not declared in this scope
  110 |   const std::vector<[01;31m[Kmy_intermediate_interfaces[m[K::msg::VertexConstraint> vertex_constraints,
      |                     [01;31m[K^~~~~~~~~~~~~~~~~~~~~~~~~~[m[K
[01m[K/home/andrea/tesi/ros2_mapf_cbs/project_1/src/my_nav2_navfn_planner/src/navfn_planner.cpp:110:70:[m[K [01;31m[Kerror: [m[Ktemplate argument 1 is invalid
  110 |   const std::vector<my_intermediate_interfaces::msg::VertexConstraint[01;31m[K>[m[K vertex_constraints,
      |                                                                      [01;31m[K^[m[K
[01m[K/home/andrea/tesi/ros2_mapf_cbs/project_1/src/my_nav2_navfn_planner/src/navfn_planner.cpp:110:70:[m[K [01;31m[Kerror: [m[Ktemplate argument 2 is invalid
[01m[K/home/andrea/tesi/ros2_mapf_cbs/project_1/src/my_nav2_navfn_planner/src/navfn_planner.cpp:110:21:[m[K [01;31m[Kerror: [m[K‘[01m[Kmy_intermediate_interfaces[m[K’ was not declared in this scope
  110 |   const std::vector<[01;31m[Kmy_intermediate_interfaces[m[K::msg::VertexConstraint> vertex_constraints,
      |                     [01;31m[K^~~~~~~~~~~~~~~~~~~~~~~~~~[m[K
[01m[K/home/andrea/tesi/ros2_mapf_cbs/project_1/src/my_nav2_navfn_planner/src/navfn_planner.cpp:110:70:[m[K [01;31m[Kerror: [m[Ktemplate argument 1 is invalid
  110 |   const std::vector<my_intermediate_interfaces::msg::VertexConstraint[01;31m[K>[m[K vertex_constraints,
      |                                                                      [01;31m[K^[m[K
[01m[K/home/andrea/tesi/ros2_mapf_cbs/project_1/src/my_nav2_navfn_planner/src/navfn_planner.cpp:110:70:[m[K [01;31m[Kerror: [m[Ktemplate argument 2 is invalid
[01m[K/home/andrea/tesi/ros2_mapf_cbs/project_1/src/my_nav2_navfn_planner/src/navfn_planner.cpp:110:9:[m[K [01;31m[Kerror: [m[Kinvalid template-id
  110 |   const [01;31m[Kstd[m[K::vector<my_intermediate_interfaces::msg::VertexConstraint> vertex_constraints,
      |         [01;31m[K^~~[m[K
[01m[K/home/andrea/tesi/ros2_mapf_cbs/project_1/src/my_nav2_navfn_planner/src/navfn_planner.cpp:110:21:[m[K [01;31m[Kerror: [m[K‘[01m[Kmy_intermediate_interfaces[m[K’ has not been declared
  110 |   const std::vector<[01;31m[Kmy_intermediate_interfaces[m[K::msg::VertexConstraint> vertex_constraints,
      |                     [01;31m[K^~~~~~~~~~~~~~~~~~~~~~~~~~[m[K
[01m[K/home/andrea/tesi/ros2_mapf_cbs/project_1/src/my_nav2_navfn_planner/src/navfn_planner.cpp:110:3:[m[K [01;31m[Kerror: [m[Kclass template placeholder ‘[01m[Kstd::vector[m[K’ not permitted in this context
  110 |   [01;31m[Kconst[m[K std::vector<my_intermediate_interfaces::msg::VertexConstraint> vertex_constraints,
      |   [01;31m[K^~~~~[m[K
[01m[K/home/andrea/tesi/ros2_mapf_cbs/project_1/src/my_nav2_navfn_planner/src/navfn_planner.cpp:111:21:[m[K [01;31m[Kerror: [m[K‘[01m[Kmy_intermediate_interfaces[m[K’ was not declared in this scope
  111 |   const std::vector<[01;31m[Kmy_intermediate_interfaces[m[K::msg::EdgeConstraint> edge_constraints)
      |                     [01;31m[K^~~~~~~~~~~~~~~~~~~~~~~~~~[m[K
[01m[K/home/andrea/tesi/ros2_mapf_cbs/project_1/src/my_nav2_navfn_planner/src/navfn_planner.cpp:111:68:[m[K [01;31m[Kerror: [m[Ktemplate argument 1 is invalid
  111 |   const std::vector<my_intermediate_interfaces::msg::EdgeConstraint[01;31m[K>[m[K edge_constraints)
      |                                                                    [01;31m[K^[m[K
[01m[K/home/andrea/tesi/ros2_mapf_cbs/project_1/src/my_nav2_navfn_planner/src/navfn_planner.cpp:111:68:[m[K [01;31m[Kerror: [m[Ktemplate argument 2 is invalid
[01m[K/home/andrea/tesi/ros2_mapf_cbs/project_1/src/my_nav2_navfn_planner/src/navfn_planner.cpp:111:21:[m[K [01;31m[Kerror: [m[K‘[01m[Kmy_intermediate_interfaces[m[K’ was not declared in this scope
  111 |   const std::vector<[01;31m[Kmy_intermediate_interfaces[m[K::msg::EdgeConstraint> edge_constraints)
      |                     [01;31m[K^~~~~~~~~~~~~~~~~~~~~~~~~~[m[K
[01m[K/home/andrea/tesi/ros2_mapf_cbs/project_1/src/my_nav2_navfn_planner/src/navfn_planner.cpp:111:68:[m[K [01;31m[Kerror: [m[Ktemplate argument 1 is invalid
  111 |   const std::vector<my_intermediate_interfaces::msg::EdgeConstraint[01;31m[K>[m[K edge_constraints)
      |                                                                    [01;31m[K^[m[K
[01m[K/home/andrea/tesi/ros2_mapf_cbs/project_1/src/my_nav2_navfn_planner/src/navfn_planner.cpp:111:68:[m[K [01;31m[Kerror: [m[Ktemplate argument 2 is invalid
[01m[K/home/andrea/tesi/ros2_mapf_cbs/project_1/src/my_nav2_navfn_planner/src/navfn_planner.cpp:111:21:[m[K [01;31m[Kerror: [m[K‘[01m[Kmy_intermediate_interfaces[m[K’ was not declared in this scope
  111 |   const std::vector<[01;31m[Kmy_intermediate_interfaces[m[K::msg::EdgeConstraint> edge_constraints)
      |                     [01;31m[K^~~~~~~~~~~~~~~~~~~~~~~~~~[m[K
[01m[K/home/andrea/tesi/ros2_mapf_cbs/project_1/src/my_nav2_navfn_planner/src/navfn_planner.cpp:111:68:[m[K [01;31m[Kerror: [m[Ktemplate argument 1 is invalid
  111 |   const std::vector<my_intermediate_interfaces::msg::EdgeConstraint[01;31m[K>[m[K edge_constraints)
      |                                                                    [01;31m[K^[m[K
[01m[K/home/andrea/tesi/ros2_mapf_cbs/project_1/src/my_nav2_navfn_planner/src/navfn_planner.cpp:111:68:[m[K [01;31m[Kerror: [m[Ktemplate argument 2 is invalid
[01m[K/home/andrea/tesi/ros2_mapf_cbs/project_1/src/my_nav2_navfn_planner/src/navfn_planner.cpp:111:9:[m[K [01;31m[Kerror: [m[Kinvalid template-id
  111 |   const [01;31m[Kstd[m[K::vector<my_intermediate_interfaces::msg::EdgeConstraint> edge_constraints)
      |         [01;31m[K^~~[m[K
[01m[K/home/andrea/tesi/ros2_mapf_cbs/project_1/src/my_nav2_navfn_planner/src/navfn_planner.cpp:111:21:[m[K [01;31m[Kerror: [m[K‘[01m[Kmy_intermediate_interfaces[m[K’ has not been declared
  111 |   const std::vector<[01;31m[Kmy_intermediate_interfaces[m[K::msg::EdgeConstraint> edge_constraints)
      |                     [01;31m[K^~~~~~~~~~~~~~~~~~~~~~~~~~[m[K
[01m[K/home/andrea/tesi/ros2_mapf_cbs/project_1/src/my_nav2_navfn_planner/src/navfn_planner.cpp:111:3:[m[K [01;31m[Kerror: [m[Kclass template placeholder ‘[01m[Kstd::vector[m[K’ not permitted in this context
  111 |   [01;31m[Kconst[m[K std::vector<my_intermediate_interfaces::msg::EdgeConstraint> edge_constraints)
      |   [01;31m[K^~~~~[m[K
[01m[K/home/andrea/tesi/ros2_mapf_cbs/project_1/src/my_nav2_navfn_planner/src/navfn_planner.cpp:107:21:[m[K [01;31m[Kerror: [m[Kno declaration matches ‘[01m[Knav_msgs::msg::Path my_nav2_navfn_planner::NavfnPlanner::createPlan(...)[m[K’
  107 | nav_msgs::msg::Path [01;31m[KNavfnPlanner[m[K::createPlan(
      |                     [01;31m[K^~~~~~~~~~~~[m[K
In file included from [01m[K/home/andrea/tesi/ros2_mapf_cbs/project_1/src/my_nav2_navfn_planner/src/navfn_planner.cpp:1[m[K:
[01m[K/home/andrea/tesi/ros2_mapf_cbs/project_1/src/my_nav2_navfn_planner/include/my_nav2_navfn_planner/navfn_planner.hpp:87:23:[m[K [01;36m[Knote: [m[Kcandidate is: ‘[01m[Kvirtual nav_msgs::msg::Path my_nav2_navfn_planner::NavfnPlanner::createPlan(const PoseStamped&, const PoseStamped&)[m[K’
   87 |   nav_msgs::msg::Path [01;36m[KcreatePlan[m[K(
      |                       [01;36m[K^~~~~~~~~~[m[K
[01m[K/home/andrea/tesi/ros2_mapf_cbs/project_1/src/my_nav2_navfn_planner/include/my_nav2_navfn_planner/navfn_planner.hpp:40:7:[m[K [01;36m[Knote: [m[K‘[01m[Kclass my_nav2_navfn_planner::NavfnPlanner[m[K’ defined here
   40 | class [01;36m[KNavfnPlanner[m[K : public nav2_core::GlobalPlanner
      |       [01;36m[K^~~~~~~~~~~~[m[K
gmake[2]: *** [CMakeFiles/my_nav2_navfn_planner.dir/build.make:76: CMakeFiles/my_nav2_navfn_planner.dir/src/navfn_planner.cpp.o] Error 1
gmake[1]: *** [CMakeFiles/Makefile2:137: CMakeFiles/my_nav2_navfn_planner.dir/all] Error 2
gmake: *** [Makefile:146: all] Error 2
