-- Found ament_cmake: 1.3.5 (/opt/ros/humble/share/ament_cmake/cmake)
-- Found nav2_common: 1.1.12 (/opt/ros/humble/share/nav2_common/cmake)
-- Found rclcpp: 16.0.6 (/opt/ros/humble/share/rclcpp/cmake)
-- Found rosidl_generator_c: 3.1.5 (/opt/ros/humble/share/rosidl_generator_c/cmake)
-- Found rosidl_adapter: 3.1.5 (/opt/ros/humble/share/rosidl_adapter/cmake)
-- Found rosidl_generator_cpp: 3.1.5 (/opt/ros/humble/share/rosidl_generator_cpp/cmake)
-- Using all available rosidl_typesupport_c: rosidl_typesupport_fastrtps_c;rosidl_typesupport_introspection_c
-- Using all available rosidl_typesupport_cpp: rosidl_typesupport_fastrtps_cpp;rosidl_typesupport_introspection_cpp
-- Found rmw_implementation_cmake: 6.1.1 (/opt/ros/humble/share/rmw_implementation_cmake/cmake)
-- Found rmw_cyclonedds_cpp: 1.3.4 (/opt/ros/humble/share/rmw_cyclonedds_cpp/cmake)
-- Using RMW implementation 'rmw_cyclonedds_cpp' as default
-- Found rclcpp_action: 16.0.6 (/opt/ros/humble/share/rclcpp_action/cmake)
-- Found rclcpp_lifecycle: 16.0.6 (/opt/ros/humble/share/rclcpp_lifecycle/cmake)
-- Found rclcpp_components: 16.0.6 (/opt/ros/humble/share/rclcpp_components/cmake)
-- Found visualization_msgs: 4.2.3 (/opt/ros/humble/share/visualization_msgs/cmake)
-- Found nav2_util: 1.1.12 (/opt/ros/humble/share/nav2_util/cmake)
-- Found eigen3_cmake_module: 0.1.1 (/opt/ros/humble/share/eigen3_cmake_module/cmake)
-- Ensuring Eigen3 include directory is part of orocos-kdl CMake target
-- Found nav2_costmap_2d: 1.1.12 (/opt/ros/humble/share/nav2_costmap_2d/cmake)
-- Found my_nav2_navfn_planner: 1.1.12 (/home/andrea/tesi/ros2_mapf_cbs/project_1/install/my_nav2_navfn_planner/share/my_nav2_navfn_planner/cmake)
-- Found ament_lint_auto: 0.12.8 (/opt/ros/humble/share/ament_lint_auto/cmake)
-- Found ament_cmake_gtest: 1.3.5 (/opt/ros/humble/share/ament_cmake_gtest/cmake)
-- Added test 'copyright' to check source files copyright and LICENSE
-- Added test 'cppcheck' to perform static code analysis on C / C++ code
-- Configured cppcheck include dirs: /home/andrea/tesi/ros2_mapf_cbs/project_1/src/my_nav2_planner/include
-- Configured cppcheck exclude dirs and/or files: 
-- Added test 'cpplint' to check C / C++ code against the Google style
-- Configured cpplint exclude dirs and/or files: 
-- Added test 'lint_cmake' to check CMake code style
-- Added test 'uncrustify' to check C / C++ code style
-- Configured uncrustify additional arguments: 
-- Added test 'xmllint' to check XML markup files
-- Configuring done
-- Generating done
-- Build files have been written to: /home/andrea/tesi/ros2_mapf_cbs/project_1/build/my_nav2_planner
[35m[1mConsolidate compiler generated dependencies of target my_planner_server_core[0m
[ 25%] [32mBuilding CXX object CMakeFiles/my_planner_server_core.dir/src/my_planner_server.cpp.o[0m
[01m[K/home/andrea/tesi/ros2_mapf_cbs/project_1/src/my_nav2_planner/src/my_planner_server.cpp:[m[K In member function ‘[01m[Kvirtual nav2_util::CallbackReturn my_nav2_planner::MyPlannerServer::on_configure(const rclcpp_lifecycle::State&)[m[K’:
[01m[K/home/andrea/tesi/ros2_mapf_cbs/project_1/src/my_nav2_planner/src/my_planner_server.cpp:104:7:[m[K [01;31m[Kerror: [m[K‘[01m[Knav2_core[m[K’ has not been declared
  104 |       [01;31m[Kmy_nav2_c[m[Kore::MultiAgentGlobalPlanner::Ptr planner =
      |       [01;31m[K^~~~~~~~~[m[K
[01m[K/home/andrea/tesi/ros2_mapf_cbs/project_1/src/my_nav2_planner/src/my_planner_server.cpp:109:7:[m[K [01;31m[Kerror: [m[K‘[01m[Kplanner[m[K’ was not declared in this scope; did you mean ‘[01m[Kplanners_[m[K’?
  109 |       [01;31m[Kplanner[m[K->configure(node, planner_ids_[i], tf_, costmap_ros_);
      |       [01;31m[K^~~~~~~[m[K
      |       [32m[Kplanners_[m[K
[01m[K/home/andrea/tesi/ros2_mapf_cbs/project_1/src/my_nav2_planner/src/my_planner_server.cpp:110:23:[m[K [01;31m[Kerror: [m[Kno matching function for call to ‘[01m[Kstd::unordered_map<std::__cxx11::basic_string<char>, std::shared_ptr<my_nav2_core::MultiAgentGlobalPlanner> >::insert(<brace-enclosed initializer list>)[m[K’
  110 |       [01;31m[Kplanners_.insert({planner_ids_[i], planner})[m[K;
      |       [01;31m[K~~~~~~~~~~~~~~~~^~~~~~~~~~~~~~~~~~~~~~~~~~~~[m[K
In file included from [01m[K/usr/include/c++/11/unordered_map:47[m[K,
                 from [01m[K/usr/include/c++/11/functional:61[m[K,
                 from [01m[K/usr/include/c++/11/pstl/glue_algorithm_defs.h:13[m[K,
                 from [01m[K/usr/include/c++/11/algorithm:74[m[K,
                 from [01m[K/opt/ros/humble/include/builtin_interfaces/builtin_interfaces/msg/detail/duration__struct.hpp:8[m[K,
                 from [01m[K/opt/ros/humble/include/builtin_interfaces/builtin_interfaces/msg/duration.hpp:7[m[K,
                 from [01m[K/home/andrea/tesi/ros2_mapf_cbs/project_1/src/my_nav2_planner/src/my_planner_server.cpp:27[m[K:
[01m[K/usr/include/c++/11/bits/unordered_map.h:563:9:[m[K [01;36m[Knote: [m[Kcandidate: ‘[01m[Ktemplate<class _Pair> std::__enable_if_t<std::is_constructible<typename std::_Hashtable<_Key, std::pair<const _Key, _Tp>, _Alloc, std::__detail::_Select1st, _Pred, _Hash, std::__detail::_Mod_range_hashing, std::__detail::_Default_ranged_hash, std::__detail::_Prime_rehash_policy, std::__detail::_Hashtable_traits<std::__not_<std::__and_<std::__is_fast_hash<_Hash>, std::__is_nothrow_invocable<const _Hash&, const _Key&> > >::value, false, true> >::value_type, _Pair&&>::value, std::pair<typename std::_Hashtable<_Key, std::pair<const _Key, _Tp>, _Alloc, std::__detail::_Select1st, _Pred, _Hash, std::__detail::_Mod_range_hashing, std::__detail::_Default_ranged_hash, std::__detail::_Prime_rehash_policy, std::__detail::_Hashtable_traits<std::__not_<std::__and_<std::__is_fast_hash<_Hash>, std::__is_nothrow_invocable<const _Hash&, const _Key&> > >::value, false, true> >::iterator, bool> > std::unordered_map<_Key, _Tp, _Hash, _Pred, _Alloc>::insert(_Pair&&) [with _Pair = _Pair; _Key = std::__cxx11::basic_string<char>; _Tp = std::shared_ptr<my_nav2_core::MultiAgentGlobalPlanner>; _Hash = std::hash<std::__cxx11::basic_string<char> >; _Pred = std::equal_to<std::__cxx11::basic_string<char> >; _Alloc = std::allocator<std::pair<const std::__cxx11::basic_string<char>, std::shared_ptr<my_nav2_core::MultiAgentGlobalPlanner> > >][m[K’
  563 |         [01;36m[Kinsert[m[K(_Pair&& __x)
      |         [01;36m[K^~~~~~[m[K
[01m[K/usr/include/c++/11/bits/unordered_map.h:563:9:[m[K [01;36m[Knote: [m[K  template argument deduction/substitution failed:
[01m[K/home/andrea/tesi/ros2_mapf_cbs/project_1/src/my_nav2_planner/src/my_planner_server.cpp:110:23:[m[K [01;36m[Knote: [m[K  couldn’t deduce template parameter ‘[01m[K_Pair[m[K’
  110 |       [01;36m[Kplanners_.insert({planner_ids_[i], planner})[m[K;
      |       [01;36m[K~~~~~~~~~~~~~~~~^~~~~~~~~~~~~~~~~~~~~~~~~~~~[m[K
In file included from [01m[K/usr/include/c++/11/unordered_map:47[m[K,
                 from [01m[K/usr/include/c++/11/functional:61[m[K,
                 from [01m[K/usr/include/c++/11/pstl/glue_algorithm_defs.h:13[m[K,
                 from [01m[K/usr/include/c++/11/algorithm:74[m[K,
                 from [01m[K/opt/ros/humble/include/builtin_interfaces/builtin_interfaces/msg/detail/duration__struct.hpp:8[m[K,
                 from [01m[K/opt/ros/humble/include/builtin_interfaces/builtin_interfaces/msg/duration.hpp:7[m[K,
                 from [01m[K/home/andrea/tesi/ros2_mapf_cbs/project_1/src/my_nav2_planner/src/my_planner_server.cpp:27[m[K:
[01m[K/usr/include/c++/11/bits/unordered_map.h:601:9:[m[K [01;36m[Knote: [m[Kcandidate: ‘[01m[Ktemplate<class _Pair> std::__enable_if_t<std::is_constructible<typename std::_Hashtable<_Key, std::pair<const _Key, _Tp>, _Alloc, std::__detail::_Select1st, _Pred, _Hash, std::__detail::_Mod_range_hashing, std::__detail::_Default_ranged_hash, std::__detail::_Prime_rehash_policy, std::__detail::_Hashtable_traits<std::__not_<std::__and_<std::__is_fast_hash<_Hash>, std::__is_nothrow_invocable<const _Hash&, const _Key&> > >::value, false, true> >::value_type, _Pair&&>::value, typename std::_Hashtable<_Key, std::pair<const _Key, _Tp>, _Alloc, std::__detail::_Select1st, _Pred, _Hash, std::__detail::_Mod_range_hashing, std::__detail::_Default_ranged_hash, std::__detail::_Prime_rehash_policy, std::__detail::_Hashtable_traits<std::__not_<std::__and_<std::__is_fast_hash<_Hash>, std::__is_nothrow_invocable<const _Hash&, const _Key&> > >::value, false, true> >::iterator> std::unordered_map<_Key, _Tp, _Hash, _Pred, _Alloc>::insert(std::unordered_map<_Key, _Tp, _Hash, _Pred, _Alloc>::const_iterator, _Pair&&) [with _Pair = _Pair; _Key = std::__cxx11::basic_string<char>; _Tp = std::shared_ptr<my_nav2_core::MultiAgentGlobalPlanner>; _Hash = std::hash<std::__cxx11::basic_string<char> >; _Pred = std::equal_to<std::__cxx11::basic_string<char> >; _Alloc = std::allocator<std::pair<const std::__cxx11::basic_string<char>, std::shared_ptr<my_nav2_core::MultiAgentGlobalPlanner> > >][m[K’
  601 |         [01;36m[Kinsert[m[K(const_iterator __hint, _Pair&& __x)
      |         [01;36m[K^~~~~~[m[K
[01m[K/usr/include/c++/11/bits/unordered_map.h:601:9:[m[K [01;36m[Knote: [m[K  template argument deduction/substitution failed:
[01m[K/home/andrea/tesi/ros2_mapf_cbs/project_1/src/my_nav2_planner/src/my_planner_server.cpp:110:23:[m[K [01;36m[Knote: [m[K  candidate expects 2 arguments, 1 provided
  110 |       [01;36m[Kplanners_.insert({planner_ids_[i], planner})[m[K;
      |       [01;36m[K~~~~~~~~~~~~~~~~^~~~~~~~~~~~~~~~~~~~~~~~~~~~[m[K
In file included from [01m[K/usr/include/c++/11/unordered_map:47[m[K,
                 from [01m[K/usr/include/c++/11/functional:61[m[K,
                 from [01m[K/usr/include/c++/11/pstl/glue_algorithm_defs.h:13[m[K,
                 from [01m[K/usr/include/c++/11/algorithm:74[m[K,
                 from [01m[K/opt/ros/humble/include/builtin_interfaces/builtin_interfaces/msg/detail/duration__struct.hpp:8[m[K,
                 from [01m[K/opt/ros/humble/include/builtin_interfaces/builtin_interfaces/msg/duration.hpp:7[m[K,
                 from [01m[K/home/andrea/tesi/ros2_mapf_cbs/project_1/src/my_nav2_planner/src/my_planner_server.cpp:27[m[K:
[01m[K/usr/include/c++/11/bits/unordered_map.h:616:9:[m[K [01;36m[Knote: [m[Kcandidate: ‘[01m[Ktemplate<class _InputIterator> void std::unordered_map<_Key, _Tp, _Hash, _Pred, _Alloc>::insert(_InputIterator, _InputIterator) [with _InputIterator = _InputIterator; _Key = std::__cxx11::basic_string<char>; _Tp = std::shared_ptr<my_nav2_core::MultiAgentGlobalPlanner>; _Hash = std::hash<std::__cxx11::basic_string<char> >; _Pred = std::equal_to<std::__cxx11::basic_string<char> >; _Alloc = std::allocator<std::pair<const std::__cxx11::basic_string<char>, std::shared_ptr<my_nav2_core::MultiAgentGlobalPlanner> > >][m[K’
  616 |         [01;36m[Kinsert[m[K(_InputIterator __first, _InputIterator __last)
      |         [01;36m[K^~~~~~[m[K
[01m[K/usr/include/c++/11/bits/unordered_map.h:616:9:[m[K [01;36m[Knote: [m[K  template argument deduction/substitution failed:
[01m[K/home/andrea/tesi/ros2_mapf_cbs/project_1/src/my_nav2_planner/src/my_planner_server.cpp:110:23:[m[K [01;36m[Knote: [m[K  candidate expects 2 arguments, 1 provided
  110 |       [01;36m[Kplanners_.insert({planner_ids_[i], planner})[m[K;
      |       [01;36m[K~~~~~~~~~~~~~~~~^~~~~~~~~~~~~~~~~~~~~~~~~~~~[m[K
In file included from [01m[K/usr/include/c++/11/unordered_map:47[m[K,
                 from [01m[K/usr/include/c++/11/functional:61[m[K,
                 from [01m[K/usr/include/c++/11/pstl/glue_algorithm_defs.h:13[m[K,
                 from [01m[K/usr/include/c++/11/algorithm:74[m[K,
                 from [01m[K/opt/ros/humble/include/builtin_interfaces/builtin_interfaces/msg/detail/duration__struct.hpp:8[m[K,
                 from [01m[K/opt/ros/humble/include/builtin_interfaces/builtin_interfaces/msg/duration.hpp:7[m[K,
                 from [01m[K/home/andrea/tesi/ros2_mapf_cbs/project_1/src/my_nav2_planner/src/my_planner_server.cpp:27[m[K:
[01m[K/usr/include/c++/11/bits/unordered_map.h:438:7:[m[K [01;36m[Knote: [m[Kcandidate: ‘[01m[Kstd::unordered_map<_Key, _Tp, _Hash, _Pred, _Alloc>::insert_return_type std::unordered_map<_Key, _Tp, _Hash, _Pred, _Alloc>::insert(std::unordered_map<_Key, _Tp, _Hash, _Pred, _Alloc>::node_type&&) [with _Key = std::__cxx11::basic_string<char>; _Tp = std::shared_ptr<my_nav2_core::MultiAgentGlobalPlanner>; _Hash = std::hash<std::__cxx11::basic_string<char> >; _Pred = std::equal_to<std::__cxx11::basic_string<char> >; _Alloc = std::allocator<std::pair<const std::__cxx11::basic_string<char>, std::shared_ptr<my_nav2_core::MultiAgentGlobalPlanner> > >; std::unordered_map<_Key, _Tp, _Hash, _Pred, _Alloc>::insert_return_type = std::_Hashtable<std::__cxx11::basic_string<char>, std::pair<const std::__cxx11::basic_string<char>, std::shared_ptr<my_nav2_core::MultiAgentGlobalPlanner> >, std::allocator<std::pair<const std::__cxx11::basic_string<char>, std::shared_ptr<my_nav2_core::MultiAgentGlobalPlanner> > >, std::__detail::_Select1st, std::equal_to<std::__cxx11::basic_string<char> >, std::hash<std::__cxx11::basic_string<char> >, std::__detail::_Mod_range_hashing, std::__detail::_Default_ranged_hash, std::__detail::_Prime_rehash_policy, std::__detail::_Hashtable_traits<true, false, true> >::insert_return_type; std::unordered_map<_Key, _Tp, _Hash, _Pred, _Alloc>::node_type = std::_Hashtable<std::__cxx11::basic_string<char>, std::pair<const std::__cxx11::basic_string<char>, std::shared_ptr<my_nav2_core::MultiAgentGlobalPlanner> >, std::allocator<std::pair<const std::__cxx11::basic_string<char>, std::shared_ptr<my_nav2_core::MultiAgentGlobalPlanner> > >, std::__detail::_Select1st, std::equal_to<std::__cxx11::basic_string<char> >, std::hash<std::__cxx11::basic_string<char> >, std::__detail::_Mod_range_hashing, std::__detail::_Default_ranged_hash, std::__detail::_Prime_rehash_policy, std::__detail::_Hashtable_traits<true, false, true> >::node_type][m[K’
  438 |       [01;36m[Kinsert[m[K(node_type&& __nh)
      |       [01;36m[K^~~~~~[m[K
[01m[K/usr/include/c++/11/bits/unordered_map.h:438:26:[m[K [01;36m[Knote: [m[K  no known conversion for argument 1 from ‘[01m[K<brace-enclosed initializer list>[m[K’ to ‘[01m[Kstd::unordered_map<std::__cxx11::basic_string<char>, std::shared_ptr<my_nav2_core::MultiAgentGlobalPlanner> >::node_type&&[m[K’ {aka ‘[01m[Kstd::_Hashtable<std::__cxx11::basic_string<char>, std::pair<const std::__cxx11::basic_string<char>, std::shared_ptr<my_nav2_core::MultiAgentGlobalPlanner> >, std::allocator<std::pair<const std::__cxx11::basic_string<char>, std::shared_ptr<my_nav2_core::MultiAgentGlobalPlanner> > >, std::__detail::_Select1st, std::equal_to<std::__cxx11::basic_string<char> >, std::hash<std::__cxx11::basic_string<char> >, std::__detail::_Mod_range_hashing, std::__detail::_Default_ranged_hash, std::__detail::_Prime_rehash_policy, std::__detail::_Hashtable_traits<true, false, true> >::node_type&&[m[K’}
  438 |       insert([01;36m[Knode_type&& __nh[m[K)
      |              [01;36m[K~~~~~~~~~~~~^~~~[m[K
[01m[K/usr/include/c++/11/bits/unordered_map.h:443:7:[m[K [01;36m[Knote: [m[Kcandidate: ‘[01m[Kstd::unordered_map<_Key, _Tp, _Hash, _Pred, _Alloc>::iterator std::unordered_map<_Key, _Tp, _Hash, _Pred, _Alloc>::insert(std::unordered_map<_Key, _Tp, _Hash, _Pred, _Alloc>::const_iterator, std::unordered_map<_Key, _Tp, _Hash, _Pred, _Alloc>::node_type&&) [with _Key = std::__cxx11::basic_string<char>; _Tp = std::shared_ptr<my_nav2_core::MultiAgentGlobalPlanner>; _Hash = std::hash<std::__cxx11::basic_string<char> >; _Pred = std::equal_to<std::__cxx11::basic_string<char> >; _Alloc = std::allocator<std::pair<const std::__cxx11::basic_string<char>, std::shared_ptr<my_nav2_core::MultiAgentGlobalPlanner> > >; std::unordered_map<_Key, _Tp, _Hash, _Pred, _Alloc>::iterator = std::__detail::_Insert_base<std::__cxx11::basic_string<char>, std::pair<const std::__cxx11::basic_string<char>, std::shared_ptr<my_nav2_core::MultiAgentGlobalPlanner> >, std::allocator<std::pair<const std::__cxx11::basic_string<char>, std::shared_ptr<my_nav2_core::MultiAgentGlobalPlanner> > >, std::__detail::_Select1st, std::equal_to<std::__cxx11::basic_string<char> >, std::hash<std::__cxx11::basic_string<char> >, std::__detail::_Mod_range_hashing, std::__detail::_Default_ranged_hash, std::__detail::_Prime_rehash_policy, std::__detail::_Hashtable_traits<true, false, true> >::iterator; std::unordered_map<_Key, _Tp, _Hash, _Pred, _Alloc>::const_iterator = std::__detail::_Insert_base<std::__cxx11::basic_string<char>, std::pair<const std::__cxx11::basic_string<char>, std::shared_ptr<my_nav2_core::MultiAgentGlobalPlanner> >, std::allocator<std::pair<const std::__cxx11::basic_string<char>, std::shared_ptr<my_nav2_core::MultiAgentGlobalPlanner> > >, std::__detail::_Select1st, std::equal_to<std::__cxx11::basic_string<char> >, std::hash<std::__cxx11::basic_string<char> >, std::__detail::_Mod_range_hashing, std::__detail::_Default_ranged_hash, std::__detail::_Prime_rehash_policy, std::__detail::_Hashtable_traits<true, false, true> >::const_iterator; std::unordered_map<_Key, _Tp, _Hash, _Pred, _Alloc>::node_type = std::_Hashtable<std::__cxx11::basic_string<char>, std::pair<const std::__cxx11::basic_string<char>, std::shared_ptr<my_nav2_core::MultiAgentGlobalPlanner> >, std::allocator<std::pair<const std::__cxx11::basic_string<char>, std::shared_ptr<my_nav2_core::MultiAgentGlobalPlanner> > >, std::__detail::_Select1st, std::equal_to<std::__cxx11::basic_string<char> >, std::hash<std::__cxx11::basic_string<char> >, std::__detail::_Mod_range_hashing, std::__detail::_Default_ranged_hash, std::__detail::_Prime_rehash_policy, std::__detail::_Hashtable_traits<true, false, true> >::node_type][m[K’
  443 |       [01;36m[Kinsert[m[K(const_iterator, node_type&& __nh)
      |       [01;36m[K^~~~~~[m[K
[01m[K/usr/include/c++/11/bits/unordered_map.h:443:7:[m[K [01;36m[Knote: [m[K  candidate expects 2 arguments, 1 provided
[01m[K/usr/include/c++/11/bits/unordered_map.h:551:7:[m[K [01;36m[Knote: [m[Kcandidate: ‘[01m[Kstd::pair<typename std::_Hashtable<_Key, std::pair<const _Key, _Tp>, _Alloc, std::__detail::_Select1st, _Pred, _Hash, std::__detail::_Mod_range_hashing, std::__detail::_Default_ranged_hash, std::__detail::_Prime_rehash_policy, std::__detail::_Hashtable_traits<std::__not_<std::__and_<std::__is_fast_hash<_Hash>, std::__is_nothrow_invocable<const _Hash&, const _Key&> > >::value, false, true> >::iterator, bool> std::unordered_map<_Key, _Tp, _Hash, _Pred, _Alloc>::insert(const value_type&) [with _Key = std::__cxx11::basic_string<char>; _Tp = std::shared_ptr<my_nav2_core::MultiAgentGlobalPlanner>; _Hash = std::hash<std::__cxx11::basic_string<char> >; _Pred = std::equal_to<std::__cxx11::basic_string<char> >; _Alloc = std::allocator<std::pair<const std::__cxx11::basic_string<char>, std::shared_ptr<my_nav2_core::MultiAgentGlobalPlanner> > >; typename std::_Hashtable<_Key, std::pair<const _Key, _Tp>, _Alloc, std::__detail::_Select1st, _Pred, _Hash, std::__detail::_Mod_range_hashing, std::__detail::_Default_ranged_hash, std::__detail::_Prime_rehash_policy, std::__detail::_Hashtable_traits<std::__not_<std::__and_<std::__is_fast_hash<_Hash>, std::__is_nothrow_invocable<const _Hash&, const _Key&> > >::value, false, true> >::iterator = std::__detail::_Insert_base<std::__cxx11::basic_string<char>, std::pair<const std::__cxx11::basic_string<char>, std::shared_ptr<my_nav2_core::MultiAgentGlobalPlanner> >, std::allocator<std::pair<const std::__cxx11::basic_string<char>, std::shared_ptr<my_nav2_core::MultiAgentGlobalPlanner> > >, std::__detail::_Select1st, std::equal_to<std::__cxx11::basic_string<char> >, std::hash<std::__cxx11::basic_string<char> >, std::__detail::_Mod_range_hashing, std::__detail::_Default_ranged_hash, std::__detail::_Prime_rehash_policy, std::__detail::_Hashtable_traits<true, false, true> >::iterator; std::unordered_map<_Key, _Tp, _Hash, _Pred, _Alloc>::value_type = std::pair<const std::__cxx11::basic_string<char>, std::shared_ptr<my_nav2_core::MultiAgentGlobalPlanner> >][m[K’
  551 |       [01;36m[Kinsert[m[K(const value_type& __x)
      |       [01;36m[K^~~~~~[m[K
[01m[K/usr/include/c++/11/bits/unordered_map.h:551:32:[m[K [01;36m[Knote: [m[K  no known conversion for argument 1 from ‘[01m[K<brace-enclosed initializer list>[m[K’ to ‘[01m[Kconst value_type&[m[K’ {aka ‘[01m[Kconst std::pair<const std::__cxx11::basic_string<char>, std::shared_ptr<my_nav2_core::MultiAgentGlobalPlanner> >&[m[K’}
  551 |       insert([01;36m[Kconst value_type& __x[m[K)
      |              [01;36m[K~~~~~~~~~~~~~~~~~~^~~[m[K
[01m[K/usr/include/c++/11/bits/unordered_map.h:557:7:[m[K [01;36m[Knote: [m[Kcandidate: ‘[01m[Kstd::pair<typename std::_Hashtable<_Key, std::pair<const _Key, _Tp>, _Alloc, std::__detail::_Select1st, _Pred, _Hash, std::__detail::_Mod_range_hashing, std::__detail::_Default_ranged_hash, std::__detail::_Prime_rehash_policy, std::__detail::_Hashtable_traits<std::__not_<std::__and_<std::__is_fast_hash<_Hash>, std::__is_nothrow_invocable<const _Hash&, const _Key&> > >::value, false, true> >::iterator, bool> std::unordered_map<_Key, _Tp, _Hash, _Pred, _Alloc>::insert(std::unordered_map<_Key, _Tp, _Hash, _Pred, _Alloc>::value_type&&) [with _Key = std::__cxx11::basic_string<char>; _Tp = std::shared_ptr<my_nav2_core::MultiAgentGlobalPlanner>; _Hash = std::hash<std::__cxx11::basic_string<char> >; _Pred = std::equal_to<std::__cxx11::basic_string<char> >; _Alloc = std::allocator<std::pair<const std::__cxx11::basic_string<char>, std::shared_ptr<my_nav2_core::MultiAgentGlobalPlanner> > >; typename std::_Hashtable<_Key, std::pair<const _Key, _Tp>, _Alloc, std::__detail::_Select1st, _Pred, _Hash, std::__detail::_Mod_range_hashing, std::__detail::_Default_ranged_hash, std::__detail::_Prime_rehash_policy, std::__detail::_Hashtable_traits<std::__not_<std::__and_<std::__is_fast_hash<_Hash>, std::__is_nothrow_invocable<const _Hash&, const _Key&> > >::value, false, true> >::iterator = std::__detail::_Insert_base<std::__cxx11::basic_string<char>, std::pair<const std::__cxx11::basic_string<char>, std::shared_ptr<my_nav2_core::MultiAgentGlobalPlanner> >, std::allocator<std::pair<const std::__cxx11::basic_string<char>, std::shared_ptr<my_nav2_core::MultiAgentGlobalPlanner> > >, std::__detail::_Select1st, std::equal_to<std::__cxx11::basic_string<char> >, std::hash<std::__cxx11::basic_string<char> >, std::__detail::_Mod_range_hashing, std::__detail::_Default_ranged_hash, std::__detail::_Prime_rehash_policy, std::__detail::_Hashtable_traits<true, false, true> >::iterator; std::unordered_map<_Key, _Tp, _Hash, _Pred, _Alloc>::value_type = std::pair<const std::__cxx11::basic_string<char>, std::shared_ptr<my_nav2_core::MultiAgentGlobalPlanner> >][m[K’
  557 |       [01;36m[Kinsert[m[K(value_type&& __x)
      |       [01;36m[K^~~~~~[m[K
[01m[K/usr/include/c++/11/bits/unordered_map.h:557:27:[m[K [01;36m[Knote: [m[K  no known conversion for argument 1 from ‘[01m[K<brace-enclosed initializer list>[m[K’ to ‘[01m[Kstd::unordered_map<std::__cxx11::basic_string<char>, std::shared_ptr<my_nav2_core::MultiAgentGlobalPlanner> >::value_type&&[m[K’ {aka ‘[01m[Kstd::pair<const std::__cxx11::basic_string<char>, std::shared_ptr<my_nav2_core::MultiAgentGlobalPlanner> >&&[m[K’}
  557 |       insert([01;36m[Kvalue_type&& __x[m[K)
      |              [01;36m[K~~~~~~~~~~~~~^~~[m[K
[01m[K/usr/include/c++/11/bits/unordered_map.h:590:7:[m[K [01;36m[Knote: [m[Kcandidate: ‘[01m[Kstd::unordered_map<_Key, _Tp, _Hash, _Pred, _Alloc>::iterator std::unordered_map<_Key, _Tp, _Hash, _Pred, _Alloc>::insert(std::unordered_map<_Key, _Tp, _Hash, _Pred, _Alloc>::const_iterator, const value_type&) [with _Key = std::__cxx11::basic_string<char>; _Tp = std::shared_ptr<my_nav2_core::MultiAgentGlobalPlanner>; _Hash = std::hash<std::__cxx11::basic_string<char> >; _Pred = std::equal_to<std::__cxx11::basic_string<char> >; _Alloc = std::allocator<std::pair<const std::__cxx11::basic_string<char>, std::shared_ptr<my_nav2_core::MultiAgentGlobalPlanner> > >; std::unordered_map<_Key, _Tp, _Hash, _Pred, _Alloc>::iterator = std::__detail::_Insert_base<std::__cxx11::basic_string<char>, std::pair<const std::__cxx11::basic_string<char>, std::shared_ptr<my_nav2_core::MultiAgentGlobalPlanner> >, std::allocator<std::pair<const std::__cxx11::basic_string<char>, std::shared_ptr<my_nav2_core::MultiAgentGlobalPlanner> > >, std::__detail::_Select1st, std::equal_to<std::__cxx11::basic_string<char> >, std::hash<std::__cxx11::basic_string<char> >, std::__detail::_Mod_range_hashing, std::__detail::_Default_ranged_hash, std::__detail::_Prime_rehash_policy, std::__detail::_Hashtable_traits<true, false, true> >::iterator; std::unordered_map<_Key, _Tp, _Hash, _Pred, _Alloc>::const_iterator = std::__detail::_Insert_base<std::__cxx11::basic_string<char>, std::pair<const std::__cxx11::basic_string<char>, std::shared_ptr<my_nav2_core::MultiAgentGlobalPlanner> >, std::allocator<std::pair<const std::__cxx11::basic_string<char>, std::shared_ptr<my_nav2_core::MultiAgentGlobalPlanner> > >, std::__detail::_Select1st, std::equal_to<std::__cxx11::basic_string<char> >, std::hash<std::__cxx11::basic_string<char> >, std::__detail::_Mod_range_hashing, std::__detail::_Default_ranged_hash, std::__detail::_Prime_rehash_policy, std::__detail::_Hashtable_traits<true, false, true> >::const_iterator; std::unordered_map<_Key, _Tp, _Hash, _Pred, _Alloc>::value_type = std::pair<const std::__cxx11::basic_string<char>, std::shared_ptr<my_nav2_core::MultiAgentGlobalPlanner> >][m[K’
  590 |       [01;36m[Kinsert[m[K(const_iterator __hint, const value_type& __x)
      |       [01;36m[K^~~~~~[m[K
[01m[K/usr/include/c++/11/bits/unordered_map.h:590:7:[m[K [01;36m[Knote: [m[K  candidate expects 2 arguments, 1 provided
[01m[K/usr/include/c++/11/bits/unordered_map.h:596:7:[m[K [01;36m[Knote: [m[Kcandidate: ‘[01m[Kstd::unordered_map<_Key, _Tp, _Hash, _Pred, _Alloc>::iterator std::unordered_map<_Key, _Tp, _Hash, _Pred, _Alloc>::insert(std::unordered_map<_Key, _Tp, _Hash, _Pred, _Alloc>::const_iterator, std::unordered_map<_Key, _Tp, _Hash, _Pred, _Alloc>::value_type&&) [with _Key = std::__cxx11::basic_string<char>; _Tp = std::shared_ptr<my_nav2_core::MultiAgentGlobalPlanner>; _Hash = std::hash<std::__cxx11::basic_string<char> >; _Pred = std::equal_to<std::__cxx11::basic_string<char> >; _Alloc = std::allocator<std::pair<const std::__cxx11::basic_string<char>, std::shared_ptr<my_nav2_core::MultiAgentGlobalPlanner> > >; std::unordered_map<_Key, _Tp, _Hash, _Pred, _Alloc>::iterator = std::__detail::_Insert_base<std::__cxx11::basic_string<char>, std::pair<const std::__cxx11::basic_string<char>, std::shared_ptr<my_nav2_core::MultiAgentGlobalPlanner> >, std::allocator<std::pair<const std::__cxx11::basic_string<char>, std::shared_ptr<my_nav2_core::MultiAgentGlobalPlanner> > >, std::__detail::_Select1st, std::equal_to<std::__cxx11::basic_string<char> >, std::hash<std::__cxx11::basic_string<char> >, std::__detail::_Mod_range_hashing, std::__detail::_Default_ranged_hash, std::__detail::_Prime_rehash_policy, std::__detail::_Hashtable_traits<true, false, true> >::iterator; std::unordered_map<_Key, _Tp, _Hash, _Pred, _Alloc>::const_iterator = std::__detail::_Insert_base<std::__cxx11::basic_string<char>, std::pair<const std::__cxx11::basic_string<char>, std::shared_ptr<my_nav2_core::MultiAgentGlobalPlanner> >, std::allocator<std::pair<const std::__cxx11::basic_string<char>, std::shared_ptr<my_nav2_core::MultiAgentGlobalPlanner> > >, std::__detail::_Select1st, std::equal_to<std::__cxx11::basic_string<char> >, std::hash<std::__cxx11::basic_string<char> >, std::__detail::_Mod_range_hashing, std::__detail::_Default_ranged_hash, std::__detail::_Prime_rehash_policy, std::__detail::_Hashtable_traits<true, false, true> >::const_iterator; std::unordered_map<_Key, _Tp, _Hash, _Pred, _Alloc>::value_type = std::pair<const std::__cxx11::basic_string<char>, std::shared_ptr<my_nav2_core::MultiAgentGlobalPlanner> >][m[K’
  596 |       [01;36m[Kinsert[m[K(const_iterator __hint, value_type&& __x)
      |       [01;36m[K^~~~~~[m[K
[01m[K/usr/include/c++/11/bits/unordered_map.h:596:7:[m[K [01;36m[Knote: [m[K  candidate expects 2 arguments, 1 provided
[01m[K/usr/include/c++/11/bits/unordered_map.h:627:7:[m[K [01;36m[Knote: [m[Kcandidate: ‘[01m[Kvoid std::unordered_map<_Key, _Tp, _Hash, _Pred, _Alloc>::insert(std::initializer_list<typename std::_Hashtable<_Key, std::pair<const _Key, _Tp>, _Alloc, std::__detail::_Select1st, _Pred, _Hash, std::__detail::_Mod_range_hashing, std::__detail::_Default_ranged_hash, std::__detail::_Prime_rehash_policy, std::__detail::_Hashtable_traits<std::__not_<std::__and_<std::__is_fast_hash<_Hash>, std::__is_nothrow_invocable<const _Hash&, const _Key&> > >::value, false, true> >::value_type>) [with _Key = std::__cxx11::basic_string<char>; _Tp = std::shared_ptr<my_nav2_core::MultiAgentGlobalPlanner>; _Hash = std::hash<std::__cxx11::basic_string<char> >; _Pred = std::equal_to<std::__cxx11::basic_string<char> >; _Alloc = std::allocator<std::pair<const std::__cxx11::basic_string<char>, std::shared_ptr<my_nav2_core::MultiAgentGlobalPlanner> > >; typename std::_Hashtable<_Key, std::pair<const _Key, _Tp>, _Alloc, std::__detail::_Select1st, _Pred, _Hash, std::__detail::_Mod_range_hashing, std::__detail::_Default_ranged_hash, std::__detail::_Prime_rehash_policy, std::__detail::_Hashtable_traits<std::__not_<std::__and_<std::__is_fast_hash<_Hash>, std::__is_nothrow_invocable<const _Hash&, const _Key&> > >::value, false, true> >::value_type = std::pair<const std::__cxx11::basic_string<char>, std::shared_ptr<my_nav2_core::MultiAgentGlobalPlanner> >][m[K’
  627 |       [01;36m[Kinsert[m[K(initializer_list<value_type> __l)
      |       [01;36m[K^~~~~~[m[K
[01m[K/usr/include/c++/11/bits/unordered_map.h:627:43:[m[K [01;36m[Knote: [m[K  no known conversion for argument 1 from ‘[01m[K<brace-enclosed initializer list>[m[K’ to ‘[01m[Kstd::initializer_list<std::pair<const std::__cxx11::basic_string<char>, std::shared_ptr<my_nav2_core::MultiAgentGlobalPlanner> > >[m[K’
  627 |       insert([01;36m[Kinitializer_list<value_type> __l[m[K)
      |              [01;36m[K~~~~~~~~~~~~~~~~~~~~~~~~~~~~~^~~[m[K
[01m[K/home/andrea/tesi/ros2_mapf_cbs/project_1/src/my_nav2_planner/src/my_planner_server.cpp:[m[K In member function ‘[01m[Knav_msgs::msg::Path my_nav2_planner::MyPlannerServer::getPlan(const PoseStamped&, const PoseStamped&, const string&)[m[K’:
[01m[K/home/andrea/tesi/ros2_mapf_cbs/project_1/src/my_nav2_planner/src/my_planner_server.cpp:534:45:[m[K [01;31m[Kerror: [m[Kno matching function for call to ‘[01m[Kmy_nav2_core::MultiAgentGlobalPlanner::createPlan(const PoseStamped&, const PoseStamped&)[m[K’
  534 |     return [01;31m[Kplanners_[planner_id]->createPlan(start, goal)[m[K;
      |            [01;31m[K~~~~~~~~~~~~~~~~~~~~~~~~~~~~~~~~~^~~~~~~~~~~~~[m[K
In file included from [01m[K/home/andrea/tesi/ros2_mapf_cbs/project_1/install/my_nav2_navfn_planner/include/my_nav2_navfn_planner/my_navfn_planner.hpp:29[m[K,
                 from [01m[K/home/andrea/tesi/ros2_mapf_cbs/project_1/src/my_nav2_planner/src/my_planner_server.cpp:32[m[K:
[01m[K/home/andrea/tesi/ros2_mapf_cbs/project_1/install/my_nav2_core/include/my_nav2_core/multi_agent_global_planner.hpp:80:31:[m[K [01;36m[Knote: [m[Kcandidate: ‘[01m[Kvirtual nav_msgs::msg::Path my_nav2_core::MultiAgentGlobalPlanner::createPlan(const PoseStamped&, const PoseStamped&, std::vector<my_intermediate_interfaces::msg::VertexConstraint_<std::allocator<void> > >, std::vector<my_intermediate_interfaces::msg::EdgeConstraint_<std::allocator<void> > >)[m[K’
   80 |   virtual nav_msgs::msg::Path [01;36m[KcreatePlan[m[K(
      |                               [01;36m[K^~~~~~~~~~[m[K
[01m[K/home/andrea/tesi/ros2_mapf_cbs/project_1/install/my_nav2_core/include/my_nav2_core/multi_agent_global_planner.hpp:80:31:[m[K [01;36m[Knote: [m[K  candidate expects 4 arguments, 2 provided
[01m[K/home/andrea/tesi/ros2_mapf_cbs/project_1/src/my_nav2_planner/src/my_planner_server.cpp:541:61:[m[K [01;31m[Kerror: [m[Kno matching function for call to ‘[01m[Kmy_nav2_core::MultiAgentGlobalPlanner::createPlan(const PoseStamped&, const PoseStamped&)[m[K’
  541 |       return [01;31m[Kplanners_[planners_.begin()->first]->createPlan(start, goal)[m[K;
      |              [01;31m[K~~~~~~~~~~~~~~~~~~~~~~~~~~~~~~~~~~~~~~~~~~~~~~~^~~~~~~~~~~~~[m[K
In file included from [01m[K/home/andrea/tesi/ros2_mapf_cbs/project_1/install/my_nav2_navfn_planner/include/my_nav2_navfn_planner/my_navfn_planner.hpp:29[m[K,
                 from [01m[K/home/andrea/tesi/ros2_mapf_cbs/project_1/src/my_nav2_planner/src/my_planner_server.cpp:32[m[K:
[01m[K/home/andrea/tesi/ros2_mapf_cbs/project_1/install/my_nav2_core/include/my_nav2_core/multi_agent_global_planner.hpp:80:31:[m[K [01;36m[Knote: [m[Kcandidate: ‘[01m[Kvirtual nav_msgs::msg::Path my_nav2_core::MultiAgentGlobalPlanner::createPlan(const PoseStamped&, const PoseStamped&, std::vector<my_intermediate_interfaces::msg::VertexConstraint_<std::allocator<void> > >, std::vector<my_intermediate_interfaces::msg::EdgeConstraint_<std::allocator<void> > >)[m[K’
   80 |   virtual nav_msgs::msg::Path [01;36m[KcreatePlan[m[K(
      |                               [01;36m[K^~~~~~~~~~[m[K
[01m[K/home/andrea/tesi/ros2_mapf_cbs/project_1/install/my_nav2_core/include/my_nav2_core/multi_agent_global_planner.hpp:80:31:[m[K [01;36m[Knote: [m[K  candidate expects 4 arguments, 2 provided
gmake[2]: *** [CMakeFiles/my_planner_server_core.dir/build.make:76: CMakeFiles/my_planner_server_core.dir/src/my_planner_server.cpp.o] Error 1
gmake[1]: *** [CMakeFiles/Makefile2:139: CMakeFiles/my_planner_server_core.dir/all] Error 2
gmake: *** [Makefile:146: all] Error 2
