running egg_info
creating ../../build/my_package/my_robot_driver.egg-info
writing ../../build/my_package/my_robot_driver.egg-info/PKG-INFO
writing dependency_links to ../../build/my_package/my_robot_driver.egg-info/dependency_links.txt
writing entry points to ../../build/my_package/my_robot_driver.egg-info/entry_points.txt
writing requirements to ../../build/my_package/my_robot_driver.egg-info/requires.txt
writing top-level names to ../../build/my_package/my_robot_driver.egg-info/top_level.txt
writing manifest file '../../build/my_package/my_robot_driver.egg-info/SOURCES.txt'
reading manifest file '../../build/my_package/my_robot_driver.egg-info/SOURCES.txt'
writing manifest file '../../build/my_package/my_robot_driver.egg-info/SOURCES.txt'
running build
running build_py
creating /home/andrea/tesi/ros2_mapf_cbs/project_1/build/my_package/build
creating /home/andrea/tesi/ros2_mapf_cbs/project_1/build/my_package/build/lib
creating /home/andrea/tesi/ros2_mapf_cbs/project_1/build/my_package/build/lib/my_robot_driver
copying my_robot_driver/my_robot_driver.py -> /home/andrea/tesi/ros2_mapf_cbs/project_1/build/my_package/build/lib/my_robot_driver
copying my_robot_driver/__init__.py -> /home/andrea/tesi/ros2_mapf_cbs/project_1/build/my_package/build/lib/my_robot_driver
running install
running install_lib
creating /home/andrea/tesi/ros2_mapf_cbs/project_1/install/my_package/lib/python3.10/site-packages/my_robot_driver
copying /home/andrea/tesi/ros2_mapf_cbs/project_1/build/my_package/build/lib/my_robot_driver/my_robot_driver.py -> /home/andrea/tesi/ros2_mapf_cbs/project_1/install/my_package/lib/python3.10/site-packages/my_robot_driver
copying /home/andrea/tesi/ros2_mapf_cbs/project_1/build/my_package/build/lib/my_robot_driver/__init__.py -> /home/andrea/tesi/ros2_mapf_cbs/project_1/install/my_package/lib/python3.10/site-packages/my_robot_driver
byte-compiling /home/andrea/tesi/ros2_mapf_cbs/project_1/install/my_package/lib/python3.10/site-packages/my_robot_driver/my_robot_driver.py to my_robot_driver.cpython-310.pyc
byte-compiling /home/andrea/tesi/ros2_mapf_cbs/project_1/install/my_package/lib/python3.10/site-packages/my_robot_driver/__init__.py to __init__.cpython-310.pyc
running install_data
copying resource/my_robot_driver -> /home/andrea/tesi/ros2_mapf_cbs/project_1/install/my_package/share/ament_index/resource_index/packages
creating /home/andrea/tesi/ros2_mapf_cbs/project_1/install/my_package/share/my_robot_driver
creating /home/andrea/tesi/ros2_mapf_cbs/project_1/install/my_package/share/my_robot_driver/launch
copying launch/robot_launch.py -> /home/andrea/tesi/ros2_mapf_cbs/project_1/install/my_package/share/my_robot_driver/launch
creating /home/andrea/tesi/ros2_mapf_cbs/project_1/install/my_package/share/my_robot_driver/worlds
copying worlds/my_world.wbt -> /home/andrea/tesi/ros2_mapf_cbs/project_1/install/my_package/share/my_robot_driver/worlds
creating /home/andrea/tesi/ros2_mapf_cbs/project_1/install/my_package/share/my_robot_driver/resource
copying resource/my_robot.urdf -> /home/andrea/tesi/ros2_mapf_cbs/project_1/install/my_package/share/my_robot_driver/resource
copying package.xml -> /home/andrea/tesi/ros2_mapf_cbs/project_1/install/my_package/share/my_robot_driver
running install_egg_info
Copying ../../build/my_package/my_robot_driver.egg-info to /home/andrea/tesi/ros2_mapf_cbs/project_1/install/my_package/lib/python3.10/site-packages/my_robot_driver-0.0.0-py3.10.egg-info
running install_scripts
Installing my_robot_driver script to /home/andrea/tesi/ros2_mapf_cbs/project_1/install/my_package/lib/my_robot_driver
writing list of installed files to '/home/andrea/tesi/ros2_mapf_cbs/project_1/build/my_package/install.log'
