[01m[K/home/andrea/tesi/ros2_mapf_cbs/project_1/src/nav2_planner/src/planner_server.cpp:[m[K In member function ‘[01m[Kvoid nav2_planner::PlannerServer::computePlanThroughPoses()[m[K’:
[01m[K/home/andrea/tesi/ros2_mapf_cbs/project_1/src/nav2_planner/src/planner_server.cpp:449:13:[m[K [01;31m[Kerror: [m[K‘[01m[Kusing element_type = struct nav2_msgs::action::ComputePathThroughPoses_Result_<std::allocator<void> >[m[K’ {aka ‘[01m[Kstruct nav2_msgs::action::ComputePathThroughPoses_Result_<std::allocator<void> >[m[K’} has no member named ‘[01m[Kerror_code[m[K’
  449 |     result->[01;31m[Kerror_code[m[K = ActionThroughPosesResult::INVALID_PLANNER;
      |             [01;31m[K^~~~~~~~~~[m[K
[01m[K/home/andrea/tesi/ros2_mapf_cbs/project_1/src/nav2_planner/src/planner_server.cpp:449:52:[m[K [01;31m[Kerror: [m[K‘[01m[KINVALID_PLANNER[m[K’ is not a member of ‘[01m[Knav2_planner::PlannerServer::ActionThroughPosesResult[m[K’ {aka ‘[01m[Knav2_msgs::action::ComputePathThroughPoses_Result_<std::allocator<void> >[m[K’}
  449 |     result->error_code = ActionThroughPosesResult::[01;31m[KINVALID_PLANNER[m[K;
      |                                                    [01;31m[K^~~~~~~~~~~~~~~[m[K
[01m[K/home/andrea/tesi/ros2_mapf_cbs/project_1/src/nav2_planner/src/planner_server.cpp:453:13:[m[K [01;31m[Kerror: [m[K‘[01m[Kusing element_type = struct nav2_msgs::action::ComputePathThroughPoses_Result_<std::allocator<void> >[m[K’ {aka ‘[01m[Kstruct nav2_msgs::action::ComputePathThroughPoses_Result_<std::allocator<void> >[m[K’} has no member named ‘[01m[Kerror_code[m[K’
  453 |     result->[01;31m[Kerror_code[m[K = ActionThroughPosesResult::START_OCCUPIED;
      |             [01;31m[K^~~~~~~~~~[m[K
[01m[K/home/andrea/tesi/ros2_mapf_cbs/project_1/src/nav2_planner/src/planner_server.cpp:453:52:[m[K [01;31m[Kerror: [m[K‘[01m[KSTART_OCCUPIED[m[K’ is not a member of ‘[01m[Knav2_planner::PlannerServer::ActionThroughPosesResult[m[K’ {aka ‘[01m[Knav2_msgs::action::ComputePathThroughPoses_Result_<std::allocator<void> >[m[K’}
  453 |     result->error_code = ActionThroughPosesResult::[01;31m[KSTART_OCCUPIED[m[K;
      |                                                    [01;31m[K^~~~~~~~~~~~~~[m[K
[01m[K/home/andrea/tesi/ros2_mapf_cbs/project_1/src/nav2_planner/src/planner_server.cpp:457:13:[m[K [01;31m[Kerror: [m[K‘[01m[Kusing element_type = struct nav2_msgs::action::ComputePathThroughPoses_Result_<std::allocator<void> >[m[K’ {aka ‘[01m[Kstruct nav2_msgs::action::ComputePathThroughPoses_Result_<std::allocator<void> >[m[K’} has no member named ‘[01m[Kerror_code[m[K’
  457 |     result->[01;31m[Kerror_code[m[K = ActionThroughPosesResult::GOAL_OCCUPIED;
      |             [01;31m[K^~~~~~~~~~[m[K
[01m[K/home/andrea/tesi/ros2_mapf_cbs/project_1/src/nav2_planner/src/planner_server.cpp:457:52:[m[K [01;31m[Kerror: [m[K‘[01m[KGOAL_OCCUPIED[m[K’ is not a member of ‘[01m[Knav2_planner::PlannerServer::ActionThroughPosesResult[m[K’ {aka ‘[01m[Knav2_msgs::action::ComputePathThroughPoses_Result_<std::allocator<void> >[m[K’}
  457 |     result->error_code = ActionThroughPosesResult::[01;31m[KGOAL_OCCUPIED[m[K;
      |                                                    [01;31m[K^~~~~~~~~~~~~[m[K
[01m[K/home/andrea/tesi/ros2_mapf_cbs/project_1/src/nav2_planner/src/planner_server.cpp:461:13:[m[K [01;31m[Kerror: [m[K‘[01m[Kusing element_type = struct nav2_msgs::action::ComputePathThroughPoses_Result_<std::allocator<void> >[m[K’ {aka ‘[01m[Kstruct nav2_msgs::action::ComputePathThroughPoses_Result_<std::allocator<void> >[m[K’} has no member named ‘[01m[Kerror_code[m[K’
  461 |     result->[01;31m[Kerror_code[m[K = ActionThroughPosesResult::NO_VALID_PATH;
      |             [01;31m[K^~~~~~~~~~[m[K
[01m[K/home/andrea/tesi/ros2_mapf_cbs/project_1/src/nav2_planner/src/planner_server.cpp:461:52:[m[K [01;31m[Kerror: [m[K‘[01m[KNO_VALID_PATH[m[K’ is not a member of ‘[01m[Knav2_planner::PlannerServer::ActionThroughPosesResult[m[K’ {aka ‘[01m[Knav2_msgs::action::ComputePathThroughPoses_Result_<std::allocator<void> >[m[K’}
  461 |     result->error_code = ActionThroughPosesResult::[01;31m[KNO_VALID_PATH[m[K;
      |                                                    [01;31m[K^~~~~~~~~~~~~[m[K
[01m[K/home/andrea/tesi/ros2_mapf_cbs/project_1/src/nav2_planner/src/planner_server.cpp:465:13:[m[K [01;31m[Kerror: [m[K‘[01m[Kusing element_type = struct nav2_msgs::action::ComputePathThroughPoses_Result_<std::allocator<void> >[m[K’ {aka ‘[01m[Kstruct nav2_msgs::action::ComputePathThroughPoses_Result_<std::allocator<void> >[m[K’} has no member named ‘[01m[Kerror_code[m[K’
  465 |     result->[01;31m[Kerror_code[m[K = ActionThroughPosesResult::TIMEOUT;
      |             [01;31m[K^~~~~~~~~~[m[K
[01m[K/home/andrea/tesi/ros2_mapf_cbs/project_1/src/nav2_planner/src/planner_server.cpp:465:52:[m[K [01;31m[Kerror: [m[K‘[01m[KTIMEOUT[m[K’ is not a member of ‘[01m[Knav2_planner::PlannerServer::ActionThroughPosesResult[m[K’ {aka ‘[01m[Knav2_msgs::action::ComputePathThroughPoses_Result_<std::allocator<void> >[m[K’}
  465 |     result->error_code = ActionThroughPosesResult::[01;31m[KTIMEOUT[m[K;
      |                                                    [01;31m[K^~~~~~~[m[K
[01m[K/home/andrea/tesi/ros2_mapf_cbs/project_1/src/nav2_planner/src/planner_server.cpp:469:13:[m[K [01;31m[Kerror: [m[K‘[01m[Kusing element_type = struct nav2_msgs::action::ComputePathThroughPoses_Result_<std::allocator<void> >[m[K’ {aka ‘[01m[Kstruct nav2_msgs::action::ComputePathThroughPoses_Result_<std::allocator<void> >[m[K’} has no member named ‘[01m[Kerror_code[m[K’
  469 |     result->[01;31m[Kerror_code[m[K = ActionThroughPosesResult::START_OUTSIDE_MAP;
      |             [01;31m[K^~~~~~~~~~[m[K
[01m[K/home/andrea/tesi/ros2_mapf_cbs/project_1/src/nav2_planner/src/planner_server.cpp:469:52:[m[K [01;31m[Kerror: [m[K‘[01m[KSTART_OUTSIDE_MAP[m[K’ is not a member of ‘[01m[Knav2_planner::PlannerServer::ActionThroughPosesResult[m[K’ {aka ‘[01m[Knav2_msgs::action::ComputePathThroughPoses_Result_<std::allocator<void> >[m[K’}
  469 |     result->error_code = ActionThroughPosesResult::[01;31m[KSTART_OUTSIDE_MAP[m[K;
      |                                                    [01;31m[K^~~~~~~~~~~~~~~~~[m[K
[01m[K/home/andrea/tesi/ros2_mapf_cbs/project_1/src/nav2_planner/src/planner_server.cpp:473:13:[m[K [01;31m[Kerror: [m[K‘[01m[Kusing element_type = struct nav2_msgs::action::ComputePathThroughPoses_Result_<std::allocator<void> >[m[K’ {aka ‘[01m[Kstruct nav2_msgs::action::ComputePathThroughPoses_Result_<std::allocator<void> >[m[K’} has no member named ‘[01m[Kerror_code[m[K’
  473 |     result->[01;31m[Kerror_code[m[K = ActionThroughPosesResult::GOAL_OUTSIDE_MAP;
      |             [01;31m[K^~~~~~~~~~[m[K
[01m[K/home/andrea/tesi/ros2_mapf_cbs/project_1/src/nav2_planner/src/planner_server.cpp:473:52:[m[K [01;31m[Kerror: [m[K‘[01m[KGOAL_OUTSIDE_MAP[m[K’ is not a member of ‘[01m[Knav2_planner::PlannerServer::ActionThroughPosesResult[m[K’ {aka ‘[01m[Knav2_msgs::action::ComputePathThroughPoses_Result_<std::allocator<void> >[m[K’}
  473 |     result->error_code = ActionThroughPosesResult::[01;31m[KGOAL_OUTSIDE_MAP[m[K;
      |                                                    [01;31m[K^~~~~~~~~~~~~~~~[m[K
[01m[K/home/andrea/tesi/ros2_mapf_cbs/project_1/src/nav2_planner/src/planner_server.cpp:477:13:[m[K [01;31m[Kerror: [m[K‘[01m[Kusing element_type = struct nav2_msgs::action::ComputePathThroughPoses_Result_<std::allocator<void> >[m[K’ {aka ‘[01m[Kstruct nav2_msgs::action::ComputePathThroughPoses_Result_<std::allocator<void> >[m[K’} has no member named ‘[01m[Kerror_code[m[K’
  477 |     result->[01;31m[Kerror_code[m[K = ActionThroughPosesResult::TF_ERROR;
      |             [01;31m[K^~~~~~~~~~[m[K
[01m[K/home/andrea/tesi/ros2_mapf_cbs/project_1/src/nav2_planner/src/planner_server.cpp:477:52:[m[K [01;31m[Kerror: [m[K‘[01m[KTF_ERROR[m[K’ is not a member of ‘[01m[Knav2_planner::PlannerServer::ActionThroughPosesResult[m[K’ {aka ‘[01m[Knav2_msgs::action::ComputePathThroughPoses_Result_<std::allocator<void> >[m[K’}
  477 |     result->error_code = ActionThroughPosesResult::[01;31m[KTF_ERROR[m[K;
      |                                                    [01;31m[K^~~~~~~~[m[K
[01m[K/home/andrea/tesi/ros2_mapf_cbs/project_1/src/nav2_planner/src/planner_server.cpp:481:13:[m[K [01;31m[Kerror: [m[K‘[01m[Kusing element_type = struct nav2_msgs::action::ComputePathThroughPoses_Result_<std::allocator<void> >[m[K’ {aka ‘[01m[Kstruct nav2_msgs::action::ComputePathThroughPoses_Result_<std::allocator<void> >[m[K’} has no member named ‘[01m[Kerror_code[m[K’
  481 |     result->[01;31m[Kerror_code[m[K = ActionThroughPosesResult::NO_VIAPOINTS_GIVEN;
      |             [01;31m[K^~~~~~~~~~[m[K
[01m[K/home/andrea/tesi/ros2_mapf_cbs/project_1/src/nav2_planner/src/planner_server.cpp:481:52:[m[K [01;31m[Kerror: [m[K‘[01m[KNO_VIAPOINTS_GIVEN[m[K’ is not a member of ‘[01m[Knav2_planner::PlannerServer::ActionThroughPosesResult[m[K’ {aka ‘[01m[Knav2_msgs::action::ComputePathThroughPoses_Result_<std::allocator<void> >[m[K’}
  481 |     result->error_code = ActionThroughPosesResult::[01;31m[KNO_VIAPOINTS_GIVEN[m[K;
      |                                                    [01;31m[K^~~~~~~~~~~~~~~~~~[m[K
[01m[K/home/andrea/tesi/ros2_mapf_cbs/project_1/src/nav2_planner/src/planner_server.cpp:485:13:[m[K [01;31m[Kerror: [m[K‘[01m[Kusing element_type = struct nav2_msgs::action::ComputePathThroughPoses_Result_<std::allocator<void> >[m[K’ {aka ‘[01m[Kstruct nav2_msgs::action::ComputePathThroughPoses_Result_<std::allocator<void> >[m[K’} has no member named ‘[01m[Kerror_code[m[K’
  485 |     result->[01;31m[Kerror_code[m[K = ActionThroughPosesResult::UNKNOWN;
      |             [01;31m[K^~~~~~~~~~[m[K
[01m[K/home/andrea/tesi/ros2_mapf_cbs/project_1/src/nav2_planner/src/planner_server.cpp:485:52:[m[K [01;31m[Kerror: [m[K‘[01m[KUNKNOWN[m[K’ is not a member of ‘[01m[Knav2_planner::PlannerServer::ActionThroughPosesResult[m[K’ {aka ‘[01m[Knav2_msgs::action::ComputePathThroughPoses_Result_<std::allocator<void> >[m[K’}
  485 |     result->error_code = ActionThroughPosesResult::[01;31m[KUNKNOWN[m[K;
      |                                                    [01;31m[K^~~~~~~[m[K
[01m[K/home/andrea/tesi/ros2_mapf_cbs/project_1/src/nav2_planner/src/planner_server.cpp:[m[K In member function ‘[01m[Kvoid nav2_planner::PlannerServer::computePlan()[m[K’:
[01m[K/home/andrea/tesi/ros2_mapf_cbs/project_1/src/nav2_planner/src/planner_server.cpp:544:13:[m[K [01;31m[Kerror: [m[K‘[01m[Kusing element_type = struct nav2_msgs::action::ComputePathToPose_Result_<std::allocator<void> >[m[K’ {aka ‘[01m[Kstruct nav2_msgs::action::ComputePathToPose_Result_<std::allocator<void> >[m[K’} has no member named ‘[01m[Kerror_code[m[K’
  544 |     result->[01;31m[Kerror_code[m[K = ActionToPoseResult::INVALID_PLANNER;
      |             [01;31m[K^~~~~~~~~~[m[K
[01m[K/home/andrea/tesi/ros2_mapf_cbs/project_1/src/nav2_planner/src/planner_server.cpp:544:46:[m[K [01;31m[Kerror: [m[K‘[01m[KINVALID_PLANNER[m[K’ is not a member of ‘[01m[Knav2_planner::PlannerServer::ActionToPoseResult[m[K’ {aka ‘[01m[Knav2_msgs::action::ComputePathToPose_Result_<std::allocator<void> >[m[K’}
  544 |     result->error_code = ActionToPoseResult::[01;31m[KINVALID_PLANNER[m[K;
      |                                              [01;31m[K^~~~~~~~~~~~~~~[m[K
[01m[K/home/andrea/tesi/ros2_mapf_cbs/project_1/src/nav2_planner/src/planner_server.cpp:548:13:[m[K [01;31m[Kerror: [m[K‘[01m[Kusing element_type = struct nav2_msgs::action::ComputePathToPose_Result_<std::allocator<void> >[m[K’ {aka ‘[01m[Kstruct nav2_msgs::action::ComputePathToPose_Result_<std::allocator<void> >[m[K’} has no member named ‘[01m[Kerror_code[m[K’
  548 |     result->[01;31m[Kerror_code[m[K = ActionToPoseResult::START_OCCUPIED;
      |             [01;31m[K^~~~~~~~~~[m[K
[01m[K/home/andrea/tesi/ros2_mapf_cbs/project_1/src/nav2_planner/src/planner_server.cpp:548:46:[m[K [01;31m[Kerror: [m[K‘[01m[KSTART_OCCUPIED[m[K’ is not a member of ‘[01m[Knav2_planner::PlannerServer::ActionToPoseResult[m[K’ {aka ‘[01m[Knav2_msgs::action::ComputePathToPose_Result_<std::allocator<void> >[m[K’}
  548 |     result->error_code = ActionToPoseResult::[01;31m[KSTART_OCCUPIED[m[K;
      |                                              [01;31m[K^~~~~~~~~~~~~~[m[K
[01m[K/home/andrea/tesi/ros2_mapf_cbs/project_1/src/nav2_planner/src/planner_server.cpp:552:13:[m[K [01;31m[Kerror: [m[K‘[01m[Kusing element_type = struct nav2_msgs::action::ComputePathToPose_Result_<std::allocator<void> >[m[K’ {aka ‘[01m[Kstruct nav2_msgs::action::ComputePathToPose_Result_<std::allocator<void> >[m[K’} has no member named ‘[01m[Kerror_code[m[K’
  552 |     result->[01;31m[Kerror_code[m[K = ActionToPoseResult::GOAL_OCCUPIED;
      |             [01;31m[K^~~~~~~~~~[m[K
[01m[K/home/andrea/tesi/ros2_mapf_cbs/project_1/src/nav2_planner/src/planner_server.cpp:552:46:[m[K [01;31m[Kerror: [m[K‘[01m[KGOAL_OCCUPIED[m[K’ is not a member of ‘[01m[Knav2_planner::PlannerServer::ActionToPoseResult[m[K’ {aka ‘[01m[Knav2_msgs::action::ComputePathToPose_Result_<std::allocator<void> >[m[K’}
  552 |     result->error_code = ActionToPoseResult::[01;31m[KGOAL_OCCUPIED[m[K;
      |                                              [01;31m[K^~~~~~~~~~~~~[m[K
[01m[K/home/andrea/tesi/ros2_mapf_cbs/project_1/src/nav2_planner/src/planner_server.cpp:556:13:[m[K [01;31m[Kerror: [m[K‘[01m[Kusing element_type = struct nav2_msgs::action::ComputePathToPose_Result_<std::allocator<void> >[m[K’ {aka ‘[01m[Kstruct nav2_msgs::action::ComputePathToPose_Result_<std::allocator<void> >[m[K’} has no member named ‘[01m[Kerror_code[m[K’
  556 |     result->[01;31m[Kerror_code[m[K = ActionToPoseResult::NO_VALID_PATH;
      |             [01;31m[K^~~~~~~~~~[m[K
[01m[K/home/andrea/tesi/ros2_mapf_cbs/project_1/src/nav2_planner/src/planner_server.cpp:556:46:[m[K [01;31m[Kerror: [m[K‘[01m[KNO_VALID_PATH[m[K’ is not a member of ‘[01m[Knav2_planner::PlannerServer::ActionToPoseResult[m[K’ {aka ‘[01m[Knav2_msgs::action::ComputePathToPose_Result_<std::allocator<void> >[m[K’}
  556 |     result->error_code = ActionToPoseResult::[01;31m[KNO_VALID_PATH[m[K;
      |                                              [01;31m[K^~~~~~~~~~~~~[m[K
[01m[K/home/andrea/tesi/ros2_mapf_cbs/project_1/src/nav2_planner/src/planner_server.cpp:560:13:[m[K [01;31m[Kerror: [m[K‘[01m[Kusing element_type = struct nav2_msgs::action::ComputePathToPose_Result_<std::allocator<void> >[m[K’ {aka ‘[01m[Kstruct nav2_msgs::action::ComputePathToPose_Result_<std::allocator<void> >[m[K’} has no member named ‘[01m[Kerror_code[m[K’
  560 |     result->[01;31m[Kerror_code[m[K = ActionToPoseResult::TIMEOUT;
      |             [01;31m[K^~~~~~~~~~[m[K
[01m[K/home/andrea/tesi/ros2_mapf_cbs/project_1/src/nav2_planner/src/planner_server.cpp:560:46:[m[K [01;31m[Kerror: [m[K‘[01m[KTIMEOUT[m[K’ is not a member of ‘[01m[Knav2_planner::PlannerServer::ActionToPoseResult[m[K’ {aka ‘[01m[Knav2_msgs::action::ComputePathToPose_Result_<std::allocator<void> >[m[K’}
  560 |     result->error_code = ActionToPoseResult::[01;31m[KTIMEOUT[m[K;
      |                                              [01;31m[K^~~~~~~[m[K
[01m[K/home/andrea/tesi/ros2_mapf_cbs/project_1/src/nav2_planner/src/planner_server.cpp:564:13:[m[K [01;31m[Kerror: [m[K‘[01m[Kusing element_type = struct nav2_msgs::action::ComputePathToPose_Result_<std::allocator<void> >[m[K’ {aka ‘[01m[Kstruct nav2_msgs::action::ComputePathToPose_Result_<std::allocator<void> >[m[K’} has no member named ‘[01m[Kerror_code[m[K’
  564 |     result->[01;31m[Kerror_code[m[K = ActionToPoseResult::START_OUTSIDE_MAP;
      |             [01;31m[K^~~~~~~~~~[m[K
[01m[K/home/andrea/tesi/ros2_mapf_cbs/project_1/src/nav2_planner/src/planner_server.cpp:564:46:[m[K [01;31m[Kerror: [m[K‘[01m[KSTART_OUTSIDE_MAP[m[K’ is not a member of ‘[01m[Knav2_planner::PlannerServer::ActionToPoseResult[m[K’ {aka ‘[01m[Knav2_msgs::action::ComputePathToPose_Result_<std::allocator<void> >[m[K’}
  564 |     result->error_code = ActionToPoseResult::[01;31m[KSTART_OUTSIDE_MAP[m[K;
      |                                              [01;31m[K^~~~~~~~~~~~~~~~~[m[K
[01m[K/home/andrea/tesi/ros2_mapf_cbs/project_1/src/nav2_planner/src/planner_server.cpp:568:13:[m[K [01;31m[Kerror: [m[K‘[01m[Kusing element_type = struct nav2_msgs::action::ComputePathToPose_Result_<std::allocator<void> >[m[K’ {aka ‘[01m[Kstruct nav2_msgs::action::ComputePathToPose_Result_<std::allocator<void> >[m[K’} has no member named ‘[01m[Kerror_code[m[K’
  568 |     result->[01;31m[Kerror_code[m[K = ActionToPoseResult::GOAL_OUTSIDE_MAP;
      |             [01;31m[K^~~~~~~~~~[m[K
[01m[K/home/andrea/tesi/ros2_mapf_cbs/project_1/src/nav2_planner/src/planner_server.cpp:568:46:[m[K [01;31m[Kerror: [m[K‘[01m[KGOAL_OUTSIDE_MAP[m[K’ is not a member of ‘[01m[Knav2_planner::PlannerServer::ActionToPoseResult[m[K’ {aka ‘[01m[Knav2_msgs::action::ComputePathToPose_Result_<std::allocator<void> >[m[K’}
  568 |     result->error_code = ActionToPoseResult::[01;31m[KGOAL_OUTSIDE_MAP[m[K;
      |                                              [01;31m[K^~~~~~~~~~~~~~~~[m[K
[01m[K/home/andrea/tesi/ros2_mapf_cbs/project_1/src/nav2_planner/src/planner_server.cpp:572:13:[m[K [01;31m[Kerror: [m[K‘[01m[Kusing element_type = struct nav2_msgs::action::ComputePathToPose_Result_<std::allocator<void> >[m[K’ {aka ‘[01m[Kstruct nav2_msgs::action::ComputePathToPose_Result_<std::allocator<void> >[m[K’} has no member named ‘[01m[Kerror_code[m[K’
  572 |     result->[01;31m[Kerror_code[m[K = ActionToPoseResult::TF_ERROR;
      |             [01;31m[K^~~~~~~~~~[m[K
[01m[K/home/andrea/tesi/ros2_mapf_cbs/project_1/src/nav2_planner/src/planner_server.cpp:572:46:[m[K [01;31m[Kerror: [m[K‘[01m[KTF_ERROR[m[K’ is not a member of ‘[01m[Knav2_planner::PlannerServer::ActionToPoseResult[m[K’ {aka ‘[01m[Knav2_msgs::action::ComputePathToPose_Result_<std::allocator<void> >[m[K’}
  572 |     result->error_code = ActionToPoseResult::[01;31m[KTF_ERROR[m[K;
      |                                              [01;31m[K^~~~~~~~[m[K
[01m[K/home/andrea/tesi/ros2_mapf_cbs/project_1/src/nav2_planner/src/planner_server.cpp:576:13:[m[K [01;31m[Kerror: [m[K‘[01m[Kusing element_type = struct nav2_msgs::action::ComputePathToPose_Result_<std::allocator<void> >[m[K’ {aka ‘[01m[Kstruct nav2_msgs::action::ComputePathToPose_Result_<std::allocator<void> >[m[K’} has no member named ‘[01m[Kerror_code[m[K’
  576 |     result->[01;31m[Kerror_code[m[K = ActionToPoseResult::UNKNOWN;
      |             [01;31m[K^~~~~~~~~~[m[K
[01m[K/home/andrea/tesi/ros2_mapf_cbs/project_1/src/nav2_planner/src/planner_server.cpp:576:46:[m[K [01;31m[Kerror: [m[K‘[01m[KUNKNOWN[m[K’ is not a member of ‘[01m[Knav2_planner::PlannerServer::ActionToPoseResult[m[K’ {aka ‘[01m[Knav2_msgs::action::ComputePathToPose_Result_<std::allocator<void> >[m[K’}
  576 |     result->error_code = ActionToPoseResult::[01;31m[KUNKNOWN[m[K;
      |                                              [01;31m[K^~~~~~~[m[K
gmake[2]: *** [CMakeFiles/planner_server_core.dir/build.make:76: CMakeFiles/planner_server_core.dir/src/planner_server.cpp.o] Interrupt
gmake[2]: *** [gtest/CMakeFiles/gtest.dir/build.make:76: gtest/CMakeFiles/gtest.dir/src/gtest-all.cc.o] Interrupt
gmake[1]: *** [CMakeFiles/Makefile2:174: CMakeFiles/planner_server_core.dir/all] Interrupt
gmake[1]: *** [CMakeFiles/Makefile2:254: gtest/CMakeFiles/gtest.dir/all] Interrupt
gmake: *** [Makefile:146: all] Interrupt
