[0.515s] Invoking command in '/home/andrea/tesi/ros2_mapf_cbs/project_1/build/my_intermediate_interfaces': CMAKE_PREFIX_PATH=${CMAKE_PREFIX_PATH}:/home/andrea/tesi/ros2_mapf_cbs/project_1/install/my_package:/home/andrea/tesi/ros2_mapf_cbs/project_1/install/my_intermediate:/home/andrea/tesi/ros2_mapf_cbs/simple_example/install/my_py_pkg:/opt/ros/humble /usr/bin/cmake --build /home/andrea/tesi/ros2_mapf_cbs/project_1/build/my_intermediate_interfaces -- -j8 -l8
[0.783s] -- Found std_srvs: 4.2.3 (/opt/ros/humble/share/std_srvs/cmake)
[0.783s] -- Override CMake install command with custom implementation using symlinks instead of copying resources
[0.784s] -- Found rosidl_generator_c: 3.1.5 (/opt/ros/humble/share/rosidl_generator_c/cmake)
[0.784s] -- Found rosidl_adapter: 3.1.5 (/opt/ros/humble/share/rosidl_adapter/cmake)
[0.784s] -- Found rosidl_generator_cpp: 3.1.5 (/opt/ros/humble/share/rosidl_generator_cpp/cmake)
[0.784s] -- Using all available rosidl_typesupport_c: rosidl_typesupport_fastrtps_c;rosidl_typesupport_introspection_c
[0.784s] -- Using all available rosidl_typesupport_cpp: rosidl_typesupport_fastrtps_cpp;rosidl_typesupport_introspection_cpp
[0.784s] -- Found nav_msgs: 4.2.3 (/opt/ros/humble/share/nav_msgs/cmake)
[0.971s] -- Found rosidl_default_generators: 1.2.0 (/opt/ros/humble/share/rosidl_default_generators/cmake)
[1.287s] -- Found ament_cmake_ros: 0.10.0 (/opt/ros/humble/share/ament_cmake_ros/cmake)
[1.645s] -- Using all available rosidl_typesupport_c: rosidl_typesupport_fastrtps_c;rosidl_typesupport_introspection_c
[1.785s] -- Using all available rosidl_typesupport_cpp: rosidl_typesupport_fastrtps_cpp;rosidl_typesupport_introspection_cpp
[1.803s] -- Found python_cmake_module: 0.10.0 (/opt/ros/humble/share/python_cmake_module/cmake)
[1.820s] -- Using PYTHON_EXECUTABLE: /usr/bin/python3
[1.820s] -- Using PYTHON_INCLUDE_DIRS: /usr/include/python3.10
[1.820s] -- Using PYTHON_LIBRARIES: /usr/lib/x86_64-linux-gnu/libpython3.10.so
[1.863s] -- Configuring done
[1.904s] -- Generating done
[1.907s] -- Build files have been written to: /home/andrea/tesi/ros2_mapf_cbs/project_1/build/my_intermediate_interfaces
[1.927s] [  1%] [34m[1mGenerating C code for ROS interfaces[0m
[1.942s] [  2%] Built target ament_cmake_python_symlink_my_intermediate_interfaces
[1.942s] [  2%] [34m[1mGenerating C++ code for ROS interfaces[0m
[2.158s] running egg_info
[2.158s] writing my_intermediate_interfaces.egg-info/PKG-INFO
[2.158s] writing dependency_links to my_intermediate_interfaces.egg-info/dependency_links.txt
[2.158s] writing top-level names to my_intermediate_interfaces.egg-info/top_level.txt
[2.160s] reading manifest file 'my_intermediate_interfaces.egg-info/SOURCES.txt'
[2.161s] writing manifest file 'my_intermediate_interfaces.egg-info/SOURCES.txt'
[2.183s] [  2%] Built target ament_cmake_python_build_my_intermediate_interfaces_egg
[2.463s] [  2%] Built target my_intermediate_interfaces__cpp
[2.476s] [  3%] [34m[1mGenerating C++ type support dispatch for ROS interfaces[0m
[2.480s] [  5%] [34m[1mGenerating C++ type support for eProsima Fast-RTPS[0m
[2.482s] [  6%] [34m[1mGenerating C++ introspection for ROS interfaces[0m
[2.486s] [35m[1mConsolidate compiler generated dependencies of target my_intermediate_interfaces__rosidl_generator_c[0m
[2.504s] [  8%] [32mBuilding C object CMakeFiles/my_intermediate_interfaces__rosidl_generator_c.dir/rosidl_generator_c/my_intermediate_interfaces/srv/detail/computed_plans__functions.c.o[0m
[2.504s] [  8%] [32mBuilding C object CMakeFiles/my_intermediate_interfaces__rosidl_generator_c.dir/rosidl_generator_c/my_intermediate_interfaces/srv/detail/start_goal_positions__functions.c.o[0m
[2.505s] [ 10%] [32mBuilding C object CMakeFiles/my_intermediate_interfaces__rosidl_generator_c.dir/rosidl_generator_c/my_intermediate_interfaces/srv/detail/start_goal_pose_stamped__functions.c.o[0m
[2.507s] [ 11%] [32mBuilding C object CMakeFiles/my_intermediate_interfaces__rosidl_generator_c.dir/rosidl_generator_c/my_intermediate_interfaces/msg/detail/agent_path_request__functions.c.o[0m
[2.511s] [ 12%] [32mBuilding C object CMakeFiles/my_intermediate_interfaces__rosidl_generator_c.dir/rosidl_generator_c/my_intermediate_interfaces/msg/detail/agent_path__functions.c.o[0m
[2.618s] [ 13%] [32mBuilding C object CMakeFiles/my_intermediate_interfaces__rosidl_generator_c.dir/rosidl_generator_c/my_intermediate_interfaces/msg/detail/edge_constraint__functions.c.o[0m
[2.624s] [ 15%] [32mBuilding C object CMakeFiles/my_intermediate_interfaces__rosidl_generator_c.dir/rosidl_generator_c/my_intermediate_interfaces/msg/detail/vertex_constraint__functions.c.o[0m
[2.683s] [ 16%] [32m[1mLinking C shared library libmy_intermediate_interfaces__rosidl_generator_c.so[0m
[2.724s] [ 16%] Built target my_intermediate_interfaces__rosidl_generator_c
[2.739s] [ 17%] [34m[1mGenerating C introspection for ROS interfaces[0m
[2.748s] [ 18%] [34m[1mGenerating C type support for eProsima Fast-RTPS[0m
[2.749s] [ 20%] [34m[1mGenerating C type support dispatch for ROS interfaces[0m
[3.092s] [35m[1mConsolidate compiler generated dependencies of target my_intermediate_interfaces__rosidl_typesupport_cpp[0m
[3.142s] [ 21%] [32mBuilding CXX object CMakeFiles/my_intermediate_interfaces__rosidl_typesupport_cpp.dir/rosidl_typesupport_cpp/my_intermediate_interfaces/srv/computed_plans__type_support.cpp.o[0m
[3.163s] [ 22%] [32mBuilding CXX object CMakeFiles/my_intermediate_interfaces__rosidl_typesupport_cpp.dir/rosidl_typesupport_cpp/my_intermediate_interfaces/srv/start_goal_pose_stamped__type_support.cpp.o[0m
[3.164s] [ 24%] [32mBuilding CXX object CMakeFiles/my_intermediate_interfaces__rosidl_typesupport_cpp.dir/rosidl_typesupport_cpp/my_intermediate_interfaces/srv/start_goal_positions__type_support.cpp.o[0m
[3.451s] [35m[1mConsolidate compiler generated dependencies of target my_intermediate_interfaces__rosidl_typesupport_c[0m
[3.470s] [ 25%] [32mBuilding CXX object CMakeFiles/my_intermediate_interfaces__rosidl_typesupport_c.dir/rosidl_typesupport_c/my_intermediate_interfaces/srv/start_goal_pose_stamped__type_support.cpp.o[0m
[3.560s] [ 26%] [32mBuilding CXX object CMakeFiles/my_intermediate_interfaces__rosidl_typesupport_c.dir/rosidl_typesupport_c/my_intermediate_interfaces/srv/start_goal_positions__type_support.cpp.o[0m
[3.571s] [35m[1mConsolidate compiler generated dependencies of target my_intermediate_interfaces__rosidl_typesupport_introspection_cpp[0m
[3.577s] [35m[1mConsolidate compiler generated dependencies of target my_intermediate_interfaces__rosidl_typesupport_fastrtps_cpp[0m
[3.606s] [ 27%] [32mBuilding CXX object CMakeFiles/my_intermediate_interfaces__rosidl_typesupport_introspection_cpp.dir/rosidl_typesupport_introspection_cpp/my_intermediate_interfaces/srv/detail/start_goal_pose_stamped__type_support.cpp.o[0m
[3.619s] [ 29%] [32mBuilding CXX object CMakeFiles/my_intermediate_interfaces__rosidl_typesupport_fastrtps_cpp.dir/rosidl_typesupport_fastrtps_cpp/my_intermediate_interfaces/srv/detail/dds_fastrtps/start_goal_pose_stamped__type_support.cpp.o[0m
[3.624s] [ 30%] [32mBuilding CXX object CMakeFiles/my_intermediate_interfaces__rosidl_typesupport_cpp.dir/rosidl_typesupport_cpp/my_intermediate_interfaces/msg/agent_path_request__type_support.cpp.o[0m
[3.629s] [ 32%] [32mBuilding CXX object CMakeFiles/my_intermediate_interfaces__rosidl_typesupport_c.dir/rosidl_typesupport_c/my_intermediate_interfaces/srv/computed_plans__type_support.cpp.o[0m
[3.630s] [ 32%] [32mBuilding CXX object CMakeFiles/my_intermediate_interfaces__rosidl_typesupport_fastrtps_cpp.dir/rosidl_typesupport_fastrtps_cpp/my_intermediate_interfaces/srv/detail/dds_fastrtps/start_goal_positions__type_support.cpp.o[0m
[3.642s] [ 34%] [32mBuilding CXX object CMakeFiles/my_intermediate_interfaces__rosidl_typesupport_c.dir/rosidl_typesupport_c/my_intermediate_interfaces/msg/agent_path_request__type_support.cpp.o[0m
[3.702s] [ 35%] [32mBuilding CXX object CMakeFiles/my_intermediate_interfaces__rosidl_typesupport_cpp.dir/rosidl_typesupport_cpp/my_intermediate_interfaces/msg/agent_path__type_support.cpp.o[0m
[3.712s] [ 36%] [32mBuilding CXX object CMakeFiles/my_intermediate_interfaces__rosidl_typesupport_c.dir/rosidl_typesupport_c/my_intermediate_interfaces/msg/agent_path__type_support.cpp.o[0m
[3.769s] [35m[1mConsolidate compiler generated dependencies of target my_intermediate_interfaces__rosidl_typesupport_introspection_c[0m
[3.839s] [ 37%] [32mBuilding C object CMakeFiles/my_intermediate_interfaces__rosidl_typesupport_introspection_c.dir/rosidl_typesupport_introspection_c/my_intermediate_interfaces/srv/detail/start_goal_pose_stamped__type_support.c.o[0m
[3.849s] [ 39%] [32mBuilding CXX object CMakeFiles/my_intermediate_interfaces__rosidl_typesupport_c.dir/rosidl_typesupport_c/my_intermediate_interfaces/msg/vertex_constraint__type_support.cpp.o[0m
[3.924s] [ 40%] [32mBuilding C object CMakeFiles/my_intermediate_interfaces__rosidl_typesupport_introspection_c.dir/rosidl_typesupport_introspection_c/my_intermediate_interfaces/srv/detail/start_goal_positions__type_support.c.o[0m
[3.968s] [ 41%] [32mBuilding CXX object CMakeFiles/my_intermediate_interfaces__rosidl_typesupport_c.dir/rosidl_typesupport_c/my_intermediate_interfaces/msg/edge_constraint__type_support.cpp.o[0m
[3.982s] [ 43%] [32mBuilding C object CMakeFiles/my_intermediate_interfaces__rosidl_typesupport_introspection_c.dir/rosidl_typesupport_introspection_c/my_intermediate_interfaces/srv/detail/computed_plans__type_support.c.o[0m
[3.998s] [35m[1mConsolidate compiler generated dependencies of target my_intermediate_interfaces__rosidl_typesupport_fastrtps_c[0m
[4.025s] [ 44%] [32mBuilding CXX object CMakeFiles/my_intermediate_interfaces__rosidl_typesupport_fastrtps_c.dir/rosidl_typesupport_fastrtps_c/my_intermediate_interfaces/srv/detail/start_goal_pose_stamped__type_support_c.cpp.o[0m
[4.045s] [ 45%] [32mBuilding C object CMakeFiles/my_intermediate_interfaces__rosidl_typesupport_introspection_c.dir/rosidl_typesupport_introspection_c/my_intermediate_interfaces/msg/detail/agent_path_request__type_support.c.o[0m
[4.072s] [ 46%] [32m[1mLinking CXX shared library libmy_intermediate_interfaces__rosidl_typesupport_c.so[0m
[4.087s] [ 48%] [32mBuilding CXX object CMakeFiles/my_intermediate_interfaces__rosidl_typesupport_fastrtps_c.dir/rosidl_typesupport_fastrtps_c/my_intermediate_interfaces/srv/detail/start_goal_positions__type_support_c.cpp.o[0m
[4.141s] [ 49%] [32mBuilding C object CMakeFiles/my_intermediate_interfaces__rosidl_typesupport_introspection_c.dir/rosidl_typesupport_introspection_c/my_intermediate_interfaces/msg/detail/agent_path__type_support.c.o[0m
[4.150s] [ 49%] Built target my_intermediate_interfaces__rosidl_typesupport_c
[4.162s] [ 50%] [32mBuilding CXX object CMakeFiles/my_intermediate_interfaces__rosidl_typesupport_cpp.dir/rosidl_typesupport_cpp/my_intermediate_interfaces/msg/edge_constraint__type_support.cpp.o[0m
[4.172s] [ 51%] [32mBuilding CXX object CMakeFiles/my_intermediate_interfaces__rosidl_typesupport_cpp.dir/rosidl_typesupport_cpp/my_intermediate_interfaces/msg/vertex_constraint__type_support.cpp.o[0m
[4.239s] [ 53%] [32mBuilding C object CMakeFiles/my_intermediate_interfaces__rosidl_typesupport_introspection_c.dir/rosidl_typesupport_introspection_c/my_intermediate_interfaces/msg/detail/vertex_constraint__type_support.c.o[0m
[4.406s] [ 54%] [32mBuilding C object CMakeFiles/my_intermediate_interfaces__rosidl_typesupport_introspection_c.dir/rosidl_typesupport_introspection_c/my_intermediate_interfaces/msg/detail/edge_constraint__type_support.c.o[0m
[4.441s] [ 55%] [32mBuilding CXX object CMakeFiles/my_intermediate_interfaces__rosidl_typesupport_introspection_cpp.dir/rosidl_typesupport_introspection_cpp/my_intermediate_interfaces/srv/detail/start_goal_positions__type_support.cpp.o[0m
[4.459s] [ 56%] [32mBuilding CXX object CMakeFiles/my_intermediate_interfaces__rosidl_typesupport_fastrtps_cpp.dir/rosidl_typesupport_fastrtps_cpp/my_intermediate_interfaces/srv/detail/dds_fastrtps/computed_plans__type_support.cpp.o[0m
[4.531s] [ 58%] [32mBuilding CXX object CMakeFiles/my_intermediate_interfaces__rosidl_typesupport_fastrtps_cpp.dir/rosidl_typesupport_fastrtps_cpp/my_intermediate_interfaces/msg/detail/dds_fastrtps/agent_path_request__type_support.cpp.o[0m
[4.559s] [ 59%] [32m[1mLinking C shared library libmy_intermediate_interfaces__rosidl_typesupport_introspection_c.so[0m
[4.560s] [ 60%] [32mBuilding CXX object CMakeFiles/my_intermediate_interfaces__rosidl_typesupport_introspection_cpp.dir/rosidl_typesupport_introspection_cpp/my_intermediate_interfaces/srv/detail/computed_plans__type_support.cpp.o[0m
[4.617s] [ 62%] [32m[1mLinking CXX shared library libmy_intermediate_interfaces__rosidl_typesupport_cpp.so[0m
[4.652s] [ 63%] [32mBuilding CXX object CMakeFiles/my_intermediate_interfaces__rosidl_typesupport_introspection_cpp.dir/rosidl_typesupport_introspection_cpp/my_intermediate_interfaces/msg/detail/agent_path_request__type_support.cpp.o[0m
[4.656s] [ 63%] Built target my_intermediate_interfaces__rosidl_typesupport_introspection_c
[4.695s] [ 64%] [32mBuilding CXX object CMakeFiles/my_intermediate_interfaces__rosidl_typesupport_introspection_cpp.dir/rosidl_typesupport_introspection_cpp/my_intermediate_interfaces/msg/detail/agent_path__type_support.cpp.o[0m
[4.702s] [ 65%] [32mBuilding CXX object CMakeFiles/my_intermediate_interfaces__rosidl_typesupport_fastrtps_c.dir/rosidl_typesupport_fastrtps_c/my_intermediate_interfaces/srv/detail/computed_plans__type_support_c.cpp.o[0m
[4.733s] [ 65%] Built target my_intermediate_interfaces__rosidl_typesupport_cpp
[4.776s] [ 67%] [32mBuilding CXX object CMakeFiles/my_intermediate_interfaces__rosidl_typesupport_fastrtps_c.dir/rosidl_typesupport_fastrtps_c/my_intermediate_interfaces/msg/detail/agent_path_request__type_support_c.cpp.o[0m
[5.120s] [ 68%] [32mBuilding CXX object CMakeFiles/my_intermediate_interfaces__rosidl_typesupport_introspection_cpp.dir/rosidl_typesupport_introspection_cpp/my_intermediate_interfaces/msg/detail/vertex_constraint__type_support.cpp.o[0m
[5.204s] [ 69%] [32mBuilding CXX object CMakeFiles/my_intermediate_interfaces__rosidl_typesupport_fastrtps_cpp.dir/rosidl_typesupport_fastrtps_cpp/my_intermediate_interfaces/msg/detail/dds_fastrtps/agent_path__type_support.cpp.o[0m
[5.241s] [ 70%] [32mBuilding CXX object CMakeFiles/my_intermediate_interfaces__rosidl_typesupport_fastrtps_cpp.dir/rosidl_typesupport_fastrtps_cpp/my_intermediate_interfaces/msg/detail/dds_fastrtps/vertex_constraint__type_support.cpp.o[0m
[5.312s] [ 72%] [32mBuilding CXX object CMakeFiles/my_intermediate_interfaces__rosidl_typesupport_introspection_cpp.dir/rosidl_typesupport_introspection_cpp/my_intermediate_interfaces/msg/detail/edge_constraint__type_support.cpp.o[0m
[5.316s] [ 73%] [32mBuilding CXX object CMakeFiles/my_intermediate_interfaces__rosidl_typesupport_fastrtps_c.dir/rosidl_typesupport_fastrtps_c/my_intermediate_interfaces/msg/detail/agent_path__type_support_c.cpp.o[0m
[5.347s] [ 74%] [32mBuilding CXX object CMakeFiles/my_intermediate_interfaces__rosidl_typesupport_fastrtps_c.dir/rosidl_typesupport_fastrtps_c/my_intermediate_interfaces/msg/detail/vertex_constraint__type_support_c.cpp.o[0m
[5.417s] [ 75%] [32mBuilding CXX object CMakeFiles/my_intermediate_interfaces__rosidl_typesupport_fastrtps_c.dir/rosidl_typesupport_fastrtps_c/my_intermediate_interfaces/msg/detail/edge_constraint__type_support_c.cpp.o[0m
[5.496s] [ 77%] [32mBuilding CXX object CMakeFiles/my_intermediate_interfaces__rosidl_typesupport_fastrtps_cpp.dir/rosidl_typesupport_fastrtps_cpp/my_intermediate_interfaces/msg/detail/dds_fastrtps/edge_constraint__type_support.cpp.o[0m
[5.914s] [ 78%] [32m[1mLinking CXX shared library libmy_intermediate_interfaces__rosidl_typesupport_introspection_cpp.so[0m
[5.962s] [ 79%] [32m[1mLinking CXX shared library libmy_intermediate_interfaces__rosidl_typesupport_fastrtps_c.so[0m
[6.007s] [ 81%] [32m[1mLinking CXX shared library libmy_intermediate_interfaces__rosidl_typesupport_fastrtps_cpp.so[0m
[6.014s] [ 81%] Built target my_intermediate_interfaces__rosidl_typesupport_introspection_cpp
[6.045s] [ 81%] Built target my_intermediate_interfaces__rosidl_typesupport_fastrtps_c
[6.089s] [ 81%] Built target my_intermediate_interfaces__rosidl_typesupport_fastrtps_cpp
[6.107s] [ 81%] Built target my_intermediate_interfaces
[6.125s] [ 82%] [34m[1mGenerating Python code for ROS interfaces[0m
[6.901s] [ 82%] Built target my_intermediate_interfaces__py
[6.911s] [35m[1mConsolidate compiler generated dependencies of target my_intermediate_interfaces__rosidl_generator_py[0m
[6.933s] [ 84%] [32mBuilding C object CMakeFiles/my_intermediate_interfaces__rosidl_generator_py.dir/rosidl_generator_py/my_intermediate_interfaces/srv/_start_goal_positions_s.c.o[0m
[6.934s] [ 87%] [32mBuilding C object CMakeFiles/my_intermediate_interfaces__rosidl_generator_py.dir/rosidl_generator_py/my_intermediate_interfaces/msg/_agent_path_s.c.o[0m
[6.934s] [ 87%] [32mBuilding C object CMakeFiles/my_intermediate_interfaces__rosidl_generator_py.dir/rosidl_generator_py/my_intermediate_interfaces/msg/_agent_path_request_s.c.o[0m
[6.934s] [ 88%] [32mBuilding C object CMakeFiles/my_intermediate_interfaces__rosidl_generator_py.dir/rosidl_generator_py/my_intermediate_interfaces/srv/_computed_plans_s.c.o[0m
[6.934s] [ 89%] [32mBuilding C object CMakeFiles/my_intermediate_interfaces__rosidl_generator_py.dir/rosidl_generator_py/my_intermediate_interfaces/msg/_vertex_constraint_s.c.o[0m
[6.934s] [ 89%] [32mBuilding C object CMakeFiles/my_intermediate_interfaces__rosidl_generator_py.dir/rosidl_generator_py/my_intermediate_interfaces/srv/_start_goal_pose_stamped_s.c.o[0m
[6.935s] [ 91%] [32mBuilding C object CMakeFiles/my_intermediate_interfaces__rosidl_generator_py.dir/rosidl_generator_py/my_intermediate_interfaces/msg/_edge_constraint_s.c.o[0m
[7.104s] [ 92%] [32m[1mLinking C shared library rosidl_generator_py/my_intermediate_interfaces/libmy_intermediate_interfaces__rosidl_generator_py.so[0m
[7.139s] [ 92%] Built target my_intermediate_interfaces__rosidl_generator_py
[7.148s] [35m[1mConsolidate compiler generated dependencies of target my_intermediate_interfaces__rosidl_typesupport_c__pyext[0m
[7.148s] [35m[1mConsolidate compiler generated dependencies of target my_intermediate_interfaces__rosidl_typesupport_fastrtps_c__pyext[0m
[7.148s] [35m[1mConsolidate compiler generated dependencies of target my_intermediate_interfaces__rosidl_typesupport_introspection_c__pyext[0m
[7.160s] [ 93%] [32mBuilding C object CMakeFiles/my_intermediate_interfaces__rosidl_typesupport_introspection_c__pyext.dir/rosidl_generator_py/my_intermediate_interfaces/_my_intermediate_interfaces_s.ep.rosidl_typesupport_introspection_c.c.o[0m
[7.160s] [ 94%] [32mBuilding C object CMakeFiles/my_intermediate_interfaces__rosidl_typesupport_c__pyext.dir/rosidl_generator_py/my_intermediate_interfaces/_my_intermediate_interfaces_s.ep.rosidl_typesupport_c.c.o[0m
[7.161s] [ 96%] [32mBuilding C object CMakeFiles/my_intermediate_interfaces__rosidl_typesupport_fastrtps_c__pyext.dir/rosidl_generator_py/my_intermediate_interfaces/_my_intermediate_interfaces_s.ep.rosidl_typesupport_fastrtps_c.c.o[0m
[7.257s] [ 97%] [32m[1mLinking C shared library rosidl_generator_py/my_intermediate_interfaces/my_intermediate_interfaces_s__rosidl_typesupport_c.cpython-310-x86_64-linux-gnu.so[0m
[7.292s] [ 97%] Built target my_intermediate_interfaces__rosidl_typesupport_c__pyext
[7.309s] [100%] [32m[1mLinking C shared library rosidl_generator_py/my_intermediate_interfaces/my_intermediate_interfaces_s__rosidl_typesupport_fastrtps_c.cpython-310-x86_64-linux-gnu.so[0m
[7.309s] [100%] [32m[1mLinking C shared library rosidl_generator_py/my_intermediate_interfaces/my_intermediate_interfaces_s__rosidl_typesupport_introspection_c.cpython-310-x86_64-linux-gnu.so[0m
[7.343s] [100%] Built target my_intermediate_interfaces__rosidl_typesupport_fastrtps_c__pyext
[7.343s] [100%] Built target my_intermediate_interfaces__rosidl_typesupport_introspection_c__pyext
[7.353s] Invoked command in '/home/andrea/tesi/ros2_mapf_cbs/project_1/build/my_intermediate_interfaces' returned '0': CMAKE_PREFIX_PATH=${CMAKE_PREFIX_PATH}:/home/andrea/tesi/ros2_mapf_cbs/project_1/install/my_package:/home/andrea/tesi/ros2_mapf_cbs/project_1/install/my_intermediate:/home/andrea/tesi/ros2_mapf_cbs/simple_example/install/my_py_pkg:/opt/ros/humble /usr/bin/cmake --build /home/andrea/tesi/ros2_mapf_cbs/project_1/build/my_intermediate_interfaces -- -j8 -l8
[7.487s] Invoking command in '/home/andrea/tesi/ros2_mapf_cbs/project_1/build/my_intermediate_interfaces': CMAKE_PREFIX_PATH=${CMAKE_PREFIX_PATH}:/home/andrea/tesi/ros2_mapf_cbs/project_1/install/my_package:/home/andrea/tesi/ros2_mapf_cbs/project_1/install/my_intermediate:/home/andrea/tesi/ros2_mapf_cbs/simple_example/install/my_py_pkg:/opt/ros/humble /usr/bin/cmake --install /home/andrea/tesi/ros2_mapf_cbs/project_1/build/my_intermediate_interfaces
[7.495s] -- Install configuration: ""
[7.495s] -- Execute custom install script
[7.495s] -- Up-to-date symlink: /home/andrea/tesi/ros2_mapf_cbs/project_1/install/my_intermediate_interfaces/share/ament_index/resource_index/rosidl_interfaces/my_intermediate_interfaces
[7.496s] -- Up-to-date symlink: /home/andrea/tesi/ros2_mapf_cbs/project_1/install/my_intermediate_interfaces/include/my_intermediate_interfaces/my_intermediate_interfaces/msg/agent_path.h
[7.496s] -- Up-to-date symlink: /home/andrea/tesi/ros2_mapf_cbs/project_1/install/my_intermediate_interfaces/include/my_intermediate_interfaces/my_intermediate_interfaces/msg/agent_path_request.h
[7.496s] -- Up-to-date symlink: /home/andrea/tesi/ros2_mapf_cbs/project_1/install/my_intermediate_interfaces/include/my_intermediate_interfaces/my_intermediate_interfaces/msg/detail/agent_path__functions.h
[7.496s] -- Up-to-date symlink: /home/andrea/tesi/ros2_mapf_cbs/project_1/install/my_intermediate_interfaces/include/my_intermediate_interfaces/my_intermediate_interfaces/msg/detail/agent_path__struct.h
[7.496s] -- Up-to-date symlink: /home/andrea/tesi/ros2_mapf_cbs/project_1/install/my_intermediate_interfaces/include/my_intermediate_interfaces/my_intermediate_interfaces/msg/detail/agent_path__type_support.h
[7.496s] -- Up-to-date symlink: /home/andrea/tesi/ros2_mapf_cbs/project_1/install/my_intermediate_interfaces/include/my_intermediate_interfaces/my_intermediate_interfaces/msg/detail/agent_path_request__functions.h
[7.496s] -- Up-to-date symlink: /home/andrea/tesi/ros2_mapf_cbs/project_1/install/my_intermediate_interfaces/include/my_intermediate_interfaces/my_intermediate_interfaces/msg/detail/agent_path_request__struct.h
[7.497s] -- Up-to-date symlink: /home/andrea/tesi/ros2_mapf_cbs/project_1/install/my_intermediate_interfaces/include/my_intermediate_interfaces/my_intermediate_interfaces/msg/detail/agent_path_request__type_support.h
[7.497s] -- Up-to-date symlink: /home/andrea/tesi/ros2_mapf_cbs/project_1/install/my_intermediate_interfaces/include/my_intermediate_interfaces/my_intermediate_interfaces/msg/detail/edge_constraint__functions.h
[7.497s] -- Up-to-date symlink: /home/andrea/tesi/ros2_mapf_cbs/project_1/install/my_intermediate_interfaces/include/my_intermediate_interfaces/my_intermediate_interfaces/msg/detail/edge_constraint__struct.h
[7.497s] -- Up-to-date symlink: /home/andrea/tesi/ros2_mapf_cbs/project_1/install/my_intermediate_interfaces/include/my_intermediate_interfaces/my_intermediate_interfaces/msg/detail/edge_constraint__type_support.h
[7.497s] -- Up-to-date symlink: /home/andrea/tesi/ros2_mapf_cbs/project_1/install/my_intermediate_interfaces/include/my_intermediate_interfaces/my_intermediate_interfaces/msg/detail/vertex_constraint__functions.h
[7.497s] -- Up-to-date symlink: /home/andrea/tesi/ros2_mapf_cbs/project_1/install/my_intermediate_interfaces/include/my_intermediate_interfaces/my_intermediate_interfaces/msg/detail/vertex_constraint__struct.h
[7.497s] -- Up-to-date symlink: /home/andrea/tesi/ros2_mapf_cbs/project_1/install/my_intermediate_interfaces/include/my_intermediate_interfaces/my_intermediate_interfaces/msg/detail/vertex_constraint__type_support.h
[7.497s] -- Up-to-date symlink: /home/andrea/tesi/ros2_mapf_cbs/project_1/install/my_intermediate_interfaces/include/my_intermediate_interfaces/my_intermediate_interfaces/msg/edge_constraint.h
[7.498s] -- Up-to-date symlink: /home/andrea/tesi/ros2_mapf_cbs/project_1/install/my_intermediate_interfaces/include/my_intermediate_interfaces/my_intermediate_interfaces/msg/rosidl_generator_c__visibility_control.h
[7.498s] -- Up-to-date symlink: /home/andrea/tesi/ros2_mapf_cbs/project_1/install/my_intermediate_interfaces/include/my_intermediate_interfaces/my_intermediate_interfaces/msg/vertex_constraint.h
[7.498s] -- Up-to-date symlink: /home/andrea/tesi/ros2_mapf_cbs/project_1/install/my_intermediate_interfaces/include/my_intermediate_interfaces/my_intermediate_interfaces/srv/computed_plans.h
[7.498s] -- Up-to-date symlink: /home/andrea/tesi/ros2_mapf_cbs/project_1/install/my_intermediate_interfaces/include/my_intermediate_interfaces/my_intermediate_interfaces/srv/detail/computed_plans__functions.h
[7.498s] -- Up-to-date symlink: /home/andrea/tesi/ros2_mapf_cbs/project_1/install/my_intermediate_interfaces/include/my_intermediate_interfaces/my_intermediate_interfaces/srv/detail/computed_plans__struct.h
[7.498s] -- Up-to-date symlink: /home/andrea/tesi/ros2_mapf_cbs/project_1/install/my_intermediate_interfaces/include/my_intermediate_interfaces/my_intermediate_interfaces/srv/detail/computed_plans__type_support.h
[7.498s] -- Up-to-date symlink: /home/andrea/tesi/ros2_mapf_cbs/project_1/install/my_intermediate_interfaces/include/my_intermediate_interfaces/my_intermediate_interfaces/srv/detail/start_goal_pose_stamped__functions.h
[7.498s] -- Up-to-date symlink: /home/andrea/tesi/ros2_mapf_cbs/project_1/install/my_intermediate_interfaces/include/my_intermediate_interfaces/my_intermediate_interfaces/srv/detail/start_goal_pose_stamped__struct.h
[7.498s] -- Up-to-date symlink: /home/andrea/tesi/ros2_mapf_cbs/project_1/install/my_intermediate_interfaces/include/my_intermediate_interfaces/my_intermediate_interfaces/srv/detail/start_goal_pose_stamped__type_support.h
[7.499s] -- Up-to-date symlink: /home/andrea/tesi/ros2_mapf_cbs/project_1/install/my_intermediate_interfaces/include/my_intermediate_interfaces/my_intermediate_interfaces/srv/detail/start_goal_positions__functions.h
[7.499s] -- Up-to-date symlink: /home/andrea/tesi/ros2_mapf_cbs/project_1/install/my_intermediate_interfaces/include/my_intermediate_interfaces/my_intermediate_interfaces/srv/detail/start_goal_positions__struct.h
[7.499s] -- Up-to-date symlink: /home/andrea/tesi/ros2_mapf_cbs/project_1/install/my_intermediate_interfaces/include/my_intermediate_interfaces/my_intermediate_interfaces/srv/detail/start_goal_positions__type_support.h
[7.499s] -- Up-to-date symlink: /home/andrea/tesi/ros2_mapf_cbs/project_1/install/my_intermediate_interfaces/include/my_intermediate_interfaces/my_intermediate_interfaces/srv/start_goal_pose_stamped.h
[7.499s] -- Up-to-date symlink: /home/andrea/tesi/ros2_mapf_cbs/project_1/install/my_intermediate_interfaces/include/my_intermediate_interfaces/my_intermediate_interfaces/srv/start_goal_positions.h
[7.499s] -- Up-to-date symlink: /home/andrea/tesi/ros2_mapf_cbs/project_1/install/my_intermediate_interfaces/share/my_intermediate_interfaces/environment/library_path.sh
[7.499s] -- Up-to-date symlink: /home/andrea/tesi/ros2_mapf_cbs/project_1/install/my_intermediate_interfaces/share/my_intermediate_interfaces/environment/library_path.dsv
[7.500s] -- Up-to-date symlink: /home/andrea/tesi/ros2_mapf_cbs/project_1/install/my_intermediate_interfaces/include/my_intermediate_interfaces/my_intermediate_interfaces/msg/detail/agent_path__rosidl_typesupport_fastrtps_c.h
[7.500s] -- Up-to-date symlink: /home/andrea/tesi/ros2_mapf_cbs/project_1/install/my_intermediate_interfaces/include/my_intermediate_interfaces/my_intermediate_interfaces/msg/detail/agent_path_request__rosidl_typesupport_fastrtps_c.h
[7.500s] -- Up-to-date symlink: /home/andrea/tesi/ros2_mapf_cbs/project_1/install/my_intermediate_interfaces/include/my_intermediate_interfaces/my_intermediate_interfaces/msg/detail/edge_constraint__rosidl_typesupport_fastrtps_c.h
[7.500s] -- Up-to-date symlink: /home/andrea/tesi/ros2_mapf_cbs/project_1/install/my_intermediate_interfaces/include/my_intermediate_interfaces/my_intermediate_interfaces/msg/detail/vertex_constraint__rosidl_typesupport_fastrtps_c.h
[7.500s] -- Up-to-date symlink: /home/andrea/tesi/ros2_mapf_cbs/project_1/install/my_intermediate_interfaces/include/my_intermediate_interfaces/my_intermediate_interfaces/msg/rosidl_typesupport_fastrtps_c__visibility_control.h
[7.500s] -- Up-to-date symlink: /home/andrea/tesi/ros2_mapf_cbs/project_1/install/my_intermediate_interfaces/include/my_intermediate_interfaces/my_intermediate_interfaces/srv/detail/computed_plans__rosidl_typesupport_fastrtps_c.h
[7.500s] -- Up-to-date symlink: /home/andrea/tesi/ros2_mapf_cbs/project_1/install/my_intermediate_interfaces/include/my_intermediate_interfaces/my_intermediate_interfaces/srv/detail/start_goal_pose_stamped__rosidl_typesupport_fastrtps_c.h
[7.500s] -- Up-to-date symlink: /home/andrea/tesi/ros2_mapf_cbs/project_1/install/my_intermediate_interfaces/include/my_intermediate_interfaces/my_intermediate_interfaces/srv/detail/start_goal_positions__rosidl_typesupport_fastrtps_c.h
[7.501s] -- Up-to-date symlink: /home/andrea/tesi/ros2_mapf_cbs/project_1/install/my_intermediate_interfaces/include/my_intermediate_interfaces/my_intermediate_interfaces/msg/agent_path.hpp
[7.501s] -- Up-to-date symlink: /home/andrea/tesi/ros2_mapf_cbs/project_1/install/my_intermediate_interfaces/include/my_intermediate_interfaces/my_intermediate_interfaces/msg/agent_path_request.hpp
[7.501s] -- Up-to-date symlink: /home/andrea/tesi/ros2_mapf_cbs/project_1/install/my_intermediate_interfaces/include/my_intermediate_interfaces/my_intermediate_interfaces/msg/detail/agent_path__builder.hpp
[7.501s] -- Up-to-date symlink: /home/andrea/tesi/ros2_mapf_cbs/project_1/install/my_intermediate_interfaces/include/my_intermediate_interfaces/my_intermediate_interfaces/msg/detail/agent_path__struct.hpp
[7.501s] -- Up-to-date symlink: /home/andrea/tesi/ros2_mapf_cbs/project_1/install/my_intermediate_interfaces/include/my_intermediate_interfaces/my_intermediate_interfaces/msg/detail/agent_path__traits.hpp
[7.501s] -- Up-to-date symlink: /home/andrea/tesi/ros2_mapf_cbs/project_1/install/my_intermediate_interfaces/include/my_intermediate_interfaces/my_intermediate_interfaces/msg/detail/agent_path_request__builder.hpp
[7.502s] -- Up-to-date symlink: /home/andrea/tesi/ros2_mapf_cbs/project_1/install/my_intermediate_interfaces/include/my_intermediate_interfaces/my_intermediate_interfaces/msg/detail/agent_path_request__struct.hpp
[7.502s] -- Up-to-date symlink: /home/andrea/tesi/ros2_mapf_cbs/project_1/install/my_intermediate_interfaces/include/my_intermediate_interfaces/my_intermediate_interfaces/msg/detail/agent_path_request__traits.hpp
[7.502s] -- Up-to-date symlink: /home/andrea/tesi/ros2_mapf_cbs/project_1/install/my_intermediate_interfaces/include/my_intermediate_interfaces/my_intermediate_interfaces/msg/detail/edge_constraint__builder.hpp
[7.502s] -- Up-to-date symlink: /home/andrea/tesi/ros2_mapf_cbs/project_1/install/my_intermediate_interfaces/include/my_intermediate_interfaces/my_intermediate_interfaces/msg/detail/edge_constraint__struct.hpp
[7.502s] -- Up-to-date symlink: /home/andrea/tesi/ros2_mapf_cbs/project_1/install/my_intermediate_interfaces/include/my_intermediate_interfaces/my_intermediate_interfaces/msg/detail/edge_constraint__traits.hpp
[7.502s] -- Up-to-date symlink: /home/andrea/tesi/ros2_mapf_cbs/project_1/install/my_intermediate_interfaces/include/my_intermediate_interfaces/my_intermediate_interfaces/msg/detail/vertex_constraint__builder.hpp
[7.503s] -- Up-to-date symlink: /home/andrea/tesi/ros2_mapf_cbs/project_1/install/my_intermediate_interfaces/include/my_intermediate_interfaces/my_intermediate_interfaces/msg/detail/vertex_constraint__struct.hpp
[7.503s] -- Up-to-date symlink: /home/andrea/tesi/ros2_mapf_cbs/project_1/install/my_intermediate_interfaces/include/my_intermediate_interfaces/my_intermediate_interfaces/msg/detail/vertex_constraint__traits.hpp
[7.503s] -- Up-to-date symlink: /home/andrea/tesi/ros2_mapf_cbs/project_1/install/my_intermediate_interfaces/include/my_intermediate_interfaces/my_intermediate_interfaces/msg/edge_constraint.hpp
[7.503s] -- Up-to-date symlink: /home/andrea/tesi/ros2_mapf_cbs/project_1/install/my_intermediate_interfaces/include/my_intermediate_interfaces/my_intermediate_interfaces/msg/vertex_constraint.hpp
[7.503s] -- Up-to-date symlink: /home/andrea/tesi/ros2_mapf_cbs/project_1/install/my_intermediate_interfaces/include/my_intermediate_interfaces/my_intermediate_interfaces/srv/computed_plans.hpp
[7.503s] -- Up-to-date symlink: /home/andrea/tesi/ros2_mapf_cbs/project_1/install/my_intermediate_interfaces/include/my_intermediate_interfaces/my_intermediate_interfaces/srv/detail/computed_plans__builder.hpp
[7.503s] -- Up-to-date symlink: /home/andrea/tesi/ros2_mapf_cbs/project_1/install/my_intermediate_interfaces/include/my_intermediate_interfaces/my_intermediate_interfaces/srv/detail/computed_plans__struct.hpp
[7.503s] -- Up-to-date symlink: /home/andrea/tesi/ros2_mapf_cbs/project_1/install/my_intermediate_interfaces/include/my_intermediate_interfaces/my_intermediate_interfaces/srv/detail/computed_plans__traits.hpp
[7.503s] -- Up-to-date symlink: /home/andrea/tesi/ros2_mapf_cbs/project_1/install/my_intermediate_interfaces/include/my_intermediate_interfaces/my_intermediate_interfaces/srv/detail/start_goal_pose_stamped__builder.hpp
[7.504s] -- Up-to-date symlink: /home/andrea/tesi/ros2_mapf_cbs/project_1/install/my_intermediate_interfaces/include/my_intermediate_interfaces/my_intermediate_interfaces/srv/detail/start_goal_pose_stamped__struct.hpp
[7.504s] -- Up-to-date symlink: /home/andrea/tesi/ros2_mapf_cbs/project_1/install/my_intermediate_interfaces/include/my_intermediate_interfaces/my_intermediate_interfaces/srv/detail/start_goal_pose_stamped__traits.hpp
[7.504s] -- Up-to-date symlink: /home/andrea/tesi/ros2_mapf_cbs/project_1/install/my_intermediate_interfaces/include/my_intermediate_interfaces/my_intermediate_interfaces/srv/detail/start_goal_positions__builder.hpp
[7.504s] -- Up-to-date symlink: /home/andrea/tesi/ros2_mapf_cbs/project_1/install/my_intermediate_interfaces/include/my_intermediate_interfaces/my_intermediate_interfaces/srv/detail/start_goal_positions__struct.hpp
[7.504s] -- Up-to-date symlink: /home/andrea/tesi/ros2_mapf_cbs/project_1/install/my_intermediate_interfaces/include/my_intermediate_interfaces/my_intermediate_interfaces/srv/detail/start_goal_positions__traits.hpp
[7.504s] -- Up-to-date symlink: /home/andrea/tesi/ros2_mapf_cbs/project_1/install/my_intermediate_interfaces/include/my_intermediate_interfaces/my_intermediate_interfaces/srv/start_goal_pose_stamped.hpp
[7.504s] -- Up-to-date symlink: /home/andrea/tesi/ros2_mapf_cbs/project_1/install/my_intermediate_interfaces/include/my_intermediate_interfaces/my_intermediate_interfaces/srv/start_goal_positions.hpp
[7.505s] -- Up-to-date symlink: /home/andrea/tesi/ros2_mapf_cbs/project_1/install/my_intermediate_interfaces/include/my_intermediate_interfaces/my_intermediate_interfaces/msg/detail/agent_path__rosidl_typesupport_fastrtps_cpp.hpp
[7.505s] -- Up-to-date symlink: /home/andrea/tesi/ros2_mapf_cbs/project_1/install/my_intermediate_interfaces/include/my_intermediate_interfaces/my_intermediate_interfaces/msg/detail/agent_path_request__rosidl_typesupport_fastrtps_cpp.hpp
[7.505s] -- Up-to-date symlink: /home/andrea/tesi/ros2_mapf_cbs/project_1/install/my_intermediate_interfaces/include/my_intermediate_interfaces/my_intermediate_interfaces/msg/detail/edge_constraint__rosidl_typesupport_fastrtps_cpp.hpp
[7.505s] -- Up-to-date symlink: /home/andrea/tesi/ros2_mapf_cbs/project_1/install/my_intermediate_interfaces/include/my_intermediate_interfaces/my_intermediate_interfaces/msg/detail/vertex_constraint__rosidl_typesupport_fastrtps_cpp.hpp
[7.505s] -- Up-to-date symlink: /home/andrea/tesi/ros2_mapf_cbs/project_1/install/my_intermediate_interfaces/include/my_intermediate_interfaces/my_intermediate_interfaces/msg/rosidl_typesupport_fastrtps_cpp__visibility_control.h
[7.505s] -- Up-to-date symlink: /home/andrea/tesi/ros2_mapf_cbs/project_1/install/my_intermediate_interfaces/include/my_intermediate_interfaces/my_intermediate_interfaces/srv/detail/computed_plans__rosidl_typesupport_fastrtps_cpp.hpp
[7.505s] -- Up-to-date symlink: /home/andrea/tesi/ros2_mapf_cbs/project_1/install/my_intermediate_interfaces/include/my_intermediate_interfaces/my_intermediate_interfaces/srv/detail/start_goal_pose_stamped__rosidl_typesupport_fastrtps_cpp.hpp
[7.506s] -- Up-to-date symlink: /home/andrea/tesi/ros2_mapf_cbs/project_1/install/my_intermediate_interfaces/include/my_intermediate_interfaces/my_intermediate_interfaces/srv/detail/start_goal_positions__rosidl_typesupport_fastrtps_cpp.hpp
[7.506s] -- Up-to-date symlink: /home/andrea/tesi/ros2_mapf_cbs/project_1/install/my_intermediate_interfaces/include/my_intermediate_interfaces/my_intermediate_interfaces/msg/detail/agent_path__rosidl_typesupport_introspection_c.h
[7.506s] -- Up-to-date symlink: /home/andrea/tesi/ros2_mapf_cbs/project_1/install/my_intermediate_interfaces/include/my_intermediate_interfaces/my_intermediate_interfaces/msg/detail/agent_path_request__rosidl_typesupport_introspection_c.h
[7.506s] -- Up-to-date symlink: /home/andrea/tesi/ros2_mapf_cbs/project_1/install/my_intermediate_interfaces/include/my_intermediate_interfaces/my_intermediate_interfaces/msg/detail/edge_constraint__rosidl_typesupport_introspection_c.h
[7.506s] -- Up-to-date symlink: /home/andrea/tesi/ros2_mapf_cbs/project_1/install/my_intermediate_interfaces/include/my_intermediate_interfaces/my_intermediate_interfaces/msg/detail/vertex_constraint__rosidl_typesupport_introspection_c.h
[7.506s] -- Up-to-date symlink: /home/andrea/tesi/ros2_mapf_cbs/project_1/install/my_intermediate_interfaces/include/my_intermediate_interfaces/my_intermediate_interfaces/msg/rosidl_typesupport_introspection_c__visibility_control.h
[7.506s] -- Up-to-date symlink: /home/andrea/tesi/ros2_mapf_cbs/project_1/install/my_intermediate_interfaces/include/my_intermediate_interfaces/my_intermediate_interfaces/srv/detail/computed_plans__rosidl_typesupport_introspection_c.h
[7.507s] -- Up-to-date symlink: /home/andrea/tesi/ros2_mapf_cbs/project_1/install/my_intermediate_interfaces/include/my_intermediate_interfaces/my_intermediate_interfaces/srv/detail/start_goal_pose_stamped__rosidl_typesupport_introspection_c.h
[7.507s] -- Up-to-date symlink: /home/andrea/tesi/ros2_mapf_cbs/project_1/install/my_intermediate_interfaces/include/my_intermediate_interfaces/my_intermediate_interfaces/srv/detail/start_goal_positions__rosidl_typesupport_introspection_c.h
[7.507s] -- Up-to-date symlink: /home/andrea/tesi/ros2_mapf_cbs/project_1/install/my_intermediate_interfaces/include/my_intermediate_interfaces/my_intermediate_interfaces/msg/detail/agent_path__rosidl_typesupport_introspection_cpp.hpp
[7.507s] -- Up-to-date symlink: /home/andrea/tesi/ros2_mapf_cbs/project_1/install/my_intermediate_interfaces/include/my_intermediate_interfaces/my_intermediate_interfaces/msg/detail/agent_path_request__rosidl_typesupport_introspection_cpp.hpp
[7.507s] -- Up-to-date symlink: /home/andrea/tesi/ros2_mapf_cbs/project_1/install/my_intermediate_interfaces/include/my_intermediate_interfaces/my_intermediate_interfaces/msg/detail/edge_constraint__rosidl_typesupport_introspection_cpp.hpp
[7.507s] -- Up-to-date symlink: /home/andrea/tesi/ros2_mapf_cbs/project_1/install/my_intermediate_interfaces/include/my_intermediate_interfaces/my_intermediate_interfaces/msg/detail/vertex_constraint__rosidl_typesupport_introspection_cpp.hpp
[7.507s] -- Up-to-date symlink: /home/andrea/tesi/ros2_mapf_cbs/project_1/install/my_intermediate_interfaces/include/my_intermediate_interfaces/my_intermediate_interfaces/srv/detail/computed_plans__rosidl_typesupport_introspection_cpp.hpp
[7.508s] -- Up-to-date symlink: /home/andrea/tesi/ros2_mapf_cbs/project_1/install/my_intermediate_interfaces/include/my_intermediate_interfaces/my_intermediate_interfaces/srv/detail/start_goal_pose_stamped__rosidl_typesupport_introspection_cpp.hpp
[7.508s] -- Up-to-date symlink: /home/andrea/tesi/ros2_mapf_cbs/project_1/install/my_intermediate_interfaces/include/my_intermediate_interfaces/my_intermediate_interfaces/srv/detail/start_goal_positions__rosidl_typesupport_introspection_cpp.hpp
[7.508s] -- Up-to-date symlink: /home/andrea/tesi/ros2_mapf_cbs/project_1/install/my_intermediate_interfaces/share/my_intermediate_interfaces/environment/pythonpath.sh
[7.508s] -- Up-to-date symlink: /home/andrea/tesi/ros2_mapf_cbs/project_1/install/my_intermediate_interfaces/share/my_intermediate_interfaces/environment/pythonpath.dsv
[7.508s] -- Up-to-date symlink: /home/andrea/tesi/ros2_mapf_cbs/project_1/install/my_intermediate_interfaces/local/lib/python3.10/dist-packages/my_intermediate_interfaces-0.0.0-py3.10.egg-info/PKG-INFO
[7.508s] -- Up-to-date symlink: /home/andrea/tesi/ros2_mapf_cbs/project_1/install/my_intermediate_interfaces/local/lib/python3.10/dist-packages/my_intermediate_interfaces-0.0.0-py3.10.egg-info/SOURCES.txt
[7.508s] -- Up-to-date symlink: /home/andrea/tesi/ros2_mapf_cbs/project_1/install/my_intermediate_interfaces/local/lib/python3.10/dist-packages/my_intermediate_interfaces-0.0.0-py3.10.egg-info/dependency_links.txt
[7.509s] -- Up-to-date symlink: /home/andrea/tesi/ros2_mapf_cbs/project_1/install/my_intermediate_interfaces/local/lib/python3.10/dist-packages/my_intermediate_interfaces-0.0.0-py3.10.egg-info/top_level.txt
[7.509s] -- Up-to-date symlink: /home/andrea/tesi/ros2_mapf_cbs/project_1/install/my_intermediate_interfaces/local/lib/python3.10/dist-packages/my_intermediate_interfaces/__init__.py
[7.509s] -- Up-to-date symlink: /home/andrea/tesi/ros2_mapf_cbs/project_1/install/my_intermediate_interfaces/local/lib/python3.10/dist-packages/my_intermediate_interfaces/_my_intermediate_interfaces_s.ep.rosidl_typesupport_c.c
[7.509s] -- Up-to-date symlink: /home/andrea/tesi/ros2_mapf_cbs/project_1/install/my_intermediate_interfaces/local/lib/python3.10/dist-packages/my_intermediate_interfaces/_my_intermediate_interfaces_s.ep.rosidl_typesupport_fastrtps_c.c
[7.509s] -- Up-to-date symlink: /home/andrea/tesi/ros2_mapf_cbs/project_1/install/my_intermediate_interfaces/local/lib/python3.10/dist-packages/my_intermediate_interfaces/_my_intermediate_interfaces_s.ep.rosidl_typesupport_introspection_c.c
[7.509s] -- Up-to-date symlink: /home/andrea/tesi/ros2_mapf_cbs/project_1/install/my_intermediate_interfaces/local/lib/python3.10/dist-packages/my_intermediate_interfaces/libmy_intermediate_interfaces__rosidl_generator_py.so
[7.510s] -- Up-to-date symlink: /home/andrea/tesi/ros2_mapf_cbs/project_1/install/my_intermediate_interfaces/local/lib/python3.10/dist-packages/my_intermediate_interfaces/msg/__init__.py
[7.510s] -- Up-to-date symlink: /home/andrea/tesi/ros2_mapf_cbs/project_1/install/my_intermediate_interfaces/local/lib/python3.10/dist-packages/my_intermediate_interfaces/msg/_agent_path.py
[7.510s] -- Up-to-date symlink: /home/andrea/tesi/ros2_mapf_cbs/project_1/install/my_intermediate_interfaces/local/lib/python3.10/dist-packages/my_intermediate_interfaces/msg/_agent_path_request.py
[7.510s] -- Up-to-date symlink: /home/andrea/tesi/ros2_mapf_cbs/project_1/install/my_intermediate_interfaces/local/lib/python3.10/dist-packages/my_intermediate_interfaces/msg/_agent_path_request_s.c
[7.510s] -- Up-to-date symlink: /home/andrea/tesi/ros2_mapf_cbs/project_1/install/my_intermediate_interfaces/local/lib/python3.10/dist-packages/my_intermediate_interfaces/msg/_agent_path_s.c
[7.510s] -- Up-to-date symlink: /home/andrea/tesi/ros2_mapf_cbs/project_1/install/my_intermediate_interfaces/local/lib/python3.10/dist-packages/my_intermediate_interfaces/msg/_edge_constraint.py
[7.510s] -- Up-to-date symlink: /home/andrea/tesi/ros2_mapf_cbs/project_1/install/my_intermediate_interfaces/local/lib/python3.10/dist-packages/my_intermediate_interfaces/msg/_edge_constraint_s.c
[7.510s] -- Up-to-date symlink: /home/andrea/tesi/ros2_mapf_cbs/project_1/install/my_intermediate_interfaces/local/lib/python3.10/dist-packages/my_intermediate_interfaces/msg/_vertex_constraint.py
[7.510s] -- Up-to-date symlink: /home/andrea/tesi/ros2_mapf_cbs/project_1/install/my_intermediate_interfaces/local/lib/python3.10/dist-packages/my_intermediate_interfaces/msg/_vertex_constraint_s.c
[7.511s] -- Up-to-date symlink: /home/andrea/tesi/ros2_mapf_cbs/project_1/install/my_intermediate_interfaces/local/lib/python3.10/dist-packages/my_intermediate_interfaces/my_intermediate_interfaces_s__rosidl_typesupport_c.cpython-310-x86_64-linux-gnu.so
[7.511s] -- Up-to-date symlink: /home/andrea/tesi/ros2_mapf_cbs/project_1/install/my_intermediate_interfaces/local/lib/python3.10/dist-packages/my_intermediate_interfaces/my_intermediate_interfaces_s__rosidl_typesupport_fastrtps_c.cpython-310-x86_64-linux-gnu.so
[7.511s] -- Up-to-date symlink: /home/andrea/tesi/ros2_mapf_cbs/project_1/install/my_intermediate_interfaces/local/lib/python3.10/dist-packages/my_intermediate_interfaces/my_intermediate_interfaces_s__rosidl_typesupport_introspection_c.cpython-310-x86_64-linux-gnu.so
[7.511s] -- Up-to-date symlink: /home/andrea/tesi/ros2_mapf_cbs/project_1/install/my_intermediate_interfaces/local/lib/python3.10/dist-packages/my_intermediate_interfaces/srv/__init__.py
[7.511s] -- Up-to-date symlink: /home/andrea/tesi/ros2_mapf_cbs/project_1/install/my_intermediate_interfaces/local/lib/python3.10/dist-packages/my_intermediate_interfaces/srv/_computed_plans.py
[7.511s] -- Up-to-date symlink: /home/andrea/tesi/ros2_mapf_cbs/project_1/install/my_intermediate_interfaces/local/lib/python3.10/dist-packages/my_intermediate_interfaces/srv/_computed_plans_s.c
[7.511s] -- Up-to-date symlink: /home/andrea/tesi/ros2_mapf_cbs/project_1/install/my_intermediate_interfaces/local/lib/python3.10/dist-packages/my_intermediate_interfaces/srv/_start_goal_pose_stamped.py
[7.511s] -- Up-to-date symlink: /home/andrea/tesi/ros2_mapf_cbs/project_1/install/my_intermediate_interfaces/local/lib/python3.10/dist-packages/my_intermediate_interfaces/srv/_start_goal_pose_stamped_s.c
[7.511s] -- Up-to-date symlink: /home/andrea/tesi/ros2_mapf_cbs/project_1/install/my_intermediate_interfaces/local/lib/python3.10/dist-packages/my_intermediate_interfaces/srv/_start_goal_positions.py
[7.512s] -- Up-to-date symlink: /home/andrea/tesi/ros2_mapf_cbs/project_1/install/my_intermediate_interfaces/local/lib/python3.10/dist-packages/my_intermediate_interfaces/srv/_start_goal_positions_s.c
[7.512s] -- Up-to-date symlink: /home/andrea/tesi/ros2_mapf_cbs/project_1/install/my_intermediate_interfaces/local/lib/python3.10/dist-packages/my_intermediate_interfaces/my_intermediate_interfaces_s__rosidl_typesupport_fastrtps_c.cpython-310-x86_64-linux-gnu.so
[7.512s] -- Up-to-date symlink: /home/andrea/tesi/ros2_mapf_cbs/project_1/install/my_intermediate_interfaces/local/lib/python3.10/dist-packages/my_intermediate_interfaces/my_intermediate_interfaces_s__rosidl_typesupport_introspection_c.cpython-310-x86_64-linux-gnu.so
[7.512s] -- Up-to-date symlink: /home/andrea/tesi/ros2_mapf_cbs/project_1/install/my_intermediate_interfaces/local/lib/python3.10/dist-packages/my_intermediate_interfaces/my_intermediate_interfaces_s__rosidl_typesupport_c.cpython-310-x86_64-linux-gnu.so
[7.512s] -- Up-to-date symlink: /home/andrea/tesi/ros2_mapf_cbs/project_1/install/my_intermediate_interfaces/share/my_intermediate_interfaces/srv/StartGoalPoseStamped.idl
[7.513s] -- Up-to-date symlink: /home/andrea/tesi/ros2_mapf_cbs/project_1/install/my_intermediate_interfaces/share/my_intermediate_interfaces/srv/StartGoalPositions.idl
[7.513s] -- Up-to-date symlink: /home/andrea/tesi/ros2_mapf_cbs/project_1/install/my_intermediate_interfaces/share/my_intermediate_interfaces/srv/ComputedPlans.idl
[7.513s] -- Up-to-date symlink: /home/andrea/tesi/ros2_mapf_cbs/project_1/install/my_intermediate_interfaces/share/my_intermediate_interfaces/msg/AgentPathRequest.idl
[7.513s] -- Up-to-date symlink: /home/andrea/tesi/ros2_mapf_cbs/project_1/install/my_intermediate_interfaces/share/my_intermediate_interfaces/msg/AgentPath.idl
[7.513s] -- Up-to-date symlink: /home/andrea/tesi/ros2_mapf_cbs/project_1/install/my_intermediate_interfaces/share/my_intermediate_interfaces/msg/VertexConstraint.idl
[7.513s] -- Up-to-date symlink: /home/andrea/tesi/ros2_mapf_cbs/project_1/install/my_intermediate_interfaces/share/my_intermediate_interfaces/msg/EdgeConstraint.idl
[7.513s] -- Up-to-date symlink: /home/andrea/tesi/ros2_mapf_cbs/project_1/install/my_intermediate_interfaces/share/my_intermediate_interfaces/srv/StartGoalPoseStamped.srv
[7.514s] -- Up-to-date symlink: /home/andrea/tesi/ros2_mapf_cbs/project_1/install/my_intermediate_interfaces/share/my_intermediate_interfaces/srv/StartGoalPoseStamped_Request.msg
[7.514s] -- Up-to-date symlink: /home/andrea/tesi/ros2_mapf_cbs/project_1/install/my_intermediate_interfaces/share/my_intermediate_interfaces/srv/StartGoalPoseStamped_Response.msg
[7.514s] -- Up-to-date symlink: /home/andrea/tesi/ros2_mapf_cbs/project_1/install/my_intermediate_interfaces/share/my_intermediate_interfaces/srv/StartGoalPositions.srv
[7.514s] -- Up-to-date symlink: /home/andrea/tesi/ros2_mapf_cbs/project_1/install/my_intermediate_interfaces/share/my_intermediate_interfaces/srv/StartGoalPositions_Request.msg
[7.514s] -- Up-to-date symlink: /home/andrea/tesi/ros2_mapf_cbs/project_1/install/my_intermediate_interfaces/share/my_intermediate_interfaces/srv/StartGoalPositions_Response.msg
[7.515s] -- Up-to-date symlink: /home/andrea/tesi/ros2_mapf_cbs/project_1/install/my_intermediate_interfaces/share/my_intermediate_interfaces/srv/ComputedPlans.srv
[7.515s] -- Up-to-date symlink: /home/andrea/tesi/ros2_mapf_cbs/project_1/install/my_intermediate_interfaces/share/my_intermediate_interfaces/srv/ComputedPlans_Request.msg
[7.515s] -- Up-to-date symlink: /home/andrea/tesi/ros2_mapf_cbs/project_1/install/my_intermediate_interfaces/share/my_intermediate_interfaces/srv/ComputedPlans_Response.msg
[7.515s] -- Up-to-date symlink: /home/andrea/tesi/ros2_mapf_cbs/project_1/install/my_intermediate_interfaces/share/my_intermediate_interfaces/msg/AgentPathRequest.msg
[7.515s] -- Up-to-date symlink: /home/andrea/tesi/ros2_mapf_cbs/project_1/install/my_intermediate_interfaces/share/my_intermediate_interfaces/msg/AgentPath.msg
[7.515s] -- Up-to-date symlink: /home/andrea/tesi/ros2_mapf_cbs/project_1/install/my_intermediate_interfaces/share/my_intermediate_interfaces/msg/VertexConstraint.msg
[7.515s] -- Up-to-date symlink: /home/andrea/tesi/ros2_mapf_cbs/project_1/install/my_intermediate_interfaces/share/my_intermediate_interfaces/msg/EdgeConstraint.msg
[7.515s] -- Up-to-date symlink: /home/andrea/tesi/ros2_mapf_cbs/project_1/install/my_intermediate_interfaces/share/ament_index/resource_index/package_run_dependencies/my_intermediate_interfaces
[7.515s] -- Up-to-date symlink: /home/andrea/tesi/ros2_mapf_cbs/project_1/install/my_intermediate_interfaces/share/ament_index/resource_index/parent_prefix_path/my_intermediate_interfaces
[7.515s] -- Up-to-date symlink: /home/andrea/tesi/ros2_mapf_cbs/project_1/install/my_intermediate_interfaces/share/my_intermediate_interfaces/environment/ament_prefix_path.sh
[7.516s] -- Up-to-date symlink: /home/andrea/tesi/ros2_mapf_cbs/project_1/install/my_intermediate_interfaces/share/my_intermediate_interfaces/environment/ament_prefix_path.dsv
[7.516s] -- Up-to-date symlink: /home/andrea/tesi/ros2_mapf_cbs/project_1/install/my_intermediate_interfaces/share/my_intermediate_interfaces/environment/path.sh
[7.516s] -- Up-to-date symlink: /home/andrea/tesi/ros2_mapf_cbs/project_1/install/my_intermediate_interfaces/share/my_intermediate_interfaces/environment/path.dsv
[7.516s] -- Up-to-date symlink: /home/andrea/tesi/ros2_mapf_cbs/project_1/install/my_intermediate_interfaces/share/my_intermediate_interfaces/local_setup.bash
[7.516s] -- Up-to-date symlink: /home/andrea/tesi/ros2_mapf_cbs/project_1/install/my_intermediate_interfaces/share/my_intermediate_interfaces/local_setup.sh
[7.516s] -- Up-to-date symlink: /home/andrea/tesi/ros2_mapf_cbs/project_1/install/my_intermediate_interfaces/share/my_intermediate_interfaces/local_setup.zsh
[7.516s] -- Up-to-date symlink: /home/andrea/tesi/ros2_mapf_cbs/project_1/install/my_intermediate_interfaces/share/my_intermediate_interfaces/local_setup.dsv
[7.516s] -- Symlinking: /home/andrea/tesi/ros2_mapf_cbs/project_1/install/my_intermediate_interfaces/share/my_intermediate_interfaces/package.dsv
[7.524s] -- Up-to-date symlink: /home/andrea/tesi/ros2_mapf_cbs/project_1/install/my_intermediate_interfaces/share/ament_index/resource_index/packages/my_intermediate_interfaces
[7.524s] -- Up-to-date symlink: /home/andrea/tesi/ros2_mapf_cbs/project_1/install/my_intermediate_interfaces/share/my_intermediate_interfaces/cmake/rosidl_cmake-extras.cmake
[7.524s] -- Up-to-date symlink: /home/andrea/tesi/ros2_mapf_cbs/project_1/install/my_intermediate_interfaces/share/my_intermediate_interfaces/cmake/ament_cmake_export_dependencies-extras.cmake
[7.525s] -- Up-to-date symlink: /home/andrea/tesi/ros2_mapf_cbs/project_1/install/my_intermediate_interfaces/share/my_intermediate_interfaces/cmake/ament_cmake_export_include_directories-extras.cmake
[7.525s] -- Up-to-date symlink: /home/andrea/tesi/ros2_mapf_cbs/project_1/install/my_intermediate_interfaces/share/my_intermediate_interfaces/cmake/ament_cmake_export_libraries-extras.cmake
[7.525s] -- Up-to-date symlink: /home/andrea/tesi/ros2_mapf_cbs/project_1/install/my_intermediate_interfaces/share/my_intermediate_interfaces/cmake/ament_cmake_export_targets-extras.cmake
[7.525s] -- Up-to-date symlink: /home/andrea/tesi/ros2_mapf_cbs/project_1/install/my_intermediate_interfaces/share/my_intermediate_interfaces/cmake/rosidl_cmake_export_typesupport_targets-extras.cmake
[7.525s] -- Up-to-date symlink: /home/andrea/tesi/ros2_mapf_cbs/project_1/install/my_intermediate_interfaces/share/my_intermediate_interfaces/cmake/rosidl_cmake_export_typesupport_libraries-extras.cmake
[7.525s] -- Up-to-date symlink: /home/andrea/tesi/ros2_mapf_cbs/project_1/install/my_intermediate_interfaces/share/my_intermediate_interfaces/cmake/my_intermediate_interfacesConfig.cmake
[7.525s] -- Up-to-date symlink: /home/andrea/tesi/ros2_mapf_cbs/project_1/install/my_intermediate_interfaces/share/my_intermediate_interfaces/cmake/my_intermediate_interfacesConfig-version.cmake
[7.525s] -- Up-to-date symlink: /home/andrea/tesi/ros2_mapf_cbs/project_1/install/my_intermediate_interfaces/share/my_intermediate_interfaces/package.xml
[7.525s] -- Installing: /home/andrea/tesi/ros2_mapf_cbs/project_1/install/my_intermediate_interfaces/lib/libmy_intermediate_interfaces__rosidl_generator_c.so
[7.526s] -- Set runtime path of "/home/andrea/tesi/ros2_mapf_cbs/project_1/install/my_intermediate_interfaces/lib/libmy_intermediate_interfaces__rosidl_generator_c.so" to ""
[7.526s] -- Installing: /home/andrea/tesi/ros2_mapf_cbs/project_1/install/my_intermediate_interfaces/lib/libmy_intermediate_interfaces__rosidl_typesupport_fastrtps_c.so
[7.526s] -- Set runtime path of "/home/andrea/tesi/ros2_mapf_cbs/project_1/install/my_intermediate_interfaces/lib/libmy_intermediate_interfaces__rosidl_typesupport_fastrtps_c.so" to ""
[7.526s] -- Installing: /home/andrea/tesi/ros2_mapf_cbs/project_1/install/my_intermediate_interfaces/lib/libmy_intermediate_interfaces__rosidl_typesupport_fastrtps_cpp.so
[7.526s] -- Set runtime path of "/home/andrea/tesi/ros2_mapf_cbs/project_1/install/my_intermediate_interfaces/lib/libmy_intermediate_interfaces__rosidl_typesupport_fastrtps_cpp.so" to ""
[7.527s] -- Installing: /home/andrea/tesi/ros2_mapf_cbs/project_1/install/my_intermediate_interfaces/lib/libmy_intermediate_interfaces__rosidl_typesupport_introspection_c.so
[7.527s] -- Set runtime path of "/home/andrea/tesi/ros2_mapf_cbs/project_1/install/my_intermediate_interfaces/lib/libmy_intermediate_interfaces__rosidl_typesupport_introspection_c.so" to ""
[7.527s] -- Installing: /home/andrea/tesi/ros2_mapf_cbs/project_1/install/my_intermediate_interfaces/lib/libmy_intermediate_interfaces__rosidl_typesupport_c.so
[7.527s] -- Set runtime path of "/home/andrea/tesi/ros2_mapf_cbs/project_1/install/my_intermediate_interfaces/lib/libmy_intermediate_interfaces__rosidl_typesupport_c.so" to ""
[7.527s] -- Installing: /home/andrea/tesi/ros2_mapf_cbs/project_1/install/my_intermediate_interfaces/lib/libmy_intermediate_interfaces__rosidl_typesupport_introspection_cpp.so
[7.528s] -- Set runtime path of "/home/andrea/tesi/ros2_mapf_cbs/project_1/install/my_intermediate_interfaces/lib/libmy_intermediate_interfaces__rosidl_typesupport_introspection_cpp.so" to ""
[7.528s] -- Installing: /home/andrea/tesi/ros2_mapf_cbs/project_1/install/my_intermediate_interfaces/lib/libmy_intermediate_interfaces__rosidl_typesupport_cpp.so
[7.528s] -- Set runtime path of "/home/andrea/tesi/ros2_mapf_cbs/project_1/install/my_intermediate_interfaces/lib/libmy_intermediate_interfaces__rosidl_typesupport_cpp.so" to ""
[7.575s] Listing '/home/andrea/tesi/ros2_mapf_cbs/project_1/install/my_intermediate_interfaces/local/lib/python3.10/dist-packages/my_intermediate_interfaces'...
[7.575s] Compiling '/home/andrea/tesi/ros2_mapf_cbs/project_1/install/my_intermediate_interfaces/local/lib/python3.10/dist-packages/my_intermediate_interfaces/__init__.py'...
[7.575s] Listing '/home/andrea/tesi/ros2_mapf_cbs/project_1/install/my_intermediate_interfaces/local/lib/python3.10/dist-packages/my_intermediate_interfaces/msg'...
[7.575s] Compiling '/home/andrea/tesi/ros2_mapf_cbs/project_1/install/my_intermediate_interfaces/local/lib/python3.10/dist-packages/my_intermediate_interfaces/msg/__init__.py'...
[7.575s] Compiling '/home/andrea/tesi/ros2_mapf_cbs/project_1/install/my_intermediate_interfaces/local/lib/python3.10/dist-packages/my_intermediate_interfaces/msg/_agent_path.py'...
[7.576s] Compiling '/home/andrea/tesi/ros2_mapf_cbs/project_1/install/my_intermediate_interfaces/local/lib/python3.10/dist-packages/my_intermediate_interfaces/msg/_agent_path_request.py'...
[7.576s] Compiling '/home/andrea/tesi/ros2_mapf_cbs/project_1/install/my_intermediate_interfaces/local/lib/python3.10/dist-packages/my_intermediate_interfaces/msg/_edge_constraint.py'...
[7.576s] Compiling '/home/andrea/tesi/ros2_mapf_cbs/project_1/install/my_intermediate_interfaces/local/lib/python3.10/dist-packages/my_intermediate_interfaces/msg/_vertex_constraint.py'...
[7.576s] Listing '/home/andrea/tesi/ros2_mapf_cbs/project_1/install/my_intermediate_interfaces/local/lib/python3.10/dist-packages/my_intermediate_interfaces/srv'...
[7.576s] Compiling '/home/andrea/tesi/ros2_mapf_cbs/project_1/install/my_intermediate_interfaces/local/lib/python3.10/dist-packages/my_intermediate_interfaces/srv/__init__.py'...
[7.576s] Compiling '/home/andrea/tesi/ros2_mapf_cbs/project_1/install/my_intermediate_interfaces/local/lib/python3.10/dist-packages/my_intermediate_interfaces/srv/_computed_plans.py'...
[7.576s] Compiling '/home/andrea/tesi/ros2_mapf_cbs/project_1/install/my_intermediate_interfaces/local/lib/python3.10/dist-packages/my_intermediate_interfaces/srv/_start_goal_pose_stamped.py'...
[7.576s] Compiling '/home/andrea/tesi/ros2_mapf_cbs/project_1/install/my_intermediate_interfaces/local/lib/python3.10/dist-packages/my_intermediate_interfaces/srv/_start_goal_positions.py'...
[7.580s] -- Installing: /home/andrea/tesi/ros2_mapf_cbs/project_1/install/my_intermediate_interfaces/lib/libmy_intermediate_interfaces__rosidl_generator_py.so
[7.581s] -- Set runtime path of "/home/andrea/tesi/ros2_mapf_cbs/project_1/install/my_intermediate_interfaces/lib/libmy_intermediate_interfaces__rosidl_generator_py.so" to ""
[7.581s] -- Up-to-date: /home/andrea/tesi/ros2_mapf_cbs/project_1/install/my_intermediate_interfaces/share/my_intermediate_interfaces/cmake/export_my_intermediate_interfaces__rosidl_generator_cExport.cmake
[7.581s] -- Up-to-date: /home/andrea/tesi/ros2_mapf_cbs/project_1/install/my_intermediate_interfaces/share/my_intermediate_interfaces/cmake/export_my_intermediate_interfaces__rosidl_generator_cExport-noconfig.cmake
[7.581s] -- Up-to-date: /home/andrea/tesi/ros2_mapf_cbs/project_1/install/my_intermediate_interfaces/share/my_intermediate_interfaces/cmake/export_my_intermediate_interfaces__rosidl_typesupport_fastrtps_cExport.cmake
[7.581s] -- Up-to-date: /home/andrea/tesi/ros2_mapf_cbs/project_1/install/my_intermediate_interfaces/share/my_intermediate_interfaces/cmake/export_my_intermediate_interfaces__rosidl_typesupport_fastrtps_cExport-noconfig.cmake
[7.581s] -- Up-to-date: /home/andrea/tesi/ros2_mapf_cbs/project_1/install/my_intermediate_interfaces/share/my_intermediate_interfaces/cmake/export_my_intermediate_interfaces__rosidl_generator_cppExport.cmake
[7.582s] -- Up-to-date: /home/andrea/tesi/ros2_mapf_cbs/project_1/install/my_intermediate_interfaces/share/my_intermediate_interfaces/cmake/export_my_intermediate_interfaces__rosidl_typesupport_fastrtps_cppExport.cmake
[7.582s] -- Up-to-date: /home/andrea/tesi/ros2_mapf_cbs/project_1/install/my_intermediate_interfaces/share/my_intermediate_interfaces/cmake/export_my_intermediate_interfaces__rosidl_typesupport_fastrtps_cppExport-noconfig.cmake
[7.582s] -- Up-to-date: /home/andrea/tesi/ros2_mapf_cbs/project_1/install/my_intermediate_interfaces/share/my_intermediate_interfaces/cmake/my_intermediate_interfaces__rosidl_typesupport_introspection_cExport.cmake
[7.583s] -- Up-to-date: /home/andrea/tesi/ros2_mapf_cbs/project_1/install/my_intermediate_interfaces/share/my_intermediate_interfaces/cmake/my_intermediate_interfaces__rosidl_typesupport_introspection_cExport-noconfig.cmake
[7.583s] -- Up-to-date: /home/andrea/tesi/ros2_mapf_cbs/project_1/install/my_intermediate_interfaces/share/my_intermediate_interfaces/cmake/my_intermediate_interfaces__rosidl_typesupport_cExport.cmake
[7.583s] -- Up-to-date: /home/andrea/tesi/ros2_mapf_cbs/project_1/install/my_intermediate_interfaces/share/my_intermediate_interfaces/cmake/my_intermediate_interfaces__rosidl_typesupport_cExport-noconfig.cmake
[7.583s] -- Up-to-date: /home/andrea/tesi/ros2_mapf_cbs/project_1/install/my_intermediate_interfaces/share/my_intermediate_interfaces/cmake/my_intermediate_interfaces__rosidl_typesupport_introspection_cppExport.cmake
[7.583s] -- Up-to-date: /home/andrea/tesi/ros2_mapf_cbs/project_1/install/my_intermediate_interfaces/share/my_intermediate_interfaces/cmake/my_intermediate_interfaces__rosidl_typesupport_introspection_cppExport-noconfig.cmake
[7.583s] -- Up-to-date: /home/andrea/tesi/ros2_mapf_cbs/project_1/install/my_intermediate_interfaces/share/my_intermediate_interfaces/cmake/my_intermediate_interfaces__rosidl_typesupport_cppExport.cmake
[7.583s] -- Up-to-date: /home/andrea/tesi/ros2_mapf_cbs/project_1/install/my_intermediate_interfaces/share/my_intermediate_interfaces/cmake/my_intermediate_interfaces__rosidl_typesupport_cppExport-noconfig.cmake
[7.583s] -- Up-to-date: /home/andrea/tesi/ros2_mapf_cbs/project_1/install/my_intermediate_interfaces/share/my_intermediate_interfaces/cmake/export_my_intermediate_interfaces__rosidl_generator_pyExport.cmake
[7.583s] -- Up-to-date: /home/andrea/tesi/ros2_mapf_cbs/project_1/install/my_intermediate_interfaces/share/my_intermediate_interfaces/cmake/export_my_intermediate_interfaces__rosidl_generator_pyExport-noconfig.cmake
[7.584s] Invoked command in '/home/andrea/tesi/ros2_mapf_cbs/project_1/build/my_intermediate_interfaces' returned '0': CMAKE_PREFIX_PATH=${CMAKE_PREFIX_PATH}:/home/andrea/tesi/ros2_mapf_cbs/project_1/install/my_package:/home/andrea/tesi/ros2_mapf_cbs/project_1/install/my_intermediate:/home/andrea/tesi/ros2_mapf_cbs/simple_example/install/my_py_pkg:/opt/ros/humble /usr/bin/cmake --install /home/andrea/tesi/ros2_mapf_cbs/project_1/build/my_intermediate_interfaces
