[1.521s] Invoking command in '/home/andrea/tesi/ros2_mapf_cbs/project_1/build/my_intermediate': PYTHONPATH=/home/andrea/tesi/ros2_mapf_cbs/project_1/build/my_intermediate/prefix_override:/home/andrea/tesi/ros2_mapf_cbs/project_1/install/my_intermediate/lib/python3.10/site-packages:${PYTHONPATH} /usr/bin/python3 setup.py develop --editable --build-directory /home/andrea/tesi/ros2_mapf_cbs/project_1/build/my_intermediate/build --no-deps install_data
[1.815s] running develop
[1.984s] running egg_info
[1.984s] writing my_intermediate.egg-info/PKG-INFO
[1.984s] writing dependency_links to my_intermediate.egg-info/dependency_links.txt
[1.984s] writing entry points to my_intermediate.egg-info/entry_points.txt
[1.984s] writing requirements to my_intermediate.egg-info/requires.txt
[1.984s] writing top-level names to my_intermediate.egg-info/top_level.txt
[1.986s] reading manifest file 'my_intermediate.egg-info/SOURCES.txt'
[1.987s] writing manifest file 'my_intermediate.egg-info/SOURCES.txt'
[1.988s] running build_ext
[1.989s] Creating /home/andrea/tesi/ros2_mapf_cbs/project_1/install/my_intermediate/lib/python3.10/site-packages/my-intermediate.egg-link (link to .)
[1.989s] Installing entity_creator script to /home/andrea/tesi/ros2_mapf_cbs/project_1/install/my_intermediate/lib/my_intermediate
[1.989s] Installing multi_agent_plan_asker script to /home/andrea/tesi/ros2_mapf_cbs/project_1/install/my_intermediate/lib/my_intermediate
[1.990s] Installing plan_asker script to /home/andrea/tesi/ros2_mapf_cbs/project_1/install/my_intermediate/lib/my_intermediate
[1.990s] 
[1.990s] Installed /home/andrea/tesi/ros2_mapf_cbs/project_1/build/my_intermediate
[1.990s] running install_data
[1.990s] copying package.xml -> /home/andrea/tesi/ros2_mapf_cbs/project_1/install/my_intermediate/share/my_intermediate
[2.082s] Invoked command in '/home/andrea/tesi/ros2_mapf_cbs/project_1/build/my_intermediate' returned '0': PYTHONPATH=/home/andrea/tesi/ros2_mapf_cbs/project_1/build/my_intermediate/prefix_override:/home/andrea/tesi/ros2_mapf_cbs/project_1/install/my_intermediate/lib/python3.10/site-packages:${PYTHONPATH} /usr/bin/python3 setup.py develop --editable --build-directory /home/andrea/tesi/ros2_mapf_cbs/project_1/build/my_intermediate/build --no-deps install_data
