[0.788s] Invoking command in '/home/andrea/tesi/ros2_mapf_cbs/cbs_ros2_project/build/cbs_nodes': PYTHONPATH=/home/andrea/tesi/ros2_mapf_cbs/cbs_ros2_project/build/cbs_nodes/prefix_override:/home/andrea/tesi/ros2_mapf_cbs/cbs_ros2_project/install/cbs_nodes/lib/python3.10/site-packages:${PYTHONPATH} /usr/bin/python3 setup.py develop --editable --build-directory /home/andrea/tesi/ros2_mapf_cbs/cbs_ros2_project/build/cbs_nodes/build --no-deps install_data
[0.975s] running develop
[1.090s] running egg_info
[1.090s] writing cbs_nodes.egg-info/PKG-INFO
[1.090s] writing dependency_links to cbs_nodes.egg-info/dependency_links.txt
[1.090s] writing entry points to cbs_nodes.egg-info/entry_points.txt
[1.090s] writing requirements to cbs_nodes.egg-info/requires.txt
[1.091s] writing top-level names to cbs_nodes.egg-info/top_level.txt
[1.092s] reading manifest file 'cbs_nodes.egg-info/SOURCES.txt'
[1.098s] writing manifest file 'cbs_nodes.egg-info/SOURCES.txt'
[1.099s] running build_ext
[1.099s] Creating /home/andrea/tesi/ros2_mapf_cbs/cbs_ros2_project/install/cbs_nodes/lib/python3.10/site-packages/cbs-nodes.egg-link (link to .)
[1.100s] Installing baseline_asker script to /home/andrea/tesi/ros2_mapf_cbs/cbs_ros2_project/install/cbs_nodes/lib/cbs_nodes
[1.100s] Installing collision_avoider script to /home/andrea/tesi/ros2_mapf_cbs/cbs_ros2_project/install/cbs_nodes/lib/cbs_nodes
[1.100s] Installing fake_asker script to /home/andrea/tesi/ros2_mapf_cbs/cbs_ros2_project/install/cbs_nodes/lib/cbs_nodes
[1.100s] Installing multi_agent_plan_asker script to /home/andrea/tesi/ros2_mapf_cbs/cbs_ros2_project/install/cbs_nodes/lib/cbs_nodes
[1.100s] Installing plan_asker script to /home/andrea/tesi/ros2_mapf_cbs/cbs_ros2_project/install/cbs_nodes/lib/cbs_nodes
[1.100s] 
[1.100s] Installed /home/andrea/tesi/ros2_mapf_cbs/cbs_ros2_project/build/cbs_nodes
[1.100s] running install_data
[1.126s] Invoked command in '/home/andrea/tesi/ros2_mapf_cbs/cbs_ros2_project/build/cbs_nodes' returned '0': PYTHONPATH=/home/andrea/tesi/ros2_mapf_cbs/cbs_ros2_project/build/cbs_nodes/prefix_override:/home/andrea/tesi/ros2_mapf_cbs/cbs_ros2_project/install/cbs_nodes/lib/python3.10/site-packages:${PYTHONPATH} /usr/bin/python3 setup.py develop --editable --build-directory /home/andrea/tesi/ros2_mapf_cbs/cbs_ros2_project/build/cbs_nodes/build --no-deps install_data
