[0.230s] Invoking command in '/home/andrea/tesi/ros2_mapf_cbs/project_1/build/my_nav2_planner': CMAKE_PREFIX_PATH=${CMAKE_PREFIX_PATH}:/home/andrea/tesi/ros2_mapf_cbs/project_1/install/my_package:/home/andrea/tesi/ros2_mapf_cbs/project_1/install/my_intermediate:/home/andrea/tesi/ros2_mapf_cbs/simple_example/install/my_py_pkg:/opt/ros/humble /usr/bin/cmake --build /home/andrea/tesi/ros2_mapf_cbs/project_1/build/my_nav2_planner -- -j8 -l8
[0.561s] [35m[1mConsolidate compiler generated dependencies of target gtest_main[0m
[0.561s] [35m[1mConsolidate compiler generated dependencies of target my_planner_server_core[0m
[0.561s] [35m[1mConsolidate compiler generated dependencies of target gtest[0m
[0.561s] [ 20%] Built target gtest_main
[0.561s] [ 40%] Built target gtest
[0.561s] [ 50%] [32mBuilding CXX object CMakeFiles/my_planner_server_core.dir/src/my_planner_server.cpp.o[0m
[14.663s] [ 60%] [32m[1mLinking CXX shared library libmy_planner_server_core.so[0m
[14.898s] [ 60%] Built target my_planner_server_core
[14.915s] [ 70%] [32mBuilding CXX object CMakeFiles/my_planner_server.dir/src/main.cpp.o[0m
[14.915s] [ 80%] [32mBuilding CXX object test/CMakeFiles/test_dynamic_parameters.dir/test_dynamic_parameters.cpp.o[0m
[18.791s] [ 90%] [32m[1mLinking CXX executable my_planner_server[0m
[18.976s] [ 90%] Built target my_planner_server
[19.795s] [100%] [32m[1mLinking CXX executable test_dynamic_parameters[0m
[20.008s] /usr/bin/ld: CMakeFiles/test_dynamic_parameters.dir/test_dynamic_parameters.cpp.o: in function `WPTest_test_dynamic_parameters_Test::TestBody()':
[20.008s] test_dynamic_parameters.cpp:(.text+0xbc): undefined reference to `nav2_planner::PlannerServer::PlannerServer(rclcpp::NodeOptions const&)'
[20.008s] /usr/bin/ld: CMakeFiles/test_dynamic_parameters.dir/test_dynamic_parameters.cpp.o: in function `PlannerShim::~PlannerShim()':
[20.008s] test_dynamic_parameters.cpp:(.text._ZN11PlannerShimD2Ev[_ZN11PlannerShimD5Ev]+0x13): undefined reference to `nav2_planner::PlannerServer::~PlannerServer()'
[20.008s] /usr/bin/ld: CMakeFiles/test_dynamic_parameters.dir/test_dynamic_parameters.cpp.o: in function `PlannerShim::~PlannerShim()':
[20.008s] test_dynamic_parameters.cpp:(.text._ZN11PlannerShimD0Ev[_ZN11PlannerShimD5Ev]+0x17): undefined reference to `nav2_planner::PlannerServer::~PlannerServer()'
[20.008s] /usr/bin/ld: CMakeFiles/test_dynamic_parameters.dir/test_dynamic_parameters.cpp.o: in function `PlannerShim::dynamicParamsShim(std::vector<rclcpp::Parameter, std::allocator<rclcpp::Parameter> >)':
[20.008s] test_dynamic_parameters.cpp:(.text._ZN11PlannerShim17dynamicParamsShimESt6vectorIN6rclcpp9ParameterESaIS2_EE[_ZN11PlannerShim17dynamicParamsShimESt6vectorIN6rclcpp9ParameterESaIS2_EE]+0x1c8): undefined reference to `nav2_planner::PlannerServer::dynamicParametersCallback(std::vector<rclcpp::Parameter, std::allocator<rclcpp::Parameter> >)'
[20.008s] /usr/bin/ld: CMakeFiles/test_dynamic_parameters.dir/test_dynamic_parameters.cpp.o:(.data.rel.ro._ZTI11PlannerShim[_ZTI11PlannerShim]+0x10): undefined reference to `typeinfo for nav2_planner::PlannerServer'
[20.008s] /usr/bin/ld: CMakeFiles/test_dynamic_parameters.dir/test_dynamic_parameters.cpp.o:(.data.rel.ro._ZTV11PlannerShim[_ZTV11PlannerShim]+0x10): undefined reference to `nav2_planner::PlannerServer::on_configure(rclcpp_lifecycle::State const&)'
[20.008s] /usr/bin/ld: CMakeFiles/test_dynamic_parameters.dir/test_dynamic_parameters.cpp.o:(.data.rel.ro._ZTV11PlannerShim[_ZTV11PlannerShim]+0x18): undefined reference to `nav2_planner::PlannerServer::on_cleanup(rclcpp_lifecycle::State const&)'
[20.008s] /usr/bin/ld: CMakeFiles/test_dynamic_parameters.dir/test_dynamic_parameters.cpp.o:(.data.rel.ro._ZTV11PlannerShim[_ZTV11PlannerShim]+0x20): undefined reference to `nav2_planner::PlannerServer::on_shutdown(rclcpp_lifecycle::State const&)'
[20.008s] /usr/bin/ld: CMakeFiles/test_dynamic_parameters.dir/test_dynamic_parameters.cpp.o:(.data.rel.ro._ZTV11PlannerShim[_ZTV11PlannerShim]+0x28): undefined reference to `nav2_planner::PlannerServer::on_activate(rclcpp_lifecycle::State const&)'
[20.008s] /usr/bin/ld: CMakeFiles/test_dynamic_parameters.dir/test_dynamic_parameters.cpp.o:(.data.rel.ro._ZTV11PlannerShim[_ZTV11PlannerShim]+0x30): undefined reference to `nav2_planner::PlannerServer::on_deactivate(rclcpp_lifecycle::State const&)'
[20.018s] collect2: error: ld returned 1 exit status
[20.019s] gmake[2]: *** [test/CMakeFiles/test_dynamic_parameters.dir/build.make:541: test/test_dynamic_parameters] Error 1
[20.019s] gmake[1]: *** [CMakeFiles/Makefile2:228: test/CMakeFiles/test_dynamic_parameters.dir/all] Error 2
[20.019s] gmake: *** [Makefile:146: all] Error 2
[20.021s] Invoked command in '/home/andrea/tesi/ros2_mapf_cbs/project_1/build/my_nav2_planner' returned '2': CMAKE_PREFIX_PATH=${CMAKE_PREFIX_PATH}:/home/andrea/tesi/ros2_mapf_cbs/project_1/install/my_package:/home/andrea/tesi/ros2_mapf_cbs/project_1/install/my_intermediate:/home/andrea/tesi/ros2_mapf_cbs/simple_example/install/my_py_pkg:/opt/ros/humble /usr/bin/cmake --build /home/andrea/tesi/ros2_mapf_cbs/project_1/build/my_nav2_planner -- -j8 -l8
