[2.744s] Invoking command in '/home/andrea/tesi/ros2_mapf_cbs/project_1/build/my_intermediate': PYTHONPATH=/home/andrea/tesi/ros2_mapf_cbs/project_1/build/my_intermediate/prefix_override:/home/andrea/tesi/ros2_mapf_cbs/project_1/install/my_intermediate/lib/python3.10/site-packages:${PYTHONPATH} /usr/bin/python3 setup.py develop --uninstall --editable --build-directory /home/andrea/tesi/ros2_mapf_cbs/project_1/build/my_intermediate/build
[3.311s] running develop
[3.614s] Removing /home/andrea/tesi/ros2_mapf_cbs/project_1/install/my_intermediate/lib/python3.10/site-packages/my-intermediate.egg-link (link to .)
[3.672s] Invoked command in '/home/andrea/tesi/ros2_mapf_cbs/project_1/build/my_intermediate' returned '0': PYTHONPATH=/home/andrea/tesi/ros2_mapf_cbs/project_1/build/my_intermediate/prefix_override:/home/andrea/tesi/ros2_mapf_cbs/project_1/install/my_intermediate/lib/python3.10/site-packages:${PYTHONPATH} /usr/bin/python3 setup.py develop --uninstall --editable --build-directory /home/andrea/tesi/ros2_mapf_cbs/project_1/build/my_intermediate/build
[3.674s] Invoking command in '/home/andrea/tesi/ros2_mapf_cbs/project_1/src/my_intermediate': PYTHONPATH=/home/andrea/tesi/ros2_mapf_cbs/project_1/build/my_intermediate/prefix_override:/home/andrea/tesi/ros2_mapf_cbs/project_1/install/my_intermediate/lib/python3.10/site-packages:${PYTHONPATH} /usr/bin/python3 setup.py egg_info --egg-base ../../build/my_intermediate build --build-base /home/andrea/tesi/ros2_mapf_cbs/project_1/build/my_intermediate/build install --record /home/andrea/tesi/ros2_mapf_cbs/project_1/build/my_intermediate/install.log --single-version-externally-managed
[4.153s] running egg_info
[4.154s] writing ../../build/my_intermediate/my_intermediate.egg-info/PKG-INFO
[4.155s] writing dependency_links to ../../build/my_intermediate/my_intermediate.egg-info/dependency_links.txt
[4.155s] writing entry points to ../../build/my_intermediate/my_intermediate.egg-info/entry_points.txt
[4.155s] writing requirements to ../../build/my_intermediate/my_intermediate.egg-info/requires.txt
[4.156s] writing top-level names to ../../build/my_intermediate/my_intermediate.egg-info/top_level.txt
[4.159s] reading manifest file '../../build/my_intermediate/my_intermediate.egg-info/SOURCES.txt'
[4.161s] writing manifest file '../../build/my_intermediate/my_intermediate.egg-info/SOURCES.txt'
[4.161s] running build
[4.162s] running build_py
[4.162s] running install
[4.163s] running install_lib
[4.165s] creating /home/andrea/tesi/ros2_mapf_cbs/project_1/install/my_intermediate/lib/python3.10/site-packages/my_intermediate
[4.165s] copying /home/andrea/tesi/ros2_mapf_cbs/project_1/build/my_intermediate/build/lib/my_intermediate/plan_asker.py -> /home/andrea/tesi/ros2_mapf_cbs/project_1/install/my_intermediate/lib/python3.10/site-packages/my_intermediate
[4.165s] copying /home/andrea/tesi/ros2_mapf_cbs/project_1/build/my_intermediate/build/lib/my_intermediate/__init__.py -> /home/andrea/tesi/ros2_mapf_cbs/project_1/install/my_intermediate/lib/python3.10/site-packages/my_intermediate
[4.166s] copying /home/andrea/tesi/ros2_mapf_cbs/project_1/build/my_intermediate/build/lib/my_intermediate/entity_creator.py -> /home/andrea/tesi/ros2_mapf_cbs/project_1/install/my_intermediate/lib/python3.10/site-packages/my_intermediate
[4.167s] byte-compiling /home/andrea/tesi/ros2_mapf_cbs/project_1/install/my_intermediate/lib/python3.10/site-packages/my_intermediate/plan_asker.py to plan_asker.cpython-310.pyc
[4.169s] byte-compiling /home/andrea/tesi/ros2_mapf_cbs/project_1/install/my_intermediate/lib/python3.10/site-packages/my_intermediate/__init__.py to __init__.cpython-310.pyc
[4.169s] byte-compiling /home/andrea/tesi/ros2_mapf_cbs/project_1/install/my_intermediate/lib/python3.10/site-packages/my_intermediate/entity_creator.py to entity_creator.cpython-310.pyc
[4.171s] running install_data
[4.172s] running install_egg_info
[4.175s] Copying ../../build/my_intermediate/my_intermediate.egg-info to /home/andrea/tesi/ros2_mapf_cbs/project_1/install/my_intermediate/lib/python3.10/site-packages/my_intermediate-0.0.0-py3.10.egg-info
[4.177s] running install_scripts
[4.219s] Installing entity_creator script to /home/andrea/tesi/ros2_mapf_cbs/project_1/install/my_intermediate/lib/my_intermediate
[4.221s] Installing plan_asker script to /home/andrea/tesi/ros2_mapf_cbs/project_1/install/my_intermediate/lib/my_intermediate
[4.222s] writing list of installed files to '/home/andrea/tesi/ros2_mapf_cbs/project_1/build/my_intermediate/install.log'
[4.311s] Invoked command in '/home/andrea/tesi/ros2_mapf_cbs/project_1/src/my_intermediate' returned '0': PYTHONPATH=/home/andrea/tesi/ros2_mapf_cbs/project_1/build/my_intermediate/prefix_override:/home/andrea/tesi/ros2_mapf_cbs/project_1/install/my_intermediate/lib/python3.10/site-packages:${PYTHONPATH} /usr/bin/python3 setup.py egg_info --egg-base ../../build/my_intermediate build --build-base /home/andrea/tesi/ros2_mapf_cbs/project_1/build/my_intermediate/build install --record /home/andrea/tesi/ros2_mapf_cbs/project_1/build/my_intermediate/install.log --single-version-externally-managed
