[0.057s] Invoking command in '/home/andrea/tesi/ros2_mapf_cbs/project_1/build/my_nav2_planner': CMAKE_PREFIX_PATH=/home/andrea/tesi/ros2_mapf_cbs/project_1/install/my_nav2_navfn_planner:/home/andrea/tesi/ros2_mapf_cbs/project_1/install/my_nav2_core:/home/andrea/tesi/ros2_mapf_cbs/project_1/install/my_intermediate_interfaces:/home/andrea/tesi/ros2_mapf_cbs/project_1/install/turtlebot3_multi_robot:/home/andrea/tesi/ros2_mapf_cbs/project_1/install/nav2_straightline_planner:/home/andrea/tesi/ros2_mapf_cbs/project_1/install/my_try_bringup:/home/andrea/tesi/ros2_mapf_cbs/project_1/install/my_nav2_planner:/home/andrea/tesi/ros2_mapf_cbs/simple_example/install/my_robot_bringup:/home/andrea/tesi/ros2_mapf_cbs/simple_example/install/my_robot_interfaces:/home/andrea/tesi/ros2_mapf_cbs/project_1/install/my_package:/home/andrea/tesi/ros2_mapf_cbs/project_1/install/my_intermediate:/home/andrea/tesi/ros2_mapf_cbs/simple_example/install/my_py_pkg:/opt/ros/humble LD_LIBRARY_PATH=/home/andrea/tesi/ros2_mapf_cbs/project_1/install/my_nav2_navfn_planner/lib:/home/andrea/tesi/ros2_mapf_cbs/project_1/install/my_intermediate_interfaces/lib:/home/andrea/tesi/ros2_mapf_cbs/project_1/install/nav2_straightline_planner/lib:/home/andrea/tesi/ros2_mapf_cbs/project_1/install/my_nav2_planner/lib:/home/andrea/tesi/ros2_mapf_cbs/simple_example/install/my_robot_interfaces/lib:/usr/lib/x86_64-linux-gnu/gazebo-11/plugins:/opt/ros/humble/opt/rviz_ogre_vendor/lib:/opt/ros/humble/lib/x86_64-linux-gnu:/opt/ros/humble/lib:/home/andrea/ws_online/build/ros2_bdi_on_litter_world /usr/bin/cmake /home/andrea/tesi/ros2_mapf_cbs/project_1/src/my_nav2_planner -DAMENT_CMAKE_SYMLINK_INSTALL=1 -DCMAKE_INSTALL_PREFIX=/home/andrea/tesi/ros2_mapf_cbs/project_1/install/my_nav2_planner
[0.066s] -- Found ament_cmake: 1.3.5 (/opt/ros/humble/share/ament_cmake/cmake)
[0.165s] -- Override CMake install command with custom implementation using symlinks instead of copying resources
[0.170s] -- Found nav2_common: 1.1.12 (/opt/ros/humble/share/nav2_common/cmake)
[0.170s] -- Found rclcpp: 16.0.6 (/opt/ros/humble/share/rclcpp/cmake)
[0.189s] -- Found rosidl_generator_c: 3.1.5 (/opt/ros/humble/share/rosidl_generator_c/cmake)
[0.191s] -- Found rosidl_adapter: 3.1.5 (/opt/ros/humble/share/rosidl_adapter/cmake)
[0.195s] -- Found rosidl_generator_cpp: 3.1.5 (/opt/ros/humble/share/rosidl_generator_cpp/cmake)
[0.202s] -- Using all available rosidl_typesupport_c: rosidl_typesupport_fastrtps_c;rosidl_typesupport_introspection_c
[0.213s] -- Using all available rosidl_typesupport_cpp: rosidl_typesupport_fastrtps_cpp;rosidl_typesupport_introspection_cpp
[0.250s] -- Found rmw_implementation_cmake: 6.1.1 (/opt/ros/humble/share/rmw_implementation_cmake/cmake)
[0.251s] -- Found rmw_cyclonedds_cpp: 1.3.4 (/opt/ros/humble/share/rmw_cyclonedds_cpp/cmake)
[0.270s] -- Using RMW implementation 'rmw_cyclonedds_cpp' as default
[0.370s] -- Found rclcpp_action: 16.0.6 (/opt/ros/humble/share/rclcpp_action/cmake)
[0.427s] -- Found rclcpp_lifecycle: 16.0.6 (/opt/ros/humble/share/rclcpp_lifecycle/cmake)
[0.451s] -- Found rclcpp_components: 16.0.6 (/opt/ros/humble/share/rclcpp_components/cmake)
[0.493s] -- Found visualization_msgs: 4.2.3 (/opt/ros/humble/share/visualization_msgs/cmake)
[0.664s] -- Found nav2_util: 1.1.12 (/opt/ros/humble/share/nav2_util/cmake)
[0.976s] -- Found eigen3_cmake_module: 0.1.1 (/opt/ros/humble/share/eigen3_cmake_module/cmake)
[0.977s] -- Ensuring Eigen3 include directory is part of orocos-kdl CMake target
[1.098s] -- Found nav2_costmap_2d: 1.1.12 (/opt/ros/humble/share/nav2_costmap_2d/cmake)
[1.659s] -- Found my_nav2_navfn_planner: 1.1.12 (/home/andrea/tesi/ros2_mapf_cbs/project_1/install/my_nav2_navfn_planner/share/my_nav2_navfn_planner/cmake)
[21.743s] -- Found ament_lint_auto: 0.12.8 (/opt/ros/humble/share/ament_lint_auto/cmake)
[21.743s] -- Found ament_cmake_gtest: 1.3.5 (/opt/ros/humble/share/ament_cmake_gtest/cmake)
[21.804s] -- Added test 'copyright' to check source files copyright and LICENSE
[21.804s] -- Added test 'cppcheck' to perform static code analysis on C / C++ code
[21.805s] -- Configured cppcheck include dirs: /home/andrea/tesi/ros2_mapf_cbs/project_1/src/my_nav2_planner/include
[21.805s] -- Configured cppcheck exclude dirs and/or files: 
[21.805s] -- Added test 'cpplint' to check C / C++ code against the Google style
[21.805s] -- Configured cpplint exclude dirs and/or files: 
[21.806s] -- Added test 'lint_cmake' to check CMake code style
[21.806s] -- Added test 'uncrustify' to check C / C++ code style
[21.806s] -- Configured uncrustify additional arguments: 
[21.806s] -- Added test 'xmllint' to check XML markup files
[21.809s] -- Configuring done
[21.857s] -- Generating done
[21.858s] -- Build files have been written to: /home/andrea/tesi/ros2_mapf_cbs/project_1/build/my_nav2_planner
[21.866s] Invoked command in '/home/andrea/tesi/ros2_mapf_cbs/project_1/build/my_nav2_planner' returned '0': CMAKE_PREFIX_PATH=/home/andrea/tesi/ros2_mapf_cbs/project_1/install/my_nav2_navfn_planner:/home/andrea/tesi/ros2_mapf_cbs/project_1/install/my_nav2_core:/home/andrea/tesi/ros2_mapf_cbs/project_1/install/my_intermediate_interfaces:/home/andrea/tesi/ros2_mapf_cbs/project_1/install/turtlebot3_multi_robot:/home/andrea/tesi/ros2_mapf_cbs/project_1/install/nav2_straightline_planner:/home/andrea/tesi/ros2_mapf_cbs/project_1/install/my_try_bringup:/home/andrea/tesi/ros2_mapf_cbs/project_1/install/my_nav2_planner:/home/andrea/tesi/ros2_mapf_cbs/simple_example/install/my_robot_bringup:/home/andrea/tesi/ros2_mapf_cbs/simple_example/install/my_robot_interfaces:/home/andrea/tesi/ros2_mapf_cbs/project_1/install/my_package:/home/andrea/tesi/ros2_mapf_cbs/project_1/install/my_intermediate:/home/andrea/tesi/ros2_mapf_cbs/simple_example/install/my_py_pkg:/opt/ros/humble LD_LIBRARY_PATH=/home/andrea/tesi/ros2_mapf_cbs/project_1/install/my_nav2_navfn_planner/lib:/home/andrea/tesi/ros2_mapf_cbs/project_1/install/my_intermediate_interfaces/lib:/home/andrea/tesi/ros2_mapf_cbs/project_1/install/nav2_straightline_planner/lib:/home/andrea/tesi/ros2_mapf_cbs/project_1/install/my_nav2_planner/lib:/home/andrea/tesi/ros2_mapf_cbs/simple_example/install/my_robot_interfaces/lib:/usr/lib/x86_64-linux-gnu/gazebo-11/plugins:/opt/ros/humble/opt/rviz_ogre_vendor/lib:/opt/ros/humble/lib/x86_64-linux-gnu:/opt/ros/humble/lib:/home/andrea/ws_online/build/ros2_bdi_on_litter_world /usr/bin/cmake /home/andrea/tesi/ros2_mapf_cbs/project_1/src/my_nav2_planner -DAMENT_CMAKE_SYMLINK_INSTALL=1 -DCMAKE_INSTALL_PREFIX=/home/andrea/tesi/ros2_mapf_cbs/project_1/install/my_nav2_planner
[21.866s] Invoking command in '/home/andrea/tesi/ros2_mapf_cbs/project_1/build/my_nav2_planner': CMAKE_PREFIX_PATH=/home/andrea/tesi/ros2_mapf_cbs/project_1/install/my_nav2_navfn_planner:/home/andrea/tesi/ros2_mapf_cbs/project_1/install/my_nav2_core:/home/andrea/tesi/ros2_mapf_cbs/project_1/install/my_intermediate_interfaces:/home/andrea/tesi/ros2_mapf_cbs/project_1/install/turtlebot3_multi_robot:/home/andrea/tesi/ros2_mapf_cbs/project_1/install/nav2_straightline_planner:/home/andrea/tesi/ros2_mapf_cbs/project_1/install/my_try_bringup:/home/andrea/tesi/ros2_mapf_cbs/project_1/install/my_nav2_planner:/home/andrea/tesi/ros2_mapf_cbs/simple_example/install/my_robot_bringup:/home/andrea/tesi/ros2_mapf_cbs/simple_example/install/my_robot_interfaces:/home/andrea/tesi/ros2_mapf_cbs/project_1/install/my_package:/home/andrea/tesi/ros2_mapf_cbs/project_1/install/my_intermediate:/home/andrea/tesi/ros2_mapf_cbs/simple_example/install/my_py_pkg:/opt/ros/humble LD_LIBRARY_PATH=/home/andrea/tesi/ros2_mapf_cbs/project_1/install/my_nav2_navfn_planner/lib:/home/andrea/tesi/ros2_mapf_cbs/project_1/install/my_intermediate_interfaces/lib:/home/andrea/tesi/ros2_mapf_cbs/project_1/install/nav2_straightline_planner/lib:/home/andrea/tesi/ros2_mapf_cbs/project_1/install/my_nav2_planner/lib:/home/andrea/tesi/ros2_mapf_cbs/simple_example/install/my_robot_interfaces/lib:/usr/lib/x86_64-linux-gnu/gazebo-11/plugins:/opt/ros/humble/opt/rviz_ogre_vendor/lib:/opt/ros/humble/lib/x86_64-linux-gnu:/opt/ros/humble/lib:/home/andrea/ws_online/build/ros2_bdi_on_litter_world /usr/bin/cmake --build /home/andrea/tesi/ros2_mapf_cbs/project_1/build/my_nav2_planner -- -j8 -l8
[21.897s] [35m[1mConsolidate compiler generated dependencies of target my_planner_server_core[0m
[21.916s] [ 25%] [32m[1mLinking CXX shared library libmy_planner_server_core.so[0m
[22.167s] [ 50%] Built target my_planner_server_core
[22.176s] [35m[1mConsolidate compiler generated dependencies of target my_planner_server[0m
[22.191s] [ 75%] [32m[1mLinking CXX executable my_planner_server[0m
[22.364s] [100%] Built target my_planner_server
[22.372s] Invoked command in '/home/andrea/tesi/ros2_mapf_cbs/project_1/build/my_nav2_planner' returned '0': CMAKE_PREFIX_PATH=/home/andrea/tesi/ros2_mapf_cbs/project_1/install/my_nav2_navfn_planner:/home/andrea/tesi/ros2_mapf_cbs/project_1/install/my_nav2_core:/home/andrea/tesi/ros2_mapf_cbs/project_1/install/my_intermediate_interfaces:/home/andrea/tesi/ros2_mapf_cbs/project_1/install/turtlebot3_multi_robot:/home/andrea/tesi/ros2_mapf_cbs/project_1/install/nav2_straightline_planner:/home/andrea/tesi/ros2_mapf_cbs/project_1/install/my_try_bringup:/home/andrea/tesi/ros2_mapf_cbs/project_1/install/my_nav2_planner:/home/andrea/tesi/ros2_mapf_cbs/simple_example/install/my_robot_bringup:/home/andrea/tesi/ros2_mapf_cbs/simple_example/install/my_robot_interfaces:/home/andrea/tesi/ros2_mapf_cbs/project_1/install/my_package:/home/andrea/tesi/ros2_mapf_cbs/project_1/install/my_intermediate:/home/andrea/tesi/ros2_mapf_cbs/simple_example/install/my_py_pkg:/opt/ros/humble LD_LIBRARY_PATH=/home/andrea/tesi/ros2_mapf_cbs/project_1/install/my_nav2_navfn_planner/lib:/home/andrea/tesi/ros2_mapf_cbs/project_1/install/my_intermediate_interfaces/lib:/home/andrea/tesi/ros2_mapf_cbs/project_1/install/nav2_straightline_planner/lib:/home/andrea/tesi/ros2_mapf_cbs/project_1/install/my_nav2_planner/lib:/home/andrea/tesi/ros2_mapf_cbs/simple_example/install/my_robot_interfaces/lib:/usr/lib/x86_64-linux-gnu/gazebo-11/plugins:/opt/ros/humble/opt/rviz_ogre_vendor/lib:/opt/ros/humble/lib/x86_64-linux-gnu:/opt/ros/humble/lib:/home/andrea/ws_online/build/ros2_bdi_on_litter_world /usr/bin/cmake --build /home/andrea/tesi/ros2_mapf_cbs/project_1/build/my_nav2_planner -- -j8 -l8
[22.399s] Invoking command in '/home/andrea/tesi/ros2_mapf_cbs/project_1/build/my_nav2_planner': CMAKE_PREFIX_PATH=/home/andrea/tesi/ros2_mapf_cbs/project_1/install/my_nav2_navfn_planner:/home/andrea/tesi/ros2_mapf_cbs/project_1/install/my_nav2_core:/home/andrea/tesi/ros2_mapf_cbs/project_1/install/my_intermediate_interfaces:/home/andrea/tesi/ros2_mapf_cbs/project_1/install/turtlebot3_multi_robot:/home/andrea/tesi/ros2_mapf_cbs/project_1/install/nav2_straightline_planner:/home/andrea/tesi/ros2_mapf_cbs/project_1/install/my_try_bringup:/home/andrea/tesi/ros2_mapf_cbs/project_1/install/my_nav2_planner:/home/andrea/tesi/ros2_mapf_cbs/simple_example/install/my_robot_bringup:/home/andrea/tesi/ros2_mapf_cbs/simple_example/install/my_robot_interfaces:/home/andrea/tesi/ros2_mapf_cbs/project_1/install/my_package:/home/andrea/tesi/ros2_mapf_cbs/project_1/install/my_intermediate:/home/andrea/tesi/ros2_mapf_cbs/simple_example/install/my_py_pkg:/opt/ros/humble LD_LIBRARY_PATH=/home/andrea/tesi/ros2_mapf_cbs/project_1/install/my_nav2_navfn_planner/lib:/home/andrea/tesi/ros2_mapf_cbs/project_1/install/my_intermediate_interfaces/lib:/home/andrea/tesi/ros2_mapf_cbs/project_1/install/nav2_straightline_planner/lib:/home/andrea/tesi/ros2_mapf_cbs/project_1/install/my_nav2_planner/lib:/home/andrea/tesi/ros2_mapf_cbs/simple_example/install/my_robot_interfaces/lib:/usr/lib/x86_64-linux-gnu/gazebo-11/plugins:/opt/ros/humble/opt/rviz_ogre_vendor/lib:/opt/ros/humble/lib/x86_64-linux-gnu:/opt/ros/humble/lib:/home/andrea/ws_online/build/ros2_bdi_on_litter_world /usr/bin/cmake --install /home/andrea/tesi/ros2_mapf_cbs/project_1/build/my_nav2_planner
[22.407s] -- Install configuration: "Release"
[22.407s] -- Execute custom install script
[22.407s] -- Up-to-date symlink: /home/andrea/tesi/ros2_mapf_cbs/project_1/install/my_nav2_planner/lib/libmy_planner_server_core.so
[22.408s] -- Up-to-date symlink: /home/andrea/tesi/ros2_mapf_cbs/project_1/install/my_nav2_planner/lib/my_nav2_planner/my_planner_server
[22.408s] -- Up-to-date symlink: /home/andrea/tesi/ros2_mapf_cbs/project_1/install/my_nav2_planner/include//my_nav2_planner/my_planner_server.hpp
[22.408s] -- Up-to-date symlink: /home/andrea/tesi/ros2_mapf_cbs/project_1/install/my_nav2_planner/share/my_nav2_planner/environment/library_path.sh
[22.408s] -- Up-to-date symlink: /home/andrea/tesi/ros2_mapf_cbs/project_1/install/my_nav2_planner/share/my_nav2_planner/environment/library_path.dsv
[22.408s] -- Up-to-date symlink: /home/andrea/tesi/ros2_mapf_cbs/project_1/install/my_nav2_planner/share/ament_index/resource_index/package_run_dependencies/my_nav2_planner
[22.409s] -- Up-to-date symlink: /home/andrea/tesi/ros2_mapf_cbs/project_1/install/my_nav2_planner/share/ament_index/resource_index/parent_prefix_path/my_nav2_planner
[22.409s] -- Up-to-date symlink: /home/andrea/tesi/ros2_mapf_cbs/project_1/install/my_nav2_planner/share/my_nav2_planner/environment/ament_prefix_path.sh
[22.409s] -- Up-to-date symlink: /home/andrea/tesi/ros2_mapf_cbs/project_1/install/my_nav2_planner/share/my_nav2_planner/environment/ament_prefix_path.dsv
[22.409s] -- Up-to-date symlink: /home/andrea/tesi/ros2_mapf_cbs/project_1/install/my_nav2_planner/share/my_nav2_planner/environment/path.sh
[22.409s] -- Up-to-date symlink: /home/andrea/tesi/ros2_mapf_cbs/project_1/install/my_nav2_planner/share/my_nav2_planner/environment/path.dsv
[22.409s] -- Up-to-date symlink: /home/andrea/tesi/ros2_mapf_cbs/project_1/install/my_nav2_planner/share/my_nav2_planner/local_setup.bash
[22.409s] -- Up-to-date symlink: /home/andrea/tesi/ros2_mapf_cbs/project_1/install/my_nav2_planner/share/my_nav2_planner/local_setup.sh
[22.409s] -- Up-to-date symlink: /home/andrea/tesi/ros2_mapf_cbs/project_1/install/my_nav2_planner/share/my_nav2_planner/local_setup.zsh
[22.409s] -- Up-to-date symlink: /home/andrea/tesi/ros2_mapf_cbs/project_1/install/my_nav2_planner/share/my_nav2_planner/local_setup.dsv
[22.409s] -- Symlinking: /home/andrea/tesi/ros2_mapf_cbs/project_1/install/my_nav2_planner/share/my_nav2_planner/package.dsv
[22.416s] -- Up-to-date symlink: /home/andrea/tesi/ros2_mapf_cbs/project_1/install/my_nav2_planner/share/ament_index/resource_index/packages/my_nav2_planner
[22.416s] -- Up-to-date symlink: /home/andrea/tesi/ros2_mapf_cbs/project_1/install/my_nav2_planner/share/ament_index/resource_index/rclcpp_components/my_nav2_planner
[22.416s] -- Up-to-date symlink: /home/andrea/tesi/ros2_mapf_cbs/project_1/install/my_nav2_planner/share/my_nav2_planner/cmake/ament_cmake_export_include_directories-extras.cmake
[22.416s] -- Up-to-date symlink: /home/andrea/tesi/ros2_mapf_cbs/project_1/install/my_nav2_planner/share/my_nav2_planner/cmake/ament_cmake_export_libraries-extras.cmake
[22.417s] -- Up-to-date symlink: /home/andrea/tesi/ros2_mapf_cbs/project_1/install/my_nav2_planner/share/my_nav2_planner/cmake/ament_cmake_export_dependencies-extras.cmake
[22.417s] -- Up-to-date symlink: /home/andrea/tesi/ros2_mapf_cbs/project_1/install/my_nav2_planner/share/my_nav2_planner/cmake/my_nav2_plannerConfig.cmake
[22.417s] -- Up-to-date symlink: /home/andrea/tesi/ros2_mapf_cbs/project_1/install/my_nav2_planner/share/my_nav2_planner/cmake/my_nav2_plannerConfig-version.cmake
[22.417s] -- Up-to-date symlink: /home/andrea/tesi/ros2_mapf_cbs/project_1/install/my_nav2_planner/share/my_nav2_planner/package.xml
[22.418s] Invoked command in '/home/andrea/tesi/ros2_mapf_cbs/project_1/build/my_nav2_planner' returned '0': CMAKE_PREFIX_PATH=/home/andrea/tesi/ros2_mapf_cbs/project_1/install/my_nav2_navfn_planner:/home/andrea/tesi/ros2_mapf_cbs/project_1/install/my_nav2_core:/home/andrea/tesi/ros2_mapf_cbs/project_1/install/my_intermediate_interfaces:/home/andrea/tesi/ros2_mapf_cbs/project_1/install/turtlebot3_multi_robot:/home/andrea/tesi/ros2_mapf_cbs/project_1/install/nav2_straightline_planner:/home/andrea/tesi/ros2_mapf_cbs/project_1/install/my_try_bringup:/home/andrea/tesi/ros2_mapf_cbs/project_1/install/my_nav2_planner:/home/andrea/tesi/ros2_mapf_cbs/simple_example/install/my_robot_bringup:/home/andrea/tesi/ros2_mapf_cbs/simple_example/install/my_robot_interfaces:/home/andrea/tesi/ros2_mapf_cbs/project_1/install/my_package:/home/andrea/tesi/ros2_mapf_cbs/project_1/install/my_intermediate:/home/andrea/tesi/ros2_mapf_cbs/simple_example/install/my_py_pkg:/opt/ros/humble LD_LIBRARY_PATH=/home/andrea/tesi/ros2_mapf_cbs/project_1/install/my_nav2_navfn_planner/lib:/home/andrea/tesi/ros2_mapf_cbs/project_1/install/my_intermediate_interfaces/lib:/home/andrea/tesi/ros2_mapf_cbs/project_1/install/nav2_straightline_planner/lib:/home/andrea/tesi/ros2_mapf_cbs/project_1/install/my_nav2_planner/lib:/home/andrea/tesi/ros2_mapf_cbs/simple_example/install/my_robot_interfaces/lib:/usr/lib/x86_64-linux-gnu/gazebo-11/plugins:/opt/ros/humble/opt/rviz_ogre_vendor/lib:/opt/ros/humble/lib/x86_64-linux-gnu:/opt/ros/humble/lib:/home/andrea/ws_online/build/ros2_bdi_on_litter_world /usr/bin/cmake --install /home/andrea/tesi/ros2_mapf_cbs/project_1/build/my_nav2_planner
