-- Found ament_cmake: 1.3.5 (/opt/ros/humble/share/ament_cmake/cmake)
-- Override CMake install command with custom implementation using symlinks instead of copying resources
-- Found nav2_common: 1.1.12 (/opt/ros/humble/share/nav2_common/cmake)
-- Found rclcpp: 16.0.6 (/opt/ros/humble/share/rclcpp/cmake)
-- Found rosidl_generator_c: 3.1.5 (/opt/ros/humble/share/rosidl_generator_c/cmake)
-- Found rosidl_adapter: 3.1.5 (/opt/ros/humble/share/rosidl_adapter/cmake)
-- Found rosidl_generator_cpp: 3.1.5 (/opt/ros/humble/share/rosidl_generator_cpp/cmake)
-- Using all available rosidl_typesupport_c: rosidl_typesupport_fastrtps_c;rosidl_typesupport_introspection_c
-- Using all available rosidl_typesupport_cpp: rosidl_typesupport_fastrtps_cpp;rosidl_typesupport_introspection_cpp
-- Found rmw_implementation_cmake: 6.1.1 (/opt/ros/humble/share/rmw_implementation_cmake/cmake)
-- Found rmw_cyclonedds_cpp: 1.3.4 (/opt/ros/humble/share/rmw_cyclonedds_cpp/cmake)
-- Using RMW implementation 'rmw_cyclonedds_cpp' as default
-- Found rclcpp_action: 16.0.6 (/opt/ros/humble/share/rclcpp_action/cmake)
-- Found rclcpp_lifecycle: 16.0.6 (/opt/ros/humble/share/rclcpp_lifecycle/cmake)
-- Found visualization_msgs: 4.2.3 (/opt/ros/humble/share/visualization_msgs/cmake)
-- Found nav2_util: 1.1.12 (/opt/ros/humble/share/nav2_util/cmake)
-- Found eigen3_cmake_module: 0.1.1 (/opt/ros/humble/share/eigen3_cmake_module/cmake)
-- Ensuring Eigen3 include directory is part of orocos-kdl CMake target
-- Found nav2_core: 1.1.12 (/opt/ros/humble/share/nav2_core/cmake)
-- Found my_nav2_core: 1.1.12 (/home/andrea/tesi/ros2_mapf_cbs/project_1/install/my_nav2_core/share/my_nav2_core/cmake)
-- Found OpenMP_C: -fopenmp (found version "4.5") 
-- Found OpenMP_CXX: -fopenmp (found version "4.5") 
-- Found OpenMP_C: -fopenmp (found version "4.5") 
-- Found OpenMP_CXX: -fopenmp (found version "4.5") 
-- Found ament_lint_auto: 0.12.8 (/opt/ros/humble/share/ament_lint_auto/cmake)
-- Added test 'copyright' to check source files copyright and LICENSE
-- Added test 'cppcheck' to perform static code analysis on C / C++ code
-- Configured cppcheck include dirs: /home/andrea/tesi/ros2_mapf_cbs/project_1/src/my_nav2_smac_planner/include
-- Configured cppcheck exclude dirs and/or files: include/my_nav2_smac_planner/thirdparty/robin_hood.h
-- Added test 'cpplint' to check C / C++ code against the Google style
-- Configured cpplint exclude dirs and/or files: include/my_nav2_smac_planner/thirdparty/robin_hood.h
-- Added test 'flake8' to check Python code syntax and style conventions
-- Added test 'lint_cmake' to check CMake code style
-- Added test 'pep257' to check Python code against some of the docstring style conventions in PEP 257
-- Added test 'uncrustify' to check C / C++ code style
-- Configured uncrustify additional arguments: 
-- Added test 'xmllint' to check XML markup files
-- Configuring done
-- Generating done
-- Build files have been written to: /home/andrea/tesi/ros2_mapf_cbs/project_1/build/my_nav2_smac_planner
[35m[1mConsolidate compiler generated dependencies of target my_nav2_smac_planner_lattice[0m
[35m[1mConsolidate compiler generated dependencies of target my_nav2_smac_planner_2d[0m
[35m[1mConsolidate compiler generated dependencies of target my_nav2_smac_planner[0m
[  3%] [32mBuilding CXX object CMakeFiles/my_nav2_smac_planner_lattice.dir/src/smac_planner_lattice.cpp.o[0m
[  6%] [32mBuilding CXX object CMakeFiles/my_nav2_smac_planner_lattice.dir/src/a_star.cpp.o[0m
[  9%] [32mBuilding CXX object CMakeFiles/my_nav2_smac_planner_lattice.dir/src/smoother.cpp.o[0m
[ 12%] [32mBuilding CXX object CMakeFiles/my_nav2_smac_planner.dir/src/smac_planner_hybrid.cpp.o[0m
[ 15%] [32mBuilding CXX object CMakeFiles/my_nav2_smac_planner.dir/src/a_star.cpp.o[0m
[ 18%] [32mBuilding CXX object CMakeFiles/my_nav2_smac_planner_lattice.dir/src/analytic_expansion.cpp.o[0m
[ 21%] [32mBuilding CXX object CMakeFiles/my_nav2_smac_planner_lattice.dir/src/collision_checker.cpp.o[0m
[ 24%] [32mBuilding CXX object CMakeFiles/my_nav2_smac_planner_2d.dir/src/smac_planner_2d.cpp.o[0m
[ 27%] [32mBuilding CXX object CMakeFiles/my_nav2_smac_planner.dir/src/collision_checker.cpp.o[0m
[ 33%] [32mBuilding CXX object CMakeFiles/my_nav2_smac_planner.dir/src/smoother.cpp.o[0m
[ 33%] [32mBuilding CXX object CMakeFiles/my_nav2_smac_planner_2d.dir/src/a_star.cpp.o[0m
[ 36%] [32mBuilding CXX object CMakeFiles/my_nav2_smac_planner_2d.dir/src/smoother.cpp.o[0m
[ 39%] [32mBuilding CXX object CMakeFiles/my_nav2_smac_planner_lattice.dir/src/node_hybrid.cpp.o[0m
[ 42%] [32mBuilding CXX object CMakeFiles/my_nav2_smac_planner_lattice.dir/src/node_lattice.cpp.o[0m
[ 45%] [32mBuilding CXX object CMakeFiles/my_nav2_smac_planner.dir/src/analytic_expansion.cpp.o[0m
[ 48%] [32mBuilding CXX object CMakeFiles/my_nav2_smac_planner.dir/src/node_hybrid.cpp.o[0m
[ 51%] [32mBuilding CXX object CMakeFiles/my_nav2_smac_planner_lattice.dir/src/costmap_downsampler.cpp.o[0m
[ 54%] [32mBuilding CXX object CMakeFiles/my_nav2_smac_planner.dir/src/node_lattice.cpp.o[0m
[ 57%] [32mBuilding CXX object CMakeFiles/my_nav2_smac_planner.dir/src/costmap_downsampler.cpp.o[0m
[ 60%] [32mBuilding CXX object CMakeFiles/my_nav2_smac_planner.dir/src/node_2d.cpp.o[0m
[ 63%] [32mBuilding CXX object CMakeFiles/my_nav2_smac_planner_lattice.dir/src/node_2d.cpp.o[0m
[ 66%] [32mBuilding CXX object CMakeFiles/my_nav2_smac_planner_lattice.dir/src/node_basic.cpp.o[0m
[ 69%] [32mBuilding CXX object CMakeFiles/my_nav2_smac_planner.dir/src/node_basic.cpp.o[0m
[ 72%] [32m[1mLinking CXX shared library libmy_nav2_smac_planner_lattice.so[0m
[ 72%] Built target my_nav2_smac_planner_lattice
[ 75%] [32m[1mLinking CXX shared library libmy_nav2_smac_planner.so[0m
[ 75%] Built target my_nav2_smac_planner
