[0.688s] DEBUG:colcon:Command line arguments: ['/usr/bin/colcon', 'build']
[0.688s] DEBUG:colcon:Parsed command line arguments: Namespace(log_base=None, log_level=None, verb_name='build', build_base='build', install_base='install', merge_install=False, symlink_install=False, test_result_base=None, continue_on_error=False, executor='parallel', parallel_workers=8, event_handlers=None, ignore_user_meta=False, metas=['./colcon.meta'], base_paths=['.'], packages_ignore=None, packages_ignore_regex=None, paths=None, packages_up_to=None, packages_up_to_regex=None, packages_above=None, packages_above_and_dependencies=None, packages_above_depth=None, packages_select_by_dep=None, packages_skip_by_dep=None, packages_skip_up_to=None, packages_select_build_failed=False, packages_skip_build_finished=False, packages_select_test_failures=False, packages_skip_test_passed=False, packages_select=None, packages_skip=None, packages_select_regex=None, packages_skip_regex=None, packages_start=None, packages_end=None, allow_overriding=[], cmake_args=None, cmake_target=None, cmake_target_skip_unavailable=False, cmake_clean_cache=False, cmake_clean_first=False, cmake_force_configure=False, ament_cmake_args=None, catkin_cmake_args=None, catkin_skip_building_tests=False, verb_parser=<colcon_defaults.argument_parser.defaults.DefaultArgumentsDecorator object at 0x7f8831f246d0>, verb_extension=<colcon_core.verb.build.BuildVerb object at 0x7f88322b4b20>, main=<bound method BuildVerb.main of <colcon_core.verb.build.BuildVerb object at 0x7f88322b4b20>>)
[0.721s] Level 1:colcon.colcon_core.package_discovery:discover_packages(colcon_meta) check parameters
[0.721s] Level 1:colcon.colcon_core.package_discovery:discover_packages(recursive) check parameters
[0.721s] Level 1:colcon.colcon_core.package_discovery:discover_packages(ignore) check parameters
[0.721s] Level 1:colcon.colcon_core.package_discovery:discover_packages(path) check parameters
[0.721s] Level 1:colcon.colcon_core.package_discovery:discover_packages(colcon_meta) discover
[0.722s] Level 1:colcon.colcon_core.package_discovery:discover_packages(recursive) discover
[0.722s] INFO:colcon.colcon_core.package_discovery:Crawling recursively for packages in '/home/andrea/tesi/ros2_mapf_cbs/project_1'
[0.722s] Level 1:colcon.colcon_core.package_identification:_identify(.) by extensions ['ignore', 'ignore_ament_install']
[0.722s] Level 1:colcon.colcon_core.package_identification:_identify(.) by extension 'ignore'
[0.722s] Level 1:colcon.colcon_core.package_identification:_identify(.) by extension 'ignore_ament_install'
[0.722s] Level 1:colcon.colcon_core.package_identification:_identify(.) by extensions ['colcon_pkg']
[0.722s] Level 1:colcon.colcon_core.package_identification:_identify(.) by extension 'colcon_pkg'
[0.722s] Level 1:colcon.colcon_core.package_identification:_identify(.) by extensions ['colcon_meta']
[0.722s] Level 1:colcon.colcon_core.package_identification:_identify(.) by extension 'colcon_meta'
[0.722s] Level 1:colcon.colcon_core.package_identification:_identify(.) by extensions ['ros']
[0.722s] Level 1:colcon.colcon_core.package_identification:_identify(.) by extension 'ros'
[0.729s] Level 1:colcon.colcon_core.package_identification:_identify(.) by extensions ['cmake', 'python']
[0.729s] Level 1:colcon.colcon_core.package_identification:_identify(.) by extension 'cmake'
[0.729s] Level 1:colcon.colcon_core.package_identification:_identify(.) by extension 'python'
[0.729s] Level 1:colcon.colcon_core.package_identification:_identify(.) by extensions ['python_setup_py']
[0.729s] Level 1:colcon.colcon_core.package_identification:_identify(.) by extension 'python_setup_py'
[0.729s] Level 1:colcon.colcon_core.package_identification:_identify(build) by extensions ['ignore', 'ignore_ament_install']
[0.730s] Level 1:colcon.colcon_core.package_identification:_identify(build) by extension 'ignore'
[0.730s] Level 1:colcon.colcon_core.package_identification:_identify(build) ignored
[0.730s] Level 1:colcon.colcon_core.package_identification:_identify(install) by extensions ['ignore', 'ignore_ament_install']
[0.730s] Level 1:colcon.colcon_core.package_identification:_identify(install) by extension 'ignore'
[0.730s] Level 1:colcon.colcon_core.package_identification:_identify(install) ignored
[0.730s] Level 1:colcon.colcon_core.package_identification:_identify(log) by extensions ['ignore', 'ignore_ament_install']
[0.730s] Level 1:colcon.colcon_core.package_identification:_identify(log) by extension 'ignore'
[0.730s] Level 1:colcon.colcon_core.package_identification:_identify(log) ignored
[0.730s] Level 1:colcon.colcon_core.package_identification:_identify(src) by extensions ['ignore', 'ignore_ament_install']
[0.730s] Level 1:colcon.colcon_core.package_identification:_identify(src) by extension 'ignore'
[0.730s] Level 1:colcon.colcon_core.package_identification:_identify(src) by extension 'ignore_ament_install'
[0.730s] Level 1:colcon.colcon_core.package_identification:_identify(src) by extensions ['colcon_pkg']
[0.730s] Level 1:colcon.colcon_core.package_identification:_identify(src) by extension 'colcon_pkg'
[0.730s] Level 1:colcon.colcon_core.package_identification:_identify(src) by extensions ['colcon_meta']
[0.730s] Level 1:colcon.colcon_core.package_identification:_identify(src) by extension 'colcon_meta'
[0.730s] Level 1:colcon.colcon_core.package_identification:_identify(src) by extensions ['ros']
[0.730s] Level 1:colcon.colcon_core.package_identification:_identify(src) by extension 'ros'
[0.730s] Level 1:colcon.colcon_core.package_identification:_identify(src) by extensions ['cmake', 'python']
[0.730s] Level 1:colcon.colcon_core.package_identification:_identify(src) by extension 'cmake'
[0.730s] Level 1:colcon.colcon_core.package_identification:_identify(src) by extension 'python'
[0.730s] Level 1:colcon.colcon_core.package_identification:_identify(src) by extensions ['python_setup_py']
[0.730s] Level 1:colcon.colcon_core.package_identification:_identify(src) by extension 'python_setup_py'
[0.730s] Level 1:colcon.colcon_core.package_identification:_identify(src/my_intermediate) by extensions ['ignore', 'ignore_ament_install']
[0.730s] Level 1:colcon.colcon_core.package_identification:_identify(src/my_intermediate) by extension 'ignore'
[0.730s] Level 1:colcon.colcon_core.package_identification:_identify(src/my_intermediate) by extension 'ignore_ament_install'
[0.731s] Level 1:colcon.colcon_core.package_identification:_identify(src/my_intermediate) by extensions ['colcon_pkg']
[0.731s] Level 1:colcon.colcon_core.package_identification:_identify(src/my_intermediate) by extension 'colcon_pkg'
[0.731s] Level 1:colcon.colcon_core.package_identification:_identify(src/my_intermediate) by extensions ['colcon_meta']
[0.731s] Level 1:colcon.colcon_core.package_identification:_identify(src/my_intermediate) by extension 'colcon_meta'
[0.731s] Level 1:colcon.colcon_core.package_identification:_identify(src/my_intermediate) by extensions ['ros']
[0.731s] Level 1:colcon.colcon_core.package_identification:_identify(src/my_intermediate) by extension 'ros'
[0.733s] DEBUG:colcon.colcon_core.package_identification:Package 'src/my_intermediate' with type 'ros.ament_python' and name 'my_intermediate'
[0.733s] Level 1:colcon.colcon_core.package_identification:_identify(src/my_intermediate_interfaces) by extensions ['ignore', 'ignore_ament_install']
[0.733s] Level 1:colcon.colcon_core.package_identification:_identify(src/my_intermediate_interfaces) by extension 'ignore'
[0.733s] Level 1:colcon.colcon_core.package_identification:_identify(src/my_intermediate_interfaces) by extension 'ignore_ament_install'
[0.733s] Level 1:colcon.colcon_core.package_identification:_identify(src/my_intermediate_interfaces) by extensions ['colcon_pkg']
[0.733s] Level 1:colcon.colcon_core.package_identification:_identify(src/my_intermediate_interfaces) by extension 'colcon_pkg'
[0.733s] Level 1:colcon.colcon_core.package_identification:_identify(src/my_intermediate_interfaces) by extensions ['colcon_meta']
[0.733s] Level 1:colcon.colcon_core.package_identification:_identify(src/my_intermediate_interfaces) by extension 'colcon_meta'
[0.733s] Level 1:colcon.colcon_core.package_identification:_identify(src/my_intermediate_interfaces) by extensions ['ros']
[0.733s] Level 1:colcon.colcon_core.package_identification:_identify(src/my_intermediate_interfaces) by extension 'ros'
[0.733s] DEBUG:colcon.colcon_core.package_identification:Package 'src/my_intermediate_interfaces' with type 'ros.ament_cmake' and name 'my_intermediate_interfaces'
[0.733s] Level 1:colcon.colcon_core.package_identification:_identify(src/my_package) by extensions ['ignore', 'ignore_ament_install']
[0.734s] Level 1:colcon.colcon_core.package_identification:_identify(src/my_package) by extension 'ignore'
[0.734s] Level 1:colcon.colcon_core.package_identification:_identify(src/my_package) by extension 'ignore_ament_install'
[0.734s] Level 1:colcon.colcon_core.package_identification:_identify(src/my_package) by extensions ['colcon_pkg']
[0.734s] Level 1:colcon.colcon_core.package_identification:_identify(src/my_package) by extension 'colcon_pkg'
[0.734s] Level 1:colcon.colcon_core.package_identification:_identify(src/my_package) by extensions ['colcon_meta']
[0.734s] Level 1:colcon.colcon_core.package_identification:_identify(src/my_package) by extension 'colcon_meta'
[0.734s] Level 1:colcon.colcon_core.package_identification:_identify(src/my_package) by extensions ['ros']
[0.734s] Level 1:colcon.colcon_core.package_identification:_identify(src/my_package) by extension 'ros'
[0.734s] DEBUG:colcon.colcon_core.package_identification:Package 'src/my_package' with type 'ros.ament_python' and name 'my_package'
[0.734s] Level 1:colcon.colcon_core.package_identification:_identify(src/my_try_bringup) by extensions ['ignore', 'ignore_ament_install']
[0.734s] Level 1:colcon.colcon_core.package_identification:_identify(src/my_try_bringup) by extension 'ignore'
[0.734s] Level 1:colcon.colcon_core.package_identification:_identify(src/my_try_bringup) by extension 'ignore_ament_install'
[0.734s] Level 1:colcon.colcon_core.package_identification:_identify(src/my_try_bringup) by extensions ['colcon_pkg']
[0.734s] Level 1:colcon.colcon_core.package_identification:_identify(src/my_try_bringup) by extension 'colcon_pkg'
[0.734s] Level 1:colcon.colcon_core.package_identification:_identify(src/my_try_bringup) by extensions ['colcon_meta']
[0.734s] Level 1:colcon.colcon_core.package_identification:_identify(src/my_try_bringup) by extension 'colcon_meta'
[0.734s] Level 1:colcon.colcon_core.package_identification:_identify(src/my_try_bringup) by extensions ['ros']
[0.734s] Level 1:colcon.colcon_core.package_identification:_identify(src/my_try_bringup) by extension 'ros'
[0.735s] DEBUG:colcon.colcon_core.package_identification:Package 'src/my_try_bringup' with type 'ros.ament_cmake' and name 'my_try_bringup'
[0.735s] Level 1:colcon.colcon_core.package_identification:_identify(src/turtlebot3_multi_robot) by extensions ['ignore', 'ignore_ament_install']
[0.735s] Level 1:colcon.colcon_core.package_identification:_identify(src/turtlebot3_multi_robot) by extension 'ignore'
[0.735s] Level 1:colcon.colcon_core.package_identification:_identify(src/turtlebot3_multi_robot) by extension 'ignore_ament_install'
[0.735s] Level 1:colcon.colcon_core.package_identification:_identify(src/turtlebot3_multi_robot) by extensions ['colcon_pkg']
[0.735s] Level 1:colcon.colcon_core.package_identification:_identify(src/turtlebot3_multi_robot) by extension 'colcon_pkg'
[0.735s] Level 1:colcon.colcon_core.package_identification:_identify(src/turtlebot3_multi_robot) by extensions ['colcon_meta']
[0.735s] Level 1:colcon.colcon_core.package_identification:_identify(src/turtlebot3_multi_robot) by extension 'colcon_meta'
[0.735s] Level 1:colcon.colcon_core.package_identification:_identify(src/turtlebot3_multi_robot) by extensions ['ros']
[0.735s] Level 1:colcon.colcon_core.package_identification:_identify(src/turtlebot3_multi_robot) by extension 'ros'
[0.736s] DEBUG:colcon.colcon_core.package_identification:Package 'src/turtlebot3_multi_robot' with type 'ros.ament_cmake' and name 'turtlebot3_multi_robot'
[0.736s] Level 1:colcon.colcon_core.package_discovery:discover_packages(recursive) using defaults
[0.736s] Level 1:colcon.colcon_core.package_discovery:discover_packages(ignore) discover
[0.736s] Level 1:colcon.colcon_core.package_discovery:discover_packages(ignore) using defaults
[0.736s] Level 1:colcon.colcon_core.package_discovery:discover_packages(path) discover
[0.736s] Level 1:colcon.colcon_core.package_discovery:discover_packages(path) using defaults
[0.797s] Level 1:colcon.colcon_core.package_discovery:discover_packages(prefix_path) check parameters
[0.797s] Level 1:colcon.colcon_core.package_discovery:discover_packages(prefix_path) discover
[0.818s] DEBUG:colcon.colcon_installed_package_information.package_discovery:Found 5 installed packages in /home/andrea/tesi/ros2_mapf_cbs/project_1/install
[0.835s] DEBUG:colcon.colcon_installed_package_information.package_discovery:Found 3 installed packages in /home/andrea/tesi/ros2_mapf_cbs/simple_example/install
[0.845s] DEBUG:colcon.colcon_installed_package_information.package_discovery:Found 371 installed packages in /opt/ros/humble
[0.846s] Level 1:colcon.colcon_core.package_discovery:discover_packages(prefix_path) using defaults
[0.918s] Level 5:colcon.colcon_core.verb:set package 'my_intermediate' build argument 'cmake_args' from command line to 'None'
[0.918s] Level 5:colcon.colcon_core.verb:set package 'my_intermediate' build argument 'cmake_target' from command line to 'None'
[0.919s] Level 5:colcon.colcon_core.verb:set package 'my_intermediate' build argument 'cmake_target_skip_unavailable' from command line to 'False'
[0.919s] Level 5:colcon.colcon_core.verb:set package 'my_intermediate' build argument 'cmake_clean_cache' from command line to 'False'
[0.919s] Level 5:colcon.colcon_core.verb:set package 'my_intermediate' build argument 'cmake_clean_first' from command line to 'False'
[0.919s] Level 5:colcon.colcon_core.verb:set package 'my_intermediate' build argument 'cmake_force_configure' from command line to 'False'
[0.919s] Level 5:colcon.colcon_core.verb:set package 'my_intermediate' build argument 'ament_cmake_args' from command line to 'None'
[0.919s] Level 5:colcon.colcon_core.verb:set package 'my_intermediate' build argument 'catkin_cmake_args' from command line to 'None'
[0.919s] Level 5:colcon.colcon_core.verb:set package 'my_intermediate' build argument 'catkin_skip_building_tests' from command line to 'False'
[0.919s] DEBUG:colcon.colcon_core.verb:Building package 'my_intermediate' with the following arguments: {'ament_cmake_args': None, 'build_base': '/home/andrea/tesi/ros2_mapf_cbs/project_1/build/my_intermediate', 'catkin_cmake_args': None, 'catkin_skip_building_tests': False, 'cmake_args': None, 'cmake_clean_cache': False, 'cmake_clean_first': False, 'cmake_force_configure': False, 'cmake_target': None, 'cmake_target_skip_unavailable': False, 'install_base': '/home/andrea/tesi/ros2_mapf_cbs/project_1/install/my_intermediate', 'merge_install': False, 'path': '/home/andrea/tesi/ros2_mapf_cbs/project_1/src/my_intermediate', 'symlink_install': False, 'test_result_base': None}
[0.928s] Level 5:colcon.colcon_core.verb:set package 'my_intermediate_interfaces' build argument 'cmake_args' from command line to 'None'
[0.928s] Level 5:colcon.colcon_core.verb:set package 'my_intermediate_interfaces' build argument 'cmake_target' from command line to 'None'
[0.928s] Level 5:colcon.colcon_core.verb:set package 'my_intermediate_interfaces' build argument 'cmake_target_skip_unavailable' from command line to 'False'
[0.928s] Level 5:colcon.colcon_core.verb:set package 'my_intermediate_interfaces' build argument 'cmake_clean_cache' from command line to 'False'
[0.928s] Level 5:colcon.colcon_core.verb:set package 'my_intermediate_interfaces' build argument 'cmake_clean_first' from command line to 'False'
[0.928s] Level 5:colcon.colcon_core.verb:set package 'my_intermediate_interfaces' build argument 'cmake_force_configure' from command line to 'False'
[0.928s] Level 5:colcon.colcon_core.verb:set package 'my_intermediate_interfaces' build argument 'ament_cmake_args' from command line to 'None'
[0.928s] Level 5:colcon.colcon_core.verb:set package 'my_intermediate_interfaces' build argument 'catkin_cmake_args' from command line to 'None'
[0.928s] Level 5:colcon.colcon_core.verb:set package 'my_intermediate_interfaces' build argument 'catkin_skip_building_tests' from command line to 'False'
[0.928s] DEBUG:colcon.colcon_core.verb:Building package 'my_intermediate_interfaces' with the following arguments: {'ament_cmake_args': None, 'build_base': '/home/andrea/tesi/ros2_mapf_cbs/project_1/build/my_intermediate_interfaces', 'catkin_cmake_args': None, 'catkin_skip_building_tests': False, 'cmake_args': None, 'cmake_clean_cache': False, 'cmake_clean_first': False, 'cmake_force_configure': False, 'cmake_target': None, 'cmake_target_skip_unavailable': False, 'install_base': '/home/andrea/tesi/ros2_mapf_cbs/project_1/install/my_intermediate_interfaces', 'merge_install': False, 'path': '/home/andrea/tesi/ros2_mapf_cbs/project_1/src/my_intermediate_interfaces', 'symlink_install': False, 'test_result_base': None}
[0.937s] Level 5:colcon.colcon_core.verb:set package 'my_package' build argument 'cmake_args' from command line to 'None'
[0.937s] Level 5:colcon.colcon_core.verb:set package 'my_package' build argument 'cmake_target' from command line to 'None'
[0.937s] Level 5:colcon.colcon_core.verb:set package 'my_package' build argument 'cmake_target_skip_unavailable' from command line to 'False'
[0.937s] Level 5:colcon.colcon_core.verb:set package 'my_package' build argument 'cmake_clean_cache' from command line to 'False'
[0.937s] Level 5:colcon.colcon_core.verb:set package 'my_package' build argument 'cmake_clean_first' from command line to 'False'
[0.937s] Level 5:colcon.colcon_core.verb:set package 'my_package' build argument 'cmake_force_configure' from command line to 'False'
[0.937s] Level 5:colcon.colcon_core.verb:set package 'my_package' build argument 'ament_cmake_args' from command line to 'None'
[0.937s] Level 5:colcon.colcon_core.verb:set package 'my_package' build argument 'catkin_cmake_args' from command line to 'None'
[0.937s] Level 5:colcon.colcon_core.verb:set package 'my_package' build argument 'catkin_skip_building_tests' from command line to 'False'
[0.938s] DEBUG:colcon.colcon_core.verb:Building package 'my_package' with the following arguments: {'ament_cmake_args': None, 'build_base': '/home/andrea/tesi/ros2_mapf_cbs/project_1/build/my_package', 'catkin_cmake_args': None, 'catkin_skip_building_tests': False, 'cmake_args': None, 'cmake_clean_cache': False, 'cmake_clean_first': False, 'cmake_force_configure': False, 'cmake_target': None, 'cmake_target_skip_unavailable': False, 'install_base': '/home/andrea/tesi/ros2_mapf_cbs/project_1/install/my_package', 'merge_install': False, 'path': '/home/andrea/tesi/ros2_mapf_cbs/project_1/src/my_package', 'symlink_install': False, 'test_result_base': None}
[0.947s] Level 5:colcon.colcon_core.verb:set package 'my_try_bringup' build argument 'cmake_args' from command line to 'None'
[0.947s] Level 5:colcon.colcon_core.verb:set package 'my_try_bringup' build argument 'cmake_target' from command line to 'None'
[0.947s] Level 5:colcon.colcon_core.verb:set package 'my_try_bringup' build argument 'cmake_target_skip_unavailable' from command line to 'False'
[0.947s] Level 5:colcon.colcon_core.verb:set package 'my_try_bringup' build argument 'cmake_clean_cache' from command line to 'False'
[0.947s] Level 5:colcon.colcon_core.verb:set package 'my_try_bringup' build argument 'cmake_clean_first' from command line to 'False'
[0.947s] Level 5:colcon.colcon_core.verb:set package 'my_try_bringup' build argument 'cmake_force_configure' from command line to 'False'
[0.947s] Level 5:colcon.colcon_core.verb:set package 'my_try_bringup' build argument 'ament_cmake_args' from command line to 'None'
[0.947s] Level 5:colcon.colcon_core.verb:set package 'my_try_bringup' build argument 'catkin_cmake_args' from command line to 'None'
[0.947s] Level 5:colcon.colcon_core.verb:set package 'my_try_bringup' build argument 'catkin_skip_building_tests' from command line to 'False'
[0.947s] DEBUG:colcon.colcon_core.verb:Building package 'my_try_bringup' with the following arguments: {'ament_cmake_args': None, 'build_base': '/home/andrea/tesi/ros2_mapf_cbs/project_1/build/my_try_bringup', 'catkin_cmake_args': None, 'catkin_skip_building_tests': False, 'cmake_args': None, 'cmake_clean_cache': False, 'cmake_clean_first': False, 'cmake_force_configure': False, 'cmake_target': None, 'cmake_target_skip_unavailable': False, 'install_base': '/home/andrea/tesi/ros2_mapf_cbs/project_1/install/my_try_bringup', 'merge_install': False, 'path': '/home/andrea/tesi/ros2_mapf_cbs/project_1/src/my_try_bringup', 'symlink_install': False, 'test_result_base': None}
[0.956s] Level 5:colcon.colcon_core.verb:set package 'turtlebot3_multi_robot' build argument 'cmake_args' from command line to 'None'
[0.956s] Level 5:colcon.colcon_core.verb:set package 'turtlebot3_multi_robot' build argument 'cmake_target' from command line to 'None'
[0.956s] Level 5:colcon.colcon_core.verb:set package 'turtlebot3_multi_robot' build argument 'cmake_target_skip_unavailable' from command line to 'False'
[0.956s] Level 5:colcon.colcon_core.verb:set package 'turtlebot3_multi_robot' build argument 'cmake_clean_cache' from command line to 'False'
[0.956s] Level 5:colcon.colcon_core.verb:set package 'turtlebot3_multi_robot' build argument 'cmake_clean_first' from command line to 'False'
[0.956s] Level 5:colcon.colcon_core.verb:set package 'turtlebot3_multi_robot' build argument 'cmake_force_configure' from command line to 'False'
[0.956s] Level 5:colcon.colcon_core.verb:set package 'turtlebot3_multi_robot' build argument 'ament_cmake_args' from command line to 'None'
[0.956s] Level 5:colcon.colcon_core.verb:set package 'turtlebot3_multi_robot' build argument 'catkin_cmake_args' from command line to 'None'
[0.956s] Level 5:colcon.colcon_core.verb:set package 'turtlebot3_multi_robot' build argument 'catkin_skip_building_tests' from command line to 'False'
[0.956s] DEBUG:colcon.colcon_core.verb:Building package 'turtlebot3_multi_robot' with the following arguments: {'ament_cmake_args': None, 'build_base': '/home/andrea/tesi/ros2_mapf_cbs/project_1/build/turtlebot3_multi_robot', 'catkin_cmake_args': None, 'catkin_skip_building_tests': False, 'cmake_args': None, 'cmake_clean_cache': False, 'cmake_clean_first': False, 'cmake_force_configure': False, 'cmake_target': None, 'cmake_target_skip_unavailable': False, 'install_base': '/home/andrea/tesi/ros2_mapf_cbs/project_1/install/turtlebot3_multi_robot', 'merge_install': False, 'path': '/home/andrea/tesi/ros2_mapf_cbs/project_1/src/turtlebot3_multi_robot', 'symlink_install': False, 'test_result_base': None}
[0.965s] INFO:colcon.colcon_core.executor:Executing jobs using 'parallel' executor
[0.975s] DEBUG:colcon.colcon_parallel_executor.executor.parallel:run_until_complete
[0.975s] INFO:colcon.colcon_ros.task.ament_python.build:Building ROS package in '/home/andrea/tesi/ros2_mapf_cbs/project_1/src/my_intermediate' with build type 'ament_python'
[0.976s] Level 1:colcon.colcon_core.shell:create_environment_hook('my_intermediate', 'ament_prefix_path')
[0.989s] INFO:colcon.colcon_core.plugin_system:Skipping extension 'colcon_core.shell.bat': Not used on non-Windows systems
[0.989s] INFO:colcon.colcon_core.shell:Creating environment hook '/home/andrea/tesi/ros2_mapf_cbs/project_1/install/my_intermediate/share/my_intermediate/hook/ament_prefix_path.ps1'
[0.989s] INFO:colcon.colcon_core.shell:Creating environment descriptor '/home/andrea/tesi/ros2_mapf_cbs/project_1/install/my_intermediate/share/my_intermediate/hook/ament_prefix_path.dsv'
[0.990s] INFO:colcon.colcon_core.shell:Creating environment hook '/home/andrea/tesi/ros2_mapf_cbs/project_1/install/my_intermediate/share/my_intermediate/hook/ament_prefix_path.sh'
[1.000s] INFO:colcon.colcon_core.shell:Skip shell extension 'powershell' for command environment: Not usable outside of PowerShell
[1.000s] DEBUG:colcon.colcon_core.shell:Skip shell extension 'dsv' for command environment
[1.040s] INFO:colcon.colcon_ros.task.ament_cmake.build:Building ROS package in '/home/andrea/tesi/ros2_mapf_cbs/project_1/src/my_intermediate_interfaces' with build type 'ament_cmake'
[1.040s] INFO:colcon.colcon_cmake.task.cmake.build:Building CMake package in '/home/andrea/tesi/ros2_mapf_cbs/project_1/src/my_intermediate_interfaces'
[1.049s] INFO:colcon.colcon_core.shell:Skip shell extension 'powershell' for command environment: Not usable outside of PowerShell
[1.049s] DEBUG:colcon.colcon_core.shell:Skip shell extension 'dsv' for command environment
[1.090s] INFO:colcon.colcon_ros.task.ament_python.build:Building ROS package in '/home/andrea/tesi/ros2_mapf_cbs/project_1/src/my_package' with build type 'ament_python'
[1.090s] Level 1:colcon.colcon_core.shell:create_environment_hook('my_package', 'ament_prefix_path')
[1.100s] INFO:colcon.colcon_core.shell:Creating environment hook '/home/andrea/tesi/ros2_mapf_cbs/project_1/install/my_package/share/my_package/hook/ament_prefix_path.ps1'
[1.101s] INFO:colcon.colcon_core.shell:Creating environment descriptor '/home/andrea/tesi/ros2_mapf_cbs/project_1/install/my_package/share/my_package/hook/ament_prefix_path.dsv'
[1.101s] INFO:colcon.colcon_core.shell:Creating environment hook '/home/andrea/tesi/ros2_mapf_cbs/project_1/install/my_package/share/my_package/hook/ament_prefix_path.sh'
[1.111s] INFO:colcon.colcon_core.shell:Skip shell extension 'powershell' for command environment: Not usable outside of PowerShell
[1.111s] DEBUG:colcon.colcon_core.shell:Skip shell extension 'dsv' for command environment
[1.150s] INFO:colcon.colcon_ros.task.ament_cmake.build:Building ROS package in '/home/andrea/tesi/ros2_mapf_cbs/project_1/src/my_try_bringup' with build type 'ament_cmake'
[1.150s] INFO:colcon.colcon_cmake.task.cmake.build:Building CMake package in '/home/andrea/tesi/ros2_mapf_cbs/project_1/src/my_try_bringup'
[1.160s] INFO:colcon.colcon_core.shell:Skip shell extension 'powershell' for command environment: Not usable outside of PowerShell
[1.160s] DEBUG:colcon.colcon_core.shell:Skip shell extension 'dsv' for command environment
[1.391s] INFO:colcon.colcon_core.task.python.build:Building Python package in '/home/andrea/tesi/ros2_mapf_cbs/project_1/src/my_intermediate'
[1.401s] INFO:colcon.colcon_core.shell:Skip shell extension 'powershell' for command environment: Not usable outside of PowerShell
[1.401s] DEBUG:colcon.colcon_core.shell:Skip shell extension 'dsv' for command environment
[1.443s] DEBUG:colcon.colcon_core.event_handler.log_command:Invoking command in '/home/andrea/tesi/ros2_mapf_cbs/project_1/build/my_intermediate_interfaces': CMAKE_PREFIX_PATH=${CMAKE_PREFIX_PATH}:/home/andrea/tesi/ros2_mapf_cbs/project_1/install/my_package:/home/andrea/tesi/ros2_mapf_cbs/project_1/install/my_intermediate:/home/andrea/tesi/ros2_mapf_cbs/simple_example/install/my_py_pkg:/opt/ros/humble /usr/bin/cmake --build /home/andrea/tesi/ros2_mapf_cbs/project_1/build/my_intermediate_interfaces -- -j8 -l8
[1.631s] INFO:colcon.colcon_core.task.python.build:Building Python package in '/home/andrea/tesi/ros2_mapf_cbs/project_1/src/my_package'
[1.641s] INFO:colcon.colcon_core.shell:Skip shell extension 'powershell' for command environment: Not usable outside of PowerShell
[1.641s] DEBUG:colcon.colcon_core.shell:Skip shell extension 'dsv' for command environment
[1.685s] DEBUG:colcon.colcon_core.event_handler.log_command:Invoking command in '/home/andrea/tesi/ros2_mapf_cbs/project_1/build/my_try_bringup': CMAKE_PREFIX_PATH=${CMAKE_PREFIX_PATH}:/home/andrea/tesi/ros2_mapf_cbs/project_1/install/my_package:/home/andrea/tesi/ros2_mapf_cbs/project_1/install/my_intermediate:/home/andrea/tesi/ros2_mapf_cbs/simple_example/install/my_py_pkg:/opt/ros/humble /usr/bin/cmake --build /home/andrea/tesi/ros2_mapf_cbs/project_1/build/my_try_bringup -- -j8 -l8
[1.710s] DEBUG:colcon.colcon_core.event_handler.log_command:Invoked command in '/home/andrea/tesi/ros2_mapf_cbs/project_1/build/my_try_bringup' returned '0': CMAKE_PREFIX_PATH=${CMAKE_PREFIX_PATH}:/home/andrea/tesi/ros2_mapf_cbs/project_1/install/my_package:/home/andrea/tesi/ros2_mapf_cbs/project_1/install/my_intermediate:/home/andrea/tesi/ros2_mapf_cbs/simple_example/install/my_py_pkg:/opt/ros/humble /usr/bin/cmake --build /home/andrea/tesi/ros2_mapf_cbs/project_1/build/my_try_bringup -- -j8 -l8
[1.731s] DEBUG:colcon.colcon_core.event_handler.log_command:Invoking command in '/home/andrea/tesi/ros2_mapf_cbs/project_1/build/my_try_bringup': CMAKE_PREFIX_PATH=${CMAKE_PREFIX_PATH}:/home/andrea/tesi/ros2_mapf_cbs/project_1/install/my_package:/home/andrea/tesi/ros2_mapf_cbs/project_1/install/my_intermediate:/home/andrea/tesi/ros2_mapf_cbs/simple_example/install/my_py_pkg:/opt/ros/humble /usr/bin/cmake --install /home/andrea/tesi/ros2_mapf_cbs/project_1/build/my_try_bringup
[1.746s] Level 1:colcon.colcon_core.environment:create_environment_scripts_only(my_try_bringup)
[1.746s] DEBUG:colcon.colcon_core.event_handler.log_command:Invoked command in '/home/andrea/tesi/ros2_mapf_cbs/project_1/build/my_try_bringup' returned '0': CMAKE_PREFIX_PATH=${CMAKE_PREFIX_PATH}:/home/andrea/tesi/ros2_mapf_cbs/project_1/install/my_package:/home/andrea/tesi/ros2_mapf_cbs/project_1/install/my_intermediate:/home/andrea/tesi/ros2_mapf_cbs/simple_example/install/my_py_pkg:/opt/ros/humble /usr/bin/cmake --install /home/andrea/tesi/ros2_mapf_cbs/project_1/build/my_try_bringup
[1.769s] Level 1:colcon.colcon_core.environment:checking '/home/andrea/tesi/ros2_mapf_cbs/project_1/install/my_try_bringup' for CMake module files
[1.769s] Level 1:colcon.colcon_core.environment:checking '/home/andrea/tesi/ros2_mapf_cbs/project_1/install/my_try_bringup' for CMake config files
[1.769s] Level 1:colcon.colcon_core.shell:create_environment_hook('my_try_bringup', 'cmake_prefix_path')
[1.789s] INFO:colcon.colcon_core.shell:Creating environment hook '/home/andrea/tesi/ros2_mapf_cbs/project_1/install/my_try_bringup/share/my_try_bringup/hook/cmake_prefix_path.ps1'
[1.789s] INFO:colcon.colcon_core.shell:Creating environment descriptor '/home/andrea/tesi/ros2_mapf_cbs/project_1/install/my_try_bringup/share/my_try_bringup/hook/cmake_prefix_path.dsv'
[1.789s] INFO:colcon.colcon_core.shell:Creating environment hook '/home/andrea/tesi/ros2_mapf_cbs/project_1/install/my_try_bringup/share/my_try_bringup/hook/cmake_prefix_path.sh'
[1.790s] Level 1:colcon.colcon_core.environment:checking '/home/andrea/tesi/ros2_mapf_cbs/project_1/install/my_try_bringup/bin'
[1.790s] Level 1:colcon.colcon_core.environment:checking '/home/andrea/tesi/ros2_mapf_cbs/project_1/install/my_try_bringup/lib/pkgconfig/my_try_bringup.pc'
[1.791s] Level 1:colcon.colcon_core.environment:checking '/home/andrea/tesi/ros2_mapf_cbs/project_1/install/my_try_bringup/lib/python3.10/site-packages'
[1.791s] Level 1:colcon.colcon_core.environment:checking '/home/andrea/tesi/ros2_mapf_cbs/project_1/install/my_try_bringup/bin'
[1.810s] INFO:colcon.colcon_core.shell:Creating package script '/home/andrea/tesi/ros2_mapf_cbs/project_1/install/my_try_bringup/share/my_try_bringup/package.ps1'
[1.811s] INFO:colcon.colcon_core.shell:Creating package descriptor '/home/andrea/tesi/ros2_mapf_cbs/project_1/install/my_try_bringup/share/my_try_bringup/package.dsv'
[1.812s] INFO:colcon.colcon_core.shell:Creating package script '/home/andrea/tesi/ros2_mapf_cbs/project_1/install/my_try_bringup/share/my_try_bringup/package.sh'
[1.813s] INFO:colcon.colcon_core.shell:Creating package script '/home/andrea/tesi/ros2_mapf_cbs/project_1/install/my_try_bringup/share/my_try_bringup/package.bash'
[1.814s] INFO:colcon.colcon_core.shell:Creating package script '/home/andrea/tesi/ros2_mapf_cbs/project_1/install/my_try_bringup/share/my_try_bringup/package.zsh'
[1.814s] Level 1:colcon.colcon_core.environment:create_file_with_runtime_dependencies(/home/andrea/tesi/ros2_mapf_cbs/project_1/install/my_try_bringup/share/colcon-core/packages/my_try_bringup)
[1.839s] Level 1:colcon.colcon_core.environment:create_environment_scripts_only(my_try_bringup)
[1.849s] Level 1:colcon.colcon_core.environment:checking '/home/andrea/tesi/ros2_mapf_cbs/project_1/install/my_try_bringup' for CMake module files
[1.850s] Level 1:colcon.colcon_core.environment:checking '/home/andrea/tesi/ros2_mapf_cbs/project_1/install/my_try_bringup' for CMake config files
[1.850s] Level 1:colcon.colcon_core.shell:create_environment_hook('my_try_bringup', 'cmake_prefix_path')
[1.861s] INFO:colcon.colcon_core.shell:Creating environment hook '/home/andrea/tesi/ros2_mapf_cbs/project_1/install/my_try_bringup/share/my_try_bringup/hook/cmake_prefix_path.ps1'
[1.861s] INFO:colcon.colcon_core.shell:Creating environment descriptor '/home/andrea/tesi/ros2_mapf_cbs/project_1/install/my_try_bringup/share/my_try_bringup/hook/cmake_prefix_path.dsv'
[1.861s] INFO:colcon.colcon_core.shell:Creating environment hook '/home/andrea/tesi/ros2_mapf_cbs/project_1/install/my_try_bringup/share/my_try_bringup/hook/cmake_prefix_path.sh'
[1.862s] Level 1:colcon.colcon_core.environment:checking '/home/andrea/tesi/ros2_mapf_cbs/project_1/install/my_try_bringup/bin'
[1.862s] Level 1:colcon.colcon_core.environment:checking '/home/andrea/tesi/ros2_mapf_cbs/project_1/install/my_try_bringup/lib/pkgconfig/my_try_bringup.pc'
[1.862s] Level 1:colcon.colcon_core.environment:checking '/home/andrea/tesi/ros2_mapf_cbs/project_1/install/my_try_bringup/lib/python3.10/site-packages'
[1.862s] Level 1:colcon.colcon_core.environment:checking '/home/andrea/tesi/ros2_mapf_cbs/project_1/install/my_try_bringup/bin'
[1.872s] INFO:colcon.colcon_core.shell:Creating package script '/home/andrea/tesi/ros2_mapf_cbs/project_1/install/my_try_bringup/share/my_try_bringup/package.ps1'
[1.873s] INFO:colcon.colcon_core.shell:Creating package descriptor '/home/andrea/tesi/ros2_mapf_cbs/project_1/install/my_try_bringup/share/my_try_bringup/package.dsv'
[1.873s] INFO:colcon.colcon_core.shell:Creating package script '/home/andrea/tesi/ros2_mapf_cbs/project_1/install/my_try_bringup/share/my_try_bringup/package.sh'
[1.873s] INFO:colcon.colcon_core.shell:Creating package script '/home/andrea/tesi/ros2_mapf_cbs/project_1/install/my_try_bringup/share/my_try_bringup/package.bash'
[1.874s] INFO:colcon.colcon_core.shell:Creating package script '/home/andrea/tesi/ros2_mapf_cbs/project_1/install/my_try_bringup/share/my_try_bringup/package.zsh'
[1.874s] Level 1:colcon.colcon_core.environment:create_file_with_runtime_dependencies(/home/andrea/tesi/ros2_mapf_cbs/project_1/install/my_try_bringup/share/colcon-core/packages/my_try_bringup)
[2.006s] DEBUG:colcon.colcon_core.event_handler.log_command:Invoking command in '/home/andrea/tesi/ros2_mapf_cbs/project_1/src/my_package': PYTHONPATH=/home/andrea/tesi/ros2_mapf_cbs/project_1/build/my_package/prefix_override:/home/andrea/tesi/ros2_mapf_cbs/project_1/install/my_package/lib/python3.10/site-packages:${PYTHONPATH} /usr/bin/python3 setup.py egg_info --egg-base ../../build/my_package build --build-base /home/andrea/tesi/ros2_mapf_cbs/project_1/build/my_package/build install --record /home/andrea/tesi/ros2_mapf_cbs/project_1/build/my_package/install.log --single-version-externally-managed
[2.020s] DEBUG:colcon.colcon_core.event_handler.log_command:Invoking command in '/home/andrea/tesi/ros2_mapf_cbs/project_1/src/my_intermediate': PYTHONPATH=/home/andrea/tesi/ros2_mapf_cbs/project_1/build/my_intermediate/prefix_override:/home/andrea/tesi/ros2_mapf_cbs/project_1/install/my_intermediate/lib/python3.10/site-packages:${PYTHONPATH} /usr/bin/python3 setup.py egg_info --egg-base ../../build/my_intermediate build --build-base /home/andrea/tesi/ros2_mapf_cbs/project_1/build/my_intermediate/build install --record /home/andrea/tesi/ros2_mapf_cbs/project_1/build/my_intermediate/install.log --single-version-externally-managed
[2.253s] DEBUG:colcon.colcon_core.event_handler.log_command:Invoked command in '/home/andrea/tesi/ros2_mapf_cbs/project_1/src/my_package' returned '0': PYTHONPATH=/home/andrea/tesi/ros2_mapf_cbs/project_1/build/my_package/prefix_override:/home/andrea/tesi/ros2_mapf_cbs/project_1/install/my_package/lib/python3.10/site-packages:${PYTHONPATH} /usr/bin/python3 setup.py egg_info --egg-base ../../build/my_package build --build-base /home/andrea/tesi/ros2_mapf_cbs/project_1/build/my_package/build install --record /home/andrea/tesi/ros2_mapf_cbs/project_1/build/my_package/install.log --single-version-externally-managed
[2.264s] Level 1:colcon.colcon_core.environment:checking '/home/andrea/tesi/ros2_mapf_cbs/project_1/install/my_package' for CMake module files
[2.264s] Level 1:colcon.colcon_core.environment:checking '/home/andrea/tesi/ros2_mapf_cbs/project_1/install/my_package' for CMake config files
[2.264s] Level 1:colcon.colcon_core.environment:checking '/home/andrea/tesi/ros2_mapf_cbs/project_1/install/my_package/lib'
[2.265s] Level 1:colcon.colcon_core.environment:checking '/home/andrea/tesi/ros2_mapf_cbs/project_1/install/my_package/bin'
[2.265s] Level 1:colcon.colcon_core.environment:checking '/home/andrea/tesi/ros2_mapf_cbs/project_1/install/my_package/lib/pkgconfig/my_package.pc'
[2.265s] Level 1:colcon.colcon_core.environment:checking '/home/andrea/tesi/ros2_mapf_cbs/project_1/install/my_package/lib/python3.10/site-packages'
[2.265s] Level 1:colcon.colcon_core.shell:create_environment_hook('my_package', 'pythonpath')
[2.284s] INFO:colcon.colcon_core.shell:Creating environment hook '/home/andrea/tesi/ros2_mapf_cbs/project_1/install/my_package/share/my_package/hook/pythonpath.ps1'
[2.284s] INFO:colcon.colcon_core.shell:Creating environment descriptor '/home/andrea/tesi/ros2_mapf_cbs/project_1/install/my_package/share/my_package/hook/pythonpath.dsv'
[2.285s] INFO:colcon.colcon_core.shell:Creating environment hook '/home/andrea/tesi/ros2_mapf_cbs/project_1/install/my_package/share/my_package/hook/pythonpath.sh'
[2.285s] Level 1:colcon.colcon_core.environment:checking '/home/andrea/tesi/ros2_mapf_cbs/project_1/install/my_package/bin'
[2.285s] Level 1:colcon.colcon_core.environment:create_environment_scripts_only(my_package)
[2.296s] INFO:colcon.colcon_core.shell:Creating package script '/home/andrea/tesi/ros2_mapf_cbs/project_1/install/my_package/share/my_package/package.ps1'
[2.296s] INFO:colcon.colcon_core.shell:Creating package descriptor '/home/andrea/tesi/ros2_mapf_cbs/project_1/install/my_package/share/my_package/package.dsv'
[2.296s] INFO:colcon.colcon_core.shell:Creating package script '/home/andrea/tesi/ros2_mapf_cbs/project_1/install/my_package/share/my_package/package.sh'
[2.297s] INFO:colcon.colcon_core.shell:Creating package script '/home/andrea/tesi/ros2_mapf_cbs/project_1/install/my_package/share/my_package/package.bash'
[2.297s] INFO:colcon.colcon_core.shell:Creating package script '/home/andrea/tesi/ros2_mapf_cbs/project_1/install/my_package/share/my_package/package.zsh'
[2.297s] Level 1:colcon.colcon_core.environment:create_file_with_runtime_dependencies(/home/andrea/tesi/ros2_mapf_cbs/project_1/install/my_package/share/colcon-core/packages/my_package)
[2.299s] DEBUG:colcon.colcon_core.event_handler.log_command:Invoked command in '/home/andrea/tesi/ros2_mapf_cbs/project_1/src/my_intermediate' returned '0': PYTHONPATH=/home/andrea/tesi/ros2_mapf_cbs/project_1/build/my_intermediate/prefix_override:/home/andrea/tesi/ros2_mapf_cbs/project_1/install/my_intermediate/lib/python3.10/site-packages:${PYTHONPATH} /usr/bin/python3 setup.py egg_info --egg-base ../../build/my_intermediate build --build-base /home/andrea/tesi/ros2_mapf_cbs/project_1/build/my_intermediate/build install --record /home/andrea/tesi/ros2_mapf_cbs/project_1/build/my_intermediate/install.log --single-version-externally-managed
[2.309s] Level 1:colcon.colcon_core.environment:checking '/home/andrea/tesi/ros2_mapf_cbs/project_1/install/my_intermediate' for CMake module files
[2.310s] Level 1:colcon.colcon_core.environment:checking '/home/andrea/tesi/ros2_mapf_cbs/project_1/install/my_intermediate' for CMake config files
[2.310s] Level 1:colcon.colcon_core.environment:checking '/home/andrea/tesi/ros2_mapf_cbs/project_1/install/my_intermediate/lib'
[2.310s] Level 1:colcon.colcon_core.environment:checking '/home/andrea/tesi/ros2_mapf_cbs/project_1/install/my_intermediate/bin'
[2.310s] Level 1:colcon.colcon_core.environment:checking '/home/andrea/tesi/ros2_mapf_cbs/project_1/install/my_intermediate/lib/pkgconfig/my_intermediate.pc'
[2.310s] Level 1:colcon.colcon_core.environment:checking '/home/andrea/tesi/ros2_mapf_cbs/project_1/install/my_intermediate/lib/python3.10/site-packages'
[2.310s] Level 1:colcon.colcon_core.shell:create_environment_hook('my_intermediate', 'pythonpath')
[2.320s] INFO:colcon.colcon_core.shell:Creating environment hook '/home/andrea/tesi/ros2_mapf_cbs/project_1/install/my_intermediate/share/my_intermediate/hook/pythonpath.ps1'
[2.321s] INFO:colcon.colcon_core.shell:Creating environment descriptor '/home/andrea/tesi/ros2_mapf_cbs/project_1/install/my_intermediate/share/my_intermediate/hook/pythonpath.dsv'
[2.321s] INFO:colcon.colcon_core.shell:Creating environment hook '/home/andrea/tesi/ros2_mapf_cbs/project_1/install/my_intermediate/share/my_intermediate/hook/pythonpath.sh'
[2.321s] Level 1:colcon.colcon_core.environment:checking '/home/andrea/tesi/ros2_mapf_cbs/project_1/install/my_intermediate/bin'
[2.321s] Level 1:colcon.colcon_core.environment:create_environment_scripts_only(my_intermediate)
[2.332s] INFO:colcon.colcon_core.shell:Creating package script '/home/andrea/tesi/ros2_mapf_cbs/project_1/install/my_intermediate/share/my_intermediate/package.ps1'
[2.333s] INFO:colcon.colcon_core.shell:Creating package descriptor '/home/andrea/tesi/ros2_mapf_cbs/project_1/install/my_intermediate/share/my_intermediate/package.dsv'
[2.333s] INFO:colcon.colcon_core.shell:Creating package script '/home/andrea/tesi/ros2_mapf_cbs/project_1/install/my_intermediate/share/my_intermediate/package.sh'
[2.333s] INFO:colcon.colcon_core.shell:Creating package script '/home/andrea/tesi/ros2_mapf_cbs/project_1/install/my_intermediate/share/my_intermediate/package.bash'
[2.333s] INFO:colcon.colcon_core.shell:Creating package script '/home/andrea/tesi/ros2_mapf_cbs/project_1/install/my_intermediate/share/my_intermediate/package.zsh'
[2.333s] Level 1:colcon.colcon_core.environment:create_file_with_runtime_dependencies(/home/andrea/tesi/ros2_mapf_cbs/project_1/install/my_intermediate/share/colcon-core/packages/my_intermediate)
[2.334s] INFO:colcon.colcon_ros.task.ament_cmake.build:Building ROS package in '/home/andrea/tesi/ros2_mapf_cbs/project_1/src/turtlebot3_multi_robot' with build type 'ament_cmake'
[2.334s] INFO:colcon.colcon_cmake.task.cmake.build:Building CMake package in '/home/andrea/tesi/ros2_mapf_cbs/project_1/src/turtlebot3_multi_robot'
[2.345s] INFO:colcon.colcon_core.shell:Skip shell extension 'powershell' for command environment: Not usable outside of PowerShell
[2.345s] DEBUG:colcon.colcon_core.shell:Skip shell extension 'dsv' for command environment
[2.391s] DEBUG:colcon.colcon_core.event_handler.log_command:Invoking command in '/home/andrea/tesi/ros2_mapf_cbs/project_1/build/turtlebot3_multi_robot': AMENT_PREFIX_PATH=/home/andrea/tesi/ros2_mapf_cbs/project_1/install/my_intermediate:/home/andrea/tesi/ros2_mapf_cbs/project_1/install/turtlebot3_multi_robot:/home/andrea/tesi/ros2_mapf_cbs/project_1/install/my_try_bringup:/home/andrea/tesi/ros2_mapf_cbs/project_1/install/my_package:/home/andrea/tesi/ros2_mapf_cbs/project_1/install/my_intermediate_interfaces:/home/andrea/tesi/ros2_mapf_cbs/simple_example/install/my_robot_bringup:/home/andrea/tesi/ros2_mapf_cbs/simple_example/install/my_py_pkg:/home/andrea/tesi/ros2_mapf_cbs/simple_example/install/my_robot_interfaces:/opt/ros/humble CMAKE_PREFIX_PATH=${CMAKE_PREFIX_PATH}:/home/andrea/tesi/ros2_mapf_cbs/project_1/install/my_package:/home/andrea/tesi/ros2_mapf_cbs/project_1/install/my_intermediate:/home/andrea/tesi/ros2_mapf_cbs/simple_example/install/my_py_pkg:/opt/ros/humble PYTHONPATH=/home/andrea/tesi/ros2_mapf_cbs/project_1/install/my_intermediate/lib/python3.10/site-packages:/home/andrea/tesi/ros2_mapf_cbs/project_1/build/my_package:/home/andrea/tesi/ros2_mapf_cbs/project_1/install/my_package/lib/python3.10/site-packages:/home/andrea/tesi/ros2_mapf_cbs/project_1/install/my_intermediate_interfaces/local/lib/python3.10/dist-packages:/home/andrea/tesi/ros2_mapf_cbs/project_1/build/my_intermediate:/home/andrea/tesi/ros2_mapf_cbs/simple_example/build/my_py_pkg:/home/andrea/tesi/ros2_mapf_cbs/simple_example/install/my_py_pkg/lib/python3.10/site-packages:/home/andrea/tesi/ros2_mapf_cbs/simple_example/install/my_robot_interfaces/local/lib/python3.10/dist-packages:/opt/ros/humble/lib/python3.10/site-packages:/opt/ros/humble/local/lib/python3.10/dist-packages /usr/bin/cmake --build /home/andrea/tesi/ros2_mapf_cbs/project_1/build/turtlebot3_multi_robot -- -j8 -l8
[2.417s] DEBUG:colcon.colcon_core.event_handler.log_command:Invoked command in '/home/andrea/tesi/ros2_mapf_cbs/project_1/build/turtlebot3_multi_robot' returned '0': AMENT_PREFIX_PATH=/home/andrea/tesi/ros2_mapf_cbs/project_1/install/my_intermediate:/home/andrea/tesi/ros2_mapf_cbs/project_1/install/turtlebot3_multi_robot:/home/andrea/tesi/ros2_mapf_cbs/project_1/install/my_try_bringup:/home/andrea/tesi/ros2_mapf_cbs/project_1/install/my_package:/home/andrea/tesi/ros2_mapf_cbs/project_1/install/my_intermediate_interfaces:/home/andrea/tesi/ros2_mapf_cbs/simple_example/install/my_robot_bringup:/home/andrea/tesi/ros2_mapf_cbs/simple_example/install/my_py_pkg:/home/andrea/tesi/ros2_mapf_cbs/simple_example/install/my_robot_interfaces:/opt/ros/humble CMAKE_PREFIX_PATH=${CMAKE_PREFIX_PATH}:/home/andrea/tesi/ros2_mapf_cbs/project_1/install/my_package:/home/andrea/tesi/ros2_mapf_cbs/project_1/install/my_intermediate:/home/andrea/tesi/ros2_mapf_cbs/simple_example/install/my_py_pkg:/opt/ros/humble PYTHONPATH=/home/andrea/tesi/ros2_mapf_cbs/project_1/install/my_intermediate/lib/python3.10/site-packages:/home/andrea/tesi/ros2_mapf_cbs/project_1/build/my_package:/home/andrea/tesi/ros2_mapf_cbs/project_1/install/my_package/lib/python3.10/site-packages:/home/andrea/tesi/ros2_mapf_cbs/project_1/install/my_intermediate_interfaces/local/lib/python3.10/dist-packages:/home/andrea/tesi/ros2_mapf_cbs/project_1/build/my_intermediate:/home/andrea/tesi/ros2_mapf_cbs/simple_example/build/my_py_pkg:/home/andrea/tesi/ros2_mapf_cbs/simple_example/install/my_py_pkg/lib/python3.10/site-packages:/home/andrea/tesi/ros2_mapf_cbs/simple_example/install/my_robot_interfaces/local/lib/python3.10/dist-packages:/opt/ros/humble/lib/python3.10/site-packages:/opt/ros/humble/local/lib/python3.10/dist-packages /usr/bin/cmake --build /home/andrea/tesi/ros2_mapf_cbs/project_1/build/turtlebot3_multi_robot -- -j8 -l8
[2.432s] DEBUG:colcon.colcon_core.event_handler.log_command:Invoking command in '/home/andrea/tesi/ros2_mapf_cbs/project_1/build/turtlebot3_multi_robot': AMENT_PREFIX_PATH=/home/andrea/tesi/ros2_mapf_cbs/project_1/install/my_intermediate:/home/andrea/tesi/ros2_mapf_cbs/project_1/install/turtlebot3_multi_robot:/home/andrea/tesi/ros2_mapf_cbs/project_1/install/my_try_bringup:/home/andrea/tesi/ros2_mapf_cbs/project_1/install/my_package:/home/andrea/tesi/ros2_mapf_cbs/project_1/install/my_intermediate_interfaces:/home/andrea/tesi/ros2_mapf_cbs/simple_example/install/my_robot_bringup:/home/andrea/tesi/ros2_mapf_cbs/simple_example/install/my_py_pkg:/home/andrea/tesi/ros2_mapf_cbs/simple_example/install/my_robot_interfaces:/opt/ros/humble CMAKE_PREFIX_PATH=${CMAKE_PREFIX_PATH}:/home/andrea/tesi/ros2_mapf_cbs/project_1/install/my_package:/home/andrea/tesi/ros2_mapf_cbs/project_1/install/my_intermediate:/home/andrea/tesi/ros2_mapf_cbs/simple_example/install/my_py_pkg:/opt/ros/humble PYTHONPATH=/home/andrea/tesi/ros2_mapf_cbs/project_1/install/my_intermediate/lib/python3.10/site-packages:/home/andrea/tesi/ros2_mapf_cbs/project_1/build/my_package:/home/andrea/tesi/ros2_mapf_cbs/project_1/install/my_package/lib/python3.10/site-packages:/home/andrea/tesi/ros2_mapf_cbs/project_1/install/my_intermediate_interfaces/local/lib/python3.10/dist-packages:/home/andrea/tesi/ros2_mapf_cbs/project_1/build/my_intermediate:/home/andrea/tesi/ros2_mapf_cbs/simple_example/build/my_py_pkg:/home/andrea/tesi/ros2_mapf_cbs/simple_example/install/my_py_pkg/lib/python3.10/site-packages:/home/andrea/tesi/ros2_mapf_cbs/simple_example/install/my_robot_interfaces/local/lib/python3.10/dist-packages:/opt/ros/humble/lib/python3.10/site-packages:/opt/ros/humble/local/lib/python3.10/dist-packages /usr/bin/cmake --install /home/andrea/tesi/ros2_mapf_cbs/project_1/build/turtlebot3_multi_robot
[2.448s] Level 1:colcon.colcon_core.environment:create_environment_scripts_only(turtlebot3_multi_robot)
[2.448s] DEBUG:colcon.colcon_core.event_handler.log_command:Invoked command in '/home/andrea/tesi/ros2_mapf_cbs/project_1/build/turtlebot3_multi_robot' returned '0': AMENT_PREFIX_PATH=/home/andrea/tesi/ros2_mapf_cbs/project_1/install/my_intermediate:/home/andrea/tesi/ros2_mapf_cbs/project_1/install/turtlebot3_multi_robot:/home/andrea/tesi/ros2_mapf_cbs/project_1/install/my_try_bringup:/home/andrea/tesi/ros2_mapf_cbs/project_1/install/my_package:/home/andrea/tesi/ros2_mapf_cbs/project_1/install/my_intermediate_interfaces:/home/andrea/tesi/ros2_mapf_cbs/simple_example/install/my_robot_bringup:/home/andrea/tesi/ros2_mapf_cbs/simple_example/install/my_py_pkg:/home/andrea/tesi/ros2_mapf_cbs/simple_example/install/my_robot_interfaces:/opt/ros/humble CMAKE_PREFIX_PATH=${CMAKE_PREFIX_PATH}:/home/andrea/tesi/ros2_mapf_cbs/project_1/install/my_package:/home/andrea/tesi/ros2_mapf_cbs/project_1/install/my_intermediate:/home/andrea/tesi/ros2_mapf_cbs/simple_example/install/my_py_pkg:/opt/ros/humble PYTHONPATH=/home/andrea/tesi/ros2_mapf_cbs/project_1/install/my_intermediate/lib/python3.10/site-packages:/home/andrea/tesi/ros2_mapf_cbs/project_1/build/my_package:/home/andrea/tesi/ros2_mapf_cbs/project_1/install/my_package/lib/python3.10/site-packages:/home/andrea/tesi/ros2_mapf_cbs/project_1/install/my_intermediate_interfaces/local/lib/python3.10/dist-packages:/home/andrea/tesi/ros2_mapf_cbs/project_1/build/my_intermediate:/home/andrea/tesi/ros2_mapf_cbs/simple_example/build/my_py_pkg:/home/andrea/tesi/ros2_mapf_cbs/simple_example/install/my_py_pkg/lib/python3.10/site-packages:/home/andrea/tesi/ros2_mapf_cbs/simple_example/install/my_robot_interfaces/local/lib/python3.10/dist-packages:/opt/ros/humble/lib/python3.10/site-packages:/opt/ros/humble/local/lib/python3.10/dist-packages /usr/bin/cmake --install /home/andrea/tesi/ros2_mapf_cbs/project_1/build/turtlebot3_multi_robot
[2.459s] Level 1:colcon.colcon_core.environment:checking '/home/andrea/tesi/ros2_mapf_cbs/project_1/install/turtlebot3_multi_robot' for CMake module files
[2.459s] Level 1:colcon.colcon_core.environment:checking '/home/andrea/tesi/ros2_mapf_cbs/project_1/install/turtlebot3_multi_robot' for CMake config files
[2.460s] Level 1:colcon.colcon_core.shell:create_environment_hook('turtlebot3_multi_robot', 'cmake_prefix_path')
[2.470s] INFO:colcon.colcon_core.shell:Creating environment hook '/home/andrea/tesi/ros2_mapf_cbs/project_1/install/turtlebot3_multi_robot/share/turtlebot3_multi_robot/hook/cmake_prefix_path.ps1'
[2.471s] INFO:colcon.colcon_core.shell:Creating environment descriptor '/home/andrea/tesi/ros2_mapf_cbs/project_1/install/turtlebot3_multi_robot/share/turtlebot3_multi_robot/hook/cmake_prefix_path.dsv'
[2.471s] INFO:colcon.colcon_core.shell:Creating environment hook '/home/andrea/tesi/ros2_mapf_cbs/project_1/install/turtlebot3_multi_robot/share/turtlebot3_multi_robot/hook/cmake_prefix_path.sh'
[2.471s] Level 1:colcon.colcon_core.environment:checking '/home/andrea/tesi/ros2_mapf_cbs/project_1/install/turtlebot3_multi_robot/bin'
[2.472s] Level 1:colcon.colcon_core.environment:checking '/home/andrea/tesi/ros2_mapf_cbs/project_1/install/turtlebot3_multi_robot/lib/pkgconfig/turtlebot3_multi_robot.pc'
[2.472s] Level 1:colcon.colcon_core.environment:checking '/home/andrea/tesi/ros2_mapf_cbs/project_1/install/turtlebot3_multi_robot/lib/python3.10/site-packages'
[2.472s] Level 1:colcon.colcon_core.environment:checking '/home/andrea/tesi/ros2_mapf_cbs/project_1/install/turtlebot3_multi_robot/bin'
[2.483s] INFO:colcon.colcon_core.shell:Creating package script '/home/andrea/tesi/ros2_mapf_cbs/project_1/install/turtlebot3_multi_robot/share/turtlebot3_multi_robot/package.ps1'
[2.484s] INFO:colcon.colcon_core.shell:Creating package descriptor '/home/andrea/tesi/ros2_mapf_cbs/project_1/install/turtlebot3_multi_robot/share/turtlebot3_multi_robot/package.dsv'
[2.484s] INFO:colcon.colcon_core.shell:Creating package script '/home/andrea/tesi/ros2_mapf_cbs/project_1/install/turtlebot3_multi_robot/share/turtlebot3_multi_robot/package.sh'
[2.485s] INFO:colcon.colcon_core.shell:Creating package script '/home/andrea/tesi/ros2_mapf_cbs/project_1/install/turtlebot3_multi_robot/share/turtlebot3_multi_robot/package.bash'
[2.485s] INFO:colcon.colcon_core.shell:Creating package script '/home/andrea/tesi/ros2_mapf_cbs/project_1/install/turtlebot3_multi_robot/share/turtlebot3_multi_robot/package.zsh'
[2.485s] Level 1:colcon.colcon_core.environment:create_file_with_runtime_dependencies(/home/andrea/tesi/ros2_mapf_cbs/project_1/install/turtlebot3_multi_robot/share/colcon-core/packages/turtlebot3_multi_robot)
[2.511s] Level 1:colcon.colcon_core.environment:create_environment_scripts_only(turtlebot3_multi_robot)
[2.521s] Level 1:colcon.colcon_core.environment:checking '/home/andrea/tesi/ros2_mapf_cbs/project_1/install/turtlebot3_multi_robot' for CMake module files
[2.521s] Level 1:colcon.colcon_core.environment:checking '/home/andrea/tesi/ros2_mapf_cbs/project_1/install/turtlebot3_multi_robot' for CMake config files
[2.522s] Level 1:colcon.colcon_core.shell:create_environment_hook('turtlebot3_multi_robot', 'cmake_prefix_path')
[2.531s] INFO:colcon.colcon_core.shell:Creating environment hook '/home/andrea/tesi/ros2_mapf_cbs/project_1/install/turtlebot3_multi_robot/share/turtlebot3_multi_robot/hook/cmake_prefix_path.ps1'
[2.532s] INFO:colcon.colcon_core.shell:Creating environment descriptor '/home/andrea/tesi/ros2_mapf_cbs/project_1/install/turtlebot3_multi_robot/share/turtlebot3_multi_robot/hook/cmake_prefix_path.dsv'
[2.532s] INFO:colcon.colcon_core.shell:Creating environment hook '/home/andrea/tesi/ros2_mapf_cbs/project_1/install/turtlebot3_multi_robot/share/turtlebot3_multi_robot/hook/cmake_prefix_path.sh'
[2.532s] Level 1:colcon.colcon_core.environment:checking '/home/andrea/tesi/ros2_mapf_cbs/project_1/install/turtlebot3_multi_robot/bin'
[2.532s] Level 1:colcon.colcon_core.environment:checking '/home/andrea/tesi/ros2_mapf_cbs/project_1/install/turtlebot3_multi_robot/lib/pkgconfig/turtlebot3_multi_robot.pc'
[2.532s] Level 1:colcon.colcon_core.environment:checking '/home/andrea/tesi/ros2_mapf_cbs/project_1/install/turtlebot3_multi_robot/lib/python3.10/site-packages'
[2.533s] Level 1:colcon.colcon_core.environment:checking '/home/andrea/tesi/ros2_mapf_cbs/project_1/install/turtlebot3_multi_robot/bin'
[2.543s] INFO:colcon.colcon_core.shell:Creating package script '/home/andrea/tesi/ros2_mapf_cbs/project_1/install/turtlebot3_multi_robot/share/turtlebot3_multi_robot/package.ps1'
[2.544s] INFO:colcon.colcon_core.shell:Creating package descriptor '/home/andrea/tesi/ros2_mapf_cbs/project_1/install/turtlebot3_multi_robot/share/turtlebot3_multi_robot/package.dsv'
[2.544s] INFO:colcon.colcon_core.shell:Creating package script '/home/andrea/tesi/ros2_mapf_cbs/project_1/install/turtlebot3_multi_robot/share/turtlebot3_multi_robot/package.sh'
[2.544s] INFO:colcon.colcon_core.shell:Creating package script '/home/andrea/tesi/ros2_mapf_cbs/project_1/install/turtlebot3_multi_robot/share/turtlebot3_multi_robot/package.bash'
[2.544s] INFO:colcon.colcon_core.shell:Creating package script '/home/andrea/tesi/ros2_mapf_cbs/project_1/install/turtlebot3_multi_robot/share/turtlebot3_multi_robot/package.zsh'
[2.545s] Level 1:colcon.colcon_core.environment:create_file_with_runtime_dependencies(/home/andrea/tesi/ros2_mapf_cbs/project_1/install/turtlebot3_multi_robot/share/colcon-core/packages/turtlebot3_multi_robot)
[2.837s] DEBUG:colcon.colcon_core.event_handler.log_command:Invoked command in '/home/andrea/tesi/ros2_mapf_cbs/project_1/build/my_intermediate_interfaces' returned '2': CMAKE_PREFIX_PATH=${CMAKE_PREFIX_PATH}:/home/andrea/tesi/ros2_mapf_cbs/project_1/install/my_package:/home/andrea/tesi/ros2_mapf_cbs/project_1/install/my_intermediate:/home/andrea/tesi/ros2_mapf_cbs/simple_example/install/my_py_pkg:/opt/ros/humble /usr/bin/cmake --build /home/andrea/tesi/ros2_mapf_cbs/project_1/build/my_intermediate_interfaces -- -j8 -l8
[2.893s] Level 1:colcon.colcon_core.environment:create_environment_scripts_only(my_intermediate_interfaces)
[2.903s] Level 1:colcon.colcon_core.environment:checking '/home/andrea/tesi/ros2_mapf_cbs/project_1/install/my_intermediate_interfaces' for CMake module files
[2.903s] Level 1:colcon.colcon_core.environment:checking '/home/andrea/tesi/ros2_mapf_cbs/project_1/install/my_intermediate_interfaces' for CMake config files
[2.904s] Level 1:colcon.colcon_core.shell:create_environment_hook('my_intermediate_interfaces', 'cmake_prefix_path')
[2.914s] INFO:colcon.colcon_core.shell:Creating environment hook '/home/andrea/tesi/ros2_mapf_cbs/project_1/install/my_intermediate_interfaces/share/my_intermediate_interfaces/hook/cmake_prefix_path.ps1'
[2.914s] INFO:colcon.colcon_core.shell:Creating environment descriptor '/home/andrea/tesi/ros2_mapf_cbs/project_1/install/my_intermediate_interfaces/share/my_intermediate_interfaces/hook/cmake_prefix_path.dsv'
[2.914s] INFO:colcon.colcon_core.shell:Creating environment hook '/home/andrea/tesi/ros2_mapf_cbs/project_1/install/my_intermediate_interfaces/share/my_intermediate_interfaces/hook/cmake_prefix_path.sh'
[2.915s] Level 1:colcon.colcon_core.environment:checking '/home/andrea/tesi/ros2_mapf_cbs/project_1/install/my_intermediate_interfaces/lib'
[2.915s] Level 1:colcon.colcon_core.shell:create_environment_hook('my_intermediate_interfaces', 'ld_library_path_lib')
[2.926s] INFO:colcon.colcon_core.shell:Creating environment hook '/home/andrea/tesi/ros2_mapf_cbs/project_1/install/my_intermediate_interfaces/share/my_intermediate_interfaces/hook/ld_library_path_lib.ps1'
[2.926s] INFO:colcon.colcon_core.shell:Creating environment descriptor '/home/andrea/tesi/ros2_mapf_cbs/project_1/install/my_intermediate_interfaces/share/my_intermediate_interfaces/hook/ld_library_path_lib.dsv'
[2.926s] INFO:colcon.colcon_core.shell:Creating environment hook '/home/andrea/tesi/ros2_mapf_cbs/project_1/install/my_intermediate_interfaces/share/my_intermediate_interfaces/hook/ld_library_path_lib.sh'
[2.927s] Level 1:colcon.colcon_core.environment:checking '/home/andrea/tesi/ros2_mapf_cbs/project_1/install/my_intermediate_interfaces/bin'
[2.927s] Level 1:colcon.colcon_core.environment:checking '/home/andrea/tesi/ros2_mapf_cbs/project_1/install/my_intermediate_interfaces/lib/pkgconfig/my_intermediate_interfaces.pc'
[2.927s] Level 1:colcon.colcon_core.environment:checking '/home/andrea/tesi/ros2_mapf_cbs/project_1/install/my_intermediate_interfaces/lib/python3.10/site-packages'
[2.927s] Level 1:colcon.colcon_core.environment:checking '/home/andrea/tesi/ros2_mapf_cbs/project_1/install/my_intermediate_interfaces/bin'
[2.937s] INFO:colcon.colcon_core.shell:Creating package script '/home/andrea/tesi/ros2_mapf_cbs/project_1/install/my_intermediate_interfaces/share/my_intermediate_interfaces/package.ps1'
[2.937s] INFO:colcon.colcon_core.shell:Creating package descriptor '/home/andrea/tesi/ros2_mapf_cbs/project_1/install/my_intermediate_interfaces/share/my_intermediate_interfaces/package.dsv'
[2.937s] INFO:colcon.colcon_core.shell:Creating package script '/home/andrea/tesi/ros2_mapf_cbs/project_1/install/my_intermediate_interfaces/share/my_intermediate_interfaces/package.sh'
[2.938s] INFO:colcon.colcon_core.shell:Creating package script '/home/andrea/tesi/ros2_mapf_cbs/project_1/install/my_intermediate_interfaces/share/my_intermediate_interfaces/package.bash'
[2.938s] INFO:colcon.colcon_core.shell:Creating package script '/home/andrea/tesi/ros2_mapf_cbs/project_1/install/my_intermediate_interfaces/share/my_intermediate_interfaces/package.zsh'
[2.938s] Level 1:colcon.colcon_core.environment:create_file_with_runtime_dependencies(/home/andrea/tesi/ros2_mapf_cbs/project_1/install/my_intermediate_interfaces/share/colcon-core/packages/my_intermediate_interfaces)
[2.948s] DEBUG:colcon.colcon_parallel_executor.executor.parallel:closing loop
[2.949s] DEBUG:colcon.colcon_parallel_executor.executor.parallel:loop closed
[2.949s] DEBUG:colcon.colcon_parallel_executor.executor.parallel:run_until_complete finished with '2'
[2.949s] DEBUG:colcon.colcon_core.event_reactor:joining thread
[2.964s] INFO:colcon.colcon_core.plugin_system:Skipping extension 'colcon_notification.desktop_notification.terminal_notifier': Not used on non-Darwin systems
[2.964s] INFO:colcon.colcon_core.plugin_system:Skipping extension 'colcon_notification.desktop_notification.win32': Not used on non-Windows systems
[2.964s] INFO:colcon.colcon_notification.desktop_notification:Sending desktop notification using 'notify2'
[2.974s] DEBUG:colcon.colcon_core.event_reactor:joined thread
[2.984s] INFO:colcon.colcon_core.shell:Creating prefix script '/home/andrea/tesi/ros2_mapf_cbs/project_1/install/local_setup.ps1'
[2.984s] INFO:colcon.colcon_core.shell:Creating prefix util module '/home/andrea/tesi/ros2_mapf_cbs/project_1/install/_local_setup_util_ps1.py'
[2.985s] INFO:colcon.colcon_core.shell:Creating prefix chain script '/home/andrea/tesi/ros2_mapf_cbs/project_1/install/setup.ps1'
[2.995s] INFO:colcon.colcon_core.shell:Creating prefix script '/home/andrea/tesi/ros2_mapf_cbs/project_1/install/local_setup.sh'
[2.996s] INFO:colcon.colcon_core.shell:Creating prefix util module '/home/andrea/tesi/ros2_mapf_cbs/project_1/install/_local_setup_util_sh.py'
[2.996s] INFO:colcon.colcon_core.shell:Creating prefix chain script '/home/andrea/tesi/ros2_mapf_cbs/project_1/install/setup.sh'
[3.006s] INFO:colcon.colcon_core.shell:Creating prefix script '/home/andrea/tesi/ros2_mapf_cbs/project_1/install/local_setup.bash'
[3.007s] INFO:colcon.colcon_core.shell:Creating prefix chain script '/home/andrea/tesi/ros2_mapf_cbs/project_1/install/setup.bash'
[3.017s] INFO:colcon.colcon_core.shell:Creating prefix script '/home/andrea/tesi/ros2_mapf_cbs/project_1/install/local_setup.zsh'
[3.017s] INFO:colcon.colcon_core.shell:Creating prefix chain script '/home/andrea/tesi/ros2_mapf_cbs/project_1/install/setup.zsh'
