[0.512s] Invoking command in '/home/andrea/tesi/ros2_mapf_cbs/project_1/build/my_nav2_core': CMAKE_PREFIX_PATH=${CMAKE_PREFIX_PATH}:/home/andrea/tesi/ros2_mapf_cbs/project_1/install/my_package:/home/andrea/tesi/ros2_mapf_cbs/project_1/install/my_intermediate:/home/andrea/tesi/ros2_mapf_cbs/simple_example/install/my_py_pkg:/opt/ros/humble /usr/bin/cmake --build /home/andrea/tesi/ros2_mapf_cbs/project_1/build/my_nav2_core -- -j8 -l8
[0.957s] Invoked command in '/home/andrea/tesi/ros2_mapf_cbs/project_1/build/my_nav2_core' returned '0': CMAKE_PREFIX_PATH=${CMAKE_PREFIX_PATH}:/home/andrea/tesi/ros2_mapf_cbs/project_1/install/my_package:/home/andrea/tesi/ros2_mapf_cbs/project_1/install/my_intermediate:/home/andrea/tesi/ros2_mapf_cbs/simple_example/install/my_py_pkg:/opt/ros/humble /usr/bin/cmake --build /home/andrea/tesi/ros2_mapf_cbs/project_1/build/my_nav2_core -- -j8 -l8
[1.006s] Invoking command in '/home/andrea/tesi/ros2_mapf_cbs/project_1/build/my_nav2_core': CMAKE_PREFIX_PATH=${CMAKE_PREFIX_PATH}:/home/andrea/tesi/ros2_mapf_cbs/project_1/install/my_package:/home/andrea/tesi/ros2_mapf_cbs/project_1/install/my_intermediate:/home/andrea/tesi/ros2_mapf_cbs/simple_example/install/my_py_pkg:/opt/ros/humble /usr/bin/cmake --install /home/andrea/tesi/ros2_mapf_cbs/project_1/build/my_nav2_core
[1.022s] -- Install configuration: "Release"
[1.032s] -- Up-to-date: /home/andrea/tesi/ros2_mapf_cbs/project_1/install/my_nav2_core/include/
[1.032s] -- Up-to-date: /home/andrea/tesi/ros2_mapf_cbs/project_1/install/my_nav2_core/include//my_nav2_core
[1.032s] -- Up-to-date: /home/andrea/tesi/ros2_mapf_cbs/project_1/install/my_nav2_core/include//my_nav2_core/multi_agent_global_planner.hpp
[1.032s] -- Up-to-date: /home/andrea/tesi/ros2_mapf_cbs/project_1/install/my_nav2_core/share/ament_index/resource_index/package_run_dependencies/my_nav2_core
[1.032s] -- Up-to-date: /home/andrea/tesi/ros2_mapf_cbs/project_1/install/my_nav2_core/share/ament_index/resource_index/parent_prefix_path/my_nav2_core
[1.032s] -- Up-to-date: /home/andrea/tesi/ros2_mapf_cbs/project_1/install/my_nav2_core/share/my_nav2_core/environment/ament_prefix_path.sh
[1.033s] -- Up-to-date: /home/andrea/tesi/ros2_mapf_cbs/project_1/install/my_nav2_core/share/my_nav2_core/environment/ament_prefix_path.dsv
[1.033s] -- Up-to-date: /home/andrea/tesi/ros2_mapf_cbs/project_1/install/my_nav2_core/share/my_nav2_core/environment/path.sh
[1.033s] -- Up-to-date: /home/andrea/tesi/ros2_mapf_cbs/project_1/install/my_nav2_core/share/my_nav2_core/environment/path.dsv
[1.033s] -- Up-to-date: /home/andrea/tesi/ros2_mapf_cbs/project_1/install/my_nav2_core/share/my_nav2_core/local_setup.bash
[1.033s] -- Up-to-date: /home/andrea/tesi/ros2_mapf_cbs/project_1/install/my_nav2_core/share/my_nav2_core/local_setup.sh
[1.033s] -- Up-to-date: /home/andrea/tesi/ros2_mapf_cbs/project_1/install/my_nav2_core/share/my_nav2_core/local_setup.zsh
[1.033s] -- Up-to-date: /home/andrea/tesi/ros2_mapf_cbs/project_1/install/my_nav2_core/share/my_nav2_core/local_setup.dsv
[1.033s] -- Installing: /home/andrea/tesi/ros2_mapf_cbs/project_1/install/my_nav2_core/share/my_nav2_core/package.dsv
[1.033s] -- Up-to-date: /home/andrea/tesi/ros2_mapf_cbs/project_1/install/my_nav2_core/share/ament_index/resource_index/packages/my_nav2_core
[1.033s] -- Up-to-date: /home/andrea/tesi/ros2_mapf_cbs/project_1/install/my_nav2_core/share/my_nav2_core/cmake/ament_cmake_export_include_directories-extras.cmake
[1.033s] -- Up-to-date: /home/andrea/tesi/ros2_mapf_cbs/project_1/install/my_nav2_core/share/my_nav2_core/cmake/ament_cmake_export_dependencies-extras.cmake
[1.033s] -- Up-to-date: /home/andrea/tesi/ros2_mapf_cbs/project_1/install/my_nav2_core/share/my_nav2_core/cmake/my_nav2_coreConfig.cmake
[1.033s] -- Up-to-date: /home/andrea/tesi/ros2_mapf_cbs/project_1/install/my_nav2_core/share/my_nav2_core/cmake/my_nav2_coreConfig-version.cmake
[1.033s] -- Up-to-date: /home/andrea/tesi/ros2_mapf_cbs/project_1/install/my_nav2_core/share/my_nav2_core/package.xml
[1.034s] Invoked command in '/home/andrea/tesi/ros2_mapf_cbs/project_1/build/my_nav2_core' returned '0': CMAKE_PREFIX_PATH=${CMAKE_PREFIX_PATH}:/home/andrea/tesi/ros2_mapf_cbs/project_1/install/my_package:/home/andrea/tesi/ros2_mapf_cbs/project_1/install/my_intermediate:/home/andrea/tesi/ros2_mapf_cbs/simple_example/install/my_py_pkg:/opt/ros/humble /usr/bin/cmake --install /home/andrea/tesi/ros2_mapf_cbs/project_1/build/my_nav2_core
