[0.537s] Invoking command in '/home/andrea/tesi/ros2_mapf_cbs/project_1/build/nav2_straightline_planner': CMAKE_PREFIX_PATH=${CMAKE_PREFIX_PATH}:/home/andrea/tesi/ros2_mapf_cbs/project_1/install/my_package:/home/andrea/tesi/ros2_mapf_cbs/project_1/install/my_intermediate:/home/andrea/tesi/ros2_mapf_cbs/simple_example/install/my_py_pkg:/opt/ros/humble /usr/bin/cmake --build /home/andrea/tesi/ros2_mapf_cbs/project_1/build/nav2_straightline_planner -- -j8 -l8
[0.935s] [100%] Built target nav2_straightline_planner_plugin
[1.027s] Invoked command in '/home/andrea/tesi/ros2_mapf_cbs/project_1/build/nav2_straightline_planner' returned '0': CMAKE_PREFIX_PATH=${CMAKE_PREFIX_PATH}:/home/andrea/tesi/ros2_mapf_cbs/project_1/install/my_package:/home/andrea/tesi/ros2_mapf_cbs/project_1/install/my_intermediate:/home/andrea/tesi/ros2_mapf_cbs/simple_example/install/my_py_pkg:/opt/ros/humble /usr/bin/cmake --build /home/andrea/tesi/ros2_mapf_cbs/project_1/build/nav2_straightline_planner -- -j8 -l8
[1.100s] Invoking command in '/home/andrea/tesi/ros2_mapf_cbs/project_1/build/nav2_straightline_planner': CMAKE_PREFIX_PATH=${CMAKE_PREFIX_PATH}:/home/andrea/tesi/ros2_mapf_cbs/project_1/install/my_package:/home/andrea/tesi/ros2_mapf_cbs/project_1/install/my_intermediate:/home/andrea/tesi/ros2_mapf_cbs/simple_example/install/my_py_pkg:/opt/ros/humble /usr/bin/cmake --install /home/andrea/tesi/ros2_mapf_cbs/project_1/build/nav2_straightline_planner
[1.112s] -- Install configuration: ""
[1.112s] -- Execute custom install script
[1.112s] -- Up-to-date symlink: /home/andrea/tesi/ros2_mapf_cbs/project_1/install/nav2_straightline_planner/share/nav2_straightline_planner//global_planner_plugin.xml
[1.112s] -- Up-to-date symlink: /home/andrea/tesi/ros2_mapf_cbs/project_1/install/nav2_straightline_planner/lib/libnav2_straightline_planner_plugin.so
[1.112s] -- Up-to-date symlink: /home/andrea/tesi/ros2_mapf_cbs/project_1/install/nav2_straightline_planner/include//nav2_straightline_planner/straight_line_planner.hpp
[1.113s] -- Up-to-date symlink: /home/andrea/tesi/ros2_mapf_cbs/project_1/install/nav2_straightline_planner/share/nav2_straightline_planner/global_planner_plugin.xml
[1.113s] -- Up-to-date symlink: /home/andrea/tesi/ros2_mapf_cbs/project_1/install/nav2_straightline_planner/share/nav2_straightline_planner/environment/library_path.sh
[1.113s] -- Up-to-date symlink: /home/andrea/tesi/ros2_mapf_cbs/project_1/install/nav2_straightline_planner/share/nav2_straightline_planner/environment/library_path.dsv
[1.113s] -- Up-to-date symlink: /home/andrea/tesi/ros2_mapf_cbs/project_1/install/nav2_straightline_planner/share/ament_index/resource_index/package_run_dependencies/nav2_straightline_planner
[1.113s] -- Up-to-date symlink: /home/andrea/tesi/ros2_mapf_cbs/project_1/install/nav2_straightline_planner/share/ament_index/resource_index/parent_prefix_path/nav2_straightline_planner
[1.113s] -- Up-to-date symlink: /home/andrea/tesi/ros2_mapf_cbs/project_1/install/nav2_straightline_planner/share/nav2_straightline_planner/environment/ament_prefix_path.sh
[1.113s] -- Up-to-date symlink: /home/andrea/tesi/ros2_mapf_cbs/project_1/install/nav2_straightline_planner/share/nav2_straightline_planner/environment/ament_prefix_path.dsv
[1.113s] -- Up-to-date symlink: /home/andrea/tesi/ros2_mapf_cbs/project_1/install/nav2_straightline_planner/share/nav2_straightline_planner/environment/path.sh
[1.113s] -- Up-to-date symlink: /home/andrea/tesi/ros2_mapf_cbs/project_1/install/nav2_straightline_planner/share/nav2_straightline_planner/environment/path.dsv
[1.114s] -- Up-to-date symlink: /home/andrea/tesi/ros2_mapf_cbs/project_1/install/nav2_straightline_planner/share/nav2_straightline_planner/local_setup.bash
[1.114s] -- Up-to-date symlink: /home/andrea/tesi/ros2_mapf_cbs/project_1/install/nav2_straightline_planner/share/nav2_straightline_planner/local_setup.sh
[1.122s] -- Up-to-date symlink: /home/andrea/tesi/ros2_mapf_cbs/project_1/install/nav2_straightline_planner/share/nav2_straightline_planner/local_setup.zsh
[1.123s] -- Up-to-date symlink: /home/andrea/tesi/ros2_mapf_cbs/project_1/install/nav2_straightline_planner/share/nav2_straightline_planner/local_setup.dsv
[1.123s] -- Symlinking: /home/andrea/tesi/ros2_mapf_cbs/project_1/install/nav2_straightline_planner/share/nav2_straightline_planner/package.dsv
[1.127s] -- Up-to-date symlink: /home/andrea/tesi/ros2_mapf_cbs/project_1/install/nav2_straightline_planner/share/ament_index/resource_index/packages/nav2_straightline_planner
[1.127s] -- Up-to-date symlink: /home/andrea/tesi/ros2_mapf_cbs/project_1/install/nav2_straightline_planner/share/ament_index/resource_index/nav2_core__pluginlib__plugin/nav2_straightline_planner
[1.129s] -- Up-to-date symlink: /home/andrea/tesi/ros2_mapf_cbs/project_1/install/nav2_straightline_planner/share/nav2_straightline_planner/cmake/ament_cmake_export_include_directories-extras.cmake
[1.129s] -- Up-to-date symlink: /home/andrea/tesi/ros2_mapf_cbs/project_1/install/nav2_straightline_planner/share/nav2_straightline_planner/cmake/ament_cmake_export_libraries-extras.cmake
[1.129s] -- Up-to-date symlink: /home/andrea/tesi/ros2_mapf_cbs/project_1/install/nav2_straightline_planner/share/nav2_straightline_planner/cmake/ament_cmake_export_dependencies-extras.cmake
[1.129s] -- Up-to-date symlink: /home/andrea/tesi/ros2_mapf_cbs/project_1/install/nav2_straightline_planner/share/nav2_straightline_planner/cmake/nav2_straightline_plannerConfig.cmake
[1.130s] -- Up-to-date symlink: /home/andrea/tesi/ros2_mapf_cbs/project_1/install/nav2_straightline_planner/share/nav2_straightline_planner/cmake/nav2_straightline_plannerConfig-version.cmake
[1.130s] -- Up-to-date symlink: /home/andrea/tesi/ros2_mapf_cbs/project_1/install/nav2_straightline_planner/share/nav2_straightline_planner/package.xml
[1.186s] Invoked command in '/home/andrea/tesi/ros2_mapf_cbs/project_1/build/nav2_straightline_planner' returned '0': CMAKE_PREFIX_PATH=${CMAKE_PREFIX_PATH}:/home/andrea/tesi/ros2_mapf_cbs/project_1/install/my_package:/home/andrea/tesi/ros2_mapf_cbs/project_1/install/my_intermediate:/home/andrea/tesi/ros2_mapf_cbs/simple_example/install/my_py_pkg:/opt/ros/humble /usr/bin/cmake --install /home/andrea/tesi/ros2_mapf_cbs/project_1/build/nav2_straightline_planner
