[0.524s] Invoking command in '/home/andrea/tesi/ros2_mapf_cbs/project_1/build/my_intermediate_interfaces': CMAKE_PREFIX_PATH=${CMAKE_PREFIX_PATH}:/home/andrea/tesi/ros2_mapf_cbs/project_1/install/my_package:/home/andrea/tesi/ros2_mapf_cbs/project_1/install/my_intermediate:/home/andrea/tesi/ros2_mapf_cbs/simple_example/install/my_py_pkg:/opt/ros/humble /usr/bin/cmake --build /home/andrea/tesi/ros2_mapf_cbs/project_1/build/my_intermediate_interfaces -- -j8 -l8
[0.855s] -- Found ament_cmake: 1.3.5 (/opt/ros/humble/share/ament_cmake/cmake)
[0.856s] -- Override CMake install command with custom implementation using symlinks instead of copying resources
[0.856s] -- Found rosidl_default_generators: 1.2.0 (/opt/ros/humble/share/rosidl_default_generators/cmake)
[0.856s] -- Using all available rosidl_typesupport_c: rosidl_typesupport_fastrtps_c;rosidl_typesupport_introspection_c
[0.857s] -- Found rosidl_adapter: 3.1.5 (/opt/ros/humble/share/rosidl_adapter/cmake)
[0.857s] -- Using all available rosidl_typesupport_cpp: rosidl_typesupport_fastrtps_cpp;rosidl_typesupport_introspection_cpp
[0.857s] -- Found nav_msgs: 4.2.3 (/opt/ros/humble/share/nav_msgs/cmake)
[1.203s] -- Found ament_cmake_ros: 0.10.0 (/opt/ros/humble/share/ament_cmake_ros/cmake)
[1.403s] -- Using all available rosidl_typesupport_c: rosidl_typesupport_fastrtps_c;rosidl_typesupport_introspection_c
[1.644s] -- Using all available rosidl_typesupport_cpp: rosidl_typesupport_fastrtps_cpp;rosidl_typesupport_introspection_cpp
[1.666s] -- Found python_cmake_module: 0.10.0 (/opt/ros/humble/share/python_cmake_module/cmake)
[1.695s] -- Using PYTHON_EXECUTABLE: /usr/bin/python3
[1.695s] -- Using PYTHON_INCLUDE_DIRS: /usr/include/python3.10
[1.695s] -- Using PYTHON_LIBRARIES: /usr/lib/x86_64-linux-gnu/libpython3.10.so
[1.717s] -- Configuring done
[1.748s] -- Generating done
[1.750s] -- Build files have been written to: /home/andrea/tesi/ros2_mapf_cbs/project_1/build/my_intermediate_interfaces
[1.805s] [  3%] [34m[1mGenerating C code for ROS interfaces[0m
[1.806s] [  6%] [34m[1mGenerating C++ code for ROS interfaces[0m
[1.836s] [  6%] Built target ament_cmake_python_symlink_my_intermediate_interfaces
[2.125s] running egg_info
[2.126s] writing my_intermediate_interfaces.egg-info/PKG-INFO
[2.127s] writing dependency_links to my_intermediate_interfaces.egg-info/dependency_links.txt
[2.127s] writing top-level names to my_intermediate_interfaces.egg-info/top_level.txt
[2.129s] reading manifest file 'my_intermediate_interfaces.egg-info/SOURCES.txt'
[2.129s] writing manifest file 'my_intermediate_interfaces.egg-info/SOURCES.txt'
[2.164s] [  6%] Built target ament_cmake_python_build_my_intermediate_interfaces_egg
[2.220s] [  6%] Built target my_intermediate_interfaces__cpp
[2.222s] [  9%] [32mBuilding C object CMakeFiles/my_intermediate_interfaces__rosidl_generator_c.dir/rosidl_generator_c/my_intermediate_interfaces/srv/detail/computed_plans__functions.c.o[0m
[2.231s] [ 12%] [34m[1mGenerating C++ type support for eProsima Fast-RTPS[0m
[2.233s] [ 16%] [34m[1mGenerating C++ introspection for ROS interfaces[0m
[2.233s] [ 19%] [34m[1mGenerating C++ type support dispatch for ROS interfaces[0m
[2.236s] In file included from [01m[K/home/andrea/tesi/ros2_mapf_cbs/project_1/build/my_intermediate_interfaces/rosidl_generator_c/my_intermediate_interfaces/srv/detail/computed_plans__functions.h:19[m[K,
[2.236s]                  from [01m[K/home/andrea/tesi/ros2_mapf_cbs/project_1/build/my_intermediate_interfaces/rosidl_generator_c/my_intermediate_interfaces/srv/detail/computed_plans__functions.c:4[m[K:
[2.236s] [01m[K/home/andrea/tesi/ros2_mapf_cbs/project_1/build/my_intermediate_interfaces/rosidl_generator_c/my_intermediate_interfaces/srv/detail/computed_plans__struct.h:22:10:[m[K [01;31m[Kfatal error: [m[Knav_msgs/msg/detail/patn__struct.h: No such file or directory
[2.236s]    22 | #include [01;31m[K"nav_msgs/msg/detail/patn__struct.h"[m[K
[2.237s]       |          [01;31m[K^~~~~~~~~~~~~~~~~~~~~~~~~~~~~~~~~~~~[m[K
[2.237s] compilation terminated.
[2.237s] gmake[2]: *** [CMakeFiles/my_intermediate_interfaces__rosidl_generator_c.dir/build.make:105: CMakeFiles/my_intermediate_interfaces__rosidl_generator_c.dir/rosidl_generator_c/my_intermediate_interfaces/srv/detail/computed_plans__functions.c.o] Error 1
[2.238s] gmake[1]: *** [CMakeFiles/Makefile2:213: CMakeFiles/my_intermediate_interfaces__rosidl_generator_c.dir/all] Error 2
[2.238s] gmake[1]: *** Waiting for unfinished jobs....
[2.505s] [ 22%] [32mBuilding CXX object CMakeFiles/my_intermediate_interfaces__rosidl_typesupport_cpp.dir/rosidl_typesupport_cpp/my_intermediate_interfaces/srv/computed_plans__type_support.cpp.o[0m
[2.512s] [ 25%] [32mBuilding CXX object CMakeFiles/my_intermediate_interfaces__rosidl_typesupport_introspection_cpp.dir/rosidl_typesupport_introspection_cpp/my_intermediate_interfaces/srv/detail/computed_plans__type_support.cpp.o[0m
[2.519s] [ 29%] [32mBuilding CXX object CMakeFiles/my_intermediate_interfaces__rosidl_typesupport_fastrtps_cpp.dir/rosidl_typesupport_fastrtps_cpp/my_intermediate_interfaces/srv/detail/dds_fastrtps/computed_plans__type_support.cpp.o[0m
[2.550s] In file included from [01m[K/home/andrea/tesi/ros2_mapf_cbs/project_1/build/my_intermediate_interfaces/rosidl_typesupport_cpp/my_intermediate_interfaces/srv/computed_plans__type_support.cpp:7[m[K:
[2.550s] [01m[K/home/andrea/tesi/ros2_mapf_cbs/project_1/build/my_intermediate_interfaces/rosidl_generator_cpp/my_intermediate_interfaces/srv/detail/computed_plans__struct.hpp:20:10:[m[K [01;31m[Kfatal error: [m[Knav_msgs/msg/detail/patn__struct.hpp: No such file or directory
[2.550s]    20 | #include [01;31m[K"nav_msgs/msg/detail/patn__struct.hpp"[m[K
[2.550s]       |          [01;31m[K^~~~~~~~~~~~~~~~~~~~~~~~~~~~~~~~~~~~~~[m[K
[2.550s] compilation terminated.
[2.551s] gmake[2]: *** [CMakeFiles/my_intermediate_interfaces__rosidl_typesupport_cpp.dir/build.make:86: CMakeFiles/my_intermediate_interfaces__rosidl_typesupport_cpp.dir/rosidl_typesupport_cpp/my_intermediate_interfaces/srv/computed_plans__type_support.cpp.o] Error 1
[2.551s] gmake[1]: *** [CMakeFiles/Makefile2:395: CMakeFiles/my_intermediate_interfaces__rosidl_typesupport_cpp.dir/all] Error 2
[2.560s] In file included from [01m[K/home/andrea/tesi/ros2_mapf_cbs/project_1/build/my_intermediate_interfaces/rosidl_typesupport_introspection_cpp/my_intermediate_interfaces/srv/detail/computed_plans__type_support.cpp:12[m[K:
[2.560s] [01m[K/home/andrea/tesi/ros2_mapf_cbs/project_1/build/my_intermediate_interfaces/rosidl_generator_cpp/my_intermediate_interfaces/srv/detail/computed_plans__struct.hpp:20:10:[m[K [01;31m[Kfatal error: [m[Knav_msgs/msg/detail/patn__struct.hpp: No such file or directory
[2.560s]    20 | #include [01;31m[K"nav_msgs/msg/detail/patn__struct.hpp"[m[K
[2.560s]       |          [01;31m[K^~~~~~~~~~~~~~~~~~~~~~~~~~~~~~~~~~~~~~[m[K
[2.560s] compilation terminated.
[2.562s] gmake[2]: *** [CMakeFiles/my_intermediate_interfaces__rosidl_typesupport_introspection_cpp.dir/build.make:91: CMakeFiles/my_intermediate_interfaces__rosidl_typesupport_introspection_cpp.dir/rosidl_typesupport_introspection_cpp/my_intermediate_interfaces/srv/detail/computed_plans__type_support.cpp.o] Error 1
[2.562s] gmake[1]: *** [CMakeFiles/Makefile2:369: CMakeFiles/my_intermediate_interfaces__rosidl_typesupport_introspection_cpp.dir/all] Error 2
[2.567s] In file included from [01m[K/home/andrea/tesi/ros2_mapf_cbs/project_1/build/my_intermediate_interfaces/rosidl_typesupport_fastrtps_cpp/my_intermediate_interfaces/srv/detail/computed_plans__rosidl_typesupport_fastrtps_cpp.hpp:11[m[K,
[2.567s]                  from [01m[K/home/andrea/tesi/ros2_mapf_cbs/project_1/build/my_intermediate_interfaces/rosidl_typesupport_fastrtps_cpp/my_intermediate_interfaces/srv/detail/dds_fastrtps/computed_plans__type_support.cpp:4[m[K:
[2.567s] [01m[K/home/andrea/tesi/ros2_mapf_cbs/project_1/build/my_intermediate_interfaces/rosidl_generator_cpp/my_intermediate_interfaces/srv/detail/computed_plans__struct.hpp:20:10:[m[K [01;31m[Kfatal error: [m[Knav_msgs/msg/detail/patn__struct.hpp: No such file or directory
[2.567s]    20 | #include [01;31m[K"nav_msgs/msg/detail/patn__struct.hpp"[m[K
[2.567s]       |          [01;31m[K^~~~~~~~~~~~~~~~~~~~~~~~~~~~~~~~~~~~~~[m[K
[2.567s] compilation terminated.
[2.568s] gmake[2]: *** [CMakeFiles/my_intermediate_interfaces__rosidl_typesupport_fastrtps_cpp.dir/build.make:91: CMakeFiles/my_intermediate_interfaces__rosidl_typesupport_fastrtps_cpp.dir/rosidl_typesupport_fastrtps_cpp/my_intermediate_interfaces/srv/detail/dds_fastrtps/computed_plans__type_support.cpp.o] Error 1
[2.568s] gmake[1]: *** [CMakeFiles/Makefile2:343: CMakeFiles/my_intermediate_interfaces__rosidl_typesupport_fastrtps_cpp.dir/all] Error 2
[2.568s] gmake: *** [Makefile:146: all] Error 2
[2.571s] Invoked command in '/home/andrea/tesi/ros2_mapf_cbs/project_1/build/my_intermediate_interfaces' returned '2': CMAKE_PREFIX_PATH=${CMAKE_PREFIX_PATH}:/home/andrea/tesi/ros2_mapf_cbs/project_1/install/my_package:/home/andrea/tesi/ros2_mapf_cbs/project_1/install/my_intermediate:/home/andrea/tesi/ros2_mapf_cbs/simple_example/install/my_py_pkg:/opt/ros/humble /usr/bin/cmake --build /home/andrea/tesi/ros2_mapf_cbs/project_1/build/my_intermediate_interfaces -- -j8 -l8
