[  0%] Built target cbs_interfaces__cpp
[  0%] Built target ament_cmake_python_symlink_cbs_interfaces
[ 12%] Built target cbs_interfaces__rosidl_generator_c
[ 24%] Built target cbs_interfaces__rosidl_typesupport_cpp
[ 35%] Built target cbs_interfaces__rosidl_typesupport_fastrtps_cpp
[ 47%] Built target cbs_interfaces__rosidl_typesupport_introspection_cpp
[ 59%] Built target cbs_interfaces__rosidl_typesupport_introspection_c
[ 70%] Built target cbs_interfaces__rosidl_typesupport_c
[ 82%] Built target cbs_interfaces__rosidl_typesupport_fastrtps_c
[ 82%] Built target cbs_interfaces
[ 83%] Built target cbs_interfaces__py
[ 94%] Built target cbs_interfaces__rosidl_generator_py
[ 96%] Built target cbs_interfaces__rosidl_typesupport_c__pyext
[ 98%] Built target cbs_interfaces__rosidl_typesupport_introspection_c__pyext
[100%] Built target cbs_interfaces__rosidl_typesupport_fastrtps_c__pyext
running egg_info
writing cbs_interfaces.egg-info/PKG-INFO
writing dependency_links to cbs_interfaces.egg-info/dependency_links.txt
writing top-level names to cbs_interfaces.egg-info/top_level.txt
reading manifest file 'cbs_interfaces.egg-info/SOURCES.txt'
writing manifest file 'cbs_interfaces.egg-info/SOURCES.txt'
[100%] Built target ament_cmake_python_build_cbs_interfaces_egg
-- Install configuration: ""
-- Execute custom install script
-- Up-to-date symlink: /home/andrea/tesi/ros2_mapf_cbs/cbs_ros2_project/install/cbs_interfaces/share/ament_index/resource_index/rosidl_interfaces/cbs_interfaces
-- Up-to-date symlink: /home/andrea/tesi/ros2_mapf_cbs/cbs_ros2_project/install/cbs_interfaces/include/cbs_interfaces/cbs_interfaces/action/compute_path_to_pose_cbs.h
-- Up-to-date symlink: /home/andrea/tesi/ros2_mapf_cbs/cbs_ros2_project/install/cbs_interfaces/include/cbs_interfaces/cbs_interfaces/action/detail/compute_path_to_pose_cbs__functions.h
-- Up-to-date symlink: /home/andrea/tesi/ros2_mapf_cbs/cbs_ros2_project/install/cbs_interfaces/include/cbs_interfaces/cbs_interfaces/action/detail/compute_path_to_pose_cbs__struct.h
-- Up-to-date symlink: /home/andrea/tesi/ros2_mapf_cbs/cbs_ros2_project/install/cbs_interfaces/include/cbs_interfaces/cbs_interfaces/action/detail/compute_path_to_pose_cbs__type_support.h
-- Up-to-date symlink: /home/andrea/tesi/ros2_mapf_cbs/cbs_ros2_project/install/cbs_interfaces/include/cbs_interfaces/cbs_interfaces/msg/agent_path.h
-- Up-to-date symlink: /home/andrea/tesi/ros2_mapf_cbs/cbs_ros2_project/install/cbs_interfaces/include/cbs_interfaces/cbs_interfaces/msg/agent_path_request.h
-- Up-to-date symlink: /home/andrea/tesi/ros2_mapf_cbs/cbs_ros2_project/install/cbs_interfaces/include/cbs_interfaces/cbs_interfaces/msg/coordinates3_d.h
-- Up-to-date symlink: /home/andrea/tesi/ros2_mapf_cbs/cbs_ros2_project/install/cbs_interfaces/include/cbs_interfaces/cbs_interfaces/msg/detail/agent_path__functions.h
-- Up-to-date symlink: /home/andrea/tesi/ros2_mapf_cbs/cbs_ros2_project/install/cbs_interfaces/include/cbs_interfaces/cbs_interfaces/msg/detail/agent_path__struct.h
-- Up-to-date symlink: /home/andrea/tesi/ros2_mapf_cbs/cbs_ros2_project/install/cbs_interfaces/include/cbs_interfaces/cbs_interfaces/msg/detail/agent_path__type_support.h
-- Up-to-date symlink: /home/andrea/tesi/ros2_mapf_cbs/cbs_ros2_project/install/cbs_interfaces/include/cbs_interfaces/cbs_interfaces/msg/detail/agent_path_request__functions.h
-- Up-to-date symlink: /home/andrea/tesi/ros2_mapf_cbs/cbs_ros2_project/install/cbs_interfaces/include/cbs_interfaces/cbs_interfaces/msg/detail/agent_path_request__struct.h
-- Up-to-date symlink: /home/andrea/tesi/ros2_mapf_cbs/cbs_ros2_project/install/cbs_interfaces/include/cbs_interfaces/cbs_interfaces/msg/detail/agent_path_request__type_support.h
-- Up-to-date symlink: /home/andrea/tesi/ros2_mapf_cbs/cbs_ros2_project/install/cbs_interfaces/include/cbs_interfaces/cbs_interfaces/msg/detail/coordinates3_d__functions.h
-- Up-to-date symlink: /home/andrea/tesi/ros2_mapf_cbs/cbs_ros2_project/install/cbs_interfaces/include/cbs_interfaces/cbs_interfaces/msg/detail/coordinates3_d__struct.h
-- Up-to-date symlink: /home/andrea/tesi/ros2_mapf_cbs/cbs_ros2_project/install/cbs_interfaces/include/cbs_interfaces/cbs_interfaces/msg/detail/coordinates3_d__type_support.h
-- Up-to-date symlink: /home/andrea/tesi/ros2_mapf_cbs/cbs_ros2_project/install/cbs_interfaces/include/cbs_interfaces/cbs_interfaces/msg/detail/edge_constraint__functions.h
-- Up-to-date symlink: /home/andrea/tesi/ros2_mapf_cbs/cbs_ros2_project/install/cbs_interfaces/include/cbs_interfaces/cbs_interfaces/msg/detail/edge_constraint__struct.h
-- Up-to-date symlink: /home/andrea/tesi/ros2_mapf_cbs/cbs_ros2_project/install/cbs_interfaces/include/cbs_interfaces/cbs_interfaces/msg/detail/edge_constraint__type_support.h
-- Up-to-date symlink: /home/andrea/tesi/ros2_mapf_cbs/cbs_ros2_project/install/cbs_interfaces/include/cbs_interfaces/cbs_interfaces/msg/detail/start_goal__functions.h
-- Up-to-date symlink: /home/andrea/tesi/ros2_mapf_cbs/cbs_ros2_project/install/cbs_interfaces/include/cbs_interfaces/cbs_interfaces/msg/detail/start_goal__struct.h
-- Up-to-date symlink: /home/andrea/tesi/ros2_mapf_cbs/cbs_ros2_project/install/cbs_interfaces/include/cbs_interfaces/cbs_interfaces/msg/detail/start_goal__type_support.h
-- Up-to-date symlink: /home/andrea/tesi/ros2_mapf_cbs/cbs_ros2_project/install/cbs_interfaces/include/cbs_interfaces/cbs_interfaces/msg/detail/vertex_constraint__functions.h
-- Up-to-date symlink: /home/andrea/tesi/ros2_mapf_cbs/cbs_ros2_project/install/cbs_interfaces/include/cbs_interfaces/cbs_interfaces/msg/detail/vertex_constraint__struct.h
-- Up-to-date symlink: /home/andrea/tesi/ros2_mapf_cbs/cbs_ros2_project/install/cbs_interfaces/include/cbs_interfaces/cbs_interfaces/msg/detail/vertex_constraint__type_support.h
-- Up-to-date symlink: /home/andrea/tesi/ros2_mapf_cbs/cbs_ros2_project/install/cbs_interfaces/include/cbs_interfaces/cbs_interfaces/msg/edge_constraint.h
-- Up-to-date symlink: /home/andrea/tesi/ros2_mapf_cbs/cbs_ros2_project/install/cbs_interfaces/include/cbs_interfaces/cbs_interfaces/msg/rosidl_generator_c__visibility_control.h
-- Up-to-date symlink: /home/andrea/tesi/ros2_mapf_cbs/cbs_ros2_project/install/cbs_interfaces/include/cbs_interfaces/cbs_interfaces/msg/start_goal.h
-- Up-to-date symlink: /home/andrea/tesi/ros2_mapf_cbs/cbs_ros2_project/install/cbs_interfaces/include/cbs_interfaces/cbs_interfaces/msg/vertex_constraint.h
-- Up-to-date symlink: /home/andrea/tesi/ros2_mapf_cbs/cbs_ros2_project/install/cbs_interfaces/include/cbs_interfaces/cbs_interfaces/srv/computed_plans.h
-- Up-to-date symlink: /home/andrea/tesi/ros2_mapf_cbs/cbs_ros2_project/install/cbs_interfaces/include/cbs_interfaces/cbs_interfaces/srv/detail/computed_plans__functions.h
-- Up-to-date symlink: /home/andrea/tesi/ros2_mapf_cbs/cbs_ros2_project/install/cbs_interfaces/include/cbs_interfaces/cbs_interfaces/srv/detail/computed_plans__struct.h
-- Up-to-date symlink: /home/andrea/tesi/ros2_mapf_cbs/cbs_ros2_project/install/cbs_interfaces/include/cbs_interfaces/cbs_interfaces/srv/detail/computed_plans__type_support.h
-- Up-to-date symlink: /home/andrea/tesi/ros2_mapf_cbs/cbs_ros2_project/install/cbs_interfaces/include/cbs_interfaces/cbs_interfaces/srv/detail/start_goal_pose_stamped__functions.h
-- Up-to-date symlink: /home/andrea/tesi/ros2_mapf_cbs/cbs_ros2_project/install/cbs_interfaces/include/cbs_interfaces/cbs_interfaces/srv/detail/start_goal_pose_stamped__struct.h
-- Up-to-date symlink: /home/andrea/tesi/ros2_mapf_cbs/cbs_ros2_project/install/cbs_interfaces/include/cbs_interfaces/cbs_interfaces/srv/detail/start_goal_pose_stamped__type_support.h
-- Up-to-date symlink: /home/andrea/tesi/ros2_mapf_cbs/cbs_ros2_project/install/cbs_interfaces/include/cbs_interfaces/cbs_interfaces/srv/detail/start_goal_positions__functions.h
-- Up-to-date symlink: /home/andrea/tesi/ros2_mapf_cbs/cbs_ros2_project/install/cbs_interfaces/include/cbs_interfaces/cbs_interfaces/srv/detail/start_goal_positions__struct.h
-- Up-to-date symlink: /home/andrea/tesi/ros2_mapf_cbs/cbs_ros2_project/install/cbs_interfaces/include/cbs_interfaces/cbs_interfaces/srv/detail/start_goal_positions__type_support.h
-- Up-to-date symlink: /home/andrea/tesi/ros2_mapf_cbs/cbs_ros2_project/install/cbs_interfaces/include/cbs_interfaces/cbs_interfaces/srv/start_goal_pose_stamped.h
-- Up-to-date symlink: /home/andrea/tesi/ros2_mapf_cbs/cbs_ros2_project/install/cbs_interfaces/include/cbs_interfaces/cbs_interfaces/srv/start_goal_positions.h
-- Up-to-date symlink: /home/andrea/tesi/ros2_mapf_cbs/cbs_ros2_project/install/cbs_interfaces/share/cbs_interfaces/environment/library_path.sh
-- Up-to-date symlink: /home/andrea/tesi/ros2_mapf_cbs/cbs_ros2_project/install/cbs_interfaces/share/cbs_interfaces/environment/library_path.dsv
-- Up-to-date symlink: /home/andrea/tesi/ros2_mapf_cbs/cbs_ros2_project/install/cbs_interfaces/include/cbs_interfaces/cbs_interfaces/action/detail/compute_path_to_pose_cbs__rosidl_typesupport_fastrtps_c.h
-- Up-to-date symlink: /home/andrea/tesi/ros2_mapf_cbs/cbs_ros2_project/install/cbs_interfaces/include/cbs_interfaces/cbs_interfaces/msg/detail/agent_path__rosidl_typesupport_fastrtps_c.h
-- Up-to-date symlink: /home/andrea/tesi/ros2_mapf_cbs/cbs_ros2_project/install/cbs_interfaces/include/cbs_interfaces/cbs_interfaces/msg/detail/agent_path_request__rosidl_typesupport_fastrtps_c.h
-- Up-to-date symlink: /home/andrea/tesi/ros2_mapf_cbs/cbs_ros2_project/install/cbs_interfaces/include/cbs_interfaces/cbs_interfaces/msg/detail/coordinates3_d__rosidl_typesupport_fastrtps_c.h
-- Up-to-date symlink: /home/andrea/tesi/ros2_mapf_cbs/cbs_ros2_project/install/cbs_interfaces/include/cbs_interfaces/cbs_interfaces/msg/detail/edge_constraint__rosidl_typesupport_fastrtps_c.h
-- Up-to-date symlink: /home/andrea/tesi/ros2_mapf_cbs/cbs_ros2_project/install/cbs_interfaces/include/cbs_interfaces/cbs_interfaces/msg/detail/start_goal__rosidl_typesupport_fastrtps_c.h
-- Up-to-date symlink: /home/andrea/tesi/ros2_mapf_cbs/cbs_ros2_project/install/cbs_interfaces/include/cbs_interfaces/cbs_interfaces/msg/detail/vertex_constraint__rosidl_typesupport_fastrtps_c.h
-- Up-to-date symlink: /home/andrea/tesi/ros2_mapf_cbs/cbs_ros2_project/install/cbs_interfaces/include/cbs_interfaces/cbs_interfaces/msg/rosidl_typesupport_fastrtps_c__visibility_control.h
-- Up-to-date symlink: /home/andrea/tesi/ros2_mapf_cbs/cbs_ros2_project/install/cbs_interfaces/include/cbs_interfaces/cbs_interfaces/srv/detail/computed_plans__rosidl_typesupport_fastrtps_c.h
-- Up-to-date symlink: /home/andrea/tesi/ros2_mapf_cbs/cbs_ros2_project/install/cbs_interfaces/include/cbs_interfaces/cbs_interfaces/srv/detail/start_goal_pose_stamped__rosidl_typesupport_fastrtps_c.h
-- Up-to-date symlink: /home/andrea/tesi/ros2_mapf_cbs/cbs_ros2_project/install/cbs_interfaces/include/cbs_interfaces/cbs_interfaces/srv/detail/start_goal_positions__rosidl_typesupport_fastrtps_c.h
-- Up-to-date symlink: /home/andrea/tesi/ros2_mapf_cbs/cbs_ros2_project/install/cbs_interfaces/include/cbs_interfaces/cbs_interfaces/action/compute_path_to_pose_cbs.hpp
-- Up-to-date symlink: /home/andrea/tesi/ros2_mapf_cbs/cbs_ros2_project/install/cbs_interfaces/include/cbs_interfaces/cbs_interfaces/action/detail/compute_path_to_pose_cbs__builder.hpp
-- Up-to-date symlink: /home/andrea/tesi/ros2_mapf_cbs/cbs_ros2_project/install/cbs_interfaces/include/cbs_interfaces/cbs_interfaces/action/detail/compute_path_to_pose_cbs__struct.hpp
-- Up-to-date symlink: /home/andrea/tesi/ros2_mapf_cbs/cbs_ros2_project/install/cbs_interfaces/include/cbs_interfaces/cbs_interfaces/action/detail/compute_path_to_pose_cbs__traits.hpp
-- Up-to-date symlink: /home/andrea/tesi/ros2_mapf_cbs/cbs_ros2_project/install/cbs_interfaces/include/cbs_interfaces/cbs_interfaces/msg/agent_path.hpp
-- Up-to-date symlink: /home/andrea/tesi/ros2_mapf_cbs/cbs_ros2_project/install/cbs_interfaces/include/cbs_interfaces/cbs_interfaces/msg/agent_path_request.hpp
-- Up-to-date symlink: /home/andrea/tesi/ros2_mapf_cbs/cbs_ros2_project/install/cbs_interfaces/include/cbs_interfaces/cbs_interfaces/msg/coordinates3_d.hpp
-- Up-to-date symlink: /home/andrea/tesi/ros2_mapf_cbs/cbs_ros2_project/install/cbs_interfaces/include/cbs_interfaces/cbs_interfaces/msg/detail/agent_path__builder.hpp
-- Up-to-date symlink: /home/andrea/tesi/ros2_mapf_cbs/cbs_ros2_project/install/cbs_interfaces/include/cbs_interfaces/cbs_interfaces/msg/detail/agent_path__struct.hpp
-- Up-to-date symlink: /home/andrea/tesi/ros2_mapf_cbs/cbs_ros2_project/install/cbs_interfaces/include/cbs_interfaces/cbs_interfaces/msg/detail/agent_path__traits.hpp
-- Up-to-date symlink: /home/andrea/tesi/ros2_mapf_cbs/cbs_ros2_project/install/cbs_interfaces/include/cbs_interfaces/cbs_interfaces/msg/detail/agent_path_request__builder.hpp
-- Up-to-date symlink: /home/andrea/tesi/ros2_mapf_cbs/cbs_ros2_project/install/cbs_interfaces/include/cbs_interfaces/cbs_interfaces/msg/detail/agent_path_request__struct.hpp
-- Up-to-date symlink: /home/andrea/tesi/ros2_mapf_cbs/cbs_ros2_project/install/cbs_interfaces/include/cbs_interfaces/cbs_interfaces/msg/detail/agent_path_request__traits.hpp
-- Up-to-date symlink: /home/andrea/tesi/ros2_mapf_cbs/cbs_ros2_project/install/cbs_interfaces/include/cbs_interfaces/cbs_interfaces/msg/detail/coordinates3_d__builder.hpp
-- Up-to-date symlink: /home/andrea/tesi/ros2_mapf_cbs/cbs_ros2_project/install/cbs_interfaces/include/cbs_interfaces/cbs_interfaces/msg/detail/coordinates3_d__struct.hpp
-- Up-to-date symlink: /home/andrea/tesi/ros2_mapf_cbs/cbs_ros2_project/install/cbs_interfaces/include/cbs_interfaces/cbs_interfaces/msg/detail/coordinates3_d__traits.hpp
-- Up-to-date symlink: /home/andrea/tesi/ros2_mapf_cbs/cbs_ros2_project/install/cbs_interfaces/include/cbs_interfaces/cbs_interfaces/msg/detail/edge_constraint__builder.hpp
-- Up-to-date symlink: /home/andrea/tesi/ros2_mapf_cbs/cbs_ros2_project/install/cbs_interfaces/include/cbs_interfaces/cbs_interfaces/msg/detail/edge_constraint__struct.hpp
-- Up-to-date symlink: /home/andrea/tesi/ros2_mapf_cbs/cbs_ros2_project/install/cbs_interfaces/include/cbs_interfaces/cbs_interfaces/msg/detail/edge_constraint__traits.hpp
-- Up-to-date symlink: /home/andrea/tesi/ros2_mapf_cbs/cbs_ros2_project/install/cbs_interfaces/include/cbs_interfaces/cbs_interfaces/msg/detail/start_goal__builder.hpp
-- Up-to-date symlink: /home/andrea/tesi/ros2_mapf_cbs/cbs_ros2_project/install/cbs_interfaces/include/cbs_interfaces/cbs_interfaces/msg/detail/start_goal__struct.hpp
-- Up-to-date symlink: /home/andrea/tesi/ros2_mapf_cbs/cbs_ros2_project/install/cbs_interfaces/include/cbs_interfaces/cbs_interfaces/msg/detail/start_goal__traits.hpp
-- Up-to-date symlink: /home/andrea/tesi/ros2_mapf_cbs/cbs_ros2_project/install/cbs_interfaces/include/cbs_interfaces/cbs_interfaces/msg/detail/vertex_constraint__builder.hpp
-- Up-to-date symlink: /home/andrea/tesi/ros2_mapf_cbs/cbs_ros2_project/install/cbs_interfaces/include/cbs_interfaces/cbs_interfaces/msg/detail/vertex_constraint__struct.hpp
-- Up-to-date symlink: /home/andrea/tesi/ros2_mapf_cbs/cbs_ros2_project/install/cbs_interfaces/include/cbs_interfaces/cbs_interfaces/msg/detail/vertex_constraint__traits.hpp
-- Up-to-date symlink: /home/andrea/tesi/ros2_mapf_cbs/cbs_ros2_project/install/cbs_interfaces/include/cbs_interfaces/cbs_interfaces/msg/edge_constraint.hpp
-- Up-to-date symlink: /home/andrea/tesi/ros2_mapf_cbs/cbs_ros2_project/install/cbs_interfaces/include/cbs_interfaces/cbs_interfaces/msg/start_goal.hpp
-- Up-to-date symlink: /home/andrea/tesi/ros2_mapf_cbs/cbs_ros2_project/install/cbs_interfaces/include/cbs_interfaces/cbs_interfaces/msg/vertex_constraint.hpp
-- Up-to-date symlink: /home/andrea/tesi/ros2_mapf_cbs/cbs_ros2_project/install/cbs_interfaces/include/cbs_interfaces/cbs_interfaces/srv/computed_plans.hpp
-- Up-to-date symlink: /home/andrea/tesi/ros2_mapf_cbs/cbs_ros2_project/install/cbs_interfaces/include/cbs_interfaces/cbs_interfaces/srv/detail/computed_plans__builder.hpp
-- Up-to-date symlink: /home/andrea/tesi/ros2_mapf_cbs/cbs_ros2_project/install/cbs_interfaces/include/cbs_interfaces/cbs_interfaces/srv/detail/computed_plans__struct.hpp
-- Up-to-date symlink: /home/andrea/tesi/ros2_mapf_cbs/cbs_ros2_project/install/cbs_interfaces/include/cbs_interfaces/cbs_interfaces/srv/detail/computed_plans__traits.hpp
-- Up-to-date symlink: /home/andrea/tesi/ros2_mapf_cbs/cbs_ros2_project/install/cbs_interfaces/include/cbs_interfaces/cbs_interfaces/srv/detail/start_goal_pose_stamped__builder.hpp
-- Up-to-date symlink: /home/andrea/tesi/ros2_mapf_cbs/cbs_ros2_project/install/cbs_interfaces/include/cbs_interfaces/cbs_interfaces/srv/detail/start_goal_pose_stamped__struct.hpp
-- Up-to-date symlink: /home/andrea/tesi/ros2_mapf_cbs/cbs_ros2_project/install/cbs_interfaces/include/cbs_interfaces/cbs_interfaces/srv/detail/start_goal_pose_stamped__traits.hpp
-- Up-to-date symlink: /home/andrea/tesi/ros2_mapf_cbs/cbs_ros2_project/install/cbs_interfaces/include/cbs_interfaces/cbs_interfaces/srv/detail/start_goal_positions__builder.hpp
-- Up-to-date symlink: /home/andrea/tesi/ros2_mapf_cbs/cbs_ros2_project/install/cbs_interfaces/include/cbs_interfaces/cbs_interfaces/srv/detail/start_goal_positions__struct.hpp
-- Up-to-date symlink: /home/andrea/tesi/ros2_mapf_cbs/cbs_ros2_project/install/cbs_interfaces/include/cbs_interfaces/cbs_interfaces/srv/detail/start_goal_positions__traits.hpp
-- Up-to-date symlink: /home/andrea/tesi/ros2_mapf_cbs/cbs_ros2_project/install/cbs_interfaces/include/cbs_interfaces/cbs_interfaces/srv/start_goal_pose_stamped.hpp
-- Up-to-date symlink: /home/andrea/tesi/ros2_mapf_cbs/cbs_ros2_project/install/cbs_interfaces/include/cbs_interfaces/cbs_interfaces/srv/start_goal_positions.hpp
-- Up-to-date symlink: /home/andrea/tesi/ros2_mapf_cbs/cbs_ros2_project/install/cbs_interfaces/include/cbs_interfaces/cbs_interfaces/action/detail/compute_path_to_pose_cbs__rosidl_typesupport_fastrtps_cpp.hpp
-- Up-to-date symlink: /home/andrea/tesi/ros2_mapf_cbs/cbs_ros2_project/install/cbs_interfaces/include/cbs_interfaces/cbs_interfaces/msg/detail/agent_path__rosidl_typesupport_fastrtps_cpp.hpp
-- Up-to-date symlink: /home/andrea/tesi/ros2_mapf_cbs/cbs_ros2_project/install/cbs_interfaces/include/cbs_interfaces/cbs_interfaces/msg/detail/agent_path_request__rosidl_typesupport_fastrtps_cpp.hpp
-- Up-to-date symlink: /home/andrea/tesi/ros2_mapf_cbs/cbs_ros2_project/install/cbs_interfaces/include/cbs_interfaces/cbs_interfaces/msg/detail/coordinates3_d__rosidl_typesupport_fastrtps_cpp.hpp
-- Up-to-date symlink: /home/andrea/tesi/ros2_mapf_cbs/cbs_ros2_project/install/cbs_interfaces/include/cbs_interfaces/cbs_interfaces/msg/detail/edge_constraint__rosidl_typesupport_fastrtps_cpp.hpp
-- Up-to-date symlink: /home/andrea/tesi/ros2_mapf_cbs/cbs_ros2_project/install/cbs_interfaces/include/cbs_interfaces/cbs_interfaces/msg/detail/start_goal__rosidl_typesupport_fastrtps_cpp.hpp
-- Up-to-date symlink: /home/andrea/tesi/ros2_mapf_cbs/cbs_ros2_project/install/cbs_interfaces/include/cbs_interfaces/cbs_interfaces/msg/detail/vertex_constraint__rosidl_typesupport_fastrtps_cpp.hpp
-- Up-to-date symlink: /home/andrea/tesi/ros2_mapf_cbs/cbs_ros2_project/install/cbs_interfaces/include/cbs_interfaces/cbs_interfaces/msg/rosidl_typesupport_fastrtps_cpp__visibility_control.h
-- Up-to-date symlink: /home/andrea/tesi/ros2_mapf_cbs/cbs_ros2_project/install/cbs_interfaces/include/cbs_interfaces/cbs_interfaces/srv/detail/computed_plans__rosidl_typesupport_fastrtps_cpp.hpp
-- Up-to-date symlink: /home/andrea/tesi/ros2_mapf_cbs/cbs_ros2_project/install/cbs_interfaces/include/cbs_interfaces/cbs_interfaces/srv/detail/start_goal_pose_stamped__rosidl_typesupport_fastrtps_cpp.hpp
-- Up-to-date symlink: /home/andrea/tesi/ros2_mapf_cbs/cbs_ros2_project/install/cbs_interfaces/include/cbs_interfaces/cbs_interfaces/srv/detail/start_goal_positions__rosidl_typesupport_fastrtps_cpp.hpp
-- Up-to-date symlink: /home/andrea/tesi/ros2_mapf_cbs/cbs_ros2_project/install/cbs_interfaces/include/cbs_interfaces/cbs_interfaces/action/detail/compute_path_to_pose_cbs__rosidl_typesupport_introspection_c.h
-- Up-to-date symlink: /home/andrea/tesi/ros2_mapf_cbs/cbs_ros2_project/install/cbs_interfaces/include/cbs_interfaces/cbs_interfaces/msg/detail/agent_path__rosidl_typesupport_introspection_c.h
-- Up-to-date symlink: /home/andrea/tesi/ros2_mapf_cbs/cbs_ros2_project/install/cbs_interfaces/include/cbs_interfaces/cbs_interfaces/msg/detail/agent_path_request__rosidl_typesupport_introspection_c.h
-- Up-to-date symlink: /home/andrea/tesi/ros2_mapf_cbs/cbs_ros2_project/install/cbs_interfaces/include/cbs_interfaces/cbs_interfaces/msg/detail/coordinates3_d__rosidl_typesupport_introspection_c.h
-- Up-to-date symlink: /home/andrea/tesi/ros2_mapf_cbs/cbs_ros2_project/install/cbs_interfaces/include/cbs_interfaces/cbs_interfaces/msg/detail/edge_constraint__rosidl_typesupport_introspection_c.h
-- Up-to-date symlink: /home/andrea/tesi/ros2_mapf_cbs/cbs_ros2_project/install/cbs_interfaces/include/cbs_interfaces/cbs_interfaces/msg/detail/start_goal__rosidl_typesupport_introspection_c.h
-- Up-to-date symlink: /home/andrea/tesi/ros2_mapf_cbs/cbs_ros2_project/install/cbs_interfaces/include/cbs_interfaces/cbs_interfaces/msg/detail/vertex_constraint__rosidl_typesupport_introspection_c.h
-- Up-to-date symlink: /home/andrea/tesi/ros2_mapf_cbs/cbs_ros2_project/install/cbs_interfaces/include/cbs_interfaces/cbs_interfaces/msg/rosidl_typesupport_introspection_c__visibility_control.h
-- Up-to-date symlink: /home/andrea/tesi/ros2_mapf_cbs/cbs_ros2_project/install/cbs_interfaces/include/cbs_interfaces/cbs_interfaces/srv/detail/computed_plans__rosidl_typesupport_introspection_c.h
-- Up-to-date symlink: /home/andrea/tesi/ros2_mapf_cbs/cbs_ros2_project/install/cbs_interfaces/include/cbs_interfaces/cbs_interfaces/srv/detail/start_goal_pose_stamped__rosidl_typesupport_introspection_c.h
-- Up-to-date symlink: /home/andrea/tesi/ros2_mapf_cbs/cbs_ros2_project/install/cbs_interfaces/include/cbs_interfaces/cbs_interfaces/srv/detail/start_goal_positions__rosidl_typesupport_introspection_c.h
-- Up-to-date symlink: /home/andrea/tesi/ros2_mapf_cbs/cbs_ros2_project/install/cbs_interfaces/include/cbs_interfaces/cbs_interfaces/action/detail/compute_path_to_pose_cbs__rosidl_typesupport_introspection_cpp.hpp
-- Up-to-date symlink: /home/andrea/tesi/ros2_mapf_cbs/cbs_ros2_project/install/cbs_interfaces/include/cbs_interfaces/cbs_interfaces/msg/detail/agent_path__rosidl_typesupport_introspection_cpp.hpp
-- Up-to-date symlink: /home/andrea/tesi/ros2_mapf_cbs/cbs_ros2_project/install/cbs_interfaces/include/cbs_interfaces/cbs_interfaces/msg/detail/agent_path_request__rosidl_typesupport_introspection_cpp.hpp
-- Up-to-date symlink: /home/andrea/tesi/ros2_mapf_cbs/cbs_ros2_project/install/cbs_interfaces/include/cbs_interfaces/cbs_interfaces/msg/detail/coordinates3_d__rosidl_typesupport_introspection_cpp.hpp
-- Up-to-date symlink: /home/andrea/tesi/ros2_mapf_cbs/cbs_ros2_project/install/cbs_interfaces/include/cbs_interfaces/cbs_interfaces/msg/detail/edge_constraint__rosidl_typesupport_introspection_cpp.hpp
-- Up-to-date symlink: /home/andrea/tesi/ros2_mapf_cbs/cbs_ros2_project/install/cbs_interfaces/include/cbs_interfaces/cbs_interfaces/msg/detail/start_goal__rosidl_typesupport_introspection_cpp.hpp
-- Up-to-date symlink: /home/andrea/tesi/ros2_mapf_cbs/cbs_ros2_project/install/cbs_interfaces/include/cbs_interfaces/cbs_interfaces/msg/detail/vertex_constraint__rosidl_typesupport_introspection_cpp.hpp
-- Up-to-date symlink: /home/andrea/tesi/ros2_mapf_cbs/cbs_ros2_project/install/cbs_interfaces/include/cbs_interfaces/cbs_interfaces/srv/detail/computed_plans__rosidl_typesupport_introspection_cpp.hpp
-- Up-to-date symlink: /home/andrea/tesi/ros2_mapf_cbs/cbs_ros2_project/install/cbs_interfaces/include/cbs_interfaces/cbs_interfaces/srv/detail/start_goal_pose_stamped__rosidl_typesupport_introspection_cpp.hpp
-- Up-to-date symlink: /home/andrea/tesi/ros2_mapf_cbs/cbs_ros2_project/install/cbs_interfaces/include/cbs_interfaces/cbs_interfaces/srv/detail/start_goal_positions__rosidl_typesupport_introspection_cpp.hpp
-- Up-to-date symlink: /home/andrea/tesi/ros2_mapf_cbs/cbs_ros2_project/install/cbs_interfaces/share/cbs_interfaces/environment/pythonpath.sh
-- Up-to-date symlink: /home/andrea/tesi/ros2_mapf_cbs/cbs_ros2_project/install/cbs_interfaces/share/cbs_interfaces/environment/pythonpath.dsv
-- Up-to-date symlink: /home/andrea/tesi/ros2_mapf_cbs/cbs_ros2_project/install/cbs_interfaces/local/lib/python3.10/dist-packages/cbs_interfaces-0.0.0-py3.10.egg-info/PKG-INFO
-- Up-to-date symlink: /home/andrea/tesi/ros2_mapf_cbs/cbs_ros2_project/install/cbs_interfaces/local/lib/python3.10/dist-packages/cbs_interfaces-0.0.0-py3.10.egg-info/SOURCES.txt
-- Up-to-date symlink: /home/andrea/tesi/ros2_mapf_cbs/cbs_ros2_project/install/cbs_interfaces/local/lib/python3.10/dist-packages/cbs_interfaces-0.0.0-py3.10.egg-info/dependency_links.txt
-- Up-to-date symlink: /home/andrea/tesi/ros2_mapf_cbs/cbs_ros2_project/install/cbs_interfaces/local/lib/python3.10/dist-packages/cbs_interfaces-0.0.0-py3.10.egg-info/top_level.txt
-- Up-to-date symlink: /home/andrea/tesi/ros2_mapf_cbs/cbs_ros2_project/install/cbs_interfaces/local/lib/python3.10/dist-packages/cbs_interfaces/__init__.py
-- Up-to-date symlink: /home/andrea/tesi/ros2_mapf_cbs/cbs_ros2_project/install/cbs_interfaces/local/lib/python3.10/dist-packages/cbs_interfaces/_cbs_interfaces_s.ep.rosidl_typesupport_c.c
-- Up-to-date symlink: /home/andrea/tesi/ros2_mapf_cbs/cbs_ros2_project/install/cbs_interfaces/local/lib/python3.10/dist-packages/cbs_interfaces/_cbs_interfaces_s.ep.rosidl_typesupport_fastrtps_c.c
-- Up-to-date symlink: /home/andrea/tesi/ros2_mapf_cbs/cbs_ros2_project/install/cbs_interfaces/local/lib/python3.10/dist-packages/cbs_interfaces/_cbs_interfaces_s.ep.rosidl_typesupport_introspection_c.c
-- Up-to-date symlink: /home/andrea/tesi/ros2_mapf_cbs/cbs_ros2_project/install/cbs_interfaces/local/lib/python3.10/dist-packages/cbs_interfaces/action/__init__.py
-- Up-to-date symlink: /home/andrea/tesi/ros2_mapf_cbs/cbs_ros2_project/install/cbs_interfaces/local/lib/python3.10/dist-packages/cbs_interfaces/action/_compute_path_to_pose_cbs.py
-- Up-to-date symlink: /home/andrea/tesi/ros2_mapf_cbs/cbs_ros2_project/install/cbs_interfaces/local/lib/python3.10/dist-packages/cbs_interfaces/action/_compute_path_to_pose_cbs_s.c
-- Up-to-date symlink: /home/andrea/tesi/ros2_mapf_cbs/cbs_ros2_project/install/cbs_interfaces/local/lib/python3.10/dist-packages/cbs_interfaces/cbs_interfaces_s__rosidl_typesupport_c.cpython-310-x86_64-linux-gnu.so
-- Up-to-date symlink: /home/andrea/tesi/ros2_mapf_cbs/cbs_ros2_project/install/cbs_interfaces/local/lib/python3.10/dist-packages/cbs_interfaces/cbs_interfaces_s__rosidl_typesupport_fastrtps_c.cpython-310-x86_64-linux-gnu.so
-- Up-to-date symlink: /home/andrea/tesi/ros2_mapf_cbs/cbs_ros2_project/install/cbs_interfaces/local/lib/python3.10/dist-packages/cbs_interfaces/cbs_interfaces_s__rosidl_typesupport_introspection_c.cpython-310-x86_64-linux-gnu.so
-- Up-to-date symlink: /home/andrea/tesi/ros2_mapf_cbs/cbs_ros2_project/install/cbs_interfaces/local/lib/python3.10/dist-packages/cbs_interfaces/libcbs_interfaces__rosidl_generator_py.so
-- Up-to-date symlink: /home/andrea/tesi/ros2_mapf_cbs/cbs_ros2_project/install/cbs_interfaces/local/lib/python3.10/dist-packages/cbs_interfaces/msg/__init__.py
-- Up-to-date symlink: /home/andrea/tesi/ros2_mapf_cbs/cbs_ros2_project/install/cbs_interfaces/local/lib/python3.10/dist-packages/cbs_interfaces/msg/_agent_path.py
-- Up-to-date symlink: /home/andrea/tesi/ros2_mapf_cbs/cbs_ros2_project/install/cbs_interfaces/local/lib/python3.10/dist-packages/cbs_interfaces/msg/_agent_path_request.py
-- Up-to-date symlink: /home/andrea/tesi/ros2_mapf_cbs/cbs_ros2_project/install/cbs_interfaces/local/lib/python3.10/dist-packages/cbs_interfaces/msg/_agent_path_request_s.c
-- Up-to-date symlink: /home/andrea/tesi/ros2_mapf_cbs/cbs_ros2_project/install/cbs_interfaces/local/lib/python3.10/dist-packages/cbs_interfaces/msg/_agent_path_s.c
-- Up-to-date symlink: /home/andrea/tesi/ros2_mapf_cbs/cbs_ros2_project/install/cbs_interfaces/local/lib/python3.10/dist-packages/cbs_interfaces/msg/_coordinates3_d.py
-- Up-to-date symlink: /home/andrea/tesi/ros2_mapf_cbs/cbs_ros2_project/install/cbs_interfaces/local/lib/python3.10/dist-packages/cbs_interfaces/msg/_coordinates3_d_s.c
-- Up-to-date symlink: /home/andrea/tesi/ros2_mapf_cbs/cbs_ros2_project/install/cbs_interfaces/local/lib/python3.10/dist-packages/cbs_interfaces/msg/_edge_constraint.py
-- Up-to-date symlink: /home/andrea/tesi/ros2_mapf_cbs/cbs_ros2_project/install/cbs_interfaces/local/lib/python3.10/dist-packages/cbs_interfaces/msg/_edge_constraint_s.c
-- Up-to-date symlink: /home/andrea/tesi/ros2_mapf_cbs/cbs_ros2_project/install/cbs_interfaces/local/lib/python3.10/dist-packages/cbs_interfaces/msg/_start_goal.py
-- Up-to-date symlink: /home/andrea/tesi/ros2_mapf_cbs/cbs_ros2_project/install/cbs_interfaces/local/lib/python3.10/dist-packages/cbs_interfaces/msg/_start_goal_s.c
-- Up-to-date symlink: /home/andrea/tesi/ros2_mapf_cbs/cbs_ros2_project/install/cbs_interfaces/local/lib/python3.10/dist-packages/cbs_interfaces/msg/_vertex_constraint.py
-- Up-to-date symlink: /home/andrea/tesi/ros2_mapf_cbs/cbs_ros2_project/install/cbs_interfaces/local/lib/python3.10/dist-packages/cbs_interfaces/msg/_vertex_constraint_s.c
-- Up-to-date symlink: /home/andrea/tesi/ros2_mapf_cbs/cbs_ros2_project/install/cbs_interfaces/local/lib/python3.10/dist-packages/cbs_interfaces/srv/__init__.py
-- Up-to-date symlink: /home/andrea/tesi/ros2_mapf_cbs/cbs_ros2_project/install/cbs_interfaces/local/lib/python3.10/dist-packages/cbs_interfaces/srv/_computed_plans.py
-- Up-to-date symlink: /home/andrea/tesi/ros2_mapf_cbs/cbs_ros2_project/install/cbs_interfaces/local/lib/python3.10/dist-packages/cbs_interfaces/srv/_computed_plans_s.c
-- Up-to-date symlink: /home/andrea/tesi/ros2_mapf_cbs/cbs_ros2_project/install/cbs_interfaces/local/lib/python3.10/dist-packages/cbs_interfaces/srv/_start_goal_pose_stamped.py
-- Up-to-date symlink: /home/andrea/tesi/ros2_mapf_cbs/cbs_ros2_project/install/cbs_interfaces/local/lib/python3.10/dist-packages/cbs_interfaces/srv/_start_goal_pose_stamped_s.c
-- Up-to-date symlink: /home/andrea/tesi/ros2_mapf_cbs/cbs_ros2_project/install/cbs_interfaces/local/lib/python3.10/dist-packages/cbs_interfaces/srv/_start_goal_positions.py
-- Up-to-date symlink: /home/andrea/tesi/ros2_mapf_cbs/cbs_ros2_project/install/cbs_interfaces/local/lib/python3.10/dist-packages/cbs_interfaces/srv/_start_goal_positions_s.c
-- Up-to-date symlink: /home/andrea/tesi/ros2_mapf_cbs/cbs_ros2_project/install/cbs_interfaces/local/lib/python3.10/dist-packages/cbs_interfaces/cbs_interfaces_s__rosidl_typesupport_fastrtps_c.cpython-310-x86_64-linux-gnu.so
-- Up-to-date symlink: /home/andrea/tesi/ros2_mapf_cbs/cbs_ros2_project/install/cbs_interfaces/local/lib/python3.10/dist-packages/cbs_interfaces/cbs_interfaces_s__rosidl_typesupport_introspection_c.cpython-310-x86_64-linux-gnu.so
-- Up-to-date symlink: /home/andrea/tesi/ros2_mapf_cbs/cbs_ros2_project/install/cbs_interfaces/local/lib/python3.10/dist-packages/cbs_interfaces/cbs_interfaces_s__rosidl_typesupport_c.cpython-310-x86_64-linux-gnu.so
-- Up-to-date symlink: /home/andrea/tesi/ros2_mapf_cbs/cbs_ros2_project/install/cbs_interfaces/share/cbs_interfaces/srv/StartGoalPoseStamped.idl
-- Up-to-date symlink: /home/andrea/tesi/ros2_mapf_cbs/cbs_ros2_project/install/cbs_interfaces/share/cbs_interfaces/srv/StartGoalPositions.idl
-- Up-to-date symlink: /home/andrea/tesi/ros2_mapf_cbs/cbs_ros2_project/install/cbs_interfaces/share/cbs_interfaces/srv/ComputedPlans.idl
-- Up-to-date symlink: /home/andrea/tesi/ros2_mapf_cbs/cbs_ros2_project/install/cbs_interfaces/share/cbs_interfaces/msg/AgentPathRequest.idl
-- Up-to-date symlink: /home/andrea/tesi/ros2_mapf_cbs/cbs_ros2_project/install/cbs_interfaces/share/cbs_interfaces/msg/AgentPath.idl
-- Up-to-date symlink: /home/andrea/tesi/ros2_mapf_cbs/cbs_ros2_project/install/cbs_interfaces/share/cbs_interfaces/msg/VertexConstraint.idl
-- Up-to-date symlink: /home/andrea/tesi/ros2_mapf_cbs/cbs_ros2_project/install/cbs_interfaces/share/cbs_interfaces/msg/EdgeConstraint.idl
-- Up-to-date symlink: /home/andrea/tesi/ros2_mapf_cbs/cbs_ros2_project/install/cbs_interfaces/share/cbs_interfaces/msg/Coordinates3D.idl
-- Up-to-date symlink: /home/andrea/tesi/ros2_mapf_cbs/cbs_ros2_project/install/cbs_interfaces/share/cbs_interfaces/msg/StartGoal.idl
-- Up-to-date symlink: /home/andrea/tesi/ros2_mapf_cbs/cbs_ros2_project/install/cbs_interfaces/share/cbs_interfaces/action/ComputePathToPoseCBS.idl
-- Up-to-date symlink: /home/andrea/tesi/ros2_mapf_cbs/cbs_ros2_project/install/cbs_interfaces/share/cbs_interfaces/srv/StartGoalPoseStamped.srv
-- Up-to-date symlink: /home/andrea/tesi/ros2_mapf_cbs/cbs_ros2_project/install/cbs_interfaces/share/cbs_interfaces/srv/StartGoalPoseStamped_Request.msg
-- Up-to-date symlink: /home/andrea/tesi/ros2_mapf_cbs/cbs_ros2_project/install/cbs_interfaces/share/cbs_interfaces/srv/StartGoalPoseStamped_Response.msg
-- Up-to-date symlink: /home/andrea/tesi/ros2_mapf_cbs/cbs_ros2_project/install/cbs_interfaces/share/cbs_interfaces/srv/StartGoalPositions.srv
-- Up-to-date symlink: /home/andrea/tesi/ros2_mapf_cbs/cbs_ros2_project/install/cbs_interfaces/share/cbs_interfaces/srv/StartGoalPositions_Request.msg
-- Up-to-date symlink: /home/andrea/tesi/ros2_mapf_cbs/cbs_ros2_project/install/cbs_interfaces/share/cbs_interfaces/srv/StartGoalPositions_Response.msg
-- Up-to-date symlink: /home/andrea/tesi/ros2_mapf_cbs/cbs_ros2_project/install/cbs_interfaces/share/cbs_interfaces/srv/ComputedPlans.srv
-- Up-to-date symlink: /home/andrea/tesi/ros2_mapf_cbs/cbs_ros2_project/install/cbs_interfaces/share/cbs_interfaces/srv/ComputedPlans_Request.msg
-- Up-to-date symlink: /home/andrea/tesi/ros2_mapf_cbs/cbs_ros2_project/install/cbs_interfaces/share/cbs_interfaces/srv/ComputedPlans_Response.msg
-- Up-to-date symlink: /home/andrea/tesi/ros2_mapf_cbs/cbs_ros2_project/install/cbs_interfaces/share/cbs_interfaces/msg/AgentPathRequest.msg
-- Up-to-date symlink: /home/andrea/tesi/ros2_mapf_cbs/cbs_ros2_project/install/cbs_interfaces/share/cbs_interfaces/msg/AgentPath.msg
-- Up-to-date symlink: /home/andrea/tesi/ros2_mapf_cbs/cbs_ros2_project/install/cbs_interfaces/share/cbs_interfaces/msg/VertexConstraint.msg
-- Up-to-date symlink: /home/andrea/tesi/ros2_mapf_cbs/cbs_ros2_project/install/cbs_interfaces/share/cbs_interfaces/msg/EdgeConstraint.msg
-- Up-to-date symlink: /home/andrea/tesi/ros2_mapf_cbs/cbs_ros2_project/install/cbs_interfaces/share/cbs_interfaces/msg/Coordinates3D.msg
-- Up-to-date symlink: /home/andrea/tesi/ros2_mapf_cbs/cbs_ros2_project/install/cbs_interfaces/share/cbs_interfaces/msg/StartGoal.msg
-- Up-to-date symlink: /home/andrea/tesi/ros2_mapf_cbs/cbs_ros2_project/install/cbs_interfaces/share/cbs_interfaces/action/ComputePathToPoseCBS.action
-- Up-to-date symlink: /home/andrea/tesi/ros2_mapf_cbs/cbs_ros2_project/install/cbs_interfaces/share/ament_index/resource_index/package_run_dependencies/cbs_interfaces
-- Up-to-date symlink: /home/andrea/tesi/ros2_mapf_cbs/cbs_ros2_project/install/cbs_interfaces/share/ament_index/resource_index/parent_prefix_path/cbs_interfaces
-- Up-to-date symlink: /home/andrea/tesi/ros2_mapf_cbs/cbs_ros2_project/install/cbs_interfaces/share/cbs_interfaces/environment/ament_prefix_path.sh
-- Up-to-date symlink: /home/andrea/tesi/ros2_mapf_cbs/cbs_ros2_project/install/cbs_interfaces/share/cbs_interfaces/environment/ament_prefix_path.dsv
-- Up-to-date symlink: /home/andrea/tesi/ros2_mapf_cbs/cbs_ros2_project/install/cbs_interfaces/share/cbs_interfaces/environment/path.sh
-- Up-to-date symlink: /home/andrea/tesi/ros2_mapf_cbs/cbs_ros2_project/install/cbs_interfaces/share/cbs_interfaces/environment/path.dsv
-- Up-to-date symlink: /home/andrea/tesi/ros2_mapf_cbs/cbs_ros2_project/install/cbs_interfaces/share/cbs_interfaces/local_setup.bash
-- Up-to-date symlink: /home/andrea/tesi/ros2_mapf_cbs/cbs_ros2_project/install/cbs_interfaces/share/cbs_interfaces/local_setup.sh
-- Up-to-date symlink: /home/andrea/tesi/ros2_mapf_cbs/cbs_ros2_project/install/cbs_interfaces/share/cbs_interfaces/local_setup.zsh
-- Up-to-date symlink: /home/andrea/tesi/ros2_mapf_cbs/cbs_ros2_project/install/cbs_interfaces/share/cbs_interfaces/local_setup.dsv
-- Symlinking: /home/andrea/tesi/ros2_mapf_cbs/cbs_ros2_project/install/cbs_interfaces/share/cbs_interfaces/package.dsv
-- Up-to-date symlink: /home/andrea/tesi/ros2_mapf_cbs/cbs_ros2_project/install/cbs_interfaces/share/ament_index/resource_index/packages/cbs_interfaces
-- Up-to-date symlink: /home/andrea/tesi/ros2_mapf_cbs/cbs_ros2_project/install/cbs_interfaces/share/cbs_interfaces/cmake/rosidl_cmake-extras.cmake
-- Up-to-date symlink: /home/andrea/tesi/ros2_mapf_cbs/cbs_ros2_project/install/cbs_interfaces/share/cbs_interfaces/cmake/ament_cmake_export_dependencies-extras.cmake
-- Up-to-date symlink: /home/andrea/tesi/ros2_mapf_cbs/cbs_ros2_project/install/cbs_interfaces/share/cbs_interfaces/cmake/ament_cmake_export_include_directories-extras.cmake
-- Up-to-date symlink: /home/andrea/tesi/ros2_mapf_cbs/cbs_ros2_project/install/cbs_interfaces/share/cbs_interfaces/cmake/ament_cmake_export_libraries-extras.cmake
-- Up-to-date symlink: /home/andrea/tesi/ros2_mapf_cbs/cbs_ros2_project/install/cbs_interfaces/share/cbs_interfaces/cmake/ament_cmake_export_targets-extras.cmake
-- Up-to-date symlink: /home/andrea/tesi/ros2_mapf_cbs/cbs_ros2_project/install/cbs_interfaces/share/cbs_interfaces/cmake/rosidl_cmake_export_typesupport_targets-extras.cmake
-- Up-to-date symlink: /home/andrea/tesi/ros2_mapf_cbs/cbs_ros2_project/install/cbs_interfaces/share/cbs_interfaces/cmake/rosidl_cmake_export_typesupport_libraries-extras.cmake
-- Up-to-date symlink: /home/andrea/tesi/ros2_mapf_cbs/cbs_ros2_project/install/cbs_interfaces/share/cbs_interfaces/cmake/cbs_interfacesConfig.cmake
-- Up-to-date symlink: /home/andrea/tesi/ros2_mapf_cbs/cbs_ros2_project/install/cbs_interfaces/share/cbs_interfaces/cmake/cbs_interfacesConfig-version.cmake
-- Up-to-date symlink: /home/andrea/tesi/ros2_mapf_cbs/cbs_ros2_project/install/cbs_interfaces/share/cbs_interfaces/package.xml
-- Up-to-date: /home/andrea/tesi/ros2_mapf_cbs/cbs_ros2_project/install/cbs_interfaces/lib/libcbs_interfaces__rosidl_generator_c.so
-- Up-to-date: /home/andrea/tesi/ros2_mapf_cbs/cbs_ros2_project/install/cbs_interfaces/lib/libcbs_interfaces__rosidl_typesupport_fastrtps_c.so
-- Up-to-date: /home/andrea/tesi/ros2_mapf_cbs/cbs_ros2_project/install/cbs_interfaces/lib/libcbs_interfaces__rosidl_typesupport_fastrtps_cpp.so
-- Up-to-date: /home/andrea/tesi/ros2_mapf_cbs/cbs_ros2_project/install/cbs_interfaces/lib/libcbs_interfaces__rosidl_typesupport_introspection_c.so
-- Up-to-date: /home/andrea/tesi/ros2_mapf_cbs/cbs_ros2_project/install/cbs_interfaces/lib/libcbs_interfaces__rosidl_typesupport_c.so
-- Up-to-date: /home/andrea/tesi/ros2_mapf_cbs/cbs_ros2_project/install/cbs_interfaces/lib/libcbs_interfaces__rosidl_typesupport_introspection_cpp.so
-- Up-to-date: /home/andrea/tesi/ros2_mapf_cbs/cbs_ros2_project/install/cbs_interfaces/lib/libcbs_interfaces__rosidl_typesupport_cpp.so
Listing '/home/andrea/tesi/ros2_mapf_cbs/cbs_ros2_project/install/cbs_interfaces/local/lib/python3.10/dist-packages/cbs_interfaces'...
Listing '/home/andrea/tesi/ros2_mapf_cbs/cbs_ros2_project/install/cbs_interfaces/local/lib/python3.10/dist-packages/cbs_interfaces/action'...
Listing '/home/andrea/tesi/ros2_mapf_cbs/cbs_ros2_project/install/cbs_interfaces/local/lib/python3.10/dist-packages/cbs_interfaces/msg'...
Listing '/home/andrea/tesi/ros2_mapf_cbs/cbs_ros2_project/install/cbs_interfaces/local/lib/python3.10/dist-packages/cbs_interfaces/srv'...
-- Up-to-date: /home/andrea/tesi/ros2_mapf_cbs/cbs_ros2_project/install/cbs_interfaces/lib/libcbs_interfaces__rosidl_generator_py.so
-- Up-to-date: /home/andrea/tesi/ros2_mapf_cbs/cbs_ros2_project/install/cbs_interfaces/share/cbs_interfaces/cmake/export_cbs_interfaces__rosidl_generator_cExport.cmake
-- Up-to-date: /home/andrea/tesi/ros2_mapf_cbs/cbs_ros2_project/install/cbs_interfaces/share/cbs_interfaces/cmake/export_cbs_interfaces__rosidl_generator_cExport-noconfig.cmake
-- Up-to-date: /home/andrea/tesi/ros2_mapf_cbs/cbs_ros2_project/install/cbs_interfaces/share/cbs_interfaces/cmake/export_cbs_interfaces__rosidl_typesupport_fastrtps_cExport.cmake
-- Up-to-date: /home/andrea/tesi/ros2_mapf_cbs/cbs_ros2_project/install/cbs_interfaces/share/cbs_interfaces/cmake/export_cbs_interfaces__rosidl_typesupport_fastrtps_cExport-noconfig.cmake
-- Up-to-date: /home/andrea/tesi/ros2_mapf_cbs/cbs_ros2_project/install/cbs_interfaces/share/cbs_interfaces/cmake/export_cbs_interfaces__rosidl_generator_cppExport.cmake
-- Up-to-date: /home/andrea/tesi/ros2_mapf_cbs/cbs_ros2_project/install/cbs_interfaces/share/cbs_interfaces/cmake/export_cbs_interfaces__rosidl_typesupport_fastrtps_cppExport.cmake
-- Up-to-date: /home/andrea/tesi/ros2_mapf_cbs/cbs_ros2_project/install/cbs_interfaces/share/cbs_interfaces/cmake/export_cbs_interfaces__rosidl_typesupport_fastrtps_cppExport-noconfig.cmake
-- Up-to-date: /home/andrea/tesi/ros2_mapf_cbs/cbs_ros2_project/install/cbs_interfaces/share/cbs_interfaces/cmake/cbs_interfaces__rosidl_typesupport_introspection_cExport.cmake
-- Up-to-date: /home/andrea/tesi/ros2_mapf_cbs/cbs_ros2_project/install/cbs_interfaces/share/cbs_interfaces/cmake/cbs_interfaces__rosidl_typesupport_introspection_cExport-noconfig.cmake
-- Up-to-date: /home/andrea/tesi/ros2_mapf_cbs/cbs_ros2_project/install/cbs_interfaces/share/cbs_interfaces/cmake/cbs_interfaces__rosidl_typesupport_cExport.cmake
-- Up-to-date: /home/andrea/tesi/ros2_mapf_cbs/cbs_ros2_project/install/cbs_interfaces/share/cbs_interfaces/cmake/cbs_interfaces__rosidl_typesupport_cExport-noconfig.cmake
-- Up-to-date: /home/andrea/tesi/ros2_mapf_cbs/cbs_ros2_project/install/cbs_interfaces/share/cbs_interfaces/cmake/cbs_interfaces__rosidl_typesupport_introspection_cppExport.cmake
-- Up-to-date: /home/andrea/tesi/ros2_mapf_cbs/cbs_ros2_project/install/cbs_interfaces/share/cbs_interfaces/cmake/cbs_interfaces__rosidl_typesupport_introspection_cppExport-noconfig.cmake
-- Up-to-date: /home/andrea/tesi/ros2_mapf_cbs/cbs_ros2_project/install/cbs_interfaces/share/cbs_interfaces/cmake/cbs_interfaces__rosidl_typesupport_cppExport.cmake
-- Up-to-date: /home/andrea/tesi/ros2_mapf_cbs/cbs_ros2_project/install/cbs_interfaces/share/cbs_interfaces/cmake/cbs_interfaces__rosidl_typesupport_cppExport-noconfig.cmake
-- Up-to-date: /home/andrea/tesi/ros2_mapf_cbs/cbs_ros2_project/install/cbs_interfaces/share/cbs_interfaces/cmake/export_cbs_interfaces__rosidl_generator_pyExport.cmake
-- Up-to-date: /home/andrea/tesi/ros2_mapf_cbs/cbs_ros2_project/install/cbs_interfaces/share/cbs_interfaces/cmake/export_cbs_interfaces__rosidl_generator_pyExport-noconfig.cmake
