[0.088s] Invoking command in '/home/andrea/tesi/ros2_mapf_cbs/cbs_ros2_project/build/cbs_bringup': CMAKE_PREFIX_PATH=${CMAKE_PREFIX_PATH}:/home/andrea/tesi/ros2_mapf_cbs/cbs_ros2_project/install/cbs_nodes:/opt/ros/humble /usr/bin/cmake /home/andrea/tesi/ros2_mapf_cbs/cbs_ros2_project/src/cbs_components_ros2/cbs_bringup -DAMENT_CMAKE_SYMLINK_INSTALL=1 -DCMAKE_INSTALL_PREFIX=/home/andrea/tesi/ros2_mapf_cbs/cbs_ros2_project/install/cbs_bringup
[0.155s] -- The C compiler identification is GNU 11.4.0
[0.202s] -- The CXX compiler identification is GNU 11.4.0
[0.209s] -- Detecting C compiler ABI info
[0.261s] -- Detecting C compiler ABI info - done
[0.270s] -- Check for working C compiler: /usr/bin/cc - skipped
[0.271s] -- Detecting C compile features
[0.272s] -- Detecting C compile features - done
[0.275s] -- Detecting CXX compiler ABI info
[0.342s] -- Detecting CXX compiler ABI info - done
[0.348s] -- Check for working CXX compiler: /usr/bin/c++ - skipped
[0.348s] -- Detecting CXX compile features
[0.348s] -- Detecting CXX compile features - done
[0.351s] -- Found ament_cmake: 1.3.5 (/opt/ros/humble/share/ament_cmake/cmake)
[0.480s] -- Found Python3: /usr/bin/python3.10 (found version "3.10.12") found components: Interpreter 
[0.548s] -- Override CMake install command with custom implementation using symlinks instead of copying resources
[0.623s] -- Configuring done
[0.625s] -- Generating done
[0.625s] -- Build files have been written to: /home/andrea/tesi/ros2_mapf_cbs/cbs_ros2_project/build/cbs_bringup
[0.628s] Invoked command in '/home/andrea/tesi/ros2_mapf_cbs/cbs_ros2_project/build/cbs_bringup' returned '0': CMAKE_PREFIX_PATH=${CMAKE_PREFIX_PATH}:/home/andrea/tesi/ros2_mapf_cbs/cbs_ros2_project/install/cbs_nodes:/opt/ros/humble /usr/bin/cmake /home/andrea/tesi/ros2_mapf_cbs/cbs_ros2_project/src/cbs_components_ros2/cbs_bringup -DAMENT_CMAKE_SYMLINK_INSTALL=1 -DCMAKE_INSTALL_PREFIX=/home/andrea/tesi/ros2_mapf_cbs/cbs_ros2_project/install/cbs_bringup
[0.630s] Invoking command in '/home/andrea/tesi/ros2_mapf_cbs/cbs_ros2_project/build/cbs_bringup': CMAKE_PREFIX_PATH=${CMAKE_PREFIX_PATH}:/home/andrea/tesi/ros2_mapf_cbs/cbs_ros2_project/install/cbs_nodes:/opt/ros/humble /usr/bin/cmake --build /home/andrea/tesi/ros2_mapf_cbs/cbs_ros2_project/build/cbs_bringup -- -j8 -l8
[0.657s] Invoked command in '/home/andrea/tesi/ros2_mapf_cbs/cbs_ros2_project/build/cbs_bringup' returned '0': CMAKE_PREFIX_PATH=${CMAKE_PREFIX_PATH}:/home/andrea/tesi/ros2_mapf_cbs/cbs_ros2_project/install/cbs_nodes:/opt/ros/humble /usr/bin/cmake --build /home/andrea/tesi/ros2_mapf_cbs/cbs_ros2_project/build/cbs_bringup -- -j8 -l8
[0.681s] Invoking command in '/home/andrea/tesi/ros2_mapf_cbs/cbs_ros2_project/build/cbs_bringup': CMAKE_PREFIX_PATH=${CMAKE_PREFIX_PATH}:/home/andrea/tesi/ros2_mapf_cbs/cbs_ros2_project/install/cbs_nodes:/opt/ros/humble /usr/bin/cmake --install /home/andrea/tesi/ros2_mapf_cbs/cbs_ros2_project/build/cbs_bringup
[0.687s] -- Install configuration: ""
[0.687s] -- Execute custom install script
[0.688s] -- Symlinking: /home/andrea/tesi/ros2_mapf_cbs/cbs_ros2_project/install/cbs_bringup/share/cbs_bringup/launch/experiment1.launch.py
[0.694s] -- Symlinking: /home/andrea/tesi/ros2_mapf_cbs/cbs_ros2_project/install/cbs_bringup/share/cbs_bringup/launch/experiment2.launch.py
[0.702s] -- Symlinking: /home/andrea/tesi/ros2_mapf_cbs/cbs_ros2_project/install/cbs_bringup/share/cbs_bringup/launch/experiment3.launch.py
[0.708s] -- Symlinking: /home/andrea/tesi/ros2_mapf_cbs/cbs_ros2_project/install/cbs_bringup/share/cbs_bringup/launch/experiment4.launch.py
[0.715s] -- Symlinking: /home/andrea/tesi/ros2_mapf_cbs/cbs_ros2_project/install/cbs_bringup/share/cbs_bringup/launch/experiment5.launch.py
[0.722s] -- Symlinking: /home/andrea/tesi/ros2_mapf_cbs/cbs_ros2_project/install/cbs_bringup/share/ament_index/resource_index/package_run_dependencies/cbs_bringup
[0.728s] -- Symlinking: /home/andrea/tesi/ros2_mapf_cbs/cbs_ros2_project/install/cbs_bringup/share/ament_index/resource_index/parent_prefix_path/cbs_bringup
[0.735s] -- Symlinking: /home/andrea/tesi/ros2_mapf_cbs/cbs_ros2_project/install/cbs_bringup/share/cbs_bringup/environment/ament_prefix_path.sh
[0.742s] -- Symlinking: /home/andrea/tesi/ros2_mapf_cbs/cbs_ros2_project/install/cbs_bringup/share/cbs_bringup/environment/ament_prefix_path.dsv
[0.748s] -- Symlinking: /home/andrea/tesi/ros2_mapf_cbs/cbs_ros2_project/install/cbs_bringup/share/cbs_bringup/environment/path.sh
[0.755s] -- Symlinking: /home/andrea/tesi/ros2_mapf_cbs/cbs_ros2_project/install/cbs_bringup/share/cbs_bringup/environment/path.dsv
[0.762s] -- Symlinking: /home/andrea/tesi/ros2_mapf_cbs/cbs_ros2_project/install/cbs_bringup/share/cbs_bringup/local_setup.bash
[0.769s] -- Symlinking: /home/andrea/tesi/ros2_mapf_cbs/cbs_ros2_project/install/cbs_bringup/share/cbs_bringup/local_setup.sh
[0.776s] -- Symlinking: /home/andrea/tesi/ros2_mapf_cbs/cbs_ros2_project/install/cbs_bringup/share/cbs_bringup/local_setup.zsh
[0.782s] -- Symlinking: /home/andrea/tesi/ros2_mapf_cbs/cbs_ros2_project/install/cbs_bringup/share/cbs_bringup/local_setup.dsv
[0.792s] -- Symlinking: /home/andrea/tesi/ros2_mapf_cbs/cbs_ros2_project/install/cbs_bringup/share/cbs_bringup/package.dsv
[0.799s] -- Symlinking: /home/andrea/tesi/ros2_mapf_cbs/cbs_ros2_project/install/cbs_bringup/share/ament_index/resource_index/packages/cbs_bringup
[0.806s] -- Symlinking: /home/andrea/tesi/ros2_mapf_cbs/cbs_ros2_project/install/cbs_bringup/share/cbs_bringup/cmake/cbs_bringupConfig.cmake
[0.813s] -- Symlinking: /home/andrea/tesi/ros2_mapf_cbs/cbs_ros2_project/install/cbs_bringup/share/cbs_bringup/cmake/cbs_bringupConfig-version.cmake
[0.819s] -- Symlinking: /home/andrea/tesi/ros2_mapf_cbs/cbs_ros2_project/install/cbs_bringup/share/cbs_bringup/package.xml
[0.828s] Invoked command in '/home/andrea/tesi/ros2_mapf_cbs/cbs_ros2_project/build/cbs_bringup' returned '0': CMAKE_PREFIX_PATH=${CMAKE_PREFIX_PATH}:/home/andrea/tesi/ros2_mapf_cbs/cbs_ros2_project/install/cbs_nodes:/opt/ros/humble /usr/bin/cmake --install /home/andrea/tesi/ros2_mapf_cbs/cbs_ros2_project/build/cbs_bringup
